2025-01-17 22:40:51,916 - INFO - Starting fresh data migration
2025-01-17 22:40:51,917 - INFO - Attempting database connection...
2025-01-17 22:40:51,918 - INFO - Database configuration:
2025-01-17 22:40:51,918 - INFO -   Database Name: fil_dict_db
2025-01-17 22:40:51,919 - INFO -   User: postgres
2025-01-17 22:40:51,919 - INFO -   Host: localhost
2025-01-17 22:40:51,919 - INFO -   Password: ********
2025-01-17 22:40:52,023 - INFO - Successfully established database connection
2025-01-17 22:40:52,029 - INFO - Starting table creation/update process.
2025-01-17 22:40:52,190 - INFO - Tables created or updated successfully.
2025-01-17 22:40:52,190 - INFO - Processing Tagalog words
2025-01-17 22:40:52,191 - INFO - Starting to process Tagalog words file: data/tagalog-words.json
2025-01-17 22:40:52,191 - INFO - Using source identifier: tagalog-words.json
2025-01-17 22:40:52,514 - INFO - Successfully loaded JSON data with 65328 entries
2025-01-17 22:46:05,739 - INFO - Completed processing Tagalog words file: data/tagalog-words.json
2025-01-17 22:46:06,011 - INFO - Processing Root words
2025-01-17 22:46:06,013 - INFO - Starting to process Root Words file: data/root_words_with_associated_words_cleaned.json
2025-01-17 22:46:06,015 - INFO - Using source identifier: root_words_with_associated_words_cleaned.json
2025-01-17 22:46:06,085 - INFO - Successfully loaded JSON data with 2238 entries
2025-01-17 22:47:17,183 - INFO - Completed processing Root Words file: data/root_words_with_associated_words_cleaned.json
2025-01-17 22:47:17,193 - INFO - Processing KWF Dictionary
2025-01-17 22:47:17,194 - INFO - Starting to process KWF Dictionary: data/kwf_dictionary.json
2025-01-17 22:47:17,196 - INFO - Using source identifier: kwf_dictionary.json
2025-01-17 22:47:17,895 - INFO - Successfully loaded KWF data with 30734 entries
2025-01-17 22:49:56,414 - INFO - Completed processing KWF Dictionary
2025-01-17 22:49:56,466 - INFO - Processing Kaikki (Tagalog)
2025-01-17 22:49:56,467 - INFO - Starting to process Kaikki file: data/kaikki.jsonl
2025-01-17 22:53:14,513 - INFO - Processing Kaikki (Cebuano)
2025-01-17 22:53:14,515 - INFO - Starting to process Kaikki file: data/kaikki-ceb.jsonl
2025-01-17 22:54:42,890 - INFO - Migration completed successfully
