2025-04-04 12:56:03,456 - ERROR - Error generating overall statistics: column "part_of_speech" does not exist
LINE 1: SELECT COUNT(DISTINCT part_of_speech) FROM definitions WHERE...
                              ^

2025-04-04 12:56:03,462 - ERROR - Error generating definition statistics: current transaction is aborted, commands ignored until end of transaction block

2025-04-04 12:56:03,464 - ERROR - Error generating etymology statistics: current transaction is aborted, commands ignored until end of transaction block

2025-04-04 12:56:03,466 - ERROR - Error generating Baybayin statistics: current transaction is aborted, commands ignored until end of transaction block
Traceback (most recent call last):
  File "C:\fil-relex\backend\dictionary_manager.py", line 11004, in display_leaderboard
    cur.execute(
    ~~~~~~~~~~~^
        """
        ^^^
    ...<4 lines>...
    """
    ^^^
    )
    ^
psycopg2.errors.InFailedSqlTransaction: current transaction is aborted, commands ignored until end of transaction block

2025-04-04 12:56:03,471 - ERROR - Error generating relationship statistics: Transaction aborted in previous step. Cannot proceed.
Traceback (most recent call last):
  File "C:\fil-relex\backend\dictionary_manager.py", line 11193, in display_leaderboard
    raise Exception("Transaction aborted in previous step. Cannot proceed.")
Exception: Transaction aborted in previous step. Cannot proceed.
