2025-04-05 11:03:02,963 - INFO - Starting lookup for word: 'harot'
2025-04-05 11:03:03,050 - INFO - pg_trgm extension installed: True
2025-04-05 11:03:03,050 - INFO - Executing exact match query for 'harot'
2025-04-05 11:03:03,547 - INFO - Found 1 exact matches
2025-04-05 11:03:03,547 - INFO - Processing result 1/1
2025-04-05 11:03:03,548 - INFO - Word ID: 38587
2025-04-05 11:03:03,548 - INFO - Lemma: harot
2025-04-05 11:03:03,549 - INFO - Language code: tl
2025-04-05 11:03:03,557 - INFO - Querying pronunciations for word_id 38587
2025-04-05 11:03:03,559 - INFO - Found 4 pronunciations
2025-04-05 11:03:03,562 - WARNING - Error parsing pronunciation sources: Expecting value: line 1 column 1 (char 0)
2025-04-05 11:03:03,563 - WARNING - Error parsing pronunciation sources: Expecting value: line 1 column 1 (char 0)
2025-04-05 11:03:03,565 - WARNING - Error parsing pronunciation sources: Expecting value: line 1 column 1 (char 0)
2025-04-05 11:03:03,566 - WARNING - Error parsing pronunciation sources: Expecting value: line 1 column 1 (char 0)
2025-04-05 11:03:03,567 - INFO - Querying etymologies for word_id 38587
2025-04-05 11:03:03,572 - INFO - Found 0 etymologies
2025-04-05 11:03:03,572 - INFO - Querying definitions for word_id 38587
2025-04-05 11:03:03,580 - INFO - Found 10 definitions
2025-04-05 11:03:03,581 - INFO - Processing definition 1/10
2025-04-05 11:03:03,583 - INFO - Processing definition 2/10
2025-04-05 11:03:03,584 - INFO - Processing definition 3/10
2025-04-05 11:03:03,585 - INFO - Processing definition 4/10
2025-04-05 11:03:03,588 - INFO - Processing definition 5/10
2025-04-05 11:03:03,590 - INFO - Processing definition 6/10
2025-04-05 11:03:03,591 - INFO - Processing definition 7/10
2025-04-05 11:03:03,592 - INFO - Processing definition 8/10
2025-04-05 11:03:03,593 - INFO - Processing definition 9/10
2025-04-05 11:03:03,594 - INFO - Processing definition 10/10
2025-04-05 11:03:03,594 - INFO - Querying relations for word_id 38587
2025-04-05 11:03:03,602 - INFO - Found 27 relations
2025-04-05 11:03:03,640 - INFO - Database connection closed
