2025-01-16 19:26:36,338 - WARNING - Starting database purge process
2025-01-16 19:26:38,324 - INFO - Attempting database connection...
2025-01-16 19:26:38,324 - INFO - Database configuration:
2025-01-16 19:26:38,324 - INFO -   Database Name: fil_dict_db
2025-01-16 19:26:38,325 - INFO -   User: postgres
2025-01-16 19:26:38,325 - INFO -   Host: localhost
2025-01-16 19:26:38,325 - INFO -   Password: ********
2025-01-16 19:26:38,388 - INFO - Successfully established database connection
2025-01-16 19:26:38,388 - INFO - Disabling triggers...
2025-01-16 19:26:38,408 - INFO - Deleting data from all tables...
2025-01-16 19:26:38,409 - INFO - Purging table: etymologies
2025-01-16 19:26:38,438 - INFO - Purging table: relations
2025-01-16 19:26:38,459 - INFO - Purging table: definitions
2025-01-16 19:26:38,474 - INFO - Purging table: words
2025-01-16 19:26:38,547 - INFO - Resetting sequences...
2025-01-16 19:26:38,589 - INFO - Resetting Baybayin-related columns...
2025-01-16 19:26:38,596 - INFO - Updating language codes documentation...
2025-01-16 19:26:38,599 - INFO - Re-enabling triggers...
2025-01-16 19:26:38,616 - INFO - Database purge completed successfully
2025-01-16 19:26:38,616 - INFO - Database connection closed
