2025-04-14 18:53:05,017 - INFO - Starting table creation/update process.
2025-04-14 18:53:05,376 - INFO - Tables created or updated successfully.
2025-04-14 18:53:05,380 - INFO - Starting processing for Tagalog Words from ..\data\tagalog-words.json
2025-04-14 18:53:05,380 - INFO - Processing Tagalog words file: ..\data\tagalog-words.json with entry-level transactions.
2025-04-14 18:53:05,380 - INFO - Using standardized source identifier: 'diksiyonaryo.ph'
2025-04-14 18:53:05,443 - ERROR - Error returning connection to pool: trying to put unkeyed connection
2025-04-14 18:53:05,614 - INFO - Loading ..\data\tagalog-words.json using iterative parser ijson...
2025-04-14 18:53:05,614 - INFO - Iterating through entries in ..\data\tagalog-words.json...
2025-04-14 18:53:07,148 - INFO - Processed ~1000 entries...
2025-04-14 18:53:08,301 - INFO - Processed ~2000 entries...
2025-04-14 18:53:09,666 - INFO - Processed ~3000 entries...
2025-04-14 18:53:10,935 - INFO - Processed ~4000 entries...
2025-04-14 18:53:12,190 - INFO - Processed ~5000 entries...
2025-04-14 18:53:13,996 - INFO - Processed ~6000 entries...
2025-04-14 18:53:16,661 - INFO - Processed ~7000 entries...
2025-04-14 18:53:18,549 - INFO - Processed ~8000 entries...
2025-04-14 18:53:21,020 - INFO - Removed trailing number(s) from lemma: 'bitamína A2' → 'bitamína A'
2025-04-14 18:53:21,023 - INFO - Removed trailing number(s) from lemma: 'bitamína B1' → 'bitamína B'
2025-04-14 18:53:21,025 - INFO - Removed trailing number(s) from lemma: 'bitamína B12' → 'bitamína B'
2025-04-14 18:53:21,027 - INFO - Removed trailing number(s) from lemma: 'bitamína B129' → 'bitamína B'
2025-04-14 18:53:21,030 - INFO - Removed trailing number(s) from lemma: 'bitamína B2' → 'bitamína B'
2025-04-14 18:53:21,033 - INFO - Removed trailing number(s) from lemma: 'bitamína B6' → 'bitamína B'
2025-04-14 18:53:21,035 - INFO - Removed trailing number(s) from lemma: 'bitamína B9' → 'bitamína B'
2025-04-14 18:53:21,042 - INFO - Removed trailing number(s) from lemma: 'bitamína D1' → 'bitamína D'
2025-04-14 18:53:21,044 - INFO - Removed trailing number(s) from lemma: 'bitamína D3' → 'bitamína D'
2025-04-14 18:53:21,051 - INFO - Removed trailing number(s) from lemma: 'bitamína K1' → 'bitamína K'
2025-04-14 18:53:22,061 - INFO - Processed ~9000 entries...
2025-04-14 18:53:25,216 - INFO - Processed ~10000 entries...
2025-04-14 18:53:26,866 - INFO - Processed ~11000 entries...
2025-04-14 18:53:28,617 - INFO - Processed ~12000 entries...
2025-04-14 18:53:30,228 - INFO - Processed ~13000 entries...
2025-04-14 18:53:32,076 - INFO - Processed ~14000 entries...
2025-04-14 18:53:33,748 - INFO - Processed ~15000 entries...
2025-04-14 18:53:35,432 - INFO - Processed ~16000 entries...
2025-04-14 18:53:38,659 - INFO - Processed ~17000 entries...
2025-04-14 18:53:40,906 - INFO - Processed ~18000 entries...
2025-04-14 18:53:42,996 - INFO - Processed ~19000 entries...
2025-04-14 18:53:45,989 - INFO - Processed ~20000 entries...
2025-04-14 18:53:51,233 - INFO - Processed ~21000 entries...
2025-04-14 18:53:53,039 - INFO - Processed ~22000 entries...
2025-04-14 18:53:55,125 - INFO - Processed ~23000 entries...
2025-04-14 18:53:57,377 - INFO - Processed ~24000 entries...
2025-04-14 18:53:59,519 - INFO - Processed ~25000 entries...
2025-04-14 18:54:01,810 - INFO - Processed ~26000 entries...
2025-04-14 18:54:04,154 - INFO - Processed ~27000 entries...
2025-04-14 18:54:06,329 - INFO - Processed ~28000 entries...
2025-04-14 18:54:08,651 - INFO - Processed ~29000 entries...
2025-04-14 18:54:11,067 - INFO - Processed ~30000 entries...
2025-04-14 18:54:13,381 - INFO - Processed ~31000 entries...
2025-04-14 18:54:15,593 - INFO - Processed ~32000 entries...
2025-04-14 18:54:17,670 - INFO - Processed ~33000 entries...
2025-04-14 18:54:19,272 - INFO - Processed ~34000 entries...
2025-04-14 18:54:21,108 - INFO - Processed ~35000 entries...
2025-04-14 18:54:22,669 - INFO - Processed ~36000 entries...
2025-04-14 18:54:24,421 - INFO - Processed ~37000 entries...
2025-04-14 18:54:26,032 - INFO - Processed ~38000 entries...
2025-04-14 18:54:27,585 - INFO - Processed ~39000 entries...
2025-04-14 18:54:29,452 - INFO - Processed ~40000 entries...
2025-04-14 18:54:30,976 - INFO - Processed ~41000 entries...
2025-04-14 18:54:32,655 - INFO - Processed ~42000 entries...
2025-04-14 18:54:34,385 - INFO - Processed ~43000 entries...
2025-04-14 18:54:36,120 - INFO - Processed ~44000 entries...
2025-04-14 18:54:37,976 - INFO - Processed ~45000 entries...
2025-04-14 18:54:39,611 - INFO - Processed ~46000 entries...
2025-04-14 18:54:41,725 - INFO - Processed ~47000 entries...
2025-04-14 18:54:43,663 - INFO - Processed ~48000 entries...
2025-04-14 18:54:45,804 - INFO - Processed ~49000 entries...
2025-04-14 18:54:47,774 - INFO - Processed ~50000 entries...
2025-04-14 18:54:49,767 - INFO - Processed ~51000 entries...
2025-04-14 18:54:51,949 - INFO - Processed ~52000 entries...
2025-04-14 18:54:53,884 - INFO - Processed ~53000 entries...
2025-04-14 18:54:55,825 - INFO - Processed ~54000 entries...
2025-04-14 18:54:59,000 - INFO - Processed ~55000 entries...
2025-04-14 18:55:00,793 - INFO - Processed ~56000 entries...
2025-04-14 18:55:02,832 - INFO - Processed ~57000 entries...
2025-04-14 18:55:04,843 - INFO - Processed ~58000 entries...
2025-04-14 18:55:06,645 - INFO - Processed ~59000 entries...
2025-04-14 18:55:08,737 - INFO - Processed ~60000 entries...
2025-04-14 18:55:10,724 - INFO - Processed ~61000 entries...
2025-04-14 18:55:12,574 - INFO - Processed ~62000 entries...
2025-04-14 18:55:14,667 - INFO - Processed ~63000 entries...
2025-04-14 18:55:16,621 - INFO - Processed ~64000 entries...
2025-04-14 18:55:18,534 - INFO - Processed ~65000 entries...
2025-04-14 18:55:19,154 - INFO - Finished iterating entries. Processing 62219 collected relations...
2025-04-14 18:55:19,430 - INFO - Processed 0 relations in batch. 0 failures/skips.
2025-04-14 18:55:19,430 - INFO - Finished processing ..\data\tagalog-words.json
2025-04-14 18:55:19,430 - INFO -   Entries processed successfully: 65336
2025-04-14 18:55:19,431 - INFO -   Entries skipped: 0
2025-04-14 18:55:19,431 - INFO -   Entries failed (critical errors): 0
2025-04-14 18:55:19,431 - INFO -   Definitions added: 0
2025-04-14 18:55:19,431 - INFO -   Pronunciations added: 65336
2025-04-14 18:55:19,432 - INFO -   Etymologies added: 0
2025-04-14 18:55:19,432 - INFO -   Relations added: 0
2025-04-14 18:55:19,452 - INFO - Successfully processed source: Tagalog Words
2025-04-14 18:55:19,454 - INFO - All sources processed successfully. Committing transaction...
2025-04-14 18:55:19,455 - INFO - Database connection closed.
