2025-04-05 11:13:55,767 - INFO - Starting lookup for word: 'harot'
2025-04-05 11:13:55,852 - INFO - pg_trgm extension installed: True
2025-04-05 11:13:55,852 - INFO - Executing exact match query for 'harot'
2025-04-05 11:13:56,373 - INFO - Found 1 exact matches
2025-04-05 11:13:56,374 - INFO - Processing result 1/1
2025-04-05 11:13:56,374 - INFO - Word ID: 38587
2025-04-05 11:13:56,374 - INFO - Lemma: harot
2025-04-05 11:13:56,375 - INFO - Language code: tl
2025-04-05 11:13:56,383 - INFO - Querying pronunciations for word_id 38587
2025-04-05 11:13:56,384 - INFO - Found 4 pronunciations
2025-04-05 11:13:56,387 - WARNING - Error parsing pronunciation sources: Expecting value: line 1 column 1 (char 0)
2025-04-05 11:13:56,388 - WARNING - Error parsing pronunciation sources: Expecting value: line 1 column 1 (char 0)
2025-04-05 11:13:56,390 - WARNING - Error parsing pronunciation sources: Expecting value: line 1 column 1 (char 0)
2025-04-05 11:13:56,391 - WARNING - Error parsing pronunciation sources: Expecting value: line 1 column 1 (char 0)
2025-04-05 11:13:56,391 - INFO - Querying etymologies for word_id 38587
2025-04-05 11:13:56,395 - INFO - Found 0 etymologies
2025-04-05 11:13:56,396 - INFO - Querying definitions for word_id 38587
2025-04-05 11:13:56,402 - INFO - Found 10 definitions
2025-04-05 11:13:56,404 - INFO - Processing definition 1/10
2025-04-05 11:13:56,405 - INFO - Processing definition 2/10
2025-04-05 11:13:56,406 - INFO - Processing definition 3/10
2025-04-05 11:13:56,407 - INFO - Processing definition 4/10
2025-04-05 11:13:56,409 - INFO - Processing definition 5/10
2025-04-05 11:13:56,411 - INFO - Processing definition 6/10
2025-04-05 11:13:56,411 - INFO - Processing definition 7/10
2025-04-05 11:13:56,412 - INFO - Processing definition 8/10
2025-04-05 11:13:56,413 - INFO - Processing definition 9/10
2025-04-05 11:13:56,414 - INFO - Processing definition 10/10
2025-04-05 11:13:56,415 - INFO - Querying relations for word_id 38587
2025-04-05 11:13:56,421 - INFO - Found 27 relations
2025-04-05 11:13:56,438 - INFO - Database connection closed
