2025-04-06 13:34:54,175 - INFO - Starting lookup for word: 'baby'
2025-04-06 13:34:54,221 - INFO - pg_trgm extension installed: True
2025-04-06 13:34:54,221 - INFO - Executing exact match query for 'baby'
2025-04-06 13:34:54,488 - INFO - Found 2 exact matches
2025-04-06 13:34:54,489 - INFO - Processing result 1/2
2025-04-06 13:34:54,490 - INFO - Word ID: 9120
2025-04-06 13:34:54,490 - INFO - Lemma: baby
2025-04-06 13:34:54,491 - INFO - Language code: tl
2025-04-06 13:34:54,499 - INFO - Querying pronunciations for word_id 9120
2025-04-06 13:34:54,502 - INFO - Found 3 pronunciations
2025-04-06 13:34:54,504 - WARNING - Error parsing pronunciation sources: Expecting value: line 1 column 1 (char 0)
2025-04-06 13:34:54,506 - WARNING - Error parsing pronunciation sources: Expecting value: line 1 column 1 (char 0)
2025-04-06 13:34:54,507 - WARNING - Error parsing pronunciation sources: Expecting value: line 1 column 1 (char 0)
2025-04-06 13:34:54,507 - INFO - Querying etymologies for word_id 9120
2025-04-06 13:34:54,513 - INFO - Found 1 etymologies
2025-04-06 13:34:54,516 - INFO - Querying definitions for word_id 9120
2025-04-06 13:34:54,525 - INFO - Found 11 definitions
2025-04-06 13:34:54,527 - INFO - Processing definition 1/11
2025-04-06 13:34:54,529 - INFO - Processing definition 2/11
2025-04-06 13:34:54,530 - INFO - Processing definition 3/11
2025-04-06 13:34:54,532 - INFO - Processing definition 4/11
2025-04-06 13:34:54,533 - INFO - Processing definition 5/11
2025-04-06 13:34:54,535 - INFO - Processing definition 6/11
2025-04-06 13:34:54,537 - INFO - Processing definition 7/11
2025-04-06 13:34:54,538 - INFO - Processing definition 8/11
2025-04-06 13:34:54,539 - INFO - Processing definition 9/11
2025-04-06 13:34:54,540 - INFO - Processing definition 10/11
2025-04-06 13:34:54,540 - INFO - Processing definition 11/11
2025-04-06 13:34:54,541 - INFO - Querying relations for word_id 9120
2025-04-06 13:34:54,553 - INFO - Found 1 relations
2025-04-06 13:34:54,557 - INFO - Processing result 2/2
2025-04-06 13:34:54,557 - INFO - Word ID: 369327
2025-04-06 13:34:54,557 - INFO - Lemma: Baby
2025-04-06 13:34:54,558 - INFO - Language code: ceb
2025-04-06 13:34:54,563 - INFO - Querying pronunciations for word_id 369327
2025-04-06 13:34:54,564 - INFO - Found 0 pronunciations
2025-04-06 13:34:54,564 - INFO - Querying etymologies for word_id 369327
2025-04-06 13:34:54,566 - INFO - Found 1 etymologies
2025-04-06 13:34:54,569 - INFO - Querying definitions for word_id 369327
2025-04-06 13:34:54,570 - INFO - Found 2 definitions
2025-04-06 13:34:54,571 - INFO - Processing definition 1/2
2025-04-06 13:34:54,573 - INFO - Processing definition 2/2
2025-04-06 13:34:54,574 - INFO - Querying relations for word_id 369327
2025-04-06 13:34:54,575 - INFO - Found 0 relations
2025-04-06 13:34:54,575 - INFO - No relations found for word ID 369327
2025-04-06 13:34:54,577 - INFO - Database connection closed
