2025-04-06 10:41:58,560 - INFO - Starting lookup for word: 'kasal'
2025-04-06 10:41:58,597 - INFO - pg_trgm extension installed: True
2025-04-06 10:41:58,597 - INFO - Executing exact match query for 'kasal'
2025-04-06 10:41:58,799 - INFO - Found 3 exact matches
2025-04-06 10:41:58,800 - INFO - Processing result 1/3
2025-04-06 10:41:58,800 - INFO - Word ID: 52682
2025-04-06 10:41:58,800 - INFO - Lemma: kasal
2025-04-06 10:41:58,800 - INFO - Language code: tl
2025-04-06 10:41:58,806 - INFO - Querying pronunciations for word_id 52682
2025-04-06 10:41:58,807 - INFO - Found 4 pronunciations
2025-04-06 10:41:58,808 - WARNING - Error parsing pronunciation sources: Expecting value: line 1 column 1 (char 0)
2025-04-06 10:41:58,809 - WARNING - Error parsing pronunciation sources: Expecting value: line 1 column 1 (char 0)
2025-04-06 10:41:58,811 - WARNING - Error parsing pronunciation sources: Expecting value: line 1 column 1 (char 0)
2025-04-06 10:41:58,811 - WARNING - Error parsing pronunciation sources: Expecting value: line 1 column 1 (char 0)
2025-04-06 10:41:58,811 - INFO - Querying etymologies for word_id 52682
2025-04-06 10:41:58,814 - INFO - Found 3 etymologies
2025-04-06 10:41:58,816 - INFO - Querying definitions for word_id 52682
2025-04-06 10:41:58,823 - INFO - Found 9 definitions
2025-04-06 10:41:58,824 - INFO - Processing definition 1/9
2025-04-06 10:41:58,825 - INFO - Processing definition 2/9
2025-04-06 10:41:58,825 - INFO - Processing definition 3/9
2025-04-06 10:41:58,826 - INFO - Processing definition 4/9
2025-04-06 10:41:58,827 - INFO - Processing definition 5/9
2025-04-06 10:41:58,827 - INFO - Processing definition 6/9
2025-04-06 10:41:58,829 - INFO - Processing definition 7/9
2025-04-06 10:41:58,829 - INFO - Processing definition 8/9
2025-04-06 10:41:58,830 - INFO - Processing definition 9/9
2025-04-06 10:41:58,830 - INFO - Querying relations for word_id 52682
2025-04-06 10:41:58,838 - INFO - Found 52 relations
2025-04-06 10:41:58,854 - INFO - Processing result 2/3
2025-04-06 10:41:58,854 - INFO - Word ID: 290756
2025-04-06 10:41:58,854 - INFO - Lemma: Casal
2025-04-06 10:41:58,854 - INFO - Language code: tl
2025-04-06 10:41:58,856 - INFO - Querying pronunciations for word_id 290756
2025-04-06 10:41:58,857 - INFO - Found 3 pronunciations
2025-04-06 10:41:58,858 - WARNING - Error parsing pronunciation sources: Expecting value: line 1 column 1 (char 0)
2025-04-06 10:41:58,859 - WARNING - Error parsing pronunciation sources: Expecting value: line 1 column 1 (char 0)
2025-04-06 10:41:58,860 - WARNING - Error parsing pronunciation sources: Expecting value: line 1 column 1 (char 0)
2025-04-06 10:41:58,860 - INFO - Querying etymologies for word_id 290756
2025-04-06 10:41:58,861 - INFO - Found 1 etymologies
2025-04-06 10:41:58,862 - INFO - Querying definitions for word_id 290756
2025-04-06 10:41:58,863 - INFO - Found 1 definitions
2025-04-06 10:41:58,863 - INFO - Processing definition 1/1
2025-04-06 10:41:58,864 - INFO - Querying relations for word_id 290756
2025-04-06 10:41:58,866 - INFO - Found 2 relations
2025-04-06 10:41:58,868 - INFO - Processing result 3/3
2025-04-06 10:41:58,868 - INFO - Word ID: 372018
2025-04-06 10:41:58,868 - INFO - Lemma: kasal
2025-04-06 10:41:58,869 - INFO - Language code: ceb
2025-04-06 10:41:58,870 - INFO - Querying pronunciations for word_id 372018
2025-04-06 10:41:58,871 - INFO - Found 0 pronunciations
2025-04-06 10:41:58,871 - INFO - Querying etymologies for word_id 372018
2025-04-06 10:41:58,872 - INFO - Found 1 etymologies
2025-04-06 10:41:58,873 - INFO - Querying definitions for word_id 372018
2025-04-06 10:41:58,874 - INFO - Found 5 definitions
2025-04-06 10:41:58,875 - INFO - Processing definition 1/5
2025-04-06 10:41:58,876 - INFO - Processing definition 2/5
2025-04-06 10:41:58,877 - INFO - Processing definition 3/5
2025-04-06 10:41:58,877 - INFO - Processing definition 4/5
2025-04-06 10:41:58,878 - INFO - Processing definition 5/5
2025-04-06 10:41:58,878 - INFO - Querying relations for word_id 372018
2025-04-06 10:41:58,880 - INFO - Found 4 relations
2025-04-06 10:41:58,883 - INFO - Database connection closed
