2025-02-09 16:28:01,717 - INFO - Attempting database connection...
2025-02-09 16:28:01,717 - INFO - Database configuration:
2025-02-09 16:28:01,718 - INFO -   Database Name: fil_dict_db
2025-02-09 16:28:01,718 - INFO -   User: postgres
2025-02-09 16:28:01,718 - INFO -   Host: localhost
2025-02-09 16:28:01,718 - INFO -   Password: ********
2025-02-09 16:28:01,753 - INFO - Successfully established database connection
2025-02-09 16:28:01,753 - INFO - Setting up PostgreSQL extensions...
2025-02-09 16:28:01,753 - INFO - Checking extension: pg_trgm
2025-02-09 16:28:01,761 - INFO - Extension already installed: pg_trgm
2025-02-09 16:28:01,762 - INFO - Checking extension: unaccent
2025-02-09 16:28:01,762 - INFO - Extension already installed: unaccent
2025-02-09 16:28:01,762 - INFO - Checking extension: fuzzystrmatch
2025-02-09 16:28:01,762 - INFO - Extension already installed: fuzzystrmatch
2025-02-09 16:28:01,763 - INFO - Extensions setup completed
2025-02-09 16:28:01,763 - INFO - Starting table creation/update process.
2025-02-09 16:28:01,801 - INFO - Standardizing source names...
2025-02-09 16:28:28,864 - INFO - Source names standardization completed
2025-02-09 16:28:28,886 - INFO - Tables created or updated successfully.
2025-02-09 16:28:28,889 - INFO - Processing Tagalog words from: data/tagalog-words.json
2025-02-09 16:29:36,178 - INFO - Processing root words from: data/root_words_with_associated_words_cleaned.json
2025-02-09 16:30:02,349 - INFO - Processing KWF dictionary from: data/kwf_dictionary.json
2025-02-09 16:31:33,698 - INFO - Starting to process Kaikki file: data/kaikki.jsonl
2025-02-09 16:31:33,720 - WARNING - Invalid Baybayin data for word 'lente', clearing baybayin fields.
2025-02-09 16:31:33,727 - WARNING - Invalid Baybayin data for word 'abnormal', clearing baybayin fields.
2025-02-09 16:31:33,728 - WARNING - Invalid Baybayin data for word 'abdominal', clearing baybayin fields.
2025-02-09 16:31:33,730 - WARNING - Invalid Baybayin data for word 'June', clearing baybayin fields.
2025-02-09 16:31:33,731 - WARNING - Invalid Baybayin data for word 'tago', clearing baybayin fields.
2025-02-09 16:31:33,743 - WARNING - Invalid Baybayin data for word 'tago', clearing baybayin fields.
2025-02-09 16:31:33,745 - WARNING - Invalid Baybayin data for word 'abdomen', clearing baybayin fields.
2025-02-09 16:31:33,747 - WARNING - Invalid Baybayin data for word 'absent', clearing baybayin fields.
2025-02-09 16:31:33,749 - WARNING - Invalid Baybayin data for word 'Esperanto', clearing baybayin fields.
2025-02-09 16:31:33,752 - WARNING - Invalid Baybayin data for word 'April', clearing baybayin fields.
2025-02-09 16:31:33,754 - WARNING - Invalid Baybayin data for word 'libre', clearing baybayin fields.
2025-02-09 16:31:33,769 - WARNING - Invalid Baybayin data for word 'libre', clearing baybayin fields.
2025-02-09 16:31:33,772 - ERROR - Error processing entry 'may': list index out of range
2025-02-09 16:31:33,775 - ERROR - Error processing entry 'may': list index out of range
2025-02-09 16:31:33,775 - WARNING - Invalid Baybayin data for word 'menos', clearing baybayin fields.
2025-02-09 16:31:33,777 - WARNING - Invalid Baybayin data for word 'January', clearing baybayin fields.
2025-02-09 16:31:33,779 - WARNING - Invalid Baybayin data for word 'abate', clearing baybayin fields.
2025-02-09 16:31:33,781 - WARNING - Invalid Baybayin data for word 'peso', clearing baybayin fields.
2025-02-09 16:31:33,782 - WARNING - Invalid Baybayin data for word 'tao', clearing baybayin fields.
2025-02-09 16:31:33,863 - WARNING - Invalid Baybayin data for word 'tao', clearing baybayin fields.
2025-02-09 16:31:33,869 - WARNING - Invalid Baybayin data for word 'are', clearing baybayin fields.
2025-02-09 16:31:33,871 - WARNING - Invalid Baybayin data for word 'robot', clearing baybayin fields.
2025-02-09 16:31:33,875 - WARNING - Invalid Baybayin data for word 'Burundi', clearing baybayin fields.
2025-02-09 16:31:33,879 - WARNING - Invalid Baybayin data for word 'Gabon', clearing baybayin fields.
2025-02-09 16:31:33,881 - WARNING - Invalid Baybayin data for word 'Kenya', clearing baybayin fields.
2025-02-09 16:31:33,883 - WARNING - Invalid Baybayin data for word 'f', clearing baybayin fields.
2025-02-09 16:31:33,884 - WARNING - Invalid Baybayin data for word 'f', clearing baybayin fields.
2025-02-09 16:31:33,886 - WARNING - Invalid Baybayin data for word 'a-', clearing baybayin fields.
2025-02-09 16:31:33,887 - WARNING - Invalid Baybayin data for word 'Brasil', clearing baybayin fields.
2025-02-09 16:31:33,888 - WARNING - Invalid Baybayin data for word 'Botswana', clearing baybayin fields.
2025-02-09 16:31:33,893 - WARNING - Invalid Baybayin data for word 'also', clearing baybayin fields.
2025-02-09 16:31:33,894 - WARNING - Invalid Baybayin data for word 'van', clearing baybayin fields.
2025-02-09 16:31:33,895 - WARNING - Invalid Baybayin data for word 'mars', clearing baybayin fields.
2025-02-09 16:31:33,898 - WARNING - Invalid Baybayin data for word 'Oman', clearing baybayin fields.
2025-02-09 16:31:33,899 - WARNING - Invalid Baybayin data for word 'Lebanon', clearing baybayin fields.
2025-02-09 16:31:33,901 - WARNING - Invalid Baybayin data for word 'y', clearing baybayin fields.
2025-02-09 16:31:33,902 - WARNING - Invalid Baybayin data for word 'y', clearing baybayin fields.
2025-02-09 16:31:33,905 - WARNING - Invalid Baybayin data for word 'y', clearing baybayin fields.
2025-02-09 16:31:33,907 - WARNING - Invalid Baybayin data for word 'y', clearing baybayin fields.
2025-02-09 16:31:33,912 - WARNING - Invalid Baybayin data for word 'Israel', clearing baybayin fields.
2025-02-09 16:31:33,916 - WARNING - Invalid Baybayin data for word 'Nepal', clearing baybayin fields.
2025-02-09 16:31:33,917 - WARNING - Invalid Baybayin data for word 'Laos', clearing baybayin fields.
2025-02-09 16:31:33,919 - WARNING - Invalid Baybayin data for word 'Yemen', clearing baybayin fields.
2025-02-09 16:31:33,922 - WARNING - Invalid Baybayin data for word 'Togo', clearing baybayin fields.
2025-02-09 16:31:33,929 - WARNING - Invalid Baybayin data for word 'Senegal', clearing baybayin fields.
2025-02-09 16:31:33,931 - WARNING - Invalid Baybayin data for word 'Peru', clearing baybayin fields.
2025-02-09 16:31:33,933 - WARNING - Invalid Baybayin data for word 'Iran', clearing baybayin fields.
2025-02-09 16:31:33,935 - WARNING - Invalid Baybayin data for word 'Turkmenistan', clearing baybayin fields.
2025-02-09 16:31:33,937 - WARNING - Invalid Baybayin data for word 'Saudi Arabia', clearing baybayin fields.
2025-02-09 16:31:33,938 - WARNING - Invalid Baybayin data for word 'te', clearing baybayin fields.
2025-02-09 16:31:33,939 - WARNING - Invalid Baybayin data for word 'te', clearing baybayin fields.
2025-02-09 16:31:33,942 - WARNING - Invalid Baybayin data for word 'Burma', clearing baybayin fields.
2025-02-09 16:31:33,944 - WARNING - Invalid Baybayin data for word 'presidente', clearing baybayin fields.
2025-02-09 16:31:33,947 - WARNING - Invalid Baybayin data for word 'San Marino', clearing baybayin fields.
2025-02-09 16:31:33,949 - WARNING - Invalid Baybayin data for word 'A', clearing baybayin fields.
2025-02-09 16:31:34,008 - WARNING - Invalid Baybayin data for word 'Portugal', clearing baybayin fields.
2025-02-09 16:31:34,009 - WARNING - Invalid Baybayin data for word 'Portugal', clearing baybayin fields.
2025-02-09 16:31:34,010 - WARNING - Invalid Baybayin data for word 'vi', clearing baybayin fields.
2025-02-09 16:31:34,013 - WARNING - Invalid Baybayin data for word 'Benin', clearing baybayin fields.
2025-02-09 16:31:34,015 - WARNING - Invalid Baybayin data for word 'on', clearing baybayin fields.
2025-02-09 16:31:34,016 - WARNING - Invalid Baybayin data for word 'tigre', clearing baybayin fields.
2025-02-09 16:31:34,020 - WARNING - Invalid Baybayin data for word 'de', clearing baybayin fields.
2025-02-09 16:31:34,024 - WARNING - Invalid Baybayin data for word 'de', clearing baybayin fields.
2025-02-09 16:31:34,025 - WARNING - Invalid Baybayin data for word 'Belarus', clearing baybayin fields.
2025-02-09 16:31:34,043 - WARNING - Invalid Baybayin data for word 'radar', clearing baybayin fields.
2025-02-09 16:31:34,052 - WARNING - Invalid Baybayin data for word 'ao', clearing baybayin fields.
2025-02-09 16:31:34,053 - WARNING - Invalid Baybayin data for word 'mental', clearing baybayin fields.
2025-02-09 16:31:34,055 - WARNING - Invalid Baybayin data for word 'mental', clearing baybayin fields.
2025-02-09 16:31:34,057 - WARNING - Invalid Baybayin data for word 'be', clearing baybayin fields.
2025-02-09 16:31:34,058 - WARNING - Invalid Baybayin data for word 'noon', clearing baybayin fields.
2025-02-09 16:31:34,060 - WARNING - Invalid Baybayin data for word 'noon', clearing baybayin fields.
2025-02-09 16:31:34,061 - WARNING - Invalid Baybayin data for word 'abandono', clearing baybayin fields.
2025-02-09 16:31:34,063 - WARNING - Invalid Baybayin data for word 'en', clearing baybayin fields.
2025-02-09 16:31:34,065 - WARNING - Invalid Baybayin data for word 'ate', clearing baybayin fields.
2025-02-09 16:31:34,086 - WARNING - Invalid Baybayin data for word 'ate', clearing baybayin fields.
2025-02-09 16:31:34,090 - WARNING - Invalid Baybayin data for word 'o', clearing baybayin fields.
2025-02-09 16:31:34,144 - WARNING - Invalid Baybayin data for word 'o', clearing baybayin fields.
2025-02-09 16:31:34,184 - WARNING - Invalid Baybayin data for word 'o', clearing baybayin fields.
2025-02-09 16:31:34,187 - WARNING - Invalid Baybayin data for word 'o', clearing baybayin fields.
2025-02-09 16:31:34,189 - WARNING - Invalid Baybayin data for word 'o', clearing baybayin fields.
2025-02-09 16:31:34,194 - WARNING - Invalid Baybayin data for word 'i', clearing baybayin fields.
2025-02-09 16:31:34,251 - WARNING - Invalid Baybayin data for word 'X', clearing baybayin fields.
2025-02-09 16:31:34,253 - WARNING - Invalid Baybayin data for word 'X', clearing baybayin fields.
2025-02-09 16:31:34,256 - WARNING - Invalid Baybayin data for word 'xerox', clearing baybayin fields.
2025-02-09 16:31:34,270 - WARNING - Invalid Baybayin data for word 'mundo', clearing baybayin fields.
2025-02-09 16:31:34,277 - WARNING - Invalid Baybayin data for word 'mundo', clearing baybayin fields.
2025-02-09 16:31:34,287 - WARNING - Invalid Baybayin data for word 'el', clearing baybayin fields.
2025-02-09 16:31:34,288 - ERROR - Error processing entry 'el': list index out of range
2025-02-09 16:31:34,288 - WARNING - Invalid Baybayin data for word 'sombrero', clearing baybayin fields.
2025-02-09 16:31:34,290 - WARNING - Invalid Baybayin data for word 'bold', clearing baybayin fields.
2025-02-09 16:31:34,293 - WARNING - Invalid Baybayin data for word 'bold', clearing baybayin fields.
2025-02-09 16:31:34,295 - WARNING - Invalid Baybayin data for word 'Korea', clearing baybayin fields.
2025-02-09 16:31:34,304 - WARNING - Invalid Baybayin data for word 'regular', clearing baybayin fields.
2025-02-09 16:31:34,320 - WARNING - Invalid Baybayin data for word 'beso', clearing baybayin fields.
2025-02-09 16:31:34,322 - ERROR - Error processing entry 'balatik': list index out of range
2025-02-09 16:31:34,326 - WARNING - Invalid Baybayin data for word 'PI', clearing baybayin fields.
2025-02-09 16:31:34,327 - WARNING - Invalid Baybayin data for word 'balido', clearing baybayin fields.
2025-02-09 16:31:34,374 - WARNING - Invalid Baybayin data for word 'AP', clearing baybayin fields.
2025-02-09 16:31:34,375 - WARNING - Invalid Baybayin data for word 'grupo', clearing baybayin fields.
2025-02-09 16:31:34,386 - WARNING - Invalid Baybayin data for word 'OA', clearing baybayin fields.
2025-02-09 16:31:34,387 - WARNING - Invalid Baybayin data for word 'baon', clearing baybayin fields.
2025-02-09 16:31:34,390 - ERROR - Error processing entry 'baon': list index out of range
2025-02-09 16:31:34,390 - WARNING - Invalid Baybayin data for word 'baon', clearing baybayin fields.
2025-02-09 16:31:34,393 - WARNING - Invalid Baybayin data for word 'baon', clearing baybayin fields.
2025-02-09 16:31:34,404 - WARNING - Invalid Baybayin data for word 'alo', clearing baybayin fields.
2025-02-09 16:31:34,418 - WARNING - Invalid Baybayin data for word 'barato', clearing baybayin fields.
2025-02-09 16:31:34,420 - WARNING - Invalid Baybayin data for word 'CH', clearing baybayin fields.
2025-02-09 16:31:34,528 - WARNING - Invalid Baybayin data for word 'hamster', clearing baybayin fields.
2025-02-09 16:31:34,530 - WARNING - Invalid Baybayin data for word 'boss', clearing baybayin fields.
2025-02-09 16:31:34,531 - WARNING - Invalid Baybayin data for word 'salmon', clearing baybayin fields.
2025-02-09 16:31:34,533 - WARNING - Invalid Baybayin data for word 'granada', clearing baybayin fields.
2025-02-09 16:31:34,536 - WARNING - Invalid Baybayin data for word 'matadero', clearing baybayin fields.
2025-02-09 16:31:34,553 - WARNING - Invalid Baybayin data for word 'haj', clearing baybayin fields.
2025-02-09 16:31:34,556 - WARNING - Invalid Baybayin data for word 'pato', clearing baybayin fields.
2025-02-09 16:31:34,559 - WARNING - Invalid Baybayin data for word 'boy', clearing baybayin fields.
2025-02-09 16:31:34,568 - WARNING - Invalid Baybayin data for word 'matador', clearing baybayin fields.
2025-02-09 16:31:34,571 - ERROR - Error processing entry 'saya': list index out of range
2025-02-09 16:31:34,577 - WARNING - Invalid Baybayin data for word 'Salvador', clearing baybayin fields.
2025-02-09 16:31:34,580 - WARNING - Invalid Baybayin data for word 'Darwin', clearing baybayin fields.
2025-02-09 16:31:34,583 - ERROR - Error processing entry 'Sydney': list index out of range
2025-02-09 16:31:34,583 - WARNING - Invalid Baybayin data for word 'torta', clearing baybayin fields.
2025-02-09 16:31:34,598 - WARNING - Invalid Baybayin data for word 'Bombay', clearing baybayin fields.
2025-02-09 16:31:34,600 - WARNING - Invalid Baybayin data for word 'Bombay', clearing baybayin fields.
2025-02-09 16:31:34,603 - WARNING - Invalid Baybayin data for word 'Bombay', clearing baybayin fields.
2025-02-09 16:31:34,604 - WARNING - Invalid Baybayin data for word 'leche', clearing baybayin fields.
2025-02-09 16:31:34,605 - WARNING - Invalid Baybayin data for word 'leche', clearing baybayin fields.
2025-02-09 16:31:34,606 - WARNING - Invalid Baybayin data for word 'leche', clearing baybayin fields.
2025-02-09 16:31:34,607 - WARNING - Invalid Baybayin data for word 'Moslem', clearing baybayin fields.
2025-02-09 16:31:34,608 - WARNING - Invalid Baybayin data for word 'Moslem', clearing baybayin fields.
2025-02-09 16:31:34,655 - ERROR - Error processing entry 'kali': list index out of range
2025-02-09 16:31:34,657 - WARNING - Invalid Baybayin data for word 'ke', clearing baybayin fields.
2025-02-09 16:31:34,658 - WARNING - Invalid Baybayin data for word 'ke', clearing baybayin fields.
2025-02-09 16:31:34,664 - WARNING - Invalid Baybayin data for word 'Hong Kong', clearing baybayin fields.
2025-02-09 16:31:34,780 - WARNING - Invalid Baybayin data for word 'dodo', clearing baybayin fields.
2025-02-09 16:31:34,782 - WARNING - Invalid Baybayin data for word 'liberal', clearing baybayin fields.
2025-02-09 16:31:34,786 - ERROR - Error processing entry 'ba': list index out of range
2025-02-09 16:31:34,800 - WARNING - Invalid Baybayin data for word 'chat', clearing baybayin fields.
2025-02-09 16:31:34,900 - WARNING - Invalid Baybayin data for word 'he', clearing baybayin fields.
2025-02-09 16:31:34,901 - WARNING - Invalid Baybayin data for word 'he', clearing baybayin fields.
2025-02-09 16:31:34,903 - WARNING - Invalid Baybayin data for word 'lingo', clearing baybayin fields.
2025-02-09 16:31:34,906 - ERROR - Error processing entry 'suka': list index out of range
2025-02-09 16:31:34,920 - ERROR - Error processing entry 'pain': list index out of range
2025-02-09 16:31:34,921 - ERROR - Error processing entry 'pula': list index out of range
2025-02-09 16:31:34,923 - ERROR - Error processing entry 'pula': list index out of range
2025-02-09 16:31:34,925 - WARNING - Invalid Baybayin data for word 'Muslim', clearing baybayin fields.
2025-02-09 16:31:34,928 - WARNING - Invalid Baybayin data for word 'Muslim', clearing baybayin fields.
2025-02-09 16:31:34,931 - WARNING - Invalid Baybayin data for word 'among', clearing baybayin fields.
2025-02-09 16:31:34,932 - WARNING - Invalid Baybayin data for word 'look', clearing baybayin fields.
2025-02-09 16:31:34,933 - ERROR - Error processing entry 'look': list index out of range
2025-02-09 16:31:34,934 - WARNING - Invalid Baybayin data for word 'legal', clearing baybayin fields.
2025-02-09 16:31:34,935 - WARNING - Invalid Baybayin data for word 'ye', clearing baybayin fields.
2025-02-09 16:31:34,937 - WARNING - Invalid Baybayin data for word 'bra', clearing baybayin fields.
2025-02-09 16:31:34,954 - WARNING - Invalid Baybayin data for word 'betun', clearing baybayin fields.
2025-02-09 16:31:34,955 - WARNING - Invalid Baybayin data for word 'tore', clearing baybayin fields.
2025-02-09 16:31:34,961 - WARNING - Invalid Baybayin data for word 'ideal', clearing baybayin fields.
2025-02-09 16:31:34,969 - WARNING - Invalid Baybayin data for word 'ideal', clearing baybayin fields.
2025-02-09 16:31:34,973 - WARNING - Invalid Baybayin data for word 'abako', clearing baybayin fields.
2025-02-09 16:31:34,974 - WARNING - Invalid Baybayin data for word 'me', clearing baybayin fields.
2025-02-09 16:31:34,976 - WARNING - Invalid Baybayin data for word 'me', clearing baybayin fields.
2025-02-09 16:31:34,977 - WARNING - Invalid Baybayin data for word 'basket', clearing baybayin fields.
2025-02-09 16:31:34,987 - WARNING - Invalid Baybayin data for word 'basket', clearing baybayin fields.
2025-02-09 16:31:34,988 - WARNING - Invalid Baybayin data for word 'simple', clearing baybayin fields.
2025-02-09 16:31:35,004 - WARNING - Invalid Baybayin data for word 'rumor', clearing baybayin fields.
2025-02-09 16:31:35,007 - WARNING - Invalid Baybayin data for word 'bir', clearing baybayin fields.
2025-02-09 16:31:35,012 - WARNING - Invalid Baybayin data for word '-rin', clearing baybayin fields.
2025-02-09 16:31:35,013 - ERROR - Error processing entry '-rin': list index out of range
2025-02-09 16:31:35,013 - WARNING - Invalid Baybayin data for word 'rin', clearing baybayin fields.
2025-02-09 16:31:35,021 - WARNING - Invalid Baybayin data for word 'baron', clearing baybayin fields.
2025-02-09 16:31:35,022 - WARNING - Invalid Baybayin data for word 'duke', clearing baybayin fields.
2025-02-09 16:31:35,026 - WARNING - Invalid Baybayin data for word 'base', clearing baybayin fields.
2025-02-09 16:31:35,034 - WARNING - Invalid Baybayin data for word 'q', clearing baybayin fields.
2025-02-09 16:31:35,036 - WARNING - Invalid Baybayin data for word 'q', clearing baybayin fields.
2025-02-09 16:31:35,039 - ERROR - Error processing entry 'mana': list index out of range
2025-02-09 16:31:35,039 - WARNING - Invalid Baybayin data for word 'ese', clearing baybayin fields.
2025-02-09 16:31:35,040 - WARNING - Invalid Baybayin data for word 'tanto', clearing baybayin fields.
2025-02-09 16:31:35,043 - WARNING - Invalid Baybayin data for word 'tanto', clearing baybayin fields.
2025-02-09 16:31:35,046 - WARNING - Invalid Baybayin data for word 'tanto', clearing baybayin fields.
2025-02-09 16:31:35,051 - WARNING - Invalid Baybayin data for word 'ano', clearing baybayin fields.
2025-02-09 16:31:35,089 - WARNING - Invalid Baybayin data for word 'ano', clearing baybayin fields.
2025-02-09 16:31:35,090 - WARNING - Invalid Baybayin data for word 'ano', clearing baybayin fields.
2025-02-09 16:31:35,093 - WARNING - Invalid Baybayin data for word 'v', clearing baybayin fields.
2025-02-09 16:31:35,153 - WARNING - Invalid Baybayin data for word 'j', clearing baybayin fields.
2025-02-09 16:31:35,154 - WARNING - Invalid Baybayin data for word 'j', clearing baybayin fields.
2025-02-09 16:31:35,156 - WARNING - Invalid Baybayin data for word 'l', clearing baybayin fields.
2025-02-09 16:31:35,157 - WARNING - Invalid Baybayin data for word 'l', clearing baybayin fields.
2025-02-09 16:31:35,158 - WARNING - Invalid Baybayin data for word 'l', clearing baybayin fields.
2025-02-09 16:31:35,160 - WARNING - Invalid Baybayin data for word 'r', clearing baybayin fields.
2025-02-09 16:31:35,162 - WARNING - Invalid Baybayin data for word 'r', clearing baybayin fields.
2025-02-09 16:31:35,164 - WARNING - Invalid Baybayin data for word 'r', clearing baybayin fields.
2025-02-09 16:31:35,165 - WARNING - Invalid Baybayin data for word 'yon', clearing baybayin fields.
2025-02-09 16:31:35,166 - WARNING - Invalid Baybayin data for word 'yon', clearing baybayin fields.
2025-02-09 16:31:35,167 - WARNING - Invalid Baybayin data for word 'p', clearing baybayin fields.
2025-02-09 16:31:35,170 - WARNING - Invalid Baybayin data for word 'p', clearing baybayin fields.
2025-02-09 16:31:35,172 - WARNING - Invalid Baybayin data for word 'p', clearing baybayin fields.
2025-02-09 16:31:35,173 - ERROR - Error processing entry 'p': list index out of range
2025-02-09 16:31:35,174 - WARNING - Invalid Baybayin data for word 't', clearing baybayin fields.
2025-02-09 16:31:35,230 - WARNING - Invalid Baybayin data for word 't', clearing baybayin fields.
2025-02-09 16:31:35,232 - WARNING - Invalid Baybayin data for word 'b', clearing baybayin fields.
2025-02-09 16:31:35,233 - WARNING - Invalid Baybayin data for word 'b', clearing baybayin fields.
2025-02-09 16:31:35,235 - WARNING - Invalid Baybayin data for word 'k', clearing baybayin fields.
2025-02-09 16:31:35,238 - WARNING - Invalid Baybayin data for word 'k', clearing baybayin fields.
2025-02-09 16:31:35,243 - WARNING - Invalid Baybayin data for word 'k', clearing baybayin fields.
2025-02-09 16:31:35,244 - ERROR - Error processing entry 'k': list index out of range
2025-02-09 16:31:35,245 - WARNING - Invalid Baybayin data for word 'k', clearing baybayin fields.
2025-02-09 16:31:35,245 - ERROR - Error processing entry 'k': list index out of range
2025-02-09 16:31:35,246 - WARNING - Invalid Baybayin data for word 'g', clearing baybayin fields.
2025-02-09 16:31:35,247 - WARNING - Invalid Baybayin data for word 'g', clearing baybayin fields.
2025-02-09 16:31:35,249 - WARNING - Invalid Baybayin data for word 'g', clearing baybayin fields.
2025-02-09 16:31:35,251 - WARNING - Invalid Baybayin data for word 'g', clearing baybayin fields.
2025-02-09 16:31:35,252 - WARNING - Invalid Baybayin data for word 'm', clearing baybayin fields.
2025-02-09 16:31:35,254 - WARNING - Invalid Baybayin data for word 'm', clearing baybayin fields.
2025-02-09 16:31:35,256 - WARNING - Invalid Baybayin data for word 'm', clearing baybayin fields.
2025-02-09 16:31:35,258 - WARNING - Invalid Baybayin data for word 'anime', clearing baybayin fields.
2025-02-09 16:31:35,259 - WARNING - Invalid Baybayin data for word 'w', clearing baybayin fields.
2025-02-09 16:31:35,261 - WARNING - Invalid Baybayin data for word 'w', clearing baybayin fields.
2025-02-09 16:31:35,265 - WARNING - Invalid Baybayin data for word 'c', clearing baybayin fields.
2025-02-09 16:31:35,319 - WARNING - Invalid Baybayin data for word 'c', clearing baybayin fields.
2025-02-09 16:31:35,320 - WARNING - Invalid Baybayin data for word 'h', clearing baybayin fields.
2025-02-09 16:31:35,322 - WARNING - Invalid Baybayin data for word 'h', clearing baybayin fields.
2025-02-09 16:31:35,324 - WARNING - Invalid Baybayin data for word 'h', clearing baybayin fields.
2025-02-09 16:31:35,325 - WARNING - Invalid Baybayin data for word 'd', clearing baybayin fields.
2025-02-09 16:31:35,384 - WARNING - Invalid Baybayin data for word 'd', clearing baybayin fields.
2025-02-09 16:31:35,385 - WARNING - Invalid Baybayin data for word 'd', clearing baybayin fields.
2025-02-09 16:31:35,389 - WARNING - Invalid Baybayin data for word 'mayor', clearing baybayin fields.
2025-02-09 16:31:35,405 - WARNING - Invalid Baybayin data for word 'mayor', clearing baybayin fields.
2025-02-09 16:31:35,407 - WARNING - Invalid Baybayin data for word 'password', clearing baybayin fields.
2025-02-09 16:31:35,409 - WARNING - Invalid Baybayin data for word 'n', clearing baybayin fields.
2025-02-09 16:31:35,462 - WARNING - Invalid Baybayin data for word 'n', clearing baybayin fields.
2025-02-09 16:31:35,464 - WARNING - Invalid Baybayin data for word 'n', clearing baybayin fields.
2025-02-09 16:31:35,511 - WARNING - Invalid Baybayin data for word 'n', clearing baybayin fields.
2025-02-09 16:31:35,512 - ERROR - Error processing entry 'n': list index out of range
2025-02-09 16:31:35,513 - WARNING - Invalid Baybayin data for word 's', clearing baybayin fields.
2025-02-09 16:31:35,514 - WARNING - Invalid Baybayin data for word 's', clearing baybayin fields.
2025-02-09 16:31:35,517 - WARNING - Invalid Baybayin data for word 's', clearing baybayin fields.
2025-02-09 16:31:35,518 - WARNING - Invalid Baybayin data for word 'z', clearing baybayin fields.
2025-02-09 16:31:35,522 - WARNING - Invalid Baybayin data for word 'z', clearing baybayin fields.
2025-02-09 16:31:35,523 - WARNING - Invalid Baybayin data for word 'salt', clearing baybayin fields.
2025-02-09 16:31:35,525 - WARNING - Invalid Baybayin data for word 'key', clearing baybayin fields.
2025-02-09 16:31:35,527 - WARNING - Invalid Baybayin data for word 'e', clearing baybayin fields.
2025-02-09 16:31:35,590 - WARNING - Invalid Baybayin data for word 'e', clearing baybayin fields.
2025-02-09 16:31:35,593 - WARNING - Invalid Baybayin data for word 'e', clearing baybayin fields.
2025-02-09 16:31:35,597 - WARNING - Invalid Baybayin data for word 'u', clearing baybayin fields.
2025-02-09 16:31:35,662 - WARNING - Invalid Baybayin data for word 'Ursula', clearing baybayin fields.
2025-02-09 16:31:35,665 - WARNING - Invalid Baybayin data for word 'hara-kiri', clearing baybayin fields.
2025-02-09 16:31:35,667 - WARNING - Invalid Baybayin data for word 'mare', clearing baybayin fields.
2025-02-09 16:31:35,668 - ERROR - Error processing entry 'aa': list index out of range
2025-02-09 16:31:35,671 - WARNING - Invalid Baybayin data for word 'edit', clearing baybayin fields.
2025-02-09 16:31:35,673 - WARNING - Invalid Baybayin data for word 'hanger', clearing baybayin fields.
2025-02-09 16:31:35,680 - WARNING - Invalid Baybayin data for word 'oh', clearing baybayin fields.
2025-02-09 16:31:35,681 - WARNING - Invalid Baybayin data for word 'oh', clearing baybayin fields.
2025-02-09 16:31:35,682 - WARNING - Invalid Baybayin data for word 'ë', clearing baybayin fields.
2025-02-09 16:31:35,692 - WARNING - Invalid Baybayin data for word 'uno', clearing baybayin fields.
2025-02-09 16:31:35,693 - WARNING - Invalid Baybayin data for word 'uno', clearing baybayin fields.
2025-02-09 16:31:35,694 - WARNING - Invalid Baybayin data for word 'kimono', clearing baybayin fields.
2025-02-09 16:31:35,697 - WARNING - Invalid Baybayin data for word 'tres', clearing baybayin fields.
2025-02-09 16:31:35,719 - WARNING - Invalid Baybayin data for word 'arbor', clearing baybayin fields.
2025-02-09 16:31:35,730 - WARNING - Invalid Baybayin data for word 'libro', clearing baybayin fields.
2025-02-09 16:31:35,746 - ERROR - Error processing entry 'ni': list index out of range
2025-02-09 16:31:35,752 - WARNING - Invalid Baybayin data for word 'zeta', clearing baybayin fields.
2025-02-09 16:31:35,754 - WARNING - Invalid Baybayin data for word 'talo', clearing baybayin fields.
2025-02-09 16:31:35,787 - WARNING - Invalid Baybayin data for word 'talo', clearing baybayin fields.
2025-02-09 16:31:35,792 - WARNING - Invalid Baybayin data for word 'talo', clearing baybayin fields.
2025-02-09 16:31:35,798 - WARNING - Invalid Baybayin data for word 'talo', clearing baybayin fields.
2025-02-09 16:31:35,805 - WARNING - Invalid Baybayin data for word 'un', clearing baybayin fields.
2025-02-09 16:31:35,806 - ERROR - Error processing entry 'un': list index out of range
2025-02-09 16:31:35,813 - WARNING - Invalid Baybayin data for word 'idea', clearing baybayin fields.
2025-02-09 16:31:35,823 - WARNING - Invalid Baybayin data for word 'natural', clearing baybayin fields.
2025-02-09 16:31:35,825 - WARNING - Invalid Baybayin data for word 'natural', clearing baybayin fields.
2025-02-09 16:31:35,834 - ERROR - Error processing entry 'ta': list index out of range
2025-02-09 16:31:35,837 - WARNING - Invalid Baybayin data for word 'kilo', clearing baybayin fields.
2025-02-09 16:31:35,838 - ERROR - Error processing entry 'kilo': list index out of range
2025-02-09 16:31:35,839 - WARNING - Invalid Baybayin data for word 'kilo', clearing baybayin fields.
2025-02-09 16:31:35,840 - ERROR - Error processing entry 'kilo': list index out of range
2025-02-09 16:31:35,840 - WARNING - Invalid Baybayin data for word 'kilo', clearing baybayin fields.
2025-02-09 16:31:35,848 - WARNING - Invalid Baybayin data for word 'kilo', clearing baybayin fields.
2025-02-09 16:31:35,849 - WARNING - Invalid Baybayin data for word 'Cu', clearing baybayin fields.
2025-02-09 16:31:35,850 - ERROR - Error processing entry 'Cu': list index out of range
2025-02-09 16:31:35,850 - WARNING - Invalid Baybayin data for word 'PG', clearing baybayin fields.
2025-02-09 16:31:35,851 - WARNING - Invalid Baybayin data for word 'PG', clearing baybayin fields.
2025-02-09 16:31:35,853 - WARNING - Invalid Baybayin data for word 'em', clearing baybayin fields.
2025-02-09 16:31:35,854 - ERROR - Error processing entry 'em': list index out of range
2025-02-09 16:31:35,854 - WARNING - Invalid Baybayin data for word 'ge', clearing baybayin fields.
2025-02-09 16:31:35,855 - WARNING - Invalid Baybayin data for word 'ge', clearing baybayin fields.
2025-02-09 16:31:35,860 - WARNING - Invalid Baybayin data for word 'FX', clearing baybayin fields.
2025-02-09 16:31:35,876 - WARNING - Invalid Baybayin data for word 'ce', clearing baybayin fields.
2025-02-09 16:31:35,878 - WARNING - Invalid Baybayin data for word 'terminal', clearing baybayin fields.
2025-02-09 16:31:35,880 - WARNING - Invalid Baybayin data for word 'ra', clearing baybayin fields.
2025-02-09 16:31:35,882 - WARNING - Invalid Baybayin data for word 'ne', clearing baybayin fields.
2025-02-09 16:31:35,910 - WARNING - Invalid Baybayin data for word 'pe', clearing baybayin fields.
2025-02-09 16:31:35,912 - WARNING - Invalid Baybayin data for word 'toro', clearing baybayin fields.
2025-02-09 16:31:35,914 - WARNING - Invalid Baybayin data for word 'ho', clearing baybayin fields.
2025-02-09 16:31:35,915 - WARNING - Invalid Baybayin data for word 'ho', clearing baybayin fields.
2025-02-09 16:31:35,940 - WARNING - Invalid Baybayin data for word 'asetilen', clearing baybayin fields.
2025-02-09 16:31:35,941 - WARNING - Invalid Baybayin data for word 'ele', clearing baybayin fields.
2025-02-09 16:31:35,943 - WARNING - Invalid Baybayin data for word 'aspirin', clearing baybayin fields.
2025-02-09 16:31:35,945 - WARNING - Invalid Baybayin data for word 'po', clearing baybayin fields.
2025-02-09 16:31:35,946 - WARNING - Invalid Baybayin data for word 'Tagalog', clearing baybayin fields.
2025-02-09 16:31:35,947 - ERROR - Error processing entry 'Tagalog': list index out of range
2025-02-09 16:31:35,948 - WARNING - Invalid Baybayin data for word 'Tagalog', clearing baybayin fields.
2025-02-09 16:31:35,949 - ERROR - Error processing entry 'Tagalog': list index out of range
2025-02-09 16:31:36,035 - WARNING - Invalid Baybayin data for word 'Quezon City', clearing baybayin fields.
2025-02-09 16:31:36,036 - WARNING - Invalid Baybayin data for word 'Padua', clearing baybayin fields.
2025-02-09 16:31:36,038 - WARNING - Invalid Baybayin data for word 'La Paz', clearing baybayin fields.
2025-02-09 16:31:36,086 - WARNING - Invalid Baybayin data for word 'Trinidad', clearing baybayin fields.
2025-02-09 16:31:36,091 - WARNING - Invalid Baybayin data for word 'Bangkok', clearing baybayin fields.
2025-02-09 16:31:36,094 - WARNING - Invalid Baybayin data for word 'Dublin', clearing baybayin fields.
2025-02-09 16:31:36,096 - WARNING - Invalid Baybayin data for word 'San Francisco', clearing baybayin fields.
2025-02-09 16:31:36,099 - WARNING - Invalid Baybayin data for word 'Barcelona', clearing baybayin fields.
2025-02-09 16:31:36,103 - WARNING - Invalid Baybayin data for word 'es', clearing baybayin fields.
2025-02-09 16:31:36,104 - WARNING - Invalid Baybayin data for word 'sine', clearing baybayin fields.
2025-02-09 16:31:36,113 - WARNING - Invalid Baybayin data for word 'Florence', clearing baybayin fields.
2025-02-09 16:31:36,115 - WARNING - Invalid Baybayin data for word 'lemur', clearing baybayin fields.
2025-02-09 16:31:36,117 - WARNING - Invalid Baybayin data for word 'ar', clearing baybayin fields.
2025-02-09 16:31:36,136 - WARNING - Invalid Baybayin data for word 'Valencia', clearing baybayin fields.
2025-02-09 16:31:36,145 - WARNING - Invalid Baybayin data for word 'destino', clearing baybayin fields.
2025-02-09 16:31:36,160 - WARNING - Invalid Baybayin data for word 'ola', clearing baybayin fields.
2025-02-09 16:31:36,162 - WARNING - Invalid Baybayin data for word 'ola', clearing baybayin fields.
2025-02-09 16:31:36,163 - WARNING - Invalid Baybayin data for word 'Nicolas', clearing baybayin fields.
2025-02-09 16:31:36,166 - WARNING - Invalid Baybayin data for word 'se', clearing baybayin fields.
2025-02-09 16:31:36,168 - WARNING - Invalid Baybayin data for word 'se', clearing baybayin fields.
2025-02-09 16:31:36,183 - WARNING - Invalid Baybayin data for word 'negro', clearing baybayin fields.
2025-02-09 16:31:36,184 - WARNING - Invalid Baybayin data for word 'negro', clearing baybayin fields.
2025-02-09 16:31:36,221 - WARNING - Invalid Baybayin data for word 'Lao', clearing baybayin fields.
2025-02-09 16:31:36,222 - ERROR - Error processing entry 'Lao': list index out of range
2025-02-09 16:31:36,223 - WARNING - Invalid Baybayin data for word 'mate', clearing baybayin fields.
2025-02-09 16:31:36,224 - WARNING - Invalid Baybayin data for word 'Saudi', clearing baybayin fields.
2025-02-09 16:31:36,226 - WARNING - Invalid Baybayin data for word 'Montana', clearing baybayin fields.
2025-02-09 16:31:36,301 - WARNING - Invalid Baybayin data for word 'estado', clearing baybayin fields.
2025-02-09 16:31:36,309 - WARNING - Invalid Baybayin data for word 'ordenador', clearing baybayin fields.
2025-02-09 16:31:36,312 - ERROR - Error processing entry 'si': list index out of range
2025-02-09 16:31:36,315 - WARNING - Invalid Baybayin data for word 'altar', clearing baybayin fields.
2025-02-09 16:31:36,316 - WARNING - Invalid Baybayin data for word 'España', clearing baybayin fields.
2025-02-09 16:31:36,323 - WARNING - Invalid Baybayin data for word 'baket', clearing baybayin fields.
2025-02-09 16:31:36,325 - WARNING - Invalid Baybayin data for word 'in-', clearing baybayin fields.
2025-02-09 16:31:36,326 - WARNING - Invalid Baybayin data for word 'real', clearing baybayin fields.
2025-02-09 16:31:36,342 - WARNING - Invalid Baybayin data for word 'real', clearing baybayin fields.
2025-02-09 16:31:36,346 - WARNING - Invalid Baybayin data for word 'real', clearing baybayin fields.
2025-02-09 16:31:36,361 - ERROR - Error processing entry 'na': list index out of range
2025-02-09 16:31:36,363 - ERROR - Error processing entry 'na': list index out of range
2025-02-09 16:31:36,369 - ERROR - Error processing entry 'na': list index out of range
2025-02-09 16:31:36,371 - WARNING - Invalid Baybayin data for word 'dugong', clearing baybayin fields.
2025-02-09 16:31:36,373 - WARNING - Invalid Baybayin data for word 'pare', clearing baybayin fields.
2025-02-09 16:31:36,379 - WARNING - Invalid Baybayin data for word 'pare', clearing baybayin fields.
2025-02-09 16:31:36,383 - WARNING - Invalid Baybayin data for word 'bar', clearing baybayin fields.
2025-02-09 16:31:36,390 - WARNING - Invalid Baybayin data for word 'melon', clearing baybayin fields.
2025-02-09 16:31:36,391 - WARNING - Invalid Baybayin data for word 'bes', clearing baybayin fields.
2025-02-09 16:31:36,393 - WARNING - Invalid Baybayin data for word 'bes', clearing baybayin fields.
2025-02-09 16:31:36,394 - WARNING - Invalid Baybayin data for word 'drama', clearing baybayin fields.
2025-02-09 16:31:36,400 - WARNING - Invalid Baybayin data for word 'Alfredo', clearing baybayin fields.
2025-02-09 16:31:36,402 - WARNING - Invalid Baybayin data for word 'El Niño', clearing baybayin fields.
2025-02-09 16:31:36,404 - WARNING - Invalid Baybayin data for word 'Cebuano', clearing baybayin fields.
2025-02-09 16:31:36,405 - WARNING - Invalid Baybayin data for word 'Cebuano', clearing baybayin fields.
2025-02-09 16:31:36,406 - WARNING - Invalid Baybayin data for word 'gabe', clearing baybayin fields.
2025-02-09 16:31:36,406 - ERROR - Error processing entry 'gabe': list index out of range
2025-02-09 16:31:36,407 - WARNING - Invalid Baybayin data for word 'gabe', clearing baybayin fields.
2025-02-09 16:31:36,408 - WARNING - Invalid Baybayin data for word 'Sarah', clearing baybayin fields.
2025-02-09 16:31:36,410 - WARNING - Invalid Baybayin data for word 'timbre', clearing baybayin fields.
2025-02-09 16:31:36,424 - WARNING - Invalid Baybayin data for word 'ser', clearing baybayin fields.
2025-02-09 16:31:36,453 - WARNING - Invalid Baybayin data for word 'oasis', clearing baybayin fields.
2025-02-09 16:31:36,455 - WARNING - Invalid Baybayin data for word 'vendo', clearing baybayin fields.
2025-02-09 16:31:36,456 - WARNING - Invalid Baybayin data for word 'video', clearing baybayin fields.
2025-02-09 16:31:36,458 - WARNING - Invalid Baybayin data for word 'aber', clearing baybayin fields.
2025-02-09 16:31:36,461 - WARNING - Invalid Baybayin data for word 'pintig', clearing baybayin fields.
2025-02-09 16:31:36,463 - WARNING - Invalid Baybayin data for word 'libra', clearing baybayin fields.
2025-02-09 16:31:36,497 - WARNING - Invalid Baybayin data for word 'puso', clearing baybayin fields.
2025-02-09 16:31:36,499 - ERROR - Error processing entry 'puso': list index out of range
2025-02-09 16:31:36,504 - WARNING - Invalid Baybayin data for word 'raw', clearing baybayin fields.
2025-02-09 16:31:36,536 - WARNING - Invalid Baybayin data for word 'debate', clearing baybayin fields.
2025-02-09 16:31:36,538 - WARNING - Invalid Baybayin data for word 'ping pong', clearing baybayin fields.
2025-02-09 16:31:36,539 - WARNING - Invalid Baybayin data for word 'iso', clearing baybayin fields.
2025-02-09 16:31:36,540 - WARNING - Invalid Baybayin data for word 'iso', clearing baybayin fields.
2025-02-09 16:31:36,542 - WARNING - Invalid Baybayin data for word 'iso', clearing baybayin fields.
2025-02-09 16:31:36,543 - WARNING - Invalid Baybayin data for word 'mano', clearing baybayin fields.
2025-02-09 16:31:36,570 - WARNING - Invalid Baybayin data for word 'mano', clearing baybayin fields.
2025-02-09 16:31:36,571 - WARNING - Invalid Baybayin data for word 'peg', clearing baybayin fields.
2025-02-09 16:31:36,573 - WARNING - Invalid Baybayin data for word 'pluma', clearing baybayin fields.
2025-02-09 16:31:36,574 - WARNING - Invalid Baybayin data for word 'Semana Santa', clearing baybayin fields.
2025-02-09 16:31:36,580 - WARNING - Invalid Baybayin data for word 'pero', clearing baybayin fields.
2025-02-09 16:31:36,581 - WARNING - Invalid Baybayin data for word 'adaptable', clearing baybayin fields.
2025-02-09 16:31:36,583 - WARNING - Invalid Baybayin data for word 'lago', clearing baybayin fields.
2025-02-09 16:31:36,585 - ERROR - Error processing entry 'lago': list index out of range
2025-02-09 16:31:36,585 - WARNING - Invalid Baybayin data for word 'lago', clearing baybayin fields.
2025-02-09 16:31:36,587 - WARNING - Invalid Baybayin data for word 'lago', clearing baybayin fields.
2025-02-09 16:31:36,597 - WARNING - Invalid Baybayin data for word 'Venus', clearing baybayin fields.
2025-02-09 16:31:36,599 - WARNING - Invalid Baybayin data for word 'moderno', clearing baybayin fields.
2025-02-09 16:31:36,601 - WARNING - Invalid Baybayin data for word 'dragon', clearing baybayin fields.
2025-02-09 16:31:36,605 - WARNING - Invalid Baybayin data for word 'admirable', clearing baybayin fields.
2025-02-09 16:31:36,607 - WARNING - Invalid Baybayin data for word 'bos', clearing baybayin fields.
2025-02-09 16:31:36,612 - WARNING - Invalid Baybayin data for word 'mongol', clearing baybayin fields.
2025-02-09 16:31:36,614 - WARNING - Invalid Baybayin data for word 'Ezra', clearing baybayin fields.
2025-02-09 16:31:36,615 - WARNING - Invalid Baybayin data for word 'ritmo', clearing baybayin fields.
2025-02-09 16:31:36,646 - WARNING - Invalid Baybayin data for word 'santo', clearing baybayin fields.
2025-02-09 16:31:36,688 - WARNING - Invalid Baybayin data for word 'santo', clearing baybayin fields.
2025-02-09 16:31:36,691 - WARNING - Invalid Baybayin data for word 'pera', clearing baybayin fields.
2025-02-09 16:31:36,694 - WARNING - Invalid Baybayin data for word 'Jesus', clearing baybayin fields.
2025-02-09 16:31:36,695 - WARNING - Invalid Baybayin data for word 'admiral', clearing baybayin fields.
2025-02-09 16:31:36,699 - ERROR - Error processing entry 'akin': list index out of range
2025-02-09 16:31:36,702 - ERROR - Error processing entry 'akin': list index out of range
2025-02-09 16:31:36,703 - WARNING - Invalid Baybayin data for word 'Amoy', clearing baybayin fields.
2025-02-09 16:31:36,704 - ERROR - Error processing entry 'Amoy': list index out of range
2025-02-09 16:31:36,705 - ERROR - Error processing entry 'balian': list index out of range
2025-02-09 16:31:36,706 - WARNING - Invalid Baybayin data for word 'lobo', clearing baybayin fields.
2025-02-09 16:31:36,707 - WARNING - Invalid Baybayin data for word 'lobo', clearing baybayin fields.
2025-02-09 16:31:36,729 - WARNING - Invalid Baybayin data for word 'Teresa', clearing baybayin fields.
2025-02-09 16:31:36,730 - WARNING - Invalid Baybayin data for word 'Teresa', clearing baybayin fields.
2025-02-09 16:31:36,732 - WARNING - Invalid Baybayin data for word 'tilde', clearing baybayin fields.
2025-02-09 16:31:36,770 - WARNING - Invalid Baybayin data for word 'lira', clearing baybayin fields.
2025-02-09 16:31:36,772 - WARNING - Invalid Baybayin data for word 'lira', clearing baybayin fields.
2025-02-09 16:31:36,773 - WARNING - Invalid Baybayin data for word 'lira', clearing baybayin fields.
2025-02-09 16:31:36,796 - WARNING - Invalid Baybayin data for word 'barat', clearing baybayin fields.
2025-02-09 16:31:36,798 - WARNING - Invalid Baybayin data for word 'barat', clearing baybayin fields.
2025-02-09 16:31:36,832 - WARNING - Invalid Baybayin data for word 'sano', clearing baybayin fields.
2025-02-09 16:31:36,852 - WARNING - Invalid Baybayin data for word 'pong', clearing baybayin fields.
2025-02-09 16:31:36,854 - WARNING - Invalid Baybayin data for word 'ale', clearing baybayin fields.
2025-02-09 16:31:36,919 - WARNING - Invalid Baybayin data for word 'numero', clearing baybayin fields.
2025-02-09 16:31:36,936 - WARNING - Invalid Baybayin data for word 'ayo', clearing baybayin fields.
2025-02-09 16:31:36,937 - WARNING - Invalid Baybayin data for word 'ayo', clearing baybayin fields.
2025-02-09 16:31:36,939 - WARNING - Invalid Baybayin data for word 'ayo', clearing baybayin fields.
2025-02-09 16:31:36,940 - WARNING - Invalid Baybayin data for word 'Adonis', clearing baybayin fields.
2025-02-09 16:31:36,946 - WARNING - Invalid Baybayin data for word 'bodka', clearing baybayin fields.
2025-02-09 16:31:36,947 - WARNING - Invalid Baybayin data for word 'ensayo', clearing baybayin fields.
2025-02-09 16:31:36,958 - WARNING - Invalid Baybayin data for word 'ng', clearing baybayin fields.
2025-02-09 16:31:36,978 - WARNING - Invalid Baybayin data for word 'ng', clearing baybayin fields.
2025-02-09 16:31:36,979 - ERROR - Error processing entry 'ng': list index out of range
2025-02-09 16:31:36,980 - WARNING - Invalid Baybayin data for word 'ng', clearing baybayin fields.
2025-02-09 16:31:36,980 - ERROR - Error processing entry 'ng': list index out of range
2025-02-09 16:31:36,981 - WARNING - Invalid Baybayin data for word 'ng', clearing baybayin fields.
2025-02-09 16:31:37,045 - WARNING - Invalid Baybayin data for word 'raha', clearing baybayin fields.
2025-02-09 16:31:37,047 - WARNING - Invalid Baybayin data for word 'punto', clearing baybayin fields.
2025-02-09 16:31:37,048 - WARNING - Invalid Baybayin data for word 'punto', clearing baybayin fields.
2025-02-09 16:31:37,053 - WARNING - Invalid Baybayin data for word 'gasolina', clearing baybayin fields.
2025-02-09 16:31:37,054 - WARNING - Invalid Baybayin data for word 'andar', clearing baybayin fields.
2025-02-09 16:31:37,067 - WARNING - Invalid Baybayin data for word 'shawarma', clearing baybayin fields.
2025-02-09 16:31:37,070 - WARNING - Invalid Baybayin data for word 'kura', clearing baybayin fields.
2025-02-09 16:31:37,072 - WARNING - Invalid Baybayin data for word 'kura', clearing baybayin fields.
2025-02-09 16:31:37,072 - WARNING - Invalid Baybayin data for word 'amen', clearing baybayin fields.
2025-02-09 16:31:37,074 - WARNING - Invalid Baybayin data for word 'amen', clearing baybayin fields.
2025-02-09 16:31:37,080 - WARNING - Invalid Baybayin data for word 'dos', clearing baybayin fields.
2025-02-09 16:31:37,081 - WARNING - Invalid Baybayin data for word 'dos', clearing baybayin fields.
2025-02-09 16:31:37,083 - WARNING - Invalid Baybayin data for word 'tema', clearing baybayin fields.
2025-02-09 16:31:37,129 - WARNING - Invalid Baybayin data for word 'de-', clearing baybayin fields.
2025-02-09 16:31:37,132 - WARNING - Invalid Baybayin data for word 'Macau', clearing baybayin fields.
2025-02-09 16:31:37,133 - ERROR - Error processing entry 'di': list index out of range
2025-02-09 16:31:37,157 - WARNING - Invalid Baybayin data for word 'di-', clearing baybayin fields.
2025-02-09 16:31:37,158 - ERROR - Error processing entry 'di-': list index out of range
2025-02-09 16:31:37,162 - WARNING - Invalid Baybayin data for word 'aco', clearing baybayin fields.
2025-02-09 16:31:37,163 - WARNING - Invalid Baybayin data for word 'ocho', clearing baybayin fields.
2025-02-09 16:31:37,165 - WARNING - Invalid Baybayin data for word 'padre', clearing baybayin fields.
2025-02-09 16:31:37,171 - WARNING - Invalid Baybayin data for word 'padre', clearing baybayin fields.
2025-02-09 16:31:37,173 - WARNING - Invalid Baybayin data for word 'abuso', clearing baybayin fields.
2025-02-09 16:31:37,174 - WARNING - Invalid Baybayin data for word 'adenitis', clearing baybayin fields.
2025-02-09 16:31:37,176 - WARNING - Invalid Baybayin data for word '-ing', clearing baybayin fields.
2025-02-09 16:31:37,177 - WARNING - Invalid Baybayin data for word 'epistola', clearing baybayin fields.
2025-02-09 16:31:37,184 - WARNING - Invalid Baybayin data for word 'che', clearing baybayin fields.
2025-02-09 16:31:37,186 - WARNING - Invalid Baybayin data for word 'che', clearing baybayin fields.
2025-02-09 16:31:37,187 - WARNING - Invalid Baybayin data for word 'toga', clearing baybayin fields.
2025-02-09 16:31:37,191 - WARNING - Invalid Baybayin data for word 'tong', clearing baybayin fields.
2025-02-09 16:31:37,204 - WARNING - Invalid Baybayin data for word 'tong', clearing baybayin fields.
2025-02-09 16:31:37,208 - WARNING - Invalid Baybayin data for word 'palabra', clearing baybayin fields.
2025-02-09 16:31:37,210 - WARNING - Invalid Baybayin data for word 'adulto', clearing baybayin fields.
2025-02-09 16:31:37,215 - ERROR - Error processing entry 'asin': list index out of range
2025-02-09 16:31:37,216 - WARNING - Invalid Baybayin data for word 'adagio', clearing baybayin fields.
2025-02-09 16:31:37,217 - WARNING - Invalid Baybayin data for word 'sobre', clearing baybayin fields.
2025-02-09 16:31:37,218 - WARNING - Invalid Baybayin data for word 'emperador', clearing baybayin fields.
2025-02-09 16:31:37,222 - WARNING - Invalid Baybayin data for word 'dale', clearing baybayin fields.
2025-02-09 16:31:37,229 - WARNING - Invalid Baybayin data for word 'dale', clearing baybayin fields.
2025-02-09 16:31:37,232 - WARNING - Invalid Baybayin data for word 'tsunami', clearing baybayin fields.
2025-02-09 16:31:37,234 - WARNING - Invalid Baybayin data for word 'dike', clearing baybayin fields.
2025-02-09 16:31:37,235 - WARNING - Invalid Baybayin data for word 'segundo', clearing baybayin fields.
2025-02-09 16:31:37,243 - WARNING - Invalid Baybayin data for word 'segundo', clearing baybayin fields.
2025-02-09 16:31:37,268 - WARNING - Invalid Baybayin data for word 'listo', clearing baybayin fields.
2025-02-09 16:31:37,270 - WARNING - Invalid Baybayin data for word 'mesa', clearing baybayin fields.
2025-02-09 16:31:37,281 - ERROR - Error processing entry 'sa': list index out of range
2025-02-09 16:31:37,285 - WARNING - Invalid Baybayin data for word 'moral', clearing baybayin fields.
2025-02-09 16:31:37,288 - WARNING - Invalid Baybayin data for word 'moral', clearing baybayin fields.
2025-02-09 16:31:37,294 - ERROR - Error processing entry 'gata': list index out of range
2025-02-09 16:31:37,294 - WARNING - Invalid Baybayin data for word 'tenor', clearing baybayin fields.
2025-02-09 16:31:37,298 - WARNING - Invalid Baybayin data for word 'seis', clearing baybayin fields.
2025-02-09 16:31:37,300 - WARNING - Invalid Baybayin data for word 'seis', clearing baybayin fields.
2025-02-09 16:31:37,303 - WARNING - Invalid Baybayin data for word 'pirata', clearing baybayin fields.
2025-02-09 16:31:37,306 - WARNING - Invalid Baybayin data for word 'pirata', clearing baybayin fields.
2025-02-09 16:31:37,310 - WARNING - Invalid Baybayin data for word 'dine', clearing baybayin fields.
2025-02-09 16:31:37,317 - ERROR - Error processing entry 'abad': list index out of range
2025-02-09 16:31:37,318 - ERROR - Error processing entry 'abad': list index out of range
2025-02-09 16:31:37,319 - WARNING - Invalid Baybayin data for word 'abra', clearing baybayin fields.
2025-02-09 16:31:37,322 - WARNING - Invalid Baybayin data for word 'ergo', clearing baybayin fields.
2025-02-09 16:31:37,324 - WARNING - Invalid Baybayin data for word 'ergo', clearing baybayin fields.
2025-02-09 16:31:37,329 - WARNING - Invalid Baybayin data for word 'magnate', clearing baybayin fields.
2025-02-09 16:31:37,339 - WARNING - Invalid Baybayin data for word 'ako', clearing baybayin fields.
2025-02-09 16:31:37,348 - WARNING - Invalid Baybayin data for word 'ako', clearing baybayin fields.
2025-02-09 16:31:37,356 - WARNING - Invalid Baybayin data for word 'metro', clearing baybayin fields.
2025-02-09 16:31:37,359 - WARNING - Invalid Baybayin data for word 'ule', clearing baybayin fields.
2025-02-09 16:31:37,361 - WARNING - Invalid Baybayin data for word 'por', clearing baybayin fields.
2025-02-09 16:31:37,379 - WARNING - Invalid Baybayin data for word 'balena', clearing baybayin fields.
2025-02-09 16:31:37,388 - WARNING - Invalid Baybayin data for word 'Hannah', clearing baybayin fields.
2025-02-09 16:31:37,390 - WARNING - Invalid Baybayin data for word 'ire', clearing baybayin fields.
2025-02-09 16:31:37,391 - WARNING - Invalid Baybayin data for word 'kondom', clearing baybayin fields.
2025-02-09 16:31:37,392 - WARNING - Invalid Baybayin data for word 'omelet', clearing baybayin fields.
2025-02-09 16:31:37,394 - WARNING - Invalid Baybayin data for word 'abo', clearing baybayin fields.
2025-02-09 16:31:37,415 - WARNING - Invalid Baybayin data for word 'abo', clearing baybayin fields.
2025-02-09 16:31:37,453 - WARNING - Invalid Baybayin data for word 'loa', clearing baybayin fields.
2025-02-09 16:31:37,455 - WARNING - Invalid Baybayin data for word 'droga', clearing baybayin fields.
2025-02-09 16:31:37,457 - WARNING - Invalid Baybayin data for word 'tumor', clearing baybayin fields.
2025-02-09 16:31:37,470 - ERROR - Error processing entry 'din': list index out of range
2025-02-09 16:31:37,479 - WARNING - Invalid Baybayin data for word 'tren', clearing baybayin fields.
