2025-04-05 10:14:45,351 - INFO - Database connection pool initialized
2025-04-05 10:14:45,367 - INFO - Starting lookup for word: 'charot'
2025-04-05 10:14:45,436 - INFO - pg_trgm extension installed: True
2025-04-05 10:14:45,437 - INFO - Executing exact match query for 'charot'
2025-04-05 10:14:45,844 - INFO - Found 1 exact matches
2025-04-05 10:14:45,845 - INFO - Processing result 1/1
2025-04-05 10:14:45,845 - INFO - Word ID: 155020
2025-04-05 10:14:45,845 - INFO - Lemma: charot
2025-04-05 10:14:45,846 - INFO - Language code: tl
2025-04-05 10:14:45,851 - INFO - Querying pronunciations for word_id 155020
2025-04-05 10:14:45,859 - ERROR - Error retrieving pronunciations: column "metadata" does not exist
LINE 2:                         SELECT type, value, tags, metadata, ...
                                                          ^

2025-04-05 10:14:45,860 - INFO - Querying etymologies for word_id 155020
2025-04-05 10:14:45,861 - ERROR - Error retrieving etymologies: current transaction is aborted, commands ignored until end of transaction block

2025-04-05 10:14:45,861 - INFO - Querying definitions for word_id 155020
2025-04-05 10:14:45,862 - ERROR - Error retrieving definitions: current transaction is aborted, commands ignored until end of transaction block

2025-04-05 10:14:45,862 - INFO - Querying relations for word_id 155020
2025-04-05 10:14:45,862 - ERROR - Error retrieving relations: current transaction is aborted, commands ignored until end of transaction block

2025-04-05 10:14:45,863 - INFO - Database connection closed
