2025-04-05 11:08:10,767 - INFO - Starting lookup for word: 'harot'
2025-04-05 11:08:10,824 - INFO - pg_trgm extension installed: True
2025-04-05 11:08:10,825 - INFO - Executing exact match query for 'harot'
2025-04-05 11:08:11,129 - INFO - Found 1 exact matches
2025-04-05 11:08:11,130 - INFO - Processing result 1/1
2025-04-05 11:08:11,130 - INFO - Word ID: 38587
2025-04-05 11:08:11,130 - INFO - Lemma: harot
2025-04-05 11:08:11,131 - INFO - Language code: tl
2025-04-05 11:08:11,137 - INFO - Querying pronunciations for word_id 38587
2025-04-05 11:08:11,138 - INFO - Found 4 pronunciations
2025-04-05 11:08:11,140 - WARNING - Error parsing pronunciation sources: Expecting value: line 1 column 1 (char 0)
2025-04-05 11:08:11,142 - WARNING - Error parsing pronunciation sources: Expecting value: line 1 column 1 (char 0)
2025-04-05 11:08:11,143 - WARNING - Error parsing pronunciation sources: Expecting value: line 1 column 1 (char 0)
2025-04-05 11:08:11,144 - WARNING - Error parsing pronunciation sources: Expecting value: line 1 column 1 (char 0)
2025-04-05 11:08:11,145 - INFO - Querying etymologies for word_id 38587
2025-04-05 11:08:11,149 - INFO - Found 0 etymologies
2025-04-05 11:08:11,150 - INFO - Querying definitions for word_id 38587
2025-04-05 11:08:11,156 - INFO - Found 10 definitions
2025-04-05 11:08:11,157 - INFO - Processing definition 1/10
2025-04-05 11:08:11,159 - INFO - Processing definition 2/10
2025-04-05 11:08:11,160 - INFO - Processing definition 3/10
2025-04-05 11:08:11,161 - INFO - Processing definition 4/10
2025-04-05 11:08:11,165 - INFO - Processing definition 5/10
2025-04-05 11:08:11,166 - INFO - Processing definition 6/10
2025-04-05 11:08:11,167 - INFO - Processing definition 7/10
2025-04-05 11:08:11,168 - INFO - Processing definition 8/10
2025-04-05 11:08:11,169 - INFO - Processing definition 9/10
2025-04-05 11:08:11,170 - INFO - Processing definition 10/10
2025-04-05 11:08:11,171 - INFO - Querying relations for word_id 38587
2025-04-05 11:08:11,179 - INFO - Found 27 relations
2025-04-05 11:08:11,202 - INFO - Database connection closed
