2025-01-18 20:23:39,926 - INFO - Starting fresh data migration
2025-01-18 20:23:39,926 - INFO - Attempting database connection...
2025-01-18 20:23:39,926 - INFO - Database configuration:
2025-01-18 20:23:39,927 - INFO -   Database Name: fil_dict_db
2025-01-18 20:23:39,927 - INFO -   User: postgres
2025-01-18 20:23:39,927 - INFO -   Host: localhost
2025-01-18 20:23:39,928 - INFO -   Password: ********
2025-01-18 20:23:39,995 - INFO - Successfully established database connection
2025-01-18 20:23:40,096 - INFO - Starting table creation/update process.
2025-01-18 20:23:40,261 - INFO - Tables created or updated successfully.
2025-01-18 20:23:40,262 - INFO - Processing Tagalog words
2025-01-18 20:23:40,262 - INFO - Starting to process Tagalog words file: data/tagalog-words.json
2025-01-18 20:23:40,262 - INFO - Using source identifier: tagalog-words.json
2025-01-18 20:23:40,487 - INFO - Successfully loaded JSON data with 65328 entries
2025-01-18 20:25:19,144 - INFO - Completed processing Tagalog words file: data/tagalog-words.json
2025-01-18 20:25:19,161 - INFO - Processing Root words
2025-01-18 20:25:19,162 - INFO - Starting to process Root Words file: data/root_words_with_associated_words_cleaned.json
2025-01-18 20:25:19,162 - INFO - Using source identifier: root_words_with_associated_words_cleaned.json
2025-01-18 20:25:19,177 - INFO - Successfully loaded JSON data with 2238 entries
2025-01-18 20:25:38,796 - INFO - Completed processing Root Words file: data/root_words_with_associated_words_cleaned.json
2025-01-18 20:25:38,801 - INFO - Processing KWF Dictionary
2025-01-18 20:25:38,801 - INFO - Starting to process KWF Dictionary: data/kwf_dictionary.json
2025-01-18 20:25:38,802 - INFO - Using source identifier: kwf_dictionary.json
2025-01-18 20:25:39,160 - INFO - Successfully loaded KWF data with 30734 entries
2025-01-18 20:26:42,029 - INFO - Completed processing KWF Dictionary
2025-01-18 20:26:42,053 - INFO - Processing Kaikki (Tagalog)
2025-01-18 20:26:42,053 - INFO - Starting to process Kaikki file: data/kaikki.jsonl
2025-01-18 20:27:41,379 - INFO - Processing Kaikki (Cebuano)
2025-01-18 20:27:41,380 - INFO - Starting to process Kaikki file: data/kaikki-ceb.jsonl
2025-01-18 20:28:05,940 - WARNING - Found 185 Baybayin forms with multiple entries
2025-01-18 20:28:05,941 - WARNING - Baybayin form ᜀᜂᜈᜓ appears 2 times
2025-01-18 20:28:05,941 - WARNING - Baybayin form ᜀᜃᜓᜇ᜔ᜇᜒᜌᜓᜈᜒᜐ᜔ᜆ appears 2 times
2025-01-18 20:28:05,941 - WARNING - Baybayin form ᜀᜃᜓᜇ᜔ᜇ᜔ᜌᜓᜈᜒᜐ᜔ᜆ appears 2 times
2025-01-18 20:28:05,942 - WARNING - Baybayin form ᜀᜃᜓᜇ᜔ᜇ᜔ᜌᜓᜈ᜔ appears 2 times
2025-01-18 20:28:05,942 - WARNING - Baybayin form ᜀᜃ᜔ᜐ᜔ᜌᜓᜈᜒᜐ᜔ᜆ appears 2 times
2025-01-18 20:28:05,942 - WARNING - Baybayin form ᜀᜄᜓᜑᜓ appears 2 times
2025-01-18 20:28:05,943 - WARNING - Baybayin form ᜀᜆ᜔ᜇᜒᜊᜒᜇ appears 2 times
2025-01-18 20:28:05,943 - WARNING - Baybayin form ᜀᜇ᜔ᜌᜓᜎ appears 2 times
2025-01-18 20:28:05,944 - WARNING - Baybayin form ᜀᜈᜐ᜔ᜆᜐ᜔ᜌ appears 2 times
2025-01-18 20:28:05,944 - WARNING - Baybayin form ᜀᜈ᜔ᜆ᜔ᜐ appears 2 times
2025-01-18 20:28:05,944 - WARNING - Baybayin form ᜀᜊᜒᜎᜏ᜔ appears 2 times
2025-01-18 20:28:05,945 - WARNING - Baybayin form ᜀᜊᜓᜎᜒ appears 2 times
2025-01-18 20:28:05,945 - WARNING - Baybayin form ᜀᜎ ᜁ appears 2 times
2025-01-18 20:28:05,945 - WARNING - Baybayin form ᜀᜎᜑᜒᜊᜒ appears 2 times
2025-01-18 20:28:05,946 - WARNING - Baybayin form ᜀᜎᜒᜊᜓᜆ᜔ᜇᜈ᜔ appears 2 times
2025-01-18 20:28:05,946 - WARNING - Baybayin form ᜀᜏ᜔ᜐ᜔ᜆ᜔ᜇᜎ᜔ᜌ appears 2 times
2025-01-18 20:28:05,946 - WARNING - Baybayin form ᜀᜏ᜔ᜐ᜔ᜆ᜔ᜇᜒᜌ appears 2 times
2025-01-18 20:28:05,947 - WARNING - Baybayin form ᜀᜏ᜔ᜐ᜔ᜆ᜔ᜇᜒᜌᜂᜅ᜔ᜄ᜔ᜇᜒᜌ appears 2 times
2025-01-18 20:28:05,947 - WARNING - Baybayin form ᜀᜐᜁᜐ᜔ appears 2 times
2025-01-18 20:28:05,947 - WARNING - Baybayin form ᜀᜐᜌ᜔ᜈ᜔ᜋᜒᜈ᜔ᜆ᜔ appears 2 times
2025-01-18 20:28:05,948 - WARNING - Baybayin form ᜀᜐᜒᜁᜐ᜔ appears 2 times
2025-01-18 20:28:05,948 - WARNING - Baybayin form ᜁᜆᜓᜇᜎ᜔ᜇᜒ appears 2 times
2025-01-18 20:28:05,948 - WARNING - Baybayin form ᜁᜈ᜔ᜌᜒᜄᜒᜐ᜔ appears 2 times
2025-01-18 20:28:05,948 - WARNING - Baybayin form ᜁᜉᜓᜁᜉᜓ appears 2 times
2025-01-18 20:28:05,949 - WARNING - Baybayin form ᜁᜊᜅ᜔ᜐᜒᜎ᜔ᜌᜓ appears 2 times
2025-01-18 20:28:05,949 - WARNING - Baybayin form ᜁᜊᜈ᜔ᜌᜒᜐ᜔ appears 2 times
2025-01-18 20:28:05,949 - WARNING - Baybayin form ᜁᜎᜒᜐᜒ appears 2 times
2025-01-18 20:28:05,950 - WARNING - Baybayin form ᜁᜎᜒᜑᜈ᜔ appears 2 times
2025-01-18 20:28:05,950 - WARNING - Baybayin form ᜁᜐ᜔ᜃᜓᜊᜒᜇᜓ appears 2 times
2025-01-18 20:28:05,950 - WARNING - Baybayin form ᜁᜐ᜔ᜆᜎᜉᜆ appears 2 times
2025-01-18 20:28:05,950 - WARNING - Baybayin form ᜁᜐ᜔ᜆᜒᜇᜒᜇ appears 3 times
2025-01-18 20:28:05,951 - WARNING - Baybayin form ᜁᜐ᜔ᜉᜒᜈᜓᜐ appears 2 times
2025-01-18 20:28:05,951 - WARNING - Baybayin form ᜁᜐ᜔ᜉᜒᜌ᜔ᜇ᜔ appears 2 times
2025-01-18 20:28:05,951 - WARNING - Baybayin form ᜁᜐ᜔ᜎᜓᜊᜒᜈ᜔ᜌ appears 2 times
2025-01-18 20:28:05,952 - WARNING - Baybayin form ᜂᜅ᜔ᜄ᜔ᜇᜒᜌ appears 2 times
2025-01-18 20:28:05,952 - WARNING - Baybayin form ᜂᜆᜈᜒ appears 2 times
2025-01-18 20:28:05,952 - WARNING - Baybayin form ᜂᜆ᜔ᜐᜓ appears 2 times
2025-01-18 20:28:05,953 - WARNING - Baybayin form ᜃᜆᜓᜎᜓᜈᜈ᜔ appears 2 times
2025-01-18 20:28:05,953 - WARNING - Baybayin form ᜃᜆ᜔ᜐᜃᜑᜈ᜔ appears 2 times
2025-01-18 20:28:05,953 - WARNING - Baybayin form ᜃᜇᜒᜎ᜔ᜌᜓ appears 2 times
2025-01-18 20:28:05,953 - WARNING - Baybayin form ᜃᜈ᜔ᜌᜒᜇᜓ appears 2 times
2025-01-18 20:28:05,953 - WARNING - Baybayin form ᜃᜉᜄ᜔ ᜊᜒᜈᜆᜓ ᜃ ᜈᜅ᜔ ᜊᜆᜓ ᜵ ᜊᜆᜓᜑᜒᜈ᜔ ᜋᜓ ᜈᜅ᜔ ᜆᜒᜈᜉᜌ᜔ appears 2 times
2025-01-18 20:28:05,953 - WARNING - Baybayin form ᜃᜊᜒᜎᜒᜅ᜔ appears 2 times
2025-01-18 20:28:05,953 - WARNING - Baybayin form ᜃᜊᜓᜆᜒ appears 2 times
2025-01-18 20:28:05,954 - WARNING - Baybayin form ᜃᜋᜒ appears 2 times
2025-01-18 20:28:05,954 - WARNING - Baybayin form ᜃᜒᜆᜓᜅᜈ᜔ appears 2 times
2025-01-18 20:28:05,954 - WARNING - Baybayin form ᜃᜒᜇᜒ appears 2 times
2025-01-18 20:28:05,954 - WARNING - Baybayin form ᜃᜒᜌᜋᜓᜌ᜔ appears 2 times
2025-01-18 20:28:05,954 - WARNING - Baybayin form ᜃᜒᜌᜓᜅ᜔ ᜑᜒ ᜑᜓᜏᜆ᜔ ᜆ᜔ᜐᜌ᜔ appears 2 times
2025-01-18 20:28:05,954 - WARNING - Baybayin form ᜃᜒᜎᜒᜃᜒᜎᜒ appears 2 times
2025-01-18 20:28:05,954 - WARNING - Baybayin form ᜃᜓ appears 3 times
2025-01-18 20:28:05,954 - WARNING - Baybayin form ᜃᜓᜇ appears 2 times
2025-01-18 20:28:05,954 - WARNING - Baybayin form ᜃᜓᜇ᜔ᜉᜓᜐ᜔ appears 2 times
2025-01-18 20:28:05,954 - WARNING - Baybayin form ᜃᜓᜈᜒᜃ᜔ᜐ᜔ᜌᜓᜈ᜔ appears 2 times
2025-01-18 20:28:05,955 - WARNING - Baybayin form ᜃᜓᜈ᜔ᜆ᜔ᜐᜊ appears 2 times
2025-01-18 20:28:05,955 - WARNING - Baybayin form ᜃᜓᜈ᜔ᜆ᜔ᜐᜊᜑᜈ᜔ appears 2 times
2025-01-18 20:28:05,955 - WARNING - Baybayin form ᜃᜓᜉᜓᜅ᜔ appears 2 times
2025-01-18 20:28:05,955 - WARNING - Baybayin form ᜃᜓᜋᜒᜈ᜔ᜆᜓ appears 2 times
2025-01-18 20:28:05,955 - WARNING - Baybayin form ᜃᜓᜋ᜔ᜉ᜔ᜇᜒᜈ᜔ᜐᜒᜊᜓ appears 2 times
2025-01-18 20:28:05,955 - WARNING - Baybayin form ᜃᜓᜏ appears 3 times
2025-01-18 20:28:05,955 - WARNING - Baybayin form ᜃᜓᜏᜓᜌ᜔ᜈ᜔ appears 2 times
2025-01-18 20:28:05,956 - WARNING - Baybayin form ᜃ᜔ᜎᜒᜊᜒ appears 2 times
2025-01-18 20:28:05,956 - WARNING - Baybayin form ᜄᜊ᜔ᜁ appears 2 times
2025-01-18 20:28:05,956 - WARNING - Baybayin form ᜄᜒᜊᜇ appears 2 times
2025-01-18 20:28:05,956 - WARNING - Baybayin form ᜆᜐ᜔ appears 2 times
2025-01-18 20:28:05,956 - WARNING - Baybayin form ᜆᜒᜃ᜔ᜐᜓᜈ᜔ appears 2 times
2025-01-18 20:28:05,957 - WARNING - Baybayin form ᜆᜒᜌᜓᜇᜒᜐᜒᜌ appears 2 times
2025-01-18 20:28:05,957 - WARNING - Baybayin form ᜆᜒᜌᜓᜊᜒᜊᜓ appears 2 times
2025-01-18 20:28:05,957 - WARNING - Baybayin form ᜆᜒᜑᜒᜇᜐ᜔ appears 2 times
2025-01-18 20:28:05,957 - WARNING - Baybayin form ᜆᜓᜇᜎ᜔ᜊ appears 2 times
2025-01-18 20:28:05,957 - WARNING - Baybayin form ᜆ᜔ᜇᜈ᜔ᜐ᜔ᜎᜐ᜔ᜌᜓᜈ᜔ appears 2 times
2025-01-18 20:28:05,958 - WARNING - Baybayin form ᜆ᜔ᜐᜅ᜔ appears 2 times
2025-01-18 20:28:05,958 - WARNING - Baybayin form ᜆ᜔ᜐᜋᜒ appears 2 times
2025-01-18 20:28:05,958 - WARNING - Baybayin form ᜆ᜔ᜐᜒ appears 3 times
2025-01-18 20:28:05,958 - WARNING - Baybayin form ᜆ᜔ᜐᜒᜃᜒᜈᜒᜈᜒ appears 2 times
2025-01-18 20:28:05,958 - WARNING - Baybayin form ᜆ᜔ᜐᜒᜃᜓ appears 3 times
2025-01-18 20:28:05,958 - WARNING - Baybayin form ᜆ᜔ᜐᜒᜃ᜔ᜊᜓᜌ᜔ appears 2 times
2025-01-18 20:28:05,958 - WARNING - Baybayin form ᜆ᜔ᜐᜓ appears 2 times
2025-01-18 20:28:05,958 - WARNING - Baybayin form ᜆ᜔ᜐᜓᜋᜃ appears 2 times
2025-01-18 20:28:05,959 - WARNING - Baybayin form ᜆ᜔ᜐᜓᜎ appears 2 times
2025-01-18 20:28:05,959 - WARNING - Baybayin form ᜇᜇᜀᜈ᜔ appears 2 times
2025-01-18 20:28:05,959 - WARNING - Baybayin form ᜇᜒ appears 2 times
2025-01-18 20:28:05,959 - WARNING - Baybayin form ᜇᜒᜃᜇ ᜐᜒᜐᜒᜈ᜔ᜆ appears 2 times
2025-01-18 20:28:05,959 - WARNING - Baybayin form ᜇᜒᜃ᜔ᜐ᜔ᜌᜓᜈᜇ᜔ᜌᜓ appears 2 times
2025-01-18 20:28:05,959 - WARNING - Baybayin form ᜇᜒᜈᜒ appears 2 times
2025-01-18 20:28:05,959 - WARNING - Baybayin form ᜇᜒᜉ᜔ᜎᜌᜈ᜔ appears 2 times
2025-01-18 20:28:05,960 - WARNING - Baybayin form ᜇᜒᜊ᜔ᜌᜓ appears 2 times
2025-01-18 20:28:05,960 - WARNING - Baybayin form ᜇᜒᜊ᜔ᜌᜓᜑᜒᜈ᜔ appears 2 times
2025-01-18 20:28:05,960 - WARNING - Baybayin form ᜇᜒᜋᜃᜓᜑ appears 2 times
2025-01-18 20:28:05,961 - WARNING - Baybayin form ᜇᜒᜋᜉᜒᜎᜒᜐ᜔ appears 2 times
2025-01-18 20:28:05,961 - WARNING - Baybayin form ᜇᜒᜐ᜔ᜃᜓᜋ᜔ᜉᜒᜌᜇᜓ appears 2 times
2025-01-18 20:28:05,961 - WARNING - Baybayin form ᜇᜓᜃ᜔ᜆᜓᜇ appears 2 times
2025-01-18 20:28:05,961 - WARNING - Baybayin form ᜇᜓᜇᜓᜃᜓᜆ᜔ appears 2 times
2025-01-18 20:28:05,962 - WARNING - Baybayin form ᜇᜓᜇᜓᜅᜏ᜔ appears 2 times
2025-01-18 20:28:05,962 - WARNING - Baybayin form ᜇᜓᜋᜈ appears 2 times
2025-01-18 20:28:05,962 - WARNING - Baybayin form ᜇᜓᜋᜓᜇᜓᜃᜓᜆ᜔ appears 2 times
2025-01-18 20:28:05,962 - WARNING - Baybayin form ᜇᜓᜋᜓᜇᜓᜅᜏ᜔ appears 2 times
2025-01-18 20:28:05,963 - WARNING - Baybayin form ᜇᜓᜎᜒ appears 2 times
2025-01-18 20:28:05,963 - WARNING - Baybayin form ᜇ᜔ᜌᜓᜋᜇ᜔ appears 2 times
2025-01-18 20:28:05,963 - WARNING - Baybayin form ᜈᜃ᜔ᜉᜒᜎ᜔ appears 2 times
2025-01-18 20:28:05,963 - WARNING - Baybayin form ᜈᜊᜓᜃᜓᜇᜓᜈᜓᜐᜓᜇ᜔ appears 2 times
2025-01-18 20:28:05,963 - WARNING - Baybayin form ᜈᜌ᜔ᜆ᜔ ᜃ᜔ᜎᜊ᜔ appears 2 times
2025-01-18 20:28:05,964 - WARNING - Baybayin form ᜈᜌ᜔ᜆ᜔ᜄᜏ᜔ᜈ᜔ appears 3 times
2025-01-18 20:28:05,964 - WARNING - Baybayin form ᜈᜌ᜔ᜈ᜔ᜆᜒᜈ᜔ ᜃᜓᜉᜓᜅ᜔ᜃᜓᜉᜓᜅ᜔ appears 2 times
2025-01-18 20:28:05,964 - WARNING - Baybayin form ᜈᜐᜇᜒᜆ᜔ appears 2 times
2025-01-18 20:28:05,964 - WARNING - Baybayin form ᜈᜐᜈ᜔ appears 2 times
2025-01-18 20:28:05,965 - WARNING - Baybayin form ᜈᜓᜂᜇ᜔ appears 2 times
2025-01-18 20:28:05,965 - WARNING - Baybayin form ᜉᜇᜒᜈ᜔ᜌᜓ appears 2 times
2025-01-18 20:28:05,965 - WARNING - Baybayin form ᜉᜇᜒᜎ᜔ᜌ appears 2 times
2025-01-18 20:28:05,965 - WARNING - Baybayin form ᜉᜉᜎᜒᜆᜇᜑᜈ᜔ appears 2 times
2025-01-18 20:28:05,965 - WARNING - Baybayin form ᜉᜎᜒᜆᜇᜑᜈ᜔ appears 2 times
2025-01-18 20:28:05,966 - WARNING - Baybayin form ᜉᜏ᜔ᜈ᜔ᜆᜒᜌ᜔ᜈ᜔ appears 2 times
2025-01-18 20:28:05,966 - WARNING - Baybayin form ᜉᜒᜈᜉᜎᜒᜆᜇᜑᜈ᜔ appears 2 times
2025-01-18 20:28:05,966 - WARNING - Baybayin form ᜉᜒᜈᜎᜒᜆᜇᜑᜈ᜔ appears 2 times
2025-01-18 20:28:05,967 - WARNING - Baybayin form ᜉᜒᜌᜌ appears 2 times
2025-01-18 20:28:05,967 - WARNING - Baybayin form ᜉᜓᜆᜓᜊᜋ᜔ appears 2 times
2025-01-18 20:28:05,967 - WARNING - Baybayin form ᜉ᜔ᜇᜓᜉᜌ᜔ᜎ᜔ appears 2 times
2025-01-18 20:28:05,967 - WARNING - Baybayin form ᜉ᜔ᜐᜒ appears 2 times
2025-01-18 20:28:05,968 - WARNING - Baybayin form ᜊᜆᜓᜊᜎᜈᜒ appears 2 times
2025-01-18 20:28:05,968 - WARNING - Baybayin form ᜊᜈ᜔ᜇᜒᜇᜒᜆ appears 2 times
2025-01-18 20:28:05,968 - WARNING - Baybayin form ᜊᜋᜓᜐ᜔ appears 2 times
2025-01-18 20:28:05,968 - WARNING - Baybayin form ᜊᜎᜑᜇ᜔ᜌ appears 2 times
2025-01-18 20:28:05,969 - WARNING - Baybayin form ᜊᜎᜒᜈ appears 2 times
2025-01-18 20:28:05,969 - WARNING - Baybayin form ᜊᜎᜒᜐ᜔ᜆᜒᜇᜓᜐ᜔ appears 2 times
2025-01-18 20:28:05,969 - WARNING - Baybayin form ᜊᜒ appears 2 times
2025-01-18 20:28:05,970 - WARNING - Baybayin form ᜊᜒᜃᜒ appears 4 times
2025-01-18 20:28:05,970 - WARNING - Baybayin form ᜊᜒᜆᜎᜒᜐ᜔ appears 2 times
2025-01-18 20:28:05,970 - WARNING - Baybayin form ᜊᜒᜆᜓᜈ᜔ appears 2 times
2025-01-18 20:28:05,971 - WARNING - Baybayin form ᜊᜒᜇ᜔ᜆᜓᜐ᜔ᜌᜓ appears 2 times
2025-01-18 20:28:05,971 - WARNING - Baybayin form ᜊᜒᜇ᜔ᜌᜓᜃᜒ appears 2 times
2025-01-18 20:28:05,971 - WARNING - Baybayin form ᜊᜒᜇ᜔ᜐᜒᜈ᜔ appears 2 times
2025-01-18 20:28:05,972 - WARNING - Baybayin form ᜊᜒᜈᜓᜌ appears 2 times
2025-01-18 20:28:05,972 - WARNING - Baybayin form ᜊᜒᜋ᜔ᜊᜒ appears 2 times
2025-01-18 20:28:05,972 - WARNING - Baybayin form ᜊᜒᜐ᜔ᜃᜓᜈ᜔ᜇᜒ appears 2 times
2025-01-18 20:28:05,972 - WARNING - Baybayin form ᜊᜓᜆᜒᜑ appears 2 times
2025-01-18 20:28:05,972 - WARNING - Baybayin form ᜊᜓᜆᜓᜋᜒᜐ appears 2 times
2025-01-18 20:28:05,973 - WARNING - Baybayin form ᜊᜓᜇᜒᜎ᜔ ᜉᜌ᜔ᜆ᜔ appears 2 times
2025-01-18 20:28:05,973 - WARNING - Baybayin form ᜊᜓᜎ᜔ᜆ appears 2 times
2025-01-18 20:28:05,973 - WARNING - Baybayin form ᜋᜃᜇᜁᜄ᜔ appears 2 times
2025-01-18 20:28:05,973 - WARNING - Baybayin form ᜋᜃᜎᜒᜈ᜔ᜆᜎ᜔ appears 2 times
2025-01-18 20:28:05,973 - WARNING - Baybayin form ᜋᜃᜓᜈ᜔ᜆᜒᜈ᜔ᜆᜓ appears 2 times
2025-01-18 20:28:05,974 - WARNING - Baybayin form ᜋᜃ᜔ᜇᜓ appears 3 times
2025-01-18 20:28:05,974 - WARNING - Baybayin form ᜋᜄ᜔ᜆᜓᜎᜓᜄ᜔ᜆᜓᜎᜓᜄᜈ᜔ appears 2 times
2025-01-18 20:28:05,974 - WARNING - Baybayin form ᜋᜄ᜔ᜆ᜔ᜇᜌ᜔ᜐᜒᜃᜒᜎ᜔ appears 2 times
2025-01-18 20:28:05,974 - WARNING - Baybayin form ᜋᜄ᜔ᜐᜓᜋ᜔ᜊᜓᜎ᜔ appears 2 times
2025-01-18 20:28:05,974 - WARNING - Baybayin form ᜋᜇᜒᜌ appears 2 times
2025-01-18 20:28:05,975 - WARNING - Baybayin form ᜋᜌᜓᜎ᜔ᜇᜓᜋᜓ appears 2 times
2025-01-18 20:28:05,975 - WARNING - Baybayin form ᜋᜎᜒᜃ᜔ᜇᜒᜋ᜔ appears 2 times
2025-01-18 20:28:05,975 - WARNING - Baybayin form ᜋᜎᜒᜃ᜔ᜐᜒ appears 3 times
2025-01-18 20:28:05,975 - WARNING - Baybayin form ᜋᜎᜒᜑᜈ᜔ appears 2 times
2025-01-18 20:28:05,976 - WARNING - Baybayin form ᜋᜎ᜔ᜌᜇᜒ appears 2 times
2025-01-18 20:28:05,976 - WARNING - Baybayin form ᜋᜐᜅ᜔ᜃᜌ᜔ appears 2 times
2025-01-18 20:28:05,976 - WARNING - Baybayin form ᜋᜒᜆᜒᜅ᜔ ᜇᜒ ᜀᜊᜈ᜔ᜐᜒ appears 2 times
2025-01-18 20:28:05,977 - WARNING - Baybayin form ᜋᜓᜆ᜔ᜐᜅ᜔ᜋᜓᜆ᜔ᜐᜅ᜔ appears 2 times
2025-01-18 20:28:05,977 - WARNING - Baybayin form ᜋᜓᜋᜓ appears 2 times
2025-01-18 20:28:05,977 - WARNING - Baybayin form ᜋᜓᜎᜒᜈᜒᜎ᜔ᜌᜓ appears 2 times
2025-01-18 20:28:05,978 - WARNING - Baybayin form ᜌᜓᜈ᜔ appears 2 times
2025-01-18 20:28:05,978 - WARNING - Baybayin form ᜌᜓᜐᜓᜈ᜔ appears 2 times
2025-01-18 20:28:05,978 - WARNING - Baybayin form ᜎᜃ᜔ᜐᜋᜈ appears 2 times
2025-01-18 20:28:05,979 - WARNING - Baybayin form ᜎᜏ᜔ᜇ᜔ᜁᜐ᜔ᜉᜒᜃᜒᜇ᜔ appears 2 times
2025-01-18 20:28:05,979 - WARNING - Baybayin form ᜎᜐᜒᜅ᜔ᜄᜒᜇ appears 2 times
2025-01-18 20:28:05,979 - WARNING - Baybayin form ᜎᜒᜌᜓᜅ᜔ appears 2 times
2025-01-18 20:28:05,980 - WARNING - Baybayin form ᜎᜓᜊᜏ᜔ appears 2 times
2025-01-18 20:28:05,980 - WARNING - Baybayin form ᜎᜓᜏᜎ᜔ᜑᜆᜒ appears 2 times
2025-01-18 20:28:05,980 - WARNING - Baybayin form ᜏᜒᜎᜒ appears 2 times
2025-01-18 20:28:05,980 - WARNING - Baybayin form ᜐᜅ᜔ appears 2 times
2025-01-18 20:28:05,981 - WARNING - Baybayin form ᜐᜅ᜔ᜃᜒ appears 2 times
2025-01-18 20:28:05,981 - WARNING - Baybayin form ᜐᜌ᜔ᜇ᜔ᜎᜌ᜔ᜈ᜔ appears 2 times
2025-01-18 20:28:05,981 - WARNING - Baybayin form ᜐᜒ appears 3 times
2025-01-18 20:28:05,982 - WARNING - Baybayin form ᜐᜒᜅ᜔ᜃᜓ appears 2 times
2025-01-18 20:28:05,982 - WARNING - Baybayin form ᜐᜒᜈᜒᜉᜒᜆᜒ appears 2 times
2025-01-18 20:28:05,982 - WARNING - Baybayin form ᜐᜒᜈ᜔ᜆᜒᜈᜓ appears 2 times
2025-01-18 20:28:05,983 - WARNING - Baybayin form ᜐᜒᜊ᜔ᜏᜈ appears 2 times
2025-01-18 20:28:05,983 - WARNING - Baybayin form ᜐᜒᜌ appears 2 times
2025-01-18 20:28:05,983 - WARNING - Baybayin form ᜐᜒᜐᜓᜐ᜔ appears 2 times
2025-01-18 20:28:05,983 - WARNING - Baybayin form ᜐᜓᜊᜒᜃ᜔ appears 2 times
2025-01-18 20:28:05,984 - WARNING - Baybayin form ᜐ᜔ᜌᜏ᜔ appears 4 times
2025-01-18 20:28:05,984 - WARNING - Baybayin form ᜐ᜔ᜌᜒᜊᜓᜎᜒ appears 2 times
2025-01-18 20:28:05,984 - WARNING - Baybayin form ᜐ᜔ᜌᜓᜆ appears 2 times
2025-01-18 20:28:05,984 - WARNING - Baybayin form ᜑᜎᜑᜎ appears 2 times
2025-01-18 20:28:05,985 - WARNING - Baybayin form ᜑᜏ᜔ appears 2 times
2025-01-18 20:28:05,985 - WARNING - Baybayin form ᜑᜒᜇᜓᜈ᜔ appears 2 times
2025-01-18 20:28:05,985 - WARNING - Baybayin form ᜑᜒᜌᜓᜇ᜔ᜑᜒᜌ appears 2 times
2025-01-18 20:28:05,986 - WARNING - Baybayin form ᜑᜓᜅ᜔ appears 2 times
2025-01-18 20:28:05,986 - WARNING - Baybayin form ᜑᜓᜏᜈ appears 2 times
2025-01-18 20:28:25,317 - INFO - Merging duplicate Baybayin entries: 93612 and 95118
2025-01-18 20:28:25,444 - INFO - Merging duplicate Baybayin entries: 93614 and 94424
2025-01-18 20:28:25,564 - INFO - Merging duplicate Baybayin entries: 93670 and 94129
2025-01-18 20:28:25,687 - INFO - Merging duplicate Baybayin entries: 93670 and 94749
2025-01-18 20:28:25,817 - INFO - Merging duplicate Baybayin entries: 93763 and 106437
2025-01-18 20:28:25,936 - INFO - Merging duplicate Baybayin entries: 93764 and 99017
2025-01-18 20:28:26,021 - INFO - Merging duplicate Baybayin entries: 93802 and 96530
2025-01-18 20:28:26,096 - INFO - Merging duplicate Baybayin entries: 94049 and 96569
2025-01-18 20:28:26,167 - INFO - Merging duplicate Baybayin entries: 94126 and 107628
2025-01-18 20:28:26,248 - INFO - Merging duplicate Baybayin entries: 94129 and 94749
2025-01-18 20:28:26,300 - INFO - Merging duplicate Baybayin entries: 94169 and 97903
2025-01-18 20:28:26,425 - INFO - Merging duplicate Baybayin entries: 94229 and 95834
2025-01-18 20:28:26,555 - INFO - Merging duplicate Baybayin entries: 94327 and 101939
2025-01-18 20:28:26,651 - INFO - Merging duplicate Baybayin entries: 94374 and 110635
2025-01-18 20:28:26,749 - INFO - Merging duplicate Baybayin entries: 94493 and 96391
2025-01-18 20:28:26,836 - INFO - Merging duplicate Baybayin entries: 94776 and 94915
2025-01-18 20:28:26,925 - INFO - Merging duplicate Baybayin entries: 94807 and 95450
2025-01-18 20:28:27,006 - INFO - Merging duplicate Baybayin entries: 94808 and 101926
2025-01-18 20:28:27,064 - ERROR - Error merging Baybayin entries 94808 and 101926: duplicate key value violates unique constraint "etymologies_wordid_etymtext_uniq"
DETAIL:  Key (word_id, etymology_text)=(94808, Borrowed from Hokkien 蕭／萧  or 邵 .) already exists.

2025-01-18 20:28:27,065 - INFO - Merging duplicate Baybayin entries: 94808 and 106154
2025-01-18 20:28:27,161 - INFO - Merging duplicate Baybayin entries: 94808 and 106162
2025-01-18 20:28:27,215 - ERROR - Error merging Baybayin entries 94808 and 106162: duplicate key value violates unique constraint "etymologies_wordid_etymtext_uniq"
DETAIL:  Key (word_id, etymology_text)=(94808, Borrowed from Hokkien 蕭／萧  or 邵 .) already exists.

2025-01-18 20:28:27,215 - INFO - Merging duplicate Baybayin entries: 94809 and 102073
2025-01-18 20:28:27,303 - INFO - Merging duplicate Baybayin entries: 94809 and 108653
2025-01-18 20:28:27,386 - INFO - Merging duplicate Baybayin entries: 94816 and 94817
2025-01-18 20:28:27,477 - INFO - Merging duplicate Baybayin entries: 94852 and 98026
2025-01-18 20:28:27,587 - INFO - Merging duplicate Baybayin entries: 94943 and 105059
2025-01-18 20:28:27,720 - INFO - Merging duplicate Baybayin entries: 95092 and 98888
2025-01-18 20:28:27,823 - INFO - Merging duplicate Baybayin entries: 95092 and 106144
2025-01-18 20:28:27,955 - INFO - Merging duplicate Baybayin entries: 96022 and 96330
2025-01-18 20:28:28,080 - INFO - Merging duplicate Baybayin entries: 96022 and 96331
2025-01-18 20:28:28,204 - INFO - Merging duplicate Baybayin entries: 96022 and 96332
2025-01-18 20:28:28,315 - INFO - Merging duplicate Baybayin entries: 96330 and 96331
2025-01-18 20:28:28,348 - INFO - Merging duplicate Baybayin entries: 96330 and 96332
2025-01-18 20:28:28,388 - INFO - Merging duplicate Baybayin entries: 96331 and 96332
2025-01-18 20:28:28,442 - INFO - Merging duplicate Baybayin entries: 96554 and 110332
2025-01-18 20:28:28,512 - INFO - Merging duplicate Baybayin entries: 96680 and 104707
2025-01-18 20:28:28,623 - INFO - Merging duplicate Baybayin entries: 96768 and 109026
2025-01-18 20:28:28,724 - INFO - Merging duplicate Baybayin entries: 96796 and 98993
2025-01-18 20:28:28,813 - INFO - Merging duplicate Baybayin entries: 97102 and 108587
2025-01-18 20:28:28,895 - INFO - Merging duplicate Baybayin entries: 97107 and 109022
2025-01-18 20:28:29,008 - INFO - Merging duplicate Baybayin entries: 97108 and 104846
2025-01-18 20:28:29,139 - INFO - Merging duplicate Baybayin entries: 97143 and 97476
2025-01-18 20:28:29,228 - INFO - Merging duplicate Baybayin entries: 97145 and 99320
2025-01-18 20:28:29,308 - INFO - Merging duplicate Baybayin entries: 97236 and 110246
2025-01-18 20:28:29,421 - INFO - Merging duplicate Baybayin entries: 97279 and 108707
2025-01-18 20:28:29,483 - ERROR - Error merging Baybayin entries 97279 and 108707: duplicate key value violates unique constraint "etymologies_wordid_etymtext_uniq"
DETAIL:  Key (word_id, etymology_text)=(97279, Borrowed from Spanish Juana.) already exists.

2025-01-18 20:28:29,484 - INFO - Merging duplicate Baybayin entries: 97580 and 98389
2025-01-18 20:28:29,611 - INFO - Merging duplicate Baybayin entries: 97829 and 103234
2025-01-18 20:28:29,736 - INFO - Merging duplicate Baybayin entries: 97862 and 101849
2025-01-18 20:28:29,873 - INFO - Merging duplicate Baybayin entries: 97944 and 99056
2025-01-18 20:28:30,002 - INFO - Merging duplicate Baybayin entries: 98211 and 98241
2025-01-18 20:28:30,114 - INFO - Merging duplicate Baybayin entries: 98211 and 101274
2025-01-18 20:28:30,210 - INFO - Merging duplicate Baybayin entries: 98220 and 100496
2025-01-18 20:28:30,301 - INFO - Merging duplicate Baybayin entries: 98220 and 101263
2025-01-18 20:28:30,389 - INFO - Merging duplicate Baybayin entries: 98241 and 101274
2025-01-18 20:28:30,428 - INFO - Merging duplicate Baybayin entries: 98328 and 107231
2025-01-18 20:28:30,557 - INFO - Merging duplicate Baybayin entries: 98411 and 100059
2025-01-18 20:28:30,640 - INFO - Merging duplicate Baybayin entries: 98515 and 102262
2025-01-18 20:28:30,743 - INFO - Merging duplicate Baybayin entries: 98613 and 107807
2025-01-18 20:28:30,863 - INFO - Merging duplicate Baybayin entries: 98615 and 110779
2025-01-18 20:28:30,956 - INFO - Merging duplicate Baybayin entries: 98888 and 106144
2025-01-18 20:28:30,998 - INFO - Merging duplicate Baybayin entries: 98901 and 99858
2025-01-18 20:28:31,094 - INFO - Merging duplicate Baybayin entries: 98935 and 101890
2025-01-18 20:28:31,216 - INFO - Merging duplicate Baybayin entries: 99161 and 107443
2025-01-18 20:28:31,301 - INFO - Merging duplicate Baybayin entries: 99178 and 110191
2025-01-18 20:28:31,387 - INFO - Merging duplicate Baybayin entries: 99306 and 99794
2025-01-18 20:28:31,478 - INFO - Merging duplicate Baybayin entries: 99319 and 108925
2025-01-18 20:28:31,574 - INFO - Merging duplicate Baybayin entries: 99613 and 109357
2025-01-18 20:28:31,696 - INFO - Merging duplicate Baybayin entries: 99910 and 104204
2025-01-18 20:28:31,798 - INFO - Merging duplicate Baybayin entries: 99946 and 101909
2025-01-18 20:28:31,920 - INFO - Merging duplicate Baybayin entries: 99958 and 103527
2025-01-18 20:28:32,048 - INFO - Merging duplicate Baybayin entries: 99994 and 108706
2025-01-18 20:28:32,170 - INFO - Merging duplicate Baybayin entries: 100042 and 110061
2025-01-18 20:28:32,279 - INFO - Merging duplicate Baybayin entries: 100058 and 104377
2025-01-18 20:28:32,383 - INFO - Merging duplicate Baybayin entries: 100063 and 108595
2025-01-18 20:28:32,460 - INFO - Merging duplicate Baybayin entries: 100088 and 101323
2025-01-18 20:28:32,536 - INFO - Merging duplicate Baybayin entries: 100274 and 102213
2025-01-18 20:28:32,619 - INFO - Merging duplicate Baybayin entries: 100403 and 108936
2025-01-18 20:28:32,724 - INFO - Merging duplicate Baybayin entries: 100496 and 101263
2025-01-18 20:28:32,762 - INFO - Merging duplicate Baybayin entries: 100856 and 107423
2025-01-18 20:28:32,866 - INFO - Merging duplicate Baybayin entries: 101282 and 106241
2025-01-18 20:28:32,978 - INFO - Merging duplicate Baybayin entries: 101282 and 109492
2025-01-18 20:28:33,088 - INFO - Merging duplicate Baybayin entries: 101500 and 110437
2025-01-18 20:28:33,170 - INFO - Merging duplicate Baybayin entries: 101542 and 107906
2025-01-18 20:28:33,253 - INFO - Merging duplicate Baybayin entries: 101643 and 109164
2025-01-18 20:28:33,341 - INFO - Merging duplicate Baybayin entries: 101803 and 101973
2025-01-18 20:28:33,454 - INFO - Merging duplicate Baybayin entries: 101850 and 103430
2025-01-18 20:28:33,575 - INFO - Merging duplicate Baybayin entries: 101868 and 106156
2025-01-18 20:28:33,696 - INFO - Merging duplicate Baybayin entries: 101883 and 102098
2025-01-18 20:28:33,825 - INFO - Merging duplicate Baybayin entries: 101902 and 103829
2025-01-18 20:28:33,954 - INFO - Merging duplicate Baybayin entries: 101926 and 106154
2025-01-18 20:28:34,001 - INFO - Merging duplicate Baybayin entries: 101926 and 106162
2025-01-18 20:28:34,045 - ERROR - Error merging Baybayin entries 101926 and 106162: duplicate key value violates unique constraint "etymologies_wordid_etymtext_uniq"
DETAIL:  Key (word_id, etymology_text)=(101926, Borrowed from Hokkien 蕭／萧  or 邵 .) already exists.

2025-01-18 20:28:34,046 - INFO - Merging duplicate Baybayin entries: 102073 and 108653
2025-01-18 20:28:34,081 - INFO - Merging duplicate Baybayin entries: 102075 and 104822
2025-01-18 20:28:34,149 - INFO - Merging duplicate Baybayin entries: 102128 and 102258
2025-01-18 20:28:34,220 - INFO - Merging duplicate Baybayin entries: 102158 and 104181
2025-01-18 20:28:34,298 - INFO - Merging duplicate Baybayin entries: 102167 and 103703
2025-01-18 20:28:34,418 - INFO - Merging duplicate Baybayin entries: 102174 and 103497
2025-01-18 20:28:34,504 - INFO - Merging duplicate Baybayin entries: 102206 and 103696
2025-01-18 20:28:34,610 - INFO - Merging duplicate Baybayin entries: 102211 and 103327
2025-01-18 20:28:34,727 - INFO - Merging duplicate Baybayin entries: 102245 and 103059
2025-01-18 20:28:34,826 - INFO - Merging duplicate Baybayin entries: 102257 and 104004
2025-01-18 20:28:34,907 - INFO - Merging duplicate Baybayin entries: 102730 and 103413
2025-01-18 20:28:34,986 - INFO - Merging duplicate Baybayin entries: 103077 and 108507
2025-01-18 20:28:35,068 - INFO - Merging duplicate Baybayin entries: 103104 and 104840
2025-01-18 20:28:35,184 - INFO - Merging duplicate Baybayin entries: 103109 and 103447
2025-01-18 20:28:35,310 - INFO - Merging duplicate Baybayin entries: 103114 and 108506
2025-01-18 20:28:35,397 - INFO - Merging duplicate Baybayin entries: 103125 and 103126
2025-01-18 20:28:35,519 - INFO - Merging duplicate Baybayin entries: 103389 and 104726
2025-01-18 20:28:35,642 - INFO - Merging duplicate Baybayin entries: 103399 and 103602
2025-01-18 20:28:35,760 - INFO - Merging duplicate Baybayin entries: 103426 and 108503
2025-01-18 20:28:35,864 - INFO - Merging duplicate Baybayin entries: 103426 and 110327
2025-01-18 20:28:35,974 - INFO - Merging duplicate Baybayin entries: 103461 and 107033
2025-01-18 20:28:36,015 - ERROR - Error merging Baybayin entries 103461 and 107033: duplicate key value violates unique constraint "etymologies_wordid_etymtext_uniq"
DETAIL:  Key (word_id, etymology_text)=(103461, Borrowed from Spanish vizconde (“viscount”).) already exists.

2025-01-18 20:28:36,015 - INFO - Merging duplicate Baybayin entries: 103544 and 110641
2025-01-18 20:28:36,092 - INFO - Merging duplicate Baybayin entries: 103567 and 103568
2025-01-18 20:28:36,168 - INFO - Merging duplicate Baybayin entries: 103582 and 110518
2025-01-18 20:28:36,256 - INFO - Merging duplicate Baybayin entries: 103638 and 103807
2025-01-18 20:28:36,365 - INFO - Merging duplicate Baybayin entries: 103655 and 103657
2025-01-18 20:28:36,459 - INFO - Merging duplicate Baybayin entries: 103817 and 104093
2025-01-18 20:28:36,543 - INFO - Merging duplicate Baybayin entries: 103835 and 108429
2025-01-18 20:28:36,654 - INFO - Merging duplicate Baybayin entries: 103892 and 103893
2025-01-18 20:28:36,764 - INFO - Merging duplicate Baybayin entries: 104264 and 104283
2025-01-18 20:28:36,863 - INFO - Merging duplicate Baybayin entries: 104373 and 107280
2025-01-18 20:28:36,947 - INFO - Merging duplicate Baybayin entries: 104575 and 108486
2025-01-18 20:28:37,033 - INFO - Merging duplicate Baybayin entries: 104578 and 106339
2025-01-18 20:28:37,119 - INFO - Merging duplicate Baybayin entries: 104613 and 109803
2025-01-18 20:28:37,216 - INFO - Merging duplicate Baybayin entries: 104917 and 110446
2025-01-18 20:28:37,341 - INFO - Merging duplicate Baybayin entries: 105076 and 105827
2025-01-18 20:28:37,462 - INFO - Merging duplicate Baybayin entries: 105105 and 110501
2025-01-18 20:28:37,588 - INFO - Merging duplicate Baybayin entries: 105192 and 110193
2025-01-18 20:28:37,710 - INFO - Merging duplicate Baybayin entries: 105214 and 105739
2025-01-18 20:28:37,831 - INFO - Merging duplicate Baybayin entries: 105219 and 107972
2025-01-18 20:28:37,950 - INFO - Merging duplicate Baybayin entries: 105220 and 107970
2025-01-18 20:28:38,018 - INFO - Merging duplicate Baybayin entries: 105357 and 105358
2025-01-18 20:28:38,094 - INFO - Merging duplicate Baybayin entries: 105389 and 105390
2025-01-18 20:28:38,179 - INFO - Merging duplicate Baybayin entries: 105394 and 105395
2025-01-18 20:28:38,288 - INFO - Merging duplicate Baybayin entries: 105458 and 107901
2025-01-18 20:28:38,375 - INFO - Merging duplicate Baybayin entries: 105460 and 107905
2025-01-18 20:28:38,482 - INFO - Merging duplicate Baybayin entries: 105537 and 105538
2025-01-18 20:28:38,587 - INFO - Merging duplicate Baybayin entries: 105836 and 110311
2025-01-18 20:28:38,697 - INFO - Merging duplicate Baybayin entries: 105902 and 108888
2025-01-18 20:28:38,790 - INFO - Merging duplicate Baybayin entries: 105922 and 106616
2025-01-18 20:28:38,869 - INFO - Merging duplicate Baybayin entries: 105934 and 110846
2025-01-18 20:28:38,949 - INFO - Merging duplicate Baybayin entries: 105958 and 110119
2025-01-18 20:28:39,033 - INFO - Merging duplicate Baybayin entries: 106101 and 110277
2025-01-18 20:28:39,147 - INFO - Merging duplicate Baybayin entries: 106131 and 106943
2025-01-18 20:28:39,247 - INFO - Merging duplicate Baybayin entries: 106137 and 106146
2025-01-18 20:28:39,359 - INFO - Merging duplicate Baybayin entries: 106154 and 106162
2025-01-18 20:28:39,390 - ERROR - Error merging Baybayin entries 106154 and 106162: insert or update on table "definitions" violates foreign key constraint "definitions_word_id_fkey"
DETAIL:  Key (word_id)=(106154) is not present in table "words".

2025-01-18 20:28:39,391 - INFO - Merging duplicate Baybayin entries: 106241 and 109492
2025-01-18 20:28:39,446 - INFO - Merging duplicate Baybayin entries: 106517 and 109860
2025-01-18 20:28:39,556 - INFO - Merging duplicate Baybayin entries: 106525 and 109861
2025-01-18 20:28:39,673 - INFO - Merging duplicate Baybayin entries: 106526 and 109859
2025-01-18 20:28:39,787 - INFO - Merging duplicate Baybayin entries: 106612 and 109808
2025-01-18 20:28:39,905 - INFO - Merging duplicate Baybayin entries: 106613 and 109807
2025-01-18 20:28:39,970 - INFO - Merging duplicate Baybayin entries: 106692 and 110048
2025-01-18 20:28:40,047 - INFO - Merging duplicate Baybayin entries: 107130 and 109593
2025-01-18 20:28:40,135 - INFO - Merging duplicate Baybayin entries: 107197 and 109854
2025-01-18 20:28:40,243 - INFO - Merging duplicate Baybayin entries: 107207 and 109855
2025-01-18 20:28:40,324 - INFO - Merging duplicate Baybayin entries: 107292 and 108366
2025-01-18 20:28:40,432 - INFO - Merging duplicate Baybayin entries: 107341 and 107354
2025-01-18 20:28:40,527 - INFO - Merging duplicate Baybayin entries: 107366 and 107370
2025-01-18 20:28:40,650 - INFO - Merging duplicate Baybayin entries: 107573 and 107574
2025-01-18 20:28:40,773 - INFO - Merging duplicate Baybayin entries: 107638 and 109694
2025-01-18 20:28:40,854 - INFO - Merging duplicate Baybayin entries: 107877 and 110202
2025-01-18 20:28:40,938 - INFO - Merging duplicate Baybayin entries: 108114 and 110528
2025-01-18 20:28:41,019 - INFO - Merging duplicate Baybayin entries: 108199 and 110004
2025-01-18 20:28:41,123 - INFO - Merging duplicate Baybayin entries: 108298 and 108299
2025-01-18 20:28:41,253 - INFO - Merging duplicate Baybayin entries: 108392 and 108952
2025-01-18 20:28:41,326 - INFO - Merging duplicate Baybayin entries: 108395 and 108406
2025-01-18 20:28:41,452 - INFO - Merging duplicate Baybayin entries: 108488 and 109583
2025-01-18 20:28:41,573 - INFO - Merging duplicate Baybayin entries: 108503 and 110327
2025-01-18 20:28:41,634 - INFO - Merging duplicate Baybayin entries: 108504 and 108505
2025-01-18 20:28:41,748 - INFO - Merging duplicate Baybayin entries: 108534 and 108536
2025-01-18 20:28:41,843 - INFO - Merging duplicate Baybayin entries: 108556 and 108568
2025-01-18 20:28:41,923 - INFO - Merging duplicate Baybayin entries: 108583 and 108605
2025-01-18 20:28:42,004 - INFO - Merging duplicate Baybayin entries: 108702 and 109895
2025-01-18 20:28:42,092 - INFO - Merging duplicate Baybayin entries: 108721 and 108722
2025-01-18 20:28:42,224 - INFO - Merging duplicate Baybayin entries: 108723 and 108724
2025-01-18 20:28:42,312 - INFO - Merging duplicate Baybayin entries: 108934 and 108980
2025-01-18 20:28:42,421 - INFO - Merging duplicate Baybayin entries: 108950 and 110062
2025-01-18 20:28:42,529 - INFO - Merging duplicate Baybayin entries: 108986 and 108991
2025-01-18 20:28:42,642 - INFO - Merging duplicate Baybayin entries: 109111 and 109112
2025-01-18 20:28:42,733 - INFO - Merging duplicate Baybayin entries: 109175 and 109314
2025-01-18 20:28:42,808 - INFO - Merging duplicate Baybayin entries: 109209 and 110328
2025-01-18 20:28:42,888 - INFO - Merging duplicate Baybayin entries: 109251 and 109252
2025-01-18 20:28:42,965 - INFO - Merging duplicate Baybayin entries: 109273 and 109733
2025-01-18 20:28:43,074 - INFO - Merging duplicate Baybayin entries: 109307 and 109308
2025-01-18 20:28:43,189 - INFO - Merging duplicate Baybayin entries: 109431 and 110228
2025-01-18 20:28:43,272 - INFO - Merging duplicate Baybayin entries: 109562 and 109659
2025-01-18 20:28:43,383 - INFO - Merging duplicate Baybayin entries: 109749 and 109750
2025-01-18 20:28:43,500 - INFO - Merging duplicate Baybayin entries: 109893 and 109957
2025-01-18 20:28:43,611 - INFO - Merging duplicate Baybayin entries: 109899 and 109902
2025-01-18 20:28:43,723 - INFO - Merging duplicate Baybayin entries: 110187 and 110414
2025-01-18 20:28:43,839 - INFO - Merging duplicate Baybayin entries: 110257 and 110649
2025-01-18 20:28:43,957 - INFO - Merging duplicate Baybayin entries: 110313 and 110753
2025-01-18 20:28:44,034 - INFO - Merging duplicate Baybayin entries: 110315 and 110320
2025-01-18 20:28:44,115 - INFO - Merging duplicate Baybayin entries: 110390 and 110396
2025-01-18 20:28:44,189 - INFO - Merging duplicate Baybayin entries: 110394 and 110395
2025-01-18 20:28:44,280 - INFO - Merging duplicate Baybayin entries: 110426 and 110428
2025-01-18 20:28:44,354 - INFO - Merging duplicate Baybayin entries: 110439 and 110442
2025-01-18 20:28:44,452 - INFO - Merging duplicate Baybayin entries: 110439 and 110443
2025-01-18 20:28:44,561 - INFO - Merging duplicate Baybayin entries: 110442 and 110443
2025-01-18 20:28:44,620 - INFO - Merging duplicate Baybayin entries: 110483 and 110487
2025-01-18 20:28:44,712 - INFO - Merging duplicate Baybayin entries: 110483 and 110488
2025-01-18 20:28:44,799 - INFO - Merging duplicate Baybayin entries: 110487 and 110488
2025-01-18 20:28:44,846 - INFO - Merging duplicate Baybayin entries: 110492 and 110494
2025-01-18 20:28:44,960 - INFO - Merging duplicate Baybayin entries: 110546 and 110547
2025-01-18 20:28:45,079 - INFO - Merging duplicate Baybayin entries: 110590 and 110592
2025-01-18 20:28:45,177 - INFO - Merging duplicate Baybayin entries: 110594 and 110595
2025-01-18 20:28:45,295 - INFO - Merging duplicate Baybayin entries: 110596 and 110597
2025-01-18 20:28:45,411 - INFO - Merging duplicate Baybayin entries: 110650 and 110652
2025-01-18 20:28:45,531 - INFO - Merging duplicate Baybayin entries: 110664 and 110667
2025-01-18 20:28:45,657 - INFO - Merging duplicate Baybayin entries: 110708 and 110712
2025-01-18 20:28:45,733 - INFO - Merging duplicate Baybayin entries: 110724 and 110726
2025-01-18 20:28:45,797 - INFO - Merging duplicate Baybayin entries: 110843 and 110845
2025-01-18 20:28:45,869 - INFO - Migration completed successfully
