2025-03-24 23:48:31,767 - INFO - Looking up word: Namespace(command='lookup', word='tawanan', debug=False, format='rich')
2025-03-24 23:48:31,767 - INFO - Word argument value: 'tawanan'
2025-03-24 23:48:31,823 - INFO - Normalized word: tawanan
2025-03-24 23:48:31,825 - INFO - Database connection test successful
2025-03-24 23:48:31,839 - INFO - Word data fetched: True
2025-03-24 23:48:31,839 - INFO - Beginning to unpack word data
2025-03-24 23:48:31,840 - INFO - Successfully unpacked word data
2025-03-24 23:48:31,840 - INFO - word_id: 61932, lemma: tawanan, language_code: tl
2025-03-24 23:48:31,842 - INFO - has_baybayin: True, baybayin_form: ᜆᜏᜈᜈ᜔, romanized_form: tawanan
2025-03-24 23:48:31,842 - INFO - preferred_spelling: None, root_word_id: None
2025-03-24 23:48:31,843 - INFO - def_sources type: <class 'list'>, ety_sources type: <class 'list'>
2025-03-24 23:48:31,843 - INFO - tags type: <class 'NoneType'>, source_info type: <class 'dict'>
2025-03-24 23:48:31,843 - INFO - Building basic information tree
2025-03-24 23:48:31,844 - INFO - Adding preferred spelling if available
2025-03-24 23:48:31,844 - INFO - Adding Baybayin form if available
2025-03-24 23:48:31,844 - INFO - Adding root word if available
2025-03-24 23:48:31,845 - INFO - Gathering sources - starting
2025-03-24 23:48:31,845 - INFO - Processing tags
2025-03-24 23:48:31,845 - INFO - Processing source_info
2025-03-24 23:48:31,846 - INFO - Processing def_sources
2025-03-24 23:48:31,846 - INFO - def_sources content: ['kaikki.org (Tagalog)', 'tagalog.com']
2025-03-24 23:48:31,846 - INFO - Processing def_source: kaikki.org (Tagalog), type: <class 'str'>
2025-03-24 23:48:31,846 - INFO - Processing def_source: tagalog.com, type: <class 'str'>
2025-03-24 23:48:31,847 - INFO - Processing ety_sources
2025-03-24 23:48:31,847 - INFO - ety_sources content: [None]
2025-03-24 23:48:31,847 - WARNING - Found None value in ety_sources
