2025-03-30 19:28:26,386 - INFO - Starting lookup for word: 'kaon'
2025-03-30 19:28:26,429 - INFO - pg_trgm extension installed: True
2025-03-30 19:28:26,429 - INFO - Executing exact match query for 'kaon'
2025-03-30 19:28:26,700 - INFO - Found 3 exact matches
2025-03-30 19:28:26,701 - INFO - Processing result 1/3
2025-03-30 19:28:26,701 - INFO - Word ID: 150994
2025-03-30 19:28:26,701 - INFO - Lemma: kaon
2025-03-30 19:28:26,702 - INFO - Language code: tl
2025-03-30 19:28:26,707 - INFO - Querying pronunciations for word_id 150994
2025-03-30 19:28:26,710 - INFO - Found 0 pronunciations
2025-03-30 19:28:26,710 - INFO - Querying etymologies for word_id 150994
2025-03-30 19:28:26,720 - INFO - Found 0 etymologies
2025-03-30 19:28:26,721 - INFO - Querying definitions for word_id 150994
2025-03-30 19:28:26,727 - INFO - Found 0 definitions
2025-03-30 19:28:26,727 - INFO - Querying relations for word_id 150994
2025-03-30 19:28:26,733 - INFO - Found 2 relations
2025-03-30 19:28:26,738 - INFO - Processing result 2/3
2025-03-30 19:28:26,738 - INFO - Word ID: 218962
2025-03-30 19:28:26,738 - INFO - Lemma: kaon
2025-03-30 19:28:26,738 - INFO - Language code: ceb
2025-03-30 19:28:26,740 - INFO - Querying pronunciations for word_id 218962
2025-03-30 19:28:26,742 - INFO - Found 2 pronunciations
2025-03-30 19:28:26,744 - INFO - Querying etymologies for word_id 218962
2025-03-30 19:28:26,745 - INFO - Found 1 etymologies
2025-03-30 19:28:26,746 - INFO - Querying definitions for word_id 218962
2025-03-30 19:28:26,747 - INFO - Found 7 definitions
2025-03-30 19:28:26,749 - INFO - Processing definition 1/7
2025-03-30 19:28:26,751 - INFO - Processing definition 2/7
2025-03-30 19:28:26,754 - INFO - Processing definition 3/7
2025-03-30 19:28:26,755 - INFO - Processing definition 4/7
2025-03-30 19:28:26,756 - INFO - Processing definition 5/7
2025-03-30 19:28:26,757 - INFO - Processing definition 6/7
2025-03-30 19:28:26,758 - INFO - Processing definition 7/7
2025-03-30 19:28:26,759 - INFO - Querying relations for word_id 218962
2025-03-30 19:28:26,761 - INFO - Found 39 relations
2025-03-30 19:28:26,776 - INFO - Processing result 3/3
2025-03-30 19:28:26,777 - INFO - Word ID: 237402
2025-03-30 19:28:26,777 - INFO - Lemma: kaon
2025-03-30 19:28:26,777 - INFO - Language code: hil
2025-03-30 19:28:26,779 - INFO - Querying pronunciations for word_id 237402
2025-03-30 19:28:26,780 - INFO - Found 1 pronunciations
2025-03-30 19:28:26,782 - INFO - Querying etymologies for word_id 237402
2025-03-30 19:28:26,783 - INFO - Found 0 etymologies
2025-03-30 19:28:26,783 - INFO - Querying definitions for word_id 237402
2025-03-30 19:28:26,784 - INFO - Found 1 definitions
2025-03-30 19:28:26,785 - INFO - Processing definition 1/1
2025-03-30 19:28:26,792 - INFO - Querying relations for word_id 237402
2025-03-30 19:28:26,793 - INFO - Found 0 relations
2025-03-30 19:28:26,793 - INFO - No relations found for word ID 237402
2025-03-30 19:28:26,794 - INFO - Database connection closed
