2025-04-01 08:42:48,646 - INFO - Starting lookup for word: 'charot'
2025-04-01 08:42:48,691 - INFO - pg_trgm extension installed: True
2025-04-01 08:42:48,692 - INFO - Executing exact match query for 'charot'
2025-04-01 08:42:48,956 - INFO - Found 1 exact matches
2025-04-01 08:42:48,956 - INFO - Processing result 1/1
2025-04-01 08:42:48,957 - INFO - Word ID: 136159
2025-04-01 08:42:48,957 - INFO - Lemma: charot
2025-04-01 08:42:48,958 - INFO - Language code: tl
2025-04-01 08:42:48,964 - INFO - Querying pronunciations for word_id 136159
2025-04-01 08:42:48,967 - INFO - Found 3 pronunciations
2025-04-01 08:42:48,978 - INFO - Querying etymologies for word_id 136159
2025-04-01 08:42:48,984 - INFO - Found 1 etymologies
2025-04-01 08:42:48,989 - INFO - Querying definitions for word_id 136159
2025-04-01 08:42:48,999 - INFO - Found 6 definitions
2025-04-01 08:42:49,002 - INFO - Processing definition 1/6
2025-04-01 08:42:49,007 - INFO - Processing definition 2/6
2025-04-01 08:42:49,011 - INFO - Processing definition 3/6
2025-04-01 08:42:49,014 - INFO - Processing definition 4/6
2025-04-01 08:42:49,018 - INFO - Processing definition 5/6
2025-04-01 08:42:49,021 - INFO - Processing definition 6/6
2025-04-01 08:42:49,024 - INFO - Querying relations for word_id 136159
2025-04-01 08:42:49,033 - INFO - Found 5 relations
2025-04-01 08:42:49,044 - INFO - Database connection closed
