2025-03-30 01:33:29,956 - INFO - Starting table creation/update process.
2025-03-30 01:33:30,584 - INFO - Tables created or updated successfully.
2025-03-30 01:33:30,589 - INFO - Processing Tagalog words from: ..\data\tagalog-words.json
2025-03-30 01:33:31,777 - INFO - Found 65336 entries to process
2025-03-30 01:33:33,767 - WARNING - Duplicate definition detected for word ID 646: áraw-...
2025-03-30 01:33:33,910 - WARNING - Skipping self-relationship for word ID 689
2025-03-30 01:33:34,141 - WARNING - Skipping self-relationship for word ID 766
2025-03-30 01:33:34,143 - WARNING - Skipping self-relationship for word ID 766
2025-03-30 01:33:35,571 - INFO - Processed 1000/65336 entries
2025-03-30 01:33:36,129 - WARNING - Duplicate definition detected for word ID 1437: batà...
2025-03-30 01:33:38,801 - WARNING - Skipping self-relationship for word ID 2281
2025-03-30 01:33:40,693 - INFO - Processed 2000/65336 entries
2025-03-30 01:33:46,616 - INFO - Processed 3000/65336 entries
2025-03-30 01:33:47,225 - WARNING - Duplicate definition detected for word ID 4141: baybay sa Tagalog ng Anglo-Americano....
2025-03-30 01:33:48,789 - WARNING - Duplicate definition detected for word ID 4561: pisngí....
2025-03-30 01:33:49,004 - WARNING - Skipping self-relationship for word ID 4618
2025-03-30 01:33:51,710 - WARNING - Skipping self-relationship for word ID 5334
2025-03-30 01:33:51,741 - INFO - Processed 4000/65336 entries
2025-03-30 01:33:51,960 - WARNING - Duplicate definition detected for word ID 5396: baybay sa Tagalog ng Artico....
2025-03-30 01:33:53,705 - WARNING - Duplicate definition detected for word ID 5855: áso....
2025-03-30 01:33:56,834 - INFO - Processed 5000/65336 entries
2025-03-30 01:33:57,110 - WARNING - Skipping self-relationship for word ID 6650
2025-03-30 01:33:59,185 - WARNING - Skipping self-relationship for word ID 7175
2025-03-30 01:33:59,197 - WARNING - Skipping self-relationship for word ID 7175
2025-03-30 01:33:59,207 - WARNING - Skipping self-relationship for word ID 7175
2025-03-30 01:33:59,218 - WARNING - Skipping self-relationship for word ID 7175
2025-03-30 01:33:59,265 - WARNING - Skipping self-relationship for word ID 7187
2025-03-30 01:33:59,290 - WARNING - Skipping self-relationship for word ID 7187
2025-03-30 01:34:00,259 - WARNING - Skipping self-relationship for word ID 7405
2025-03-30 01:34:01,355 - WARNING - Skipping self-relationship for word ID 7632
2025-03-30 01:34:03,593 - WARNING - Skipping self-relationship for word ID 8129
2025-03-30 01:34:03,600 - WARNING - Skipping self-relationship for word ID 8129
2025-03-30 01:34:03,605 - WARNING - Skipping self-relationship for word ID 8129
2025-03-30 01:34:03,612 - WARNING - Skipping self-relationship for word ID 8129
2025-03-30 01:34:04,263 - INFO - Processed 6000/65336 entries
2025-03-30 01:34:04,764 - WARNING - Skipping self-relationship for word ID 8353
2025-03-30 01:34:07,031 - WARNING - Skipping self-relationship for word ID 8808
2025-03-30 01:34:07,692 - WARNING - Skipping self-relationship for word ID 8915
2025-03-30 01:34:08,387 - WARNING - Skipping self-relationship for word ID 9032
2025-03-30 01:34:09,979 - WARNING - Skipping self-relationship for word ID 9299
2025-03-30 01:34:11,917 - WARNING - Skipping self-relationship for word ID 9648
2025-03-30 01:34:12,815 - INFO - Processed 7000/65336 entries
2025-03-30 01:34:13,018 - WARNING - Skipping self-relationship for word ID 9826
2025-03-30 01:34:14,382 - WARNING - Skipping self-relationship for word ID 8696
2025-03-30 01:34:14,433 - WARNING - Skipping self-relationship for word ID 10048
2025-03-30 01:34:17,015 - WARNING - Skipping self-relationship for word ID 10386
2025-03-30 01:34:17,020 - WARNING - Skipping self-relationship for word ID 10386
2025-03-30 01:34:17,024 - WARNING - Skipping self-relationship for word ID 10386
2025-03-30 01:34:17,027 - WARNING - Skipping self-relationship for word ID 10386
2025-03-30 01:34:17,030 - WARNING - Skipping self-relationship for word ID 10386
2025-03-30 01:34:17,033 - WARNING - Skipping self-relationship for word ID 10386
2025-03-30 01:34:17,037 - WARNING - Skipping self-relationship for word ID 10386
2025-03-30 01:34:17,043 - WARNING - Skipping self-relationship for word ID 10386
2025-03-30 01:34:17,045 - WARNING - Skipping self-relationship for word ID 10386
2025-03-30 01:34:19,134 - WARNING - Skipping self-relationship for word ID 10759
2025-03-30 01:34:21,724 - INFO - Processed 8000/65336 entries
2025-03-30 01:34:25,025 - WARNING - Skipping self-relationship for word ID 6827
2025-03-30 01:34:28,507 - WARNING - Skipping self-relationship for word ID 12039
2025-03-30 01:34:30,885 - WARNING - Skipping self-relationship for word ID 12339
2025-03-30 01:34:32,346 - WARNING - Skipping self-relationship for word ID 12513
2025-03-30 01:34:32,583 - INFO - Processed 9000/65336 entries
2025-03-30 01:34:34,052 - WARNING - Skipping self-relationship for word ID 12696
2025-03-30 01:34:34,403 - WARNING - Skipping self-relationship for word ID 12746
2025-03-30 01:34:36,656 - WARNING - Skipping self-relationship for word ID 10782
2025-03-30 01:34:39,000 - WARNING - Skipping self-relationship for word ID 13376
2025-03-30 01:34:40,317 - WARNING - Skipping self-relationship for word ID 13545
2025-03-30 01:34:43,612 - INFO - Processed 10000/65336 entries
2025-03-30 01:34:45,135 - WARNING - Duplicate definition detected for word ID 13963: dikyà....
2025-03-30 01:34:47,671 - WARNING - Skipping self-relationship for word ID 14637
2025-03-30 01:34:47,681 - WARNING - Skipping self-relationship for word ID 14637
2025-03-30 01:34:47,929 - WARNING - Skipping self-relationship for word ID 14706
2025-03-30 01:34:50,441 - INFO - Processed 11000/65336 entries
2025-03-30 01:34:54,999 - INFO - Processed 12000/65336 entries
2025-03-30 01:34:57,397 - WARNING - Duplicate definition detected for word ID 16951: bayaníhan....
2025-03-30 01:34:58,443 - WARNING - Skipping self-relationship for word ID 17239
2025-03-30 01:34:58,443 - WARNING - Skipping self-relationship for word ID 17239
2025-03-30 01:34:58,465 - WARNING - Duplicate definition detected for word ID 17239: dagsâ....
2025-03-30 01:34:59,063 - WARNING - Duplicate definition detected for word ID 17382: balakúbak....
2025-03-30 01:35:00,485 - WARNING - Skipping self-relationship for word ID 17790
2025-03-30 01:35:01,020 - INFO - Processed 13000/65336 entries
2025-03-30 01:35:02,745 - WARNING - Skipping self-relationship for word ID 18369
2025-03-30 01:35:03,545 - WARNING - Skipping self-relationship for word ID 18562
2025-03-30 01:35:03,550 - WARNING - Skipping self-relationship for word ID 18562
2025-03-30 01:35:07,028 - INFO - Processed 14000/65336 entries
2025-03-30 01:35:07,101 - WARNING - Duplicate definition detected for word ID 19316: dipá....
2025-03-30 01:35:09,545 - WARNING - Skipping self-relationship for word ID 19928
2025-03-30 01:35:09,601 - WARNING - Skipping self-relationship for word ID 19941
2025-03-30 01:35:12,734 - INFO - Processed 15000/65336 entries
2025-03-30 01:35:12,887 - WARNING - Duplicate definition detected for word ID 20647: [1] pababâ...
2025-03-30 01:35:12,888 - ERROR - Error inserting definition for word 'down': Word ID 20647 does not exist
2025-03-30 01:35:12,889 - ERROR - Error inserting definition for word 'down': Word ID 20647 does not exist
2025-03-30 01:35:14,787 - WARNING - Skipping self-relationship for word ID 21122
2025-03-30 01:35:15,988 - WARNING - Skipping self-relationship for word ID 21423
2025-03-30 01:35:16,453 - WARNING - Skipping self-relationship for word ID 21536
2025-03-30 01:35:17,566 - WARNING - Skipping self-relationship for word ID 21806
2025-03-30 01:35:18,193 - INFO - Processed 16000/65336 entries
2025-03-30 01:35:19,498 - WARNING - Skipping self-relationship for word ID 22205
2025-03-30 01:35:24,416 - INFO - Processed 17000/65336 entries
2025-03-30 01:35:30,427 - INFO - Processed 18000/65336 entries
2025-03-30 01:35:34,675 - WARNING - Skipping self-relationship for word ID 25016
2025-03-30 01:35:37,875 - INFO - Processed 19000/65336 entries
2025-03-30 01:35:38,949 - WARNING - Skipping self-relationship for word ID 25741
2025-03-30 01:35:38,951 - WARNING - Skipping self-relationship for word ID 25741
2025-03-30 01:35:38,974 - WARNING - Duplicate definition detected for word ID 25741: gansâ....
2025-03-30 01:35:39,760 - WARNING - Skipping self-relationship for word ID 25927
2025-03-30 01:35:39,833 - WARNING - Duplicate definition detected for word ID 25956: alupíhan...
2025-03-30 01:35:39,995 - WARNING - Skipping self-relationship for word ID 25991
2025-03-30 01:35:39,997 - WARNING - Skipping self-relationship for word ID 25991
2025-03-30 01:35:40,257 - WARNING - Skipping self-relationship for word ID 26061
2025-03-30 01:35:40,328 - WARNING - Duplicate definition detected for word ID 26083: katí...
2025-03-30 01:35:40,381 - WARNING - Skipping self-relationship for word ID 26099
2025-03-30 01:35:40,390 - WARNING - Skipping self-relationship for word ID 26099
2025-03-30 01:35:40,395 - WARNING - Skipping self-relationship for word ID 26099
2025-03-30 01:35:42,894 - WARNING - Skipping self-relationship for word ID 26773
2025-03-30 01:35:43,652 - INFO - Processed 20000/65336 entries
2025-03-30 01:35:47,523 - WARNING - Skipping self-relationship for word ID 27914
2025-03-30 01:35:49,220 - INFO - Processed 21000/65336 entries
2025-03-30 01:35:53,387 - WARNING - Skipping self-relationship for word ID 29220
2025-03-30 01:35:53,416 - WARNING - Skipping self-relationship for word ID 29220
2025-03-30 01:35:53,422 - WARNING - Skipping self-relationship for word ID 29220
2025-03-30 01:35:55,925 - WARNING - Duplicate definition detected for word ID 29786: tagák...
2025-03-30 01:35:56,228 - INFO - Processed 22000/65336 entries
2025-03-30 01:35:58,384 - WARNING - Duplicate definition detected for word ID 30507: tungháy...
2025-03-30 01:36:00,990 - WARNING - Duplicate definition detected for word ID 31237: úmis....
2025-03-30 01:36:01,476 - WARNING - Skipping self-relationship for word ID 31379
2025-03-30 01:36:02,073 - INFO - Processed 23000/65336 entries
2025-03-30 01:36:04,225 - WARNING - Skipping self-relationship for word ID 32093
2025-03-30 01:36:07,069 - WARNING - Skipping self-relationship for word ID 32814
2025-03-30 01:36:07,074 - WARNING - Skipping self-relationship for word ID 32814
2025-03-30 01:36:07,079 - WARNING - Skipping self-relationship for word ID 32814
2025-03-30 01:36:08,460 - INFO - Processed 24000/65336 entries
2025-03-30 01:36:08,906 - WARNING - Skipping self-relationship for word ID 33207
2025-03-30 01:36:10,845 - WARNING - Skipping self-relationship for word ID 33643
2025-03-30 01:36:12,401 - WARNING - Duplicate definition detected for word ID 33951: dalá....
2025-03-30 01:36:13,495 - WARNING - Skipping self-relationship for word ID 34273
2025-03-30 01:36:13,497 - WARNING - Skipping self-relationship for word ID 34273
2025-03-30 01:36:13,705 - WARNING - Skipping self-relationship for word ID 34332
2025-03-30 01:36:13,707 - WARNING - Skipping self-relationship for word ID 34332
2025-03-30 01:36:13,742 - WARNING - Duplicate definition detected for word ID 34341: lápulápu....
2025-03-30 01:36:13,778 - WARNING - Skipping self-relationship for word ID 34351
2025-03-30 01:36:13,780 - WARNING - Skipping self-relationship for word ID 34351
2025-03-30 01:36:13,859 - INFO - Processed 25000/65336 entries
2025-03-30 01:36:16,105 - WARNING - Duplicate definition detected for word ID 34968: [1] iláya...
2025-03-30 01:36:16,107 - ERROR - Error inserting definition for word 'iráya': Word ID 34968 does not exist
2025-03-30 01:36:18,699 - INFO - Processed 26000/65336 entries
2025-03-30 01:36:20,431 - WARNING - Skipping self-relationship for word ID 35974
2025-03-30 01:36:21,559 - WARNING - Duplicate definition detected for word ID 36079: liwayway....
2025-03-30 01:36:28,140 - WARNING - Duplicate definition detected for word ID 37179: dalandán....
2025-03-30 01:36:28,303 - INFO - Processed 27000/65336 entries
2025-03-30 01:36:29,456 - WARNING - Skipping self-relationship for word ID 37422
2025-03-30 01:36:30,717 - WARNING - Skipping self-relationship for word ID 37641
2025-03-30 01:36:39,441 - INFO - Processed 28000/65336 entries
2025-03-30 01:36:39,654 - WARNING - Duplicate definition detected for word ID 38885: kambíng...
2025-03-30 01:36:40,797 - WARNING - Duplicate definition detected for word ID 39276: paragos....
2025-03-30 01:36:41,292 - WARNING - Skipping self-relationship for word ID 39385
2025-03-30 01:36:41,924 - WARNING - Duplicate definition detected for word ID 39500: papáya....
2025-03-30 01:36:43,054 - WARNING - Skipping self-relationship for word ID 39749
2025-03-30 01:36:53,895 - INFO - Processed 29000/65336 entries
2025-03-30 01:37:30,231 - WARNING - Skipping self-relationship for word ID 41500
2025-03-30 01:37:30,305 - WARNING - Duplicate definition detected for word ID 40131: kariwasaan....
2025-03-30 01:37:31,340 - WARNING - Skipping self-relationship for word ID 41728
2025-03-30 01:37:31,473 - WARNING - Skipping self-relationship for word ID 41763
2025-03-30 01:37:40,466 - WARNING - Duplicate definition detected for word ID 42328: kidlát....
2025-03-30 01:37:41,436 - INFO - Processed 30000/65336 entries
2025-03-30 01:37:48,209 - INFO - Processed 31000/65336 entries
2025-03-30 01:37:51,029 - WARNING - Skipping self-relationship for word ID 44904
