2025-03-24 23:40:21,796 - INFO - Looking up word: Namespace(command='lookup', word='tiwala', debug=False, format='rich')
2025-03-24 23:40:21,796 - INFO - Word argument value: 'tiwala'
2025-03-24 23:40:21,832 - INFO - Normalized word: tiwala
2025-03-24 23:40:21,833 - INFO - Database connection test successful
2025-03-24 23:40:21,843 - INFO - Word data fetched: True
2025-03-24 23:40:21,844 - INFO - Beginning to unpack word data
2025-03-24 23:40:21,845 - INFO - Successfully unpacked word data
2025-03-24 23:40:21,845 - INFO - word_id: 57150, lemma: tiwalà, language_code: tl
2025-03-24 23:40:21,845 - INFO - has_baybayin: True, baybayin_form: ᜆᜒᜏᜎ, romanized_form: tiwala
2025-03-24 23:40:21,845 - INFO - preferred_spelling: None, root_word_id: None
2025-03-24 23:40:21,845 - INFO - def_sources type: <class 'list'>, ety_sources type: <class 'list'>
2025-03-24 23:40:21,845 - INFO - tags type: <class 'NoneType'>, source_info type: <class 'dict'>
2025-03-24 23:40:21,846 - INFO - Building basic information tree
2025-03-24 23:40:21,846 - INFO - Adding preferred spelling if available
2025-03-24 23:40:21,846 - INFO - Adding Baybayin form if available
2025-03-24 23:40:21,846 - INFO - Adding root word if available
2025-03-24 23:40:21,846 - INFO - Gathering sources - starting
2025-03-24 23:40:21,846 - INFO - Processing tags
2025-03-24 23:40:21,846 - INFO - Processing source_info
2025-03-24 23:40:21,846 - INFO - Processing def_sources
2025-03-24 23:40:21,847 - INFO - def_sources content: ['diksiyonaryo.ph', 'kaikki.org (Tagalog)']
2025-03-24 23:40:21,847 - INFO - Processing def_source: diksiyonaryo.ph, type: <class 'str'>
2025-03-24 23:40:21,847 - INFO - Processing def_source: kaikki.org (Tagalog), type: <class 'str'>
2025-03-24 23:40:21,847 - INFO - Processing ety_sources
2025-03-24 23:40:21,847 - INFO - ety_sources content: ['diksiyonaryo.ph']
2025-03-24 23:40:21,847 - INFO - Processing ety_source: diksiyonaryo.ph, type: <class 'str'>
