2025-04-16 16:26:29,704 - INFO - Starting table creation/update process.
2025-04-16 16:26:29,705 - INFO - Creating required PostgreSQL extensions...
2025-04-16 16:26:30,593 - INFO - Tables created or updated successfully.
2025-04-16 16:26:30,606 - INFO - Starting processing for Kaikki.org (Tagalog) from ..\data\kaikki.jsonl
2025-04-16 16:26:30,607 - INFO - Processing Kaikki dictionary: ..\data\kaikki.jsonl with source ID: 'kaikki.org (Tagalog)'
2025-04-16 16:26:31,168 - INFO - Found 27964 entries to process in ..\data\kaikki.jsonl
2025-04-16 16:26:31,169 - INFO - Initialized BaybayinRomanizer for script romanization
2025-04-16 16:26:31,232 - ERROR - Unexpected error processing entry for 'abay': cannot access local variable 'related_word_clean' where it is not associated with a value
2025-04-16 16:26:31,241 - ERROR - Unexpected error processing entry for 'abay': cannot access local variable 'related_word_clean' where it is not associated with a value
2025-04-16 16:26:31,290 - ERROR - Unexpected error processing entry for 'kun': cannot access local variable 'related_word_clean' where it is not associated with a value
2025-04-16 16:26:31,292 - ERROR - Unexpected error processing entry for 'kun': cannot access local variable 'related_word_clean' where it is not associated with a value
2025-04-16 16:26:31,299 - ERROR - Unexpected error processing entry for 'lente': cannot access local variable 'related_word_clean' where it is not associated with a value
2025-04-16 16:26:31,386 - ERROR - Unexpected error processing entry for 'tago': cannot access local variable 'related_word_clean' where it is not associated with a value
2025-04-16 16:26:31,456 - ERROR - Unexpected error processing entry for 'libre': cannot access local variable 'related_word_clean' where it is not associated with a value
2025-04-16 16:26:31,464 - ERROR - Unexpected error processing entry for 'may': cannot access local variable 'related_word_clean' where it is not associated with a value
2025-04-16 16:26:31,466 - ERROR - Unexpected error processing entry for 'may': cannot access local variable 'related_word_clean' where it is not associated with a value
2025-04-16 16:26:31,516 - ERROR - Unexpected error processing entry for 'tao': cannot access local variable 'related_word_clean' where it is not associated with a value
2025-04-16 16:26:31,524 - ERROR - Unexpected error processing entry for 'tao': cannot access local variable 'related_word_clean' where it is not associated with a value
2025-04-16 16:26:31,566 - INFO - Extracted parenthesized text from lemma: original='garini(garni)' → lemma='garini', note='garini(garni)'
2025-04-16 16:26:31,581 - INFO - Extracted parenthesized text from lemma: original='garito(garto)**' → lemma='garito**', note='garito(garto)**'
2025-04-16 16:26:31,588 - INFO - Extracted parenthesized text from lemma: original='nariyan(naryan)' → lemma='nariyan', note='nariyan(naryan)'
2025-04-16 16:26:31,596 - INFO - Extracted parenthesized text from lemma: original='ganiyan(ganyan)' → lemma='ganiyan', note='ganiyan(ganyan)'
2025-04-16 16:26:31,938 - ERROR - Unexpected error processing entry for 'Israel': cannot access local variable 'related_word_clean' where it is not associated with a value
2025-04-16 16:26:32,143 - ERROR - Unexpected error processing entry for 'A': cannot access local variable 'related_word_clean' where it is not associated with a value
2025-04-16 16:26:32,214 - ERROR - Unexpected error processing entry for 'tigre': cannot access local variable 'related_word_clean' where it is not associated with a value
2025-04-16 16:26:32,265 - ERROR - Unexpected error processing entry for 'gas': cannot access local variable 'related_word_clean' where it is not associated with a value
2025-04-16 16:26:32,298 - ERROR - Unexpected error processing entry for 'tuba': cannot access local variable 'related_word_clean' where it is not associated with a value
2025-04-16 16:26:32,342 - ERROR - Unexpected error processing entry for 'noon': cannot access local variable 'related_word_clean' where it is not associated with a value
2025-04-16 16:26:32,459 - ERROR - Unexpected error processing entry for 'ate': cannot access local variable 'related_word_clean' where it is not associated with a value
2025-04-16 16:26:32,487 - ERROR - Unexpected error processing entry for 'o': cannot access local variable 'related_word_clean' where it is not associated with a value
2025-04-16 16:26:32,491 - ERROR - Unexpected error processing entry for 'o': cannot access local variable 'related_word_clean' where it is not associated with a value
2025-04-16 16:26:32,507 - ERROR - Unexpected error processing entry for 'o': cannot access local variable 'related_word_clean' where it is not associated with a value
2025-04-16 16:26:32,513 - ERROR - Unexpected error processing entry for 'o': cannot access local variable 'related_word_clean' where it is not associated with a value
2025-04-16 16:26:32,532 - ERROR - Unexpected error processing entry for 'i': cannot access local variable 'related_word_clean' where it is not associated with a value
2025-04-16 16:26:32,540 - ERROR - Unexpected error processing entry for 'i': cannot access local variable 'related_word_clean' where it is not associated with a value
2025-04-16 16:26:32,683 - ERROR - Unexpected error processing entry for 'xerox': cannot access local variable 'related_word_clean' where it is not associated with a value
2025-04-16 16:26:32,691 - ERROR - Unexpected error processing entry for 'mundo': cannot access local variable 'related_word_clean' where it is not associated with a value
2025-04-16 16:26:32,698 - ERROR - Unexpected error processing entry for 'mundo': cannot access local variable 'related_word_clean' where it is not associated with a value
2025-04-16 16:26:32,800 - ERROR - Unexpected error processing entry for 'Korea': cannot access local variable 'related_word_clean' where it is not associated with a value
2025-04-16 16:26:32,802 - ERROR - Unexpected error processing entry for 'regular': cannot access local variable 'related_word_clean' where it is not associated with a value
2025-04-16 16:26:32,807 - ERROR - Unexpected error processing entry for 'animal': cannot access local variable 'related_word_clean' where it is not associated with a value
2025-04-16 16:26:32,833 - ERROR - Unexpected error processing entry for 'balatik': cannot access local variable 'related_word_clean' where it is not associated with a value
2025-04-16 16:26:32,835 - ERROR - Unexpected error processing entry for 'balatik': cannot access local variable 'related_word_clean' where it is not associated with a value
2025-04-16 16:26:32,854 - ERROR - Unexpected error processing entry for 'balat': cannot access local variable 'related_word_clean' where it is not associated with a value
2025-04-16 16:26:32,864 - ERROR - Unexpected error processing entry for 'balam': cannot access local variable 'related_word_clean' where it is not associated with a value
2025-04-16 16:26:32,884 - ERROR - Unexpected error processing entry for 'grupo': cannot access local variable 'related_word_clean' where it is not associated with a value
2025-04-16 16:26:32,904 - ERROR - Unexpected error processing entry for 'baon': cannot access local variable 'related_word_clean' where it is not associated with a value
2025-04-16 16:26:32,923 - ERROR - Unexpected error processing entry for 'baon': cannot access local variable 'related_word_clean' where it is not associated with a value
2025-04-16 16:26:32,926 - ERROR - Unexpected error processing entry for 'alo': cannot access local variable 'related_word_clean' where it is not associated with a value
2025-04-16 16:26:32,945 - ERROR - Unexpected error processing entry for 'balik': cannot access local variable 'related_word_clean' where it is not associated with a value
2025-04-16 16:26:32,949 - ERROR - Unexpected error processing entry for 'salsa': cannot access local variable 'related_word_clean' where it is not associated with a value
2025-04-16 16:26:32,957 - ERROR - Unexpected error processing entry for 'bayad': cannot access local variable 'related_word_clean' where it is not associated with a value
2025-04-16 16:26:32,963 - ERROR - Unexpected error processing entry for 'bayad': cannot access local variable 'related_word_clean' where it is not associated with a value
2025-04-16 16:26:32,992 - ERROR - Unexpected error processing entry for 'matadero': cannot access local variable 'related_word_clean' where it is not associated with a value
2025-04-16 16:26:33,003 - ERROR - Unexpected error processing entry for 'plata': cannot access local variable 'related_word_clean' where it is not associated with a value
2025-04-16 16:26:33,006 - ERROR - Unexpected error processing entry for 'at': cannot access local variable 'related_word_clean' where it is not associated with a value
2025-04-16 16:26:33,032 - ERROR - Unexpected error processing entry for 'boy': cannot access local variable 'related_word_clean' where it is not associated with a value
2025-04-16 16:26:33,053 - ERROR - Unexpected error processing entry for 'saya': cannot access local variable 'related_word_clean' where it is not associated with a value
2025-04-16 16:26:33,125 - ERROR - Unexpected error processing entry for 'simba': cannot access local variable 'related_word_clean' where it is not associated with a value
2025-04-16 16:26:33,179 - ERROR - Unexpected error processing entry for 'Bombay': cannot access local variable 'related_word_clean' where it is not associated with a value
2025-04-16 16:26:33,201 - ERROR - Unexpected error processing entry for 'man': cannot access local variable 'related_word_clean' where it is not associated with a value
2025-04-16 16:26:33,204 - ERROR - Unexpected error processing entry for 'sana': cannot access local variable 'related_word_clean' where it is not associated with a value
2025-04-16 16:26:33,363 - ERROR - Unexpected error processing entry for 'sama': cannot access local variable 'related_word_clean' where it is not associated with a value
2025-04-16 16:26:33,367 - ERROR - Unexpected error processing entry for 'sama': cannot access local variable 'related_word_clean' where it is not associated with a value
2025-04-16 16:26:33,369 - ERROR - Unexpected error processing entry for 'sama': cannot access local variable 'related_word_clean' where it is not associated with a value
2025-04-16 16:26:33,378 - ERROR - Unexpected error processing entry for 'alas': cannot access local variable 'related_word_clean' where it is not associated with a value
2025-04-16 16:26:33,451 - ERROR - Unexpected error processing entry for 'hay': cannot access local variable 'related_word_clean' where it is not associated with a value
2025-04-16 16:26:33,506 - ERROR - Unexpected error processing entry for 'kita': cannot access local variable 'related_word_clean' where it is not associated with a value
2025-04-16 16:26:33,526 - ERROR - Unexpected error processing entry for 'kita': cannot access local variable 'related_word_clean' where it is not associated with a value
2025-04-16 16:26:33,533 - ERROR - Unexpected error processing entry for 'kita': cannot access local variable 'related_word_clean' where it is not associated with a value
2025-04-16 16:26:33,570 - ERROR - Unexpected error processing entry for 'suka': cannot access local variable 'related_word_clean' where it is not associated with a value
2025-04-16 16:26:33,579 - ERROR - Unexpected error processing entry for 'suka': cannot access local variable 'related_word_clean' where it is not associated with a value
2025-04-16 16:26:33,587 - ERROR - Unexpected error processing entry for 'pain': cannot access local variable 'related_word_clean' where it is not associated with a value
2025-04-16 16:26:33,673 - ERROR - Unexpected error processing entry for 'Muslim': cannot access local variable 'related_word_clean' where it is not associated with a value
2025-04-16 16:26:33,676 - ERROR - Unexpected error processing entry for 'Muslim': cannot access local variable 'related_word_clean' where it is not associated with a value
2025-04-16 16:26:33,697 - ERROR - Unexpected error processing entry for 'look': cannot access local variable 'related_word_clean' where it is not associated with a value
2025-04-16 16:26:33,752 - ERROR - Unexpected error processing entry for 'mama': cannot access local variable 'related_word_clean' where it is not associated with a value
2025-04-16 16:26:33,840 - ERROR - Unexpected error processing entry for 'ideal': cannot access local variable 'related_word_clean' where it is not associated with a value
2025-04-16 16:26:33,843 - ERROR - Unexpected error processing entry for 'ideal': cannot access local variable 'related_word_clean' where it is not associated with a value
2025-04-16 16:26:33,866 - ERROR - Unexpected error processing entry for 'basket': cannot access local variable 'related_word_clean' where it is not associated with a value
2025-04-16 16:26:33,875 - ERROR - Unexpected error processing entry for 'simple': cannot access local variable 'related_word_clean' where it is not associated with a value
2025-04-16 16:26:33,922 - ERROR - Unexpected error processing entry for 'katana': cannot access local variable 'related_word_clean' where it is not associated with a value
2025-04-16 16:26:33,947 - ERROR - Unexpected error processing entry for 'base': cannot access local variable 'related_word_clean' where it is not associated with a value
2025-04-16 16:26:34,059 - ERROR - Unexpected error processing entry for 'tanto': cannot access local variable 'related_word_clean' where it is not associated with a value
2025-04-16 16:26:34,069 - INFO - Extracted parenthesized text from lemma: original='(na-)nu' → lemma='nu', note='(na-)nu'
2025-04-16 16:26:34,071 - ERROR - Unexpected error processing entry for 'ano': cannot access local variable 'related_word_clean' where it is not associated with a value
2025-04-16 16:26:34,089 - ERROR - Unexpected error processing entry for 'v': cannot access local variable 'related_word_clean' where it is not associated with a value
2025-04-16 16:26:34,283 - ERROR - Unexpected error processing entry for 't': cannot access local variable 'related_word_clean' where it is not associated with a value
2025-04-16 16:26:34,557 - ERROR - Unexpected error processing entry for 'c': cannot access local variable 'related_word_clean' where it is not associated with a value
2025-04-16 16:26:34,611 - ERROR - Unexpected error processing entry for 'd': cannot access local variable 'related_word_clean' where it is not associated with a value
2025-04-16 16:26:34,629 - ERROR - Unexpected error processing entry for 'mayor': cannot access local variable 'related_word_clean' where it is not associated with a value
2025-04-16 16:26:34,642 - ERROR - Unexpected error processing entry for 'n': cannot access local variable 'related_word_clean' where it is not associated with a value
2025-04-16 16:26:34,654 - ERROR - Unexpected error processing entry for 'n': cannot access local variable 'related_word_clean' where it is not associated with a value
2025-04-16 16:26:34,776 - ERROR - Unexpected error processing entry for 'e': cannot access local variable 'related_word_clean' where it is not associated with a value
2025-04-16 16:26:34,780 - ERROR - Unexpected error processing entry for 'e': cannot access local variable 'related_word_clean' where it is not associated with a value
2025-04-16 16:26:34,784 - ERROR - Unexpected error processing entry for 'e': cannot access local variable 'related_word_clean' where it is not associated with a value
2025-04-16 16:26:34,823 - ERROR - Unexpected error processing entry for 'u': cannot access local variable 'related_word_clean' where it is not associated with a value
2025-04-16 16:26:34,827 - ERROR - Unexpected error processing entry for 'hanap': cannot access local variable 'related_word_clean' where it is not associated with a value
2025-04-16 16:26:34,966 - ERROR - Unexpected error processing entry for 'ha': cannot access local variable 'related_word_clean' where it is not associated with a value
2025-04-16 16:26:35,017 - ERROR - Unexpected error processing entry for 'tres': cannot access local variable 'related_word_clean' where it is not associated with a value
2025-04-16 16:26:35,020 - ERROR - Unexpected error processing entry for 'arbor': cannot access local variable 'related_word_clean' where it is not associated with a value
2025-04-16 16:26:35,024 - ERROR - Unexpected error processing entry for 'libro': cannot access local variable 'related_word_clean' where it is not associated with a value
2025-04-16 16:26:35,027 - ERROR - Unexpected error processing entry for 'ni': cannot access local variable 'related_word_clean' where it is not associated with a value
2025-04-16 16:26:35,057 - ERROR - Unexpected error processing entry for 'talo': cannot access local variable 'related_word_clean' where it is not associated with a value
2025-04-16 16:26:35,072 - ERROR - Unexpected error processing entry for 'talo': cannot access local variable 'related_word_clean' where it is not associated with a value
2025-04-16 16:26:35,077 - ERROR - Unexpected error processing entry for 'talo': cannot access local variable 'related_word_clean' where it is not associated with a value
2025-04-16 16:26:35,083 - ERROR - Unexpected error processing entry for 'yumi': cannot access local variable 'related_word_clean' where it is not associated with a value
2025-04-16 16:26:35,088 - ERROR - Unexpected error processing entry for 'idea': cannot access local variable 'related_word_clean' where it is not associated with a value
2025-04-16 16:26:35,185 - ERROR - Unexpected error processing entry for 'kilo': cannot access local variable 'related_word_clean' where it is not associated with a value
2025-04-16 16:26:35,257 - ERROR - Unexpected error processing entry for 'bus': cannot access local variable 'related_word_clean' where it is not associated with a value
2025-04-16 16:26:35,344 - ERROR - Unexpected error processing entry for 'kana': cannot access local variable 'related_word_clean' where it is not associated with a value
2025-04-16 16:26:35,392 - ERROR - Unexpected error processing entry for 'halal': cannot access local variable 'related_word_clean' where it is not associated with a value
2025-04-16 16:26:35,472 - ERROR - Unexpected error processing entry for 'daan': cannot access local variable 'related_word_clean' where it is not associated with a value
2025-04-16 16:26:35,478 - ERROR - Unexpected error processing entry for 'daan': cannot access local variable 'related_word_clean' where it is not associated with a value
2025-04-16 16:26:35,556 - ERROR - Unexpected error processing entry for 'banal': cannot access local variable 'related_word_clean' where it is not associated with a value
2025-04-16 16:26:35,558 - ERROR - Unexpected error processing entry for 'banal': cannot access local variable 'related_word_clean' where it is not associated with a value
2025-04-16 16:26:35,625 - ERROR - Unexpected error processing entry for 'sine': cannot access local variable 'related_word_clean' where it is not associated with a value
2025-04-16 16:26:35,712 - ERROR - Unexpected error processing entry for 'tapas': cannot access local variable 'related_word_clean' where it is not associated with a value
2025-04-16 16:26:35,730 - ERROR - Unexpected error processing entry for 'Valencia': cannot access local variable 'related_word_clean' where it is not associated with a value
2025-04-16 16:26:35,733 - ERROR - Unexpected error processing entry for 'destino': cannot access local variable 'related_word_clean' where it is not associated with a value
2025-04-16 16:26:35,806 - ERROR - Unexpected error processing entry for 'pa': cannot access local variable 'related_word_clean' where it is not associated with a value
2025-04-16 16:26:35,831 - ERROR - Unexpected error processing entry for 'negro': cannot access local variable 'related_word_clean' where it is not associated with a value
2025-04-16 16:26:35,859 - ERROR - Unexpected error processing entry for 'Lao': cannot access local variable 'related_word_clean' where it is not associated with a value
2025-04-16 16:26:35,885 - ERROR - Unexpected error processing entry for 'baba': cannot access local variable 'related_word_clean' where it is not associated with a value
2025-04-16 16:26:35,890 - ERROR - Unexpected error processing entry for 'baba': cannot access local variable 'related_word_clean' where it is not associated with a value
2025-04-16 16:26:35,895 - ERROR - Unexpected error processing entry for 'baba': cannot access local variable 'related_word_clean' where it is not associated with a value
2025-04-16 16:26:35,904 - ERROR - Unexpected error processing entry for 'baba': cannot access local variable 'related_word_clean' where it is not associated with a value
2025-04-16 16:26:35,912 - ERROR - Unexpected error processing entry for 'estado': cannot access local variable 'related_word_clean' where it is not associated with a value
2025-04-16 16:26:35,933 - ERROR - Unexpected error processing entry for 'si': cannot access local variable 'related_word_clean' where it is not associated with a value
2025-04-16 16:26:35,970 - ERROR - Unexpected error processing entry for 'España': cannot access local variable 'related_word_clean' where it is not associated with a value
2025-04-16 16:26:35,988 - ERROR - Unexpected error processing entry for 'real': cannot access local variable 'related_word_clean' where it is not associated with a value
2025-04-16 16:26:35,993 - ERROR - Unexpected error processing entry for 'real': cannot access local variable 'related_word_clean' where it is not associated with a value
2025-04-16 16:26:35,995 - ERROR - Unexpected error processing entry for 'real': cannot access local variable 'related_word_clean' where it is not associated with a value
2025-04-16 16:26:36,041 - ERROR - Unexpected error processing entry for 'na': cannot access local variable 'related_word_clean' where it is not associated with a value
2025-04-16 16:26:36,045 - ERROR - Unexpected error processing entry for 'na': cannot access local variable 'related_word_clean' where it is not associated with a value
2025-04-16 16:26:36,056 - ERROR - Unexpected error processing entry for 'pare': cannot access local variable 'related_word_clean' where it is not associated with a value
2025-04-16 16:26:36,061 - ERROR - Unexpected error processing entry for 'pare': cannot access local variable 'related_word_clean' where it is not associated with a value
2025-04-16 16:26:36,063 - ERROR - Unexpected error processing entry for 'bar': cannot access local variable 'related_word_clean' where it is not associated with a value
2025-04-16 16:26:36,096 - ERROR - Unexpected error processing entry for 'drama': cannot access local variable 'related_word_clean' where it is not associated with a value
2025-04-16 16:26:36,136 - ERROR - Unexpected error processing entry for 'timbre': cannot access local variable 'related_word_clean' where it is not associated with a value
2025-04-16 16:26:36,152 - ERROR - Unexpected error processing entry for 'unda': cannot access local variable 'related_word_clean' where it is not associated with a value
2025-04-16 16:26:36,155 - ERROR - Unexpected error processing entry for 'unda': cannot access local variable 'related_word_clean' where it is not associated with a value
2025-04-16 16:26:36,182 - ERROR - Unexpected error processing entry for 'aber': cannot access local variable 'related_word_clean' where it is not associated with a value
2025-04-16 16:26:36,206 - ERROR - Unexpected error processing entry for 'lupa': cannot access local variable 'related_word_clean' where it is not associated with a value
2025-04-16 16:26:36,223 - ERROR - Unexpected error processing entry for 'puso': cannot access local variable 'related_word_clean' where it is not associated with a value
2025-04-16 16:26:36,262 - ERROR - Unexpected error processing entry for 'papa': cannot access local variable 'related_word_clean' where it is not associated with a value
2025-04-16 16:26:36,268 - ERROR - Unexpected error processing entry for 'papa': cannot access local variable 'related_word_clean' where it is not associated with a value
2025-04-16 16:26:36,283 - ERROR - Unexpected error processing entry for 'papa': cannot access local variable 'related_word_clean' where it is not associated with a value
2025-04-16 16:26:36,319 - ERROR - Unexpected error processing entry for 'mano': cannot access local variable 'related_word_clean' where it is not associated with a value
2025-04-16 16:26:36,344 - ERROR - Unexpected error processing entry for 'gaas': cannot access local variable 'related_word_clean' where it is not associated with a value
2025-04-16 16:26:36,371 - ERROR - Unexpected error processing entry for 'lago': cannot access local variable 'related_word_clean' where it is not associated with a value
2025-04-16 16:26:36,394 - ERROR - Unexpected error processing entry for 'Santa': cannot access local variable 'related_word_clean' where it is not associated with a value
2025-04-16 16:26:36,397 - ERROR - Unexpected error processing entry for 'Santa': cannot access local variable 'related_word_clean' where it is not associated with a value
2025-04-16 16:26:36,413 - ERROR - Unexpected error processing entry for 'dragon': cannot access local variable 'related_word_clean' where it is not associated with a value
2025-04-16 16:26:36,428 - ERROR - Unexpected error processing entry for 'bos': cannot access local variable 'related_word_clean' where it is not associated with a value
2025-04-16 16:26:36,455 - ERROR - Unexpected error processing entry for 'alma': cannot access local variable 'related_word_clean' where it is not associated with a value
2025-04-16 16:26:36,459 - ERROR - Unexpected error processing entry for 'santo': cannot access local variable 'related_word_clean' where it is not associated with a value
2025-04-16 16:26:36,463 - ERROR - Unexpected error processing entry for 'santo': cannot access local variable 'related_word_clean' where it is not associated with a value
2025-04-16 16:26:36,499 - ERROR - Unexpected error processing entry for 'akin': cannot access local variable 'related_word_clean' where it is not associated with a value
2025-04-16 16:26:36,502 - ERROR - Unexpected error processing entry for 'akin': cannot access local variable 'related_word_clean' where it is not associated with a value
2025-04-16 16:26:36,508 - ERROR - Unexpected error processing entry for 'Amoy': cannot access local variable 'related_word_clean' where it is not associated with a value
2025-04-16 16:26:36,543 - ERROR - Unexpected error processing entry for 'uang': cannot access local variable 'related_word_clean' where it is not associated with a value
2025-04-16 16:26:36,554 - ERROR - Unexpected error processing entry for 'batis': cannot access local variable 'related_word_clean' where it is not associated with a value
2025-04-16 16:26:36,559 - ERROR - Unexpected error processing entry for 'kawan': cannot access local variable 'related_word_clean' where it is not associated with a value
2025-04-16 16:26:36,602 - ERROR - Unexpected error processing entry for 'ingat': cannot access local variable 'related_word_clean' where it is not associated with a value
2025-04-16 16:26:36,626 - ERROR - Unexpected error processing entry for 'makan': cannot access local variable 'related_word_clean' where it is not associated with a value
2025-04-16 16:26:36,636 - ERROR - Unexpected error processing entry for 'lagi': cannot access local variable 'related_word_clean' where it is not associated with a value
2025-04-16 16:26:36,639 - ERROR - Unexpected error processing entry for 'lagi': cannot access local variable 'related_word_clean' where it is not associated with a value
2025-04-16 16:26:36,665 - ERROR - Unexpected error processing entry for 'tali': cannot access local variable 'related_word_clean' where it is not associated with a value
2025-04-16 16:26:36,706 - ERROR - Unexpected error processing entry for 'kuya': cannot access local variable 'related_word_clean' where it is not associated with a value
2025-04-16 16:26:36,722 - ERROR - Unexpected error processing entry for 'ale': cannot access local variable 'related_word_clean' where it is not associated with a value
2025-04-16 16:26:36,725 - ERROR - Unexpected error processing entry for 'apa': cannot access local variable 'related_word_clean' where it is not associated with a value
2025-04-16 16:26:36,769 - ERROR - Unexpected error processing entry for 'mahal': cannot access local variable 'related_word_clean' where it is not associated with a value
2025-04-16 16:26:36,772 - ERROR - Unexpected error processing entry for 'awas': cannot access local variable 'related_word_clean' where it is not associated with a value
2025-04-16 16:26:36,779 - ERROR - Unexpected error processing entry for 'awas': cannot access local variable 'related_word_clean' where it is not associated with a value
2025-04-16 16:26:36,839 - ERROR - Unexpected error processing entry for 'abang': cannot access local variable 'related_word_clean' where it is not associated with a value
2025-04-16 16:26:36,892 - ERROR - Unexpected error processing entry for 'ensayo': cannot access local variable 'related_word_clean' where it is not associated with a value
2025-04-16 16:26:36,895 - ERROR - Unexpected error processing entry for 'ng': cannot access local variable 'related_word_clean' where it is not associated with a value
2025-04-16 16:26:36,935 - ERROR - Unexpected error processing entry for 'anak': cannot access local variable 'related_word_clean' where it is not associated with a value
2025-04-16 16:26:37,003 - ERROR - Unexpected error processing entry for 'andar': cannot access local variable 'related_word_clean' where it is not associated with a value
2025-04-16 16:26:37,030 - ERROR - Unexpected error processing entry for 'amen': cannot access local variable 'related_word_clean' where it is not associated with a value
2025-04-16 16:26:37,053 - ERROR - Unexpected error processing entry for 'tema': cannot access local variable 'related_word_clean' where it is not associated with a value
2025-04-16 16:26:37,058 - ERROR - Unexpected error processing entry for 'duda': cannot access local variable 'related_word_clean' where it is not associated with a value
2025-04-16 16:26:37,067 - ERROR - Unexpected error processing entry for 'lumi': cannot access local variable 'related_word_clean' where it is not associated with a value
2025-04-16 16:26:37,164 - ERROR - Unexpected error processing entry for 'ani': cannot access local variable 'related_word_clean' where it is not associated with a value
2025-04-16 16:26:37,231 - ERROR - Unexpected error processing entry for 'padre': cannot access local variable 'related_word_clean' where it is not associated with a value
2025-04-16 16:26:37,256 - WARNING - Vowel mark not following a consonant at position 0
2025-04-16 16:26:37,300 - ERROR - Unexpected error processing entry for 'toga': cannot access local variable 'related_word_clean' where it is not associated with a value
2025-04-16 16:26:37,303 - ERROR - Unexpected error processing entry for 'tong': cannot access local variable 'related_word_clean' where it is not associated with a value
2025-04-16 16:26:37,337 - ERROR - Unexpected error processing entry for 'asin': cannot access local variable 'related_word_clean' where it is not associated with a value
2025-04-16 16:26:37,372 - ERROR - Unexpected error processing entry for 'dale': cannot access local variable 'related_word_clean' where it is not associated with a value
2025-04-16 16:26:37,375 - ERROR - Unexpected error processing entry for 'dale': cannot access local variable 'related_word_clean' where it is not associated with a value
2025-04-16 16:26:37,391 - ERROR - Unexpected error processing entry for 'segundo': cannot access local variable 'related_word_clean' where it is not associated with a value
2025-04-16 16:26:37,395 - ERROR - Unexpected error processing entry for 'segundo': cannot access local variable 'related_word_clean' where it is not associated with a value
2025-04-16 16:26:37,400 - ERROR - Unexpected error processing entry for 'gaan': cannot access local variable 'related_word_clean' where it is not associated with a value
2025-04-16 16:26:37,416 - ERROR - Unexpected error processing entry for 'mesa': cannot access local variable 'related_word_clean' where it is not associated with a value
2025-04-16 16:26:37,422 - ERROR - Unexpected error processing entry for 'sa': cannot access local variable 'related_word_clean' where it is not associated with a value
2025-04-16 16:26:37,448 - ERROR - Unexpected error processing entry for 'gata': cannot access local variable 'related_word_clean' where it is not associated with a value
2025-04-16 16:26:37,465 - ERROR - Unexpected error processing entry for 'seis': cannot access local variable 'related_word_clean' where it is not associated with a value
2025-04-16 16:26:37,469 - ERROR - Unexpected error processing entry for 'seis': cannot access local variable 'related_word_clean' where it is not associated with a value
2025-04-16 16:26:37,557 - ERROR - Unexpected error processing entry for 'abra': cannot access local variable 'related_word_clean' where it is not associated with a value
2025-04-16 16:26:37,563 - ERROR - Unexpected error processing entry for 'ergo': cannot access local variable 'related_word_clean' where it is not associated with a value
2025-04-16 16:26:37,578 - ERROR - Unexpected error processing entry for 'susi': cannot access local variable 'related_word_clean' where it is not associated with a value
2025-04-16 16:26:37,609 - ERROR - Unexpected error processing entry for 'ako': cannot access local variable 'related_word_clean' where it is not associated with a value
2025-04-16 16:26:37,618 - ERROR - Unexpected error processing entry for 'ako': cannot access local variable 'related_word_clean' where it is not associated with a value
2025-04-16 16:26:37,622 - ERROR - Unexpected error processing entry for 'metro': cannot access local variable 'related_word_clean' where it is not associated with a value
2025-04-16 16:26:37,656 - ERROR - Unexpected error processing entry for 'lista': cannot access local variable 'related_word_clean' where it is not associated with a value
2025-04-16 16:26:37,672 - ERROR - Unexpected error processing entry for 'alba': cannot access local variable 'related_word_clean' where it is not associated with a value
2025-04-16 16:26:37,707 - INFO - Extracted parenthesized text from lemma: original='(q)abu(s)' → lemma='abu', note='(q)abu(s)'
2025-04-16 16:26:37,711 - ERROR - Unexpected error processing entry for 'abo': cannot access local variable 'related_word_clean' where it is not associated with a value
2025-04-16 16:26:37,717 - ERROR - Unexpected error processing entry for 'abo': cannot access local variable 'related_word_clean' where it is not associated with a value
2025-04-16 16:26:37,754 - ERROR - Unexpected error processing entry for 'tumor': cannot access local variable 'related_word_clean' where it is not associated with a value
2025-04-16 16:26:37,779 - ERROR - Unexpected error processing entry for 'waag': cannot access local variable 'related_word_clean' where it is not associated with a value
2025-04-16 16:26:37,816 - ERROR - Unexpected error processing entry for 'kula': cannot access local variable 'related_word_clean' where it is not associated with a value
2025-04-16 16:26:37,904 - ERROR - Unexpected error processing entry for 'ko': cannot access local variable 'related_word_clean' where it is not associated with a value
2025-04-16 16:26:37,961 - INFO - Extracted parenthesized text from lemma: original='(q)uNah' → lemma='uNah', note='(q)uNah'
2025-04-16 16:26:37,963 - ERROR - Unexpected error processing entry for 'una': cannot access local variable 'related_word_clean' where it is not associated with a value
2025-04-16 16:26:38,005 - ERROR - Unexpected error processing entry for 'maestro': cannot access local variable 'related_word_clean' where it is not associated with a value
2025-04-16 16:26:38,013 - ERROR - Unexpected error processing entry for 'lapis': cannot access local variable 'related_word_clean' where it is not associated with a value
2025-04-16 16:26:38,041 - ERROR - Unexpected error processing entry for 'tata': cannot access local variable 'related_word_clean' where it is not associated with a value
2025-04-16 16:26:38,044 - ERROR - Unexpected error processing entry for 'tata': cannot access local variable 'related_word_clean' where it is not associated with a value
2025-04-16 16:26:38,157 - ERROR - Unexpected error processing entry for 'politika': cannot access local variable 'related_word_clean' where it is not associated with a value
2025-04-16 16:26:38,162 - ERROR - Unexpected error processing entry for 'virus': cannot access local variable 'related_word_clean' where it is not associated with a value
2025-04-16 16:26:38,167 - ERROR - Unexpected error processing entry for 'ay': cannot access local variable 'related_word_clean' where it is not associated with a value
2025-04-16 16:26:38,208 - WARNING - Error closing connection: set_session cannot be used inside a transaction
