2025-02-09 15:55:03,041 - INFO - Attempting database connection...
2025-02-09 15:55:03,041 - INFO - Database configuration:
2025-02-09 15:55:03,041 - INFO -   Database Name: fil_dict_db
2025-02-09 15:55:03,042 - INFO -   User: postgres
2025-02-09 15:55:03,042 - INFO -   Host: localhost
2025-02-09 15:55:03,042 - INFO -   Password: ********
2025-02-09 15:55:03,083 - INFO - Successfully established database connection
2025-02-09 15:55:03,084 - INFO - Setting up PostgreSQL extensions...
2025-02-09 15:55:03,084 - INFO - Checking extension: pg_trgm
2025-02-09 15:55:03,091 - INFO - Extension already installed: pg_trgm
2025-02-09 15:55:03,091 - INFO - Checking extension: unaccent
2025-02-09 15:55:03,091 - INFO - Extension already installed: unaccent
2025-02-09 15:55:03,091 - INFO - Checking extension: fuzzystrmatch
2025-02-09 15:55:03,092 - INFO - Extension already installed: fuzzystrmatch
2025-02-09 15:55:03,092 - INFO - Extensions setup completed
2025-02-09 15:55:03,092 - INFO - Starting table creation/update process.
2025-02-09 15:55:03,133 - INFO - Standardizing source names...
2025-02-09 15:55:34,767 - INFO - Source names standardization completed
2025-02-09 15:55:34,803 - INFO - Tables created or updated successfully.
2025-02-09 15:55:34,806 - INFO - Processing Tagalog words from: data/tagalog-words.json
2025-02-09 15:56:37,890 - INFO - Processing root words from: data/root_words_with_associated_words_cleaned.json
2025-02-09 15:57:02,934 - INFO - Processing KWF dictionary from: data/kwf_dictionary.json
2025-02-09 15:58:28,286 - INFO - Starting to process Kaikki file: data/kaikki.jsonl
2025-02-09 15:58:28,411 - ERROR - Error processing entry 'may': list index out of range
2025-02-09 15:58:28,413 - ERROR - Error processing entry 'may': list index out of range
2025-02-09 15:58:28,898 - ERROR - Error processing entry 'el': list index out of range
2025-02-09 15:58:28,929 - ERROR - Error processing entry 'balatik': list index out of range
2025-02-09 15:58:28,980 - ERROR - Error processing entry 'baon': list index out of range
2025-02-09 15:58:29,138 - ERROR - Error processing entry 'saya': list index out of range
2025-02-09 15:58:29,146 - ERROR - Error processing entry 'Sydney': list index out of range
2025-02-09 15:58:29,219 - ERROR - Error processing entry 'kali': list index out of range
2025-02-09 15:58:29,358 - ERROR - Error processing entry 'ba': list index out of range
2025-02-09 15:58:29,457 - ERROR - Error processing entry 'suka': list index out of range
2025-02-09 15:58:29,472 - ERROR - Error processing entry 'pain': list index out of range
2025-02-09 15:58:29,473 - ERROR - Error processing entry 'pula': list index out of range
2025-02-09 15:58:29,475 - ERROR - Error processing entry 'pula': list index out of range
2025-02-09 15:58:29,486 - ERROR - Error processing entry 'look': list index out of range
2025-02-09 15:58:29,554 - ERROR - Error processing entry '-rin': list index out of range
2025-02-09 15:58:29,575 - ERROR - Error processing entry 'mana': list index out of range
2025-02-09 15:58:29,690 - ERROR - Error processing entry 'p': list index out of range
2025-02-09 15:58:29,755 - ERROR - Error processing entry 'k': list index out of range
2025-02-09 15:58:29,756 - ERROR - Error processing entry 'k': list index out of range
2025-02-09 15:58:29,968 - ERROR - Error processing entry 'n': list index out of range
2025-02-09 15:58:30,119 - ERROR - Error processing entry 'aa': list index out of range
2025-02-09 15:58:30,189 - ERROR - Error processing entry 'ni': list index out of range
2025-02-09 15:58:30,241 - ERROR - Error processing entry 'un': list index out of range
2025-02-09 15:58:30,270 - ERROR - Error processing entry 'ta': list index out of range
2025-02-09 15:58:30,275 - ERROR - Error processing entry 'kilo': list index out of range
2025-02-09 15:58:30,277 - ERROR - Error processing entry 'kilo': list index out of range
2025-02-09 15:58:30,287 - ERROR - Error processing entry 'Cu': list index out of range
2025-02-09 15:58:30,292 - ERROR - Error processing entry 'em': list index out of range
2025-02-09 15:58:30,382 - ERROR - Error processing entry 'Tagalog': list index out of range
2025-02-09 15:58:30,385 - ERROR - Error processing entry 'Tagalog': list index out of range
2025-02-09 15:58:30,636 - ERROR - Error processing entry 'Lao': list index out of range
2025-02-09 15:58:30,726 - ERROR - Error processing entry 'si': list index out of range
2025-02-09 15:58:30,761 - ERROR - Error processing entry 'na': list index out of range
2025-02-09 15:58:30,765 - ERROR - Error processing entry 'na': list index out of range
2025-02-09 15:58:30,769 - ERROR - Error processing entry 'na': list index out of range
2025-02-09 15:58:30,814 - ERROR - Error processing entry 'gabe': list index out of range
2025-02-09 15:58:30,911 - ERROR - Error processing entry 'puso': list index out of range
2025-02-09 15:58:31,006 - ERROR - Error processing entry 'lago': list index out of range
2025-02-09 15:58:31,128 - ERROR - Error processing entry 'akin': list index out of range
2025-02-09 15:58:31,131 - ERROR - Error processing entry 'akin': list index out of range
2025-02-09 15:58:31,133 - ERROR - Error processing entry 'Amoy': list index out of range
2025-02-09 15:58:31,135 - ERROR - Error processing entry 'balian': list index out of range
2025-02-09 15:58:31,391 - ERROR - Error processing entry 'ng': list index out of range
2025-02-09 15:58:31,394 - ERROR - Error processing entry 'ng': list index out of range
2025-02-09 15:58:31,526 - ERROR - Error processing entry 'di': list index out of range
2025-02-09 15:58:31,547 - ERROR - Error processing entry 'di-': list index out of range
2025-02-09 15:58:31,603 - ERROR - Error processing entry 'asin': list index out of range
2025-02-09 15:58:31,669 - ERROR - Error processing entry 'sa': list index out of range
2025-02-09 15:58:31,678 - ERROR - Error processing entry 'gata': list index out of range
2025-02-09 15:58:31,696 - ERROR - Error processing entry 'abad': list index out of range
2025-02-09 15:58:31,698 - ERROR - Error processing entry 'abad': list index out of range
2025-02-09 15:58:31,843 - ERROR - Error processing entry 'din': list index out of range
2025-02-09 15:58:31,899 - ERROR - Error processing entry 'kiki': list index out of range
2025-02-09 15:58:32,034 - ERROR - Error processing entry 'ay': list index out of range
2025-02-09 15:58:32,126 - ERROR - Error processing entry 'sauna': list index out of range
2025-02-09 15:58:32,145 - ERROR - Error processing entry 'aba': list index out of range
2025-02-09 15:58:32,235 - ERROR - Error processing entry 'ow': list index out of range
2025-02-09 15:58:32,398 - ERROR - Error processing entry 'manirahan': list index out of range
2025-02-09 15:58:32,413 - ERROR - Error processing entry 'magkaroon': list index out of range
2025-02-09 15:58:32,415 - ERROR - Error processing entry 'magbalik': list index out of range
2025-02-09 15:58:32,420 - ERROR - Error processing entry 'umalis': list index out of range
2025-02-09 15:58:32,424 - ERROR - Error processing entry 'kainin': list index out of range
2025-02-09 15:58:32,426 - ERROR - Error processing entry 'magbigay': list index out of range
2025-02-09 15:58:32,431 - ERROR - Error processing entry 'lumapit': list index out of range
2025-02-09 15:58:32,435 - ERROR - Error processing entry 'uminom': list index out of range
2025-02-09 15:58:32,437 - ERROR - Error processing entry 'mangailangan': list index out of range
2025-02-09 15:58:32,439 - ERROR - Error processing entry 'magtagpo': list index out of range
2025-02-09 15:58:32,440 - ERROR - Error processing entry 'umibig': list index out of range
2025-02-09 15:58:32,442 - ERROR - Error processing entry 'mabuhay': list index out of range
2025-02-09 15:58:32,444 - ERROR - Error processing entry 'mabuhay': list index out of range
2025-02-09 15:58:32,447 - ERROR - Error processing entry 'magpatuloy': list index out of range
2025-02-09 15:58:32,449 - ERROR - Error processing entry 'magpatuloy': list index out of range
2025-02-09 15:58:32,453 - ERROR - Error processing entry 'dumating': list index out of range
2025-02-09 15:58:32,458 - ERROR - Error processing entry 'gumawa': list index out of range
2025-02-09 15:58:32,461 - ERROR - Error processing entry 'bumili': list index out of range
2025-02-09 15:58:32,464 - ERROR - Error processing entry 'kumain': list index out of range
2025-02-09 15:58:32,476 - ERROR - Error processing entry 'magsabi': list index out of range
2025-02-09 15:58:32,481 - ERROR - Error processing entry 'malaman': list index out of range
2025-02-09 15:58:32,559 - ERROR - Error processing entry 'matira': list index out of range
2025-02-09 15:58:32,562 - ERROR - Error processing entry 'matira': list index out of range
2025-02-09 15:58:32,566 - ERROR - Error processing entry 'tanghalian': list index out of range
2025-02-09 15:58:32,570 - ERROR - Error processing entry 'tumira': list index out of range
2025-02-09 15:58:32,572 - ERROR - Error processing entry 'tumira': list index out of range
2025-02-09 15:58:32,573 - ERROR - Error processing entry 'agahan': list index out of range
2025-02-09 15:58:32,576 - ERROR - Error processing entry 'agahan': list index out of range
2025-02-09 15:58:32,594 - ERROR - Error processing entry 'hapunan': list index out of range
2025-02-09 15:58:32,595 - ERROR - Error processing entry 'hapunan': list index out of range
2025-02-09 15:58:32,597 - ERROR - Error processing entry 'hapunan': list index out of range
2025-02-09 15:58:32,667 - ERROR - Error processing entry 'nana': list index out of range
2025-02-09 15:58:32,672 - ERROR - Error processing entry 'sino': list index out of range
2025-02-09 15:58:32,691 - ERROR - Error processing entry 'laki': list index out of range
2025-02-09 15:58:32,693 - ERROR - Error processing entry 'laki': list index out of range
2025-02-09 15:58:32,730 - ERROR - Error processing entry 'polo': list index out of range
2025-02-09 15:58:32,731 - ERROR - Error processing entry 'polo': list index out of range
2025-02-09 15:58:32,769 - ERROR - Error processing entry 'oo': list index out of range
2025-02-09 15:58:32,776 - ERROR - Error processing entry 'chub': list index out of range
2025-02-09 15:58:32,851 - ERROR - Error processing entry 'amo': list index out of range
2025-02-09 15:58:32,868 - ERROR - Error processing entry 'ibis': list index out of range
2025-02-09 15:58:32,969 - ERROR - Error processing entry 'sima': list index out of range
2025-02-09 15:58:32,970 - ERROR - Error processing entry 'sima': list index out of range
2025-02-09 15:58:33,032 - ERROR - Error processing entry 'bait': list index out of range
2025-02-09 15:58:33,085 - ERROR - Error processing entry 'pipi': list index out of range
2025-02-09 15:58:33,088 - ERROR - Error processing entry 'pipi': list index out of range
2025-02-09 15:58:33,106 - ERROR - Error processing entry 'pipi': list index out of range
2025-02-09 15:58:33,107 - ERROR - Error processing entry 'pipi': list index out of range
2025-02-09 15:58:33,287 - ERROR - Error processing entry 'Dee': list index out of range
2025-02-09 15:58:33,305 - ERROR - Error processing entry 'malaya': list index out of range
2025-02-09 15:58:33,347 - ERROR - Error processing entry 'alamin': list index out of range
2025-02-09 15:58:33,380 - ERROR - Error processing entry 'Ilokano': list index out of range
2025-02-09 15:58:33,383 - ERROR - Error processing entry 'Ilokano': list index out of range
2025-02-09 15:58:33,543 - ERROR - Error processing entry 'sala': list index out of range
2025-02-09 15:58:33,545 - ERROR - Error processing entry 'sala': list index out of range
2025-02-09 15:58:33,619 - ERROR - Error processing entry 'mens': list index out of range
2025-02-09 15:58:33,721 - ERROR - Error processing entry 'bulo': list index out of range
2025-02-09 15:58:33,735 - ERROR - Error processing entry 'umano': list index out of range
2025-02-09 15:58:33,736 - ERROR - Error processing entry 'umano': list index out of range
2025-02-09 15:58:33,745 - ERROR - Error processing entry 'buko': list index out of range
2025-02-09 15:58:33,746 - ERROR - Error processing entry 'buko': list index out of range
2025-02-09 15:58:33,750 - ERROR - Error processing entry 'aso': list index out of range
2025-02-09 15:58:33,775 - ERROR - Error processing entry 'bubo': list index out of range
2025-02-09 15:58:33,778 - ERROR - Error processing entry 'bubo': list index out of range
2025-02-09 15:58:34,146 - ERROR - Error processing entry 'basa': list index out of range
2025-02-09 15:58:34,150 - ERROR - Error processing entry 'Kong': list index out of range
2025-02-09 15:58:34,305 - ERROR - Error processing entry 'dating': list index out of range
2025-02-09 15:58:34,452 - ERROR - Error processing entry 'ama': list index out of range
2025-02-09 15:58:34,455 - ERROR - Error processing entry 'ama': list index out of range
2025-02-09 15:58:34,528 - ERROR - Error processing entry 'panis': list index out of range
2025-02-09 15:58:34,531 - ERROR - Error processing entry 'panis': list index out of range
2025-02-09 15:58:34,564 - ERROR - Error processing entry 'mahina': list index out of range
2025-02-09 15:58:34,607 - ERROR - Error processing entry 'kau': list index out of range
2025-02-09 15:58:34,613 - ERROR - Error processing entry 'Abu': list index out of range
2025-02-09 15:58:34,627 - ERROR - Error processing entry 'dato': list index out of range
2025-02-09 15:58:34,629 - ERROR - Error processing entry 'dato': list index out of range
2025-02-09 15:58:34,650 - ERROR - Error processing entry 'Boy': list index out of range
2025-02-09 15:58:34,658 - ERROR - Error processing entry 'Chow': list index out of range
2025-02-09 15:58:34,663 - ERROR - Error processing entry 'Co': list index out of range
2025-02-09 15:58:34,691 - ERROR - Error processing entry 'Dy': list index out of range
2025-02-09 15:58:34,874 - ERROR - Error processing entry 'Ho': list index out of range
2025-02-09 15:58:34,876 - ERROR - Error processing entry 'Ka': list index out of range
2025-02-09 15:58:34,878 - ERROR - Error processing entry 'Ka': list index out of range
2025-02-09 15:58:34,880 - ERROR - Error processing entry 'Ka': list index out of range
2025-02-09 15:58:34,909 - ERROR - Error processing entry 'Lua': list index out of range
2025-02-09 15:58:35,024 - ERROR - Error processing entry 'Lee': list index out of range
2025-02-09 15:58:35,027 - ERROR - Error processing entry 'Man': list index out of range
2025-02-09 15:58:35,033 - ERROR - Error processing entry 'Que': list index out of range
2025-02-09 15:58:35,042 - ERROR - Error processing entry 'Park': list index out of range
2025-02-09 15:58:35,053 - ERROR - Error processing entry 'Ng': list index out of range
2025-02-09 15:58:35,054 - ERROR - Error processing entry 'Ng': list index out of range
2025-02-09 15:58:35,072 - ERROR - Error processing entry 'Po': list index out of range
2025-02-09 15:58:35,081 - ERROR - Error processing entry 'So': list index out of range
2025-02-09 15:58:35,090 - ERROR - Error processing entry 'ka': list index out of range
2025-02-09 15:58:35,091 - ERROR - Error processing entry 'ka': list index out of range
2025-02-09 15:58:35,138 - ERROR - Error processing entry 'Tang': list index out of range
2025-02-09 15:58:35,279 - ERROR - Error processing entry 'Sun': list index out of range
2025-02-09 15:58:35,506 - ERROR - Error processing entry 'tupi': list index out of range
2025-02-09 15:58:35,548 - ERROR - Error processing entry 'mo': list index out of range
2025-02-09 15:58:36,057 - ERROR - Error processing entry 'gets': list index out of range
2025-02-09 15:58:36,059 - ERROR - Error processing entry 'gets': list index out of range
2025-02-09 15:58:36,267 - ERROR - Error processing entry 'tagal': list index out of range
2025-02-09 15:58:36,369 - ERROR - Error processing entry 'iri': list index out of range
2025-02-09 15:58:36,421 - ERROR - Error processing entry 'pako': list index out of range
2025-02-09 15:58:36,477 - ERROR - Error processing entry 'bara': list index out of range
2025-02-09 15:58:36,489 - ERROR - Error processing entry 'hali': list index out of range
2025-02-09 15:58:36,604 - ERROR - Error processing entry 'puto bumbong': list index out of range
2025-02-09 15:58:36,631 - ERROR - Error processing entry 'ligo': list index out of range
2025-02-09 15:58:36,633 - ERROR - Error processing entry 'ligo': list index out of range
2025-02-09 15:58:36,657 - ERROR - Error processing entry 'puri': list index out of range
2025-02-09 15:58:36,975 - ERROR - Error processing entry 'ito': list index out of range
2025-02-09 15:58:36,977 - ERROR - Error processing entry 'ito': list index out of range
2025-02-09 15:58:36,988 - ERROR - Error processing entry 'pati': list index out of range
2025-02-09 15:58:37,060 - ERROR - Error processing entry 'luto': list index out of range
2025-02-09 15:58:37,061 - ERROR - Error processing entry 'luto': list index out of range
2025-02-09 15:58:37,062 - ERROR - Error processing entry 'luto': list index out of range
2025-02-09 15:58:37,159 - ERROR - Error processing entry 'juts': list index out of range
2025-02-09 15:58:37,183 - ERROR - Error processing entry 'haba': list index out of range
2025-02-09 15:58:37,185 - ERROR - Error processing entry 'haba': list index out of range
2025-02-09 15:58:37,188 - ERROR - Error processing entry 'haba': list index out of range
2025-02-09 15:58:37,216 - ERROR - Error processing entry 'bala': list index out of range
2025-02-09 15:58:37,221 - ERROR - Error processing entry 'mauna': list index out of range
2025-02-09 15:58:37,329 - ERROR - Error processing entry 'gumi': list index out of range
2025-02-09 15:58:37,330 - ERROR - Error processing entry 'pots': list index out of range
2025-02-09 15:58:37,339 - ERROR - Error processing entry 'di-pangkaraniwan': list index out of range
2025-02-09 15:58:37,489 - ERROR - Error processing entry 'ang': list index out of range
2025-02-09 15:58:37,494 - ERROR - Error processing entry 'sharks': list index out of range
2025-02-09 15:58:37,535 - ERROR - Error processing entry 'magdala': list index out of range
2025-02-09 15:58:37,706 - ERROR - Error processing entry 'kaayo': list index out of range
2025-02-09 15:58:37,824 - ERROR - Error processing entry 'cha': list index out of range
2025-02-09 15:58:37,949 - ERROR - Error processing entry 'Singh': list index out of range
2025-02-09 15:58:38,092 - ERROR - Error processing entry 'kailan': list index out of range
2025-02-09 15:58:38,094 - ERROR - Error processing entry 'alat': list index out of range
2025-02-09 15:58:38,095 - ERROR - Error processing entry 'alat': list index out of range
2025-02-09 15:58:38,118 - ERROR - Error processing entry 'tipo': list index out of range
2025-02-09 15:58:38,121 - ERROR - Error processing entry 'tipo': list index out of range
2025-02-09 15:58:38,121 - WARNING - Invalid Baybayin data for word '-ana', clearing baybayin fields.
2025-02-09 15:58:38,127 - ERROR - Error processing entry 'paso': list index out of range
2025-02-09 15:58:38,130 - ERROR - Error processing entry 'paso': list index out of range
2025-02-09 15:58:38,147 - ERROR - Error processing entry 'paso': list index out of range
2025-02-09 15:58:38,265 - ERROR - Error processing entry 'lana': list index out of range
2025-02-09 15:58:38,268 - ERROR - Error processing entry 'parang': list index out of range
2025-02-09 15:58:38,291 - ERROR - Error processing entry 'penge': list index out of range
2025-02-09 15:58:38,577 - ERROR - Error processing entry 'mulat': list index out of range
2025-02-09 15:58:38,578 - ERROR - Error processing entry 'mulat': list index out of range
2025-02-09 15:58:38,609 - ERROR - Error processing entry 'bila': list index out of range
2025-02-09 15:58:38,612 - ERROR - Error processing entry 'bila': list index out of range
2025-02-09 15:58:38,640 - ERROR - Error processing entry 'pili': list index out of range
2025-02-09 15:58:38,641 - ERROR - Error processing entry 'pili': list index out of range
2025-02-09 15:58:38,708 - ERROR - Error processing entry 'siga': list index out of range
2025-02-09 15:58:38,868 - ERROR - Error processing entry 'sakal': list index out of range
2025-02-09 15:58:38,872 - ERROR - Error processing entry 'sakal': list index out of range
2025-02-09 15:58:38,931 - ERROR - Error processing entry 'bundok': list index out of range
2025-02-09 15:58:38,940 - ERROR - Error processing entry 'i-': list index out of range
2025-02-09 15:58:38,943 - ERROR - Error processing entry 'hubo': list index out of range
2025-02-09 15:58:38,945 - ERROR - Error processing entry 'hubo': list index out of range
2025-02-09 15:58:38,946 - ERROR - Error processing entry 'hubo': list index out of range
2025-02-09 15:58:38,949 - ERROR - Error processing entry 'binti': list index out of range
2025-02-09 15:58:38,977 - ERROR - Error processing entry 'kapal': list index out of range
2025-02-09 15:58:39,038 - ERROR - Error processing entry 'taon': list index out of range
2025-02-09 15:58:39,050 - ERROR - Error processing entry 'bakal': list index out of range
2025-02-09 15:58:39,051 - ERROR - Error processing entry 'bakal': list index out of range
2025-02-09 15:58:39,132 - ERROR - Error processing entry 'pulo': list index out of range
2025-02-09 15:58:39,134 - ERROR - Error processing entry 'pulo': list index out of range
2025-02-09 15:58:39,135 - ERROR - Error processing entry 'aguho': list index out of range
2025-02-09 15:58:39,174 - ERROR - Error processing entry 'banaba': list index out of range
2025-02-09 15:58:39,215 - ERROR - Error processing entry 'kaya': list index out of range
2025-02-09 15:58:39,216 - ERROR - Error processing entry 'kaya': list index out of range
2025-02-09 15:58:39,219 - ERROR - Error processing entry 'kaya': list index out of range
2025-02-09 15:58:39,297 - ERROR - Error processing entry 'buka': list index out of range
2025-02-09 15:58:39,298 - ERROR - Error processing entry 'buka': list index out of range
2025-02-09 15:58:39,347 - ERROR - Error processing entry 'tapi': list index out of range
2025-02-09 15:58:39,475 - ERROR - Error processing entry 'migmig': list index out of range
2025-02-09 15:58:39,509 - ERROR - Error processing entry 'giling': list index out of range
2025-02-09 15:58:39,512 - ERROR - Error processing entry 'giling': list index out of range
2025-02-09 15:58:39,648 - ERROR - Error processing entry 'ibig': list index out of range
2025-02-09 15:58:39,650 - ERROR - Error processing entry 'ibig': list index out of range
2025-02-09 15:58:39,661 - ERROR - Error processing entry 'itim': list index out of range
2025-02-09 15:58:39,663 - ERROR - Error processing entry 'itim': list index out of range
2025-02-09 15:58:39,887 - ERROR - Error processing entry 'hati': list index out of range
2025-02-09 15:58:39,888 - ERROR - Error processing entry 'hati': list index out of range
2025-02-09 15:58:39,891 - ERROR - Error processing entry 'hati': list index out of range
2025-02-09 15:58:39,892 - ERROR - Error processing entry 'hati': list index out of range
2025-02-09 15:58:39,932 - ERROR - Error processing entry 'salo': list index out of range
2025-02-09 15:58:39,933 - ERROR - Error processing entry 'salo': list index out of range
2025-02-09 15:58:40,311 - ERROR - Error processing entry 'Pinoy': list index out of range
2025-02-09 15:58:40,314 - ERROR - Error processing entry 'Pinoy': list index out of range
2025-02-09 15:58:40,318 - ERROR - Error processing entry 'naga': list index out of range
2025-02-09 15:58:40,403 - ERROR - Error processing entry 'puti': list index out of range
2025-02-09 15:58:40,404 - ERROR - Error processing entry 'puti': list index out of range
2025-02-09 15:58:40,432 - ERROR - Error processing entry 'holen': list index out of range
2025-02-09 15:58:40,565 - ERROR - Error processing entry 'lasa': list index out of range
2025-02-09 15:58:40,676 - ERROR - Error processing entry 'dali': list index out of range
2025-02-09 15:58:40,678 - ERROR - Error processing entry 'dali': list index out of range
2025-02-09 15:58:40,711 - ERROR - Error processing entry 'pics': list index out of range
2025-02-09 15:58:40,817 - ERROR - Error processing entry 'aga': list index out of range
2025-02-09 15:58:40,848 - ERROR - Error processing entry 'bisig': list index out of range
2025-02-09 15:58:40,964 - ERROR - Error processing entry 'wawa': list index out of range
2025-02-09 15:58:41,089 - ERROR - Error processing entry 'makulit': list index out of range
2025-02-09 15:58:41,091 - ERROR - Error processing entry 'makulit': list index out of range
2025-02-09 15:58:41,116 - ERROR - Error processing entry 'kung': list index out of range
2025-02-09 15:58:41,117 - ERROR - Error processing entry 'kung': list index out of range
2025-02-09 15:58:41,156 - ERROR - Error processing entry 'rito': list index out of range
2025-02-09 15:58:41,561 - ERROR - Error processing entry 'kati': list index out of range
2025-02-09 15:58:41,567 - ERROR - Error processing entry 'kati': list index out of range
2025-02-09 15:58:41,675 - ERROR - Error processing entry 'laway': list index out of range
2025-02-09 15:58:41,677 - ERROR - Error processing entry 'laway': list index out of range
2025-02-09 15:58:41,678 - ERROR - Error processing entry 'balang': list index out of range
2025-02-09 15:58:41,679 - ERROR - Error processing entry 'balang': list index out of range
2025-02-09 15:58:41,698 - WARNING - Invalid Baybayin data for word 'paling', clearing baybayin fields.
2025-02-09 15:58:41,699 - ERROR - Error processing entry 'paling': list index out of range
2025-02-09 15:58:41,700 - WARNING - Invalid Baybayin data for word 'paling', clearing baybayin fields.
2025-02-09 15:58:41,700 - ERROR - Error processing entry 'paling': list index out of range
2025-02-09 15:58:41,703 - ERROR - Error processing entry 'waagan': list index out of range
2025-02-09 15:58:41,897 - WARNING - Invalid Baybayin data for word 'piling', clearing baybayin fields.
2025-02-09 15:58:41,904 - WARNING - Invalid Baybayin data for word 'piling', clearing baybayin fields.
2025-02-09 15:58:41,947 - ERROR - Error processing entry 'pakana': list index out of range
2025-02-09 15:58:41,978 - ERROR - Error processing entry 'Kalibo': list index out of range
2025-02-09 15:58:42,100 - ERROR - Error processing entry 'abatan': list index out of range
2025-02-09 15:58:42,101 - ERROR - Error processing entry 'abatan': list index out of range
2025-02-09 15:58:42,142 - ERROR - Error processing entry 'alisan': list index out of range
2025-02-09 15:58:42,144 - ERROR - Error processing entry 'alisan': list index out of range
2025-02-09 15:58:42,266 - ERROR - Error processing entry 'balas': list index out of range
2025-02-09 15:58:42,448 - ERROR - Error processing entry 'hilamos': list index out of range
2025-02-09 15:58:42,474 - ERROR - Error processing entry 'hila': list index out of range
2025-02-09 15:58:42,485 - ERROR - Error processing entry 'carps': list index out of range
2025-02-09 15:58:42,611 - ERROR - Error processing entry 'mamad': list index out of range
2025-02-09 15:58:42,620 - ERROR - Error processing entry 'mataras': list index out of range
2025-02-09 15:58:42,623 - ERROR - Error processing entry 'mataba': list index out of range
2025-02-09 15:58:42,896 - ERROR - Error processing entry 'alimango': list index out of range
2025-02-09 15:58:42,897 - ERROR - Error processing entry 'alimango': list index out of range
2025-02-09 15:58:42,934 - ERROR - Error processing entry 'luminis': list index out of range
2025-02-09 15:58:43,039 - ERROR - Error processing entry 'umaga': list index out of range
2025-02-09 15:58:43,042 - ERROR - Error processing entry 'umaga': list index out of range
2025-02-09 15:58:43,093 - ERROR - Error processing entry 'hapon': list index out of range
2025-02-09 15:58:43,096 - ERROR - Error processing entry 'sandali': list index out of range
2025-02-09 15:58:43,097 - ERROR - Error processing entry 'sandali': list index out of range
2025-02-09 15:58:43,098 - ERROR - Error processing entry 'sandali': list index out of range
2025-02-09 15:58:43,099 - ERROR - Error processing entry 'sandali': list index out of range
2025-02-09 15:58:43,100 - ERROR - Error processing entry 'sandali': list index out of range
2025-02-09 15:58:43,110 - ERROR - Error processing entry 'buni': list index out of range
2025-02-09 15:58:43,252 - ERROR - Error processing entry 'damdamin': list index out of range
2025-02-09 15:58:43,254 - ERROR - Error processing entry 'damdamin': list index out of range
2025-02-09 15:58:43,255 - ERROR - Error processing entry 'dahilan': list index out of range
2025-02-09 15:58:43,334 - ERROR - Error processing entry 'bituin': list index out of range
2025-02-09 15:58:43,358 - ERROR - Error processing entry 'bilog': list index out of range
2025-02-09 15:58:43,359 - ERROR - Error processing entry 'bilog': list index out of range
2025-02-09 15:58:43,426 - ERROR - Error processing entry 'bukid': list index out of range
2025-02-09 15:58:43,428 - ERROR - Error processing entry 'dagat': list index out of range
2025-02-09 15:58:43,652 - WARNING - Invalid Baybayin data for word '-ado', clearing baybayin fields.
2025-02-09 15:58:43,654 - ERROR - Error processing entry 'itala': list index out of range
2025-02-09 15:58:43,692 - ERROR - Error processing entry 'bolero': list index out of range
2025-02-09 15:58:43,755 - ERROR - Error processing entry 'unos': list index out of range
2025-02-09 15:58:43,762 - ERROR - Error processing entry 'dao': list index out of range
2025-02-09 15:58:43,765 - ERROR - Error processing entry 'sao': list index out of range
2025-02-09 15:58:43,866 - ERROR - Error processing entry 'bakbak': list index out of range
2025-02-09 15:58:43,870 - ERROR - Error processing entry 'bakbak': list index out of range
2025-02-09 15:58:43,894 - ERROR - Error processing entry 'banga': list index out of range
2025-02-09 15:58:43,895 - ERROR - Error processing entry 'banga': list index out of range
2025-02-09 15:58:43,943 - ERROR - Error processing entry 'tikin': list index out of range
2025-02-09 15:58:44,103 - ERROR - Error processing entry 'kapitan': list index out of range
2025-02-09 15:58:44,104 - ERROR - Error processing entry 'kapitan': list index out of range
2025-02-09 15:58:44,107 - ERROR - Error processing entry 'kapitan': list index out of range
2025-02-09 15:58:44,136 - ERROR - Error processing entry 'isig': list index out of range
2025-02-09 15:58:44,220 - ERROR - Error processing entry 'malati': list index out of range
2025-02-09 15:58:44,245 - ERROR - Error processing entry 'lala': list index out of range
2025-02-09 15:58:44,246 - ERROR - Error processing entry 'lala': list index out of range
2025-02-09 15:58:44,247 - ERROR - Error processing entry 'lala': list index out of range
2025-02-09 15:58:44,249 - ERROR - Error processing entry 'lala': list index out of range
2025-02-09 15:58:44,278 - ERROR - Error processing entry 'malata': list index out of range
2025-02-09 15:58:44,337 - ERROR - Error processing entry 'sukat': list index out of range
2025-02-09 15:58:44,339 - ERROR - Error processing entry 'sukat': list index out of range
2025-02-09 15:58:44,341 - ERROR - Error processing entry 'sukat': list index out of range
2025-02-09 15:58:44,342 - ERROR - Error processing entry 'sukat': list index out of range
2025-02-09 15:58:44,345 - ERROR - Error processing entry 'sukat': list index out of range
2025-02-09 15:58:44,366 - ERROR - Error processing entry 'suot': list index out of range
2025-02-09 15:58:44,367 - ERROR - Error processing entry 'suot': list index out of range
2025-02-09 15:58:44,538 - ERROR - Error processing entry 'maiksi': list index out of range
2025-02-09 15:58:44,591 - ERROR - Error processing entry 'tumula': list index out of range
2025-02-09 15:58:44,698 - ERROR - Error processing entry 'sags': list index out of range
2025-02-09 15:58:44,706 - ERROR - Error processing entry 'lapaan': list index out of range
2025-02-09 15:58:44,759 - ERROR - Error processing entry 'aspin': list index out of range
2025-02-09 15:58:44,844 - ERROR - Error processing entry 'tipan': list index out of range
2025-02-09 15:58:44,848 - ERROR - Error processing entry 'kulot': list index out of range
2025-02-09 15:58:44,851 - ERROR - Error processing entry 'kulot': list index out of range
2025-02-09 15:58:44,875 - ERROR - Error processing entry 'kupit': list index out of range
2025-02-09 15:58:44,877 - ERROR - Error processing entry 'kupit': list index out of range
2025-02-09 15:58:44,925 - ERROR - Error processing entry 'salin': list index out of range
2025-02-09 15:58:44,928 - ERROR - Error processing entry 'paina': list index out of range
2025-02-09 15:58:44,956 - ERROR - Error processing entry 'alis': list index out of range
2025-02-09 15:58:44,958 - ERROR - Error processing entry 'alis': list index out of range
2025-02-09 15:58:44,959 - ERROR - Error processing entry 'alis': list index out of range
2025-02-09 15:58:45,064 - ERROR - Error processing entry 'silid-aklatan': list index out of range
2025-02-09 15:58:45,089 - ERROR - Error processing entry 'oks': list index out of range
2025-02-09 15:58:45,091 - ERROR - Error processing entry 'oks': list index out of range
2025-02-09 15:58:45,223 - ERROR - Error processing entry 'maski': list index out of range
2025-02-09 15:58:45,229 - ERROR - Error processing entry 'mangimi': list index out of range
2025-02-09 15:58:45,273 - ERROR - Error processing entry 'pigi': list index out of range
2025-02-09 15:58:45,297 - ERROR - Error processing entry 'pusta': list index out of range
2025-02-09 15:58:45,420 - ERROR - Error processing entry 'ukit': list index out of range
2025-02-09 15:58:45,422 - ERROR - Error processing entry 'ukit': list index out of range
2025-02-09 15:58:45,486 - ERROR - Error processing entry 'kelot': list index out of range
2025-02-09 15:58:45,545 - ERROR - Error processing entry 'tubos': list index out of range
2025-02-09 15:58:45,569 - ERROR - Error processing entry 'paalam': list index out of range
2025-02-09 15:58:45,570 - ERROR - Error processing entry 'paalam': list index out of range
2025-02-09 15:58:45,571 - ERROR - Error processing entry 'paalam': list index out of range
2025-02-09 15:58:45,581 - ERROR - Error processing entry 'aranya': list index out of range
2025-02-09 15:58:45,705 - ERROR - Error processing entry 'gatas': list index out of range
2025-02-09 15:58:45,710 - ERROR - Error processing entry 'sapa': list index out of range
2025-02-09 15:58:45,765 - ERROR - Error processing entry 'buking': list index out of range
2025-02-09 15:58:45,824 - ERROR - Error processing entry 'kaalit': list index out of range
2025-02-09 15:58:45,826 - ERROR - Error processing entry 'alitan': list index out of range
2025-02-09 15:58:45,916 - ERROR - Error processing entry 'teka': list index out of range
2025-02-09 15:58:45,920 - ERROR - Error processing entry 'gasino': list index out of range
2025-02-09 15:58:45,922 - ERROR - Error processing entry 'gasino': list index out of range
2025-02-09 15:58:45,934 - ERROR - Error processing entry 'raanan': list index out of range
2025-02-09 15:58:45,998 - ERROR - Error processing entry 'kasaksi': list index out of range
2025-02-09 15:58:46,015 - ERROR - Error processing entry 'bakit': list index out of range
2025-02-09 15:58:46,041 - ERROR - Error processing entry 'malas': list index out of range
2025-02-09 15:58:46,044 - ERROR - Error processing entry 'malas': list index out of range
2025-02-09 15:58:46,058 - ERROR - Error processing entry 'sayang': list index out of range
2025-02-09 15:58:46,059 - ERROR - Error processing entry 'sayang': list index out of range
2025-02-09 15:58:46,060 - ERROR - Error processing entry 'sayang': list index out of range
2025-02-09 15:58:46,077 - ERROR - Error processing entry 'sipi': list index out of range
2025-02-09 15:58:46,079 - ERROR - Error processing entry 'sipi': list index out of range
2025-02-09 15:58:46,168 - ERROR - Error processing entry 'iba': list index out of range
2025-02-09 15:58:46,194 - ERROR - Error processing entry 'epal': list index out of range
2025-02-09 15:58:46,195 - ERROR - Error processing entry 'epal': list index out of range
2025-02-09 15:58:46,214 - WARNING - Invalid Baybayin data for word '-ano', clearing baybayin fields.
2025-02-09 15:58:46,217 - ERROR - Error processing entry 'dugo': list index out of range
2025-02-09 15:58:46,221 - ERROR - Error processing entry 'sikat': list index out of range
2025-02-09 15:58:46,223 - ERROR - Error processing entry 'sikat': list index out of range
2025-02-09 15:58:46,311 - ERROR - Error processing entry 'baling': list index out of range
2025-02-09 15:58:46,313 - ERROR - Error processing entry 'baling': list index out of range
2025-02-09 15:58:46,315 - ERROR - Error processing entry 'sapin': list index out of range
2025-02-09 15:58:46,329 - ERROR - Error processing entry 'taba': list index out of range
2025-02-09 15:58:46,495 - ERROR - Error processing entry 'humina': list index out of range
2025-02-09 15:58:46,497 - ERROR - Error processing entry 'tiis': list index out of range
2025-02-09 15:58:46,514 - ERROR - Error processing entry 'GRO': list index out of range
