2025-03-30 20:32:53,177 - INFO - Starting lookup for word: 'wala1'
2025-03-30 20:32:53,209 - INFO - pg_trgm extension installed: True
2025-03-30 20:32:53,209 - INFO - Executing exact match query for 'wala1'
2025-03-30 20:32:53,371 - INFO - Found 0 exact matches
2025-03-30 20:32:53,372 - INFO - No exact matches, trying fuzzy search for 'wala1'
2025-03-30 20:32:53,518 - INFO - Found 5 fuzzy matches
2025-03-30 20:32:53,518 - INFO - Fuzzy matches: ['wala', 'wala', 'walat', 'walag', 'walat-walat']
2025-03-30 20:32:53,521 - INFO - Processing result 1/5
2025-03-30 20:32:53,521 - INFO - Word ID: 108145
2025-03-30 20:32:53,522 - INFO - Lemma: wala
2025-03-30 20:32:53,522 - INFO - Language code: tl
2025-03-30 20:32:53,523 - INFO - Querying pronunciations for word_id 108145
2025-03-30 20:32:53,532 - INFO - Found 6 pronunciations
2025-03-30 20:32:53,537 - INFO - Querying etymologies for word_id 108145
2025-03-30 20:32:53,543 - INFO - Found 1 etymologies
2025-03-30 20:32:53,545 - INFO - Querying definitions for word_id 108145
2025-03-30 20:32:53,552 - INFO - Found 12 definitions
2025-03-30 20:32:53,553 - INFO - Processing definition 1/12
2025-03-30 20:32:53,554 - WARNING - Error parsing examples: Expecting value: line 1 column 1 (char 0)
2025-03-30 20:32:53,555 - INFO - Processing definition 2/12
2025-03-30 20:32:53,555 - WARNING - Error parsing examples: Expecting value: line 1 column 1 (char 0)
2025-03-30 20:32:53,555 - INFO - Processing definition 3/12
2025-03-30 20:32:53,556 - WARNING - Error parsing examples: Expecting value: line 1 column 1 (char 0)
2025-03-30 20:32:53,557 - INFO - Processing definition 4/12
2025-03-30 20:32:53,557 - WARNING - Error parsing examples: Expecting value: line 1 column 1 (char 0)
2025-03-30 20:32:53,558 - INFO - Processing definition 5/12
2025-03-30 20:32:53,558 - WARNING - Error parsing examples: Expecting value: line 1 column 1 (char 0)
2025-03-30 20:32:53,559 - INFO - Processing definition 6/12
2025-03-30 20:32:53,560 - INFO - Processing definition 7/12
2025-03-30 20:32:53,560 - WARNING - Error parsing examples: Expecting value: line 1 column 1 (char 0)
2025-03-30 20:32:53,561 - INFO - Processing definition 8/12
2025-03-30 20:32:53,562 - INFO - Processing definition 9/12
2025-03-30 20:32:53,563 - INFO - Processing definition 10/12
2025-03-30 20:32:53,563 - INFO - Processing definition 11/12
2025-03-30 20:32:53,564 - INFO - Processing definition 12/12
2025-03-30 20:32:53,565 - INFO - Querying relations for word_id 108145
2025-03-30 20:32:53,583 - INFO - Found 210 relations
2025-03-30 20:32:53,642 - INFO - Processing result 2/5
2025-03-30 20:32:53,642 - INFO - Word ID: 219693
2025-03-30 20:32:53,642 - INFO - Lemma: wala
2025-03-30 20:32:53,642 - INFO - Language code: ceb
2025-03-30 20:32:53,643 - INFO - Querying pronunciations for word_id 219693
2025-03-30 20:32:53,648 - INFO - Found 10 pronunciations
2025-03-30 20:32:53,653 - INFO - Querying etymologies for word_id 219693
2025-03-30 20:32:53,654 - INFO - Found 1 etymologies
2025-03-30 20:32:53,655 - INFO - Querying definitions for word_id 219693
2025-03-30 20:32:53,660 - INFO - Found 9 definitions
2025-03-30 20:32:53,662 - INFO - Processing definition 1/9
2025-03-30 20:32:53,664 - INFO - Processing definition 2/9
2025-03-30 20:32:53,665 - WARNING - Error parsing examples: Expecting value: line 1 column 1 (char 0)
2025-03-30 20:32:53,667 - INFO - Processing definition 3/9
2025-03-30 20:32:53,667 - WARNING - Error parsing examples: Expecting value: line 1 column 1 (char 0)
2025-03-30 20:32:53,668 - INFO - Processing definition 4/9
2025-03-30 20:32:53,669 - INFO - Processing definition 5/9
2025-03-30 20:32:53,669 - INFO - Processing definition 6/9
2025-03-30 20:32:53,670 - INFO - Processing definition 7/9
2025-03-30 20:32:53,671 - INFO - Processing definition 8/9
2025-03-30 20:32:53,672 - INFO - Processing definition 9/9
2025-03-30 20:32:53,672 - WARNING - Error parsing examples: Expecting value: line 1 column 1 (char 0)
2025-03-30 20:32:53,672 - INFO - Querying relations for word_id 219693
2025-03-30 20:32:53,674 - INFO - Found 18 relations
2025-03-30 20:32:53,680 - INFO - Processing result 3/5
2025-03-30 20:32:53,681 - INFO - Word ID: 134691
2025-03-30 20:32:53,681 - INFO - Lemma: walat
2025-03-30 20:32:53,681 - INFO - Language code: tl
2025-03-30 20:32:53,682 - INFO - Querying pronunciations for word_id 134691
2025-03-30 20:32:53,683 - INFO - Found 0 pronunciations
2025-03-30 20:32:53,683 - INFO - Querying etymologies for word_id 134691
2025-03-30 20:32:53,685 - INFO - Found 0 etymologies
2025-03-30 20:32:53,685 - INFO - Querying definitions for word_id 134691
2025-03-30 20:32:53,686 - INFO - Found 0 definitions
2025-03-30 20:32:53,686 - INFO - Querying relations for word_id 134691
2025-03-30 20:32:53,688 - INFO - Found 2 relations
2025-03-30 20:32:53,690 - INFO - Processing result 4/5
2025-03-30 20:32:53,690 - INFO - Word ID: 143462
2025-03-30 20:32:53,691 - INFO - Lemma: walag
2025-03-30 20:32:53,691 - INFO - Language code: tl
2025-03-30 20:32:53,692 - INFO - Querying pronunciations for word_id 143462
2025-03-30 20:32:53,695 - INFO - Found 0 pronunciations
2025-03-30 20:32:53,695 - INFO - Querying etymologies for word_id 143462
2025-03-30 20:32:53,697 - INFO - Found 0 etymologies
2025-03-30 20:32:53,697 - INFO - Querying definitions for word_id 143462
2025-03-30 20:32:53,699 - INFO - Found 0 definitions
2025-03-30 20:32:53,699 - INFO - Querying relations for word_id 143462
2025-03-30 20:32:53,702 - INFO - Found 1 relations
2025-03-30 20:32:53,703 - INFO - Processing result 5/5
2025-03-30 20:32:53,704 - INFO - Word ID: 143492
2025-03-30 20:32:53,704 - INFO - Lemma: walat-walat
2025-03-30 20:32:53,704 - INFO - Language code: tl
2025-03-30 20:32:53,705 - INFO - Querying pronunciations for word_id 143492
2025-03-30 20:32:53,705 - INFO - Found 0 pronunciations
2025-03-30 20:32:53,705 - INFO - Querying etymologies for word_id 143492
2025-03-30 20:32:53,706 - INFO - Found 0 etymologies
2025-03-30 20:32:53,706 - INFO - Querying definitions for word_id 143492
2025-03-30 20:32:53,706 - INFO - Found 0 definitions
2025-03-30 20:32:53,706 - INFO - Querying relations for word_id 143492
2025-03-30 20:32:53,707 - INFO - Found 1 relations
2025-03-30 20:32:53,709 - INFO - Database connection closed
