2025-04-03 23:15:08,583 - INFO - Starting table creation/update process.
2025-04-03 23:15:08,881 - INFO - Tables created or updated successfully.
2025-04-03 23:15:08,886 - INFO - Processing Marayum dictionaries from directory: ..\data\marayum_dictionaries
2025-04-03 23:15:08,888 - INFO - Processing Marayum file: ..\data\marayum_dictionaries\onhan-english_processed.json with source: Project Marayum
2025-04-03 23:15:08,888 - INFO - Found 0 word entries in ..\data\marayum_dictionaries\onhan-english_processed.json
2025-04-03 23:15:08,889 - INFO - Determined language code 'onx' for ..\data\marayum_dictionaries\onhan-english_processed.json from base language 'Onhan'.
2025-04-03 23:15:08,922 - INFO - Finished processing ..\data\marayum_dictionaries\onhan-english_processed.json. Processed: 0, Definitions: 0, Relations: 0, Pronunciations: 0, Etymologies: 0, Skipped: 0, Errors: 0
2025-04-03 23:15:08,923 - WARNING - No entries processed from onhan-english_processed.json
2025-04-03 23:15:08,923 - INFO - Processing Marayum file: ..\data\marayum_dictionaries\waray-english_processed.json with source: Project Marayum
2025-04-03 23:15:08,924 - INFO - Found 0 word entries in ..\data\marayum_dictionaries\waray-english_processed.json
2025-04-03 23:15:08,925 - INFO - Determined language code 'war' for ..\data\marayum_dictionaries\waray-english_processed.json from base language 'Waray'.
2025-04-03 23:15:08,929 - INFO - Finished processing ..\data\marayum_dictionaries\waray-english_processed.json. Processed: 0, Definitions: 0, Relations: 0, Pronunciations: 0, Etymologies: 0, Skipped: 0, Errors: 0
2025-04-03 23:15:08,930 - WARNING - No entries processed from waray-english_processed.json
2025-04-03 23:15:08,930 - INFO - Processing Marayum file: ..\data\marayum_dictionaries\ibanag-english_processed.json with source: Project Marayum
2025-04-03 23:15:08,930 - INFO - Found 0 word entries in ..\data\marayum_dictionaries\ibanag-english_processed.json
2025-04-03 23:15:08,931 - INFO - Determined language code 'ibg' for ..\data\marayum_dictionaries\ibanag-english_processed.json from base language 'Ibanag'.
2025-04-03 23:15:08,935 - INFO - Finished processing ..\data\marayum_dictionaries\ibanag-english_processed.json. Processed: 0, Definitions: 0, Relations: 0, Pronunciations: 0, Etymologies: 0, Skipped: 0, Errors: 0
2025-04-03 23:15:08,935 - WARNING - No entries processed from ibanag-english_processed.json
2025-04-03 23:15:08,936 - INFO - Processing Marayum file: ..\data\marayum_dictionaries\iranon-english_processed.json with source: Project Marayum
2025-04-03 23:15:08,936 - INFO - Found 0 word entries in ..\data\marayum_dictionaries\iranon-english_processed.json
2025-04-03 23:15:08,937 - INFO - Determined language code 'iro' for ..\data\marayum_dictionaries\iranon-english_processed.json from base language 'Iranon'.
2025-04-03 23:15:08,941 - INFO - Finished processing ..\data\marayum_dictionaries\iranon-english_processed.json. Processed: 0, Definitions: 0, Relations: 0, Pronunciations: 0, Etymologies: 0, Skipped: 0, Errors: 0
2025-04-03 23:15:08,942 - WARNING - No entries processed from iranon-english_processed.json
2025-04-03 23:15:08,942 - INFO - Processing Marayum file: ..\data\marayum_dictionaries\itawis-english_processed.json with source: Project Marayum
2025-04-03 23:15:08,943 - INFO - Found 0 word entries in ..\data\marayum_dictionaries\itawis-english_processed.json
2025-04-03 23:15:08,943 - INFO - Determined language code 'itv' for ..\data\marayum_dictionaries\itawis-english_processed.json from base language 'Itawis'.
2025-04-03 23:15:08,948 - INFO - Finished processing ..\data\marayum_dictionaries\itawis-english_processed.json. Processed: 0, Definitions: 0, Relations: 0, Pronunciations: 0, Etymologies: 0, Skipped: 0, Errors: 0
2025-04-03 23:15:08,948 - WARNING - No entries processed from itawis-english_processed.json
2025-04-03 23:15:08,948 - INFO - Processing Marayum file: ..\data\marayum_dictionaries\ivatan-english_processed.json with source: Project Marayum
2025-04-03 23:15:08,948 - INFO - Found 0 word entries in ..\data\marayum_dictionaries\ivatan-english_processed.json
2025-04-03 23:15:08,949 - INFO - Determined language code 'ivv' for ..\data\marayum_dictionaries\ivatan-english_processed.json from base language 'Ivatan'.
2025-04-03 23:15:08,952 - INFO - Finished processing ..\data\marayum_dictionaries\ivatan-english_processed.json. Processed: 0, Definitions: 0, Relations: 0, Pronunciations: 0, Etymologies: 0, Skipped: 0, Errors: 0
2025-04-03 23:15:08,952 - WARNING - No entries processed from ivatan-english_processed.json
2025-04-03 23:15:08,953 - INFO - Processing Marayum file: ..\data\marayum_dictionaries\manide-english_processed.json with source: Project Marayum
2025-04-03 23:15:08,953 - INFO - Found 0 word entries in ..\data\marayum_dictionaries\manide-english_processed.json
2025-04-03 23:15:08,953 - INFO - Determined language code 'abd' for ..\data\marayum_dictionaries\manide-english_processed.json from base language 'Manide'.
2025-04-03 23:15:08,957 - INFO - Finished processing ..\data\marayum_dictionaries\manide-english_processed.json. Processed: 0, Definitions: 0, Relations: 0, Pronunciations: 0, Etymologies: 0, Skipped: 0, Errors: 0
2025-04-03 23:15:08,957 - WARNING - No entries processed from manide-english_processed.json
2025-04-03 23:15:08,957 - INFO - Processing Marayum file: ..\data\marayum_dictionaries\gaddang-english_processed.json with source: Project Marayum
2025-04-03 23:15:08,958 - INFO - Found 0 word entries in ..\data\marayum_dictionaries\gaddang-english_processed.json
2025-04-03 23:15:08,958 - INFO - Determined language code 'gad' for ..\data\marayum_dictionaries\gaddang-english_processed.json from base language 'Gaddang'.
2025-04-03 23:15:08,962 - INFO - Finished processing ..\data\marayum_dictionaries\gaddang-english_processed.json. Processed: 0, Definitions: 0, Relations: 0, Pronunciations: 0, Etymologies: 0, Skipped: 0, Errors: 0
2025-04-03 23:15:08,962 - WARNING - No entries processed from gaddang-english_processed.json
2025-04-03 23:15:08,963 - INFO - Processing Marayum file: ..\data\marayum_dictionaries\cuyonon-english_processed.json with source: Project Marayum
2025-04-03 23:15:08,963 - INFO - Found 0 word entries in ..\data\marayum_dictionaries\cuyonon-english_processed.json
2025-04-03 23:15:08,963 - INFO - Determined language code 'cyo' for ..\data\marayum_dictionaries\cuyonon-english_processed.json from base language 'Cuyonon'.
2025-04-03 23:15:08,967 - INFO - Finished processing ..\data\marayum_dictionaries\cuyonon-english_processed.json. Processed: 0, Definitions: 0, Relations: 0, Pronunciations: 0, Etymologies: 0, Skipped: 0, Errors: 0
2025-04-03 23:15:08,967 - WARNING - No entries processed from cuyonon-english_processed.json
2025-04-03 23:15:08,967 - INFO - Processing Marayum file: ..\data\marayum_dictionaries\ilocano-english_processed.json with source: Project Marayum
2025-04-03 23:15:08,968 - INFO - Found 0 word entries in ..\data\marayum_dictionaries\ilocano-english_processed.json
2025-04-03 23:15:08,968 - INFO - Determined language code 'ilo' for ..\data\marayum_dictionaries\ilocano-english_processed.json from base language 'Ilocano'.
2025-04-03 23:15:08,972 - INFO - Finished processing ..\data\marayum_dictionaries\ilocano-english_processed.json. Processed: 0, Definitions: 0, Relations: 0, Pronunciations: 0, Etymologies: 0, Skipped: 0, Errors: 0
2025-04-03 23:15:08,972 - WARNING - No entries processed from ilocano-english_processed.json
2025-04-03 23:15:08,972 - INFO - Processing Marayum file: ..\data\marayum_dictionaries\pangasinan-english_processed.json with source: Project Marayum
2025-04-03 23:15:08,973 - INFO - Found 0 word entries in ..\data\marayum_dictionaries\pangasinan-english_processed.json
2025-04-03 23:15:08,973 - INFO - Determined language code 'pag' for ..\data\marayum_dictionaries\pangasinan-english_processed.json from base language 'Pangasinan'.
2025-04-03 23:15:08,977 - INFO - Finished processing ..\data\marayum_dictionaries\pangasinan-english_processed.json. Processed: 0, Definitions: 0, Relations: 0, Pronunciations: 0, Etymologies: 0, Skipped: 0, Errors: 0
2025-04-03 23:15:08,977 - WARNING - No entries processed from pangasinan-english_processed.json
2025-04-03 23:15:08,978 - INFO - Processing Marayum file: ..\data\marayum_dictionaries\bikol-albay-english_processed.json with source: Project Marayum
2025-04-03 23:15:08,978 - INFO - Found 0 word entries in ..\data\marayum_dictionaries\bikol-albay-english_processed.json
2025-04-03 23:15:08,979 - WARNING - No language code mapping found for: bikol-albay
2025-04-03 23:15:08,979 - INFO - Determined language code 'bik' for ..\data\marayum_dictionaries\bikol-albay-english_processed.json from base language 'Bikol-Albay'.
2025-04-03 23:15:08,982 - INFO - Finished processing ..\data\marayum_dictionaries\bikol-albay-english_processed.json. Processed: 0, Definitions: 0, Relations: 0, Pronunciations: 0, Etymologies: 0, Skipped: 0, Errors: 0
2025-04-03 23:15:08,982 - WARNING - No entries processed from bikol-albay-english_processed.json
2025-04-03 23:15:08,983 - INFO - Processing Marayum file: ..\data\marayum_dictionaries\bikol-libon-english_processed.json with source: Project Marayum
2025-04-03 23:15:08,983 - INFO - Found 0 word entries in ..\data\marayum_dictionaries\bikol-libon-english_processed.json
2025-04-03 23:15:08,983 - WARNING - No language code mapping found for: bikol-libon
2025-04-03 23:15:08,983 - INFO - Determined language code 'bik' for ..\data\marayum_dictionaries\bikol-libon-english_processed.json from base language 'Bikol-Libon'.
2025-04-03 23:15:08,986 - INFO - Finished processing ..\data\marayum_dictionaries\bikol-libon-english_processed.json. Processed: 0, Definitions: 0, Relations: 0, Pronunciations: 0, Etymologies: 0, Skipped: 0, Errors: 0
2025-04-03 23:15:08,986 - WARNING - No entries processed from bikol-libon-english_processed.json
2025-04-03 23:15:08,987 - INFO - Processing Marayum file: ..\data\marayum_dictionaries\kapampangan-english_processed.json with source: Project Marayum
2025-04-03 23:15:08,987 - INFO - Found 0 word entries in ..\data\marayum_dictionaries\kapampangan-english_processed.json
2025-04-03 23:15:08,988 - INFO - Determined language code 'pam' for ..\data\marayum_dictionaries\kapampangan-english_processed.json from base language 'Kapampangan'.
2025-04-03 23:15:08,992 - INFO - Finished processing ..\data\marayum_dictionaries\kapampangan-english_processed.json. Processed: 0, Definitions: 0, Relations: 0, Pronunciations: 0, Etymologies: 0, Skipped: 0, Errors: 0
2025-04-03 23:15:08,992 - WARNING - No entries processed from kapampangan-english_processed.json
2025-04-03 23:15:08,993 - INFO - Processing Marayum file: ..\data\marayum_dictionaries\bikol-miraya-english_processed.json with source: Project Marayum
2025-04-03 23:15:08,993 - INFO - Found 0 word entries in ..\data\marayum_dictionaries\bikol-miraya-english_processed.json
2025-04-03 23:15:08,993 - WARNING - No language code mapping found for: bikol-miraya
2025-04-03 23:15:08,993 - INFO - Determined language code 'bik' for ..\data\marayum_dictionaries\bikol-miraya-english_processed.json from base language 'Bikol-Miraya'.
2025-04-03 23:15:08,996 - INFO - Finished processing ..\data\marayum_dictionaries\bikol-miraya-english_processed.json. Processed: 0, Definitions: 0, Relations: 0, Pronunciations: 0, Etymologies: 0, Skipped: 0, Errors: 0
2025-04-03 23:15:08,997 - WARNING - No entries processed from bikol-miraya-english_processed.json
2025-04-03 23:15:08,997 - INFO - Processing Marayum file: ..\data\marayum_dictionaries\maguindanaon-english_processed.json with source: Project Marayum
2025-04-03 23:15:08,998 - INFO - Found 0 word entries in ..\data\marayum_dictionaries\maguindanaon-english_processed.json
2025-04-03 23:15:08,998 - INFO - Determined language code 'mdh' for ..\data\marayum_dictionaries\maguindanaon-english_processed.json from base language 'Maguindanaon'.
2025-04-03 23:15:09,001 - INFO - Finished processing ..\data\marayum_dictionaries\maguindanaon-english_processed.json. Processed: 0, Definitions: 0, Relations: 0, Pronunciations: 0, Etymologies: 0, Skipped: 0, Errors: 0
2025-04-03 23:15:09,002 - WARNING - No entries processed from maguindanaon-english_processed.json
2025-04-03 23:15:09,002 - INFO - Processing Marayum file: ..\data\marayum_dictionaries\bikol-partido-english_processed.json with source: Project Marayum
2025-04-03 23:15:09,002 - INFO - Found 0 word entries in ..\data\marayum_dictionaries\bikol-partido-english_processed.json
2025-04-03 23:15:09,003 - WARNING - No language code mapping found for: bikol-partido
2025-04-03 23:15:09,003 - INFO - Determined language code 'bik' for ..\data\marayum_dictionaries\bikol-partido-english_processed.json from base language 'Bikol-Partido'.
2025-04-03 23:15:09,007 - INFO - Finished processing ..\data\marayum_dictionaries\bikol-partido-english_processed.json. Processed: 0, Definitions: 0, Relations: 0, Pronunciations: 0, Etymologies: 0, Skipped: 0, Errors: 0
2025-04-03 23:15:09,007 - WARNING - No entries processed from bikol-partido-english_processed.json
2025-04-03 23:15:09,008 - INFO - Processing Marayum file: ..\data\marayum_dictionaries\isneg-yapayao-english_processed.json with source: Project Marayum
2025-04-03 23:15:09,008 - INFO - Found 0 word entries in ..\data\marayum_dictionaries\isneg-yapayao-english_processed.json
2025-04-03 23:15:09,008 - WARNING - No language code mapping found for: isneg yapayao
2025-04-03 23:15:09,009 - INFO - Determined language code 'isn' for ..\data\marayum_dictionaries\isneg-yapayao-english_processed.json from base language 'Isneg Yapayao'.
2025-04-03 23:15:09,012 - INFO - Finished processing ..\data\marayum_dictionaries\isneg-yapayao-english_processed.json. Processed: 0, Definitions: 0, Relations: 0, Pronunciations: 0, Etymologies: 0, Skipped: 0, Errors: 0
2025-04-03 23:15:09,012 - WARNING - No entries processed from isneg-yapayao-english_processed.json
2025-04-03 23:15:09,013 - INFO - Processing Marayum file: ..\data\marayum_dictionaries\bikol-rinconada-english_processed.json with source: Project Marayum
2025-04-03 23:15:09,013 - INFO - Found 0 word entries in ..\data\marayum_dictionaries\bikol-rinconada-english_processed.json
2025-04-03 23:15:09,013 - WARNING - No language code mapping found for: bikol-rinconada
2025-04-03 23:15:09,013 - INFO - Determined language code 'bik' for ..\data\marayum_dictionaries\bikol-rinconada-english_processed.json from base language 'Bikol-Rinconada'.
2025-04-03 23:15:09,017 - INFO - Finished processing ..\data\marayum_dictionaries\bikol-rinconada-english_processed.json. Processed: 0, Definitions: 0, Relations: 0, Pronunciations: 0, Etymologies: 0, Skipped: 0, Errors: 0
2025-04-03 23:15:09,017 - WARNING - No entries processed from bikol-rinconada-english_processed.json
2025-04-03 23:15:09,018 - INFO - Processing Marayum file: ..\data\marayum_dictionaries\blaan-koronadal-english_processed.json with source: Project Marayum
2025-04-03 23:15:09,018 - INFO - Found 0 word entries in ..\data\marayum_dictionaries\blaan-koronadal-english_processed.json
2025-04-03 23:15:09,019 - WARNING - No language code mapping found for: blaan-koronadal
2025-04-03 23:15:09,019 - INFO - Determined language code 'bla' for ..\data\marayum_dictionaries\blaan-koronadal-english_processed.json from base language 'Blaan-Koronadal'.
2025-04-03 23:15:09,025 - INFO - Finished processing ..\data\marayum_dictionaries\blaan-koronadal-english_processed.json. Processed: 0, Definitions: 0, Relations: 0, Pronunciations: 0, Etymologies: 0, Skipped: 0, Errors: 0
2025-04-03 23:15:09,026 - WARNING - No entries processed from blaan-koronadal-english_processed.json
2025-04-03 23:15:09,027 - INFO - Processing Marayum file: ..\data\marayum_dictionaries\blaan-sarangani-english_processed.json with source: Project Marayum
2025-04-03 23:15:09,027 - INFO - Found 0 word entries in ..\data\marayum_dictionaries\blaan-sarangani-english_processed.json
2025-04-03 23:15:09,028 - WARNING - No language code mapping found for: blaan-sarangani
2025-04-03 23:15:09,029 - INFO - Determined language code 'bla' for ..\data\marayum_dictionaries\blaan-sarangani-english_processed.json from base language 'Blaan-Sarangani'.
2025-04-03 23:15:09,039 - INFO - Finished processing ..\data\marayum_dictionaries\blaan-sarangani-english_processed.json. Processed: 0, Definitions: 0, Relations: 0, Pronunciations: 0, Etymologies: 0, Skipped: 0, Errors: 0
2025-04-03 23:15:09,039 - WARNING - No entries processed from blaan-sarangani-english_processed.json
2025-04-03 23:15:09,040 - INFO - Processing Marayum file: ..\data\marayum_dictionaries\bikol-west-albay-english_processed.json with source: Project Marayum
2025-04-03 23:15:09,042 - INFO - Found 0 word entries in ..\data\marayum_dictionaries\bikol-west-albay-english_processed.json
2025-04-03 23:15:09,042 - WARNING - No language code mapping found for: bikol-west albay
2025-04-03 23:15:09,043 - INFO - Determined language code 'bik' for ..\data\marayum_dictionaries\bikol-west-albay-english_processed.json from base language 'Bikol-West Albay'.
2025-04-03 23:15:09,050 - INFO - Finished processing ..\data\marayum_dictionaries\bikol-west-albay-english_processed.json. Processed: 0, Definitions: 0, Relations: 0, Pronunciations: 0, Etymologies: 0, Skipped: 0, Errors: 0
2025-04-03 23:15:09,051 - WARNING - No entries processed from bikol-west-albay-english_processed.json
2025-04-03 23:15:09,052 - INFO - Processing Marayum file: ..\data\marayum_dictionaries\manobo-erumanen-english_processed.json with source: Project Marayum
2025-04-03 23:15:09,053 - INFO - Found 0 word entries in ..\data\marayum_dictionaries\manobo-erumanen-english_processed.json
2025-04-03 23:15:09,054 - INFO - Determined language code 'mbt' for ..\data\marayum_dictionaries\manobo-erumanen-english_processed.json from base language 'Manobo (Erumanen)'.
2025-04-03 23:15:09,061 - INFO - Finished processing ..\data\marayum_dictionaries\manobo-erumanen-english_processed.json. Processed: 0, Definitions: 0, Relations: 0, Pronunciations: 0, Etymologies: 0, Skipped: 0, Errors: 0
2025-04-03 23:15:09,062 - WARNING - No entries processed from manobo-erumanen-english_processed.json
2025-04-03 23:15:09,063 - INFO - Processing Marayum file: ..\data\marayum_dictionaries\cebuano-cotabato-english_processed.json with source: Project Marayum
2025-04-03 23:15:09,064 - INFO - Found 0 word entries in ..\data\marayum_dictionaries\cebuano-cotabato-english_processed.json
2025-04-03 23:15:09,064 - INFO - Determined language code 'ceb' for ..\data\marayum_dictionaries\cebuano-cotabato-english_processed.json from base language 'Cebuano (Cotabato)'.
2025-04-03 23:15:09,070 - INFO - Finished processing ..\data\marayum_dictionaries\cebuano-cotabato-english_processed.json. Processed: 0, Definitions: 0, Relations: 0, Pronunciations: 0, Etymologies: 0, Skipped: 0, Errors: 0
2025-04-03 23:15:09,071 - WARNING - No entries processed from cebuano-cotabato-english_processed.json
2025-04-03 23:15:09,071 - INFO - Processing Marayum file: ..\data\marayum_dictionaries\tagalog-marinduque-english_processed.json with source: Project Marayum
2025-04-03 23:15:09,072 - INFO - Found 0 word entries in ..\data\marayum_dictionaries\tagalog-marinduque-english_processed.json
2025-04-03 23:15:09,073 - INFO - Determined language code 'tgl' for ..\data\marayum_dictionaries\tagalog-marinduque-english_processed.json from base language 'Tagalog (Marinduque)'.
2025-04-03 23:15:09,078 - INFO - Finished processing ..\data\marayum_dictionaries\tagalog-marinduque-english_processed.json. Processed: 0, Definitions: 0, Relations: 0, Pronunciations: 0, Etymologies: 0, Skipped: 0, Errors: 0
2025-04-03 23:15:09,078 - WARNING - No entries processed from tagalog-marinduque-english_processed.json
2025-04-03 23:15:09,079 - INFO - Processing Marayum file: ..\data\marayum_dictionaries\hiligaynon-cotabato-english_processed.json with source: Project Marayum
2025-04-03 23:15:09,080 - INFO - Found 0 word entries in ..\data\marayum_dictionaries\hiligaynon-cotabato-english_processed.json
2025-04-03 23:15:09,080 - INFO - Determined language code 'hil' for ..\data\marayum_dictionaries\hiligaynon-cotabato-english_processed.json from base language 'Hiligaynon (Cotabato)'.
2025-04-03 23:15:09,087 - INFO - Finished processing ..\data\marayum_dictionaries\hiligaynon-cotabato-english_processed.json. Processed: 0, Definitions: 0, Relations: 0, Pronunciations: 0, Etymologies: 0, Skipped: 0, Errors: 0
2025-04-03 23:15:09,087 - WARNING - No entries processed from hiligaynon-cotabato-english_processed.json
2025-04-03 23:15:09,088 - INFO - Processing Marayum file: ..\data\marayum_dictionaries\ifugao-tuwali-ihapo-english_processed.json with source: Project Marayum
2025-04-03 23:15:09,089 - INFO - Found 0 word entries in ..\data\marayum_dictionaries\ifugao-tuwali-ihapo-english_processed.json
2025-04-03 23:15:09,089 - WARNING - No language code mapping found for: ifugao tuwali (ihapo)
2025-04-03 23:15:09,090 - INFO - Determined language code 'ifu' for ..\data\marayum_dictionaries\ifugao-tuwali-ihapo-english_processed.json from base language 'Ifugao Tuwali (Ihapo)'.
2025-04-03 23:15:09,100 - INFO - Finished processing ..\data\marayum_dictionaries\ifugao-tuwali-ihapo-english_processed.json. Processed: 0, Definitions: 0, Relations: 0, Pronunciations: 0, Etymologies: 0, Skipped: 0, Errors: 0
2025-04-03 23:15:09,100 - WARNING - No entries processed from ifugao-tuwali-ihapo-english_processed.json
2025-04-03 23:15:09,101 - INFO - Processing Marayum file: ..\data\marayum_dictionaries\bikol-northern-catanduanes-english_processed.json with source: Project Marayum
2025-04-03 23:15:09,102 - INFO - Found 0 word entries in ..\data\marayum_dictionaries\bikol-northern-catanduanes-english_processed.json
2025-04-03 23:15:09,102 - WARNING - No language code mapping found for: bikol-northern catanduanes
2025-04-03 23:15:09,103 - INFO - Determined language code 'bik' for ..\data\marayum_dictionaries\bikol-northern-catanduanes-english_processed.json from base language 'Bikol-Northern Catanduanes'.
2025-04-03 23:15:09,109 - INFO - Finished processing ..\data\marayum_dictionaries\bikol-northern-catanduanes-english_processed.json. Processed: 0, Definitions: 0, Relations: 0, Pronunciations: 0, Etymologies: 0, Skipped: 0, Errors: 0
2025-04-03 23:15:09,110 - WARNING - No entries processed from bikol-northern-catanduanes-english_processed.json
2025-04-03 23:15:09,111 - INFO - Processing Marayum file: ..\data\marayum_dictionaries\bikol-southern-catanduanes-english_processed.json with source: Project Marayum
2025-04-03 23:15:09,112 - INFO - Found 0 word entries in ..\data\marayum_dictionaries\bikol-southern-catanduanes-english_processed.json
2025-04-03 23:15:09,112 - WARNING - No language code mapping found for: bikol-southern catanduanes
2025-04-03 23:15:09,113 - INFO - Determined language code 'bik' for ..\data\marayum_dictionaries\bikol-southern-catanduanes-english_processed.json from base language 'Bikol-Southern Catanduanes'.
2025-04-03 23:15:09,120 - INFO - Finished processing ..\data\marayum_dictionaries\bikol-southern-catanduanes-english_processed.json. Processed: 0, Definitions: 0, Relations: 0, Pronunciations: 0, Etymologies: 0, Skipped: 0, Errors: 0
2025-04-03 23:15:09,120 - WARNING - No entries processed from bikol-southern-catanduanes-english_processed.json
2025-04-03 23:15:09,121 - INFO - Processing Marayum file: ..\data\marayum_dictionaries\chavacano-english_processed.json with source: Project Marayum
2025-04-03 23:15:09,122 - INFO - Found 1 word entries in ..\data\marayum_dictionaries\chavacano-english_processed.json
2025-04-03 23:15:09,122 - INFO - Determined language code 'cbk' for ..\data\marayum_dictionaries\chavacano-english_processed.json from base language 'Chavacano'.
2025-04-03 23:15:09,126 - ERROR - Error processing entry #0 ('comida') in ..\data\marayum_dictionaries\chavacano-english_processed.json: name 'format_credits' is not defined
Traceback (most recent call last):
  File "C:\fil-relex\backend\dictionary_manager.py", line 8782, in process_marayum_json
    word_metadata["credits_formatted"] = format_credits(credits_raw)
                                         ^^^^^^^^^^^^^^
NameError: name 'format_credits' is not defined
2025-04-03 23:15:09,141 - INFO - Finished processing ..\data\marayum_dictionaries\chavacano-english_processed.json. Processed: 0, Definitions: 0, Relations: 0, Pronunciations: 0, Etymologies: 0, Skipped: 0, Errors: 1
2025-04-03 23:15:09,142 - WARNING - Error summary for ..\data\marayum_dictionaries\chavacano-english_processed.json: {'EntryProcessingError: NameError': 1}
2025-04-03 23:15:09,143 - WARNING - No entries processed from chavacano-english_processed.json
2025-04-03 23:15:09,143 - INFO - Processing Marayum file: ..\data\marayum_dictionaries\masbatenyo-english_processed.json with source: Project Marayum
2025-04-03 23:15:09,144 - INFO - Found 3 word entries in ..\data\marayum_dictionaries\masbatenyo-english_processed.json
2025-04-03 23:15:09,145 - INFO - Determined language code 'msb' for ..\data\marayum_dictionaries\masbatenyo-english_processed.json from base language 'Masbatenyo'.
2025-04-03 23:15:09,149 - ERROR - Error processing entry #0 ('abaga') in ..\data\marayum_dictionaries\masbatenyo-english_processed.json: name 'format_credits' is not defined
Traceback (most recent call last):
  File "C:\fil-relex\backend\dictionary_manager.py", line 8782, in process_marayum_json
    word_metadata["credits_formatted"] = format_credits(credits_raw)
                                         ^^^^^^^^^^^^^^
NameError: name 'format_credits' is not defined
2025-04-03 23:15:09,158 - ERROR - Error processing entry #1 ('gipad') in ..\data\marayum_dictionaries\masbatenyo-english_processed.json: name 'format_credits' is not defined
Traceback (most recent call last):
  File "C:\fil-relex\backend\dictionary_manager.py", line 8782, in process_marayum_json
    word_metadata["credits_formatted"] = format_credits(credits_raw)
                                         ^^^^^^^^^^^^^^
NameError: name 'format_credits' is not defined
2025-04-03 23:15:09,165 - ERROR - Error processing entry #2 ('piko') in ..\data\marayum_dictionaries\masbatenyo-english_processed.json: name 'format_credits' is not defined
Traceback (most recent call last):
  File "C:\fil-relex\backend\dictionary_manager.py", line 8782, in process_marayum_json
    word_metadata["credits_formatted"] = format_credits(credits_raw)
                                         ^^^^^^^^^^^^^^
NameError: name 'format_credits' is not defined
2025-04-03 23:15:09,177 - INFO - Finished processing ..\data\marayum_dictionaries\masbatenyo-english_processed.json. Processed: 0, Definitions: 0, Relations: 0, Pronunciations: 0, Etymologies: 0, Skipped: 0, Errors: 3
2025-04-03 23:15:09,177 - WARNING - Error summary for ..\data\marayum_dictionaries\masbatenyo-english_processed.json: {'EntryProcessingError: NameError': 3}
2025-04-03 23:15:09,178 - WARNING - No entries processed from masbatenyo-english_processed.json
2025-04-03 23:15:09,178 - INFO - Processing Marayum file: ..\data\marayum_dictionaries\bikol-central-english_processed.json with source: Project Marayum
2025-04-03 23:15:09,179 - INFO - Found 4 word entries in ..\data\marayum_dictionaries\bikol-central-english_processed.json
2025-04-03 23:15:09,180 - WARNING - No language code mapping found for: bikol-central
2025-04-03 23:15:09,180 - INFO - Determined language code 'bik' for ..\data\marayum_dictionaries\bikol-central-english_processed.json from base language 'Bikol-Central'.
2025-04-03 23:15:09,183 - ERROR - Error processing entry #0 ('gir치ray') in ..\data\marayum_dictionaries\bikol-central-english_processed.json: name 'format_credits' is not defined
Traceback (most recent call last):
  File "C:\fil-relex\backend\dictionary_manager.py", line 8782, in process_marayum_json
    word_metadata["credits_formatted"] = format_credits(credits_raw)
                                         ^^^^^^^^^^^^^^
NameError: name 'format_credits' is not defined
2025-04-03 23:15:09,190 - ERROR - Error processing entry #1 ('kud치l') in ..\data\marayum_dictionaries\bikol-central-english_processed.json: name 'format_credits' is not defined
Traceback (most recent call last):
  File "C:\fil-relex\backend\dictionary_manager.py", line 8782, in process_marayum_json
    word_metadata["credits_formatted"] = format_credits(credits_raw)
                                         ^^^^^^^^^^^^^^
NameError: name 'format_credits' is not defined
2025-04-03 23:15:09,198 - ERROR - Error processing entry #2 ('pal치s') in ..\data\marayum_dictionaries\bikol-central-english_processed.json: name 'format_credits' is not defined
Traceback (most recent call last):
  File "C:\fil-relex\backend\dictionary_manager.py", line 8782, in process_marayum_json
    word_metadata["credits_formatted"] = format_credits(credits_raw)
                                         ^^^^^^^^^^^^^^
NameError: name 'format_credits' is not defined
2025-04-03 23:15:09,205 - ERROR - Error processing entry #3 ('pam치lit') in ..\data\marayum_dictionaries\bikol-central-english_processed.json: name 'format_credits' is not defined
Traceback (most recent call last):
  File "C:\fil-relex\backend\dictionary_manager.py", line 8782, in process_marayum_json
    word_metadata["credits_formatted"] = format_credits(credits_raw)
                                         ^^^^^^^^^^^^^^
NameError: name 'format_credits' is not defined
2025-04-03 23:15:09,218 - INFO - Finished processing ..\data\marayum_dictionaries\bikol-central-english_processed.json. Processed: 0, Definitions: 0, Relations: 0, Pronunciations: 0, Etymologies: 0, Skipped: 0, Errors: 4
2025-04-03 23:15:09,219 - WARNING - Error summary for ..\data\marayum_dictionaries\bikol-central-english_processed.json: {'EntryProcessingError: NameError': 4}
2025-04-03 23:15:09,219 - WARNING - No entries processed from bikol-central-english_processed.json
2025-04-03 23:15:09,220 - INFO - Processing Marayum file: ..\data\marayum_dictionaries\aklanon-english_processed.json with source: Project Marayum
2025-04-03 23:15:09,220 - INFO - Found 7 word entries in ..\data\marayum_dictionaries\aklanon-english_processed.json
2025-04-03 23:15:09,221 - INFO - Determined language code 'akl' for ..\data\marayum_dictionaries\aklanon-english_processed.json from base language 'Aklanon'.
2025-04-03 23:15:09,224 - ERROR - Error processing entry #0 ('apa') in ..\data\marayum_dictionaries\aklanon-english_processed.json: name 'format_credits' is not defined
Traceback (most recent call last):
  File "C:\fil-relex\backend\dictionary_manager.py", line 8782, in process_marayum_json
    word_metadata["credits_formatted"] = format_credits(credits_raw)
                                         ^^^^^^^^^^^^^^
NameError: name 'format_credits' is not defined
2025-04-03 23:15:09,231 - ERROR - Error processing entry #1 ('baeatian') in ..\data\marayum_dictionaries\aklanon-english_processed.json: name 'format_credits' is not defined
Traceback (most recent call last):
  File "C:\fil-relex\backend\dictionary_manager.py", line 8782, in process_marayum_json
    word_metadata["credits_formatted"] = format_credits(credits_raw)
                                         ^^^^^^^^^^^^^^
NameError: name 'format_credits' is not defined
2025-04-03 23:15:09,238 - ERROR - Error processing entry #2 ('bulag') in ..\data\marayum_dictionaries\aklanon-english_processed.json: name 'format_credits' is not defined
Traceback (most recent call last):
  File "C:\fil-relex\backend\dictionary_manager.py", line 8782, in process_marayum_json
    word_metadata["credits_formatted"] = format_credits(credits_raw)
                                         ^^^^^^^^^^^^^^
NameError: name 'format_credits' is not defined
2025-04-03 23:15:09,246 - ERROR - Error processing entry #3 ('bungoe') in ..\data\marayum_dictionaries\aklanon-english_processed.json: name 'format_credits' is not defined
Traceback (most recent call last):
  File "C:\fil-relex\backend\dictionary_manager.py", line 8782, in process_marayum_json
    word_metadata["credits_formatted"] = format_credits(credits_raw)
                                         ^^^^^^^^^^^^^^
NameError: name 'format_credits' is not defined
2025-04-03 23:15:09,253 - ERROR - Error processing entry #4 ('kindat') in ..\data\marayum_dictionaries\aklanon-english_processed.json: name 'format_credits' is not defined
Traceback (most recent call last):
  File "C:\fil-relex\backend\dictionary_manager.py", line 8782, in process_marayum_json
    word_metadata["credits_formatted"] = format_credits(credits_raw)
                                         ^^^^^^^^^^^^^^
NameError: name 'format_credits' is not defined
2025-04-03 23:15:09,261 - ERROR - Error processing entry #5 ('matimsog') in ..\data\marayum_dictionaries\aklanon-english_processed.json: name 'format_credits' is not defined
Traceback (most recent call last):
  File "C:\fil-relex\backend\dictionary_manager.py", line 8782, in process_marayum_json
    word_metadata["credits_formatted"] = format_credits(credits_raw)
                                         ^^^^^^^^^^^^^^
NameError: name 'format_credits' is not defined
2025-04-03 23:15:09,268 - ERROR - Error processing entry #6 ('pana') in ..\data\marayum_dictionaries\aklanon-english_processed.json: name 'format_credits' is not defined
Traceback (most recent call last):
  File "C:\fil-relex\backend\dictionary_manager.py", line 8782, in process_marayum_json
    word_metadata["credits_formatted"] = format_credits(credits_raw)
                                         ^^^^^^^^^^^^^^
NameError: name 'format_credits' is not defined
2025-04-03 23:15:09,279 - INFO - Finished processing ..\data\marayum_dictionaries\aklanon-english_processed.json. Processed: 0, Definitions: 0, Relations: 0, Pronunciations: 0, Etymologies: 0, Skipped: 0, Errors: 7
2025-04-03 23:15:09,279 - WARNING - Error summary for ..\data\marayum_dictionaries\aklanon-english_processed.json: {'EntryProcessingError: NameError': 7}
2025-04-03 23:15:09,279 - WARNING - No entries processed from aklanon-english_processed.json
2025-04-03 23:15:09,280 - INFO - Processing Marayum file: ..\data\marayum_dictionaries\surigaonon-english_processed.json with source: Project Marayum
2025-04-03 23:15:09,281 - INFO - Found 18 word entries in ..\data\marayum_dictionaries\surigaonon-english_processed.json
2025-04-03 23:15:09,281 - INFO - Determined language code 'sgd' for ..\data\marayum_dictionaries\surigaonon-english_processed.json from base language 'Surigaonon'.
2025-04-03 23:15:09,284 - ERROR - Error processing entry #0 ('aban') in ..\data\marayum_dictionaries\surigaonon-english_processed.json: name 'format_credits' is not defined
Traceback (most recent call last):
  File "C:\fil-relex\backend\dictionary_manager.py", line 8782, in process_marayum_json
    word_metadata["credits_formatted"] = format_credits(credits_raw)
                                         ^^^^^^^^^^^^^^
NameError: name 'format_credits' is not defined
2025-04-03 23:15:09,291 - ERROR - Error processing entry #1 ('adlip') in ..\data\marayum_dictionaries\surigaonon-english_processed.json: name 'format_credits' is not defined
Traceback (most recent call last):
  File "C:\fil-relex\backend\dictionary_manager.py", line 8782, in process_marayum_json
    word_metadata["credits_formatted"] = format_credits(credits_raw)
                                         ^^^^^^^^^^^^^^
NameError: name 'format_credits' is not defined
2025-04-03 23:15:09,297 - ERROR - Error processing entry #2 ('agtang') in ..\data\marayum_dictionaries\surigaonon-english_processed.json: name 'format_credits' is not defined
Traceback (most recent call last):
  File "C:\fil-relex\backend\dictionary_manager.py", line 8782, in process_marayum_json
    word_metadata["credits_formatted"] = format_credits(credits_raw)
                                         ^^^^^^^^^^^^^^
NameError: name 'format_credits' is not defined
2025-04-03 23:15:09,305 - ERROR - Error processing entry #3 ('alibuybuy') in ..\data\marayum_dictionaries\surigaonon-english_processed.json: name 'format_credits' is not defined
Traceback (most recent call last):
  File "C:\fil-relex\backend\dictionary_manager.py", line 8782, in process_marayum_json
    word_metadata["credits_formatted"] = format_credits(credits_raw)
                                         ^^^^^^^^^^^^^^
NameError: name 'format_credits' is not defined
2025-04-03 23:15:09,311 - ERROR - Error processing entry #4 ('aling') in ..\data\marayum_dictionaries\surigaonon-english_processed.json: name 'format_credits' is not defined
Traceback (most recent call last):
  File "C:\fil-relex\backend\dictionary_manager.py", line 8782, in process_marayum_json
    word_metadata["credits_formatted"] = format_credits(credits_raw)
                                         ^^^^^^^^^^^^^^
NameError: name 'format_credits' is not defined
2025-04-03 23:15:09,320 - ERROR - Error processing entry #5 ('ambaw') in ..\data\marayum_dictionaries\surigaonon-english_processed.json: name 'format_credits' is not defined
Traceback (most recent call last):
  File "C:\fil-relex\backend\dictionary_manager.py", line 8782, in process_marayum_json
    word_metadata["credits_formatted"] = format_credits(credits_raw)
                                         ^^^^^^^^^^^^^^
NameError: name 'format_credits' is not defined
2025-04-03 23:15:09,327 - ERROR - Error processing entry #6 ('apiki') in ..\data\marayum_dictionaries\surigaonon-english_processed.json: name 'format_credits' is not defined
Traceback (most recent call last):
  File "C:\fil-relex\backend\dictionary_manager.py", line 8782, in process_marayum_json
    word_metadata["credits_formatted"] = format_credits(credits_raw)
                                         ^^^^^^^^^^^^^^
NameError: name 'format_credits' is not defined
2025-04-03 23:15:09,335 - ERROR - Error processing entry #7 ('ayum-um') in ..\data\marayum_dictionaries\surigaonon-english_processed.json: name 'format_credits' is not defined
Traceback (most recent call last):
  File "C:\fil-relex\backend\dictionary_manager.py", line 8782, in process_marayum_json
    word_metadata["credits_formatted"] = format_credits(credits_raw)
                                         ^^^^^^^^^^^^^^
NameError: name 'format_credits' is not defined
2025-04-03 23:15:09,342 - ERROR - Error processing entry #8 ('badjhu') in ..\data\marayum_dictionaries\surigaonon-english_processed.json: name 'format_credits' is not defined
Traceback (most recent call last):
  File "C:\fil-relex\backend\dictionary_manager.py", line 8782, in process_marayum_json
    word_metadata["credits_formatted"] = format_credits(credits_raw)
                                         ^^^^^^^^^^^^^^
NameError: name 'format_credits' is not defined
2025-04-03 23:15:09,349 - ERROR - Error processing entry #9 ('bagyay') in ..\data\marayum_dictionaries\surigaonon-english_processed.json: name 'format_credits' is not defined
Traceback (most recent call last):
  File "C:\fil-relex\backend\dictionary_manager.py", line 8782, in process_marayum_json
    word_metadata["credits_formatted"] = format_credits(credits_raw)
                                         ^^^^^^^^^^^^^^
NameError: name 'format_credits' is not defined
2025-04-03 23:15:09,356 - ERROR - Error processing entry #10 ('bala') in ..\data\marayum_dictionaries\surigaonon-english_processed.json: name 'format_credits' is not defined
Traceback (most recent call last):
  File "C:\fil-relex\backend\dictionary_manager.py", line 8782, in process_marayum_json
    word_metadata["credits_formatted"] = format_credits(credits_raw)
                                         ^^^^^^^^^^^^^^
NameError: name 'format_credits' is not defined
2025-04-03 23:15:09,363 - ERROR - Error processing entry #11 ('bang-ug') in ..\data\marayum_dictionaries\surigaonon-english_processed.json: name 'format_credits' is not defined
Traceback (most recent call last):
  File "C:\fil-relex\backend\dictionary_manager.py", line 8782, in process_marayum_json
    word_metadata["credits_formatted"] = format_credits(credits_raw)
                                         ^^^^^^^^^^^^^^
NameError: name 'format_credits' is not defined
2025-04-03 23:15:09,370 - ERROR - Error processing entry #12 ('baung') in ..\data\marayum_dictionaries\surigaonon-english_processed.json: name 'format_credits' is not defined
Traceback (most recent call last):
  File "C:\fil-relex\backend\dictionary_manager.py", line 8782, in process_marayum_json
    word_metadata["credits_formatted"] = format_credits(credits_raw)
                                         ^^^^^^^^^^^^^^
NameError: name 'format_credits' is not defined
2025-04-03 23:15:09,376 - ERROR - Error processing entry #13 ('bija') in ..\data\marayum_dictionaries\surigaonon-english_processed.json: name 'format_credits' is not defined
Traceback (most recent call last):
  File "C:\fil-relex\backend\dictionary_manager.py", line 8782, in process_marayum_json
    word_metadata["credits_formatted"] = format_credits(credits_raw)
                                         ^^^^^^^^^^^^^^
NameError: name 'format_credits' is not defined
2025-04-03 23:15:09,383 - ERROR - Error processing entry #14 ('biliting') in ..\data\marayum_dictionaries\surigaonon-english_processed.json: name 'format_credits' is not defined
Traceback (most recent call last):
  File "C:\fil-relex\backend\dictionary_manager.py", line 8782, in process_marayum_json
    word_metadata["credits_formatted"] = format_credits(credits_raw)
                                         ^^^^^^^^^^^^^^
NameError: name 'format_credits' is not defined
2025-04-03 23:15:09,391 - ERROR - Error processing entry #15 ('buwahan') in ..\data\marayum_dictionaries\surigaonon-english_processed.json: name 'format_credits' is not defined
Traceback (most recent call last):
  File "C:\fil-relex\backend\dictionary_manager.py", line 8782, in process_marayum_json
    word_metadata["credits_formatted"] = format_credits(credits_raw)
                                         ^^^^^^^^^^^^^^
NameError: name 'format_credits' is not defined
2025-04-03 23:15:09,399 - ERROR - Error processing entry #16 ('buyubud') in ..\data\marayum_dictionaries\surigaonon-english_processed.json: name 'format_credits' is not defined
Traceback (most recent call last):
  File "C:\fil-relex\backend\dictionary_manager.py", line 8782, in process_marayum_json
    word_metadata["credits_formatted"] = format_credits(credits_raw)
                                         ^^^^^^^^^^^^^^
NameError: name 'format_credits' is not defined
2025-04-03 23:15:09,406 - ERROR - Error processing entry #17 ('buyus') in ..\data\marayum_dictionaries\surigaonon-english_processed.json: name 'format_credits' is not defined
Traceback (most recent call last):
  File "C:\fil-relex\backend\dictionary_manager.py", line 8782, in process_marayum_json
    word_metadata["credits_formatted"] = format_credits(credits_raw)
                                         ^^^^^^^^^^^^^^
NameError: name 'format_credits' is not defined
2025-04-03 23:15:09,416 - INFO - Finished processing ..\data\marayum_dictionaries\surigaonon-english_processed.json. Processed: 0, Definitions: 0, Relations: 0, Pronunciations: 0, Etymologies: 0, Skipped: 0, Errors: 18
2025-04-03 23:15:09,417 - WARNING - Error summary for ..\data\marayum_dictionaries\surigaonon-english_processed.json: {'EntryProcessingError: NameError': 18}
2025-04-03 23:15:09,417 - WARNING - No entries processed from surigaonon-english_processed.json
2025-04-03 23:15:09,418 - INFO - Processing Marayum file: ..\data\marayum_dictionaries\bikol-boienen-english_processed.json with source: Project Marayum
2025-04-03 23:15:09,420 - INFO - Found 88 word entries in ..\data\marayum_dictionaries\bikol-boienen-english_processed.json
2025-04-03 23:15:09,420 - WARNING - No language code mapping found for: bikol-boie&#x27;nen
2025-04-03 23:15:09,421 - INFO - Determined language code 'bik' for ..\data\marayum_dictionaries\bikol-boienen-english_processed.json from base language 'Bikol-Boie&#x27;nen'.
2025-04-03 23:15:09,425 - ERROR - Error processing entry #0 ('agran') in ..\data\marayum_dictionaries\bikol-boienen-english_processed.json: name 'format_credits' is not defined
Traceback (most recent call last):
  File "C:\fil-relex\backend\dictionary_manager.py", line 8782, in process_marayum_json
    word_metadata["credits_formatted"] = format_credits(credits_raw)
                                         ^^^^^^^^^^^^^^
NameError: name 'format_credits' is not defined
2025-04-03 23:15:09,432 - ERROR - Error processing entry #1 ('alangaang') in ..\data\marayum_dictionaries\bikol-boienen-english_processed.json: name 'format_credits' is not defined
Traceback (most recent call last):
  File "C:\fil-relex\backend\dictionary_manager.py", line 8782, in process_marayum_json
    word_metadata["credits_formatted"] = format_credits(credits_raw)
                                         ^^^^^^^^^^^^^^
NameError: name 'format_credits' is not defined
2025-04-03 23:15:09,439 - ERROR - Error processing entry #2 ('arasa-as') in ..\data\marayum_dictionaries\bikol-boienen-english_processed.json: name 'format_credits' is not defined
Traceback (most recent call last):
  File "C:\fil-relex\backend\dictionary_manager.py", line 8782, in process_marayum_json
    word_metadata["credits_formatted"] = format_credits(credits_raw)
                                         ^^^^^^^^^^^^^^
NameError: name 'format_credits' is not defined
2025-04-03 23:15:09,446 - ERROR - Error processing entry #3 ('atep') in ..\data\marayum_dictionaries\bikol-boienen-english_processed.json: name 'format_credits' is not defined
Traceback (most recent call last):
  File "C:\fil-relex\backend\dictionary_manager.py", line 8782, in process_marayum_json
    word_metadata["credits_formatted"] = format_credits(credits_raw)
                                         ^^^^^^^^^^^^^^
NameError: name 'format_credits' is not defined
2025-04-03 23:15:09,453 - ERROR - Error processing entry #4 ('axad') in ..\data\marayum_dictionaries\bikol-boienen-english_processed.json: name 'format_credits' is not defined
Traceback (most recent call last):
  File "C:\fil-relex\backend\dictionary_manager.py", line 8782, in process_marayum_json
    word_metadata["credits_formatted"] = format_credits(credits_raw)
                                         ^^^^^^^^^^^^^^
NameError: name 'format_credits' is not defined
2025-04-03 23:15:09,460 - ERROR - Error processing entry #5 ('balde'') in ..\data\marayum_dictionaries\bikol-boienen-english_processed.json: name 'format_credits' is not defined
Traceback (most recent call last):
  File "C:\fil-relex\backend\dictionary_manager.py", line 8782, in process_marayum_json
    word_metadata["credits_formatted"] = format_credits(credits_raw)
                                         ^^^^^^^^^^^^^^
NameError: name 'format_credits' is not defined
2025-04-03 23:15:09,466 - ERROR - Error processing entry #6 ('bangbangan') in ..\data\marayum_dictionaries\bikol-boienen-english_processed.json: name 'format_credits' is not defined
Traceback (most recent call last):
  File "C:\fil-relex\backend\dictionary_manager.py", line 8782, in process_marayum_json
    word_metadata["credits_formatted"] = format_credits(credits_raw)
                                         ^^^^^^^^^^^^^^
NameError: name 'format_credits' is not defined
2025-04-03 23:15:09,473 - ERROR - Error processing entry #7 ('banggeraan') in ..\data\marayum_dictionaries\bikol-boienen-english_processed.json: name 'format_credits' is not defined
Traceback (most recent call last):
  File "C:\fil-relex\backend\dictionary_manager.py", line 8782, in process_marayum_json
    word_metadata["credits_formatted"] = format_credits(credits_raw)
                                         ^^^^^^^^^^^^^^
NameError: name 'format_credits' is not defined
2025-04-03 23:15:09,480 - ERROR - Error processing entry #8 ('banig') in ..\data\marayum_dictionaries\bikol-boienen-english_processed.json: name 'format_credits' is not defined
Traceback (most recent call last):
  File "C:\fil-relex\backend\dictionary_manager.py", line 8782, in process_marayum_json
    word_metadata["credits_formatted"] = format_credits(credits_raw)
                                         ^^^^^^^^^^^^^^
NameError: name 'format_credits' is not defined
2025-04-03 23:15:09,487 - ERROR - Error processing entry #9 ('baxey') in ..\data\marayum_dictionaries\bikol-boienen-english_processed.json: name 'format_credits' is not defined
Traceback (most recent call last):
  File "C:\fil-relex\backend\dictionary_manager.py", line 8782, in process_marayum_json
    word_metadata["credits_formatted"] = format_credits(credits_raw)
                                         ^^^^^^^^^^^^^^
NameError: name 'format_credits' is not defined
2025-04-03 23:15:09,494 - ERROR - Error processing entry #10 ('be-ew') in ..\data\marayum_dictionaries\bikol-boienen-english_processed.json: name 'format_credits' is not defined
Traceback (most recent call last):
  File "C:\fil-relex\backend\dictionary_manager.py", line 8782, in process_marayum_json
    word_metadata["credits_formatted"] = format_credits(credits_raw)
                                         ^^^^^^^^^^^^^^
NameError: name 'format_credits' is not defined
2025-04-03 23:15:09,500 - ERROR - Error processing entry #11 ('begkes1') in ..\data\marayum_dictionaries\bikol-boienen-english_processed.json: name 'format_credits' is not defined
Traceback (most recent call last):
  File "C:\fil-relex\backend\dictionary_manager.py", line 8782, in process_marayum_json
    word_metadata["credits_formatted"] = format_credits(credits_raw)
                                         ^^^^^^^^^^^^^^
NameError: name 'format_credits' is not defined
2025-04-03 23:15:09,508 - ERROR - Error processing entry #12 ('begkes2') in ..\data\marayum_dictionaries\bikol-boienen-english_processed.json: name 'format_credits' is not defined
Traceback (most recent call last):
  File "C:\fil-relex\backend\dictionary_manager.py", line 8782, in process_marayum_json
    word_metadata["credits_formatted"] = format_credits(credits_raw)
                                         ^^^^^^^^^^^^^^
NameError: name 'format_credits' is not defined
2025-04-03 23:15:09,514 - ERROR - Error processing entry #13 ('bexa'') in ..\data\marayum_dictionaries\bikol-boienen-english_processed.json: name 'format_credits' is not defined
Traceback (most recent call last):
  File "C:\fil-relex\backend\dictionary_manager.py", line 8782, in process_marayum_json
    word_metadata["credits_formatted"] = format_credits(credits_raw)
                                         ^^^^^^^^^^^^^^
NameError: name 'format_credits' is not defined
2025-04-03 23:15:09,521 - ERROR - Error processing entry #14 ('biga'') in ..\data\marayum_dictionaries\bikol-boienen-english_processed.json: name 'format_credits' is not defined
Traceback (most recent call last):
  File "C:\fil-relex\backend\dictionary_manager.py", line 8782, in process_marayum_json
    word_metadata["credits_formatted"] = format_credits(credits_raw)
                                         ^^^^^^^^^^^^^^
NameError: name 'format_credits' is not defined
2025-04-03 23:15:09,530 - ERROR - Error processing entry #15 ('boie'nen') in ..\data\marayum_dictionaries\bikol-boienen-english_processed.json: name 'format_credits' is not defined
Traceback (most recent call last):
  File "C:\fil-relex\backend\dictionary_manager.py", line 8782, in process_marayum_json
    word_metadata["credits_formatted"] = format_credits(credits_raw)
                                         ^^^^^^^^^^^^^^
NameError: name 'format_credits' is not defined
2025-04-03 23:15:09,539 - ERROR - Error processing entry #16 ('Boie'nen') in ..\data\marayum_dictionaries\bikol-boienen-english_processed.json: name 'format_credits' is not defined
Traceback (most recent call last):
  File "C:\fil-relex\backend\dictionary_manager.py", line 8782, in process_marayum_json
    word_metadata["credits_formatted"] = format_credits(credits_raw)
                                         ^^^^^^^^^^^^^^
NameError: name 'format_credits' is not defined
2025-04-03 23:15:09,546 - ERROR - Error processing entry #17 ('boko-boko') in ..\data\marayum_dictionaries\bikol-boienen-english_processed.json: name 'format_credits' is not defined
Traceback (most recent call last):
  File "C:\fil-relex\backend\dictionary_manager.py", line 8782, in process_marayum_json
    word_metadata["credits_formatted"] = format_credits(credits_raw)
                                         ^^^^^^^^^^^^^^
NameError: name 'format_credits' is not defined
2025-04-03 23:15:09,552 - ERROR - Error processing entry #18 ('bolong') in ..\data\marayum_dictionaries\bikol-boienen-english_processed.json: name 'format_credits' is not defined
Traceback (most recent call last):
  File "C:\fil-relex\backend\dictionary_manager.py", line 8782, in process_marayum_json
    word_metadata["credits_formatted"] = format_credits(credits_raw)
                                         ^^^^^^^^^^^^^^
NameError: name 'format_credits' is not defined
2025-04-03 23:15:09,559 - ERROR - Error processing entry #19 ('dake-xe'') in ..\data\marayum_dictionaries\bikol-boienen-english_processed.json: name 'format_credits' is not defined
Traceback (most recent call last):
  File "C:\fil-relex\backend\dictionary_manager.py", line 8782, in process_marayum_json
    word_metadata["credits_formatted"] = format_credits(credits_raw)
                                         ^^^^^^^^^^^^^^
NameError: name 'format_credits' is not defined
2025-04-03 23:15:09,566 - ERROR - Error processing entry #20 ('e-ket') in ..\data\marayum_dictionaries\bikol-boienen-english_processed.json: name 'format_credits' is not defined
Traceback (most recent call last):
  File "C:\fil-relex\backend\dictionary_manager.py", line 8782, in process_marayum_json
    word_metadata["credits_formatted"] = format_credits(credits_raw)
                                         ^^^^^^^^^^^^^^
NameError: name 'format_credits' is not defined
2025-04-03 23:15:09,572 - ERROR - Error processing entry #21 ('elka') in ..\data\marayum_dictionaries\bikol-boienen-english_processed.json: name 'format_credits' is not defined
Traceback (most recent call last):
  File "C:\fil-relex\backend\dictionary_manager.py", line 8782, in process_marayum_json
    word_metadata["credits_formatted"] = format_credits(credits_raw)
                                         ^^^^^^^^^^^^^^
NameError: name 'format_credits' is not defined
2025-04-03 23:15:09,579 - ERROR - Error processing entry #22 ('ewrasa') in ..\data\marayum_dictionaries\bikol-boienen-english_processed.json: name 'format_credits' is not defined
Traceback (most recent call last):
  File "C:\fil-relex\backend\dictionary_manager.py", line 8782, in process_marayum_json
    word_metadata["credits_formatted"] = format_credits(credits_raw)
                                         ^^^^^^^^^^^^^^
NameError: name 'format_credits' is not defined
2025-04-03 23:15:09,586 - ERROR - Error processing entry #23 ('e-xa'') in ..\data\marayum_dictionaries\bikol-boienen-english_processed.json: name 'format_credits' is not defined
Traceback (most recent call last):
  File "C:\fil-relex\backend\dictionary_manager.py", line 8782, in process_marayum_json
    word_metadata["credits_formatted"] = format_credits(credits_raw)
                                         ^^^^^^^^^^^^^^
NameError: name 'format_credits' is not defined
2025-04-03 23:15:09,593 - ERROR - Error processing entry #24 ('ex-ex') in ..\data\marayum_dictionaries\bikol-boienen-english_processed.json: name 'format_credits' is not defined
Traceback (most recent call last):
  File "C:\fil-relex\backend\dictionary_manager.py", line 8782, in process_marayum_json
    word_metadata["credits_formatted"] = format_credits(credits_raw)
                                         ^^^^^^^^^^^^^^
NameError: name 'format_credits' is not defined
2025-04-03 23:15:09,599 - ERROR - Error processing entry #25 ('gasa'') in ..\data\marayum_dictionaries\bikol-boienen-english_processed.json: name 'format_credits' is not defined
Traceback (most recent call last):
  File "C:\fil-relex\backend\dictionary_manager.py", line 8782, in process_marayum_json
    word_metadata["credits_formatted"] = format_credits(credits_raw)
                                         ^^^^^^^^^^^^^^
NameError: name 'format_credits' is not defined
2025-04-03 23:15:09,606 - ERROR - Error processing entry #26 ('gere'gede'') in ..\data\marayum_dictionaries\bikol-boienen-english_processed.json: name 'format_credits' is not defined
Traceback (most recent call last):
  File "C:\fil-relex\backend\dictionary_manager.py", line 8782, in process_marayum_json
    word_metadata["credits_formatted"] = format_credits(credits_raw)
                                         ^^^^^^^^^^^^^^
NameError: name 'format_credits' is not defined
2025-04-03 23:15:09,613 - ERROR - Error processing entry #27 ('gobing') in ..\data\marayum_dictionaries\bikol-boienen-english_processed.json: name 'format_credits' is not defined
Traceback (most recent call last):
  File "C:\fil-relex\backend\dictionary_manager.py", line 8782, in process_marayum_json
    word_metadata["credits_formatted"] = format_credits(credits_raw)
                                         ^^^^^^^^^^^^^^
NameError: name 'format_credits' is not defined
2025-04-03 23:15:09,621 - ERROR - Error processing entry #28 ('inang') in ..\data\marayum_dictionaries\bikol-boienen-english_processed.json: name 'format_credits' is not defined
Traceback (most recent call last):
  File "C:\fil-relex\backend\dictionary_manager.py", line 8782, in process_marayum_json
    word_metadata["credits_formatted"] = format_credits(credits_raw)
                                         ^^^^^^^^^^^^^^
NameError: name 'format_credits' is not defined
2025-04-03 23:15:09,627 - ERROR - Error processing entry #29 ('kabeg') in ..\data\marayum_dictionaries\bikol-boienen-english_processed.json: name 'format_credits' is not defined
Traceback (most recent call last):
  File "C:\fil-relex\backend\dictionary_manager.py", line 8782, in process_marayum_json
    word_metadata["credits_formatted"] = format_credits(credits_raw)
                                         ^^^^^^^^^^^^^^
NameError: name 'format_credits' is not defined
2025-04-03 23:15:09,636 - ERROR - Error processing entry #30 ('kabelbegan') in ..\data\marayum_dictionaries\bikol-boienen-english_processed.json: name 'format_credits' is not defined
Traceback (most recent call last):
  File "C:\fil-relex\backend\dictionary_manager.py", line 8782, in process_marayum_json
    word_metadata["credits_formatted"] = format_credits(credits_raw)
                                         ^^^^^^^^^^^^^^
NameError: name 'format_credits' is not defined
2025-04-03 23:15:09,643 - ERROR - Error processing entry #31 ('ka-esad') in ..\data\marayum_dictionaries\bikol-boienen-english_processed.json: name 'format_credits' is not defined
Traceback (most recent call last):
  File "C:\fil-relex\backend\dictionary_manager.py", line 8782, in process_marayum_json
    word_metadata["credits_formatted"] = format_credits(credits_raw)
                                         ^^^^^^^^^^^^^^
NameError: name 'format_credits' is not defined
2025-04-03 23:15:09,650 - ERROR - Error processing entry #32 ('kakabgan') in ..\data\marayum_dictionaries\bikol-boienen-english_processed.json: name 'format_credits' is not defined
Traceback (most recent call last):
  File "C:\fil-relex\backend\dictionary_manager.py", line 8782, in process_marayum_json
    word_metadata["credits_formatted"] = format_credits(credits_raw)
                                         ^^^^^^^^^^^^^^
NameError: name 'format_credits' is not defined
2025-04-03 23:15:09,658 - ERROR - Error processing entry #33 ('kambang') in ..\data\marayum_dictionaries\bikol-boienen-english_processed.json: name 'format_credits' is not defined
Traceback (most recent call last):
  File "C:\fil-relex\backend\dictionary_manager.py", line 8782, in process_marayum_json
    word_metadata["credits_formatted"] = format_credits(credits_raw)
                                         ^^^^^^^^^^^^^^
NameError: name 'format_credits' is not defined
2025-04-03 23:15:09,664 - ERROR - Error processing entry #34 ('kaponawan') in ..\data\marayum_dictionaries\bikol-boienen-english_processed.json: name 'format_credits' is not defined
Traceback (most recent call last):
  File "C:\fil-relex\backend\dictionary_manager.py", line 8782, in process_marayum_json
    word_metadata["credits_formatted"] = format_credits(credits_raw)
                                         ^^^^^^^^^^^^^^
NameError: name 'format_credits' is not defined
2025-04-03 23:15:09,671 - ERROR - Error processing entry #35 ('karaba') in ..\data\marayum_dictionaries\bikol-boienen-english_processed.json: name 'format_credits' is not defined
Traceback (most recent call last):
  File "C:\fil-relex\backend\dictionary_manager.py", line 8782, in process_marayum_json
    word_metadata["credits_formatted"] = format_credits(credits_raw)
                                         ^^^^^^^^^^^^^^
NameError: name 'format_credits' is not defined
2025-04-03 23:15:09,678 - ERROR - Error processing entry #36 ('katabang') in ..\data\marayum_dictionaries\bikol-boienen-english_processed.json: name 'format_credits' is not defined
Traceback (most recent call last):
  File "C:\fil-relex\backend\dictionary_manager.py", line 8782, in process_marayum_json
    word_metadata["credits_formatted"] = format_credits(credits_raw)
                                         ^^^^^^^^^^^^^^
NameError: name 'format_credits' is not defined
2025-04-03 23:15:09,685 - ERROR - Error processing entry #37 ('katig') in ..\data\marayum_dictionaries\bikol-boienen-english_processed.json: name 'format_credits' is not defined
Traceback (most recent call last):
  File "C:\fil-relex\backend\dictionary_manager.py", line 8782, in process_marayum_json
    word_metadata["credits_formatted"] = format_credits(credits_raw)
                                         ^^^^^^^^^^^^^^
NameError: name 'format_credits' is not defined
2025-04-03 23:15:09,692 - ERROR - Error processing entry #38 ('kilot') in ..\data\marayum_dictionaries\bikol-boienen-english_processed.json: name 'format_credits' is not defined
Traceback (most recent call last):
  File "C:\fil-relex\backend\dictionary_manager.py", line 8782, in process_marayum_json
    word_metadata["credits_formatted"] = format_credits(credits_raw)
                                         ^^^^^^^^^^^^^^
NameError: name 'format_credits' is not defined
2025-04-03 23:15:09,699 - ERROR - Error processing entry #39 ('kinatigan') in ..\data\marayum_dictionaries\bikol-boienen-english_processed.json: name 'format_credits' is not defined
Traceback (most recent call last):
  File "C:\fil-relex\backend\dictionary_manager.py", line 8782, in process_marayum_json
    word_metadata["credits_formatted"] = format_credits(credits_raw)
                                         ^^^^^^^^^^^^^^
NameError: name 'format_credits' is not defined
2025-04-03 23:15:09,706 - ERROR - Error processing entry #40 ('koyomad') in ..\data\marayum_dictionaries\bikol-boienen-english_processed.json: name 'format_credits' is not defined
Traceback (most recent call last):
  File "C:\fil-relex\backend\dictionary_manager.py", line 8782, in process_marayum_json
    word_metadata["credits_formatted"] = format_credits(credits_raw)
                                         ^^^^^^^^^^^^^^
NameError: name 'format_credits' is not defined
2025-04-03 23:15:09,713 - ERROR - Error processing entry #41 ('kwintas') in ..\data\marayum_dictionaries\bikol-boienen-english_processed.json: name 'format_credits' is not defined
Traceback (most recent call last):
  File "C:\fil-relex\backend\dictionary_manager.py", line 8782, in process_marayum_json
    word_metadata["credits_formatted"] = format_credits(credits_raw)
                                         ^^^^^^^^^^^^^^
NameError: name 'format_credits' is not defined
2025-04-03 23:15:09,720 - ERROR - Error processing entry #42 ('lagwerta') in ..\data\marayum_dictionaries\bikol-boienen-english_processed.json: name 'format_credits' is not defined
Traceback (most recent call last):
  File "C:\fil-relex\backend\dictionary_manager.py", line 8782, in process_marayum_json
    word_metadata["credits_formatted"] = format_credits(credits_raw)
                                         ^^^^^^^^^^^^^^
NameError: name 'format_credits' is not defined
2025-04-03 23:15:09,727 - ERROR - Error processing entry #43 ('lapok') in ..\data\marayum_dictionaries\bikol-boienen-english_processed.json: name 'format_credits' is not defined
Traceback (most recent call last):
  File "C:\fil-relex\backend\dictionary_manager.py", line 8782, in process_marayum_json
    word_metadata["credits_formatted"] = format_credits(credits_raw)
                                         ^^^^^^^^^^^^^^
NameError: name 'format_credits' is not defined
2025-04-03 23:15:09,734 - ERROR - Error processing entry #44 ('lawed') in ..\data\marayum_dictionaries\bikol-boienen-english_processed.json: name 'format_credits' is not defined
Traceback (most recent call last):
  File "C:\fil-relex\backend\dictionary_manager.py", line 8782, in process_marayum_json
    word_metadata["credits_formatted"] = format_credits(credits_raw)
                                         ^^^^^^^^^^^^^^
NameError: name 'format_credits' is not defined
2025-04-03 23:15:09,743 - ERROR - Error processing entry #45 ('lemay') in ..\data\marayum_dictionaries\bikol-boienen-english_processed.json: name 'format_credits' is not defined
Traceback (most recent call last):
  File "C:\fil-relex\backend\dictionary_manager.py", line 8782, in process_marayum_json
    word_metadata["credits_formatted"] = format_credits(credits_raw)
                                         ^^^^^^^^^^^^^^
NameError: name 'format_credits' is not defined
2025-04-03 23:15:09,750 - ERROR - Error processing entry #46 ('lobid') in ..\data\marayum_dictionaries\bikol-boienen-english_processed.json: name 'format_credits' is not defined
Traceback (most recent call last):
  File "C:\fil-relex\backend\dictionary_manager.py", line 8782, in process_marayum_json
    word_metadata["credits_formatted"] = format_credits(credits_raw)
                                         ^^^^^^^^^^^^^^
NameError: name 'format_credits' is not defined
2025-04-03 23:15:09,759 - ERROR - Error processing entry #47 ('lokaba') in ..\data\marayum_dictionaries\bikol-boienen-english_processed.json: name 'format_credits' is not defined
Traceback (most recent call last):
  File "C:\fil-relex\backend\dictionary_manager.py", line 8782, in process_marayum_json
    word_metadata["credits_formatted"] = format_credits(credits_raw)
                                         ^^^^^^^^^^^^^^
NameError: name 'format_credits' is not defined
2025-04-03 23:15:09,766 - ERROR - Error processing entry #48 ('lo-og') in ..\data\marayum_dictionaries\bikol-boienen-english_processed.json: name 'format_credits' is not defined
Traceback (most recent call last):
  File "C:\fil-relex\backend\dictionary_manager.py", line 8782, in process_marayum_json
    word_metadata["credits_formatted"] = format_credits(credits_raw)
                                         ^^^^^^^^^^^^^^
NameError: name 'format_credits' is not defined
2025-04-03 23:15:09,773 - ERROR - Error processing entry #49 ('mare'gen') in ..\data\marayum_dictionaries\bikol-boienen-english_processed.json: name 'format_credits' is not defined
Traceback (most recent call last):
  File "C:\fil-relex\backend\dictionary_manager.py", line 8782, in process_marayum_json
    word_metadata["credits_formatted"] = format_credits(credits_raw)
                                         ^^^^^^^^^^^^^^
NameError: name 'format_credits' is not defined
2025-04-03 23:15:09,781 - ERROR - Error processing entry #50 ('meya') in ..\data\marayum_dictionaries\bikol-boienen-english_processed.json: name 'format_credits' is not defined
Traceback (most recent call last):
  File "C:\fil-relex\backend\dictionary_manager.py", line 8782, in process_marayum_json
    word_metadata["credits_formatted"] = format_credits(credits_raw)
                                         ^^^^^^^^^^^^^^
NameError: name 'format_credits' is not defined
