2025-03-30 18:56:28,018 - INFO - Starting lookup for word: 'comida'
2025-03-30 18:56:28,055 - INFO - pg_trgm extension installed: True
2025-03-30 18:56:28,056 - INFO - Executing exact match query for 'comida'
2025-03-30 18:56:28,189 - INFO - Found 0 exact matches
2025-03-30 18:56:28,189 - INFO - No exact matches, trying fuzzy search for 'comida'
2025-03-30 18:56:28,299 - INFO - Found 5 fuzzy matches
2025-03-30 18:56:28,300 - INFO - Fuzzy matches: ['Comia', 'komida', 'Comiso', 'Pomida', 'Coming']
2025-03-30 18:56:28,303 - INFO - Processing result 1/5
2025-03-30 18:56:28,304 - INFO - Word ID: 157323
2025-03-30 18:56:28,304 - INFO - Lemma: Comia
2025-03-30 18:56:28,304 - INFO - Language code: tl
2025-03-30 18:56:28,306 - INFO - Querying pronunciations for word_id 157323
2025-03-30 18:56:28,308 - INFO - Found 3 pronunciations
2025-03-30 18:56:28,310 - INFO - Querying etymologies for word_id 157323
2025-03-30 18:56:28,313 - INFO - Found 0 etymologies
2025-03-30 18:56:28,313 - INFO - Querying definitions for word_id 157323
2025-03-30 18:56:28,317 - INFO - Found 1 definitions
2025-03-30 18:56:28,318 - INFO - Processing definition 1/1
2025-03-30 18:56:28,320 - INFO - Querying relations for word_id 157323
2025-03-30 18:56:28,323 - INFO - Found 1 relations
2025-03-30 18:56:28,325 - INFO - Processing result 2/5
2025-03-30 18:56:28,325 - INFO - Word ID: 143054
2025-03-30 18:56:28,325 - INFO - Lemma: komida
2025-03-30 18:56:28,326 - INFO - Language code: tl
2025-03-30 18:56:28,327 - INFO - Querying pronunciations for word_id 143054
2025-03-30 18:56:28,328 - INFO - Found 0 pronunciations
2025-03-30 18:56:28,328 - INFO - Querying etymologies for word_id 143054
2025-03-30 18:56:28,329 - INFO - Found 0 etymologies
2025-03-30 18:56:28,329 - INFO - Querying definitions for word_id 143054
2025-03-30 18:56:28,329 - INFO - Found 0 definitions
2025-03-30 18:56:28,330 - INFO - Querying relations for word_id 143054
2025-03-30 18:56:28,330 - INFO - Found 2 relations
2025-03-30 18:56:28,332 - INFO - Processing result 3/5
2025-03-30 18:56:28,333 - INFO - Word ID: 226851
2025-03-30 18:56:28,333 - INFO - Lemma: Comiso
2025-03-30 18:56:28,333 - INFO - Language code: ceb
2025-03-30 18:56:28,334 - INFO - Querying pronunciations for word_id 226851
2025-03-30 18:56:28,335 - INFO - Found 0 pronunciations
2025-03-30 18:56:28,335 - INFO - Querying etymologies for word_id 226851
2025-03-30 18:56:28,336 - INFO - Found 0 etymologies
2025-03-30 18:56:28,336 - INFO - Querying definitions for word_id 226851
2025-03-30 18:56:28,336 - INFO - Found 1 definitions
2025-03-30 18:56:28,337 - INFO - Processing definition 1/1
2025-03-30 18:56:28,338 - INFO - Querying relations for word_id 226851
2025-03-30 18:56:28,339 - INFO - Found 0 relations
2025-03-30 18:56:28,339 - INFO - No relations found for word ID 226851
2025-03-30 18:56:28,339 - INFO - Processing result 4/5
2025-03-30 18:56:28,339 - INFO - Word ID: 228537
2025-03-30 18:56:28,339 - INFO - Lemma: Pomida
2025-03-30 18:56:28,340 - INFO - Language code: ceb
2025-03-30 18:56:28,341 - INFO - Querying pronunciations for word_id 228537
2025-03-30 18:56:28,341 - INFO - Found 0 pronunciations
2025-03-30 18:56:28,342 - INFO - Querying etymologies for word_id 228537
2025-03-30 18:56:28,342 - INFO - Found 0 etymologies
2025-03-30 18:56:28,343 - INFO - Querying definitions for word_id 228537
2025-03-30 18:56:28,343 - INFO - Found 1 definitions
2025-03-30 18:56:28,344 - INFO - Processing definition 1/1
2025-03-30 18:56:28,345 - INFO - Querying relations for word_id 228537
2025-03-30 18:56:28,346 - INFO - Found 0 relations
2025-03-30 18:56:28,346 - INFO - No relations found for word ID 228537
2025-03-30 18:56:28,347 - INFO - Processing result 5/5
2025-03-30 18:56:28,347 - INFO - Word ID: 232367
2025-03-30 18:56:28,347 - INFO - Lemma: Coming
2025-03-30 18:56:28,347 - INFO - Language code: ceb
2025-03-30 18:56:28,348 - INFO - Querying pronunciations for word_id 232367
2025-03-30 18:56:28,349 - INFO - Found 0 pronunciations
2025-03-30 18:56:28,349 - INFO - Querying etymologies for word_id 232367
2025-03-30 18:56:28,349 - INFO - Found 0 etymologies
2025-03-30 18:56:28,349 - INFO - Querying definitions for word_id 232367
2025-03-30 18:56:28,350 - INFO - Found 1 definitions
2025-03-30 18:56:28,351 - INFO - Processing definition 1/1
2025-03-30 18:56:28,352 - INFO - Querying relations for word_id 232367
2025-03-30 18:56:28,353 - INFO - Found 0 relations
2025-03-30 18:56:28,353 - INFO - No relations found for word ID 232367
2025-03-30 18:56:28,354 - INFO - Database connection closed
