2025-04-16 16:33:44,431 - INFO - Starting table creation/update process.
2025-04-16 16:33:44,432 - INFO - Creating required PostgreSQL extensions...
2025-04-16 16:33:45,304 - INFO - Tables created or updated successfully.
2025-04-16 16:33:45,313 - INFO - Starting processing for Kaikki.org (Tagalog) from ..\data\kaikki.jsonl
2025-04-16 16:33:45,314 - INFO - Processing Kaikki dictionary: ..\data\kaikki.jsonl with source ID: 'kaikki.org (Tagalog)'
2025-04-16 16:33:45,967 - INFO - Found 27964 entries to process in ..\data\kaikki.jsonl
2025-04-16 16:33:45,968 - INFO - Initialized BaybayinRomanizer for script romanization
2025-04-16 16:33:46,076 - ERROR - Unexpected error processing entry for 'abay': cannot access local variable 'related_word_clean' where it is not associated with a value
2025-04-16 16:33:46,087 - ERROR - Unexpected error processing entry for 'abay': cannot access local variable 'related_word_clean' where it is not associated with a value
2025-04-16 16:33:46,141 - ERROR - Unexpected error processing entry for 'kun': cannot access local variable 'related_word_clean' where it is not associated with a value
2025-04-16 16:33:46,145 - ERROR - Unexpected error processing entry for 'kun': cannot access local variable 'related_word_clean' where it is not associated with a value
2025-04-16 16:33:46,152 - ERROR - Unexpected error processing entry for 'lente': cannot access local variable 'related_word_clean' where it is not associated with a value
2025-04-16 16:33:46,242 - ERROR - Unexpected error processing entry for 'tago': cannot access local variable 'related_word_clean' where it is not associated with a value
2025-04-16 16:33:46,334 - ERROR - Unexpected error processing entry for 'libre': cannot access local variable 'related_word_clean' where it is not associated with a value
2025-04-16 16:33:46,349 - ERROR - Unexpected error processing entry for 'may': cannot access local variable 'related_word_clean' where it is not associated with a value
2025-04-16 16:33:46,354 - ERROR - Unexpected error processing entry for 'may': cannot access local variable 'related_word_clean' where it is not associated with a value
2025-04-16 16:33:46,401 - ERROR - Unexpected error processing entry for 'tao': cannot access local variable 'related_word_clean' where it is not associated with a value
2025-04-16 16:33:46,411 - ERROR - Unexpected error processing entry for 'tao': cannot access local variable 'related_word_clean' where it is not associated with a value
2025-04-16 16:33:46,460 - INFO - Extracted parenthesized text from lemma: original='garini(garni)' → lemma='garini', note='garini(garni)'
2025-04-16 16:33:46,476 - INFO - Extracted parenthesized text from lemma: original='garito(garto)**' → lemma='garito**', note='garito(garto)**'
2025-04-16 16:33:46,491 - INFO - Extracted parenthesized text from lemma: original='nariyan(naryan)' → lemma='nariyan', note='nariyan(naryan)'
2025-04-16 16:33:46,499 - INFO - Extracted parenthesized text from lemma: original='ganiyan(ganyan)' → lemma='ganiyan', note='ganiyan(ganyan)'
2025-04-16 16:33:46,780 - ERROR - Unexpected error processing entry for 'Israel': cannot access local variable 'related_word_clean' where it is not associated with a value
2025-04-16 16:33:46,915 - ERROR - Unexpected error processing entry for 'A': cannot access local variable 'related_word_clean' where it is not associated with a value
2025-04-16 16:33:46,982 - ERROR - Unexpected error processing entry for 'tigre': cannot access local variable 'related_word_clean' where it is not associated with a value
2025-04-16 16:33:47,019 - ERROR - Unexpected error processing entry for 'gas': cannot access local variable 'related_word_clean' where it is not associated with a value
2025-04-16 16:33:47,047 - ERROR - Unexpected error processing entry for 'tuba': cannot access local variable 'related_word_clean' where it is not associated with a value
2025-04-16 16:33:47,087 - ERROR - Unexpected error processing entry for 'noon': cannot access local variable 'related_word_clean' where it is not associated with a value
2025-04-16 16:33:47,211 - ERROR - Unexpected error processing entry for 'ate': cannot access local variable 'related_word_clean' where it is not associated with a value
2025-04-16 16:33:47,244 - ERROR - Unexpected error processing entry for 'o': cannot access local variable 'related_word_clean' where it is not associated with a value
2025-04-16 16:33:47,250 - ERROR - Unexpected error processing entry for 'o': cannot access local variable 'related_word_clean' where it is not associated with a value
2025-04-16 16:33:47,256 - WARNING - Error closing connection: set_session cannot be used inside a transaction
