2025-03-30 18:33:34,245 - INFO - Starting lookup for word: 'payar'
2025-03-30 18:33:34,279 - INFO - pg_trgm extension installed: True
2025-03-30 18:33:34,280 - INFO - Executing exact match query for 'payar'
2025-03-30 18:33:34,443 - INFO - Found 0 exact matches
2025-03-30 18:33:34,444 - INFO - No exact matches, trying fuzzy search for 'payar'
2025-03-30 18:33:34,585 - INFO - Found 5 fuzzy matches
2025-03-30 18:33:34,587 - INFO - Fuzzy matches: ['paya', 'paya', 'paya-paya', 'payak', 'payag']
2025-03-30 18:33:34,596 - INFO - Processing result 1/5
2025-03-30 18:33:34,599 - INFO - Word ID: 107841
2025-03-30 18:33:34,603 - INFO - Lemma: paya
2025-03-30 18:33:34,606 - INFO - Language code: tl
2025-03-30 18:33:34,628 - INFO - Querying pronunciations for word_id 107841
2025-03-30 18:33:34,631 - INFO - Found 3 pronunciations
2025-03-30 18:33:34,656 - INFO - Querying etymologies for word_id 107841
2025-03-30 18:33:34,662 - INFO - Found 0 etymologies
2025-03-30 18:33:34,662 - INFO - Querying definitions for word_id 107841
2025-03-30 18:33:34,666 - INFO - Found 3 definitions
2025-03-30 18:33:34,667 - INFO - Processing definition 1/3
2025-03-30 18:33:34,668 - INFO - Processing definition 2/3
2025-03-30 18:33:34,669 - INFO - Processing definition 3/3
2025-03-30 18:33:34,671 - INFO - Querying relations for word_id 107841
2025-03-30 18:33:34,675 - INFO - Found 8 relations
2025-03-30 18:33:34,680 - INFO - Processing result 2/5
2025-03-30 18:33:34,681 - INFO - Word ID: 218337
2025-03-30 18:33:34,681 - INFO - Lemma: paya
2025-03-30 18:33:34,681 - INFO - Language code: ceb
2025-03-30 18:33:34,682 - INFO - Querying pronunciations for word_id 218337
2025-03-30 18:33:34,683 - INFO - Found 0 pronunciations
2025-03-30 18:33:34,683 - INFO - Querying etymologies for word_id 218337
2025-03-30 18:33:34,684 - INFO - Found 0 etymologies
2025-03-30 18:33:34,684 - INFO - Querying definitions for word_id 218337
2025-03-30 18:33:34,685 - INFO - Found 1 definitions
2025-03-30 18:33:34,686 - INFO - Processing definition 1/1
2025-03-30 18:33:34,688 - INFO - Querying relations for word_id 218337
2025-03-30 18:33:34,690 - INFO - Found 0 relations
2025-03-30 18:33:34,690 - INFO - No relations found for word ID 218337
2025-03-30 18:33:34,690 - INFO - Processing result 3/5
2025-03-30 18:33:34,691 - INFO - Word ID: 236056
2025-03-30 18:33:34,691 - INFO - Lemma: paya-paya
2025-03-30 18:33:34,691 - INFO - Language code: ceb
2025-03-30 18:33:34,692 - INFO - Querying pronunciations for word_id 236056
2025-03-30 18:33:34,693 - INFO - Found 0 pronunciations
2025-03-30 18:33:34,693 - INFO - Querying etymologies for word_id 236056
2025-03-30 18:33:34,694 - INFO - Found 0 etymologies
2025-03-30 18:33:34,694 - INFO - Querying definitions for word_id 236056
2025-03-30 18:33:34,695 - INFO - Found 1 definitions
2025-03-30 18:33:34,696 - INFO - Processing definition 1/1
2025-03-30 18:33:34,698 - INFO - Querying relations for word_id 236056
2025-03-30 18:33:34,699 - INFO - Found 0 relations
2025-03-30 18:33:34,699 - INFO - No relations found for word ID 236056
2025-03-30 18:33:34,700 - INFO - Processing result 4/5
2025-03-30 18:33:34,700 - INFO - Word ID: 109186
2025-03-30 18:33:34,700 - INFO - Lemma: payak
2025-03-30 18:33:34,700 - INFO - Language code: tl
2025-03-30 18:33:34,702 - INFO - Querying pronunciations for word_id 109186
2025-03-30 18:33:34,703 - INFO - Found 3 pronunciations
2025-03-30 18:33:34,706 - INFO - Querying etymologies for word_id 109186
2025-03-30 18:33:34,706 - INFO - Found 0 etymologies
2025-03-30 18:33:34,707 - INFO - Querying definitions for word_id 109186
2025-03-30 18:33:34,708 - INFO - Found 1 definitions
2025-03-30 18:33:34,709 - INFO - Processing definition 1/1
2025-03-30 18:33:34,710 - WARNING - Error parsing examples: Expecting value: line 1 column 1 (char 0)
2025-03-30 18:33:34,711 - INFO - Querying relations for word_id 109186
2025-03-30 18:33:34,712 - INFO - Found 5 relations
2025-03-30 18:33:34,733 - INFO - Processing result 5/5
2025-03-30 18:33:34,734 - INFO - Word ID: 116463
2025-03-30 18:33:34,737 - INFO - Lemma: payag
2025-03-30 18:33:34,737 - INFO - Language code: tl
2025-03-30 18:33:34,749 - INFO - Querying pronunciations for word_id 116463
2025-03-30 18:33:34,752 - INFO - Found 3 pronunciations
2025-03-30 18:33:34,771 - INFO - Querying etymologies for word_id 116463
2025-03-30 18:33:34,774 - INFO - Found 0 etymologies
2025-03-30 18:33:34,775 - INFO - Querying definitions for word_id 116463
2025-03-30 18:33:34,779 - INFO - Found 1 definitions
2025-03-30 18:33:34,783 - INFO - Processing definition 1/1
2025-03-30 18:33:34,792 - INFO - Querying relations for word_id 116463
2025-03-30 18:33:34,797 - INFO - Found 13 relations
2025-03-30 18:33:34,842 - INFO - Database connection closed
