2025-04-02 19:33:11,969 - INFO - Starting table creation/update process.
2025-04-02 19:33:12,547 - INFO - Tables created or updated successfully.
2025-04-02 19:33:12,552 - INFO - Processing Tagalog words from: ..\data\tagalog-words.json
2025-04-02 19:33:12,552 - INFO - Using standardized source identifier: 'diksiyonaryo.ph'
2025-04-02 19:33:13,449 - INFO - Found 65336 entries to process
2025-04-02 19:33:13,487 - INFO - Word '-a' (tl) created (ID: 1) from source 'diksiyonaryo.ph'.
2025-04-02 19:33:13,502 - ERROR - Error inserting definition for '-a', sense 0: pambuo ng pangngalan at pang-u... Error: insert_definition() got an unexpected keyword argument 'original_pos'
2025-04-02 19:33:13,505 - INFO - Word 'A' (tl) created (ID: 2) from source 'diksiyonaryo.ph'.
2025-04-02 19:33:13,507 - ERROR - Error inserting definition for 'A', sense 0: [1] unang titik sa alpabetong ... Error: insert_definition() got an unexpected keyword argument 'original_pos'
2025-04-02 19:33:13,508 - ERROR - Error inserting definition for 'A', sense 1: [2] unang titik sa abakadang T... Error: insert_definition() got an unexpected keyword argument 'original_pos'
2025-04-02 19:33:13,509 - ERROR - Error inserting definition for 'A', sense 2: [3] una sa isang serye o kaayu... Error: insert_definition() got an unexpected keyword argument 'original_pos'
2025-04-02 19:33:13,510 - ERROR - Error inserting definition for 'A', sense 3: [4] grado o markang akademiko ... Error: insert_definition() got an unexpected keyword argument 'original_pos'
2025-04-02 19:33:13,510 - ERROR - Error inserting definition for 'A', sense 4: [5] pasulát o palimbag na repr... Error: insert_definition() got an unexpected keyword argument 'original_pos'
2025-04-02 19:33:13,511 - ERROR - Error inserting definition for 'A', sense 5: [6] tipo, tulad ng sa printer,... Error: insert_definition() got an unexpected keyword argument 'original_pos'
2025-04-02 19:33:13,512 - ERROR - Error inserting definition for 'A', sense 6: [7] tipo ng dugo ng tao... Error: insert_definition() got an unexpected keyword argument 'original_pos'
2025-04-02 19:33:13,513 - ERROR - Error inserting definition for 'A', sense 7: [8] ikaanim na tono sa eskalan... Error: insert_definition() got an unexpected keyword argument 'original_pos'
2025-04-02 19:33:13,514 - ERROR - Error inserting definition for 'A', sense 8: [9] sukat ng sapatos, higit na... Error: insert_definition() got an unexpected keyword argument 'original_pos'
2025-04-02 19:33:13,514 - ERROR - Error inserting definition for 'A', sense 9: [10] cup size ng bra, higit na... Error: insert_definition() got an unexpected keyword argument 'original_pos'
2025-04-02 19:33:13,516 - INFO - Word 'A!' (tl) created (ID: 3) from source 'diksiyonaryo.ph'.
2025-04-02 19:33:13,518 - ERROR - Error inserting definition for 'A!', sense 0: bulalas ng alinlangan o paghin... Error: insert_definition() got an unexpected keyword argument 'original_pos'
2025-04-02 19:33:13,524 - ERROR - Error inserting definition for 'Å', sense 0: angstrom.... Error: insert_definition() got an unexpected keyword argument 'original_pos'
2025-04-02 19:33:13,526 - INFO - Word 'aà' (tl) created (ID: 4) from source 'diksiyonaryo.ph'.
2025-04-02 19:33:13,527 - ERROR - Error inserting definition for 'aà', sense 0: salitâng batà na nangangahulug... Error: insert_definition() got an unexpected keyword argument 'original_pos'
2025-04-02 19:33:13,529 - INFO - Word 'aáb' (tl) created (ID: 5) from source 'diksiyonaryo.ph'.
2025-04-02 19:33:13,530 - ERROR - Error inserting definition for 'aáb', sense 0: hugpóng o paghuhugpóng ng dala... Error: insert_definition() got an unexpected keyword argument 'original_pos'
2025-04-02 19:33:13,532 - INFO - Word 'aáda' (tl) created (ID: 6) from source 'diksiyonaryo.ph'.
2025-04-02 19:33:13,533 - ERROR - Error inserting definition for 'aáda', sense 0: nariyán.... Error: insert_definition() got an unexpected keyword argument 'original_pos'
2025-04-02 19:33:13,535 - INFO - Word 'aádto' (tl) created (ID: 7) from source 'diksiyonaryo.ph'.
2025-04-02 19:33:13,536 - ERROR - Error inserting definition for 'aádto', sense 0: naroón.... Error: insert_definition() got an unexpected keyword argument 'original_pos'
2025-04-02 19:33:13,538 - INFO - Word 'aagáw' (tl) created (ID: 8) from source 'diksiyonaryo.ph'.
2025-04-02 19:33:13,539 - ERROR - Error inserting definition for 'aagáw', sense 0: alagáw.... Error: insert_definition() got an unexpected keyword argument 'original_pos'
2025-04-02 19:33:13,541 - INFO - Word 'aák' (tl) created (ID: 9) from source 'diksiyonaryo.ph'.
2025-04-02 19:33:13,542 - INFO - Word 'a·a·kín' (tl) created (ID: 10) from source 'diksiyonaryo.ph'.
2025-04-02 19:33:13,550 - INFO - Word 'mag-a·ák' (tl) created (ID: 11) from source 'diksiyonaryo.ph'.
2025-04-02 19:33:13,551 - INFO - Word 'u·ma·ák' (tl) created (ID: 12) from source 'diksiyonaryo.ph'.
2025-04-02 19:33:13,553 - ERROR - Error inserting definition for 'aák', sense 0: lámat.... Error: insert_definition() got an unexpected keyword argument 'original_pos'
2025-04-02 19:33:13,554 - ERROR - Error inserting definition for 'aák', sense 1: hatiin ang maliit na buntot.... Error: insert_definition() got an unexpected keyword argument 'original_pos'
2025-04-02 19:33:13,555 - INFO - Word 'aám' (tl) created (ID: 13) from source 'diksiyonaryo.ph'.
2025-04-02 19:33:13,556 - ERROR - Error inserting definition for 'aám', sense 0: varyant ng am.... Error: insert_definition() got an unexpected keyword argument 'original_pos'
2025-04-02 19:33:13,558 - INFO - Word 'aánhi' (tl) created (ID: 14) from source 'diksiyonaryo.ph'.
2025-04-02 19:33:13,559 - ERROR - Error inserting definition for 'aánhi', sense 0: naritó.... Error: insert_definition() got an unexpected keyword argument 'original_pos'
2025-04-02 19:33:13,561 - INFO - Word 'aánhon' (tl) created (ID: 15) from source 'diksiyonaryo.ph'.
2025-04-02 19:33:13,562 - ERROR - Error inserting definition for 'aánhon', sense 0: paáno.... Error: insert_definition() got an unexpected keyword argument 'original_pos'
2025-04-02 19:33:13,564 - INFO - Word 'áap' (tl) created (ID: 16) from source 'diksiyonaryo.ph'.
2025-04-02 19:33:13,565 - ERROR - Error inserting definition for 'áap', sense 0: malakíhang pagbilí sa ani ng t... Error: insert_definition() got an unexpected keyword argument 'original_pos'
2025-04-02 19:33:13,566 - INFO - Word 'aapúyan' (tl) created (ID: 17) from source 'diksiyonaryo.ph'.
2025-04-02 19:33:13,568 - ERROR - Error inserting definition for 'aapúyan', sense 0: huni ng ído mula sa kaliwa, se... Error: insert_definition() got an unexpected keyword argument 'original_pos'
2025-04-02 19:33:13,569 - INFO - Word 'Aaron' (tl) created (ID: 18) from source 'diksiyonaryo.ph'.
2025-04-02 19:33:13,571 - ERROR - Error inserting definition for 'Aaron', sense 0: sa Bibliya, nakatatandang kapa... Error: insert_definition() got an unexpected keyword argument 'original_pos'
2025-04-02 19:33:13,573 - INFO - Word 'aáto-áto' (tl) created (ID: 19) from source 'diksiyonaryo.ph'.
2025-04-02 19:33:13,575 - ERROR - Error inserting definition for 'aáto-áto', sense 0: biro-birong pagsubok sa isang ... Error: insert_definition() got an unexpected keyword argument 'original_pos'
2025-04-02 19:33:13,576 - INFO - Word 'AB' (tl) created (ID: 20) from source 'diksiyonaryo.ph'.
2025-04-02 19:33:13,578 - ERROR - Error inserting definition for 'AB', sense 0: tipo ng dugo ng tao.... Error: insert_definition() got an unexpected keyword argument 'original_pos'
2025-04-02 19:33:13,579 - ERROR - Error inserting definition for 'AB', sense 1: [1] able-bodied seaman... Error: insert_definition() got an unexpected keyword argument 'original_pos'
2025-04-02 19:33:13,579 - ERROR - Error inserting definition for 'AB', sense 2: [2] Bachelor of Arts o Batsily... Error: insert_definition() got an unexpected keyword argument 'original_pos'
2025-04-02 19:33:13,582 - INFO - Word 'abá' (tl) created (ID: 21) from source 'diksiyonaryo.ph'.
2025-04-02 19:33:13,584 - ERROR - Error inserting definition for 'abá', sense 0: pitsó.... Error: insert_definition() got an unexpected keyword argument 'original_pos'
2025-04-02 19:33:13,585 - INFO - Word 'Abá!' (tl) created (ID: 22) from source 'diksiyonaryo.ph'.
2025-04-02 19:33:13,586 - ERROR - Error inserting definition for 'Abá!', sense 0: katagang nagpapahayag ng matin... Error: insert_definition() got an unexpected keyword argument 'original_pos'
2025-04-02 19:33:13,589 - INFO - Word 'a·ba·ín' (tl) created (ID: 23) from source 'diksiyonaryo.ph'.
2025-04-02 19:33:13,590 - INFO - Word 'mang-a·bâ' (tl) created (ID: 24) from source 'diksiyonaryo.ph'.
2025-04-02 19:33:13,591 - ERROR - Error inserting definition for 'abâ', sense 0: ituring na mababà at hamak ang... Error: insert_definition() got an unexpected keyword argument 'original_pos'
2025-04-02 19:33:13,592 - ERROR - Error inserting definition for 'abâ', sense 1: dukhâ.... Error: insert_definition() got an unexpected keyword argument 'original_pos'
2025-04-02 19:33:13,593 - INFO - Word 'abaána' (tl) created (ID: 25) from source 'diksiyonaryo.ph'.
2025-04-02 19:33:13,594 - ERROR - Error inserting definition for 'abaána', sense 0: sa katunayan ; talagá ngâ.... Error: insert_definition() got an unexpected keyword argument 'original_pos'
2025-04-02 19:33:13,596 - INFO - Word 'abáaw' (tl) created (ID: 26) from source 'diksiyonaryo.ph'.
2025-04-02 19:33:13,598 - ERROR - Error inserting definition for 'abáaw', sense 0: pangkat ng mga ibon.... Error: insert_definition() got an unexpected keyword argument 'original_pos'
2025-04-02 19:33:13,599 - INFO - Word 'áb-ab' (tl) created (ID: 27) from source 'diksiyonaryo.ph'.
2025-04-02 19:33:13,601 - INFO - Word 'ab-á·bin' (tl) created (ID: 28) from source 'diksiyonaryo.ph'.
2025-04-02 19:33:13,603 - INFO - Word 'i·áb-ab' (tl) created (ID: 29) from source 'diksiyonaryo.ph'.
2025-04-02 19:33:13,604 - INFO - Word 'mag-áb-ab' (tl) created (ID: 30) from source 'diksiyonaryo.ph'.
2025-04-02 19:33:13,605 - ERROR - Error inserting definition for 'áb-ab', sense 0: nguyain.... Error: insert_definition() got an unexpected keyword argument 'original_pos'
2025-04-02 19:33:13,606 - ERROR - Error inserting definition for 'áb-ab', sense 1: ámag... Error: insert_definition() got an unexpected keyword argument 'original_pos'
2025-04-02 19:33:13,607 - INFO - Word 'ábab' (tl) created (ID: 31) from source 'diksiyonaryo.ph'.
2025-04-02 19:33:13,609 - ERROR - Error inserting definition for 'ábab', sense 0: kabkáb... Error: insert_definition() got an unexpected keyword argument 'original_pos'
2025-04-02 19:33:13,611 - INFO - Word 'abába' (tl) created (ID: 32) from source 'diksiyonaryo.ph'.
2025-04-02 19:33:13,612 - ERROR - Error inserting definition for 'abába', sense 0: iklî... Error: insert_definition() got an unexpected keyword argument 'original_pos'
2025-04-02 19:33:13,614 - INFO - Word 'ababatiyáwan' (tl) created (ID: 33) from source 'diksiyonaryo.ph'.
2025-04-02 19:33:13,615 - ERROR - Error inserting definition for 'ababatiyáwan', sense 0: kíta.... Error: insert_definition() got an unexpected keyword argument 'original_pos'
2025-04-02 19:33:13,617 - INFO - Word 'abábaw' (tl) created (ID: 34) from source 'diksiyonaryo.ph'.
2025-04-02 19:33:13,618 - ERROR - Error inserting definition for 'abábaw', sense 0: bábaw... Error: insert_definition() got an unexpected keyword argument 'original_pos'
2025-04-02 19:33:13,620 - INFO - Word 'abábbaw' (tl) created (ID: 35) from source 'diksiyonaryo.ph'.
2025-04-02 19:33:13,621 - ERROR - Error inserting definition for 'abábbaw', sense 0: bábaw... Error: insert_definition() got an unexpected keyword argument 'original_pos'
2025-04-02 19:33:13,623 - INFO - Word 'áb-abî-ik' (tl) created (ID: 36) from source 'diksiyonaryo.ph'.
2025-04-02 19:33:13,624 - ERROR - Error inserting definition for 'áb-abî-ik', sense 0: kaluluwá... Error: insert_definition() got an unexpected keyword argument 'original_pos'
2025-04-02 19:33:13,625 - INFO - Word 'abaciscus' (tl) created (ID: 37) from source 'diksiyonaryo.ph'.
2025-04-02 19:33:13,627 - ERROR - Error inserting definition for 'abaciscus', sense 0: maliit na abakus.... Error: insert_definition() got an unexpected keyword argument 'original_pos'
2025-04-02 19:33:13,628 - INFO - Word 'abád' (tl) created (ID: 38) from source 'diksiyonaryo.ph'.
2025-04-02 19:33:13,630 - ERROR - Error inserting definition for 'abád', sense 0: superyor ng monasteryo o kumbe... Error: insert_definition() got an unexpected keyword argument 'original_pos'
2025-04-02 19:33:13,632 - ERROR - Error inserting definition for 'ábad', sense 0: padugô.... Error: insert_definition() got an unexpected keyword argument 'original_pos'
2025-04-02 19:33:13,633 - INFO - Word 'abáda' (tl) created (ID: 39) from source 'diksiyonaryo.ph'.
2025-04-02 19:33:13,635 - ERROR - Error inserting definition for 'abáda', sense 0: dúgong.... Error: insert_definition() got an unexpected keyword argument 'original_pos'
2025-04-02 19:33:13,636 - INFO - Word 'Abadáw!' (tl) created (ID: 40) from source 'diksiyonaryo.ph'.
2025-04-02 19:33:13,638 - ERROR - Error inserting definition for 'Abadáw!', sense 0: Abá!... Error: insert_definition() got an unexpected keyword argument 'original_pos'
2025-04-02 19:33:13,639 - INFO - Word 'Abaddon' (tl) created (ID: 41) from source 'diksiyonaryo.ph'.
2025-04-02 19:33:13,641 - ERROR - Error inserting definition for 'Abaddon', sense 0: impiyérno.... Error: insert_definition() got an unexpected keyword argument 'original_pos'
2025-04-02 19:33:13,642 - INFO - Word 'Abadéha' (tl) created (ID: 42) from source 'diksiyonaryo.ph'.
2025-04-02 19:33:13,644 - ERROR - Error inserting definition for 'Abadéha', sense 0: pangunahing tauhan sa bersiyon... Error: insert_definition() got an unexpected keyword argument 'original_pos'
2025-04-02 19:33:13,646 - INFO - Word 'abadíya' (tl) created (ID: 43) from source 'diksiyonaryo.ph'.
2025-04-02 19:33:13,647 - ERROR - Error inserting definition for 'abadíya', sense 0: [1] monasteryong nása pamamaha... Error: insert_definition() got an unexpected keyword argument 'original_pos'
2025-04-02 19:33:13,648 - ERROR - Error inserting definition for 'abadíya', sense 1: [2] gusaling katabi ng simbaha... Error: insert_definition() got an unexpected keyword argument 'original_pos'
2025-04-02 19:33:13,649 - INFO - Word 'abadyáto' (tl) created (ID: 44) from source 'diksiyonaryo.ph'.
2025-04-02 19:33:13,651 - ERROR - Error inserting definition for 'abadyáto', sense 0: pagiging abád.... Error: insert_definition() got an unexpected keyword argument 'original_pos'
2025-04-02 19:33:13,652 - INFO - Word 'abáfiw' (tl) created (ID: 45) from source 'diksiyonaryo.ph'.
2025-04-02 19:33:13,653 - ERROR - Error inserting definition for 'abáfiw', sense 0: kubing na yarì sa tanso... Error: insert_definition() got an unexpected keyword argument 'original_pos'
2025-04-02 19:33:13,655 - INFO - Word 'ábag' (tl) created (ID: 46) from source 'diksiyonaryo.ph'.
2025-04-02 19:33:13,658 - ERROR - Error inserting definition for 'ábag', sense 0: túlong... Error: insert_definition() got an unexpected keyword argument 'original_pos'
2025-04-02 19:33:13,659 - INFO - Word 'abagá' (tl) created (ID: 47) from source 'diksiyonaryo.ph'.
2025-04-02 19:33:13,661 - INFO - Word 'a·ba·ga·hín' (tl) created (ID: 48) from source 'diksiyonaryo.ph'.
2025-04-02 19:33:13,662 - INFO - Word 'ma·a·ba·gá' (tl) created (ID: 49) from source 'diksiyonaryo.ph'.
2025-04-02 19:33:13,664 - INFO - Word 'ma·ka·a·ba·gá' (tl) created (ID: 50) from source 'diksiyonaryo.ph'.
2025-04-02 19:33:13,665 - ERROR - Error inserting definition for 'abagá', sense 0: balikatin.... Error: insert_definition() got an unexpected keyword argument 'original_pos'
2025-04-02 19:33:13,667 - ERROR - Error inserting definition for 'abága', sense 0: balíkat... Error: insert_definition() got an unexpected keyword argument 'original_pos'
2025-04-02 19:33:13,669 - INFO - Word 'abágat' (tl) created (ID: 51) from source 'diksiyonaryo.ph'.
2025-04-02 19:33:13,670 - ERROR - Error inserting definition for 'abágat', sense 0: [1] hángin... Error: insert_definition() got an unexpected keyword argument 'original_pos'
2025-04-02 19:33:13,671 - ERROR - Error inserting definition for 'abágat', sense 1: [2] hánging kanluran... Error: insert_definition() got an unexpected keyword argument 'original_pos'
2025-04-02 19:33:13,672 - ERROR - Error inserting definition for 'abágat', sense 2: [3] malakas na hángin.... Error: insert_definition() got an unexpected keyword argument 'original_pos'
2025-04-02 19:33:13,673 - INFO - Word 'abagbág' (tl) created (ID: 52) from source 'diksiyonaryo.ph'.
2025-04-02 19:33:13,674 - ERROR - Error inserting definition for 'abagbág', sense 0: lanság.... Error: insert_definition() got an unexpected keyword argument 'original_pos'
2025-04-02 19:33:13,675 - INFO - Word 'abághan' (tl) created (ID: 53) from source 'diksiyonaryo.ph'.
2025-04-02 19:33:13,677 - ERROR - Error inserting definition for 'abághan', sense 0: súkat ng habà mulang dulo ng d... Error: insert_definition() got an unexpected keyword argument 'original_pos'
2025-04-02 19:33:13,679 - INFO - Word 'Abá Ginoóng María' (tl) created (ID: 54) from source 'diksiyonaryo.ph'.
2025-04-02 19:33:13,680 - ERROR - Error inserting definition for 'Abá Ginoóng María', sense 0: sa simbahang Katolika, dasal b... Error: insert_definition() got an unexpected keyword argument 'original_pos'
2025-04-02 19:33:13,683 - INFO - Word 'ábak' (tl) created (ID: 55) from source 'diksiyonaryo.ph'.
2025-04-02 19:33:13,685 - ERROR - Error inserting definition for 'ábak', sense 0: umága.... Error: insert_definition() got an unexpected keyword argument 'original_pos'
2025-04-02 19:33:13,686 - INFO - Word 'abaká' (tl) created (ID: 56) from source 'diksiyonaryo.ph'.
2025-04-02 19:33:13,688 - ERROR - Error inserting definition for 'abaká', sense 0: [1] haláman (Musa textilis ) n... Error: insert_definition() got an unexpected keyword argument 'original_pos'
2025-04-02 19:33:13,688 - ERROR - Error inserting definition for 'abaká', sense 1: [2] putîng himaymay mula sa na... Error: insert_definition() got an unexpected keyword argument 'original_pos'
2025-04-02 19:33:13,690 - ERROR - Error inserting definition for 'Abaká', sense 0: [1] isa sa mga pangkating etni... Error: insert_definition() got an unexpected keyword argument 'original_pos'
2025-04-02 19:33:13,691 - ERROR - Error inserting definition for 'Abaká', sense 1: [2] isa sa mga wika ng mga Ilo... Error: insert_definition() got an unexpected keyword argument 'original_pos'
2025-04-02 19:33:13,692 - INFO - Word 'abák-abák' (tl) created (ID: 57) from source 'diksiyonaryo.ph'.
2025-04-02 19:33:13,693 - ERROR - Error inserting definition for 'abák-abák', sense 0: patúloy at sunód-sunód na pagl... Error: insert_definition() got an unexpected keyword argument 'original_pos'
2025-04-02 19:33:13,695 - INFO - Word 'abakáda' (tl) created (ID: 58) from source 'diksiyonaryo.ph'.
2025-04-02 19:33:13,696 - ERROR - Error inserting definition for 'abakáda', sense 0: [1] romanisadong paraan ng pag... Error: insert_definition() got an unexpected keyword argument 'original_pos'
2025-04-02 19:33:13,697 - ERROR - Error inserting definition for 'abakáda', sense 1: [2] batayang katotohanan at pr... Error: insert_definition() got an unexpected keyword argument 'original_pos'
2025-04-02 19:33:13,698 - INFO - Word 'ábakahán' (tl) created (ID: 59) from source 'diksiyonaryo.ph'.
2025-04-02 19:33:13,700 - ERROR - Error inserting definition for 'ábakahán', sense 0: [1] plantasyon o taníman ng ab... Error: insert_definition() got an unexpected keyword argument 'original_pos'
2025-04-02 19:33:13,700 - ERROR - Error inserting definition for 'ábakahán', sense 1: [2] tindáhan ng abaká.... Error: insert_definition() got an unexpected keyword argument 'original_pos'
2025-04-02 19:33:13,701 - INFO - Word 'Abáknon' (tl) created (ID: 60) from source 'diksiyonaryo.ph'.
2025-04-02 19:33:13,703 - ERROR - Error inserting definition for 'Abáknon', sense 0: pangkating etniko na matatagpu... Error: insert_definition() got an unexpected keyword argument 'original_pos'
2025-04-02 19:33:13,704 - INFO - Word 'ábakó' (tl) created (ID: 61) from source 'diksiyonaryo.ph'.
2025-04-02 19:33:13,705 - ERROR - Error inserting definition for 'ábakó', sense 0: ábakús... Error: insert_definition() got an unexpected keyword argument 'original_pos'
2025-04-02 19:33:13,707 - INFO - Word 'ábakús' (tl) created (ID: 62) from source 'diksiyonaryo.ph'.
2025-04-02 19:33:13,708 - ERROR - Error inserting definition for 'ábakús', sense 0: [1] kasangkapang ginagamit sa ... Error: insert_definition() got an unexpected keyword argument 'original_pos'
2025-04-02 19:33:13,709 - ERROR - Error inserting definition for 'ábakús', sense 1: [2] isang tipak ng bato na nag... Error: insert_definition() got an unexpected keyword argument 'original_pos'
2025-04-02 19:33:13,710 - INFO - Word 'ábal' (tl) created (ID: 63) from source 'diksiyonaryo.ph'.
2025-04-02 19:33:13,712 - ERROR - Error inserting definition for 'ábal', sense 0: téla.... Error: insert_definition() got an unexpected keyword argument 'original_pos'
2025-04-02 19:33:13,713 - ERROR - Error inserting definition for 'ábal', sense 1: úna... Error: insert_definition() got an unexpected keyword argument 'original_pos'
2025-04-02 19:33:13,714 - INFO - Word 'abalá' (tl) created (ID: 64) from source 'diksiyonaryo.ph'.
2025-04-02 19:33:13,715 - ERROR - Error inserting definition for 'abalá', sense 0: [1] kasalukuyang may ginágawâ... Error: insert_definition() got an unexpected keyword argument 'original_pos'
2025-04-02 19:33:13,716 - ERROR - Error inserting definition for 'abalá', sense 1: [2] buhós na buhós ang pag-iis... Error: insert_definition() got an unexpected keyword argument 'original_pos'
2025-04-02 19:33:13,718 - ERROR - Error inserting definition for 'abála', sense 0: pansamantalang paghinto... Error: insert_definition() got an unexpected keyword argument 'original_pos'
2025-04-02 19:33:13,719 - INFO - Word 'abalábal' (tl) created (ID: 65) from source 'diksiyonaryo.ph'.
2025-04-02 19:33:13,720 - ERROR - Error inserting definition for 'abalábal', sense 0: maliliit na piraso ng dalá-dal... Error: insert_definition() got an unexpected keyword argument 'original_pos'
2025-04-02 19:33:13,722 - INFO - Word 'ábal-ábal' (tl) created (ID: 66) from source 'diksiyonaryo.ph'.
2025-04-02 19:33:13,723 - ERROR - Error inserting definition for 'ábal-ábal', sense 0: abála.... Error: insert_definition() got an unexpected keyword argument 'original_pos'
2025-04-02 19:33:13,724 - INFO - Word 'abálayán' (tl) created (ID: 67) from source 'diksiyonaryo.ph'.
2025-04-02 19:33:13,725 - ERROR - Error inserting definition for 'abálayán', sense 0: baláe... Error: insert_definition() got an unexpected keyword argument 'original_pos'
2025-04-02 19:33:13,727 - INFO - Word 'abálo' (tl) created (ID: 68) from source 'diksiyonaryo.ph'.
2025-04-02 19:33:13,728 - ERROR - Error inserting definition for 'abálo', sense 0: patong na singil sa tunay na h... Error: insert_definition() got an unexpected keyword argument 'original_pos'
2025-04-02 19:33:13,730 - INFO - Word 'abáloán' (tl) created (ID: 69) from source 'diksiyonaryo.ph'.
2025-04-02 19:33:13,731 - ERROR - Error inserting definition for 'abáloán', sense 0: palagáy... Error: insert_definition() got an unexpected keyword argument 'original_pos'
2025-04-02 19:33:13,732 - INFO - Word 'abalone' (tl) created (ID: 70) from source 'diksiyonaryo.ph'.
2025-04-02 19:33:13,734 - ERROR - Error inserting definition for 'abalone', sense 0: susô (genus Haliotis ) na mala... Error: insert_definition() got an unexpected keyword argument 'original_pos'
2025-04-02 19:33:13,736 - INFO - Word 'abalone mushroom' (tl) created (ID: 71) from source 'diksiyonaryo.ph'.
2025-04-02 19:33:13,737 - ERROR - Error inserting definition for 'abalone mushroom', sense 0: uri ng kabute (Pleuratus ostre... Error: insert_definition() got an unexpected keyword argument 'original_pos'
2025-04-02 19:33:13,739 - INFO - Word 'abalóryo' (tl) created (ID: 72) from source 'diksiyonaryo.ph'.
2025-04-02 19:33:13,740 - ERROR - Error inserting definition for 'abalóryo', sense 0: [1] maliit at bilóg na kristal... Error: insert_definition() got an unexpected keyword argument 'original_pos'
2025-04-02 19:33:13,741 - ERROR - Error inserting definition for 'abalóryo', sense 1: [2] malkóha.... Error: insert_definition() got an unexpected keyword argument 'original_pos'
2025-04-02 19:33:13,742 - INFO - Word 'Abá mo nganí!' (tl) created (ID: 73) from source 'diksiyonaryo.ph'.
2025-04-02 19:33:13,744 - ERROR - Error inserting definition for 'Abá mo nganí!', sense 0: Ay, kawawa ka naman!... Error: insert_definition() got an unexpected keyword argument 'original_pos'
2025-04-02 19:33:13,745 - INFO - Word 'ábamp' (tl) created (ID: 74) from source 'diksiyonaryo.ph'.
2025-04-02 19:33:13,747 - ERROR - Error inserting definition for 'ábamp', sense 0: abampere.... Error: insert_definition() got an unexpected keyword argument 'original_pos'
2025-04-02 19:33:13,748 - INFO - Word 'abampere' (tl) created (ID: 75) from source 'diksiyonaryo.ph'.
2025-04-02 19:33:13,749 - ERROR - Error inserting definition for 'abampere', sense 0: sentimetro-gramo-segundong yun... Error: insert_definition() got an unexpected keyword argument 'original_pos'
2025-04-02 19:33:13,751 - INFO - Word 'ában' (tl) created (ID: 76) from source 'diksiyonaryo.ph'.
2025-04-02 19:33:13,753 - INFO - Word 'a·bá·nin' (tl) created (ID: 77) from source 'diksiyonaryo.ph'.
2025-04-02 19:33:13,754 - INFO - Word 'mag-á·ban' (tl) created (ID: 78) from source 'diksiyonaryo.ph'.
2025-04-02 19:33:13,756 - INFO - Word 'u·má·ban' (tl) created (ID: 79) from source 'diksiyonaryo.ph'.
2025-04-02 19:33:13,757 - ERROR - Error inserting definition for 'ában', sense 0: kumot na ginagamit sa pagdadal... Error: insert_definition() got an unexpected keyword argument 'original_pos'
2025-04-02 19:33:13,758 - ERROR - Error inserting definition for 'ában', sense 1: huminto sa paghábi pagsapit sa... Error: insert_definition() got an unexpected keyword argument 'original_pos'
2025-04-02 19:33:13,759 - INFO - Word 'abanderádo' (tl) created (ID: 80) from source 'diksiyonaryo.ph'.
2025-04-02 19:33:13,761 - ERROR - Error inserting definition for 'abanderádo', sense 0: tagadalá ng bandera, a·ban·de·... Error: insert_definition() got an unexpected keyword argument 'original_pos'
2025-04-02 19:33:13,762 - INFO - Word 'abándon' (tl) created (ID: 81) from source 'diksiyonaryo.ph'.
2025-04-02 19:33:13,764 - ERROR - Error inserting definition for 'abándon', sense 0: abandoná.... Error: insert_definition() got an unexpected keyword argument 'original_pos'
2025-04-02 19:33:13,766 - INFO - Word 'abandoná' (tl) created (ID: 82) from source 'diksiyonaryo.ph'.
2025-04-02 19:33:13,768 - INFO - Word 'a·ban·do·na·hín' (tl) created (ID: 83) from source 'diksiyonaryo.ph'.
2025-04-02 19:33:13,769 - INFO - Word 'mag-a·ban·do·ná' (tl) created (ID: 84) from source 'diksiyonaryo.ph'.
2025-04-02 19:33:13,771 - ERROR - Error inserting definition for 'abandoná', sense 0: pabayàan ; íwan... Error: insert_definition() got an unexpected keyword argument 'original_pos'
2025-04-02 19:33:13,772 - INFO - Word 'abáng' (tl) created (ID: 85) from source 'diksiyonaryo.ph'.
2025-04-02 19:33:13,773 - ERROR - Error inserting definition for 'abáng', sense 0: [1] tao na naghihintay... Error: insert_definition() got an unexpected keyword argument 'original_pos'
2025-04-02 19:33:13,774 - ERROR - Error inserting definition for 'abáng', sense 1: [2] bagay na ginagamit panghin... Error: insert_definition() got an unexpected keyword argument 'original_pos'
2025-04-02 19:33:13,774 - ERROR - Error inserting definition for 'abáng', sense 2: [3] hárang... Error: insert_definition() got an unexpected keyword argument 'original_pos'
2025-04-02 19:33:13,777 - ERROR - Error inserting definition for 'ábang', sense 0: úpa... Error: insert_definition() got an unexpected keyword argument 'original_pos'
2025-04-02 19:33:13,779 - INFO - Word 'ábang-ábang' (tl) created (ID: 86) from source 'diksiyonaryo.ph'.
2025-04-02 19:33:13,780 - ERROR - Error inserting definition for 'ábang-ábang', sense 0: [1] singaw sa balát na tíla mg... Error: insert_definition() got an unexpected keyword argument 'original_pos'
2025-04-02 19:33:13,780 - ERROR - Error inserting definition for 'ábang-ábang', sense 1: [2] palumpong (Leea manillensi... Error: insert_definition() got an unexpected keyword argument 'original_pos'
2025-04-02 19:33:13,784 - INFO - Word 'ábángan' (tl) created (ID: 87) from source 'diksiyonaryo.ph'.
2025-04-02 19:33:13,785 - ERROR - Error inserting definition for 'ábángan', sense 0: hintáyan.... Error: insert_definition() got an unexpected keyword argument 'original_pos'
2025-04-02 19:33:13,787 - INFO - Word 'abanglës' (tl) created (ID: 88) from source 'diksiyonaryo.ph'.
2025-04-02 19:33:13,788 - ERROR - Error inserting definition for 'abanglës', sense 0: panís... Error: insert_definition() got an unexpected keyword argument 'original_pos'
2025-04-02 19:33:13,789 - INFO - Word 'abaníd' (tl) created (ID: 89) from source 'diksiyonaryo.ph'.
2025-04-02 19:33:13,791 - ERROR - Error inserting definition for 'abaníd', sense 0: sunód-sunód.... Error: insert_definition() got an unexpected keyword argument 'original_pos'
2025-04-02 19:33:13,793 - INFO - Word 'abaníko' (tl) created (ID: 90) from source 'diksiyonaryo.ph'.
2025-04-02 19:33:13,797 - ERROR - Error inserting definition for 'abaníko', sense 0: [1] natitiklop na pamaypay na ... Error: insert_definition() got an unexpected keyword argument 'original_pos'
2025-04-02 19:33:13,799 - ERROR - Error inserting definition for 'abaníko', sense 1: [2] uri ng kabibe o almeha (Am... Error: insert_definition() got an unexpected keyword argument 'original_pos'
2025-04-02 19:33:13,800 - ERROR - Error inserting definition for 'abaníko', sense 2: [3] yerba (Belamcanda chinensi... Error: insert_definition() got an unexpected keyword argument 'original_pos'
2025-04-02 19:33:13,802 - INFO - Word 'abáno' (tl) created (ID: 91) from source 'diksiyonaryo.ph'.
2025-04-02 19:33:13,805 - ERROR - Error inserting definition for 'abáno', sense 0: tabáko... Error: insert_definition() got an unexpected keyword argument 'original_pos'
2025-04-02 19:33:13,807 - INFO - Word 'abansádo' (tl) created (ID: 92) from source 'diksiyonaryo.ph'.
2025-04-02 19:33:13,810 - ERROR - Error inserting definition for 'abansádo', sense 0: [1] nauuna o nangunguna... Error: insert_definition() got an unexpected keyword argument 'original_pos'
2025-04-02 19:33:13,811 - ERROR - Error inserting definition for 'abansádo', sense 1: [2] bantóg.... Error: insert_definition() got an unexpected keyword argument 'original_pos'
2025-04-02 19:33:13,813 - INFO - Word 'abánse' (tl) created (ID: 93) from source 'diksiyonaryo.ph'.
2025-04-02 19:33:13,816 - ERROR - Error inserting definition for 'abánse', sense 0: [1] súlong... Error: insert_definition() got an unexpected keyword argument 'original_pos'
2025-04-02 19:33:13,817 - ERROR - Error inserting definition for 'abánse', sense 1: [2] asénso... Error: insert_definition() got an unexpected keyword argument 'original_pos'
2025-04-02 19:33:13,820 - INFO - Word 'abánte' (tl) created (ID: 94) from source 'diksiyonaryo.ph'.
2025-04-02 19:33:13,822 - ERROR - Error inserting definition for 'abánte', sense 0: [1] paglakad ng tao o hayop ; ... Error: insert_definition() got an unexpected keyword argument 'original_pos'
2025-04-02 19:33:13,823 - ERROR - Error inserting definition for 'abánte', sense 1: [2] súlong... Error: insert_definition() got an unexpected keyword argument 'original_pos'
2025-04-02 19:33:13,824 - ERROR - Error inserting definition for 'abánte', sense 2: [3] pagiging lamáng... Error: insert_definition() got an unexpected keyword argument 'original_pos'
2025-04-02 19:33:13,825 - ERROR - Error inserting definition for 'abánte', sense 3: [4] salákay... Error: insert_definition() got an unexpected keyword argument 'original_pos'
2025-04-02 19:33:13,828 - INFO - Word 'abantéro' (tl) created (ID: 95) from source 'diksiyonaryo.ph'.
2025-04-02 19:33:13,830 - ERROR - Error inserting definition for 'abantéro', sense 0: tawag sa minero sa Bundok Diwa... Error: insert_definition() got an unexpected keyword argument 'original_pos'
2025-04-02 19:33:13,833 - INFO - Word 'abánto' (tl) created (ID: 96) from source 'diksiyonaryo.ph'.
2025-04-02 19:33:13,836 - ERROR - Error inserting definition for 'abánto', sense 0: panaúhin.... Error: insert_definition() got an unexpected keyword argument 'original_pos'
2025-04-02 19:33:13,839 - INFO - Word 'abár' (tl) created (ID: 97) from source 'diksiyonaryo.ph'.
2025-04-02 19:33:13,842 - INFO - Word 'a·ba·rín' (tl) created (ID: 98) from source 'diksiyonaryo.ph'.
2025-04-02 19:33:13,845 - INFO - Word 'u·ma·bár' (tl) created (ID: 99) from source 'diksiyonaryo.ph'.
2025-04-02 19:33:13,848 - ERROR - Error inserting definition for 'abár', sense 0: tumugon o sumagot.... Error: insert_definition() got an unexpected keyword argument 'original_pos'
2025-04-02 19:33:13,853 - INFO - Word 'ma·á·bar' (tl) created (ID: 100) from source 'diksiyonaryo.ph'.
2025-04-02 19:33:13,858 - ERROR - Error inserting definition for 'ábar', sense 0: tapusin ang gawain.... Error: insert_definition() got an unexpected keyword argument 'original_pos'
2025-04-02 19:33:13,860 - INFO - Word 'abaráy' (tl) created (ID: 101) from source 'diksiyonaryo.ph'.
2025-04-02 19:33:13,863 - ERROR - Error inserting definition for 'abaráy', sense 0: sakbát ; salakbát.... Error: insert_definition() got an unexpected keyword argument 'original_pos'
2025-04-02 19:33:13,865 - INFO - Word 'abarísya' (tl) created (ID: 102) from source 'diksiyonaryo.ph'.
2025-04-02 19:33:13,867 - ERROR - Error inserting definition for 'abarísya', sense 0: yamò... Error: insert_definition() got an unexpected keyword argument 'original_pos'
2025-04-02 19:33:13,869 - INFO - Word 'abarisyósa' (tl) created (ID: 103) from source 'diksiyonaryo.ph'.
2025-04-02 19:33:13,870 - ERROR - Error inserting definition for 'abarisyósa', sense 0: sakim sa yaman, a·ba·ris·yó·so... Error: insert_definition() got an unexpected keyword argument 'original_pos'
2025-04-02 19:33:13,872 - INFO - Word 'abarká' (tl) created (ID: 104) from source 'diksiyonaryo.ph'.
2025-04-02 19:33:13,873 - ERROR - Error inserting definition for 'abarká', sense 0: pagsakop, pag-ari, o pag-angki... Error: insert_definition() got an unexpected keyword argument 'original_pos'
2025-04-02 19:33:13,875 - INFO - Word 'abáro' (tl) created (ID: 105) from source 'diksiyonaryo.ph'.
2025-04-02 19:33:13,877 - ERROR - Error inserting definition for 'abáro', sense 0: ímot, a·bá·ra kung babae.... Error: insert_definition() got an unexpected keyword argument 'original_pos'
2025-04-02 19:33:13,879 - INFO - Word 'abintestáto' (tl) created (ID: 106) from source 'diksiyonaryo.ph'.
2025-04-02 19:33:13,880 - ERROR - Error inserting definition for 'abintestáto', sense 0: [1] ari-arian na hindi pa naip... Error: insert_definition() got an unexpected keyword argument 'original_pos'
2025-04-02 19:33:13,881 - ERROR - Error inserting definition for 'abintestáto', sense 1: [2] tao na namatáy nang hindi ... Error: insert_definition() got an unexpected keyword argument 'original_pos'
2025-04-02 19:33:13,883 - INFO - Word 'ab íntra' (tl) created (ID: 107) from source 'diksiyonaryo.ph'.
2025-04-02 19:33:13,884 - ERROR - Error inserting definition for 'ab íntra', sense 0: mula sa loob.... Error: insert_definition() got an unexpected keyword argument 'original_pos'
2025-04-02 19:33:13,886 - INFO - Word 'abinulók' (tl) created (ID: 108) from source 'diksiyonaryo.ph'.
2025-04-02 19:33:13,887 - ERROR - Error inserting definition for 'abinulók', sense 0: bugók... Error: insert_definition() got an unexpected keyword argument 'original_pos'
2025-04-02 19:33:13,888 - INFO - Word 'abiogenesis' (tl) created (ID: 109) from source 'diksiyonaryo.ph'.
2025-04-02 19:33:13,889 - ERROR - Error inserting definition for 'abiogenesis', sense 0: produksiyon ng mga buháy na or... Error: insert_definition() got an unexpected keyword argument 'original_pos'
2025-04-02 19:33:13,891 - INFO - Word 'abiotrophy' (tl) created (ID: 110) from source 'diksiyonaryo.ph'.
2025-04-02 19:33:13,892 - ERROR - Error inserting definition for 'abiotrophy', sense 0: pagkawala ng lakas o paghina n... Error: insert_definition() got an unexpected keyword argument 'original_pos'
2025-04-02 19:33:13,894 - INFO - Word 'abirritant' (tl) created (ID: 111) from source 'diksiyonaryo.ph'.
2025-04-02 19:33:13,896 - ERROR - Error inserting definition for 'abirritant', sense 0: [1] tumutukoy sa anumang nagdu... Error: insert_definition() got an unexpected keyword argument 'original_pos'
2025-04-02 19:33:13,896 - ERROR - Error inserting definition for 'abirritant', sense 1: [2] nakababawas o nakaaalis ng... Error: insert_definition() got an unexpected keyword argument 'original_pos'
2025-04-02 19:33:13,898 - INFO - Word 'abisádo' (tl) created (ID: 112) from source 'diksiyonaryo.ph'.
2025-04-02 19:33:13,900 - ERROR - Error inserting definition for 'abisádo', sense 0: pinadalhan ng abiso.... Error: insert_definition() got an unexpected keyword argument 'original_pos'
2025-04-02 19:33:13,902 - INFO - Word 'Abisinia' (tl) created (ID: 113) from source 'diksiyonaryo.ph'.
2025-04-02 19:33:13,904 - ERROR - Error inserting definition for 'Abisinia', sense 0: ssinia... Error: insert_definition() got an unexpected keyword argument 'original_pos'
2025-04-02 19:33:13,906 - INFO - Word 'Abisinio' (tl) created (ID: 114) from source 'diksiyonaryo.ph'.
2025-04-02 19:33:13,908 - ERROR - Error inserting definition for 'Abisinio', sense 0: ssian... Error: insert_definition() got an unexpected keyword argument 'original_pos'
2025-04-02 19:33:13,910 - INFO - Word 'Abisínya' (tl) created (ID: 115) from source 'diksiyonaryo.ph'.
2025-04-02 19:33:13,912 - ERROR - Error inserting definition for 'Abisínya', sense 0: baybay sa Tagalog ng Abisinia.... Error: insert_definition() got an unexpected keyword argument 'original_pos'
2025-04-02 19:33:13,917 - INFO - Word 'Abisínyo' (tl) created (ID: 116) from source 'diksiyonaryo.ph'.
2025-04-02 19:33:13,919 - ERROR - Error inserting definition for 'Abisínyo', sense 0: baybay sa Tagalog ng Abisinio.... Error: insert_definition() got an unexpected keyword argument 'original_pos'
2025-04-02 19:33:13,921 - INFO - Word 'abismál' (tl) created (ID: 117) from source 'diksiyonaryo.ph'.
2025-04-02 19:33:13,923 - ERROR - Error inserting definition for 'abismál', sense 0: napakalalim ; hindi masukat an... Error: insert_definition() got an unexpected keyword argument 'original_pos'
2025-04-02 19:33:13,925 - INFO - Word 'abísmo' (tl) created (ID: 118) from source 'diksiyonaryo.ph'.
2025-04-02 19:33:13,927 - ERROR - Error inserting definition for 'abísmo', sense 0: [1] malalim o hindi masukat na... Error: insert_definition() got an unexpected keyword argument 'original_pos'
2025-04-02 19:33:13,928 - ERROR - Error inserting definition for 'abísmo', sense 1: [2] labis na kinatatakutang tr... Error: insert_definition() got an unexpected keyword argument 'original_pos'
2025-04-02 19:33:13,930 - INFO - Word 'abíso' (tl) created (ID: 119) from source 'diksiyonaryo.ph'.
2025-04-02 19:33:13,931 - ERROR - Error inserting definition for 'abíso', sense 0: [1] paunawà... Error: insert_definition() got an unexpected keyword argument 'original_pos'
2025-04-02 19:33:13,932 - ERROR - Error inserting definition for 'abíso', sense 1: [2] paanyaya o imbitasyon ng m... Error: insert_definition() got an unexpected keyword argument 'original_pos'
2025-04-02 19:33:13,934 - INFO - Word 'abít' (tl) created (ID: 120) from source 'diksiyonaryo.ph'.
2025-04-02 19:33:13,935 - ERROR - Error inserting definition for 'abít', sense 0: dalá.... Error: insert_definition() got an unexpected keyword argument 'original_pos'
2025-04-02 19:33:13,939 - ERROR - Error inserting definition for 'ábit', sense 0: [1] pagsunod sa hindi maabutan... Error: insert_definition() got an unexpected keyword argument 'original_pos'
2025-04-02 19:33:13,940 - ERROR - Error inserting definition for 'ábit', sense 1: [2] híla... Error: insert_definition() got an unexpected keyword argument 'original_pos'
2025-04-02 19:33:13,942 - INFO - Word 'ábitó' (tl) created (ID: 121) from source 'diksiyonaryo.ph'.
2025-04-02 19:33:13,943 - ERROR - Error inserting definition for 'ábitó', sense 0: kasuotan ng mga eklesyastiko t... Error: insert_definition() got an unexpected keyword argument 'original_pos'
2025-04-02 19:33:13,945 - INFO - Word 'abitsuwélas' (tl) created (ID: 122) from source 'diksiyonaryo.ph'.
2025-04-02 19:33:13,948 - ERROR - Error inserting definition for 'abitsuwélas', sense 0: uri ng haláman (Phaseolus vulg... Error: insert_definition() got an unexpected keyword argument 'original_pos'
2025-04-02 19:33:13,950 - INFO - Word 'abítug' (tl) created (ID: 123) from source 'diksiyonaryo.ph'.
2025-04-02 19:33:13,952 - ERROR - Error inserting definition for 'abítug', sense 0: mahirap na tao sa pamayanan.... Error: insert_definition() got an unexpected keyword argument 'original_pos'
2025-04-02 19:33:13,954 - INFO - Word 'abíyo' (tl) created (ID: 124) from source 'diksiyonaryo.ph'.
2025-04-02 19:33:13,956 - ERROR - Error inserting definition for 'abíyo', sense 0: báon.... Error: insert_definition() got an unexpected keyword argument 'original_pos'
2025-04-02 19:33:13,959 - INFO - Word 'abkël' (tl) created (ID: 125) from source 'diksiyonaryo.ph'.
2025-04-02 19:33:13,961 - ERROR - Error inserting definition for 'abkël', sense 0: hánga.... Error: insert_definition() got an unexpected keyword argument 'original_pos'
2025-04-02 19:33:13,963 - INFO - Word 'ábla' (tl) created (ID: 126) from source 'diksiyonaryo.ph'.
2025-04-02 19:33:13,965 - ERROR - Error inserting definition for 'ábla', sense 0: waláng-saysay na pagsasalitâ ;... Error: insert_definition() got an unexpected keyword argument 'original_pos'
2025-04-02 19:33:13,968 - INFO - Word 'ablád' (tl) created (ID: 127) from source 'diksiyonaryo.ph'.
2025-04-02 19:33:13,970 - ERROR - Error inserting definition for 'ablád', sense 0: sindák.... Error: insert_definition() got an unexpected keyword argument 'original_pos'
2025-04-02 19:33:13,973 - INFO - Word 'abláda' (tl) created (ID: 128) from source 'diksiyonaryo.ph'.
2025-04-02 19:33:13,975 - ERROR - Error inserting definition for 'abláda', sense 0: mahabàng salita na walang katu... Error: insert_definition() got an unexpected keyword argument 'original_pos'
2025-04-02 19:33:13,977 - INFO - Word 'abládo' (tl) created (ID: 129) from source 'diksiyonaryo.ph'.
2025-04-02 19:33:13,981 - ERROR - Error inserting definition for 'abládo', sense 0: pasalitâ... Error: insert_definition() got an unexpected keyword argument 'original_pos'
2025-04-02 19:33:13,983 - INFO - Word 'áblang' (tl) created (ID: 130) from source 'diksiyonaryo.ph'.
2025-04-02 19:33:13,988 - ERROR - Error inserting definition for 'áblang', sense 0: puwang sa pagitan ng dalawang ... Error: insert_definition() got an unexpected keyword argument 'original_pos'
2025-04-02 19:33:13,990 - INFO - Word 'áblas' (tl) created (ID: 131) from source 'diksiyonaryo.ph'.
2025-04-02 19:33:13,992 - ERROR - Error inserting definition for 'áblas', sense 0: gantí... Error: insert_definition() got an unexpected keyword argument 'original_pos'
2025-04-02 19:33:13,995 - INFO - Word 'ablatíbo' (tl) created (ID: 132) from source 'diksiyonaryo.ph'.
2025-04-02 19:33:13,997 - ERROR - Error inserting definition for 'ablatíbo', sense 0: layon ng pang-ukol.... Error: insert_definition() got an unexpected keyword argument 'original_pos'
2025-04-02 19:33:14,000 - INFO - Word 'áblaw' (tl) created (ID: 133) from source 'diksiyonaryo.ph'.
2025-04-02 19:33:14,003 - INFO - Word 'mag-áb·law' (tl) created (ID: 134) from source 'diksiyonaryo.ph'.
2025-04-02 19:33:14,006 - INFO - Word 'u·máb·law' (tl) created (ID: 135) from source 'diksiyonaryo.ph'.
2025-04-02 19:33:14,008 - ERROR - Error inserting definition for 'áblaw', sense 0: maging alisto sa mga nangyayar... Error: insert_definition() got an unexpected keyword argument 'original_pos'
2025-04-02 19:33:14,010 - INFO - Word 'abláy' (tl) created (ID: 136) from source 'diksiyonaryo.ph'.
2025-04-02 19:33:14,012 - ERROR - Error inserting definition for 'abláy', sense 0: sa sinaunang lipunang Bisaya, ... Error: insert_definition() got an unexpected keyword argument 'original_pos'
2025-04-02 19:33:14,015 - ERROR - Error inserting definition for 'áblay', sense 0: alampáy.... Error: insert_definition() got an unexpected keyword argument 'original_pos'
2025-04-02 19:33:14,018 - INFO - Word 'able' (tl) created (ID: 137) from source 'diksiyonaryo.ph'.
2025-04-02 19:33:14,021 - ERROR - Error inserting definition for 'able', sense 0: may káya o may kakayahan.... Error: insert_definition() got an unexpected keyword argument 'original_pos'
2025-04-02 19:33:14,023 - INFO - Word 'able-bodied seaman' (tl) created (ID: 138) from source 'diksiyonaryo.ph'.
2025-04-02 19:33:14,026 - ERROR - Error inserting definition for 'able-bodied seaman', sense 0: makaranasang seaman at kalipik... Error: insert_definition() got an unexpected keyword argument 'original_pos'
2025-04-02 19:33:14,028 - INFO - Word 'ablepsia' (tl) created (ID: 139) from source 'diksiyonaryo.ph'.
2025-04-02 19:33:14,031 - ERROR - Error inserting definition for 'ablepsia', sense 0: pagiging bulág.... Error: insert_definition() got an unexpected keyword argument 'original_pos'
2025-04-02 19:33:14,033 - INFO - Word 'ablí' (tl) created (ID: 140) from source 'diksiyonaryo.ph'.
2025-04-02 19:33:14,035 - ERROR - Error inserting definition for 'ablí', sense 0: bukás... Error: insert_definition() got an unexpected keyword argument 'original_pos'
2025-04-02 19:33:14,040 - ERROR - Error inserting definition for 'ábli', sense 0: bénta.... Error: insert_definition() got an unexpected keyword argument 'original_pos'
2025-04-02 19:33:14,042 - INFO - Word 'Ablíg Saligsíg' (tl) created (ID: 141) from source 'diksiyonaryo.ph'.
2025-04-02 19:33:14,045 - ERROR - Error inserting definition for 'Ablíg Saligsíg', sense 0: isa sa mga pangkating etniko n... Error: insert_definition() got an unexpected keyword argument 'original_pos'
2025-04-02 19:33:14,047 - INFO - Word 'áblon' (tl) created (ID: 142) from source 'diksiyonaryo.ph'.
2025-04-02 19:33:14,049 - ERROR - Error inserting definition for 'áblon', sense 0: áwit... Error: insert_definition() got an unexpected keyword argument 'original_pos'
2025-04-02 19:33:14,052 - INFO - Word 'áblong' (tl) created (ID: 143) from source 'diksiyonaryo.ph'.
2025-04-02 19:33:14,054 - ERROR - Error inserting definition for 'áblong', sense 0: pambambó.... Error: insert_definition() got an unexpected keyword argument 'original_pos'
2025-04-02 19:33:14,056 - INFO - Word 'ablusyón' (tl) created (ID: 144) from source 'diksiyonaryo.ph'.
2025-04-02 19:33:14,058 - ERROR - Error inserting definition for 'ablusyón', sense 0: [1] paglilinis sa pamamagitan ... Error: insert_definition() got an unexpected keyword argument 'original_pos'
2025-04-02 19:33:14,059 - ERROR - Error inserting definition for 'ablusyón', sense 1: [2] ang likidong ginagamit.... Error: insert_definition() got an unexpected keyword argument 'original_pos'
2025-04-02 19:33:14,061 - INFO - Word 'abnegasyón' (tl) created (ID: 145) from source 'diksiyonaryo.ph'.
2025-04-02 19:33:14,063 - ERROR - Error inserting definition for 'abnegasyón', sense 0: pagkakait o pagmamaramot sa sa... Error: insert_definition() got an unexpected keyword argument 'original_pos'
2025-04-02 19:33:14,065 - INFO - Word 'abnórmal' (tl) created (ID: 146) from source 'diksiyonaryo.ph'.
2025-04-02 19:33:14,068 - ERROR - Error inserting definition for 'abnórmal', sense 0: hindi normal ; lihis sa karani... Error: insert_definition() got an unexpected keyword argument 'original_pos'
2025-04-02 19:33:14,070 - INFO - Word 'abnormalidád' (tl) created (ID: 147) from source 'diksiyonaryo.ph'.
2025-04-02 19:33:14,073 - ERROR - Error inserting definition for 'abnormalidád', sense 0: kalagayang hindi regular o hin... Error: insert_definition() got an unexpected keyword argument 'original_pos'
2025-04-02 19:33:14,075 - INFO - Word 'abnúg' (tl) created (ID: 148) from source 'diksiyonaryo.ph'.
2025-04-02 19:33:14,077 - ERROR - Error inserting definition for 'abnúg', sense 0: kawíli... Error: insert_definition() got an unexpected keyword argument 'original_pos'
2025-04-02 19:33:14,080 - INFO - Word 'ábnut' (tl) created (ID: 149) from source 'diksiyonaryo.ph'.
2025-04-02 19:33:14,082 - ERROR - Error inserting definition for 'ábnut', sense 0: himaymay mula sa bangi.... Error: insert_definition() got an unexpected keyword argument 'original_pos'
2025-04-02 19:33:14,084 - INFO - Word 'abó' (tl) created (ID: 150) from source 'diksiyonaryo.ph'.
2025-04-02 19:33:14,086 - ERROR - Error inserting definition for 'abó', sense 0: [1] pulbos na labí ng sinunog ... Error: insert_definition() got an unexpected keyword argument 'original_pos'
2025-04-02 19:33:14,087 - ERROR - Error inserting definition for 'abó', sense 1: [2] labí sa katawan ng tao mat... Error: insert_definition() got an unexpected keyword argument 'original_pos'
2025-04-02 19:33:14,087 - ERROR - Error inserting definition for 'abó', sense 2: [3] tíla abong materyales na i... Error: insert_definition() got an unexpected keyword argument 'original_pos'
2025-04-02 19:33:14,088 - ERROR - Error inserting definition for 'abó', sense 3: [4] tiráng pagkain... Error: insert_definition() got an unexpected keyword argument 'original_pos'
2025-04-02 19:33:14,089 - ERROR - Error inserting definition for 'abó', sense 4: [5] alakáak... Error: insert_definition() got an unexpected keyword argument 'original_pos'
2025-04-02 19:33:14,090 - ERROR - Error inserting definition for 'abó', sense 5: gray.... Error: insert_definition() got an unexpected keyword argument 'original_pos'
2025-04-02 19:33:14,092 - INFO - Word 'áboábo' (tl) created (ID: 151) from source 'diksiyonaryo.ph'.
2025-04-02 19:33:14,096 - ERROR - Error inserting definition for 'áboábo', sense 0: malaking isda (Epinephelus und... Error: insert_definition() got an unexpected keyword argument 'original_pos'
2025-04-02 19:33:14,098 - INFO - Word 'abóbor' (tl) created (ID: 152) from source 'diksiyonaryo.ph'.
2025-04-02 19:33:14,099 - ERROR - Error inserting definition for 'abóbor', sense 0: [1] likod ng maliit na patalim... Error: insert_definition() got an unexpected keyword argument 'original_pos'
2025-04-02 19:33:14,100 - ERROR - Error inserting definition for 'abóbor', sense 1: [2] ubod ng punò ng kahoy.... Error: insert_definition() got an unexpected keyword argument 'original_pos'
2025-04-02 19:33:14,102 - INFO - Word 'abóg' (tl) created (ID: 153) from source 'diksiyonaryo.ph'.
2025-04-02 19:33:14,104 - ERROR - Error inserting definition for 'abóg', sense 0: [1] paunawà... Error: insert_definition() got an unexpected keyword argument 'original_pos'
2025-04-02 19:33:14,105 - ERROR - Error inserting definition for 'abóg', sense 1: [2] tunog na mahinà, gaya ng k... Error: insert_definition() got an unexpected keyword argument 'original_pos'
2025-04-02 19:33:14,106 - ERROR - Error inserting definition for 'abóg', sense 2: malimit na nása anyong negatib... Error: insert_definition() got an unexpected keyword argument 'original_pos'
2025-04-02 19:33:14,109 - ERROR - Error inserting definition for 'ábog', sense 0: tabóy... Error: insert_definition() got an unexpected keyword argument 'original_pos'
2025-04-02 19:33:14,111 - INFO - Word 'abogadílyo' (tl) created (ID: 154) from source 'diksiyonaryo.ph'.
2025-04-02 19:33:14,113 - ERROR - Error inserting definition for 'abogadílyo', sense 0: hindi kalipikadong tagapayo uk... Error: insert_definition() got an unexpected keyword argument 'original_pos'
2025-04-02 19:33:14,115 - INFO - Word 'abogádo' (tl) created (ID: 155) from source 'diksiyonaryo.ph'.
2025-04-02 19:33:14,117 - ERROR - Error inserting definition for 'abogádo', sense 0: tao na lisensiyadong magpayo t... Error: insert_definition() got an unexpected keyword argument 'original_pos'
2025-04-02 19:33:14,120 - INFO - Word 'abogasyá' (tl) created (ID: 156) from source 'diksiyonaryo.ph'.
2025-04-02 19:33:14,122 - ERROR - Error inserting definition for 'abogasyá', sense 0: propesyon ng batas... Error: insert_definition() got an unexpected keyword argument 'original_pos'
2025-04-02 19:33:14,124 - INFO - Word 'abógong' (tl) created (ID: 157) from source 'diksiyonaryo.ph'.
2025-04-02 19:33:14,126 - ERROR - Error inserting definition for 'abógong', sense 0: mapait na tugî.... Error: insert_definition() got an unexpected keyword argument 'original_pos'
2025-04-02 19:33:14,128 - INFO - Word 'abók' (tl) created (ID: 158) from source 'diksiyonaryo.ph'.
2025-04-02 19:33:14,130 - ERROR - Error inserting definition for 'abók', sense 0: [1] abó... Error: insert_definition() got an unexpected keyword argument 'original_pos'
2025-04-02 19:33:14,131 - ERROR - Error inserting definition for 'abók', sense 1: [2] alikabók.... Error: insert_definition() got an unexpected keyword argument 'original_pos'
2025-04-02 19:33:14,133 - INFO - Word 'abokádo' (tl) created (ID: 159) from source 'diksiyonaryo.ph'.
2025-04-02 19:33:14,134 - ERROR - Error inserting definition for 'abokádo', sense 0: malaki-laking punongkahoy (Per... Error: insert_definition() got an unexpected keyword argument 'original_pos'
2025-04-02 19:33:14,136 - INFO - Word 'aból' (tl) created (ID: 160) from source 'diksiyonaryo.ph'.
2025-04-02 19:33:14,139 - ERROR - Error inserting definition for 'aból', sense 0: tabóy... Error: insert_definition() got an unexpected keyword argument 'original_pos'
2025-04-02 19:33:14,141 - INFO - Word 'abolish' (tl) created (ID: 161) from source 'diksiyonaryo.ph'.
2025-04-02 19:33:14,143 - ERROR - Error inserting definition for 'abolish', sense 0: [1] alisin... Error: insert_definition() got an unexpected keyword argument 'original_pos'
2025-04-02 19:33:14,144 - ERROR - Error inserting definition for 'abolish', sense 1: [2] ipawalang-bisa... Error: insert_definition() got an unexpected keyword argument 'original_pos'
2025-04-02 19:33:14,145 - ERROR - Error inserting definition for 'abolish', sense 2: [3] puksain.... Error: insert_definition() got an unexpected keyword argument 'original_pos'
2025-04-02 19:33:14,149 - INFO - Word 'abolisyón' (tl) created (ID: 162) from source 'diksiyonaryo.ph'.
2025-04-02 19:33:14,150 - ERROR - Error inserting definition for 'abolisyón', sense 0: [1] buwag o pagbubuwág... Error: insert_definition() got an unexpected keyword argument 'original_pos'
2025-04-02 19:33:14,151 - ERROR - Error inserting definition for 'abolisyón', sense 1: [2] puksa o pagpuksa... Error: insert_definition() got an unexpected keyword argument 'original_pos'
2025-04-02 19:33:14,154 - INFO - Word 'abolisyonísta' (tl) created (ID: 163) from source 'diksiyonaryo.ph'.
2025-04-02 19:33:14,156 - ERROR - Error inserting definition for 'abolisyonísta', sense 0: tao na nagpapabuwag o nagpapaw... Error: insert_definition() got an unexpected keyword argument 'original_pos'
2025-04-02 19:33:14,158 - INFO - Word 'abolition' (tl) created (ID: 164) from source 'diksiyonaryo.ph'.
2025-04-02 19:33:14,160 - ERROR - Error inserting definition for 'abolition', sense 0: abolisyón.... Error: insert_definition() got an unexpected keyword argument 'original_pos'
2025-04-02 19:33:14,163 - INFO - Word 'abomásum' (tl) created (ID: 165) from source 'diksiyonaryo.ph'.
2025-04-02 19:33:14,165 - ERROR - Error inserting definition for 'abomásum', sense 0: ikaapat na tiyan ng ruminant.... Error: insert_definition() got an unexpected keyword argument 'original_pos'
2025-04-02 19:33:14,167 - INFO - Word 'A bomb' (tl) created (ID: 166) from source 'diksiyonaryo.ph'.
2025-04-02 19:33:14,170 - ERROR - Error inserting definition for 'A bomb', sense 0: bomba atomika.... Error: insert_definition() got an unexpected keyword argument 'original_pos'
2025-04-02 19:33:14,172 - INFO - Word 'Abominable Snowman' (tl) created (ID: 167) from source 'diksiyonaryo.ph'.
2025-04-02 19:33:14,175 - ERROR - Error inserting definition for 'Abominable Snowman', sense 0: Yéti.... Error: insert_definition() got an unexpected keyword argument 'original_pos'
2025-04-02 19:33:14,177 - INFO - Word 'abonádo' (tl) created (ID: 168) from source 'diksiyonaryo.ph'.
2025-04-02 19:33:14,179 - ERROR - Error inserting definition for 'abonádo', sense 0: nagbayad para sa iba ; nagpalu... Error: insert_definition() got an unexpected keyword argument 'original_pos'
2025-04-02 19:33:14,181 - INFO - Word 'ábong' (tl) created (ID: 169) from source 'diksiyonaryo.ph'.
2025-04-02 19:33:14,183 - ERROR - Error inserting definition for 'ábong', sense 0: [1] kumakalat na usok o alikab... Error: insert_definition() got an unexpected keyword argument 'original_pos'
2025-04-02 19:33:14,183 - ERROR - Error inserting definition for 'ábong', sense 1: [2] kubo ng mahirap... Error: insert_definition() got an unexpected keyword argument 'original_pos'
2025-04-02 19:33:14,184 - ERROR - Error inserting definition for 'ábong', sense 2: [3] hárang... Error: insert_definition() got an unexpected keyword argument 'original_pos'
2025-04-02 19:33:14,186 - ERROR - Error inserting definition for 'ábong', sense 3: [4] maliit na kubo na gawâ sa ... Error: insert_definition() got an unexpected keyword argument 'original_pos'
2025-04-02 19:33:14,187 - ERROR - Error inserting definition for 'ábong', sense 4: [5] direksiyon ng hihip ng han... Error: insert_definition() got an unexpected keyword argument 'original_pos'
2025-04-02 19:33:14,188 - ERROR - Error inserting definition for 'ábong', sense 5: [6] pagsunod ng usok sa hangin... Error: insert_definition() got an unexpected keyword argument 'original_pos'
2025-04-02 19:33:14,188 - ERROR - Error inserting definition for 'ábong', sense 6: [7] pagpapausok sa isang bagay... Error: insert_definition() got an unexpected keyword argument 'original_pos'
2025-04-02 19:33:14,190 - INFO - Word 'ábor' (tl) created (ID: 170) from source 'diksiyonaryo.ph'.
2025-04-02 19:33:14,192 - ERROR - Error inserting definition for 'ábor', sense 0: nabubulok na bahagi ng punongk... Error: insert_definition() got an unexpected keyword argument 'original_pos'
2025-04-02 19:33:14,193 - INFO - Word 'abór-abór' (tl) created (ID: 171) from source 'diksiyonaryo.ph'.
2025-04-02 19:33:14,195 - ERROR - Error inserting definition for 'abór-abór', sense 0: pagkabulok ng isda.... Error: insert_definition() got an unexpected keyword argument 'original_pos'
2025-04-02 19:33:14,196 - INFO - Word 'aborigine' (tl) created (ID: 172) from source 'diksiyonaryo.ph'.
2025-04-02 19:33:14,198 - ERROR - Error inserting definition for 'aborigine', sense 0: [1] pinagmulang lahi ng tao... Error: insert_definition() got an unexpected keyword argument 'original_pos'
2025-04-02 19:33:14,199 - ERROR - Error inserting definition for 'aborigine', sense 1: [2] orihinal na hayop at halám... Error: insert_definition() got an unexpected keyword argument 'original_pos'
2025-04-02 19:33:14,203 - INFO - Word 'ab origine' (tl) created (ID: 173) from source 'diksiyonaryo.ph'.
2025-04-02 19:33:14,205 - ERROR - Error inserting definition for 'ab origine', sense 0: mula sa pinagmulan.... Error: insert_definition() got an unexpected keyword argument 'original_pos'
2025-04-02 19:33:14,208 - INFO - Word 'abórsiyón' (tl) created (ID: 174) from source 'diksiyonaryo.ph'.
2025-04-02 19:33:14,210 - ERROR - Error inserting definition for 'abórsiyón', sense 0: kusang pagpapalaglag sa hindi ... Error: insert_definition() got an unexpected keyword argument 'original_pos'
2025-04-02 19:33:14,212 - INFO - Word 'abortifacient' (tl) created (ID: 175) from source 'diksiyonaryo.ph'.
2025-04-02 19:33:14,215 - ERROR - Error inserting definition for 'abortifacient', sense 0: [1] pagpapalaglag sa hindi pa ... Error: insert_definition() got an unexpected keyword argument 'original_pos'
2025-04-02 19:33:14,216 - ERROR - Error inserting definition for 'abortifacient', sense 1: [2] gamot na ginagamit sa pagl... Error: insert_definition() got an unexpected keyword argument 'original_pos'
2025-04-02 19:33:14,217 - INFO - Word 'abortionist' (tl) created (ID: 176) from source 'diksiyonaryo.ph'.
2025-04-02 19:33:14,219 - ERROR - Error inserting definition for 'abortionist', sense 0: tao na nagsasagawâ ng aborsiyo... Error: insert_definition() got an unexpected keyword argument 'original_pos'
2025-04-02 19:33:14,220 - INFO - Word 'abórtísta' (tl) created (ID: 177) from source 'diksiyonaryo.ph'.
2025-04-02 19:33:14,221 - ERROR - Error inserting definition for 'abórtísta', sense 0: abortionist.... Error: insert_definition() got an unexpected keyword argument 'original_pos'
2025-04-02 19:33:14,222 - INFO - Word 'abórto' (tl) created (ID: 178) from source 'diksiyonaryo.ph'.
2025-04-02 19:33:14,223 - ERROR - Error inserting definition for 'abórto', sense 0: abórsiyón.... Error: insert_definition() got an unexpected keyword argument 'original_pos'
2025-04-02 19:33:14,225 - INFO - Word 'abót' (tl) created (ID: 179) from source 'diksiyonaryo.ph'.
2025-04-02 19:33:14,226 - ERROR - Error inserting definition for 'abót', sense 0: datíng... Error: insert_definition() got an unexpected keyword argument 'original_pos'
2025-04-02 19:33:14,227 - ERROR - Error inserting definition for 'abót', sense 1: [1] maaaring makuha, mahawakan... Error: insert_definition() got an unexpected keyword argument 'original_pos'
2025-04-02 19:33:14,227 - ERROR - Error inserting definition for 'abót', sense 2: [2] ibigay ang isang bagay sa ... Error: insert_definition() got an unexpected keyword argument 'original_pos'
2025-04-02 19:33:14,230 - INFO - Word 'a·bú·tan' (tl) created (ID: 180) from source 'diksiyonaryo.ph'.
2025-04-02 19:33:14,232 - INFO - Word 'mag·pang-á·bot' (tl) created (ID: 181) from source 'diksiyonaryo.ph'.
2025-04-02 19:33:14,234 - INFO - Word 'ma·ka·á·bot' (tl) created (ID: 182) from source 'diksiyonaryo.ph'.
2025-04-02 19:33:14,235 - INFO - Word 'u·má·bot' (tl) created (ID: 183) from source 'diksiyonaryo.ph'.
2025-04-02 19:33:14,237 - ERROR - Error inserting definition for 'ábot', sense 0: kabilugan ng buwan na inaabuta... Error: insert_definition() got an unexpected keyword argument 'original_pos'
2025-04-02 19:33:14,237 - ERROR - Error inserting definition for 'ábot', sense 1: [1] makasabay ; masabayan... Error: insert_definition() got an unexpected keyword argument 'original_pos'
2025-04-02 19:33:14,238 - ERROR - Error inserting definition for 'ábot', sense 2: [2] makasunod ; makahabol... Error: insert_definition() got an unexpected keyword argument 'original_pos'
2025-04-02 19:33:14,240 - INFO - Word 'abót-abót' (tl) created (ID: 184) from source 'diksiyonaryo.ph'.
2025-04-02 19:33:14,241 - ERROR - Error inserting definition for 'abót-abót', sense 0: pabálik-bálik.... Error: insert_definition() got an unexpected keyword argument 'original_pos'
2025-04-02 19:33:14,244 - INFO - Word 'abót-agáwin' (tl) created (ID: 185) from source 'diksiyonaryo.ph'.
2025-04-02 19:33:14,245 - ERROR - Error inserting definition for 'abót-agáwin', sense 0: pinakagitnang bahagi ng likod ... Error: insert_definition() got an unexpected keyword argument 'original_pos'
2025-04-02 19:33:14,247 - INFO - Word 'ábot-balíta' (tl) created (ID: 186) from source 'diksiyonaryo.ph'.
2025-04-02 19:33:14,249 - ERROR - Error inserting definition for 'ábot-balíta', sense 0: nararating ng balita.... Error: insert_definition() got an unexpected keyword argument 'original_pos'
2025-04-02 19:33:14,251 - INFO - Word 'abotdán' (tl) created (ID: 187) from source 'diksiyonaryo.ph'.
2025-04-02 19:33:14,253 - ERROR - Error inserting definition for 'abotdán', sense 0: kanin na hindi maayos ang pagk... Error: insert_definition() got an unexpected keyword argument 'original_pos'
2025-04-02 19:33:14,258 - INFO - Word 'ábot-hiyáw' (tl) created (ID: 188) from source 'diksiyonaryo.ph'.
2025-04-02 19:33:14,259 - ERROR - Error inserting definition for 'ábot-hiyáw', sense 0: nararating ng hiyaw... Error: insert_definition() got an unexpected keyword argument 'original_pos'
2025-04-02 19:33:14,262 - INFO - Word 'ábot-kamáy' (tl) created (ID: 189) from source 'diksiyonaryo.ph'.
2025-04-02 19:33:14,264 - ERROR - Error inserting definition for 'ábot-kamáy', sense 0: malapit na malapit na ; makuku... Error: insert_definition() got an unexpected keyword argument 'original_pos'
2025-04-02 19:33:14,266 - INFO - Word 'ábot-kisáp' (tl) created (ID: 190) from source 'diksiyonaryo.ph'.
2025-04-02 19:33:14,268 - ERROR - Error inserting definition for 'ábot-kisáp', sense 0: pagbukás at pagsara ng talukap... Error: insert_definition() got an unexpected keyword argument 'original_pos'
2025-04-02 19:33:14,270 - INFO - Word 'ábot-kuráp' (tl) created (ID: 191) from source 'diksiyonaryo.ph'.
2025-04-02 19:33:14,272 - ERROR - Error inserting definition for 'ábot-kuráp', sense 0: madalas at hindi mapigil ang p... Error: insert_definition() got an unexpected keyword argument 'original_pos'
2025-04-02 19:33:14,274 - INFO - Word 'ábot-sábi' (tl) created (ID: 192) from source 'diksiyonaryo.ph'.
2025-04-02 19:33:14,276 - ERROR - Error inserting definition for 'ábot-sábi', sense 0: kalatas na inihahatid sa pamam... Error: insert_definition() got an unexpected keyword argument 'original_pos'
2025-04-02 19:33:14,278 - INFO - Word 'ábot-sigáw' (tl) created (ID: 193) from source 'diksiyonaryo.ph'.
2025-04-02 19:33:14,279 - ERROR - Error inserting definition for 'ábot-sigáw', sense 0: varyant ng ábot-hiyáw.... Error: insert_definition() got an unexpected keyword argument 'original_pos'
2025-04-02 19:33:14,282 - INFO - Word 'ábot-síko' (tl) created (ID: 194) from source 'diksiyonaryo.ph'.
2025-04-02 19:33:14,283 - ERROR - Error inserting definition for 'ábot-síko', sense 0: mahigpit ang pagkakatalì ng mg... Error: insert_definition() got an unexpected keyword argument 'original_pos'
2025-04-02 19:33:14,285 - INFO - Word 'ábot-tanáw' (tl) created (ID: 195) from source 'diksiyonaryo.ph'.
2025-04-02 19:33:14,287 - ERROR - Error inserting definition for 'ábot-tanáw', sense 0: [1] pook na tíla tagpúan ng la... Error: insert_definition() got an unexpected keyword argument 'original_pos'
2025-04-02 19:33:14,288 - ERROR - Error inserting definition for 'ábot-tanáw', sense 1: [2] abót-tingin.... Error: insert_definition() got an unexpected keyword argument 'original_pos'
2025-04-02 19:33:14,291 - INFO - Word 'ábot-táwag' (tl) created (ID: 196) from source 'diksiyonaryo.ph'.
2025-04-02 19:33:14,292 - ERROR - Error inserting definition for 'ábot-táwag', sense 0: nararating ng tawag.... Error: insert_definition() got an unexpected keyword argument 'original_pos'
2025-04-02 19:33:14,295 - INFO - Word 'ábot-tingín' (tl) created (ID: 197) from source 'diksiyonaryo.ph'.
2025-04-02 19:33:14,296 - ERROR - Error inserting definition for 'ábot-tingín', sense 0: nararating ng tingin... Error: insert_definition() got an unexpected keyword argument 'original_pos'
2025-04-02 19:33:14,299 - INFO - Word 'ábot-tubò' (tl) created (ID: 198) from source 'diksiyonaryo.ph'.
2025-04-02 19:33:14,301 - ERROR - Error inserting definition for 'ábot-tubò', sense 0: pagdatíng ng unang regla ng ba... Error: insert_definition() got an unexpected keyword argument 'original_pos'
2025-04-02 19:33:14,304 - INFO - Word 'ab ovo' (tl) created (ID: 199) from source 'diksiyonaryo.ph'.
2025-04-02 19:33:14,306 - ERROR - Error inserting definition for 'ab ovo', sense 0: mula sa pinagmulan ; sa pinagm... Error: insert_definition() got an unexpected keyword argument 'original_pos'
2025-04-02 19:33:14,308 - INFO - Word 'abóy' (tl) created (ID: 200) from source 'diksiyonaryo.ph'.
2025-04-02 19:33:14,310 - ERROR - Error inserting definition for 'abóy', sense 0: [1] tabóy... Error: insert_definition() got an unexpected keyword argument 'original_pos'
2025-04-02 19:33:14,312 - ERROR - Error inserting definition for 'abóy', sense 1: [2] tao o hayop na itinataboy.... Error: insert_definition() got an unexpected keyword argument 'original_pos'
2025-04-02 19:33:14,314 - INFO - Word 'abóy-abóy' (tl) created (ID: 201) from source 'diksiyonaryo.ph'.
2025-04-02 19:33:14,317 - ERROR - Error inserting definition for 'abóy-abóy', sense 0: duyan ng batà, karaniwang pata... Error: insert_definition() got an unexpected keyword argument 'original_pos'
2025-04-02 19:33:14,319 - INFO - Word 'abpá' (tl) created (ID: 202) from source 'diksiyonaryo.ph'.
2025-04-02 19:33:14,321 - ERROR - Error inserting definition for 'abpá', sense 0: dipá.... Error: insert_definition() got an unexpected keyword argument 'original_pos'
2025-04-02 19:33:14,324 - INFO - Word 'abarúray' (tl) created (ID: 203) from source 'diksiyonaryo.ph'.
2025-04-02 19:33:14,325 - ERROR - Error inserting definition for 'abarúray', sense 0: sayaw na pandalawahan, ginagan... Error: insert_definition() got an unexpected keyword argument 'original_pos'
2025-04-02 19:33:14,328 - INFO - Word 'abás' (tl) created (ID: 204) from source 'diksiyonaryo.ph'.
2025-04-02 19:33:14,330 - INFO - Word 'a·bá·sin' (tl) created (ID: 205) from source 'diksiyonaryo.ph'.
2025-04-02 19:33:14,333 - INFO - Word 'i·á·bas' (tl) created (ID: 206) from source 'diksiyonaryo.ph'.
2025-04-02 19:33:14,335 - INFO - Word 'mag-á·bas' (tl) created (ID: 207) from source 'diksiyonaryo.ph'.
2025-04-02 19:33:14,338 - ERROR - Error inserting definition for 'abás', sense 0: [1] bigyan ng babalâ... Error: insert_definition() got an unexpected keyword argument 'original_pos'
2025-04-02 19:33:14,338 - ERROR - Error inserting definition for 'abás', sense 1: [2] magtápon ng mga bagay na h... Error: insert_definition() got an unexpected keyword argument 'original_pos'
2025-04-02 19:33:14,339 - ERROR - Error inserting definition for 'abás', sense 2: [3] tapusin ang kaso.... Error: insert_definition() got an unexpected keyword argument 'original_pos'
2025-04-02 19:33:14,341 - INFO - Word 'abaseríya' (tl) created (ID: 208) from source 'diksiyonaryo.ph'.
2025-04-02 19:33:14,342 - ERROR - Error inserting definition for 'abaseríya', sense 0: gróserí... Error: insert_definition() got an unexpected keyword argument 'original_pos'
2025-04-02 19:33:14,344 - INFO - Word 'abáseryá' (tl) created (ID: 209) from source 'diksiyonaryo.ph'.
2025-04-02 19:33:14,346 - ERROR - Error inserting definition for 'abáseryá', sense 0: varyant ng abaseríya.... Error: insert_definition() got an unexpected keyword argument 'original_pos'
2025-04-02 19:33:14,348 - INFO - Word 'abasia' (tl) created (ID: 210) from source 'diksiyonaryo.ph'.
2025-04-02 19:33:14,351 - ERROR - Error inserting definition for 'abasia', sense 0: kawalan ng kakayahang maglakad... Error: insert_definition() got an unexpected keyword argument 'original_pos'
2025-04-02 19:33:14,353 - INFO - Word 'abásto' (tl) created (ID: 211) from source 'diksiyonaryo.ph'.
2025-04-02 19:33:14,355 - ERROR - Error inserting definition for 'abásto', sense 0: dalá-daláhan.... Error: insert_definition() got an unexpected keyword argument 'original_pos'
2025-04-02 19:33:14,357 - INFO - Word 'abát' (tl) created (ID: 212) from source 'diksiyonaryo.ph'.
2025-04-02 19:33:14,359 - ERROR - Error inserting definition for 'abát', sense 0: [1] hárang... Error: insert_definition() got an unexpected keyword argument 'original_pos'
2025-04-02 19:33:14,360 - ERROR - Error inserting definition for 'abát', sense 1: [2] paglapit nang hindi inaasa... Error: insert_definition() got an unexpected keyword argument 'original_pos'
2025-04-02 19:33:14,361 - ERROR - Error inserting definition for 'abát', sense 2: hayág.... Error: insert_definition() got an unexpected keyword argument 'original_pos'
2025-04-02 19:33:14,366 - INFO - Word 'a·bá·tan' (tl) created (ID: 213) from source 'diksiyonaryo.ph'.
2025-04-02 19:33:14,368 - INFO - Word 'mang-á·bat' (tl) created (ID: 214) from source 'diksiyonaryo.ph'.
2025-04-02 19:33:14,370 - INFO - Word 'u· má·bat' (tl) created (ID: 215) from source 'diksiyonaryo.ph'.
2025-04-02 19:33:14,371 - ERROR - Error inserting definition for 'ábat', sense 0: [1] anumang sobrenatural o mah... Error: insert_definition() got an unexpected keyword argument 'original_pos'
2025-04-02 19:33:14,372 - ERROR - Error inserting definition for 'ábat', sense 1: [2] tayâ sa laro.... Error: insert_definition() got an unexpected keyword argument 'original_pos'
2025-04-02 19:33:14,373 - ERROR - Error inserting definition for 'ábat', sense 2: [1] umalis... Error: insert_definition() got an unexpected keyword argument 'original_pos'
2025-04-02 19:33:14,374 - ERROR - Error inserting definition for 'ábat', sense 3: [2] sumingit sa usapan.... Error: insert_definition() got an unexpected keyword argument 'original_pos'
2025-04-02 19:33:14,375 - INFO - Word 'abáte' (tl) created (ID: 216) from source 'diksiyonaryo.ph'.
2025-04-02 19:33:14,377 - ERROR - Error inserting definition for 'abáte', sense 0: abad o ibang klerigo... Error: insert_definition() got an unexpected keyword argument 'original_pos'
2025-04-02 19:33:14,379 - INFO - Word 'abaték' (tl) created (ID: 217) from source 'diksiyonaryo.ph'.
2025-04-02 19:33:14,380 - ERROR - Error inserting definition for 'abaték', sense 0: telang masinsin ang pagkakahab... Error: insert_definition() got an unexpected keyword argument 'original_pos'
2025-04-02 19:33:14,382 - INFO - Word 'A battery' (tl) created (ID: 218) from source 'diksiyonaryo.ph'.
2025-04-02 19:33:14,384 - ERROR - Error inserting definition for 'A battery', sense 0: bateryang elektrikal na nagpap... Error: insert_definition() got an unexpected keyword argument 'original_pos'
2025-04-02 19:33:14,386 - INFO - Word 'abattoir' (tl) created (ID: 219) from source 'diksiyonaryo.ph'.
2025-04-02 19:33:14,388 - ERROR - Error inserting definition for 'abattoir', sense 0: katayán.... Error: insert_definition() got an unexpected keyword argument 'original_pos'
2025-04-02 19:33:14,390 - INFO - Word 'Abáw!' (tl) created (ID: 220) from source 'diksiyonaryo.ph'.
2025-04-02 19:33:14,394 - INFO - Finished processing diksiyonaryo.ph
2025-04-02 19:33:14,395 - INFO -   Total entries in file: 65336
2025-04-02 19:33:14,395 - INFO -   Processed successfully: 202
2025-04-02 19:33:14,396 - INFO -   Skipped (invalid/empty): 0
2025-04-02 19:33:14,396 - INFO -   Errors during processing: 0
2025-04-02 19:33:14,396 - INFO -   Definitions added/updated: 0
2025-04-02 19:33:14,397 - INFO -   Pronunciations added/updated: 229
2025-04-02 19:33:14,397 - INFO -   Etymologies added/updated: 170
2025-04-02 19:33:14,397 - INFO -   Total relations added/updated: 33
2025-04-02 19:33:14,397 - INFO -     (Deriv: 33, Syn: 0, Var: 0, Ref: 0)
2025-04-02 19:33:14,398 - INFO -   Baybayin forms added/updated: 0
2025-04-02 19:33:14,398 - INFO -   Affixations added/updated: 0
