2025-03-24 19:49:24,723 - INFO - Starting table creation/update process.
2025-03-24 19:49:25,167 - INFO - Tables created or updated successfully.
2025-03-24 19:49:25,173 - INFO - Processing Tagalog words from: ../data\tagalog-words.json
2025-03-24 19:49:25,413 - INFO - Found 65328 dictionary-style entries
2025-03-24 19:49:25,442 - INFO - Creating word entries...
2025-03-24 19:50:34,070 - INFO - Created/found 65328 words
2025-03-24 19:50:34,109 - ERROR - Error processing -a: new row for relation "words" violates check constraint "baybayin_form_check"
DETAIL:  Failing row contains (1, -a, -a, f, ᜀ, -a, tl, null, null, null, [], {"hyphenation": "-a"}, {}, null, 2025-03-24 19:49:25.487627+08, 2025-03-24 19:50:34.073984+08, 'a':1,2).

2025-03-24 19:50:34,257 - ERROR - Error processing abaciscus: new row for relation "words" violates check constraint "baybayin_form_check"
DETAIL:  Failing row contains (29, abaciscus, abaciscus, f, ᜀᜊᜁᜂ, abaciscus, tl, null, null, null, [], {"hyphenation": "abaciscus"}, {}, null, 2025-03-24 19:49:25.524465+08, 2025-03-24 19:50:34.256405+08, 'abaciscus':1,2).

2025-03-24 19:50:34,393 - ERROR - Error processing abalone: new row for relation "words" violates check constraint "baybayin_form_check"
DETAIL:  Failing row contains (59, abalone, abalone, f, ᜀᜊ, abalone, tl, null, null, null, [], {"hyphenation": "abalone"}, {}, null, 2025-03-24 19:49:25.54321+08, 2025-03-24 19:50:34.392348+08, 'abalone':1,2).

2025-03-24 19:50:34,394 - ERROR - Error processing abalone mushroom: new row for relation "words" violates check constraint "baybayin_form_check"
DETAIL:  Failing row contains (60, abalone mushroom, abalone mushroom, f, ᜀᜊᜋᜓ, abalone mushroom, tl, null, null, null, [], {"hyphenation": "abalone mushroom"}, {}, null, 2025-03-24 19:49:25.543786+08, 2025-03-24 19:50:34.393922+08, 'abalone':1,3 'mushroom':2,4).

2025-03-24 19:50:34,407 - ERROR - Error processing abampere: new row for relation "words" violates check constraint "baybayin_form_check"
DETAIL:  Failing row contains (64, abampere, abampere, f, ᜀᜊ, abampere, tl, null, null, null, [], {"hyphenation": "abampere"}, {}, null, 2025-03-24 19:49:25.54656+08, 2025-03-24 19:50:34.405888+08, 'abampere':1,2).

2025-03-24 19:50:34,543 - ERROR - Error processing abattoir: new row for relation "words" violates check constraint "baybayin_form_check"
DETAIL:  Failing row contains (97, abattoir, abattoir, f, ᜀᜊᜁ, abattoir, tl, null, null, null, [], {"hyphenation": "abattoir"}, {}, null, 2025-03-24 19:49:25.563746+08, 2025-03-24 19:50:34.541934+08, 'abattoir':1,2).

2025-03-24 19:50:34,587 - ERROR - Error processing abbe: new row for relation "words" violates check constraint "baybayin_form_check"
DETAIL:  Failing row contains (108, abbe, abbe, f, ᜀ, abbe, tl, null, null, null, [], {"hyphenation": "abbe"}, {}, null, 2025-03-24 19:49:25.570055+08, 2025-03-24 19:50:34.587313+08, 'abbe':1,2).

2025-03-24 19:50:34,593 - ERROR - Error processing abbess: new row for relation "words" violates check constraint "baybayin_form_check"
DETAIL:  Failing row contains (110, abbess, abbess, f, ᜀ, abbess, tl, null, null, null, [], {"hyphenation": "abbess"}, {}, null, 2025-03-24 19:49:25.570991+08, 2025-03-24 19:50:34.593294+08, 'abbess':1,2).

2025-03-24 19:50:34,594 - ERROR - Error processing abbey: new row for relation "words" violates check constraint "baybayin_form_check"
DETAIL:  Failing row contains (111, abbey, abbey, f, ᜀ, abbey, tl, null, null, null, [], {"hyphenation": "abbey"}, {}, null, 2025-03-24 19:49:25.571477+08, 2025-03-24 19:50:34.594155+08, 'abbey':1,2).

2025-03-24 19:50:34,604 - ERROR - Error processing abbreviate: new row for relation "words" violates check constraint "baybayin_form_check"
DETAIL:  Failing row contains (116, abbreviate, abbreviate, f, ᜀᜁᜀ, abbreviate, tl, null, null, null, [], {"hyphenation": "abbreviate"}, {}, null, 2025-03-24 19:49:25.573638+08, 2025-03-24 19:50:34.603945+08, 'abbreviate':1,2).

2025-03-24 19:50:34,606 - ERROR - Error processing abbreviation: new row for relation "words" violates check constraint "baybayin_form_check"
DETAIL:  Failing row contains (117, abbreviation, abbreviation, f, ᜀᜁᜀᜆᜒ, abbreviation, tl, null, null, null, [], {"hyphenation": "abbreviation"}, {}, null, 2025-03-24 19:49:25.574104+08, 2025-03-24 19:50:34.605492+08, 'abbreviation':1,2).

2025-03-24 19:50:34,615 - ERROR - Error processing abcoulomb: new row for relation "words" violates check constraint "baybayin_form_check"
DETAIL:  Failing row contains (119, abcoulomb, abcoulomb, f, ᜀᜂ, abcoulomb, tl, null, null, null, [], {"hyphenation": "abcoulomb"}, {}, null, 2025-03-24 19:49:25.575033+08, 2025-03-24 19:50:34.613745+08, 'abcoulomb':1,2).

2025-03-24 19:50:34,627 - ERROR - Error processing abducens: new row for relation "words" violates check constraint "baybayin_form_check"
DETAIL:  Failing row contains (123, abducens, abducens, f, ᜀᜇᜓ, abducens, tl, null, null, null, [], {"hyphenation": "abducens"}, {}, null, 2025-03-24 19:49:25.576886+08, 2025-03-24 19:50:34.627098+08, 'abducens':1,2).

2025-03-24 19:50:34,629 - ERROR - Error processing abducens nerve: new row for relation "words" violates check constraint "baybayin_form_check"
DETAIL:  Failing row contains (124, abducens nerve, abducens nerve, f, ᜀᜇᜓ, abducens nerve, tl, null, null, null, [], {"hyphenation": "abducens nerve"}, {}, null, 2025-03-24 19:49:25.57733+08, 2025-03-24 19:50:34.628165+08, 'abducens':1,3 'nerve':2,4).

2025-03-24 19:50:34,737 - ERROR - Error processing abietate: new row for relation "words" violates check constraint "baybayin_form_check"
DETAIL:  Failing row contains (160, abietate, abietate, f, ᜀᜊᜒᜆ, abietate, tl, null, null, null, [], {"hyphenation": "abietate"}, {}, null, 2025-03-24 19:49:25.597237+08, 2025-03-24 19:50:34.736729+08, 'abietate':1,2).

2025-03-24 19:50:34,738 - ERROR - Error processing abietic acid: new row for relation "words" violates check constraint "baybayin_form_check"
DETAIL:  Failing row contains (161, abietic acid, abietic acid, f, ᜀᜊᜒᜆᜒᜀᜁ, abietic acid, tl, null, null, null, [], {"hyphenation": "abietic acid"}, {}, null, 2025-03-24 19:49:25.597643+08, 2025-03-24 19:50:34.737818+08, 'abietic':1,3 'acid':2,4).

2025-03-24 19:50:34,770 - ERROR - Error processing ability: new row for relation "words" violates check constraint "baybayin_form_check"
DETAIL:  Failing row contains (172, ability, ability, f, ᜀᜊᜒᜎᜒ, ability, tl, null, null, null, [], {"hyphenation": "ability"}, {}, null, 2025-03-24 19:49:25.604347+08, 2025-03-24 19:50:34.769458+08, 'ability':1,2).

2025-03-24 19:50:34,789 - ERROR - Error processing abiogenesis: new row for relation "words" violates check constraint "baybayin_form_check"
DETAIL:  Failing row contains (178, abiogenesis, abiogenesis, f, ᜀᜊᜒᜐᜒ, abiogenesis, tl, null, null, null, [], {"hyphenation": "abiogenesis"}, {}, null, 2025-03-24 19:49:25.609771+08, 2025-03-24 19:50:34.788195+08, 'abiogenesis':1,2).

2025-03-24 19:50:34,790 - ERROR - Error processing abiotrophy: new row for relation "words" violates check constraint "baybayin_form_check"
DETAIL:  Failing row contains (179, abiotrophy, abiotrophy, f, ᜀᜊᜒ, abiotrophy, tl, null, null, null, [], {"hyphenation": "abiotrophy"}, {}, null, 2025-03-24 19:49:25.610378+08, 2025-03-24 19:50:34.790236+08, 'abiotrophy':1,2).

2025-03-24 19:50:34,792 - ERROR - Error processing abirritant: new row for relation "words" violates check constraint "baybayin_form_check"
DETAIL:  Failing row contains (180, abirritant, abirritant, f, ᜀᜊᜒᜁᜆ, abirritant, tl, null, null, null, [], {"hyphenation": "abirritant"}, {}, null, 2025-03-24 19:49:25.611012+08, 2025-03-24 19:50:34.791163+08, 'abirritant':1,2).

2025-03-24 19:50:34,858 - ERROR - Error processing able: new row for relation "words" violates check constraint "baybayin_form_check"
DETAIL:  Failing row contains (204, able, able, f, ᜀ, able, tl, null, null, null, [], {"hyphenation": "able"}, {}, null, 2025-03-24 19:49:25.625652+08, 2025-03-24 19:50:34.858402+08, 'able':1,2).

2025-03-24 19:50:34,860 - ERROR - Error processing able-bodied seaman: new row for relation "words" violates check constraint "baybayin_form_check"
DETAIL:  Failing row contains (205, able-bodied seaman, able-bodied seaman, f, ᜀᜇᜒᜀᜋ, able-bodied seaman, tl, null, null, null, [], {"hyphenation": "able-bodied seaman"}, {}, null, 2025-03-24 19:49:25.626143+08, 2025-03-24 19:50:34.859685+08, 'able':2,6 'able-bodied':1,5 'bodied':3,7 'seaman':4,8).

2025-03-24 19:50:34,861 - ERROR - Error processing ablepsia: new row for relation "words" violates check constraint "baybayin_form_check"
DETAIL:  Failing row contains (206, ablepsia, ablepsia, f, ᜀᜐᜒᜀ, ablepsia, tl, null, null, null, [], {"hyphenation": "ablepsia"}, {}, null, 2025-03-24 19:49:25.626643+08, 2025-03-24 19:50:34.860775+08, 'ablepsia':1,2).

2025-03-24 19:50:34,943 - ERROR - Error processing abolish: new row for relation "words" violates check constraint "baybayin_form_check"
DETAIL:  Failing row contains (228, abolish, abolish, f, ᜀᜎᜒ, abolish, tl, null, null, null, [], {"hyphenation": "abolish"}, {}, null, 2025-03-24 19:49:25.640049+08, 2025-03-24 19:50:34.943347+08, 'abolish':1,2).

2025-03-24 19:50:34,950 - ERROR - Error processing abolition: new row for relation "words" violates check constraint "baybayin_form_check"
DETAIL:  Failing row contains (231, abolition, abolition, f, ᜀᜎᜒᜆᜒ, abolition, tl, null, null, null, [], {"hyphenation": "abolition"}, {}, null, 2025-03-24 19:49:25.641581+08, 2025-03-24 19:50:34.949595+08, 'abolition':1,2).

2025-03-24 19:50:34,977 - ERROR - Error processing aborigine: new row for relation "words" violates check constraint "baybayin_form_check"
DETAIL:  Failing row contains (239, aborigine, aborigine, f, ᜀᜁᜄᜒ, aborigine, tl, null, null, null, [], {"hyphenation": "aborigine"}, {}, null, 2025-03-24 19:49:25.646252+08, 2025-03-24 19:50:34.976174+08, 'aborigine':1,2).

2025-03-24 19:50:34,978 - ERROR - Error processing ab origine: new row for relation "words" violates check constraint "baybayin_form_check"
DETAIL:  Failing row contains (240, ab origine, ab origine, f, ᜀᜁᜄᜒ, ab origine, tl, null, null, null, [], {"hyphenation": "ab origine"}, {}, null, 2025-03-24 19:49:25.646904+08, 2025-03-24 19:50:34.977857+08, 'ab':1,3 'origine':2,4).

2025-03-24 19:50:34,982 - ERROR - Error processing abortifacient: new row for relation "words" violates check constraint "baybayin_form_check"
DETAIL:  Failing row contains (242, abortifacient, abortifacient, f, ᜀᜆᜒᜀᜁ, abortifacient, tl, null, null, null, [], {"hyphenation": "abortifacient"}, {}, null, 2025-03-24 19:49:25.648458+08, 2025-03-24 19:50:34.981888+08, 'abortifacient':1,2).

2025-03-24 19:50:34,983 - ERROR - Error processing abortionist: new row for relation "words" violates check constraint "baybayin_form_check"
DETAIL:  Failing row contains (243, abortionist, abortionist, f, ᜀᜆᜒᜈᜒ, abortionist, tl, null, null, null, [], {"hyphenation": "abortionist"}, {}, null, 2025-03-24 19:49:25.649043+08, 2025-03-24 19:50:34.982721+08, 'abortionist':1,2).

2025-03-24 19:50:35,036 - ERROR - Error processing ab ovo: new row for relation "words" violates check constraint "baybayin_form_check"
DETAIL:  Failing row contains (262, ab ovo, ab ovo, f, ᜀ, ab ovo, tl, null, null, null, [], {"hyphenation": "ab ovo"}, {}, null, 2025-03-24 19:49:25.659964+08, 2025-03-24 19:50:35.035306+08, 'ab':1,3 'ovo':2,4).

2025-03-24 19:50:35,124 - ERROR - Error processing abroad: new row for relation "words" violates check constraint "baybayin_form_check"
DETAIL:  Failing row contains (286, abroad, abroad, f, ᜀᜀ, abroad, tl, null, null, null, [], {"hyphenation": "abroad"}, {}, null, 2025-03-24 19:49:25.672841+08, 2025-03-24 19:50:35.123017+08, 'abroad':1,2).

2025-03-24 19:50:35,135 - ERROR - Error processing abrupt: new row for relation "words" violates check constraint "baybayin_form_check"
DETAIL:  Failing row contains (289, abrupt, abrupt, f, ᜀᜂ, abrupt, tl, null, null, null, [], {"hyphenation": "abrupt"}, {}, null, 2025-03-24 19:49:25.674378+08, 2025-03-24 19:50:35.133946+08, 'abrupt':1,2).

2025-03-24 19:50:35,139 - ERROR - Error processing abscess: new row for relation "words" violates check constraint "baybayin_form_check"
DETAIL:  Failing row contains (291, abscess, abscess, f, ᜀ, abscess, tl, null, null, null, [], {"hyphenation": "abscess"}, {}, null, 2025-03-24 19:49:25.675532+08, 2025-03-24 19:50:35.138622+08, 'abscess':1,2).

2025-03-24 19:50:35,140 - ERROR - Error processing abscissa: new row for relation "words" violates check constraint "baybayin_form_check"
DETAIL:  Failing row contains (292, abscissa, abscissa, f, ᜀᜁᜐ, abscissa, tl, null, null, null, [], {"hyphenation": "abscissa"}, {}, null, 2025-03-24 19:49:25.676276+08, 2025-03-24 19:50:35.13968+08, 'abscissa':1,2).

2025-03-24 19:50:35,141 - ERROR - Error processing abscissic acid: new row for relation "words" violates check constraint "baybayin_form_check"
DETAIL:  Failing row contains (293, abscissic acid, abscissic acid, f, ᜀᜁᜐᜒᜀᜁ, abscissic acid, tl, null, null, null, [], {"hyphenation": "abscissic acid"}, {}, null, 2025-03-24 19:49:25.676837+08, 2025-03-24 19:50:35.140562+08, 'abscissic':1,3 'acid':2,4).

2025-03-24 19:50:35,150 - ERROR - Error processing absent-minded: new row for relation "words" violates check constraint "baybayin_form_check"
DETAIL:  Failing row contains (296, absent-minded, absent-minded, f, ᜀᜋᜒ, absent-minded, tl, null, null, null, [], {"hyphenation": "absent-minded"}, {}, null, 2025-03-24 19:49:25.678335+08, 2025-03-24 19:50:35.150312+08, 'absent':2,5 'absent-minded':1,4 'minded':3,6).

2025-03-24 19:50:35,151 - ERROR - Error processing absent without official leave: new row for relation "words" violates check constraint "baybayin_form_check"
DETAIL:  Failing row contains (297, absent without official leave, absent without official leave, f, ᜀᜏᜒᜂᜁᜁᜀᜀ, absent without official leave, tl, null, null, null, [], {"hyphenation": "absent without official leave"}, {}, null, 2025-03-24 19:49:25.678784+08, 2025-03-24 19:50:35.15135+08, 'absent':1,5 'leave':4,8 'official':3,7 'without':2,6).

2025-03-24 19:50:35,168 - ERROR - Error processing absinth: new row for relation "words" violates check constraint "baybayin_form_check"
DETAIL:  Failing row contains (302, absinth, absinth, f, ᜀᜐᜒ, absinth, tl, null, null, null, [], {"hyphenation": "absinth, absinthe"}, {}, null, 2025-03-24 19:49:25.681221+08, 2025-03-24 19:50:35.167148+08, 'absinth':1,2).

2025-03-24 19:50:35,182 - ERROR - Error processing absolute: new row for relation "words" violates check constraint "baybayin_form_check"
DETAIL:  Failing row contains (307, absolute, absolute, f, ᜀᜎᜓ, absolute, tl, null, null, null, [], {"hyphenation": "absolute"}, {}, null, 2025-03-24 19:49:25.683884+08, 2025-03-24 19:50:35.181052+08, 'absolute':1,2).

2025-03-24 19:50:35,182 - ERROR - Error processing absolutism: new row for relation "words" violates check constraint "baybayin_form_check"
DETAIL:  Failing row contains (308, absolutism, absolutism, f, ᜀᜎᜓᜆᜒ, absolutism, tl, null, null, null, [], {"hyphenation": "absolutism"}, {}, null, 2025-03-24 19:49:25.684361+08, 2025-03-24 19:50:35.182415+08, 'absolutism':1,2).

2025-03-24 19:50:35,218 - ERROR - Error processing abstain: new row for relation "words" violates check constraint "baybayin_form_check"
DETAIL:  Failing row contains (316, abstain, abstain, f, ᜀᜆᜁ, abstain, tl, null, null, null, [], {"hyphenation": "abstain"}, {}, null, 2025-03-24 19:49:25.689421+08, 2025-03-24 19:50:35.21812+08, 'abstain':1,2).

2025-03-24 19:50:35,224 - ERROR - Error processing abstinence: new row for relation "words" violates check constraint "baybayin_form_check"
DETAIL:  Failing row contains (318, abstinence, abstinence, f, ᜀᜆᜒ, abstinence, tl, null, null, null, [], {"hyphenation": "abstinence"}, {}, null, 2025-03-24 19:49:25.690352+08, 2025-03-24 19:50:35.223143+08, 'abstinence':1,2).

2025-03-24 19:50:35,227 - ERROR - Error processing abstract noun: new row for relation "words" violates check constraint "baybayin_form_check"
DETAIL:  Failing row contains (320, abstract noun, abstract noun, f, ᜀᜀᜂ, abstract noun, tl, null, null, null, [], {"hyphenation": "abstract noun"}, {}, null, 2025-03-24 19:49:25.691378+08, 2025-03-24 19:50:35.227315+08, 'abstract':1,3 'noun':2,4).

2025-03-24 19:50:35,323 - ERROR - Error processing abundance: new row for relation "words" violates check constraint "baybayin_form_check"
DETAIL:  Failing row contains (350, abundance, abundance, f, ᜀᜊᜓᜇ, abundance, tl, null, null, null, [], {"hyphenation": "abundance"}, {}, null, 2025-03-24 19:49:25.710476+08, 2025-03-24 19:50:35.32244+08, 'abundance':1,2).

2025-03-24 19:50:35,345 - ERROR - Error processing ab urbe condita: new row for relation "words" violates check constraint "baybayin_form_check"
DETAIL:  Failing row contains (358, ab urbe condita, ab urbe condita, f, ᜀᜂᜇᜒᜆ, ab urbe condita, tl, null, null, null, [], {"hyphenation": "ab urbe condita"}, {}, null, 2025-03-24 19:49:25.714509+08, 2025-03-24 19:50:35.34423+08, 'ab':1,4 'condita':3,6 'urbe':2,5).

2025-03-24 19:50:35,360 - ERROR - Error processing abuse: new row for relation "words" violates check constraint "baybayin_form_check"
DETAIL:  Failing row contains (362, abuse, abuse, f, ᜀᜊᜓ, abuse, tl, null, null, null, [], {"hyphenation": "abuse"}, {}, null, 2025-03-24 19:49:25.718213+08, 2025-03-24 19:50:35.359322+08, 'abuse':1,2).

2025-03-24 19:50:35,476 - ERROR - Error processing abyss: new row for relation "words" violates check constraint "baybayin_form_check"
DETAIL:  Failing row contains (390, abyss, abyss, f, ᜀ, abyss, tl, null, null, null, [], {"hyphenation": "abyss"}, {}, null, 2025-03-24 19:49:25.734153+08, 2025-03-24 19:50:35.475071+08, 'abyss':1,2).

2025-03-24 19:50:35,487 - ERROR - Error processing acacia: new row for relation "words" violates check constraint "baybayin_form_check"
DETAIL:  Failing row contains (394, acacia, acacia, f, ᜀᜀᜁᜀ, acacia, tl, null, null, null, [], {"hyphenation": "acacia"}, {}, null, 2025-03-24 19:49:25.736024+08, 2025-03-24 19:50:35.487082+08, 'acacia':1,2).

2025-03-24 19:50:35,489 - ERROR - Error processing academe: new row for relation "words" violates check constraint "baybayin_form_check"
DETAIL:  Failing row contains (395, academe, academe, f, ᜀᜀ, academe, tl, null, null, null, [], {"hyphenation": "academe"}, {}, null, 2025-03-24 19:49:25.736696+08, 2025-03-24 19:50:35.488153+08, 'academe':1,2).

2025-03-24 19:50:35,490 - ERROR - Error processing academic: new row for relation "words" violates check constraint "baybayin_form_check"
DETAIL:  Failing row contains (396, academic, academic, f, ᜀᜀᜋᜒ, academic, tl, null, null, null, [], {"hyphenation": "academic"}, {}, null, 2025-03-24 19:49:25.737165+08, 2025-03-24 19:50:35.489911+08, 'academic':1,2).

2025-03-24 19:50:35,491 - ERROR - Error processing academician: new row for relation "words" violates check constraint "baybayin_form_check"
DETAIL:  Failing row contains (397, academician, academician, f, ᜀᜀᜋᜒᜁᜀ, academician, tl, null, null, null, [], {"hyphenation": "academician"}, {}, null, 2025-03-24 19:49:25.737667+08, 2025-03-24 19:50:35.490794+08, 'academician':1,2).

2025-03-24 19:50:35,492 - ERROR - Error processing academy: new row for relation "words" violates check constraint "baybayin_form_check"
DETAIL:  Failing row contains (398, academy, academy, f, ᜀᜀ, academy, tl, null, null, null, [], {"hyphenation": "academy"}, {}, null, 2025-03-24 19:49:25.738157+08, 2025-03-24 19:50:35.49169+08, 'academy':1,2).

2025-03-24 19:50:35,493 - ERROR - Error processing acalypha: new row for relation "words" violates check constraint "baybayin_form_check"
DETAIL:  Failing row contains (399, acalypha, acalypha, f, ᜀᜀᜑ, acalypha, tl, null, null, null, [], {"hyphenation": "acalypha"}, {}, null, 2025-03-24 19:49:25.739437+08, 2025-03-24 19:50:35.492883+08, 'acalypha':1,2).

2025-03-24 19:50:35,494 - ERROR - Error processing acanthus: new row for relation "words" violates check constraint "baybayin_form_check"
DETAIL:  Failing row contains (400, acanthus, acanthus, f, ᜀᜀᜑᜓ, acanthus, tl, null, null, null, [], {"hyphenation": "acanthus"}, {}, null, 2025-03-24 19:49:25.740013+08, 2025-03-24 19:50:35.493678+08, 'acanthus':1,2).

2025-03-24 19:50:35,495 - ERROR - Error processing a cappella: new row for relation "words" violates check constraint "baybayin_form_check"
DETAIL:  Failing row contains (401, a cappella, a cappella, f, ᜀᜀᜎ, a cappella, tl, null, null, null, [], {"hyphenation": "a cappella"}, {}, null, 2025-03-24 19:49:25.740642+08, 2025-03-24 19:50:35.494715+08, 'a':1,3 'cappella':2,4).

2025-03-24 19:50:35,499 - ERROR - Error processing accelerando: new row for relation "words" violates check constraint "baybayin_form_check"
DETAIL:  Failing row contains (403, accelerando, accelerando, f, ᜀᜀ, accelerando, tl, null, null, null, [], {"hyphenation": "accelerando"}, {}, null, 2025-03-24 19:49:25.741722+08, 2025-03-24 19:50:35.498411+08, 'accelerando':1,2).

2025-03-24 19:50:35,499 - ERROR - Error processing acceleration: new row for relation "words" violates check constraint "baybayin_form_check"
DETAIL:  Failing row contains (404, acceleration, acceleration, f, ᜀᜀᜆᜒ, acceleration, tl, null, null, null, [], {"hyphenation": "acceleration"}, {}, null, 2025-03-24 19:49:25.742214+08, 2025-03-24 19:50:35.49937+08, 'acceleration':1,2).

2025-03-24 19:50:35,501 - ERROR - Error processing accelerator: new row for relation "words" violates check constraint "baybayin_form_check"
DETAIL:  Failing row contains (405, accelerator, accelerator, f, ᜀᜀ, accelerator, tl, null, null, null, [], {"hyphenation": "accelerator"}, {}, null, 2025-03-24 19:49:25.742708+08, 2025-03-24 19:50:35.500154+08, 'accelerator':1,2).

2025-03-24 19:50:35,502 - ERROR - Error processing accelerometer: new row for relation "words" violates check constraint "baybayin_form_check"
DETAIL:  Failing row contains (406, accelerometer, accelerometer, f, ᜀ, accelerometer, tl, null, null, null, [], {"hyphenation": "accelerometer"}, {}, null, 2025-03-24 19:49:25.743139+08, 2025-03-24 19:50:35.501987+08, 'accelerometer':1,2).

2025-03-24 19:50:35,504 - ERROR - Error processing accent: new row for relation "words" violates check constraint "baybayin_form_check"
DETAIL:  Failing row contains (407, accent, accent, f, ᜀ, accent, tl, null, null, null, [], {"hyphenation": "accent"}, {}, null, 2025-03-24 19:49:25.743635+08, 2025-03-24 19:50:35.502818+08, 'accent':1,2).

2025-03-24 19:50:35,505 - ERROR - Error processing access: new row for relation "words" violates check constraint "baybayin_form_check"
DETAIL:  Failing row contains (408, access, access, f, ᜀ, access, tl, null, null, null, [], {"hyphenation": "access"}, {}, null, 2025-03-24 19:49:25.744204+08, 2025-03-24 19:50:35.504545+08, 'access':1,2).

2025-03-24 19:50:35,506 - ERROR - Error processing accessit: new row for relation "words" violates check constraint "baybayin_form_check"
DETAIL:  Failing row contains (409, accessit, accessit, f, ᜀᜐᜒ, accessit, tl, null, null, null, [], {"hyphenation": "accessit"}, {}, null, 2025-03-24 19:49:25.745301+08, 2025-03-24 19:50:35.505561+08, 'accessit':1,2).

2025-03-24 19:50:35,507 - ERROR - Error processing accessory: new row for relation "words" violates check constraint "baybayin_form_check"
DETAIL:  Failing row contains (410, accessory, accessory, f, ᜀ, accessory, tl, null, null, null, [], {"hyphenation": "accessory"}, {}, null, 2025-03-24 19:49:25.745823+08, 2025-03-24 19:50:35.506572+08, 'accessory':1,2).

2025-03-24 19:50:35,508 - ERROR - Error processing acciacatura: new row for relation "words" violates check constraint "baybayin_form_check"
DETAIL:  Failing row contains (411, acciacatura, acciacatura, f, ᜀᜁᜀᜀᜆᜓᜀ, acciacatura, tl, null, null, null, [], {"hyphenation": "acciacatura"}, {}, null, 2025-03-24 19:49:25.746349+08, 2025-03-24 19:50:35.508081+08, 'acciacatura':1,2).

2025-03-24 19:50:35,510 - ERROR - Error processing accident: new row for relation "words" violates check constraint "baybayin_form_check"
DETAIL:  Failing row contains (412, accident, accident, f, ᜀᜁ, accident, tl, null, null, null, [], {"hyphenation": "accident"}, {}, null, 2025-03-24 19:49:25.746824+08, 2025-03-24 19:50:35.509328+08, 'accident':1,2).

2025-03-24 19:50:35,511 - ERROR - Error processing accommodate: new row for relation "words" violates check constraint "baybayin_form_check"
DETAIL:  Failing row contains (413, accommodate, accommodate, f, ᜀᜇ, accommodate, tl, null, null, null, [], {"hyphenation": "accommodate"}, {}, null, 2025-03-24 19:49:25.747291+08, 2025-03-24 19:50:35.51065+08, 'accommodate':1,2).

2025-03-24 19:50:35,513 - ERROR - Error processing accommodation: new row for relation "words" violates check constraint "baybayin_form_check"
DETAIL:  Failing row contains (414, accommodation, accommodation, f, ᜀᜇᜆᜒ, accommodation, tl, null, null, null, [], {"hyphenation": "accommodation"}, {}, null, 2025-03-24 19:49:25.747717+08, 2025-03-24 19:50:35.511744+08, 'accommodation':1,2).

2025-03-24 19:50:35,514 - ERROR - Error processing accompanist: new row for relation "words" violates check constraint "baybayin_form_check"
DETAIL:  Failing row contains (415, accompanist, accompanist, f, ᜀᜉᜈᜒ, accompanist, tl, null, null, null, [], {"hyphenation": "accompanist"}, {}, null, 2025-03-24 19:49:25.748139+08, 2025-03-24 19:50:35.51367+08, 'accompanist':1,2).

2025-03-24 19:50:35,516 - ERROR - Error processing accomplice: new row for relation "words" violates check constraint "baybayin_form_check"
DETAIL:  Failing row contains (416, accomplice, accomplice, f, ᜀᜎᜒ, accomplice, tl, null, null, null, [], {"hyphenation": "accomplice"}, {}, null, 2025-03-24 19:49:25.748581+08, 2025-03-24 19:50:35.515244+08, 'accomplice':1,2).

2025-03-24 19:50:35,517 - ERROR - Error processing accord: new row for relation "words" violates check constraint "baybayin_form_check"
DETAIL:  Failing row contains (417, accord, accord, f, ᜀ, accord, tl, null, null, null, [], {"hyphenation": "accord"}, {}, null, 2025-03-24 19:49:25.749151+08, 2025-03-24 19:50:35.516715+08, 'accord':1,2).

2025-03-24 19:50:35,518 - ERROR - Error processing accordion: new row for relation "words" violates check constraint "baybayin_form_check"
DETAIL:  Failing row contains (418, accordion, accordion, f, ᜀᜇᜒ, accordion, tl, null, null, null, [], {"hyphenation": "accordion"}, {}, null, 2025-03-24 19:49:25.749647+08, 2025-03-24 19:50:35.517561+08, 'accordion':1,2).

2025-03-24 19:50:35,518 - ERROR - Error processing accountancy: new row for relation "words" violates check constraint "baybayin_form_check"
DETAIL:  Failing row contains (419, accountancy, accountancy, f, ᜀᜂᜆ, accountancy, tl, null, null, null, [], {"hyphenation": "accountancy"}, {}, null, 2025-03-24 19:49:25.750077+08, 2025-03-24 19:50:35.518232+08, 'accountancy':1,2).

2025-03-24 19:50:35,520 - ERROR - Error processing accoutre: new row for relation "words" violates check constraint "baybayin_form_check"
DETAIL:  Failing row contains (420, accoutre, accoutre, f, ᜀᜂ, accoutre, tl, null, null, null, [], {"hyphenation": "accoutre"}, {}, null, 2025-03-24 19:49:25.750538+08, 2025-03-24 19:50:35.5192+08, 'accoutre':1,2).

2025-03-24 19:50:35,520 - ERROR - Error processing accredit: new row for relation "words" violates check constraint "baybayin_form_check"
DETAIL:  Failing row contains (421, accredit, accredit, f, ᜀᜇᜒ, accredit, tl, null, null, null, [], {"hyphenation": "accredit"}, {}, null, 2025-03-24 19:49:25.750971+08, 2025-03-24 19:50:35.520432+08, 'accredit':1,2).

2025-03-24 19:50:35,522 - ERROR - Error processing accuse: new row for relation "words" violates check constraint "baybayin_form_check"
DETAIL:  Failing row contains (422, accuse, accuse, f, ᜀᜂ, accuse, tl, null, null, null, [], {"hyphenation": "accuse"}, {}, null, 2025-03-24 19:49:25.751436+08, 2025-03-24 19:50:35.521531+08, 'accuse':1,2).

2025-03-24 19:50:35,528 - ERROR - Error processing ace: new row for relation "words" violates check constraint "baybayin_form_check"
DETAIL:  Failing row contains (424, ace, ace, f, ᜀ, ace, tl, null, null, null, [], {"hyphenation": "ace"}, {}, null, 2025-03-24 19:49:25.752371+08, 2025-03-24 19:50:35.5279+08, 'ace':1,2).

2025-03-24 19:50:35,532 - ERROR - Error processing acellular: new row for relation "words" violates check constraint "baybayin_form_check"
DETAIL:  Failing row contains (426, acellular, acellular, f, ᜀᜎᜓᜎ, acellular, tl, null, null, null, [], {"hyphenation": "acellular"}, {}, null, 2025-03-24 19:49:25.753326+08, 2025-03-24 19:50:35.532128+08, 'acellular':1,2).

2025-03-24 19:50:35,533 - ERROR - Error processing acephalous: new row for relation "words" violates check constraint "baybayin_form_check"
DETAIL:  Failing row contains (427, acephalous, acephalous, f, ᜀᜑᜂ, acephalous, tl, null, null, null, [], {"hyphenation": "acephalous"}, {}, null, 2025-03-24 19:49:25.753842+08, 2025-03-24 19:50:35.533114+08, 'acephalous':1,2).

2025-03-24 19:50:35,535 - ERROR - Error processing acetabulum: new row for relation "words" violates check constraint "baybayin_form_check"
DETAIL:  Failing row contains (428, acetabulum, acetabulum, f, ᜀᜆᜊᜓᜎᜓ, acetabulum, tl, null, null, null, [], {"hyphenation": "acetabulum"}, {}, null, 2025-03-24 19:49:25.754488+08, 2025-03-24 19:50:35.534179+08, 'acetabulum':1,2).

2025-03-24 19:50:35,536 - ERROR - Error processing acetal: new row for relation "words" violates check constraint "baybayin_form_check"
DETAIL:  Failing row contains (429, acetal, acetal, f, ᜀᜆ, acetal, tl, null, null, null, [], {"hyphenation": "acetal"}, {}, null, 2025-03-24 19:49:25.755391+08, 2025-03-24 19:50:35.535904+08, 'acetal':1,2).

2025-03-24 19:50:35,537 - ERROR - Error processing acetaldehyde: new row for relation "words" violates check constraint "baybayin_form_check"
DETAIL:  Failing row contains (430, acetaldehyde, acetaldehyde, f, ᜀᜆ, acetaldehyde, tl, null, null, null, [], {"hyphenation": "acetaldehyde"}, {}, null, 2025-03-24 19:49:25.756211+08, 2025-03-24 19:50:35.536596+08, 'acetaldehyde':1,2).

2025-03-24 19:50:35,538 - ERROR - Error processing acetate: new row for relation "words" violates check constraint "baybayin_form_check"
DETAIL:  Failing row contains (431, acetate, acetate, f, ᜀᜆ, acetate, tl, null, null, null, [], {"hyphenation": "acetate"}, {}, null, 2025-03-24 19:49:25.757011+08, 2025-03-24 19:50:35.537369+08, 'acetate':1,2).

2025-03-24 19:50:35,539 - ERROR - Error processing acetic: new row for relation "words" violates check constraint "baybayin_form_check"
DETAIL:  Failing row contains (432, acetic, acetic, f, ᜀᜆᜒ, acetic, tl, null, null, null, [], {"hyphenation": "acetic"}, {}, null, 2025-03-24 19:49:25.757792+08, 2025-03-24 19:50:35.539287+08, 'acetic':1,2).

2025-03-24 19:50:35,540 - ERROR - Error processing acetic acid: new row for relation "words" violates check constraint "baybayin_form_check"
DETAIL:  Failing row contains (433, acetic acid, acetic acid, f, ᜀᜆᜒᜀᜁ, acetic acid, tl, null, null, null, [], {"hyphenation": "acetic acid"}, {}, null, 2025-03-24 19:49:25.758483+08, 2025-03-24 19:50:35.540225+08, 'acetic':1,3 'acid':2,4).

2025-03-24 19:50:35,542 - ERROR - Error processing acetone: new row for relation "words" violates check constraint "baybayin_form_check"
DETAIL:  Failing row contains (434, acetone, acetone, f, ᜀ, acetone, tl, null, null, null, [], {"hyphenation": "acetone"}, {}, null, 2025-03-24 19:49:25.759063+08, 2025-03-24 19:50:35.54117+08, 'acetone':1,2).

2025-03-24 19:50:35,544 - ERROR - Error processing acetylide: new row for relation "words" violates check constraint "baybayin_form_check"
DETAIL:  Failing row contains (435, acetylide, acetylide, f, ᜀᜎᜒ, acetylide, tl, null, null, null, [], {"hyphenation": "acetylide"}, {}, null, 2025-03-24 19:49:25.75954+08, 2025-03-24 19:50:35.543628+08, 'acetylide':1,2).

2025-03-24 19:50:35,545 - ERROR - Error processing acetylsalicylate: new row for relation "words" violates check constraint "baybayin_form_check"
DETAIL:  Failing row contains (436, acetylsalicylate, acetylsalicylate, f, ᜀᜐᜎᜒᜎ, acetylsalicylate, tl, null, null, null, [], {"hyphenation": "acetylsalicylate"}, {}, null, 2025-03-24 19:49:25.760132+08, 2025-03-24 19:50:35.545058+08, 'acetylsalicylate':1,2).

2025-03-24 19:50:35,547 - ERROR - Error processing acetylsalicylic acid: new row for relation "words" violates check constraint "baybayin_form_check"
DETAIL:  Failing row contains (437, acetylsalicylic acid, acetylsalicylic acid, f, ᜀᜐᜎᜒᜎᜒᜀᜁ, acetylsalicylic acid, tl, null, null, null, [], {"hyphenation": "acetylsalicylic acid"}, {}, null, 2025-03-24 19:49:25.760624+08, 2025-03-24 19:50:35.546068+08, 'acetylsalicylic':1,3 'acid':2,4).

2025-03-24 19:50:35,552 - ERROR - Error processing achievement: new row for relation "words" violates check constraint "baybayin_form_check"
DETAIL:  Failing row contains (440, achievement, achievement, f, ᜀᜑᜒ, achievement, tl, null, null, null, [], {"hyphenation": "achievement"}, {}, null, 2025-03-24 19:49:25.762399+08, 2025-03-24 19:50:35.552092+08, 'achievement':1,2).

2025-03-24 19:50:35,556 - ERROR - Error processing achondroplasia: new row for relation "words" violates check constraint "baybayin_form_check"
DETAIL:  Failing row contains (442, achondroplasia, achondroplasia, f, ᜀᜎᜐᜒᜀ, achondroplasia, tl, null, null, null, [], {"hyphenation": "achondroplasia"}, {}, null, 2025-03-24 19:49:25.763936+08, 2025-03-24 19:50:35.556304+08, 'achondroplasia':1,2).

2025-03-24 19:50:35,557 - ERROR - Error processing achromatic: new row for relation "words" violates check constraint "baybayin_form_check"
DETAIL:  Failing row contains (443, achromatic, achromatic, f, ᜀᜋᜆᜒ, achromatic, tl, null, null, null, [], {"hyphenation": "achromatic"}, {}, null, 2025-03-24 19:49:25.764448+08, 2025-03-24 19:50:35.557334+08, 'achromatic':1,2).

2025-03-24 19:50:35,558 - ERROR - Error processing achromatize: new row for relation "words" violates check constraint "baybayin_form_check"
DETAIL:  Failing row contains (444, achromatize, achromatize, f, ᜀᜋᜆᜒ, achromatize, tl, null, null, null, [], {"hyphenation": "achromatize"}, {}, null, 2025-03-24 19:49:25.76494+08, 2025-03-24 19:50:35.558348+08, 'achromatize':1,2).

2025-03-24 19:50:35,560 - ERROR - Error processing acid: new row for relation "words" violates check constraint "baybayin_form_check"
DETAIL:  Failing row contains (445, acid, acid, f, ᜀᜁ, acid, tl, null, null, null, [], {"hyphenation": "acid"}, {}, null, 2025-03-24 19:49:25.765504+08, 2025-03-24 19:50:35.559531+08, 'acid':1,2).

2025-03-24 19:50:35,560 - ERROR - Error processing acid rain: new row for relation "words" violates check constraint "baybayin_form_check"
DETAIL:  Failing row contains (446, acid rain, acid rain, f, ᜀᜁᜀᜁ, acid rain, tl, null, null, null, [], {"hyphenation": "acid rain"}, {}, null, 2025-03-24 19:49:25.766082+08, 2025-03-24 19:50:35.560365+08, 'acid':1,3 'rain':2,4).

2025-03-24 19:50:35,561 - ERROR - Error processing acknowledgement: new row for relation "words" violates check constraint "baybayin_form_check"
DETAIL:  Failing row contains (447, acknowledgement, acknowledgement, f, ᜀ, acknowledgement, tl, null, null, null, [], {"hyphenation": "acknowledgement"}, {}, null, 2025-03-24 19:49:25.766596+08, 2025-03-24 19:50:35.561115+08, 'acknowledgement':1,2).

2025-03-24 19:50:35,562 - ERROR - Error processing acme: new row for relation "words" violates check constraint "baybayin_form_check"
DETAIL:  Failing row contains (448, acme, acme, f, ᜀ, acme, tl, null, null, null, [], {"hyphenation": "acme"}, {}, null, 2025-03-24 19:49:25.767106+08, 2025-03-24 19:50:35.561939+08, 'acme':1,2).

2025-03-24 19:50:35,563 - ERROR - Error processing acorn: new row for relation "words" violates check constraint "baybayin_form_check"
DETAIL:  Failing row contains (449, acorn, acorn, f, ᜀ, acorn, tl, null, null, null, [], {"hyphenation": "acorn"}, {}, null, 2025-03-24 19:49:25.767659+08, 2025-03-24 19:50:35.562817+08, 'acorn':1,2).

2025-03-24 19:50:35,564 - ERROR - Error processing acoustic: new row for relation "words" violates check constraint "baybayin_form_check"
DETAIL:  Failing row contains (450, acoustic, acoustic, f, ᜀᜂᜆᜒ, acoustic, tl, null, null, null, [], {"hyphenation": "acoustic"}, {}, null, 2025-03-24 19:49:25.768135+08, 2025-03-24 19:50:35.563786+08, 'acoustic':1,2).

2025-03-24 19:50:35,565 - ERROR - Error processing acoustics: new row for relation "words" violates check constraint "baybayin_form_check"
DETAIL:  Failing row contains (451, acoustics, acoustics, f, ᜀᜂᜆᜒ, acoustics, tl, null, null, null, [], {"hyphenation": "acoustics"}, {}, null, 2025-03-24 19:49:25.768633+08, 2025-03-24 19:50:35.564926+08, 'acoustics':1,2).

2025-03-24 19:50:35,569 - ERROR - Error processing acquisition: new row for relation "words" violates check constraint "baybayin_form_check"
DETAIL:  Failing row contains (453, acquisition, acquisition, f, ᜀᜂᜁᜐᜒᜆᜒ, acquisition, tl, null, null, null, [], {"hyphenation": "acquisition"}, {}, null, 2025-03-24 19:49:25.769715+08, 2025-03-24 19:50:35.568197+08, 'acquisition':1,2).

2025-03-24 19:50:35,570 - ERROR - Error processing acrophobia: new row for relation "words" violates check constraint "baybayin_form_check"
DETAIL:  Failing row contains (454, acrophobia, acrophobia, f, ᜀᜊᜒᜀ, acrophobia, tl, null, null, null, [], {"hyphenation": "acrophobia"}, {}, null, 2025-03-24 19:49:25.770503+08, 2025-03-24 19:50:35.569535+08, 'acrophobia':1,2).

2025-03-24 19:50:35,570 - ERROR - Error processing acrosome: new row for relation "words" violates check constraint "baybayin_form_check"
DETAIL:  Failing row contains (455, acrosome, acrosome, f, ᜀ, acrosome, tl, null, null, null, [], {"hyphenation": "acrosome"}, {}, null, 2025-03-24 19:49:25.771188+08, 2025-03-24 19:50:35.570323+08, 'acrosome':1,2).

2025-03-24 19:50:35,575 - ERROR - Error processing acrylic: new row for relation "words" violates check constraint "baybayin_form_check"
DETAIL:  Failing row contains (457, acrylic, acrylic, f, ᜀᜎᜒ, acrylic, tl, null, null, null, [], {"hyphenation": "acrylic"}, {}, null, 2025-03-24 19:49:25.772298+08, 2025-03-24 19:50:35.574239+08, 'acrylic':1,2).

2025-03-24 19:50:35,576 - ERROR - Error processing act: new row for relation "words" violates check constraint "baybayin_form_check"
DETAIL:  Failing row contains (458, act, act, f, ᜀ, act, tl, null, null, null, [], {"hyphenation": "act"}, {}, null, 2025-03-24 19:49:25.772879+08, 2025-03-24 19:50:35.575466+08, 'act':1,2).

2025-03-24 19:50:35,583 - ERROR - Error processing actinium: new row for relation "words" violates check constraint "baybayin_form_check"
DETAIL:  Failing row contains (461, actinium, actinium, f, ᜀᜆᜒᜈᜒᜂ, actinium, tl, null, null, null, [], {"hyphenation": "actinium"}, {}, null, 2025-03-24 19:49:25.77455+08, 2025-03-24 19:50:35.582521+08, 'actinium':1,2).

2025-03-24 19:50:35,585 - ERROR - Error processing actinometer: new row for relation "words" violates check constraint "baybayin_form_check"
DETAIL:  Failing row contains (462, actinometer, actinometer, f, ᜀᜆᜒ, actinometer, tl, null, null, null, [], {"hyphenation": "actinometer"}, {}, null, 2025-03-24 19:49:25.775091+08, 2025-03-24 19:50:35.58448+08, 'actinometer':1,2).

2025-03-24 19:50:35,586 - ERROR - Error processing actinomycete: new row for relation "words" violates check constraint "baybayin_form_check"
DETAIL:  Failing row contains (463, actinomycete, actinomycete, f, ᜀᜆᜒ, actinomycete, tl, null, null, null, [], {"hyphenation": "actinomycete"}, {}, null, 2025-03-24 19:49:25.77582+08, 2025-03-24 19:50:35.585455+08, 'actinomycete':1,2).

2025-03-24 19:50:35,587 - ERROR - Error processing active: new row for relation "words" violates check constraint "baybayin_form_check"
DETAIL:  Failing row contains (464, active, active, f, ᜀᜆᜒ, active, tl, null, null, null, [], {"hyphenation": "active"}, {}, null, 2025-03-24 19:49:25.776349+08, 2025-03-24 19:50:35.587288+08, 'active':1,2).

2025-03-24 19:50:35,589 - ERROR - Error processing activity: new row for relation "words" violates check constraint "baybayin_form_check"
DETAIL:  Failing row contains (465, activity, activity, f, ᜀᜆᜒᜁ, activity, tl, null, null, null, [], {"hyphenation": "activity"}, {}, null, 2025-03-24 19:49:25.776885+08, 2025-03-24 19:50:35.58834+08, 'activity':1,2).

2025-03-24 19:50:35,590 - ERROR - Error processing acto de atricion: new row for relation "words" violates check constraint "baybayin_form_check"
DETAIL:  Failing row contains (466, acto de atricion, acto de atricion, f, ᜀᜀᜁᜁ, acto de atricion, tl, null, null, null, [], {"hyphenation": "acto de atricion"}, {}, null, 2025-03-24 19:49:25.777345+08, 2025-03-24 19:50:35.590052+08, 'acto':1,4 'atricion':3,6 'de':2,5).

2025-03-24 19:50:35,591 - ERROR - Error processing actum est: new row for relation "words" violates check constraint "baybayin_form_check"
DETAIL:  Failing row contains (467, actum est, actum est, f, ᜀᜆᜓ, actum est, tl, null, null, null, [], {"hyphenation": "actum est"}, {}, null, 2025-03-24 19:49:25.777847+08, 2025-03-24 19:50:35.591025+08, 'actum':1,3 'est':2,4).

2025-03-24 19:50:35,593 - ERROR - Error processing acumen: new row for relation "words" violates check constraint "baybayin_form_check"
DETAIL:  Failing row contains (468, acumen, acumen, f, ᜀᜂ, acumen, tl, null, null, null, [], {"hyphenation": "acumen"}, {}, null, 2025-03-24 19:49:25.778466+08, 2025-03-24 19:50:35.592202+08, 'acumen':1,2).

2025-03-24 19:50:35,593 - ERROR - Error processing acupressure: new row for relation "words" violates check constraint "baybayin_form_check"
DETAIL:  Failing row contains (469, acupressure, acupressure, f, ᜀᜂᜐᜓ, acupressure, tl, null, null, null, [], {"hyphenation": "acupressure"}, {}, null, 2025-03-24 19:49:25.77897+08, 2025-03-24 19:50:35.593533+08, 'acupressure':1,2).

2025-03-24 19:50:35,596 - ERROR - Error processing acupuncture: new row for relation "words" violates check constraint "baybayin_form_check"
DETAIL:  Failing row contains (470, acupuncture, acupuncture, f, ᜀᜂᜉᜓᜆᜓ, acupuncture, tl, null, null, null, [], {"hyphenation": "acupuncture"}, {}, null, 2025-03-24 19:49:25.77947+08, 2025-03-24 19:50:35.594587+08, 'acupuncture':1,2).

2025-03-24 19:50:35,597 - ERROR - Error processing acute: new row for relation "words" violates check constraint "baybayin_form_check"
DETAIL:  Failing row contains (471, acute, acute, f, ᜀᜂ, acute, tl, null, null, null, [], {"hyphenation": "acute"}, {}, null, 2025-03-24 19:49:25.779917+08, 2025-03-24 19:50:35.59641+08, 'acute':1,2).

2025-03-24 19:50:35,598 - ERROR - Error processing acute angle: new row for relation "words" violates check constraint "baybayin_form_check"
DETAIL:  Failing row contains (472, acute angle, acute angle, f, ᜀᜂᜀ, acute angle, tl, null, null, null, [], {"hyphenation": "acute angle"}, {}, null, 2025-03-24 19:49:25.780395+08, 2025-03-24 19:50:35.597917+08, 'acute':1,3 'angle':2,4).

2025-03-24 19:50:35,599 - ERROR - Error processing ad: new row for relation "words" violates check constraint "baybayin_form_check"
DETAIL:  Failing row contains (473, ad, ad, f, ᜀ, ad, tl, null, null, null, [], {"hyphenation": "ad"}, {}, null, 2025-03-24 19:49:25.780856+08, 2025-03-24 19:50:35.599274+08, 'ad':1,2).

2025-03-24 19:50:35,611 - ERROR - Error processing adagio: new row for relation "words" violates check constraint "baybayin_form_check"
DETAIL:  Failing row contains (476, adagio, adagio, f, ᜀᜇᜄᜒ, adagio, tl, null, null, null, [], {"hyphenation": "adagio"}, {}, null, 2025-03-24 19:49:25.782595+08, 2025-03-24 19:50:35.610579+08, 'adagio':1,2).

2025-03-24 19:50:35,640 - ERROR - Error processing adaptable: new row for relation "words" violates check constraint "baybayin_form_check"
DETAIL:  Failing row contains (485, adaptable, adaptable, f, ᜀᜇᜆ, adaptable, tl, null, null, null, [], {"hyphenation": "adaptable"}, {}, null, 2025-03-24 19:49:25.792082+08, 2025-03-24 19:50:35.639982+08, 'adaptable':1,2).

2025-03-24 19:50:35,674 - ERROR - Error processing ad astra per aspera: new row for relation "words" violates check constraint "baybayin_form_check"
DETAIL:  Failing row contains (495, ad astra per aspera, ad astra per aspera, f, ᜀᜀᜀᜀᜀ, ad astra per aspera, tl, null, null, null, [], {"hyphenation": "ad astra per aspera"}, {}, null, 2025-03-24 19:49:25.798289+08, 2025-03-24 19:50:35.673595+08, 'ad':1,5 'aspera':4,8 'astra':2,6 'per':3,7).

2025-03-24 19:50:35,722 - ERROR - Error processing addiction: new row for relation "words" violates check constraint "baybayin_form_check"
DETAIL:  Failing row contains (512, addiction, addiction, f, ᜀᜇᜒᜆᜒ, addiction, tl, null, null, null, [], {"hyphenation": "addiction"}, {}, null, 2025-03-24 19:49:25.808338+08, 2025-03-24 19:50:35.722459+08, 'addiction':1,2).

2025-03-24 19:50:35,724 - ERROR - Error processing addition: new row for relation "words" violates check constraint "baybayin_form_check"
DETAIL:  Failing row contains (513, addition, addition, f, ᜀᜇᜒᜆᜒ, addition, tl, null, null, null, [], {"hyphenation": "addition"}, {}, null, 2025-03-24 19:49:25.808823+08, 2025-03-24 19:50:35.723515+08, 'addition':1,2).

2025-03-24 19:50:35,725 - ERROR - Error processing additional: new row for relation "words" violates check constraint "baybayin_form_check"
DETAIL:  Failing row contains (514, additional, additional, f, ᜀᜇᜒᜆᜒᜈ, additional, tl, null, null, null, [], {"hyphenation": "additional"}, {}, null, 2025-03-24 19:49:25.809347+08, 2025-03-24 19:50:35.724685+08, 'additional':1,2).

2025-03-24 19:50:35,743 - ERROR - Error processing adenine: new row for relation "words" violates check constraint "baybayin_form_check"
DETAIL:  Failing row contains (520, adenine, adenine, f, ᜀᜈᜒ, adenine, tl, null, null, null, [], {"hyphenation": "adenine"}, {}, null, 2025-03-24 19:49:25.813537+08, 2025-03-24 19:50:35.742469+08, 'adenine':1,2).

2025-03-24 19:50:35,743 - ERROR - Error processing adenitis: new row for relation "words" violates check constraint "baybayin_form_check"
DETAIL:  Failing row contains (521, adenitis, adenitis, f, ᜀᜈᜒᜆᜒ, adenitis, tl, null, null, null, [], {"hyphenation": "adenitis"}, {}, null, 2025-03-24 19:49:25.814135+08, 2025-03-24 19:50:35.743484+08, 'adenitis':1,2).

2025-03-24 19:50:35,746 - ERROR - Error processing adenoid: new row for relation "words" violates check constraint "baybayin_form_check"
DETAIL:  Failing row contains (522, adenoid, adenoid, f, ᜀᜁ, adenoid, tl, null, null, null, [], {"hyphenation": "adenoid"}, {}, null, 2025-03-24 19:49:25.814698+08, 2025-03-24 19:50:35.744678+08, 'adenoid':1,2).

2025-03-24 19:50:35,750 - ERROR - Error processing adenosine: new row for relation "words" violates check constraint "baybayin_form_check"
DETAIL:  Failing row contains (524, adenosine, adenosine, f, ᜀᜐᜒ, adenosine, tl, null, null, null, [], {"hyphenation": "adenosine"}, {}, null, 2025-03-24 19:49:25.816142+08, 2025-03-24 19:50:35.749806+08, 'adenosine':1,2).

2025-03-24 19:50:35,760 - ERROR - Error processing a deux: new row for relation "words" violates check constraint "baybayin_form_check"
DETAIL:  Failing row contains (527, a deux, a deux, f, ᜀᜂ, a deux, tl, null, null, null, [], {"hyphenation": "a deux"}, {}, null, 2025-03-24 19:49:25.818173+08, 2025-03-24 19:50:35.759539+08, 'a':1,3 'deux':2,4).

2025-03-24 19:50:35,762 - ERROR - Error processing ad fin: new row for relation "words" violates check constraint "baybayin_form_check"
DETAIL:  Failing row contains (528, ad fin, ad fin, f, ᜀᜁ, ad fin, tl, null, null, null, [], {"hyphenation": "ad fin"}, {}, null, 2025-03-24 19:49:25.818721+08, 2025-03-24 19:50:35.761521+08, 'ad':1,3 'fin':2,4).

2025-03-24 19:50:35,767 - ERROR - Error processing adhesion: new row for relation "words" violates check constraint "baybayin_form_check"
DETAIL:  Failing row contains (530, adhesion, adhesion, f, ᜀᜐᜒ, adhesion, tl, null, null, null, [], {"hyphenation": "adhesion"}, {}, null, 2025-03-24 19:49:25.819759+08, 2025-03-24 19:50:35.766913+08, 'adhesion':1,2).

2025-03-24 19:50:35,768 - ERROR - Error processing adhesive: new row for relation "words" violates check constraint "baybayin_form_check"
DETAIL:  Failing row contains (531, adhesive, adhesive, f, ᜀᜐᜒ, adhesive, tl, null, null, null, [], {"hyphenation": "adhesive"}, {}, null, 2025-03-24 19:49:25.820353+08, 2025-03-24 19:50:35.767982+08, 'adhesive':1,2).

2025-03-24 19:50:35,769 - ERROR - Error processing adhesive tape: new row for relation "words" violates check constraint "baybayin_form_check"
DETAIL:  Failing row contains (532, adhesive tape, adhesive tape, f, ᜀᜐᜒᜆ, adhesive tape, tl, null, null, null, [], {"hyphenation": "adhesive tape"}, {}, null, 2025-03-24 19:49:25.820871+08, 2025-03-24 19:50:35.76938+08, 'adhesive':1,3 'tape':2,4).

2025-03-24 19:50:35,787 - ERROR - Error processing ad hoc: new row for relation "words" violates check constraint "baybayin_form_check"
DETAIL:  Failing row contains (537, ad hoc, ad hoc, f, ᜀ, ad hoc, tl, null, null, null, [], {"hyphenation": "ad hoc"}, {}, null, 2025-03-24 19:49:25.824014+08, 2025-03-24 19:50:35.786051+08, 'ad':1,3 'hoc':2,4).

2025-03-24 19:50:35,788 - ERROR - Error processing ad hominem: new row for relation "words" violates check constraint "baybayin_form_check"
DETAIL:  Failing row contains (538, ad hominem, ad hominem, f, ᜀᜋᜒ, ad hominem, tl, null, null, null, [], {"hyphenation": "ad hominem"}, {}, null, 2025-03-24 19:49:25.824456+08, 2025-03-24 19:50:35.787786+08, 'ad':1,3 'hominem':2,4).

2025-03-24 19:50:35,863 - ERROR - Error processing adjacent: new row for relation "words" violates check constraint "baybayin_form_check"
DETAIL:  Failing row contains (564, adjacent, adjacent, f, ᜀᜀ, adjacent, tl, null, null, null, [], {"hyphenation": "adjacent"}, {}, null, 2025-03-24 19:49:25.838412+08, 2025-03-24 19:50:35.862595+08, 'adjacent':1,2).

2025-03-24 19:50:35,864 - ERROR - Error processing adjective: new row for relation "words" violates check constraint "baybayin_form_check"
DETAIL:  Failing row contains (565, adjective, adjective, f, ᜀᜆᜒ, adjective, tl, null, null, null, [], {"hyphenation": "adjective"}, {}, null, 2025-03-24 19:49:25.838898+08, 2025-03-24 19:50:35.863536+08, 'adjective':1,2).

2025-03-24 19:50:35,864 - ERROR - Error processing adjourn: new row for relation "words" violates check constraint "baybayin_form_check"
DETAIL:  Failing row contains (566, adjourn, adjourn, f, ᜀᜂ, adjourn, tl, null, null, null, [], {"hyphenation": "adjourn"}, {}, null, 2025-03-24 19:49:25.839394+08, 2025-03-24 19:50:35.864301+08, 'adjourn':1,2).

2025-03-24 19:50:35,866 - ERROR - Error processing adjutant: new row for relation "words" violates check constraint "baybayin_form_check"
DETAIL:  Failing row contains (567, adjutant, adjutant, f, ᜀᜂᜆ, adjutant, tl, null, null, null, [], {"hyphenation": "adjutant"}, {}, null, 2025-03-24 19:49:25.839875+08, 2025-03-24 19:50:35.865245+08, 'adjutant':1,2).

2025-03-24 19:50:35,918 - ERROR - Error processing administration: new row for relation "words" violates check constraint "baybayin_form_check"
DETAIL:  Failing row contains (583, administration, administration, f, ᜀᜋᜒᜈᜒᜀᜆᜒ, administration, tl, null, null, null, [], {"hyphenation": "administration"}, {}, null, 2025-03-24 19:49:25.850495+08, 2025-03-24 19:50:35.917159+08, 'administration':1,2).

2025-03-24 19:50:35,919 - ERROR - Error processing administrator: new row for relation "words" violates check constraint "baybayin_form_check"
DETAIL:  Failing row contains (584, administrator, administrator, f, ᜀᜋᜒᜈᜒᜀ, administrator, tl, null, null, null, [], {"hyphenation": "administrator"}, {}, null, 2025-03-24 19:49:25.851016+08, 2025-03-24 19:50:35.918981+08, 'administrator':1,2).

2025-03-24 19:50:35,928 - ERROR - Error processing admiration: new row for relation "words" violates check constraint "baybayin_form_check"
DETAIL:  Failing row contains (589, admiration, admiration, f, ᜀᜋᜒᜀᜆᜒ, admiration, tl, null, null, null, [], {"hyphenation": "admiration"}, {}, null, 2025-03-24 19:49:25.85355+08, 2025-03-24 19:50:35.927175+08, 'admiration':1,2).

2025-03-24 19:50:35,929 - ERROR - Error processing admirer: new row for relation "words" violates check constraint "baybayin_form_check"
DETAIL:  Failing row contains (590, admirer, admirer, f, ᜀᜋᜒ, admirer, tl, null, null, null, [], {"hyphenation": "admirer"}, {}, null, 2025-03-24 19:49:25.854041+08, 2025-03-24 19:50:35.928997+08, 'admirer':1,2).

2025-03-24 19:50:35,931 - ERROR - Error processing admission: new row for relation "words" violates check constraint "baybayin_form_check"
DETAIL:  Failing row contains (591, admission, admission, f, ᜀᜋᜒᜐᜒ, admission, tl, null, null, null, [], {"hyphenation": "admission"}, {}, null, 2025-03-24 19:49:25.854531+08, 2025-03-24 19:50:35.93008+08, 'admission':1,2).

2025-03-24 19:50:35,956 - ERROR - Error processing ad nauseam: new row for relation "words" violates check constraint "baybayin_form_check"
DETAIL:  Failing row contains (597, ad nauseam, ad nauseam, f, ᜀᜈᜂᜀ, ad nauseam, tl, null, null, null, [], {"hyphenation": "ad nauseam"}, {}, null, 2025-03-24 19:49:25.857843+08, 2025-03-24 19:50:35.95575+08, 'ad':1,3 'nauseam':2,4).

2025-03-24 19:50:35,990 - ERROR - Error processing adolescence: new row for relation "words" violates check constraint "baybayin_form_check"
DETAIL:  Failing row contains (606, adolescence, adolescence, f, ᜀ, adolescence, tl, null, null, null, [], {"hyphenation": "adolescence"}, {}, null, 2025-03-24 19:49:25.863306+08, 2025-03-24 19:50:35.990107+08, 'adolescence':1,2).

2025-03-24 19:50:35,992 - ERROR - Error processing adolescent: new row for relation "words" violates check constraint "baybayin_form_check"
DETAIL:  Failing row contains (607, adolescent, adolescent, f, ᜀ, adolescent, tl, null, null, null, [], {"hyphenation": "adolescent"}, {}, null, 2025-03-24 19:49:25.863987+08, 2025-03-24 19:50:35.991324+08, 'adolescent':1,2).

2025-03-24 19:50:36,016 - ERROR - Error processing -ador: new row for relation "words" violates check constraint "baybayin_form_check"
DETAIL:  Failing row contains (615, -ador, -ador, f, ᜀ, -ador, tl, null, null, null, [], {"hyphenation": "-a·dor"}, {}, null, 2025-03-24 19:49:25.869671+08, 2025-03-24 19:50:36.01567+08, 'ador':1,2).

2025-03-24 19:50:36,043 - ERROR - Error processing adrenal: new row for relation "words" violates check constraint "baybayin_form_check"
DETAIL:  Failing row contains (623, adrenal, adrenal, f, ᜀᜈ, adrenal, tl, null, null, null, [], {"hyphenation": "adrenal"}, {}, null, 2025-03-24 19:49:25.874411+08, 2025-03-24 19:50:36.042761+08, 'adrenal':1,2).

2025-03-24 19:50:36,045 - ERROR - Error processing adrenal gland: new row for relation "words" violates check constraint "baybayin_form_check"
DETAIL:  Failing row contains (624, adrenal gland, adrenal gland, f, ᜀᜈᜎ, adrenal gland, tl, null, null, null, [], {"hyphenation": "adrenal gland"}, {}, null, 2025-03-24 19:49:25.87493+08, 2025-03-24 19:50:36.044408+08, 'adrenal':1,3 'gland':2,4).

2025-03-24 19:50:36,046 - ERROR - Error processing adrenaline: new row for relation "words" violates check constraint "baybayin_form_check"
DETAIL:  Failing row contains (625, adrenaline, adrenaline, f, ᜀᜈᜎᜒ, adrenaline, tl, null, null, null, [], {"hyphenation": "adrenaline"}, {}, null, 2025-03-24 19:49:25.875548+08, 2025-03-24 19:50:36.045405+08, 'adrenaline':1,2).

2025-03-24 19:50:36,047 - ERROR - Error processing adrenocorticotropic hormone: new row for relation "words" violates check constraint "baybayin_form_check"
DETAIL:  Failing row contains (626, adrenocorticotropic hormone, adrenocorticotropic hormone, f, ᜀᜆᜒᜉᜒ, adrenocorticotropic hormone, tl, null, null, null, [], {"hyphenation": "adrenocorticotropic hormone"}, {}, null, 2025-03-24 19:49:25.876134+08, 2025-03-24 19:50:36.046719+08, 'adrenocorticotropic':1,3 'hormone':2,4).

2025-03-24 19:50:36,087 - ERROR - Error processing adulation: new row for relation "words" violates check constraint "baybayin_form_check"
DETAIL:  Failing row contains (637, adulation, adulation, f, ᜀᜇᜓᜎᜆᜒ, adulation, tl, null, null, null, [], {"hyphenation": "adulation"}, {}, null, 2025-03-24 19:49:25.882686+08, 2025-03-24 19:50:36.086879+08, 'adulation':1,2).

2025-03-24 19:50:36,092 - ERROR - Error processing adult: new row for relation "words" violates check constraint "baybayin_form_check"
DETAIL:  Failing row contains (639, adult, adult, f, ᜀᜇᜓ, adult, tl, null, null, null, [], {"hyphenation": "adult"}, {}, null, 2025-03-24 19:49:25.883718+08, 2025-03-24 19:50:36.092284+08, 'adult':1,2).

2025-03-24 19:50:36,105 - ERROR - Error processing adultery: new row for relation "words" violates check constraint "baybayin_form_check"
DETAIL:  Failing row contains (643, adultery, adultery, f, ᜀᜇᜓ, adultery, tl, null, null, null, [], {"hyphenation": "adultery"}, {}, null, 2025-03-24 19:49:25.885988+08, 2025-03-24 19:50:36.104295+08, 'adultery':1,2).

2025-03-24 19:50:36,118 - ERROR - Error processing ad utruque paratus: new row for relation "words" violates check constraint "baybayin_form_check"
DETAIL:  Failing row contains (649, ad utruque paratus, ad utruque paratus, f, ᜀᜂᜂᜂᜉᜀᜆᜓ, ad utruque paratus, tl, null, null, null, [], {"hyphenation": "ad utruque paratus"}, {}, null, 2025-03-24 19:49:25.890793+08, 2025-03-24 19:50:36.11787+08, 'ad':1,4 'paratus':3,6 'utruque':2,5).

2025-03-24 19:50:36,129 - ERROR - Error processing advance: new row for relation "words" violates check constraint "baybayin_form_check"
DETAIL:  Failing row contains (653, advance, advance, f, ᜀᜀ, advance, tl, null, null, null, [], {"hyphenation": "advance"}, {}, null, 2025-03-24 19:49:25.893083+08, 2025-03-24 19:50:36.129009+08, 'advance':1,2).

2025-03-24 19:50:36,136 - ERROR - Error processing adventitious root: new row for relation "words" violates check constraint "baybayin_form_check"
DETAIL:  Failing row contains (655, adventitious root, adventitious root, f, ᜀᜆᜒᜆᜒᜂ, adventitious root, tl, null, null, null, [], {"hyphenation": "adventitious root"}, {}, null, 2025-03-24 19:49:25.894459+08, 2025-03-24 19:50:36.135611+08, 'adventitious':1,3 'root':2,4).

2025-03-24 19:50:36,138 - ERROR - Error processing adventure: new row for relation "words" violates check constraint "baybayin_form_check"
DETAIL:  Failing row contains (656, adventure, adventure, f, ᜀᜆᜓ, adventure, tl, null, null, null, [], {"hyphenation": "adventure"}, {}, null, 2025-03-24 19:49:25.895499+08, 2025-03-24 19:50:36.137249+08, 'adventure':1,2).

2025-03-24 19:50:36,140 - ERROR - Error processing adventurer: new row for relation "words" violates check constraint "baybayin_form_check"
DETAIL:  Failing row contains (657, adventurer, adventurer, f, ᜀᜆᜓ, adventurer, tl, null, null, null, [], {"hyphenation": "adventurer"}, {}, null, 2025-03-24 19:49:25.896104+08, 2025-03-24 19:50:36.138811+08, 'adventurer':1,2).

2025-03-24 19:50:36,141 - ERROR - Error processing adverb: new row for relation "words" violates check constraint "baybayin_form_check"
DETAIL:  Failing row contains (658, adverb, adverb, f, ᜀ, adverb, tl, null, null, null, [], {"hyphenation": "adverb"}, {}, null, 2025-03-24 19:49:25.896637+08, 2025-03-24 19:50:36.141014+08, 'adverb':1,2).

2025-03-24 19:50:36,143 - ERROR - Error processing adverb of affirmation: new row for relation "words" violates check constraint "baybayin_form_check"
DETAIL:  Failing row contains (659, adverb of affirmation, adverb of affirmation, f, ᜀᜀᜁᜋᜆᜒ, adverb of affirmation, tl, null, null, null, [], {"hyphenation": "adverb of affirmation"}, {}, null, 2025-03-24 19:49:25.89716+08, 2025-03-24 19:50:36.142496+08, 'adverb':1,4 'affirmation':3,6 'of':2,5).

2025-03-24 19:50:36,144 - ERROR - Error processing adverb of degree: new row for relation "words" violates check constraint "baybayin_form_check"
DETAIL:  Failing row contains (660, adverb of degree, adverb of degree, f, ᜀ, adverb of degree, tl, null, null, null, [], {"hyphenation": "adverb of degree"}, {}, null, 2025-03-24 19:49:25.89762+08, 2025-03-24 19:50:36.144133+08, 'adverb':1,4 'degree':3,6 'of':2,5).

2025-03-24 19:50:36,146 - ERROR - Error processing adverb of manner: new row for relation "words" violates check constraint "baybayin_form_check"
DETAIL:  Failing row contains (661, adverb of manner, adverb of manner, f, ᜀᜋ, adverb of manner, tl, null, null, null, [], {"hyphenation": "adverb of manner"}, {}, null, 2025-03-24 19:49:25.898066+08, 2025-03-24 19:50:36.145362+08, 'adverb':1,4 'manner':3,6 'of':2,5).

2025-03-24 19:50:36,147 - ERROR - Error processing adverb of negation: new row for relation "words" violates check constraint "baybayin_form_check"
DETAIL:  Failing row contains (662, adverb of negation, adverb of negation, f, ᜀᜄᜆᜒ, adverb of negation, tl, null, null, null, [], {"hyphenation": "adverb of negation"}, {}, null, 2025-03-24 19:49:25.898523+08, 2025-03-24 19:50:36.147096+08, 'adverb':1,4 'negation':3,6 'of':2,5).

2025-03-24 19:50:36,148 - ERROR - Error processing adverb of place: new row for relation "words" violates check constraint "baybayin_form_check"
DETAIL:  Failing row contains (663, adverb of place, adverb of place, f, ᜀᜎ, adverb of place, tl, null, null, null, [], {"hyphenation": "adverb of place"}, {}, null, 2025-03-24 19:49:25.899023+08, 2025-03-24 19:50:36.148105+08, 'adverb':1,4 'of':2,5 'place':3,6).

2025-03-24 19:50:36,150 - ERROR - Error processing adverb of time: new row for relation "words" violates check constraint "baybayin_form_check"
DETAIL:  Failing row contains (664, adverb of time, adverb of time, f, ᜀᜆᜒ, adverb of time, tl, null, null, null, [], {"hyphenation": "adverb of time"}, {}, null, 2025-03-24 19:49:25.89958+08, 2025-03-24 19:50:36.149169+08, 'adverb':1,4 'of':2,5 'time':3,6).

2025-03-24 19:50:36,150 - ERROR - Error processing adverse: new row for relation "words" violates check constraint "baybayin_form_check"
DETAIL:  Failing row contains (665, adverse, adverse, f, ᜀ, adverse, tl, null, null, null, [], {"hyphenation": "adverse"}, {}, null, 2025-03-24 19:49:25.900143+08, 2025-03-24 19:50:36.150355+08, 'adverse':1,2).

2025-03-24 19:50:36,151 - ERROR - Error processing advertising: new row for relation "words" violates check constraint "baybayin_form_check"
DETAIL:  Failing row contains (666, advertising, advertising, f, ᜀᜆᜒᜐᜒ, advertising, tl, null, null, null, [], {"hyphenation": "advertising"}, {}, null, 2025-03-24 19:49:25.900637+08, 2025-03-24 19:50:36.151208+08, 'advertising':1,2).

2025-03-24 19:50:36,153 - ERROR - Error processing advice: new row for relation "words" violates check constraint "baybayin_form_check"
DETAIL:  Failing row contains (667, advice, advice, f, ᜀᜁ, advice, tl, null, null, null, [], {"hyphenation": "advice"}, {}, null, 2025-03-24 19:49:25.901165+08, 2025-03-24 19:50:36.152246+08, 'advice':1,2).

2025-03-24 19:50:36,153 - ERROR - Error processing adviser: new row for relation "words" violates check constraint "baybayin_form_check"
DETAIL:  Failing row contains (668, adviser, adviser, f, ᜀᜁ, adviser, tl, null, null, null, [], {"hyphenation": "adviser"}, {}, null, 2025-03-24 19:49:25.90171+08, 2025-03-24 19:50:36.153387+08, 'adviser':1,2).

2025-03-24 19:50:36,155 - ERROR - Error processing advocatus diaboli: new row for relation "words" violates check constraint "baybayin_form_check"
DETAIL:  Failing row contains (669, advocatus diaboli, advocatus diaboli, f, ᜀᜀᜆᜓᜇᜒᜀᜎᜒ, advocatus diaboli, tl, null, null, null, [], {"hyphenation": "advocatus diaboli"}, {}, null, 2025-03-24 19:49:25.902246+08, 2025-03-24 19:50:36.154302+08, 'advocatus':1,3 'diaboli':2,4).

2025-03-24 19:50:36,199 - ERROR - Error processing adze: new row for relation "words" violates check constraint "baybayin_form_check"
DETAIL:  Failing row contains (682, adze, adze, f, ᜀ, adze, tl, null, null, null, [], {"hyphenation": "adze"}, {}, null, 2025-03-24 19:49:25.911486+08, 2025-03-24 19:50:36.19894+08, 'adze':1,2).

2025-03-24 19:50:36,206 - ERROR - Error processing aegis: new row for relation "words" violates check constraint "baybayin_form_check"
DETAIL:  Failing row contains (685, aegis, aegis, f, ᜀᜄᜒ, aegis, tl, null, null, null, [], {"hyphenation": "aegis"}, {}, null, 2025-03-24 19:49:25.913093+08, 2025-03-24 19:50:36.205388+08, 'aegis':1,2).

2025-03-24 19:50:36,216 - ERROR - Error processing aeon: new row for relation "words" violates check constraint "baybayin_form_check"
DETAIL:  Failing row contains (689, aeon, aeon, f, ᜀ, aeon, tl, null, null, null, [], {"hyphenation": "aeon"}, {}, null, 2025-03-24 19:49:25.915241+08, 2025-03-24 19:50:36.215757+08, 'aeon':1,2).

2025-03-24 19:50:36,225 - ERROR - Error processing aerial: new row for relation "words" violates check constraint "baybayin_form_check"
DETAIL:  Failing row contains (692, aerial, aerial, f, ᜀᜁᜀ, aerial, tl, null, null, null, [], {"hyphenation": "aerial"}, {}, null, 2025-03-24 19:49:25.917705+08, 2025-03-24 19:50:36.224402+08, 'aerial':1,2).

2025-03-24 19:50:36,226 - ERROR - Error processing aerie: new row for relation "words" violates check constraint "baybayin_form_check"
DETAIL:  Failing row contains (693, aerie, aerie, f, ᜀᜁ, aerie, tl, null, null, null, [], {"hyphenation": "aerie"}, {}, null, 2025-03-24 19:49:25.918491+08, 2025-03-24 19:50:36.225933+08, 'aerie':1,2).

2025-03-24 19:50:36,228 - ERROR - Error processing aerobics: new row for relation "words" violates check constraint "baybayin_form_check"
DETAIL:  Failing row contains (694, aerobics, aerobics, f, ᜀᜊᜒ, aerobics, tl, null, null, null, [], {"hyphenation": "aerobics"}, {}, null, 2025-03-24 19:49:25.919197+08, 2025-03-24 19:50:36.226742+08, 'aerobics':1,2).

2025-03-24 19:50:36,236 - ERROR - Error processing aerodrome: new row for relation "words" violates check constraint "baybayin_form_check"
DETAIL:  Failing row contains (698, aerodrome, aerodrome, f, ᜀ, aerodrome, tl, null, null, null, [], {"hyphenation": "aerodrome"}, {}, null, 2025-03-24 19:49:25.921582+08, 2025-03-24 19:50:36.23614+08, 'aerodrome':1,2).

2025-03-24 19:50:36,241 - ERROR - Error processing aerodynamics: new row for relation "words" violates check constraint "baybayin_form_check"
DETAIL:  Failing row contains (700, aerodynamics, aerodynamics, f, ᜀᜈᜋᜒ, aerodynamics, tl, null, null, null, [], {"hyphenation": "aerodynamics"}, {}, null, 2025-03-24 19:49:25.92253+08, 2025-03-24 19:50:36.240953+08, 'aerodynamics':1,2).

2025-03-24 19:50:36,242 - ERROR - Error processing aerogram: new row for relation "words" violates check constraint "baybayin_form_check"
DETAIL:  Failing row contains (701, aerogram, aerogram, f, ᜀᜀ, aerogram, tl, null, null, null, [], {"hyphenation": "aerogram"}, {}, null, 2025-03-24 19:49:25.923077+08, 2025-03-24 19:50:36.242184+08, 'aerogram':1,2).

2025-03-24 19:50:36,243 - ERROR - Error processing aeronaut: new row for relation "words" violates check constraint "baybayin_form_check"
DETAIL:  Failing row contains (702, aeronaut, aeronaut, f, ᜀᜈᜂ, aeronaut, tl, null, null, null, [], {"hyphenation": "aeronaut"}, {}, null, 2025-03-24 19:49:25.923621+08, 2025-03-24 19:50:36.243298+08, 'aeronaut':1,2).

2025-03-24 19:50:36,245 - ERROR - Error processing aeronautics: new row for relation "words" violates check constraint "baybayin_form_check"
DETAIL:  Failing row contains (703, aeronautics, aeronautics, f, ᜀᜈᜂᜆᜒ, aeronautics, tl, null, null, null, [], {"hyphenation": "aeronautics"}, {}, null, 2025-03-24 19:49:25.924172+08, 2025-03-24 19:50:36.244203+08, 'aeronautics':1,2).

2025-03-24 19:50:36,252 - ERROR - Error processing aerophobia: new row for relation "words" violates check constraint "baybayin_form_check"
DETAIL:  Failing row contains (706, aerophobia, aerophobia, f, ᜀᜊᜒᜀ, aerophobia, tl, null, null, null, [], {"hyphenation": "aerophobia"}, {}, null, 2025-03-24 19:49:25.926844+08, 2025-03-24 19:50:36.250716+08, 'aerophobia':1,2).

2025-03-24 19:50:36,254 - ERROR - Error processing aerosol: new row for relation "words" violates check constraint "baybayin_form_check"
DETAIL:  Failing row contains (707, aerosol, aerosol, f, ᜀ, aerosol, tl, null, null, null, [], {"hyphenation": "aerosol"}, {}, null, 2025-03-24 19:49:25.927385+08, 2025-03-24 19:50:36.253464+08, 'aerosol':1,2).

2025-03-24 19:50:36,255 - ERROR - Error processing aesthete: new row for relation "words" violates check constraint "baybayin_form_check"
DETAIL:  Failing row contains (708, aesthete, aesthete, f, ᜀ, aesthete, tl, null, null, null, [], {"hyphenation": "aesthete"}, {}, null, 2025-03-24 19:49:25.927862+08, 2025-03-24 19:50:36.254517+08, 'aesthete':1,2).

2025-03-24 19:50:36,256 - ERROR - Error processing aesthetic: new row for relation "words" violates check constraint "baybayin_form_check"
DETAIL:  Failing row contains (709, aesthetic, aesthetic, f, ᜀᜆᜒ, aesthetic, tl, null, null, null, [], {"hyphenation": "aesthetic"}, {}, null, 2025-03-24 19:49:25.928602+08, 2025-03-24 19:50:36.255908+08, 'aesthetic':1,2).

2025-03-24 19:50:36,257 - ERROR - Error processing aesthetics: new row for relation "words" violates check constraint "baybayin_form_check"
DETAIL:  Failing row contains (710, aesthetics, aesthetics, f, ᜀᜆᜒ, aesthetics, tl, null, null, null, [], {"hyphenation": "aesthetics"}, {}, null, 2025-03-24 19:49:25.929153+08, 2025-03-24 19:50:36.257006+08, 'aesthetics':1,2).

2025-03-24 19:50:36,259 - ERROR - Error processing aes triplex: new row for relation "words" violates check constraint "baybayin_form_check"
DETAIL:  Failing row contains (711, aes triplex, aes triplex, f, ᜀᜁ, aes triplex, tl, null, null, null, [], {"hyphenation": "aes triplex"}, {}, null, 2025-03-24 19:49:25.929755+08, 2025-03-24 19:50:36.257962+08, 'aes':1,3 'triplex':2,4).

2025-03-24 19:50:36,264 - ERROR - Error processing aetatis suae: new row for relation "words" violates check constraint "baybayin_form_check"
DETAIL:  Failing row contains (714, aetatis suae, aetatis suae, f, ᜀᜆᜆᜒᜐᜓᜀ, aetatis suae, tl, null, null, null, [], {"hyphenation": "aetatis suae"}, {}, null, 2025-03-24 19:49:25.931383+08, 2025-03-24 19:50:36.263839+08, 'aetatis':1,3 'suae':2,4).

2025-03-24 19:50:36,265 - ERROR - Error processing affidavit: new row for relation "words" violates check constraint "baybayin_form_check"
DETAIL:  Failing row contains (715, affidavit, affidavit, f, ᜀᜁᜇᜁ, affidavit, tl, null, null, null, [], {"hyphenation": "affidavit"}, {}, null, 2025-03-24 19:49:25.931869+08, 2025-03-24 19:50:36.264897+08, 'affidavit':1,2).

2025-03-24 19:50:36,266 - ERROR - Error processing affiliate: new row for relation "words" violates check constraint "baybayin_form_check"
DETAIL:  Failing row contains (716, affiliate, affiliate, f, ᜀᜁᜎᜒᜀ, affiliate, tl, null, null, null, [], {"hyphenation": "affiliate"}, {}, null, 2025-03-24 19:49:25.932392+08, 2025-03-24 19:50:36.265742+08, 'affiliate':1,2).

2025-03-24 19:50:36,267 - ERROR - Error processing affinity: new row for relation "words" violates check constraint "baybayin_form_check"
DETAIL:  Failing row contains (717, affinity, affinity, f, ᜀᜁᜈᜒ, affinity, tl, null, null, null, [], {"hyphenation": "affinity"}, {}, null, 2025-03-24 19:49:25.932856+08, 2025-03-24 19:50:36.266718+08, 'affinity':1,2).

2025-03-24 19:50:36,268 - ERROR - Error processing affirm: new row for relation "words" violates check constraint "baybayin_form_check"
DETAIL:  Failing row contains (718, affirm, affirm, f, ᜀᜁ, affirm, tl, null, null, null, [], {"hyphenation": "affirm"}, {}, null, 2025-03-24 19:49:25.933325+08, 2025-03-24 19:50:36.267941+08, 'affirm':1,2).

2025-03-24 19:50:36,269 - ERROR - Error processing affirmation: new row for relation "words" violates check constraint "baybayin_form_check"
DETAIL:  Failing row contains (719, affirmation, affirmation, f, ᜀᜁᜋᜆᜒ, affirmation, tl, null, null, null, [], {"hyphenation": "affirmation"}, {}, null, 2025-03-24 19:49:25.933791+08, 2025-03-24 19:50:36.268664+08, 'affirmation':1,2).

2025-03-24 19:50:36,270 - ERROR - Error processing affirmative: new row for relation "words" violates check constraint "baybayin_form_check"
DETAIL:  Failing row contains (720, affirmative, affirmative, f, ᜀᜁᜋᜆᜒ, affirmative, tl, null, null, null, [], {"hyphenation": "affirmative"}, {}, null, 2025-03-24 19:49:25.93429+08, 2025-03-24 19:50:36.269604+08, 'affirmative':1,2).

2025-03-24 19:50:36,271 - ERROR - Error processing affix: new row for relation "words" violates check constraint "baybayin_form_check"
DETAIL:  Failing row contains (721, affix, affix, f, ᜀᜁ, affix, tl, null, null, null, [], {"hyphenation": "affix"}, {}, null, 2025-03-24 19:49:25.93474+08, 2025-03-24 19:50:36.270932+08, 'affix':1,2).

2025-03-24 19:50:36,272 - ERROR - Error processing affixed noun: new row for relation "words" violates check constraint "baybayin_form_check"
DETAIL:  Failing row contains (722, affixed noun, affixed noun, f, ᜀᜁᜂ, affixed noun, tl, null, null, null, [], {"hyphenation": "affixed noun"}, {}, null, 2025-03-24 19:49:25.935641+08, 2025-03-24 19:50:36.271756+08, 'affixed':1,3 'noun':2,4).

2025-03-24 19:50:36,273 - ERROR - Error processing affliation: new row for relation "words" violates check constraint "baybayin_form_check"
DETAIL:  Failing row contains (723, affliation, affliation, f, ᜀᜎᜒᜀᜆᜒ, affliation, tl, null, null, null, [], {"hyphenation": "affliation"}, {}, null, 2025-03-24 19:49:25.936236+08, 2025-03-24 19:50:36.273403+08, 'affliation':1,2).

2025-03-24 19:50:36,284 - ERROR - Error processing aflatoxin: new row for relation "words" violates check constraint "baybayin_form_check"
DETAIL:  Failing row contains (727, aflatoxin, aflatoxin, f, ᜀᜎᜁ, aflatoxin, tl, null, null, null, [], {"hyphenation": "aflatoxin"}, {}, null, 2025-03-24 19:49:25.938353+08, 2025-03-24 19:50:36.284123+08, 'aflatoxin':1,2).

2025-03-24 19:50:36,299 - ERROR - Error processing african daisy: new row for relation "words" violates check constraint "baybayin_form_check"
DETAIL:  Failing row contains (733, african daisy, african daisy, f, ᜀᜁᜀᜇᜁ, african daisy, tl, null, null, null, [], {"hyphenation": "african daisy"}, {}, null, 2025-03-24 19:49:25.942315+08, 2025-03-24 19:50:36.299143+08, 'african':1,3 'daisy':2,4).

2025-03-24 19:50:36,301 - ERROR - Error processing african lily: new row for relation "words" violates check constraint "baybayin_form_check"
DETAIL:  Failing row contains (734, african lily, african lily, f, ᜀᜁᜀᜎᜒ, african lily, tl, null, null, null, [], {"hyphenation": "african lily"}, {}, null, 2025-03-24 19:49:25.942813+08, 2025-03-24 19:50:36.300081+08, 'african':1,3 'lily':2,4).

2025-03-24 19:50:36,302 - ERROR - Error processing african marigold: new row for relation "words" violates check constraint "baybayin_form_check"
DETAIL:  Failing row contains (735, african marigold, african marigold, f, ᜀᜁᜀᜋᜁ, african marigold, tl, null, null, null, [], {"hyphenation": "african marigold"}, {}, null, 2025-03-24 19:49:25.943341+08, 2025-03-24 19:50:36.301891+08, 'african':1,3 'marigold':2,4).

2025-03-24 19:50:36,311 - ERROR - Error processing after: new row for relation "words" violates check constraint "baybayin_form_check"
DETAIL:  Failing row contains (740, after, after, f, ᜀ, after, tl, null, null, null, [], {"hyphenation": "after"}, {}, null, 2025-03-24 19:49:25.946203+08, 2025-03-24 19:50:36.310711+08, 'after':1,2).

2025-03-24 19:50:36,312 - ERROR - Error processing afterlife: new row for relation "words" violates check constraint "baybayin_form_check"
DETAIL:  Failing row contains (741, afterlife, afterlife, f, ᜀᜎᜒ, afterlife, tl, null, null, null, [], {"hyphenation": "afterlife"}, {}, null, 2025-03-24 19:49:25.946813+08, 2025-03-24 19:50:36.311928+08, 'afterlife':1,2).

2025-03-24 19:50:36,314 - ERROR - Error processing afternoon: new row for relation "words" violates check constraint "baybayin_form_check"
DETAIL:  Failing row contains (742, afternoon, afternoon, f, ᜀ, afternoon, tl, null, null, null, [], {"hyphenation": "afternoon"}, {}, null, 2025-03-24 19:49:25.947392+08, 2025-03-24 19:50:36.313572+08, 'afternoon':1,2).

2025-03-24 19:50:36,315 - ERROR - Error processing aftertaste: new row for relation "words" violates check constraint "baybayin_form_check"
DETAIL:  Failing row contains (743, aftertaste, aftertaste, f, ᜀᜆ, aftertaste, tl, null, null, null, [], {"hyphenation": "aftertaste"}, {}, null, 2025-03-24 19:49:25.947913+08, 2025-03-24 19:50:36.314553+08, 'aftertaste':1,2).

2025-03-24 19:50:36,321 - ERROR - Error processing ag-: new row for relation "words" violates check constraint "baybayin_form_check"
DETAIL:  Failing row contains (746, ag-, ag-, f, ᜀ, ag-, tl, null, null, null, [], {"hyphenation": "ag-"}, {}, null, 2025-03-24 19:49:25.949464+08, 2025-03-24 19:50:36.321166+08, 'ag':1,2).

2025-03-24 19:50:36,433 - ERROR - Error processing agamic: new row for relation "words" violates check constraint "baybayin_form_check"
DETAIL:  Failing row contains (778, agamic, agamic, f, ᜀᜄᜋᜒ, agamic, tl, null, null, null, [], {"hyphenation": "agamic"}, {}, null, 2025-03-24 19:49:25.969943+08, 2025-03-24 19:50:36.432139+08, 'agamic':1,2).

2025-03-24 19:50:36,439 - ERROR - Error processing agamospermy: new row for relation "words" violates check constraint "baybayin_form_check"
DETAIL:  Failing row contains (781, agamospermy, agamospermy, f, ᜀᜄ, agamospermy, tl, null, null, null, [], {"hyphenation": "agamospermy"}, {}, null, 2025-03-24 19:49:25.972078+08, 2025-03-24 19:50:36.439083+08, 'agamospermy':1,2).

2025-03-24 19:50:36,519 - ERROR - Error processing agate: new row for relation "words" violates check constraint "baybayin_form_check"
DETAIL:  Failing row contains (808, agate, agate, f, ᜀᜄ, agate, tl, null, null, null, [], {"hyphenation": "agate"}, {}, null, 2025-03-24 19:49:25.990103+08, 2025-03-24 19:50:36.518987+08, 'agate':1,2).

2025-03-24 19:50:36,527 - ERROR - Error processing agave: new row for relation "words" violates check constraint "baybayin_form_check"
DETAIL:  Failing row contains (810, agave, agave, f, ᜀᜄ, agave, tl, null, null, null, [], {"hyphenation": "agave"}, {}, null, 2025-03-24 19:49:25.992794+08, 2025-03-24 19:50:36.526231+08, 'agave':1,2).

2025-03-24 19:50:36,610 - ERROR - Error processing age: new row for relation "words" violates check constraint "baybayin_form_check"
DETAIL:  Failing row contains (835, age, age, f, ᜀ, age, tl, null, null, null, [], {"hyphenation": "age"}, {}, null, 2025-03-24 19:49:26.007714+08, 2025-03-24 19:50:36.609022+08, 'age':1,2).

2025-03-24 19:50:36,613 - ERROR - Error processing agency: new row for relation "words" violates check constraint "baybayin_form_check"
DETAIL:  Failing row contains (837, agency, agency, f, ᜀ, agency, tl, null, null, null, [], {"hyphenation": "agency"}, {}, null, 2025-03-24 19:49:26.008936+08, 2025-03-24 19:50:36.612344+08, 'agency':1,2).

2025-03-24 19:50:36,614 - ERROR - Error processing agent: new row for relation "words" violates check constraint "baybayin_form_check"
DETAIL:  Failing row contains (838, agent, agent, f, ᜀ, agent, tl, null, null, null, [], {"hyphenation": "agent"}, {}, null, 2025-03-24 19:49:26.009851+08, 2025-03-24 19:50:36.613846+08, 'agent':1,2).

2025-03-24 19:50:36,615 - ERROR - Error processing age of consent: new row for relation "words" violates check constraint "baybayin_form_check"
DETAIL:  Failing row contains (839, age of consent, age of consent, f, ᜀ, age of consent, tl, null, null, null, [], {"hyphenation": "age of consent"}, {}, null, 2025-03-24 19:49:26.010694+08, 2025-03-24 19:50:36.61491+08, 'age':1,4 'consent':3,6 'of':2,5).

2025-03-24 19:50:36,634 - ERROR - Error processing agglutinate: new row for relation "words" violates check constraint "baybayin_form_check"
DETAIL:  Failing row contains (845, agglutinate, agglutinate, f, ᜀᜎᜓᜆᜒᜈ, agglutinate, tl, null, null, null, [], {"hyphenation": "agglutinate"}, {}, null, 2025-03-24 19:49:26.014807+08, 2025-03-24 19:50:36.633959+08, 'agglutinate':1,2).

2025-03-24 19:50:36,635 - ERROR - Error processing agglutinative: new row for relation "words" violates check constraint "baybayin_form_check"
DETAIL:  Failing row contains (846, agglutinative, agglutinative, f, ᜀᜎᜓᜆᜒᜈᜆᜒ, agglutinative, tl, null, null, null, [], {"hyphenation": "agglutinative"}, {}, null, 2025-03-24 19:49:26.015735+08, 2025-03-24 19:50:36.635047+08, 'agglutinative':1,2).

2025-03-24 19:50:36,972 - ERROR - Error processing agreement: new row for relation "words" violates check constraint "baybayin_form_check"
DETAIL:  Failing row contains (955, agreement, agreement, f, ᜀ, agreement, tl, null, null, null, [], {"hyphenation": "agreement"}, {}, null, 2025-03-24 19:49:26.091376+08, 2025-03-24 19:50:36.971977+08, 'agreement':1,2).

2025-03-24 19:50:36,989 - ERROR - Error processing agricultural: new row for relation "words" violates check constraint "baybayin_form_check"
DETAIL:  Failing row contains (961, agricultural, agricultural, f, ᜀᜁᜂᜆᜓᜀ, agricultural, tl, null, null, null, [], {"hyphenation": "agricultural"}, {}, null, 2025-03-24 19:49:26.095067+08, 2025-03-24 19:50:36.988861+08, 'agricultural':1,2).

2025-03-24 19:50:37,402 - ERROR - Error processing aid: new row for relation "words" violates check constraint "baybayin_form_check"
DETAIL:  Failing row contains (1090, aid, aid, f, ᜀᜁ, aid, tl, null, null, null, [], {"hyphenation": "aid"}, {}, null, 2025-03-24 19:49:26.189404+08, 2025-03-24 19:50:37.401244+08, 'aid':1,2).

2025-03-24 19:50:37,407 - ERROR - Error processing aikido: new row for relation "words" violates check constraint "baybayin_form_check"
DETAIL:  Failing row contains (1092, aikido, aikido, f, ᜀᜁᜃᜒ, aikido, tl, null, null, null, [], {"hyphenation": "aikido"}, {}, null, 2025-03-24 19:49:26.190621+08, 2025-03-24 19:50:37.406929+08, 'aikido':1,2).

2025-03-24 19:50:37,408 - ERROR - Error processing aim: new row for relation "words" violates check constraint "baybayin_form_check"
DETAIL:  Failing row contains (1093, aim, aim, f, ᜀᜁ, aim, tl, null, null, null, [], {"hyphenation": "aim"}, {}, null, 2025-03-24 19:49:26.191218+08, 2025-03-24 19:50:37.407989+08, 'aim':1,2).

2025-03-24 19:50:37,411 - ERROR - Error processing air: new row for relation "words" violates check constraint "baybayin_form_check"
DETAIL:  Failing row contains (1095, air, air, f, ᜀᜁ, air, tl, null, null, null, [], {"hyphenation": "air"}, {}, null, 2025-03-24 19:49:26.192459+08, 2025-03-24 19:50:37.410681+08, 'air':1,2).

2025-03-24 19:50:37,413 - ERROR - Error processing airbus: new row for relation "words" violates check constraint "baybayin_form_check"
DETAIL:  Failing row contains (1096, airbus, airbus, f, ᜀᜁᜊᜓ, airbus, tl, null, null, null, [], {"hyphenation": "airbus"}, {}, null, 2025-03-24 19:49:26.193134+08, 2025-03-24 19:50:37.412247+08, 'airbus':1,2).

2025-03-24 19:50:37,414 - ERROR - Error processing aircon: new row for relation "words" violates check constraint "baybayin_form_check"
DETAIL:  Failing row contains (1097, aircon, aircon, f, ᜀᜁ, aircon, tl, null, null, null, [], {"hyphenation": "aircon"}, {}, null, 2025-03-24 19:49:26.193729+08, 2025-03-24 19:50:37.41368+08, 'aircon':1,2).

2025-03-24 19:50:37,416 - ERROR - Error processing aircondition: new row for relation "words" violates check constraint "baybayin_form_check"
DETAIL:  Failing row contains (1098, aircondition, aircondition, f, ᜀᜁᜇᜒᜆᜒ, aircondition, tl, null, null, null, [], {"hyphenation": "aircondition"}, {}, null, 2025-03-24 19:49:26.194292+08, 2025-03-24 19:50:37.415358+08, 'aircondition':1,2).

2025-03-24 19:50:37,417 - ERROR - Error processing airconditioner: new row for relation "words" violates check constraint "baybayin_form_check"
DETAIL:  Failing row contains (1099, airconditioner, airconditioner, f, ᜀᜁᜇᜒᜆᜒ, airconditioner, tl, null, null, null, [], {"hyphenation": "airconditioner"}, {}, null, 2025-03-24 19:49:26.195028+08, 2025-03-24 19:50:37.416655+08, 'airconditioner':1,2).

2025-03-24 19:50:37,418 - ERROR - Error processing aircraft: new row for relation "words" violates check constraint "baybayin_form_check"
DETAIL:  Failing row contains (1100, aircraft, aircraft, f, ᜀᜁᜀ, aircraft, tl, null, null, null, [], {"hyphenation": "aircraft"}, {}, null, 2025-03-24 19:49:26.195753+08, 2025-03-24 19:50:37.418139+08, 'aircraft':1,2).

2025-03-24 19:50:37,419 - ERROR - Error processing air field: new row for relation "words" violates check constraint "baybayin_form_check"
DETAIL:  Failing row contains (1101, air field, air field, f, ᜀᜁᜁ, air field, tl, null, null, null, [], {"hyphenation": "air field"}, {}, null, 2025-03-24 19:49:26.196954+08, 2025-03-24 19:50:37.418836+08, 'air':1,3 'field':2,4).

2025-03-24 19:50:37,420 - ERROR - Error processing airfoil: new row for relation "words" violates check constraint "baybayin_form_check"
DETAIL:  Failing row contains (1102, airfoil, airfoil, f, ᜀᜁᜁ, airfoil, tl, null, null, null, [], {"hyphenation": "airfoil"}, {}, null, 2025-03-24 19:49:26.197682+08, 2025-03-24 19:50:37.419731+08, 'airfoil':1,2).

2025-03-24 19:50:37,422 - ERROR - Error processing air force: new row for relation "words" violates check constraint "baybayin_form_check"
DETAIL:  Failing row contains (1103, air force, air force, f, ᜀᜁ, air force, tl, null, null, null, [], {"hyphenation": "air force"}, {}, null, 2025-03-24 19:49:26.198351+08, 2025-03-24 19:50:37.421131+08, 'air':1,3 'force':2,4).

2025-03-24 19:50:37,423 - ERROR - Error processing airfreight: new row for relation "words" violates check constraint "baybayin_form_check"
DETAIL:  Failing row contains (1104, airfreight, airfreight, f, ᜀᜁᜁ, airfreight, tl, null, null, null, [], {"hyphenation": "airfreight"}, {}, null, 2025-03-24 19:49:26.198905+08, 2025-03-24 19:50:37.422725+08, 'airfreight':1,2).

2025-03-24 19:50:37,424 - ERROR - Error processing air gun: new row for relation "words" violates check constraint "baybayin_form_check"
DETAIL:  Failing row contains (1105, air gun, air gun, f, ᜀᜁᜄᜓ, air gun, tl, null, null, null, [], {"hyphenation": "air gun"}, {}, null, 2025-03-24 19:49:26.199423+08, 2025-03-24 19:50:37.423912+08, 'air':1,3 'gun':2,4).

2025-03-24 19:50:37,425 - ERROR - Error processing air letter: new row for relation "words" violates check constraint "baybayin_form_check"
DETAIL:  Failing row contains (1106, air letter, air letter, f, ᜀᜁ, air letter, tl, null, null, null, [], {"hyphenation": "air letter"}, {}, null, 2025-03-24 19:49:26.199936+08, 2025-03-24 19:50:37.424732+08, 'air':1,3 'letter':2,4).

2025-03-24 19:50:37,426 - ERROR - Error processing airlift: new row for relation "words" violates check constraint "baybayin_form_check"
DETAIL:  Failing row contains (1107, airlift, airlift, f, ᜀᜁᜎᜒ, airlift, tl, null, null, null, [], {"hyphenation": "airlift"}, {}, null, 2025-03-24 19:49:26.200445+08, 2025-03-24 19:50:37.425933+08, 'airlift':1,2).

2025-03-24 19:50:37,427 - ERROR - Error processing airline: new row for relation "words" violates check constraint "baybayin_form_check"
DETAIL:  Failing row contains (1108, airline, airline, f, ᜀᜁᜎᜒ, airline, tl, null, null, null, [], {"hyphenation": "airline"}, {}, null, 2025-03-24 19:49:26.200982+08, 2025-03-24 19:50:37.427103+08, 'airline':1,2).

2025-03-24 19:50:37,429 - ERROR - Error processing air mail: new row for relation "words" violates check constraint "baybayin_form_check"
DETAIL:  Failing row contains (1109, air mail, air mail, f, ᜀᜁᜋᜁ, air mail, tl, null, null, null, [], {"hyphenation": "air mail"}, {}, null, 2025-03-24 19:49:26.201854+08, 2025-03-24 19:50:37.428171+08, 'air':1,3 'mail':2,4).

2025-03-24 19:50:37,431 - ERROR - Error processing airplane: new row for relation "words" violates check constraint "baybayin_form_check"
DETAIL:  Failing row contains (1110, airplane, airplane, f, ᜀᜁᜎ, airplane, tl, null, null, null, [], {"hyphenation": "airplane"}, {}, null, 2025-03-24 19:49:26.20301+08, 2025-03-24 19:50:37.430335+08, 'airplane':1,2).

2025-03-24 19:50:37,432 - ERROR - Error processing air plant: new row for relation "words" violates check constraint "baybayin_form_check"
DETAIL:  Failing row contains (1111, air plant, air plant, f, ᜀᜁᜎ, air plant, tl, null, null, null, [], {"hyphenation": "air plant"}, {}, null, 2025-03-24 19:49:26.203747+08, 2025-03-24 19:50:37.431571+08, 'air':1,3 'plant':2,4).

2025-03-24 19:50:37,433 - ERROR - Error processing airport: new row for relation "words" violates check constraint "baybayin_form_check"
DETAIL:  Failing row contains (1112, airport, airport, f, ᜀᜁ, airport, tl, null, null, null, [], {"hyphenation": "airport"}, {}, null, 2025-03-24 19:49:26.20465+08, 2025-03-24 19:50:37.432549+08, 'airport':1,2).

2025-03-24 19:50:37,433 - ERROR - Error processing air pressure: new row for relation "words" violates check constraint "baybayin_form_check"
DETAIL:  Failing row contains (1113, air pressure, air pressure, f, ᜀᜁᜐᜓ, air pressure, tl, null, null, null, [], {"hyphenation": "air pressure"}, {}, null, 2025-03-24 19:49:26.205277+08, 2025-03-24 19:50:37.433352+08, 'air':1,3 'pressure':2,4).

2025-03-24 19:50:37,434 - ERROR - Error processing aisle: new row for relation "words" violates check constraint "baybayin_form_check"
DETAIL:  Failing row contains (1114, aisle, aisle, f, ᜀᜁ, aisle, tl, null, null, null, [], {"hyphenation": "aisle"}, {}, null, 2025-03-24 19:49:26.205911+08, 2025-03-24 19:50:37.434409+08, 'aisle':1,2).

