2025-01-29 20:33:14,651 - INFO - Attempting database connection...
2025-01-29 20:33:14,652 - INFO - Database configuration:
2025-01-29 20:33:14,652 - INFO -   Database Name: fil_dict_db
2025-01-29 20:33:14,652 - INFO -   User: postgres
2025-01-29 20:33:14,653 - INFO -   Host: localhost
2025-01-29 20:33:14,653 - INFO -   Password: ********
2025-01-29 20:33:14,729 - INFO - Successfully established database connection
2025-01-29 20:33:17,753 - INFO - Setting up PostgreSQL extensions...
2025-01-29 20:33:17,753 - INFO - Checking extension: pg_trgm
2025-01-29 20:33:17,791 - INFO - Extension already installed: pg_trgm
2025-01-29 20:33:17,792 - INFO - Checking extension: unaccent
2025-01-29 20:33:17,793 - INFO - Extension already installed: unaccent
2025-01-29 20:33:17,793 - INFO - Checking extension: fuzzystrmatch
2025-01-29 20:33:17,794 - INFO - Extension already installed: fuzzystrmatch
2025-01-29 20:33:17,794 - INFO - Extensions setup completed
2025-01-29 20:33:17,795 - INFO - Starting table creation/update process.
2025-01-29 20:33:17,843 - INFO - Tables created or updated successfully.
2025-01-29 20:33:17,851 - INFO - Processing Tagalog words from: data/tagalog-words.json
2025-01-29 20:37:12,537 - INFO - Processing root words from: data/root_words_with_associated_words_cleaned.json
2025-01-29 20:38:16,513 - INFO - Processing KWF dictionary from: data/kwf_dictionary.json
2025-01-29 20:41:34,334 - INFO - Starting to process Kaikki file: data/kaikki.jsonl
2025-01-29 20:45:06,365 - INFO - Starting to process Kaikki file: data/kaikki-ceb.jsonl
2025-01-29 20:48:18,042 - INFO - Processing Baybayin entries...
2025-01-29 20:48:18,127 - INFO - Updating standalone Baybayin entry (ID: 95386)
2025-01-29 20:48:18,141 - INFO - Updating standalone Baybayin entry (ID: 98927)
2025-01-29 20:48:18,143 - WARNING - Invalid Baybayin text detected: ᜊᜊᜌᜒ — Pre-virama
2025-01-29 20:48:18,143 - WARNING - Invalid Baybayin text detected: -um- ᜓᜋ᜔
2025-01-29 20:48:18,144 - WARNING - Invalid Baybayin text detected: batik ᜊᜆᜒᜃ᜔
2025-01-29 20:48:18,144 - WARNING - Invalid Baybayin text detected: bumatik ᜊᜓᜋᜆᜒᜃ᜔
2025-01-29 20:48:18,144 - WARNING - Invalid Baybayin text detected: bumatik ᜊᜓᜋᜆᜒᜃ᜔ bungmatik1 ᜊᜓᜅ᜔ᜋᜆᜒᜃ᜔
2025-01-29 20:48:18,144 - WARNING - Invalid Baybayin text detected: bumabatikᜊᜓᜋᜊᜆᜒᜃ᜔bungmabatik1 ᜊᜓᜅ᜔ᜋᜊᜆᜒᜃ᜔ nabatik2ᜈ ᜊᜆᜒᜃ᜔
2025-01-29 20:48:18,144 - WARNING - Invalid Baybayin text detected: babatik ᜊᜊᜆᜒᜃ᜔mabatik2 ᜋ ᜊᜆᜒᜃ᜔
2025-01-29 20:48:18,145 - WARNING - Invalid Baybayin text detected: kababatik ᜃᜊᜊᜆᜒᜃ᜔
2025-01-29 20:48:18,145 - WARNING - Invalid Baybayin text detected: bumatik ᜊᜓᜋᜆᜒᜃ᜔batik2 ᜊᜆᜒᜃ᜔
2025-01-29 20:48:18,145 - WARNING - Invalid Baybayin text detected: kakabatikᜃᜃᜊᜆᜒᜃ᜔
2025-01-29 20:48:18,146 - INFO - Merging Baybayin entry (ID: 104893) with romanized form: anak sa labas
2025-01-29 20:48:18,192 - INFO - Updating standalone Baybayin entry (ID: 104894)
2025-01-29 20:48:18,194 - INFO - Updating standalone Baybayin entry (ID: 107186)
2025-01-29 20:48:18,196 - INFO - Updating standalone Baybayin entry (ID: 107311)
2025-01-29 20:48:18,197 - INFO - Updating standalone Baybayin entry (ID: 107473)
2025-01-29 20:48:18,199 - INFO - Merging Baybayin entry (ID: 123252) with romanized form: basa
2025-01-29 20:48:18,237 - INFO - Updating standalone Baybayin entry (ID: 123825)
2025-01-29 20:48:18,239 - INFO - Updating standalone Baybayin entry (ID: 123841)
2025-01-29 20:48:19,281 - INFO - Migration completed successfully
