2025-04-14 18:31:55,153 - INFO - Starting table creation/update process.
2025-04-14 18:31:56,220 - INFO - Tables created or updated successfully.
2025-04-14 18:31:56,228 - INFO - Starting processing for Tagalog Words from ..\data\tagalog-words.json
2025-04-14 18:31:56,228 - INFO - Processing Tagalog words file: ..\data\tagalog-words.json with entry-level transactions.
2025-04-14 18:31:56,229 - INFO - Using standardized source identifier: 'diksiyonaryo.ph'
2025-04-14 18:31:56,332 - ERROR - Critical error processing file ..\data\tagalog-words.json: No module named 'ijson'
Traceback (most recent call last):
  File "C:\fil-relex\backend\dictionary_manager.py", line 6710, in process_tagalog_words
    import ijson # Consider adding ijson to requirements.txt
    ^^^^^^^^^^^^
ModuleNotFoundError: No module named 'ijson'
2025-04-14 18:31:56,340 - INFO - Finished processing ..\data\tagalog-words.json
2025-04-14 18:31:56,341 - INFO -   Entries processed successfully: 0
2025-04-14 18:31:56,341 - INFO -   Entries skipped (invalid format/empty word): 0
2025-04-14 18:31:56,342 - INFO -   Entries failed (critical errors): 1
2025-04-14 18:31:56,342 - INFO -   Definitions added: 0
2025-04-14 18:31:56,342 - INFO -   Pronunciations added: 0
2025-04-14 18:31:56,343 - INFO -   Etymologies added: 0
2025-04-14 18:31:56,343 - INFO -   Relations added: 0
2025-04-14 18:31:56,344 - WARNING - Error Summary (..\data\tagalog-words.json): {'CriticalFileError: ModuleNotFoundError': 1}
2025-04-14 18:31:56,344 - INFO - Successfully processed source: Tagalog Words
2025-04-14 18:31:56,346 - INFO - All sources processed successfully. Committing transaction...
2025-04-14 18:31:56,347 - INFO - Database connection closed.
