2025-04-14 03:24:31,875 - INFO - Starting table creation/update process.
2025-04-14 03:24:32,718 - INFO - Tables created or updated successfully.
2025-04-14 03:24:32,740 - INFO - Starting processing for Tagalog Words from ..\data\tagalog-words.json
2025-04-14 03:24:32,740 - INFO - Processing Tagalog words file: ..\data\tagalog-words.json
2025-04-14 03:24:32,740 - INFO - Using standardized source identifier: 'diksiyonaryo.ph'
2025-04-14 03:24:32,784 - WARNING - Table pronunciations is missing required columns: source_identifier, pronunciation
2025-04-14 03:24:32,787 - WARNING - Table etymologies is missing required columns: source_identifier, etymology
2025-04-14 03:24:32,789 - WARNING - Table definitions is missing required columns: part_of_speech, source_identifier, definition
2025-04-14 03:24:32,792 - WARNING - Table examples is missing required columns: source_identifier, definition_id, example
2025-04-14 03:24:32,795 - WARNING - Table word_tags is missing required columns: word_id, source_identifier, tag
2025-04-14 03:24:34,117 - INFO - Found 65336 word entries in ..\data\tagalog-words.json
2025-04-14 03:24:34,147 - INFO - Resetting transaction state before entry 0
2025-04-14 03:24:34,170 - INFO - Resetting transaction state before entry 1
2025-04-14 03:24:34,173 - INFO - Resetting transaction state before entry 2
2025-04-14 03:24:34,175 - INFO - Resetting transaction state before entry 3
2025-04-14 03:24:34,180 - INFO - Resetting transaction state before entry 4
2025-04-14 03:24:34,188 - INFO - Resetting transaction state before entry 5
2025-04-14 03:24:34,191 - INFO - Resetting transaction state before entry 6
2025-04-14 03:24:34,195 - INFO - Resetting transaction state before entry 7
2025-04-14 03:24:34,198 - INFO - Resetting transaction state before entry 8
2025-04-14 03:24:34,201 - INFO - Resetting transaction state before entry 9
2025-04-14 03:24:34,205 - INFO - Resetting transaction state before entry 10
2025-04-14 03:24:34,209 - INFO - Resetting transaction state before entry 11
2025-04-14 03:24:34,212 - INFO - Resetting transaction state before entry 12
2025-04-14 03:24:34,216 - INFO - Resetting transaction state before entry 13
2025-04-14 03:24:34,221 - INFO - Resetting transaction state before entry 14
2025-04-14 03:24:34,225 - INFO - Resetting transaction state before entry 15
2025-04-14 03:24:34,227 - INFO - Resetting transaction state before entry 16
2025-04-14 03:24:34,231 - INFO - Resetting transaction state before entry 17
2025-04-14 03:24:34,233 - INFO - Resetting transaction state before entry 18
2025-04-14 03:24:34,237 - INFO - Resetting transaction state before entry 19
2025-04-14 03:24:34,239 - INFO - Resetting transaction state before entry 20
2025-04-14 03:24:34,242 - INFO - Resetting transaction state before entry 21
2025-04-14 03:24:34,245 - INFO - Resetting transaction state before entry 22
2025-04-14 03:24:34,250 - INFO - Resetting transaction state before entry 23
2025-04-14 03:24:34,253 - INFO - Resetting transaction state before entry 24
2025-04-14 03:24:34,256 - INFO - Resetting transaction state before entry 25
2025-04-14 03:24:34,260 - INFO - Resetting transaction state before entry 26
2025-04-14 03:24:34,263 - INFO - Resetting transaction state before entry 27
2025-04-14 03:24:34,267 - INFO - Resetting transaction state before entry 28
2025-04-14 03:24:34,271 - INFO - Resetting transaction state before entry 29
2025-04-14 03:24:34,274 - INFO - Resetting transaction state before entry 30
2025-04-14 03:24:34,278 - INFO - Resetting transaction state before entry 31
2025-04-14 03:24:34,281 - INFO - Resetting transaction state before entry 32
2025-04-14 03:24:34,285 - INFO - Resetting transaction state before entry 33
2025-04-14 03:24:34,289 - INFO - Resetting transaction state before entry 34
2025-04-14 03:24:34,290 - INFO - Resetting transaction state before entry 35
2025-04-14 03:24:34,293 - INFO - Resetting transaction state before entry 36
2025-04-14 03:24:34,295 - INFO - Resetting transaction state before entry 37
2025-04-14 03:24:34,298 - INFO - Resetting transaction state before entry 38
2025-04-14 03:24:34,302 - INFO - Resetting transaction state before entry 39
2025-04-14 03:24:34,305 - INFO - Resetting transaction state before entry 40
2025-04-14 03:24:34,309 - INFO - Resetting transaction state before entry 41
2025-04-14 03:24:34,312 - INFO - Resetting transaction state before entry 42
2025-04-14 03:24:34,316 - INFO - Resetting transaction state before entry 43
2025-04-14 03:24:34,319 - INFO - Resetting transaction state before entry 44
2025-04-14 03:24:34,322 - INFO - Resetting transaction state before entry 45
2025-04-14 03:24:34,326 - INFO - Resetting transaction state before entry 46
2025-04-14 03:24:34,328 - INFO - Resetting transaction state before entry 47
2025-04-14 03:24:34,333 - INFO - Resetting transaction state before entry 48
2025-04-14 03:24:34,336 - INFO - Resetting transaction state before entry 49
2025-04-14 03:24:34,338 - INFO - Resetting transaction state before entry 50
2025-04-14 03:24:34,341 - INFO - Resetting transaction state before entry 51
2025-04-14 03:24:34,345 - INFO - Resetting transaction state before entry 52
2025-04-14 03:24:34,373 - INFO - Resetting transaction state before entry 53
2025-04-14 03:24:34,375 - INFO - Resetting transaction state before entry 54
2025-04-14 03:24:34,378 - INFO - Resetting transaction state before entry 55
2025-04-14 03:24:34,382 - INFO - Resetting transaction state before entry 56
2025-04-14 03:24:34,386 - INFO - Resetting transaction state before entry 57
2025-04-14 03:24:34,388 - INFO - Resetting transaction state before entry 58
2025-04-14 03:24:34,392 - INFO - Resetting transaction state before entry 59
2025-04-14 03:24:34,395 - INFO - Resetting transaction state before entry 60
2025-04-14 03:24:34,398 - INFO - Resetting transaction state before entry 61
2025-04-14 03:24:34,401 - INFO - Resetting transaction state before entry 62
2025-04-14 03:24:34,405 - INFO - Resetting transaction state before entry 63
2025-04-14 03:24:34,408 - INFO - Resetting transaction state before entry 64
2025-04-14 03:24:34,412 - INFO - Resetting transaction state before entry 65
2025-04-14 03:24:34,415 - INFO - Resetting transaction state before entry 66
2025-04-14 03:24:34,418 - INFO - Resetting transaction state before entry 67
2025-04-14 03:24:34,421 - INFO - Resetting transaction state before entry 68
2025-04-14 03:24:34,424 - INFO - Resetting transaction state before entry 69
2025-04-14 03:24:34,443 - INFO - Resetting transaction state before entry 70
2025-04-14 03:24:34,447 - INFO - Resetting transaction state before entry 71
2025-04-14 03:24:34,450 - INFO - Resetting transaction state before entry 72
2025-04-14 03:24:34,454 - INFO - Resetting transaction state before entry 73
2025-04-14 03:24:34,457 - INFO - Resetting transaction state before entry 74
2025-04-14 03:24:34,461 - INFO - Resetting transaction state before entry 75
2025-04-14 03:24:34,464 - INFO - Resetting transaction state before entry 76
2025-04-14 03:24:34,468 - INFO - Resetting transaction state before entry 77
2025-04-14 03:24:34,473 - INFO - Resetting transaction state before entry 78
2025-04-14 03:24:34,477 - INFO - Resetting transaction state before entry 79
2025-04-14 03:24:34,480 - INFO - Resetting transaction state before entry 80
2025-04-14 03:24:34,483 - INFO - Resetting transaction state before entry 81
2025-04-14 03:24:34,486 - INFO - Resetting transaction state before entry 82
2025-04-14 03:24:34,490 - INFO - Resetting transaction state before entry 83
2025-04-14 03:24:34,494 - INFO - Resetting transaction state before entry 84
2025-04-14 03:24:34,498 - INFO - Resetting transaction state before entry 85
2025-04-14 03:24:34,501 - INFO - Resetting transaction state before entry 86
2025-04-14 03:24:34,506 - INFO - Resetting transaction state before entry 87
2025-04-14 03:24:34,509 - INFO - Resetting transaction state before entry 88
2025-04-14 03:24:34,512 - INFO - Resetting transaction state before entry 89
2025-04-14 03:24:34,518 - INFO - Resetting transaction state before entry 90
2025-04-14 03:24:34,523 - INFO - Resetting transaction state before entry 91
2025-04-14 03:24:34,532 - INFO - Resetting transaction state before entry 92
2025-04-14 03:24:34,536 - INFO - Resetting transaction state before entry 93
2025-04-14 03:24:34,540 - INFO - Resetting transaction state before entry 94
2025-04-14 03:24:34,544 - INFO - Resetting transaction state before entry 95
2025-04-14 03:24:34,548 - INFO - Resetting transaction state before entry 96
2025-04-14 03:24:34,554 - INFO - Resetting transaction state before entry 97
2025-04-14 03:24:34,557 - INFO - Resetting transaction state before entry 98
2025-04-14 03:24:34,561 - INFO - Resetting transaction state before entry 99
2025-04-14 03:24:34,564 - INFO - Resetting transaction state before entry 100
2025-04-14 03:24:34,575 - INFO - Resetting transaction state before entry 101
2025-04-14 03:24:34,577 - INFO - Resetting transaction state before entry 102
2025-04-14 03:24:34,581 - INFO - Resetting transaction state before entry 103
2025-04-14 03:24:34,584 - INFO - Resetting transaction state before entry 104
2025-04-14 03:24:34,586 - INFO - Resetting transaction state before entry 105
2025-04-14 03:24:34,590 - INFO - Resetting transaction state before entry 106
2025-04-14 03:24:34,594 - INFO - Resetting transaction state before entry 107
2025-04-14 03:24:34,598 - INFO - Resetting transaction state before entry 108
2025-04-14 03:24:34,601 - INFO - Resetting transaction state before entry 109
2025-04-14 03:24:34,604 - INFO - Resetting transaction state before entry 110
2025-04-14 03:24:34,607 - INFO - Resetting transaction state before entry 111
2025-04-14 03:24:34,611 - INFO - Resetting transaction state before entry 112
2025-04-14 03:24:34,615 - INFO - Resetting transaction state before entry 113
2025-04-14 03:24:34,619 - INFO - Resetting transaction state before entry 114
2025-04-14 03:24:34,622 - INFO - Resetting transaction state before entry 115
2025-04-14 03:24:34,626 - INFO - Resetting transaction state before entry 116
2025-04-14 03:24:34,630 - INFO - Resetting transaction state before entry 117
2025-04-14 03:24:34,634 - INFO - Resetting transaction state before entry 118
2025-04-14 03:24:34,637 - INFO - Resetting transaction state before entry 119
2025-04-14 03:24:34,641 - INFO - Resetting transaction state before entry 120
2025-04-14 03:24:34,645 - INFO - Resetting transaction state before entry 121
2025-04-14 03:24:34,648 - INFO - Resetting transaction state before entry 122
2025-04-14 03:24:34,652 - INFO - Resetting transaction state before entry 123
2025-04-14 03:24:34,658 - INFO - Resetting transaction state before entry 124
2025-04-14 03:24:34,662 - INFO - Resetting transaction state before entry 125
2025-04-14 03:24:34,666 - INFO - Resetting transaction state before entry 126
2025-04-14 03:24:34,670 - INFO - Resetting transaction state before entry 127
2025-04-14 03:24:34,674 - INFO - Resetting transaction state before entry 128
2025-04-14 03:24:34,678 - INFO - Resetting transaction state before entry 129
2025-04-14 03:24:34,682 - INFO - Resetting transaction state before entry 130
2025-04-14 03:24:34,685 - INFO - Resetting transaction state before entry 131
2025-04-14 03:24:34,688 - INFO - Resetting transaction state before entry 132
2025-04-14 03:24:34,692 - INFO - Resetting transaction state before entry 133
2025-04-14 03:24:34,695 - INFO - Resetting transaction state before entry 134
2025-04-14 03:24:34,699 - INFO - Resetting transaction state before entry 135
2025-04-14 03:24:34,703 - INFO - Resetting transaction state before entry 136
2025-04-14 03:24:34,706 - INFO - Resetting transaction state before entry 137
2025-04-14 03:24:34,710 - INFO - Resetting transaction state before entry 138
2025-04-14 03:24:34,714 - INFO - Resetting transaction state before entry 139
2025-04-14 03:24:34,717 - INFO - Resetting transaction state before entry 140
2025-04-14 03:24:34,721 - INFO - Resetting transaction state before entry 141
2025-04-14 03:24:34,724 - INFO - Resetting transaction state before entry 142
2025-04-14 03:24:34,727 - INFO - Resetting transaction state before entry 143
2025-04-14 03:24:34,733 - INFO - Resetting transaction state before entry 144
2025-04-14 03:24:34,736 - INFO - Resetting transaction state before entry 145
2025-04-14 03:24:34,740 - INFO - Resetting transaction state before entry 146
2025-04-14 03:24:34,743 - INFO - Resetting transaction state before entry 147
2025-04-14 03:24:34,746 - INFO - Resetting transaction state before entry 148
2025-04-14 03:24:34,749 - INFO - Resetting transaction state before entry 149
2025-04-14 03:24:34,752 - INFO - Resetting transaction state before entry 150
2025-04-14 03:24:34,755 - INFO - Resetting transaction state before entry 151
2025-04-14 03:24:34,758 - INFO - Resetting transaction state before entry 152
2025-04-14 03:24:34,762 - INFO - Resetting transaction state before entry 153
2025-04-14 03:24:34,765 - INFO - Resetting transaction state before entry 154
2025-04-14 03:24:34,767 - INFO - Resetting transaction state before entry 155
2025-04-14 03:24:34,777 - INFO - Resetting transaction state before entry 156
2025-04-14 03:24:34,779 - INFO - Resetting transaction state before entry 157
2025-04-14 03:24:34,783 - INFO - Resetting transaction state before entry 158
2025-04-14 03:24:34,787 - INFO - Resetting transaction state before entry 159
2025-04-14 03:24:34,791 - INFO - Resetting transaction state before entry 160
2025-04-14 03:24:34,795 - INFO - Resetting transaction state before entry 161
2025-04-14 03:24:34,800 - INFO - Resetting transaction state before entry 162
2025-04-14 03:24:34,805 - INFO - Resetting transaction state before entry 163
2025-04-14 03:24:34,808 - INFO - Resetting transaction state before entry 164
2025-04-14 03:24:34,812 - INFO - Resetting transaction state before entry 165
2025-04-14 03:24:34,816 - INFO - Resetting transaction state before entry 166
2025-04-14 03:24:34,820 - INFO - Resetting transaction state before entry 167
2025-04-14 03:24:34,824 - INFO - Resetting transaction state before entry 168
2025-04-14 03:24:34,827 - INFO - Resetting transaction state before entry 169
2025-04-14 03:24:34,832 - INFO - Resetting transaction state before entry 170
2025-04-14 03:24:34,836 - INFO - Resetting transaction state before entry 171
2025-04-14 03:24:34,839 - INFO - Resetting transaction state before entry 172
2025-04-14 03:24:34,842 - INFO - Resetting transaction state before entry 173
2025-04-14 03:24:34,846 - INFO - Resetting transaction state before entry 174
2025-04-14 03:24:34,849 - INFO - Resetting transaction state before entry 175
2025-04-14 03:24:34,853 - INFO - Resetting transaction state before entry 176
2025-04-14 03:24:34,856 - INFO - Resetting transaction state before entry 177
2025-04-14 03:24:34,859 - INFO - Resetting transaction state before entry 178
2025-04-14 03:24:34,862 - INFO - Resetting transaction state before entry 179
2025-04-14 03:24:34,866 - INFO - Resetting transaction state before entry 180
2025-04-14 03:24:34,870 - INFO - Resetting transaction state before entry 181
2025-04-14 03:24:34,874 - INFO - Resetting transaction state before entry 182
2025-04-14 03:24:34,878 - INFO - Resetting transaction state before entry 183
2025-04-14 03:24:34,906 - INFO - Resetting transaction state before entry 184
2025-04-14 03:24:34,910 - INFO - Resetting transaction state before entry 185
2025-04-14 03:24:34,914 - INFO - Resetting transaction state before entry 186
2025-04-14 03:24:34,917 - INFO - Resetting transaction state before entry 187
2025-04-14 03:24:34,920 - INFO - Resetting transaction state before entry 188
2025-04-14 03:24:34,924 - INFO - Resetting transaction state before entry 189
2025-04-14 03:24:34,927 - INFO - Resetting transaction state before entry 190
2025-04-14 03:24:34,930 - INFO - Resetting transaction state before entry 191
2025-04-14 03:24:34,933 - INFO - Resetting transaction state before entry 192
2025-04-14 03:24:34,937 - INFO - Resetting transaction state before entry 193
2025-04-14 03:24:34,940 - INFO - Resetting transaction state before entry 194
2025-04-14 03:24:34,945 - INFO - Resetting transaction state before entry 195
2025-04-14 03:24:34,949 - INFO - Resetting transaction state before entry 196
2025-04-14 03:24:34,953 - INFO - Resetting transaction state before entry 197
2025-04-14 03:24:34,956 - INFO - Resetting transaction state before entry 198
2025-04-14 03:24:34,961 - INFO - Resetting transaction state before entry 199
2025-04-14 03:24:34,964 - INFO - Resetting transaction state before entry 200
2025-04-14 03:24:34,965 - INFO - Resetting transaction state before entry 201
2025-04-14 03:24:34,969 - INFO - Resetting transaction state before entry 202
2025-04-14 03:24:34,971 - INFO - Resetting transaction state before entry 203
2025-04-14 03:24:34,974 - INFO - Resetting transaction state before entry 204
2025-04-14 03:24:34,977 - INFO - Resetting transaction state before entry 205
2025-04-14 03:24:34,980 - INFO - Resetting transaction state before entry 206
2025-04-14 03:24:34,984 - INFO - Resetting transaction state before entry 207
2025-04-14 03:24:34,988 - INFO - Resetting transaction state before entry 208
2025-04-14 03:24:34,992 - INFO - Resetting transaction state before entry 209
2025-04-14 03:24:34,995 - INFO - Resetting transaction state before entry 210
2025-04-14 03:24:34,996 - INFO - Resetting transaction state before entry 211
2025-04-14 03:24:34,998 - INFO - Resetting transaction state before entry 212
2025-04-14 03:24:35,001 - INFO - Resetting transaction state before entry 213
2025-04-14 03:24:35,003 - INFO - Resetting transaction state before entry 214
2025-04-14 03:24:35,008 - INFO - Resetting transaction state before entry 215
2025-04-14 03:24:35,014 - INFO - Resetting transaction state before entry 216
2025-04-14 03:24:35,018 - INFO - Resetting transaction state before entry 217
2025-04-14 03:24:35,022 - INFO - Resetting transaction state before entry 218
2025-04-14 03:24:35,026 - INFO - Resetting transaction state before entry 219
2025-04-14 03:24:35,029 - INFO - Resetting transaction state before entry 220
2025-04-14 03:24:35,034 - INFO - Resetting transaction state before entry 221
2025-04-14 03:24:35,037 - INFO - Resetting transaction state before entry 222
2025-04-14 03:24:35,040 - INFO - Resetting transaction state before entry 223
2025-04-14 03:24:35,043 - INFO - Resetting transaction state before entry 224
2025-04-14 03:24:35,047 - INFO - Resetting transaction state before entry 225
2025-04-14 03:24:35,049 - INFO - Resetting transaction state before entry 226
2025-04-14 03:24:35,053 - INFO - Resetting transaction state before entry 227
2025-04-14 03:24:35,056 - INFO - Resetting transaction state before entry 228
2025-04-14 03:24:35,059 - INFO - Resetting transaction state before entry 229
2025-04-14 03:24:35,063 - INFO - Resetting transaction state before entry 230
2025-04-14 03:24:35,066 - INFO - Resetting transaction state before entry 231
2025-04-14 03:24:35,069 - INFO - Resetting transaction state before entry 232
2025-04-14 03:24:35,073 - INFO - Resetting transaction state before entry 233
2025-04-14 03:24:35,075 - INFO - Resetting transaction state before entry 234
2025-04-14 03:24:35,079 - INFO - Resetting transaction state before entry 235
2025-04-14 03:24:35,082 - INFO - Resetting transaction state before entry 236
2025-04-14 03:24:35,086 - INFO - Resetting transaction state before entry 237
2025-04-14 03:24:35,089 - INFO - Resetting transaction state before entry 238
2025-04-14 03:24:35,092 - INFO - Resetting transaction state before entry 239
2025-04-14 03:24:35,095 - INFO - Resetting transaction state before entry 240
2025-04-14 03:24:35,098 - INFO - Resetting transaction state before entry 241
2025-04-14 03:24:35,103 - INFO - Resetting transaction state before entry 242
2025-04-14 03:24:35,108 - INFO - Resetting transaction state before entry 243
2025-04-14 03:24:35,112 - INFO - Resetting transaction state before entry 244
2025-04-14 03:24:35,115 - INFO - Resetting transaction state before entry 245
2025-04-14 03:24:35,121 - INFO - Resetting transaction state before entry 246
2025-04-14 03:24:35,125 - INFO - Resetting transaction state before entry 247
2025-04-14 03:24:35,130 - INFO - Resetting transaction state before entry 248
2025-04-14 03:24:35,134 - INFO - Resetting transaction state before entry 249
2025-04-14 03:24:35,137 - INFO - Resetting transaction state before entry 250
2025-04-14 03:24:35,141 - INFO - Resetting transaction state before entry 251
2025-04-14 03:24:35,143 - INFO - Resetting transaction state before entry 252
2025-04-14 03:24:35,147 - INFO - Resetting transaction state before entry 253
2025-04-14 03:24:35,149 - INFO - Resetting transaction state before entry 254
2025-04-14 03:24:35,154 - INFO - Resetting transaction state before entry 255
2025-04-14 03:24:35,158 - INFO - Resetting transaction state before entry 256
2025-04-14 03:24:35,163 - INFO - Resetting transaction state before entry 257
2025-04-14 03:24:35,166 - INFO - Resetting transaction state before entry 258
2025-04-14 03:24:35,170 - INFO - Resetting transaction state before entry 259
2025-04-14 03:24:35,173 - INFO - Resetting transaction state before entry 260
2025-04-14 03:24:35,177 - INFO - Resetting transaction state before entry 261
2025-04-14 03:24:35,180 - INFO - Resetting transaction state before entry 262
2025-04-14 03:24:35,183 - INFO - Resetting transaction state before entry 263
2025-04-14 03:24:35,187 - INFO - Resetting transaction state before entry 264
2025-04-14 03:24:35,190 - INFO - Resetting transaction state before entry 265
2025-04-14 03:24:35,194 - INFO - Resetting transaction state before entry 266
2025-04-14 03:24:35,197 - INFO - Resetting transaction state before entry 267
2025-04-14 03:24:35,201 - INFO - Resetting transaction state before entry 268
2025-04-14 03:24:35,204 - INFO - Resetting transaction state before entry 269
2025-04-14 03:24:35,205 - INFO - Resetting transaction state before entry 270
2025-04-14 03:24:35,210 - INFO - Resetting transaction state before entry 271
2025-04-14 03:24:35,213 - INFO - Resetting transaction state before entry 272
2025-04-14 03:24:35,217 - INFO - Resetting transaction state before entry 273
2025-04-14 03:24:35,220 - INFO - Resetting transaction state before entry 274
2025-04-14 03:24:35,223 - INFO - Resetting transaction state before entry 275
2025-04-14 03:24:35,225 - INFO - Resetting transaction state before entry 276
2025-04-14 03:24:35,230 - INFO - Resetting transaction state before entry 277
2025-04-14 03:24:35,233 - INFO - Resetting transaction state before entry 278
2025-04-14 03:24:35,237 - INFO - Resetting transaction state before entry 279
2025-04-14 03:24:35,239 - INFO - Resetting transaction state before entry 280
2025-04-14 03:24:35,243 - INFO - Resetting transaction state before entry 281
2025-04-14 03:24:35,246 - INFO - Resetting transaction state before entry 282
2025-04-14 03:24:35,248 - INFO - Resetting transaction state before entry 283
2025-04-14 03:24:35,252 - INFO - Resetting transaction state before entry 284
2025-04-14 03:24:35,255 - INFO - Resetting transaction state before entry 285
2025-04-14 03:24:35,258 - INFO - Resetting transaction state before entry 286
2025-04-14 03:24:35,262 - INFO - Resetting transaction state before entry 287
2025-04-14 03:24:35,263 - INFO - Resetting transaction state before entry 288
2025-04-14 03:24:35,266 - INFO - Resetting transaction state before entry 289
2025-04-14 03:24:35,270 - INFO - Resetting transaction state before entry 290
2025-04-14 03:24:35,273 - INFO - Resetting transaction state before entry 291
2025-04-14 03:24:35,277 - INFO - Resetting transaction state before entry 292
2025-04-14 03:24:35,280 - INFO - Resetting transaction state before entry 293
2025-04-14 03:24:35,283 - INFO - Resetting transaction state before entry 294
2025-04-14 03:24:35,287 - INFO - Resetting transaction state before entry 295
2025-04-14 03:24:35,290 - INFO - Resetting transaction state before entry 296
2025-04-14 03:24:35,294 - INFO - Resetting transaction state before entry 297
2025-04-14 03:24:35,297 - INFO - Resetting transaction state before entry 298
2025-04-14 03:24:35,301 - INFO - Resetting transaction state before entry 299
2025-04-14 03:24:35,304 - INFO - Resetting transaction state before entry 300
2025-04-14 03:24:35,307 - INFO - Resetting transaction state before entry 301
2025-04-14 03:24:35,312 - INFO - Resetting transaction state before entry 302
2025-04-14 03:24:35,316 - INFO - Resetting transaction state before entry 303
2025-04-14 03:24:35,319 - INFO - Resetting transaction state before entry 304
2025-04-14 03:24:35,323 - INFO - Resetting transaction state before entry 305
2025-04-14 03:24:35,326 - INFO - Resetting transaction state before entry 306
2025-04-14 03:24:35,330 - INFO - Resetting transaction state before entry 307
2025-04-14 03:24:35,333 - INFO - Resetting transaction state before entry 308
2025-04-14 03:24:35,339 - INFO - Resetting transaction state before entry 309
2025-04-14 03:24:35,342 - INFO - Resetting transaction state before entry 310
2025-04-14 03:24:35,346 - INFO - Resetting transaction state before entry 311
2025-04-14 03:24:35,349 - INFO - Resetting transaction state before entry 312
2025-04-14 03:24:35,353 - INFO - Resetting transaction state before entry 313
2025-04-14 03:24:35,356 - INFO - Resetting transaction state before entry 314
2025-04-14 03:24:35,360 - INFO - Resetting transaction state before entry 315
2025-04-14 03:24:35,363 - INFO - Resetting transaction state before entry 316
2025-04-14 03:24:35,366 - INFO - Resetting transaction state before entry 317
2025-04-14 03:24:35,370 - INFO - Resetting transaction state before entry 318
2025-04-14 03:24:35,373 - INFO - Resetting transaction state before entry 319
2025-04-14 03:24:35,377 - INFO - Resetting transaction state before entry 320
2025-04-14 03:24:35,380 - INFO - Resetting transaction state before entry 321
2025-04-14 03:24:35,384 - INFO - Resetting transaction state before entry 322
2025-04-14 03:24:35,386 - INFO - Resetting transaction state before entry 323
2025-04-14 03:24:35,388 - INFO - Resetting transaction state before entry 324
2025-04-14 03:24:35,390 - INFO - Resetting transaction state before entry 325
2025-04-14 03:24:35,394 - INFO - Resetting transaction state before entry 326
2025-04-14 03:24:35,398 - INFO - Resetting transaction state before entry 327
2025-04-14 03:24:35,401 - INFO - Resetting transaction state before entry 328
2025-04-14 03:24:35,405 - INFO - Resetting transaction state before entry 329
2025-04-14 03:24:35,408 - INFO - Resetting transaction state before entry 330
2025-04-14 03:24:35,413 - INFO - Resetting transaction state before entry 331
2025-04-14 03:24:35,417 - INFO - Resetting transaction state before entry 332
2025-04-14 03:24:35,421 - INFO - Resetting transaction state before entry 333
2025-04-14 03:24:35,424 - INFO - Resetting transaction state before entry 334
2025-04-14 03:24:35,428 - INFO - Resetting transaction state before entry 335
2025-04-14 03:24:35,432 - INFO - Resetting transaction state before entry 336
2025-04-14 03:24:35,457 - INFO - Resetting transaction state before entry 337
2025-04-14 03:24:35,461 - INFO - Resetting transaction state before entry 338
2025-04-14 03:24:35,465 - INFO - Resetting transaction state before entry 339
2025-04-14 03:24:35,469 - INFO - Resetting transaction state before entry 340
2025-04-14 03:24:35,477 - INFO - Resetting transaction state before entry 341
2025-04-14 03:24:35,480 - INFO - Resetting transaction state before entry 342
2025-04-14 03:24:35,484 - INFO - Resetting transaction state before entry 343
2025-04-14 03:24:35,487 - INFO - Resetting transaction state before entry 344
2025-04-14 03:24:35,491 - INFO - Resetting transaction state before entry 345
2025-04-14 03:24:35,494 - INFO - Resetting transaction state before entry 346
2025-04-14 03:24:35,497 - INFO - Resetting transaction state before entry 347
2025-04-14 03:24:35,500 - INFO - Resetting transaction state before entry 348
2025-04-14 03:24:35,503 - INFO - Resetting transaction state before entry 349
2025-04-14 03:24:35,506 - INFO - Resetting transaction state before entry 350
2025-04-14 03:24:35,509 - INFO - Resetting transaction state before entry 351
2025-04-14 03:24:35,512 - INFO - Resetting transaction state before entry 352
2025-04-14 03:24:35,515 - INFO - Resetting transaction state before entry 353
2025-04-14 03:24:35,518 - INFO - Resetting transaction state before entry 354
2025-04-14 03:24:35,520 - INFO - Resetting transaction state before entry 355
2025-04-14 03:24:35,523 - INFO - Resetting transaction state before entry 356
2025-04-14 03:24:35,525 - INFO - Resetting transaction state before entry 357
2025-04-14 03:24:35,528 - INFO - Resetting transaction state before entry 358
2025-04-14 03:24:35,531 - INFO - Resetting transaction state before entry 359
2025-04-14 03:24:35,536 - INFO - Resetting transaction state before entry 360
2025-04-14 03:24:35,539 - INFO - Resetting transaction state before entry 361
2025-04-14 03:24:35,543 - INFO - Resetting transaction state before entry 362
2025-04-14 03:24:35,546 - INFO - Resetting transaction state before entry 363
2025-04-14 03:24:35,550 - INFO - Resetting transaction state before entry 364
2025-04-14 03:24:35,554 - INFO - Resetting transaction state before entry 365
2025-04-14 03:24:35,558 - INFO - Resetting transaction state before entry 366
2025-04-14 03:24:35,561 - INFO - Resetting transaction state before entry 367
2025-04-14 03:24:35,565 - INFO - Resetting transaction state before entry 368
2025-04-14 03:24:35,572 - INFO - Resetting transaction state before entry 369
2025-04-14 03:24:35,575 - INFO - Resetting transaction state before entry 370
2025-04-14 03:24:35,577 - INFO - Resetting transaction state before entry 371
2025-04-14 03:24:35,582 - INFO - Resetting transaction state before entry 372
2025-04-14 03:24:35,584 - INFO - Resetting transaction state before entry 373
2025-04-14 03:24:35,587 - INFO - Resetting transaction state before entry 374
2025-04-14 03:24:35,591 - INFO - Resetting transaction state before entry 375
2025-04-14 03:24:35,595 - INFO - Resetting transaction state before entry 376
2025-04-14 03:24:35,598 - INFO - Resetting transaction state before entry 377
2025-04-14 03:24:35,612 - INFO - Resetting transaction state before entry 378
2025-04-14 03:24:35,621 - INFO - Resetting transaction state before entry 379
2025-04-14 03:24:35,625 - INFO - Resetting transaction state before entry 380
2025-04-14 03:24:35,629 - INFO - Resetting transaction state before entry 381
2025-04-14 03:24:35,632 - INFO - Resetting transaction state before entry 382
2025-04-14 03:24:35,636 - INFO - Resetting transaction state before entry 383
2025-04-14 03:24:35,638 - INFO - Resetting transaction state before entry 384
2025-04-14 03:24:35,642 - INFO - Resetting transaction state before entry 385
2025-04-14 03:24:35,645 - INFO - Resetting transaction state before entry 386
2025-04-14 03:24:35,652 - INFO - Resetting transaction state before entry 387
2025-04-14 03:24:35,656 - INFO - Resetting transaction state before entry 388
2025-04-14 03:24:35,662 - INFO - Resetting transaction state before entry 389
2025-04-14 03:24:35,670 - INFO - Resetting transaction state before entry 390
2025-04-14 03:24:35,677 - INFO - Resetting transaction state before entry 391
2025-04-14 03:24:35,687 - INFO - Resetting transaction state before entry 392
2025-04-14 03:24:35,691 - INFO - Resetting transaction state before entry 393
2025-04-14 03:24:35,695 - INFO - Resetting transaction state before entry 394
2025-04-14 03:24:35,699 - INFO - Resetting transaction state before entry 395
2025-04-14 03:24:35,705 - INFO - Resetting transaction state before entry 396
2025-04-14 03:24:35,709 - INFO - Resetting transaction state before entry 397
2025-04-14 03:24:35,713 - INFO - Resetting transaction state before entry 398
2025-04-14 03:24:35,716 - INFO - Resetting transaction state before entry 399
2025-04-14 03:24:35,721 - INFO - Resetting transaction state before entry 400
2025-04-14 03:24:35,724 - INFO - Resetting transaction state before entry 401
2025-04-14 03:24:35,730 - INFO - Resetting transaction state before entry 402
2025-04-14 03:24:35,735 - INFO - Resetting transaction state before entry 403
2025-04-14 03:24:35,740 - INFO - Resetting transaction state before entry 404
2025-04-14 03:24:35,743 - INFO - Resetting transaction state before entry 405
2025-04-14 03:24:35,747 - INFO - Resetting transaction state before entry 406
2025-04-14 03:24:35,751 - INFO - Resetting transaction state before entry 407
2025-04-14 03:24:35,756 - INFO - Resetting transaction state before entry 408
2025-04-14 03:24:35,759 - INFO - Resetting transaction state before entry 409
2025-04-14 03:24:35,763 - INFO - Resetting transaction state before entry 410
2025-04-14 03:24:35,768 - INFO - Resetting transaction state before entry 411
2025-04-14 03:24:35,772 - INFO - Resetting transaction state before entry 412
2025-04-14 03:24:35,788 - INFO - Resetting transaction state before entry 413
2025-04-14 03:24:35,796 - INFO - Resetting transaction state before entry 414
2025-04-14 03:24:35,799 - INFO - Resetting transaction state before entry 415
2025-04-14 03:24:35,804 - INFO - Resetting transaction state before entry 416
2025-04-14 03:24:35,808 - INFO - Resetting transaction state before entry 417
2025-04-14 03:24:35,814 - INFO - Resetting transaction state before entry 418
2025-04-14 03:24:35,821 - INFO - Resetting transaction state before entry 419
2025-04-14 03:24:35,826 - INFO - Resetting transaction state before entry 420
2025-04-14 03:24:35,837 - INFO - Resetting transaction state before entry 421
2025-04-14 03:24:35,841 - INFO - Resetting transaction state before entry 422
2025-04-14 03:24:35,848 - INFO - Resetting transaction state before entry 423
2025-04-14 03:24:35,852 - INFO - Resetting transaction state before entry 424
2025-04-14 03:24:35,855 - INFO - Resetting transaction state before entry 425
2025-04-14 03:24:35,861 - INFO - Resetting transaction state before entry 426
2025-04-14 03:24:35,867 - INFO - Resetting transaction state before entry 427
2025-04-14 03:24:35,872 - INFO - Resetting transaction state before entry 428
2025-04-14 03:24:35,875 - INFO - Resetting transaction state before entry 429
2025-04-14 03:24:35,878 - INFO - Resetting transaction state before entry 430
2025-04-14 03:24:35,884 - INFO - Resetting transaction state before entry 431
2025-04-14 03:24:35,889 - INFO - Resetting transaction state before entry 432
2025-04-14 03:24:35,894 - INFO - Resetting transaction state before entry 433
2025-04-14 03:24:35,900 - INFO - Resetting transaction state before entry 434
2025-04-14 03:24:35,909 - INFO - Resetting transaction state before entry 435
2025-04-14 03:24:35,913 - INFO - Resetting transaction state before entry 436
2025-04-14 03:24:35,924 - INFO - Resetting transaction state before entry 437
2025-04-14 03:24:35,933 - INFO - Resetting transaction state before entry 438
2025-04-14 03:24:35,938 - INFO - Resetting transaction state before entry 439
2025-04-14 03:24:35,942 - INFO - Resetting transaction state before entry 440
2025-04-14 03:24:35,947 - INFO - Resetting transaction state before entry 441
2025-04-14 03:24:35,952 - INFO - Resetting transaction state before entry 442
2025-04-14 03:24:35,957 - INFO - Resetting transaction state before entry 443
2025-04-14 03:24:35,964 - INFO - Resetting transaction state before entry 444
2025-04-14 03:24:35,971 - INFO - Resetting transaction state before entry 445
2025-04-14 03:24:35,977 - INFO - Resetting transaction state before entry 446
2025-04-14 03:24:35,981 - INFO - Resetting transaction state before entry 447
2025-04-14 03:24:35,986 - INFO - Resetting transaction state before entry 448
2025-04-14 03:24:35,992 - INFO - Resetting transaction state before entry 449
2025-04-14 03:24:35,998 - INFO - Resetting transaction state before entry 450
2025-04-14 03:24:36,003 - INFO - Resetting transaction state before entry 451
2025-04-14 03:24:36,007 - INFO - Resetting transaction state before entry 452
2025-04-14 03:24:36,011 - INFO - Resetting transaction state before entry 453
2025-04-14 03:24:36,015 - INFO - Resetting transaction state before entry 454
2025-04-14 03:24:36,019 - INFO - Resetting transaction state before entry 455
2025-04-14 03:24:36,022 - INFO - Resetting transaction state before entry 456
2025-04-14 03:24:36,026 - INFO - Resetting transaction state before entry 457
2025-04-14 03:24:36,029 - INFO - Resetting transaction state before entry 458
2025-04-14 03:24:36,034 - INFO - Resetting transaction state before entry 459
2025-04-14 03:24:36,039 - INFO - Resetting transaction state before entry 460
2025-04-14 03:24:36,045 - INFO - Resetting transaction state before entry 461
2025-04-14 03:24:36,049 - INFO - Resetting transaction state before entry 462
2025-04-14 03:24:36,054 - INFO - Resetting transaction state before entry 463
2025-04-14 03:24:36,060 - INFO - Resetting transaction state before entry 464
2025-04-14 03:24:36,064 - INFO - Resetting transaction state before entry 465
2025-04-14 03:24:36,067 - INFO - Resetting transaction state before entry 466
2025-04-14 03:24:36,071 - INFO - Resetting transaction state before entry 467
2025-04-14 03:24:36,075 - INFO - Resetting transaction state before entry 468
2025-04-14 03:24:36,080 - INFO - Resetting transaction state before entry 469
2025-04-14 03:24:36,084 - INFO - Resetting transaction state before entry 470
2025-04-14 03:24:36,088 - INFO - Resetting transaction state before entry 471
2025-04-14 03:24:36,094 - INFO - Resetting transaction state before entry 472
2025-04-14 03:24:36,099 - INFO - Resetting transaction state before entry 473
2025-04-14 03:24:36,104 - INFO - Resetting transaction state before entry 474
2025-04-14 03:24:36,108 - INFO - Resetting transaction state before entry 475
2025-04-14 03:24:36,113 - INFO - Resetting transaction state before entry 476
2025-04-14 03:24:36,117 - INFO - Resetting transaction state before entry 477
2025-04-14 03:24:36,122 - INFO - Resetting transaction state before entry 478
2025-04-14 03:24:36,126 - INFO - Resetting transaction state before entry 479
2025-04-14 03:24:36,129 - INFO - Resetting transaction state before entry 480
2025-04-14 03:24:36,132 - INFO - Resetting transaction state before entry 481
2025-04-14 03:24:36,137 - INFO - Resetting transaction state before entry 482
2025-04-14 03:24:36,140 - INFO - Resetting transaction state before entry 483
2025-04-14 03:24:36,143 - INFO - Resetting transaction state before entry 484
2025-04-14 03:24:36,146 - INFO - Resetting transaction state before entry 485
2025-04-14 03:24:36,149 - INFO - Resetting transaction state before entry 486
2025-04-14 03:24:36,153 - INFO - Resetting transaction state before entry 487
2025-04-14 03:24:36,157 - INFO - Resetting transaction state before entry 488
2025-04-14 03:24:36,160 - INFO - Resetting transaction state before entry 489
2025-04-14 03:24:36,162 - INFO - Resetting transaction state before entry 490
2025-04-14 03:24:36,164 - INFO - Resetting transaction state before entry 491
2025-04-14 03:24:36,168 - INFO - Resetting transaction state before entry 492
2025-04-14 03:24:36,171 - INFO - Resetting transaction state before entry 493
2025-04-14 03:24:36,176 - INFO - Resetting transaction state before entry 494
2025-04-14 03:24:36,180 - INFO - Resetting transaction state before entry 495
2025-04-14 03:24:36,186 - INFO - Resetting transaction state before entry 496
2025-04-14 03:24:36,190 - INFO - Resetting transaction state before entry 497
2025-04-14 03:24:36,193 - INFO - Resetting transaction state before entry 498
2025-04-14 03:24:36,196 - INFO - Resetting transaction state before entry 499
2025-04-14 03:24:36,200 - INFO - Resetting transaction state before entry 500
2025-04-14 03:24:36,203 - INFO - Resetting transaction state before entry 501
2025-04-14 03:24:36,206 - INFO - Resetting transaction state before entry 502
2025-04-14 03:24:36,209 - INFO - Resetting transaction state before entry 503
2025-04-14 03:24:36,215 - INFO - Resetting transaction state before entry 504
2025-04-14 03:24:36,219 - INFO - Resetting transaction state before entry 505
2025-04-14 03:24:36,224 - INFO - Resetting transaction state before entry 506
2025-04-14 03:24:36,227 - INFO - Resetting transaction state before entry 507
2025-04-14 03:24:36,232 - INFO - Resetting transaction state before entry 508
2025-04-14 03:24:36,239 - INFO - Resetting transaction state before entry 509
2025-04-14 03:24:36,248 - INFO - Resetting transaction state before entry 510
2025-04-14 03:24:36,255 - INFO - Resetting transaction state before entry 511
2025-04-14 03:24:36,261 - INFO - Resetting transaction state before entry 512
2025-04-14 03:24:36,264 - INFO - Resetting transaction state before entry 513
2025-04-14 03:24:36,268 - INFO - Resetting transaction state before entry 514
2025-04-14 03:24:36,273 - INFO - Resetting transaction state before entry 515
2025-04-14 03:24:36,276 - INFO - Resetting transaction state before entry 516
2025-04-14 03:24:36,285 - INFO - Resetting transaction state before entry 517
2025-04-14 03:24:36,292 - INFO - Resetting transaction state before entry 518
2025-04-14 03:24:36,296 - INFO - Resetting transaction state before entry 519
2025-04-14 03:24:36,301 - INFO - Resetting transaction state before entry 520
2025-04-14 03:24:36,306 - INFO - Resetting transaction state before entry 521
2025-04-14 03:24:36,310 - INFO - Resetting transaction state before entry 522
2025-04-14 03:24:36,315 - INFO - Resetting transaction state before entry 523
2025-04-14 03:24:36,321 - INFO - Resetting transaction state before entry 524
2025-04-14 03:24:36,324 - INFO - Resetting transaction state before entry 525
2025-04-14 03:24:36,327 - INFO - Resetting transaction state before entry 526
2025-04-14 03:24:36,330 - INFO - Resetting transaction state before entry 527
2025-04-14 03:24:36,334 - INFO - Resetting transaction state before entry 528
2025-04-14 03:24:36,338 - INFO - Resetting transaction state before entry 529
2025-04-14 03:24:36,341 - INFO - Resetting transaction state before entry 530
2025-04-14 03:24:36,343 - INFO - Resetting transaction state before entry 531
2025-04-14 03:24:36,346 - INFO - Resetting transaction state before entry 532
2025-04-14 03:24:36,351 - INFO - Resetting transaction state before entry 533
2025-04-14 03:24:36,355 - INFO - Resetting transaction state before entry 534
2025-04-14 03:24:36,360 - INFO - Resetting transaction state before entry 535
2025-04-14 03:24:36,363 - INFO - Resetting transaction state before entry 536
2025-04-14 03:24:36,367 - INFO - Resetting transaction state before entry 537
2025-04-14 03:24:36,369 - INFO - Resetting transaction state before entry 538
2025-04-14 03:24:36,374 - INFO - Resetting transaction state before entry 539
2025-04-14 03:24:36,377 - INFO - Resetting transaction state before entry 540
2025-04-14 03:24:36,380 - INFO - Resetting transaction state before entry 541
2025-04-14 03:24:36,383 - INFO - Resetting transaction state before entry 542
2025-04-14 03:24:36,387 - INFO - Resetting transaction state before entry 543
2025-04-14 03:24:36,392 - INFO - Resetting transaction state before entry 544
2025-04-14 03:24:36,395 - INFO - Resetting transaction state before entry 545
2025-04-14 03:24:36,398 - INFO - Resetting transaction state before entry 546
2025-04-14 03:24:36,403 - INFO - Resetting transaction state before entry 547
2025-04-14 03:24:36,405 - INFO - Resetting transaction state before entry 548
2025-04-14 03:24:36,407 - INFO - Resetting transaction state before entry 549
2025-04-14 03:24:36,410 - INFO - Resetting transaction state before entry 550
2025-04-14 03:24:36,414 - INFO - Resetting transaction state before entry 551
2025-04-14 03:24:36,418 - INFO - Resetting transaction state before entry 552
2025-04-14 03:24:36,420 - INFO - Resetting transaction state before entry 553
2025-04-14 03:24:36,423 - INFO - Resetting transaction state before entry 554
2025-04-14 03:24:36,428 - INFO - Resetting transaction state before entry 555
2025-04-14 03:24:36,432 - INFO - Resetting transaction state before entry 556
2025-04-14 03:24:36,436 - INFO - Resetting transaction state before entry 557
2025-04-14 03:24:36,439 - INFO - Resetting transaction state before entry 558
2025-04-14 03:24:36,442 - INFO - Resetting transaction state before entry 559
2025-04-14 03:24:36,452 - INFO - Resetting transaction state before entry 560
2025-04-14 03:24:36,457 - INFO - Resetting transaction state before entry 561
2025-04-14 03:24:36,464 - INFO - Resetting transaction state before entry 562
2025-04-14 03:24:36,473 - INFO - Resetting transaction state before entry 563
2025-04-14 03:24:36,477 - INFO - Resetting transaction state before entry 564
2025-04-14 03:24:36,483 - INFO - Resetting transaction state before entry 565
2025-04-14 03:24:36,491 - INFO - Resetting transaction state before entry 566
2025-04-14 03:24:36,493 - INFO - Resetting transaction state before entry 567
2025-04-14 03:24:36,497 - INFO - Resetting transaction state before entry 568
2025-04-14 03:24:36,500 - INFO - Resetting transaction state before entry 569
2025-04-14 03:24:36,504 - INFO - Resetting transaction state before entry 570
2025-04-14 03:24:36,508 - INFO - Resetting transaction state before entry 571
2025-04-14 03:24:36,511 - INFO - Resetting transaction state before entry 572
2025-04-14 03:24:36,515 - INFO - Resetting transaction state before entry 573
2025-04-14 03:24:36,519 - INFO - Resetting transaction state before entry 574
2025-04-14 03:24:36,522 - INFO - Resetting transaction state before entry 575
2025-04-14 03:24:36,526 - INFO - Resetting transaction state before entry 576
2025-04-14 03:24:36,532 - INFO - Resetting transaction state before entry 577
2025-04-14 03:24:36,535 - INFO - Resetting transaction state before entry 578
2025-04-14 03:24:36,539 - INFO - Resetting transaction state before entry 579
2025-04-14 03:24:36,546 - INFO - Resetting transaction state before entry 580
2025-04-14 03:24:36,550 - INFO - Resetting transaction state before entry 581
2025-04-14 03:24:36,553 - INFO - Resetting transaction state before entry 582
2025-04-14 03:24:36,557 - INFO - Resetting transaction state before entry 583
2025-04-14 03:24:36,561 - INFO - Resetting transaction state before entry 584
2025-04-14 03:24:36,567 - INFO - Resetting transaction state before entry 585
2025-04-14 03:24:36,570 - INFO - Resetting transaction state before entry 586
2025-04-14 03:24:36,572 - INFO - Resetting transaction state before entry 587
2025-04-14 03:24:36,573 - INFO - Resetting transaction state before entry 588
2025-04-14 03:24:36,577 - INFO - Resetting transaction state before entry 589
2025-04-14 03:24:36,581 - INFO - Resetting transaction state before entry 590
2025-04-14 03:24:36,586 - INFO - Resetting transaction state before entry 591
2025-04-14 03:24:36,588 - INFO - Resetting transaction state before entry 592
2025-04-14 03:24:36,590 - INFO - Resetting transaction state before entry 593
2025-04-14 03:24:36,592 - INFO - Resetting transaction state before entry 594
2025-04-14 03:24:36,595 - INFO - Resetting transaction state before entry 595
2025-04-14 03:24:36,598 - INFO - Resetting transaction state before entry 596
2025-04-14 03:24:36,601 - INFO - Resetting transaction state before entry 597
2025-04-14 03:24:36,606 - INFO - Resetting transaction state before entry 598
2025-04-14 03:24:36,612 - INFO - Resetting transaction state before entry 599
2025-04-14 03:24:36,615 - INFO - Resetting transaction state before entry 600
2025-04-14 03:24:36,620 - INFO - Resetting transaction state before entry 601
2025-04-14 03:24:36,621 - INFO - Resetting transaction state before entry 602
2025-04-14 03:24:36,625 - INFO - Resetting transaction state before entry 603
2025-04-14 03:24:36,627 - INFO - Resetting transaction state before entry 604
2025-04-14 03:24:36,629 - INFO - Resetting transaction state before entry 605
2025-04-14 03:24:36,632 - INFO - Resetting transaction state before entry 606
2025-04-14 03:24:36,633 - INFO - Resetting transaction state before entry 607
2025-04-14 03:24:36,636 - INFO - Resetting transaction state before entry 608
2025-04-14 03:24:36,639 - INFO - Resetting transaction state before entry 609
2025-04-14 03:24:36,651 - INFO - Resetting transaction state before entry 610
2025-04-14 03:24:36,654 - INFO - Resetting transaction state before entry 611
2025-04-14 03:24:36,656 - INFO - Resetting transaction state before entry 612
2025-04-14 03:24:36,659 - INFO - Resetting transaction state before entry 613
2025-04-14 03:24:36,664 - INFO - Resetting transaction state before entry 614
2025-04-14 03:24:36,667 - INFO - Resetting transaction state before entry 615
2025-04-14 03:24:36,670 - INFO - Resetting transaction state before entry 616
2025-04-14 03:24:36,674 - INFO - Resetting transaction state before entry 617
2025-04-14 03:24:36,677 - INFO - Resetting transaction state before entry 618
2025-04-14 03:24:36,680 - INFO - Resetting transaction state before entry 619
2025-04-14 03:24:36,683 - INFO - Resetting transaction state before entry 620
2025-04-14 03:24:36,687 - INFO - Resetting transaction state before entry 621
2025-04-14 03:24:36,689 - INFO - Resetting transaction state before entry 622
2025-04-14 03:24:36,691 - INFO - Resetting transaction state before entry 623
2025-04-14 03:24:36,693 - INFO - Resetting transaction state before entry 624
2025-04-14 03:24:36,696 - INFO - Resetting transaction state before entry 625
2025-04-14 03:24:36,698 - INFO - Resetting transaction state before entry 626
2025-04-14 03:24:36,701 - INFO - Resetting transaction state before entry 627
2025-04-14 03:24:36,705 - INFO - Resetting transaction state before entry 628
2025-04-14 03:24:36,708 - INFO - Resetting transaction state before entry 629
2025-04-14 03:24:36,711 - INFO - Resetting transaction state before entry 630
2025-04-14 03:24:36,715 - INFO - Resetting transaction state before entry 631
2025-04-14 03:24:36,717 - INFO - Resetting transaction state before entry 632
2025-04-14 03:24:36,719 - INFO - Resetting transaction state before entry 633
2025-04-14 03:24:36,722 - INFO - Resetting transaction state before entry 634
2025-04-14 03:24:36,727 - INFO - Resetting transaction state before entry 635
2025-04-14 03:24:36,729 - INFO - Resetting transaction state before entry 636
2025-04-14 03:24:36,734 - INFO - Resetting transaction state before entry 637
2025-04-14 03:24:36,738 - INFO - Resetting transaction state before entry 638
2025-04-14 03:24:36,741 - INFO - Resetting transaction state before entry 639
2025-04-14 03:24:36,744 - INFO - Resetting transaction state before entry 640
2025-04-14 03:24:36,747 - INFO - Resetting transaction state before entry 641
2025-04-14 03:24:36,751 - INFO - Resetting transaction state before entry 642
2025-04-14 03:24:36,754 - INFO - Resetting transaction state before entry 643
2025-04-14 03:24:36,757 - INFO - Resetting transaction state before entry 644
2025-04-14 03:24:36,762 - INFO - Resetting transaction state before entry 645
2025-04-14 03:24:36,766 - INFO - Resetting transaction state before entry 646
2025-04-14 03:24:36,770 - INFO - Resetting transaction state before entry 647
2025-04-14 03:24:36,773 - INFO - Resetting transaction state before entry 648
2025-04-14 03:24:36,776 - INFO - Resetting transaction state before entry 649
2025-04-14 03:24:36,779 - INFO - Resetting transaction state before entry 650
2025-04-14 03:24:36,782 - INFO - Resetting transaction state before entry 651
2025-04-14 03:24:36,785 - INFO - Resetting transaction state before entry 652
2025-04-14 03:24:36,788 - INFO - Resetting transaction state before entry 653
2025-04-14 03:24:36,791 - INFO - Resetting transaction state before entry 654
2025-04-14 03:24:36,795 - INFO - Resetting transaction state before entry 655
2025-04-14 03:24:36,798 - INFO - Resetting transaction state before entry 656
2025-04-14 03:24:36,802 - INFO - Resetting transaction state before entry 657
2025-04-14 03:24:36,804 - INFO - Resetting transaction state before entry 658
2025-04-14 03:24:36,808 - INFO - Resetting transaction state before entry 659
2025-04-14 03:24:36,812 - INFO - Resetting transaction state before entry 660
2025-04-14 03:24:36,815 - INFO - Resetting transaction state before entry 661
2025-04-14 03:24:36,818 - INFO - Resetting transaction state before entry 662
2025-04-14 03:24:36,822 - INFO - Resetting transaction state before entry 663
2025-04-14 03:24:36,826 - INFO - Resetting transaction state before entry 664
2025-04-14 03:24:36,829 - INFO - Resetting transaction state before entry 665
2025-04-14 03:24:36,833 - INFO - Resetting transaction state before entry 666
2025-04-14 03:24:36,836 - INFO - Resetting transaction state before entry 667
2025-04-14 03:24:36,838 - INFO - Resetting transaction state before entry 668
2025-04-14 03:24:36,841 - INFO - Resetting transaction state before entry 669
2025-04-14 03:24:36,844 - INFO - Resetting transaction state before entry 670
2025-04-14 03:24:36,846 - INFO - Resetting transaction state before entry 671
2025-04-14 03:24:36,848 - INFO - Resetting transaction state before entry 672
2025-04-14 03:24:36,851 - INFO - Resetting transaction state before entry 673
2025-04-14 03:24:36,854 - INFO - Resetting transaction state before entry 674
2025-04-14 03:24:36,858 - INFO - Resetting transaction state before entry 675
2025-04-14 03:24:36,862 - INFO - Resetting transaction state before entry 676
2025-04-14 03:24:36,868 - INFO - Resetting transaction state before entry 677
2025-04-14 03:24:36,877 - INFO - Resetting transaction state before entry 678
2025-04-14 03:24:36,882 - INFO - Resetting transaction state before entry 679
2025-04-14 03:24:36,884 - INFO - Resetting transaction state before entry 680
2025-04-14 03:24:36,886 - INFO - Resetting transaction state before entry 681
2025-04-14 03:24:36,891 - INFO - Resetting transaction state before entry 682
2025-04-14 03:24:36,895 - INFO - Resetting transaction state before entry 683
2025-04-14 03:24:36,904 - INFO - Resetting transaction state before entry 684
2025-04-14 03:24:36,906 - INFO - Resetting transaction state before entry 685
2025-04-14 03:24:36,910 - INFO - Resetting transaction state before entry 686
2025-04-14 03:24:36,912 - INFO - Resetting transaction state before entry 687
2025-04-14 03:24:36,915 - INFO - Resetting transaction state before entry 688
2025-04-14 03:24:36,918 - INFO - Resetting transaction state before entry 689
2025-04-14 03:24:36,920 - INFO - Resetting transaction state before entry 690
2025-04-14 03:24:36,923 - INFO - Resetting transaction state before entry 691
2025-04-14 03:24:36,929 - INFO - Resetting transaction state before entry 692
2025-04-14 03:24:36,932 - INFO - Resetting transaction state before entry 693
2025-04-14 03:24:36,936 - INFO - Resetting transaction state before entry 694
2025-04-14 03:24:36,940 - INFO - Resetting transaction state before entry 695
2025-04-14 03:24:36,943 - INFO - Resetting transaction state before entry 696
2025-04-14 03:24:36,947 - INFO - Resetting transaction state before entry 697
2025-04-14 03:24:36,951 - INFO - Resetting transaction state before entry 698
2025-04-14 03:24:36,954 - INFO - Resetting transaction state before entry 699
2025-04-14 03:24:36,957 - INFO - Resetting transaction state before entry 700
2025-04-14 03:24:36,960 - INFO - Resetting transaction state before entry 701
2025-04-14 03:24:36,963 - INFO - Resetting transaction state before entry 702
2025-04-14 03:24:36,966 - INFO - Resetting transaction state before entry 703
2025-04-14 03:24:36,970 - INFO - Resetting transaction state before entry 704
2025-04-14 03:24:36,974 - INFO - Resetting transaction state before entry 705
2025-04-14 03:24:36,977 - INFO - Resetting transaction state before entry 706
2025-04-14 03:24:36,981 - INFO - Resetting transaction state before entry 707
2025-04-14 03:24:36,986 - INFO - Resetting transaction state before entry 708
2025-04-14 03:24:36,990 - INFO - Resetting transaction state before entry 709
2025-04-14 03:24:36,993 - INFO - Resetting transaction state before entry 710
2025-04-14 03:24:36,996 - INFO - Resetting transaction state before entry 711
2025-04-14 03:24:37,000 - INFO - Resetting transaction state before entry 712
2025-04-14 03:24:37,003 - INFO - Resetting transaction state before entry 713
2025-04-14 03:24:37,006 - INFO - Resetting transaction state before entry 714
2025-04-14 03:24:37,009 - INFO - Resetting transaction state before entry 715
2025-04-14 03:24:37,012 - INFO - Resetting transaction state before entry 716
2025-04-14 03:24:37,015 - INFO - Resetting transaction state before entry 717
2025-04-14 03:24:37,019 - INFO - Resetting transaction state before entry 718
2025-04-14 03:24:37,022 - INFO - Resetting transaction state before entry 719
2025-04-14 03:24:37,024 - INFO - Resetting transaction state before entry 720
2025-04-14 03:24:37,028 - INFO - Resetting transaction state before entry 721
2025-04-14 03:24:37,031 - INFO - Resetting transaction state before entry 722
2025-04-14 03:24:37,033 - INFO - Resetting transaction state before entry 723
2025-04-14 03:24:37,037 - INFO - Resetting transaction state before entry 724
2025-04-14 03:24:37,038 - INFO - Resetting transaction state before entry 725
2025-04-14 03:24:37,041 - INFO - Resetting transaction state before entry 726
2025-04-14 03:24:37,045 - INFO - Resetting transaction state before entry 727
2025-04-14 03:24:37,048 - INFO - Resetting transaction state before entry 728
2025-04-14 03:24:37,051 - INFO - Resetting transaction state before entry 729
2025-04-14 03:24:37,054 - INFO - Resetting transaction state before entry 730
2025-04-14 03:24:37,057 - INFO - Resetting transaction state before entry 731
2025-04-14 03:24:37,061 - INFO - Resetting transaction state before entry 732
2025-04-14 03:24:37,064 - INFO - Resetting transaction state before entry 733
2025-04-14 03:24:37,067 - INFO - Resetting transaction state before entry 734
2025-04-14 03:24:37,071 - INFO - Resetting transaction state before entry 735
2025-04-14 03:24:37,077 - INFO - Resetting transaction state before entry 736
2025-04-14 03:24:37,080 - INFO - Resetting transaction state before entry 737
2025-04-14 03:24:37,083 - INFO - Resetting transaction state before entry 738
2025-04-14 03:24:37,086 - INFO - Resetting transaction state before entry 739
2025-04-14 03:24:37,088 - INFO - Resetting transaction state before entry 740
2025-04-14 03:24:37,090 - INFO - Resetting transaction state before entry 741
2025-04-14 03:24:37,093 - INFO - Resetting transaction state before entry 742
2025-04-14 03:24:37,096 - INFO - Resetting transaction state before entry 743
2025-04-14 03:24:37,098 - INFO - Resetting transaction state before entry 744
2025-04-14 03:24:37,101 - INFO - Resetting transaction state before entry 745
2025-04-14 03:24:37,107 - INFO - Resetting transaction state before entry 746
2025-04-14 03:24:37,110 - INFO - Resetting transaction state before entry 747
2025-04-14 03:24:37,113 - INFO - Resetting transaction state before entry 748
2025-04-14 03:24:37,116 - INFO - Resetting transaction state before entry 749
2025-04-14 03:24:37,119 - INFO - Resetting transaction state before entry 750
2025-04-14 03:24:37,122 - INFO - Resetting transaction state before entry 751
2025-04-14 03:24:37,125 - INFO - Resetting transaction state before entry 752
2025-04-14 03:24:37,128 - INFO - Resetting transaction state before entry 753
2025-04-14 03:24:37,130 - INFO - Resetting transaction state before entry 754
2025-04-14 03:24:37,132 - INFO - Resetting transaction state before entry 755
2025-04-14 03:24:37,134 - INFO - Resetting transaction state before entry 756
2025-04-14 03:24:37,136 - INFO - Resetting transaction state before entry 757
2025-04-14 03:24:37,139 - INFO - Resetting transaction state before entry 758
2025-04-14 03:24:37,141 - INFO - Resetting transaction state before entry 759
2025-04-14 03:24:37,144 - INFO - Resetting transaction state before entry 760
2025-04-14 03:24:37,146 - INFO - Resetting transaction state before entry 761
2025-04-14 03:24:37,149 - INFO - Resetting transaction state before entry 762
2025-04-14 03:24:37,151 - INFO - Resetting transaction state before entry 763
2025-04-14 03:24:37,153 - INFO - Resetting transaction state before entry 764
2025-04-14 03:24:37,155 - INFO - Resetting transaction state before entry 765
2025-04-14 03:24:37,162 - INFO - Resetting transaction state before entry 766
2025-04-14 03:24:37,164 - INFO - Resetting transaction state before entry 767
2025-04-14 03:24:37,166 - INFO - Resetting transaction state before entry 768
2025-04-14 03:24:37,169 - INFO - Resetting transaction state before entry 769
2025-04-14 03:24:37,171 - INFO - Resetting transaction state before entry 770
2025-04-14 03:24:37,173 - INFO - Resetting transaction state before entry 771
2025-04-14 03:24:37,178 - INFO - Resetting transaction state before entry 772
2025-04-14 03:24:37,197 - INFO - Resetting transaction state before entry 773
2025-04-14 03:24:37,202 - INFO - Resetting transaction state before entry 774
2025-04-14 03:24:37,205 - INFO - Resetting transaction state before entry 775
2025-04-14 03:24:37,207 - INFO - Resetting transaction state before entry 776
2025-04-14 03:24:37,209 - INFO - Resetting transaction state before entry 777
2025-04-14 03:24:37,211 - INFO - Resetting transaction state before entry 778
2025-04-14 03:24:37,214 - INFO - Resetting transaction state before entry 779
2025-04-14 03:24:37,216 - INFO - Resetting transaction state before entry 780
2025-04-14 03:24:37,218 - INFO - Resetting transaction state before entry 781
2025-04-14 03:24:37,220 - INFO - Resetting transaction state before entry 782
2025-04-14 03:24:37,222 - INFO - Resetting transaction state before entry 783
2025-04-14 03:24:37,225 - INFO - Resetting transaction state before entry 784
2025-04-14 03:24:37,228 - INFO - Resetting transaction state before entry 785
2025-04-14 03:24:37,232 - INFO - Resetting transaction state before entry 786
2025-04-14 03:24:37,235 - INFO - Resetting transaction state before entry 787
2025-04-14 03:24:37,238 - INFO - Resetting transaction state before entry 788
2025-04-14 03:24:37,241 - INFO - Resetting transaction state before entry 789
2025-04-14 03:24:37,244 - INFO - Resetting transaction state before entry 790
2025-04-14 03:24:37,246 - INFO - Resetting transaction state before entry 791
2025-04-14 03:24:37,249 - INFO - Resetting transaction state before entry 792
2025-04-14 03:24:37,252 - INFO - Resetting transaction state before entry 793
2025-04-14 03:24:37,254 - INFO - Resetting transaction state before entry 794
2025-04-14 03:24:37,256 - INFO - Resetting transaction state before entry 795
2025-04-14 03:24:37,259 - INFO - Resetting transaction state before entry 796
2025-04-14 03:24:37,262 - INFO - Resetting transaction state before entry 797
2025-04-14 03:24:37,264 - INFO - Resetting transaction state before entry 798
2025-04-14 03:24:37,267 - INFO - Resetting transaction state before entry 799
2025-04-14 03:24:37,270 - INFO - Resetting transaction state before entry 800
2025-04-14 03:24:37,272 - INFO - Resetting transaction state before entry 801
2025-04-14 03:24:37,274 - INFO - Resetting transaction state before entry 802
2025-04-14 03:24:37,279 - INFO - Resetting transaction state before entry 803
2025-04-14 03:24:37,282 - INFO - Resetting transaction state before entry 804
2025-04-14 03:24:37,284 - INFO - Resetting transaction state before entry 805
2025-04-14 03:24:37,287 - INFO - Resetting transaction state before entry 806
2025-04-14 03:24:37,290 - INFO - Resetting transaction state before entry 807
2025-04-14 03:24:37,294 - INFO - Resetting transaction state before entry 808
2025-04-14 03:24:37,297 - INFO - Resetting transaction state before entry 809
2025-04-14 03:24:37,300 - INFO - Resetting transaction state before entry 810
2025-04-14 03:24:37,304 - INFO - Resetting transaction state before entry 811
2025-04-14 03:24:37,307 - INFO - Resetting transaction state before entry 812
2025-04-14 03:24:37,310 - INFO - Resetting transaction state before entry 813
2025-04-14 03:24:37,315 - INFO - Resetting transaction state before entry 814
2025-04-14 03:24:37,318 - INFO - Resetting transaction state before entry 815
2025-04-14 03:24:37,321 - INFO - Resetting transaction state before entry 816
2025-04-14 03:24:37,323 - INFO - Resetting transaction state before entry 817
2025-04-14 03:24:37,326 - INFO - Resetting transaction state before entry 818
2025-04-14 03:24:37,329 - INFO - Resetting transaction state before entry 819
2025-04-14 03:24:37,331 - INFO - Resetting transaction state before entry 820
2025-04-14 03:24:37,334 - INFO - Resetting transaction state before entry 821
2025-04-14 03:24:37,337 - INFO - Resetting transaction state before entry 822
2025-04-14 03:24:37,339 - INFO - Resetting transaction state before entry 823
2025-04-14 03:24:37,342 - INFO - Resetting transaction state before entry 824
2025-04-14 03:24:37,346 - INFO - Resetting transaction state before entry 825
2025-04-14 03:24:37,348 - INFO - Resetting transaction state before entry 826
2025-04-14 03:24:37,350 - INFO - Resetting transaction state before entry 827
2025-04-14 03:24:37,354 - INFO - Resetting transaction state before entry 828
2025-04-14 03:24:37,357 - INFO - Resetting transaction state before entry 829
2025-04-14 03:24:37,360 - INFO - Resetting transaction state before entry 830
2025-04-14 03:24:37,363 - INFO - Resetting transaction state before entry 831
2025-04-14 03:24:37,365 - INFO - Resetting transaction state before entry 832
2025-04-14 03:24:37,368 - INFO - Resetting transaction state before entry 833
2025-04-14 03:24:37,370 - INFO - Resetting transaction state before entry 834
2025-04-14 03:24:37,372 - INFO - Resetting transaction state before entry 835
2025-04-14 03:24:37,374 - INFO - Resetting transaction state before entry 836
2025-04-14 03:24:37,379 - INFO - Resetting transaction state before entry 837
2025-04-14 03:24:37,382 - INFO - Resetting transaction state before entry 838
2025-04-14 03:24:37,384 - INFO - Resetting transaction state before entry 839
2025-04-14 03:24:37,387 - INFO - Resetting transaction state before entry 840
2025-04-14 03:24:37,389 - INFO - Resetting transaction state before entry 841
2025-04-14 03:24:37,391 - INFO - Resetting transaction state before entry 842
2025-04-14 03:24:37,394 - INFO - Resetting transaction state before entry 843
2025-04-14 03:24:37,396 - INFO - Resetting transaction state before entry 844
2025-04-14 03:24:37,398 - INFO - Resetting transaction state before entry 845
2025-04-14 03:24:37,401 - INFO - Resetting transaction state before entry 846
2025-04-14 03:24:37,403 - INFO - Resetting transaction state before entry 847
2025-04-14 03:24:37,405 - INFO - Resetting transaction state before entry 848
2025-04-14 03:24:37,408 - INFO - Resetting transaction state before entry 849
2025-04-14 03:24:37,410 - INFO - Resetting transaction state before entry 850
2025-04-14 03:24:37,412 - INFO - Resetting transaction state before entry 851
2025-04-14 03:24:37,414 - INFO - Resetting transaction state before entry 852
2025-04-14 03:24:37,416 - INFO - Resetting transaction state before entry 853
2025-04-14 03:24:37,419 - INFO - Resetting transaction state before entry 854
2025-04-14 03:24:37,421 - INFO - Resetting transaction state before entry 855
2025-04-14 03:24:37,424 - INFO - Resetting transaction state before entry 856
2025-04-14 03:24:37,428 - INFO - Resetting transaction state before entry 857
2025-04-14 03:24:37,431 - INFO - Resetting transaction state before entry 858
2025-04-14 03:24:37,433 - INFO - Resetting transaction state before entry 859
2025-04-14 03:24:37,436 - INFO - Resetting transaction state before entry 860
2025-04-14 03:24:37,438 - INFO - Resetting transaction state before entry 861
2025-04-14 03:24:37,440 - INFO - Resetting transaction state before entry 862
2025-04-14 03:24:37,441 - INFO - Resetting transaction state before entry 863
2025-04-14 03:24:37,443 - INFO - Resetting transaction state before entry 864
2025-04-14 03:24:37,445 - INFO - Resetting transaction state before entry 865
2025-04-14 03:24:37,447 - INFO - Resetting transaction state before entry 866
2025-04-14 03:24:37,449 - INFO - Resetting transaction state before entry 867
2025-04-14 03:24:37,452 - INFO - Resetting transaction state before entry 868
2025-04-14 03:24:37,454 - INFO - Resetting transaction state before entry 869
2025-04-14 03:24:37,455 - INFO - Resetting transaction state before entry 870
2025-04-14 03:24:37,457 - INFO - Resetting transaction state before entry 871
2025-04-14 03:24:37,459 - INFO - Resetting transaction state before entry 872
2025-04-14 03:24:37,462 - INFO - Resetting transaction state before entry 873
2025-04-14 03:24:37,464 - INFO - Resetting transaction state before entry 874
2025-04-14 03:24:37,465 - INFO - Resetting transaction state before entry 875
2025-04-14 03:24:37,468 - INFO - Resetting transaction state before entry 876
2025-04-14 03:24:37,470 - INFO - Resetting transaction state before entry 877
2025-04-14 03:24:37,472 - INFO - Resetting transaction state before entry 878
2025-04-14 03:24:37,475 - INFO - Resetting transaction state before entry 879
2025-04-14 03:24:37,477 - INFO - Resetting transaction state before entry 880
2025-04-14 03:24:37,480 - INFO - Resetting transaction state before entry 881
2025-04-14 03:24:37,482 - INFO - Resetting transaction state before entry 882
2025-04-14 03:24:37,485 - INFO - Resetting transaction state before entry 883
2025-04-14 03:24:37,487 - INFO - Resetting transaction state before entry 884
2025-04-14 03:24:37,489 - INFO - Resetting transaction state before entry 885
2025-04-14 03:24:37,491 - INFO - Resetting transaction state before entry 886
2025-04-14 03:24:37,494 - INFO - Resetting transaction state before entry 887
2025-04-14 03:24:37,496 - INFO - Resetting transaction state before entry 888
2025-04-14 03:24:37,498 - INFO - Resetting transaction state before entry 889
2025-04-14 03:24:37,500 - INFO - Resetting transaction state before entry 890
2025-04-14 03:24:37,502 - INFO - Resetting transaction state before entry 891
2025-04-14 03:24:37,504 - INFO - Resetting transaction state before entry 892
2025-04-14 03:24:37,506 - INFO - Resetting transaction state before entry 893
2025-04-14 03:24:37,509 - INFO - Resetting transaction state before entry 894
2025-04-14 03:24:37,511 - INFO - Resetting transaction state before entry 895
2025-04-14 03:24:37,513 - INFO - Resetting transaction state before entry 896
2025-04-14 03:24:37,515 - INFO - Resetting transaction state before entry 897
2025-04-14 03:24:37,517 - INFO - Resetting transaction state before entry 898
2025-04-14 03:24:37,519 - INFO - Resetting transaction state before entry 899
2025-04-14 03:24:37,521 - INFO - Resetting transaction state before entry 900
2025-04-14 03:24:37,522 - INFO - Resetting transaction state before entry 901
2025-04-14 03:24:37,524 - INFO - Resetting transaction state before entry 902
2025-04-14 03:24:37,527 - INFO - Resetting transaction state before entry 903
2025-04-14 03:24:37,529 - INFO - Resetting transaction state before entry 904
2025-04-14 03:24:37,531 - INFO - Resetting transaction state before entry 905
2025-04-14 03:24:37,533 - INFO - Resetting transaction state before entry 906
2025-04-14 03:24:37,535 - INFO - Resetting transaction state before entry 907
2025-04-14 03:24:37,537 - INFO - Resetting transaction state before entry 908
2025-04-14 03:24:37,539 - INFO - Resetting transaction state before entry 909
2025-04-14 03:24:37,541 - INFO - Resetting transaction state before entry 910
2025-04-14 03:24:37,543 - INFO - Resetting transaction state before entry 911
2025-04-14 03:24:37,545 - INFO - Resetting transaction state before entry 912
2025-04-14 03:24:37,546 - INFO - Resetting transaction state before entry 913
2025-04-14 03:24:37,548 - INFO - Resetting transaction state before entry 914
2025-04-14 03:24:37,550 - INFO - Resetting transaction state before entry 915
2025-04-14 03:24:37,553 - INFO - Resetting transaction state before entry 916
2025-04-14 03:24:37,555 - INFO - Resetting transaction state before entry 917
2025-04-14 03:24:37,557 - INFO - Resetting transaction state before entry 918
2025-04-14 03:24:37,559 - INFO - Resetting transaction state before entry 919
2025-04-14 03:24:37,560 - INFO - Resetting transaction state before entry 920
2025-04-14 03:24:37,562 - INFO - Resetting transaction state before entry 921
2025-04-14 03:24:37,564 - INFO - Resetting transaction state before entry 922
2025-04-14 03:24:37,566 - INFO - Resetting transaction state before entry 923
2025-04-14 03:24:37,568 - INFO - Resetting transaction state before entry 924
2025-04-14 03:24:37,571 - INFO - Resetting transaction state before entry 925
2025-04-14 03:24:37,573 - INFO - Resetting transaction state before entry 926
2025-04-14 03:24:37,575 - INFO - Resetting transaction state before entry 927
2025-04-14 03:24:37,577 - INFO - Resetting transaction state before entry 928
2025-04-14 03:24:37,580 - INFO - Resetting transaction state before entry 929
2025-04-14 03:24:37,582 - INFO - Resetting transaction state before entry 930
2025-04-14 03:24:37,584 - INFO - Resetting transaction state before entry 931
2025-04-14 03:24:37,585 - INFO - Resetting transaction state before entry 932
2025-04-14 03:24:37,587 - INFO - Resetting transaction state before entry 933
2025-04-14 03:24:37,589 - INFO - Resetting transaction state before entry 934
2025-04-14 03:24:37,591 - INFO - Resetting transaction state before entry 935
2025-04-14 03:24:37,592 - INFO - Resetting transaction state before entry 936
2025-04-14 03:24:37,594 - INFO - Resetting transaction state before entry 937
2025-04-14 03:24:37,596 - INFO - Resetting transaction state before entry 938
2025-04-14 03:24:37,599 - INFO - Resetting transaction state before entry 939
2025-04-14 03:24:37,600 - INFO - Resetting transaction state before entry 940
2025-04-14 03:24:37,602 - INFO - Resetting transaction state before entry 941
2025-04-14 03:24:37,604 - INFO - Resetting transaction state before entry 942
2025-04-14 03:24:37,606 - INFO - Resetting transaction state before entry 943
2025-04-14 03:24:37,607 - INFO - Resetting transaction state before entry 944
2025-04-14 03:24:37,608 - INFO - Resetting transaction state before entry 945
2025-04-14 03:24:37,610 - INFO - Resetting transaction state before entry 946
2025-04-14 03:24:37,611 - INFO - Resetting transaction state before entry 947
2025-04-14 03:24:37,613 - INFO - Resetting transaction state before entry 948
2025-04-14 03:24:37,614 - INFO - Resetting transaction state before entry 949
2025-04-14 03:24:37,616 - INFO - Resetting transaction state before entry 950
2025-04-14 03:24:37,618 - INFO - Resetting transaction state before entry 951
2025-04-14 03:24:37,620 - INFO - Resetting transaction state before entry 952
2025-04-14 03:24:37,622 - INFO - Resetting transaction state before entry 953
2025-04-14 03:24:37,623 - INFO - Resetting transaction state before entry 954
2025-04-14 03:24:37,625 - INFO - Resetting transaction state before entry 955
2025-04-14 03:24:37,627 - INFO - Resetting transaction state before entry 956
2025-04-14 03:24:37,629 - INFO - Resetting transaction state before entry 957
2025-04-14 03:24:37,630 - INFO - Resetting transaction state before entry 958
2025-04-14 03:24:37,631 - INFO - Resetting transaction state before entry 959
2025-04-14 03:24:37,633 - INFO - Resetting transaction state before entry 960
2025-04-14 03:24:37,636 - INFO - Resetting transaction state before entry 961
2025-04-14 03:24:37,638 - INFO - Resetting transaction state before entry 962
2025-04-14 03:24:37,640 - INFO - Resetting transaction state before entry 963
2025-04-14 03:24:37,643 - INFO - Resetting transaction state before entry 964
2025-04-14 03:24:37,645 - INFO - Resetting transaction state before entry 965
2025-04-14 03:24:37,646 - INFO - Resetting transaction state before entry 966
2025-04-14 03:24:37,647 - INFO - Resetting transaction state before entry 967
2025-04-14 03:24:37,653 - INFO - Resetting transaction state before entry 968
2025-04-14 03:24:37,655 - INFO - Resetting transaction state before entry 969
2025-04-14 03:24:37,657 - INFO - Resetting transaction state before entry 970
2025-04-14 03:24:37,658 - INFO - Resetting transaction state before entry 971
2025-04-14 03:24:37,661 - INFO - Resetting transaction state before entry 972
2025-04-14 03:24:37,663 - INFO - Resetting transaction state before entry 973
2025-04-14 03:24:37,665 - INFO - Resetting transaction state before entry 974
2025-04-14 03:24:37,667 - INFO - Resetting transaction state before entry 975
2025-04-14 03:24:37,669 - INFO - Resetting transaction state before entry 976
2025-04-14 03:24:37,671 - INFO - Resetting transaction state before entry 977
2025-04-14 03:24:37,673 - INFO - Resetting transaction state before entry 978
2025-04-14 03:24:37,675 - INFO - Resetting transaction state before entry 979
2025-04-14 03:24:37,678 - INFO - Resetting transaction state before entry 980
2025-04-14 03:24:37,682 - INFO - Resetting transaction state before entry 981
2025-04-14 03:24:37,685 - INFO - Resetting transaction state before entry 982
2025-04-14 03:24:37,688 - INFO - Resetting transaction state before entry 983
2025-04-14 03:24:37,690 - INFO - Resetting transaction state before entry 984
2025-04-14 03:24:37,693 - INFO - Resetting transaction state before entry 985
2025-04-14 03:24:37,695 - INFO - Resetting transaction state before entry 986
2025-04-14 03:24:37,698 - INFO - Resetting transaction state before entry 987
2025-04-14 03:24:37,700 - INFO - Resetting transaction state before entry 988
2025-04-14 03:24:37,702 - INFO - Resetting transaction state before entry 989
2025-04-14 03:24:37,704 - INFO - Resetting transaction state before entry 990
2025-04-14 03:24:37,706 - INFO - Resetting transaction state before entry 991
2025-04-14 03:24:37,709 - INFO - Resetting transaction state before entry 992
2025-04-14 03:24:37,711 - INFO - Resetting transaction state before entry 993
2025-04-14 03:24:37,713 - INFO - Resetting transaction state before entry 994
2025-04-14 03:24:37,715 - INFO - Resetting transaction state before entry 995
2025-04-14 03:24:37,717 - INFO - Resetting transaction state before entry 996
2025-04-14 03:24:37,719 - INFO - Resetting transaction state before entry 997
2025-04-14 03:24:37,722 - INFO - Resetting transaction state before entry 998
2025-04-14 03:24:37,724 - INFO - Resetting transaction state before entry 999
2025-04-14 03:24:37,726 - INFO - Resetting transaction state before entry 1000
2025-04-14 03:24:37,729 - INFO - Resetting transaction state before entry 1001
2025-04-14 03:24:37,731 - INFO - Resetting transaction state before entry 1002
2025-04-14 03:24:37,733 - INFO - Resetting transaction state before entry 1003
2025-04-14 03:24:37,735 - INFO - Resetting transaction state before entry 1004
2025-04-14 03:24:37,737 - INFO - Resetting transaction state before entry 1005
2025-04-14 03:24:37,739 - INFO - Resetting transaction state before entry 1006
2025-04-14 03:24:37,741 - INFO - Resetting transaction state before entry 1007
2025-04-14 03:24:37,744 - INFO - Resetting transaction state before entry 1008
2025-04-14 03:24:37,746 - INFO - Resetting transaction state before entry 1009
2025-04-14 03:24:37,748 - INFO - Resetting transaction state before entry 1010
2025-04-14 03:24:37,751 - INFO - Resetting transaction state before entry 1011
2025-04-14 03:24:37,753 - INFO - Resetting transaction state before entry 1012
2025-04-14 03:24:37,756 - INFO - Resetting transaction state before entry 1013
2025-04-14 03:24:37,758 - INFO - Resetting transaction state before entry 1014
2025-04-14 03:24:37,761 - INFO - Resetting transaction state before entry 1015
2025-04-14 03:24:37,763 - INFO - Resetting transaction state before entry 1016
2025-04-14 03:24:37,765 - INFO - Resetting transaction state before entry 1017
2025-04-14 03:24:37,767 - INFO - Resetting transaction state before entry 1018
2025-04-14 03:24:37,770 - INFO - Resetting transaction state before entry 1019
2025-04-14 03:24:37,772 - INFO - Resetting transaction state before entry 1020
2025-04-14 03:24:37,774 - INFO - Resetting transaction state before entry 1021
2025-04-14 03:24:37,776 - INFO - Resetting transaction state before entry 1022
2025-04-14 03:24:37,779 - INFO - Resetting transaction state before entry 1023
2025-04-14 03:24:37,783 - INFO - Resetting transaction state before entry 1024
2025-04-14 03:24:37,786 - INFO - Resetting transaction state before entry 1025
2025-04-14 03:24:37,788 - INFO - Resetting transaction state before entry 1026
2025-04-14 03:24:37,790 - INFO - Resetting transaction state before entry 1027
2025-04-14 03:24:37,793 - INFO - Resetting transaction state before entry 1028
2025-04-14 03:24:37,795 - INFO - Resetting transaction state before entry 1029
2025-04-14 03:24:37,797 - INFO - Resetting transaction state before entry 1030
2025-04-14 03:24:37,799 - INFO - Resetting transaction state before entry 1031
2025-04-14 03:24:37,801 - INFO - Resetting transaction state before entry 1032
2025-04-14 03:24:37,804 - INFO - Resetting transaction state before entry 1033
2025-04-14 03:24:37,806 - INFO - Resetting transaction state before entry 1034
2025-04-14 03:24:37,808 - INFO - Resetting transaction state before entry 1035
2025-04-14 03:24:37,811 - INFO - Resetting transaction state before entry 1036
2025-04-14 03:24:37,813 - INFO - Resetting transaction state before entry 1037
2025-04-14 03:24:37,815 - INFO - Resetting transaction state before entry 1038
2025-04-14 03:24:37,818 - INFO - Resetting transaction state before entry 1039
2025-04-14 03:24:37,821 - INFO - Resetting transaction state before entry 1040
2025-04-14 03:24:37,823 - INFO - Resetting transaction state before entry 1041
2025-04-14 03:24:37,825 - INFO - Resetting transaction state before entry 1042
2025-04-14 03:24:37,827 - INFO - Resetting transaction state before entry 1043
2025-04-14 03:24:37,829 - INFO - Resetting transaction state before entry 1044
2025-04-14 03:24:37,832 - INFO - Resetting transaction state before entry 1045
2025-04-14 03:24:37,834 - INFO - Resetting transaction state before entry 1046
2025-04-14 03:24:37,836 - INFO - Resetting transaction state before entry 1047
2025-04-14 03:24:37,838 - INFO - Resetting transaction state before entry 1048
2025-04-14 03:24:37,841 - INFO - Resetting transaction state before entry 1049
2025-04-14 03:24:37,844 - INFO - Resetting transaction state before entry 1050
2025-04-14 03:24:37,846 - INFO - Resetting transaction state before entry 1051
2025-04-14 03:24:37,849 - INFO - Resetting transaction state before entry 1052
2025-04-14 03:24:37,851 - INFO - Resetting transaction state before entry 1053
2025-04-14 03:24:37,853 - INFO - Resetting transaction state before entry 1054
2025-04-14 03:24:37,855 - INFO - Resetting transaction state before entry 1055
2025-04-14 03:24:37,857 - INFO - Resetting transaction state before entry 1056
2025-04-14 03:24:37,860 - INFO - Resetting transaction state before entry 1057
2025-04-14 03:24:37,864 - INFO - Resetting transaction state before entry 1058
2025-04-14 03:24:37,866 - INFO - Resetting transaction state before entry 1059
2025-04-14 03:24:37,868 - INFO - Resetting transaction state before entry 1060
2025-04-14 03:24:37,871 - INFO - Resetting transaction state before entry 1061
2025-04-14 03:24:37,873 - INFO - Resetting transaction state before entry 1062
2025-04-14 03:24:37,875 - INFO - Resetting transaction state before entry 1063
2025-04-14 03:24:37,878 - INFO - Resetting transaction state before entry 1064
2025-04-14 03:24:37,880 - INFO - Resetting transaction state before entry 1065
2025-04-14 03:24:37,883 - INFO - Resetting transaction state before entry 1066
2025-04-14 03:24:37,886 - INFO - Resetting transaction state before entry 1067
2025-04-14 03:24:37,889 - INFO - Resetting transaction state before entry 1068
2025-04-14 03:24:37,891 - INFO - Resetting transaction state before entry 1069
2025-04-14 03:24:37,893 - INFO - Resetting transaction state before entry 1070
2025-04-14 03:24:37,896 - INFO - Resetting transaction state before entry 1071
2025-04-14 03:24:37,898 - INFO - Resetting transaction state before entry 1072
2025-04-14 03:24:37,901 - INFO - Resetting transaction state before entry 1073
2025-04-14 03:24:37,903 - INFO - Resetting transaction state before entry 1074
2025-04-14 03:24:37,905 - INFO - Resetting transaction state before entry 1075
2025-04-14 03:24:37,908 - INFO - Resetting transaction state before entry 1076
2025-04-14 03:24:37,911 - INFO - Resetting transaction state before entry 1077
2025-04-14 03:24:37,913 - INFO - Resetting transaction state before entry 1078
2025-04-14 03:24:37,916 - INFO - Resetting transaction state before entry 1079
2025-04-14 03:24:37,920 - INFO - Resetting transaction state before entry 1080
2025-04-14 03:24:37,922 - INFO - Resetting transaction state before entry 1081
2025-04-14 03:24:37,924 - INFO - Resetting transaction state before entry 1082
2025-04-14 03:24:37,927 - INFO - Resetting transaction state before entry 1083
2025-04-14 03:24:37,930 - INFO - Resetting transaction state before entry 1084
2025-04-14 03:24:37,932 - INFO - Resetting transaction state before entry 1085
2025-04-14 03:24:37,935 - INFO - Resetting transaction state before entry 1086
2025-04-14 03:24:37,937 - INFO - Resetting transaction state before entry 1087
2025-04-14 03:24:37,940 - INFO - Resetting transaction state before entry 1088
2025-04-14 03:24:37,941 - INFO - Resetting transaction state before entry 1089
2025-04-14 03:24:37,944 - INFO - Resetting transaction state before entry 1090
2025-04-14 03:24:37,946 - INFO - Resetting transaction state before entry 1091
2025-04-14 03:24:37,948 - INFO - Resetting transaction state before entry 1092
2025-04-14 03:24:37,951 - INFO - Resetting transaction state before entry 1093
2025-04-14 03:24:37,954 - INFO - Resetting transaction state before entry 1094
2025-04-14 03:24:37,956 - INFO - Resetting transaction state before entry 1095
2025-04-14 03:24:37,959 - INFO - Resetting transaction state before entry 1096
2025-04-14 03:24:37,961 - INFO - Resetting transaction state before entry 1097
2025-04-14 03:24:37,964 - INFO - Resetting transaction state before entry 1098
2025-04-14 03:24:37,966 - INFO - Resetting transaction state before entry 1099
2025-04-14 03:24:37,970 - INFO - Resetting transaction state before entry 1100
2025-04-14 03:24:37,973 - INFO - Resetting transaction state before entry 1101
2025-04-14 03:24:37,977 - INFO - Resetting transaction state before entry 1102
2025-04-14 03:24:37,980 - INFO - Resetting transaction state before entry 1103
2025-04-14 03:24:37,982 - INFO - Resetting transaction state before entry 1104
2025-04-14 03:24:37,985 - INFO - Resetting transaction state before entry 1105
2025-04-14 03:24:37,987 - INFO - Resetting transaction state before entry 1106
2025-04-14 03:24:37,990 - INFO - Resetting transaction state before entry 1107
2025-04-14 03:24:37,993 - INFO - Resetting transaction state before entry 1108
2025-04-14 03:24:37,995 - INFO - Resetting transaction state before entry 1109
2025-04-14 03:24:37,998 - INFO - Resetting transaction state before entry 1110
2025-04-14 03:24:38,001 - INFO - Resetting transaction state before entry 1111
2025-04-14 03:24:38,003 - INFO - Resetting transaction state before entry 1112
2025-04-14 03:24:38,005 - INFO - Resetting transaction state before entry 1113
2025-04-14 03:24:38,007 - INFO - Resetting transaction state before entry 1114
2025-04-14 03:24:38,009 - INFO - Resetting transaction state before entry 1115
2025-04-14 03:24:38,012 - INFO - Resetting transaction state before entry 1116
2025-04-14 03:24:38,015 - INFO - Resetting transaction state before entry 1117
2025-04-14 03:24:38,017 - INFO - Resetting transaction state before entry 1118
2025-04-14 03:24:38,019 - INFO - Resetting transaction state before entry 1119
2025-04-14 03:24:38,022 - INFO - Resetting transaction state before entry 1120
2025-04-14 03:24:38,024 - INFO - Resetting transaction state before entry 1121
2025-04-14 03:24:38,027 - INFO - Resetting transaction state before entry 1122
2025-04-14 03:24:38,029 - INFO - Resetting transaction state before entry 1123
2025-04-14 03:24:38,032 - INFO - Resetting transaction state before entry 1124
2025-04-14 03:24:38,034 - INFO - Resetting transaction state before entry 1125
2025-04-14 03:24:38,037 - INFO - Resetting transaction state before entry 1126
2025-04-14 03:24:38,039 - INFO - Resetting transaction state before entry 1127
2025-04-14 03:24:38,041 - INFO - Resetting transaction state before entry 1128
2025-04-14 03:24:38,044 - INFO - Resetting transaction state before entry 1129
2025-04-14 03:24:38,046 - INFO - Resetting transaction state before entry 1130
2025-04-14 03:24:38,048 - INFO - Resetting transaction state before entry 1131
2025-04-14 03:24:38,051 - INFO - Resetting transaction state before entry 1132
2025-04-14 03:24:38,054 - INFO - Resetting transaction state before entry 1133
2025-04-14 03:24:38,057 - INFO - Resetting transaction state before entry 1134
2025-04-14 03:24:38,059 - INFO - Resetting transaction state before entry 1135
2025-04-14 03:24:38,066 - WARNING - Error closing connection: set_session cannot be used inside a transaction
