2025-02-08 20:26:40,875 - INFO - Attempting database connection...
2025-02-08 20:26:40,876 - INFO - Database configuration:
2025-02-08 20:26:40,876 - INFO -   Database Name: fil_dict_db
2025-02-08 20:26:40,876 - INFO -   User: postgres
2025-02-08 20:26:40,876 - INFO -   Host: localhost
2025-02-08 20:26:40,877 - INFO -   Password: ********
2025-02-08 20:26:40,950 - INFO - Successfully established database connection
2025-02-08 20:26:40,950 - INFO - Setting up PostgreSQL extensions...
2025-02-08 20:26:40,951 - INFO - Checking extension: pg_trgm
2025-02-08 20:26:40,996 - INFO - Extension already installed: pg_trgm
2025-02-08 20:26:40,997 - INFO - Checking extension: unaccent
2025-02-08 20:26:40,998 - INFO - Extension already installed: unaccent
2025-02-08 20:26:40,999 - INFO - Checking extension: fuzzystrmatch
2025-02-08 20:26:41,001 - INFO - Extension already installed: fuzzystrmatch
2025-02-08 20:26:41,002 - INFO - Extensions setup completed
2025-02-08 20:26:41,003 - INFO - Starting table creation/update process.
2025-02-08 20:26:41,124 - INFO - Tables created or updated successfully.
2025-02-08 20:26:41,134 - INFO - Processing Tagalog words from: data/tagalog-words.json
2025-02-08 20:32:25,598 - INFO - Processing root words from: data/root_words_with_associated_words_cleaned.json
2025-02-08 20:33:58,593 - INFO - Processing KWF dictionary from: data/kwf_dictionary.json
2025-02-08 20:38:43,242 - INFO - Starting to process Kaikki file: data/kaikki.jsonl
2025-02-08 20:44:17,592 - INFO - Starting to process Kaikki file: data/kaikki-ceb.jsonl
2025-02-08 20:46:44,709 - INFO - Processing Baybayin entries...
2025-02-08 20:46:44,840 - INFO - Updating standalone Baybayin entry (ID: 95386)
2025-02-08 20:46:44,874 - INFO - Updating standalone Baybayin entry (ID: 98927)
2025-02-08 20:46:44,877 - WARNING - Invalid Baybayin text detected: ᜊᜊᜌᜒ — Pre-virama
2025-02-08 20:46:44,878 - WARNING - Invalid Baybayin text detected: -um- ᜓᜋ᜔
2025-02-08 20:46:44,880 - WARNING - Invalid Baybayin text detected: batik ᜊᜆᜒᜃ᜔
2025-02-08 20:46:44,881 - WARNING - Invalid Baybayin text detected: bumatik ᜊᜓᜋᜆᜒᜃ᜔
2025-02-08 20:46:44,882 - WARNING - Invalid Baybayin text detected: bumatik ᜊᜓᜋᜆᜒᜃ᜔ bungmatik1 ᜊᜓᜅ᜔ᜋᜆᜒᜃ᜔
2025-02-08 20:46:44,883 - WARNING - Invalid Baybayin text detected: bumabatikᜊᜓᜋᜊᜆᜒᜃ᜔bungmabatik1 ᜊᜓᜅ᜔ᜋᜊᜆᜒᜃ᜔ nabatik2ᜈ ᜊᜆᜒᜃ᜔
2025-02-08 20:46:44,884 - WARNING - Invalid Baybayin text detected: babatik ᜊᜊᜆᜒᜃ᜔mabatik2 ᜋ ᜊᜆᜒᜃ᜔
2025-02-08 20:46:44,886 - WARNING - Invalid Baybayin text detected: kababatik ᜃᜊᜊᜆᜒᜃ᜔
2025-02-08 20:46:44,887 - WARNING - Invalid Baybayin text detected: bumatik ᜊᜓᜋᜆᜒᜃ᜔batik2 ᜊᜆᜒᜃ᜔
2025-02-08 20:46:44,889 - WARNING - Invalid Baybayin text detected: kakabatikᜃᜃᜊᜆᜒᜃ᜔
2025-02-08 20:46:44,892 - INFO - Updating standalone Baybayin entry (ID: 104894)
2025-02-08 20:46:44,901 - INFO - Updating standalone Baybayin entry (ID: 107186)
2025-02-08 20:46:44,908 - INFO - Updating standalone Baybayin entry (ID: 107311)
2025-02-08 20:46:44,911 - INFO - Updating standalone Baybayin entry (ID: 107473)
2025-02-08 20:46:44,915 - INFO - Updating standalone Baybayin entry (ID: 123825)
2025-02-08 20:46:44,920 - INFO - Updating standalone Baybayin entry (ID: 123841)
2025-02-08 20:46:44,925 - INFO - Updating standalone Baybayin entry (ID: 124212)
2025-02-08 20:46:44,938 - ERROR - Error processing Baybayin entry 124212: duplicate key value violates unique constraint "words_lang_lemma_uniq"
DETAIL:  Key (language_code, normalized_lemma)=(tl, istadus unidus) already exists.

2025-02-08 20:46:44,942 - INFO - Updating standalone Baybayin entry (ID: 124214)
2025-02-08 20:46:44,945 - ERROR - Error processing Baybayin entry 124214: duplicate key value violates unique constraint "words_lang_lemma_uniq"
DETAIL:  Key (language_code, normalized_lemma)=(tl, awit nang manga awit) already exists.

2025-02-08 20:46:44,949 - INFO - Updating standalone Baybayin entry (ID: 124215)
2025-02-08 20:46:44,953 - ERROR - Error processing Baybayin entry 124215: duplicate key value violates unique constraint "words_lang_lemma_uniq"
DETAIL:  Key (language_code, normalized_lemma)=(tl, kapag binatu ka nang batu , batuhin mu nang tinapay) already exists.

2025-02-08 20:46:44,955 - INFO - Updating standalone Baybayin entry (ID: 124216)
2025-02-08 20:46:44,958 - ERROR - Error processing Baybayin entry 124216: duplicate key value violates unique constraint "words_lang_lemma_uniq"
DETAIL:  Key (language_code, normalized_lemma)=(tl, sa maniwala ka u sa hindi) already exists.

2025-02-08 20:46:44,960 - INFO - Updating standalone Baybayin entry (ID: 124217)
2025-02-08 20:46:44,963 - ERROR - Error processing Baybayin entry 124217: duplicate key value violates unique constraint "words_lang_lemma_uniq"
DETAIL:  Key (language_code, normalized_lemma)=(tl, may tainga ang lupa , may pakpak ang balita) already exists.

2025-02-08 20:46:44,966 - INFO - Updating standalone Baybayin entry (ID: 124219)
2025-02-08 20:46:44,968 - ERROR - Error processing Baybayin entry 124219: duplicate key value violates unique constraint "words_lang_lemma_uniq"
DETAIL:  Key (language_code, normalized_lemma)=(ceb, adlaw sa manga kalag) already exists.

2025-02-08 20:46:44,971 - INFO - Updating standalone Baybayin entry (ID: 124220)
2025-02-08 20:46:44,974 - ERROR - Error processing Baybayin entry 124220: duplicate key value violates unique constraint "words_lang_lemma_uniq"
DETAIL:  Key (language_code, normalized_lemma)=(ceb, balay lungsud) already exists.

2025-02-08 20:46:44,976 - INFO - Merging Baybayin entry (ID: 124222) with romanized form: anak sa labas
2025-02-08 20:46:45,031 - INFO - Merging Baybayin entry (ID: 124223) with romanized form: basa
2025-02-08 20:46:48,488 - INFO - Baybayin data cleanup completed successfully
2025-02-08 20:46:48,489 - INFO - Migration completed successfully
