2025-02-28 12:26:40,036 - INFO - Attempting database connection...
2025-02-28 12:26:40,037 - INFO - Database configuration:
2025-02-28 12:26:40,037 - INFO -   Database Name: fil_dict_db
2025-02-28 12:26:40,038 - INFO -   User: postgres
2025-02-28 12:26:40,039 - INFO -   Host: db
2025-02-28 12:26:40,039 - INFO -   Port: 5432
2025-02-28 12:26:40,040 - INFO -   Password: ********
2025-02-28 12:26:42,751 - WARNING - Database connection attempt 1 failed, retrying in 1s...
2025-02-28 12:26:43,754 - INFO - Attempting database connection...
2025-02-28 12:26:43,755 - INFO - Database configuration:
2025-02-28 12:26:43,758 - INFO -   Database Name: fil_dict_db
2025-02-28 12:26:43,758 - INFO -   User: postgres
2025-02-28 12:26:43,759 - INFO -   Host: db
2025-02-28 12:26:43,759 - INFO -   Port: 5432
2025-02-28 12:26:43,759 - INFO -   Password: ********
2025-02-28 12:26:46,487 - WARNING - Database connection attempt 2 failed, retrying in 2s...
2025-02-28 12:26:48,488 - INFO - Attempting database connection...
2025-02-28 12:26:48,489 - INFO - Database configuration:
2025-02-28 12:26:48,489 - INFO -   Database Name: fil_dict_db
2025-02-28 12:26:48,490 - INFO -   User: postgres
2025-02-28 12:26:48,490 - INFO -   Host: db
2025-02-28 12:26:48,491 - INFO -   Port: 5432
2025-02-28 12:26:48,491 - INFO -   Password: ********
2025-02-28 12:26:51,201 - ERROR - Database connection failed after all retries!
2025-02-28 12:26:51,202 - ERROR - Please check:
2025-02-28 12:26:51,202 - ERROR - 1. PostgreSQL service is running
2025-02-28 12:26:51,202 - ERROR - 2. Database credentials in .env file are correct
2025-02-28 12:26:51,203 - ERROR - 3. Database exists and is accessible
2025-02-28 12:26:51,203 - ERROR - Error details: could not translate host name "db" to address: Name or service not known

