2025-04-08 15:52:18,451 - INFO - Starting lookup for word: 'abono'
2025-04-08 15:52:18,493 - INFO - pg_trgm extension installed: True
2025-04-08 15:52:18,493 - INFO - Executing exact match query for 'abono'
2025-04-08 15:52:18,739 - INFO - Found 2 exact matches
2025-04-08 15:52:18,739 - INFO - Processing result 1/2
2025-04-08 15:52:18,740 - INFO - Word ID: 134214
2025-04-08 15:52:18,740 - INFO - Lemma: abono
2025-04-08 15:52:18,741 - INFO - Language code: tl
2025-04-08 15:52:18,748 - INFO - Querying pronunciations for word_id 134214
2025-04-08 15:52:18,749 - INFO - Found 3 pronunciations
2025-04-08 15:52:18,751 - WARNING - Error parsing pronunciation sources: Expecting value: line 1 column 1 (char 0)
2025-04-08 15:52:18,753 - WARNING - Error parsing pronunciation sources: Expecting value: line 1 column 1 (char 0)
2025-04-08 15:52:18,754 - WARNING - Error parsing pronunciation sources: Expecting value: line 1 column 1 (char 0)
2025-04-08 15:52:18,754 - INFO - Querying etymologies for word_id 134214
2025-04-08 15:52:18,758 - INFO - Found 1 etymologies
2025-04-08 15:52:18,760 - INFO - Querying definitions for word_id 134214
2025-04-08 15:52:18,765 - INFO - Found 5 definitions
2025-04-08 15:52:18,766 - INFO - Processing definition 1/5
2025-04-08 15:52:18,767 - INFO - Processing definition 2/5
2025-04-08 15:52:18,768 - INFO - Processing definition 3/5
2025-04-08 15:52:18,768 - INFO - Processing definition 4/5
2025-04-08 15:52:18,769 - INFO - Processing definition 5/5
2025-04-08 15:52:18,770 - INFO - Querying relations for word_id 134214
2025-04-08 15:52:18,777 - INFO - Found 12 relations
2025-04-08 15:52:18,784 - INFO - Processing result 2/2
2025-04-08 15:52:18,785 - INFO - Word ID: 371138
2025-04-08 15:52:18,785 - INFO - Lemma: abono
2025-04-08 15:52:18,785 - INFO - Language code: ceb
2025-04-08 15:52:18,787 - INFO - Querying pronunciations for word_id 371138
2025-04-08 15:52:18,788 - INFO - Found 2 pronunciations
2025-04-08 15:52:18,789 - WARNING - Error parsing pronunciation sources: Expecting value: line 1 column 1 (char 0)
2025-04-08 15:52:18,791 - WARNING - Error parsing pronunciation sources: Expecting value: line 1 column 1 (char 0)
2025-04-08 15:52:18,791 - INFO - Querying etymologies for word_id 371138
2025-04-08 15:52:18,792 - INFO - Found 1 etymologies
2025-04-08 15:52:18,794 - INFO - Querying definitions for word_id 371138
2025-04-08 15:52:18,795 - INFO - Found 2 definitions
2025-04-08 15:52:18,796 - INFO - Processing definition 1/2
2025-04-08 15:52:18,797 - INFO - Processing definition 2/2
2025-04-08 15:52:18,798 - INFO - Querying relations for word_id 371138
2025-04-08 15:52:18,800 - INFO - Found 1 relations
2025-04-08 15:52:18,802 - INFO - Database connection closed
