2025-03-24 21:16:00,325 - INFO - Starting table creation/update process.
2025-03-24 21:16:00,569 - INFO - Tables created or updated successfully.
2025-03-24 21:16:00,572 - INFO - Processing Tagalog words from: ../data\tagalog-words.json
2025-03-24 21:16:00,715 - INFO - Found 65328 dictionary-style entries
2025-03-24 21:16:00,750 - INFO - Creating word entries...
2025-03-24 21:17:01,410 - INFO - Created/found 65328 words
2025-03-24 21:20:45,739 - INFO - Completed processing tagalog-words.json
2025-03-24 21:20:45,784 - WARNING - Could not create savepoint sp_get_or_create_word_id: SAVEPOINT can only be used in transaction blocks
. Rolling back entire transaction.
2025-03-24 21:21:50,483 - ERROR - Error processing KWF Dictionary: string indices must be integers, not 'str'
2025-03-24 21:21:52,544 - WARNING - Invalid Baybayin form for word_id 76168: ᜒᜅ᜔
2025-03-24 21:21:53,327 - WARNING - Invalid Baybayin form for word_id 22909: ᜒᜈ᜔
2025-03-24 21:21:53,332 - WARNING - Invalid Baybayin form for word_id 22909: ᜒᜈ᜔
2025-03-24 21:21:53,334 - WARNING - Invalid Baybayin form for word_id 22909: ᜒᜈ᜔
2025-03-24 21:21:54,245 - WARNING - Invalid Baybayin form for word_id 76231: ᜓᜋ᜔
2025-03-24 21:21:54,441 - WARNING - Invalid Baybayin form for word_id 76236: ᜒ
2025-03-24 21:21:54,443 - WARNING - Invalid Baybayin form for word_id 22908: ᜒᜈ᜔
2025-03-24 21:21:57,043 - WARNING - Invalid Baybayin form for word_id 24152: ᜒᜐ᜔ᜆ
2025-03-24 21:22:00,609 - WARNING - Invalid Baybayin form for word_id 24260: ᜒᜆᜓ
2025-03-24 21:22:00,619 - WARNING - Invalid Baybayin form for word_id 76552: ᜒᜆ
2025-03-24 21:22:02,113 - WARNING - Invalid Baybayin form for word_id 76637: ᜒᜐ᜔ᜋᜓ
2025-03-24 21:22:02,741 - WARNING - Invalid Baybayin form for word_id 15694: ᜒᜇᜓ
2025-03-24 21:22:05,730 - WARNING - Invalid Baybayin form for word_id 76776: ᜒᜇ
2025-03-24 21:22:10,026 - WARNING - Invalid Baybayin form for word_id 77030: ᜒᜌ᜔
2025-03-24 21:22:38,910 - WARNING - Invalid Baybayin form for word_id 38866: ᜓᜌ᜔
2025-03-24 21:22:41,031 - WARNING - Invalid Baybayin form for word_id 80546: ᜉ ᜒᜈ᜔
2025-03-24 21:22:43,608 - WARNING - Invalid Baybayin form for word_id 80866: ᜒᜎ᜔ᜌᜓ
2025-03-24 21:22:59,634 - WARNING - Invalid Baybayin form for word_id 82785: ᜋ ᜒᜈ᜔
2025-03-24 21:22:59,636 - WARNING - Invalid Baybayin form for word_id 15726: ᜒᜇ᜔ᜌ
2025-03-24 21:22:59,638 - WARNING - Invalid Baybayin form for word_id 15687: ᜒᜇᜒᜌ
