2025-04-03 22:01:24,201 - INFO - Starting table creation/update process.
2025-04-03 22:01:24,729 - INFO - Tables created or updated successfully.
2025-04-03 22:01:24,740 - INFO - Processing Marayum dictionaries from directory: ..\data\marayum_dictionaries
2025-04-03 22:01:24,749 - INFO - Processing Marayum file: ..\data\marayum_dictionaries\onhan-english_processed.json with source: Project Marayum
2025-04-03 22:01:24,774 - ERROR - Marayum file ..\data\marayum_dictionaries\onhan-english_processed.json does not contain a list of entries.
2025-04-03 22:01:24,775 - WARNING - No entries processed from onhan-english_processed.json
2025-04-03 22:01:24,777 - INFO - Processing Marayum file: ..\data\marayum_dictionaries\waray-english_processed.json with source: Project Marayum
2025-04-03 22:01:24,796 - ERROR - Marayum file ..\data\marayum_dictionaries\waray-english_processed.json does not contain a list of entries.
2025-04-03 22:01:24,797 - WARNING - No entries processed from waray-english_processed.json
2025-04-03 22:01:24,798 - INFO - Processing Marayum file: ..\data\marayum_dictionaries\ibanag-english_processed.json with source: Project Marayum
2025-04-03 22:01:24,825 - ERROR - Marayum file ..\data\marayum_dictionaries\ibanag-english_processed.json does not contain a list of entries.
2025-04-03 22:01:24,826 - WARNING - No entries processed from ibanag-english_processed.json
2025-04-03 22:01:24,828 - INFO - Processing Marayum file: ..\data\marayum_dictionaries\iranon-english_processed.json with source: Project Marayum
2025-04-03 22:01:24,852 - ERROR - Marayum file ..\data\marayum_dictionaries\iranon-english_processed.json does not contain a list of entries.
2025-04-03 22:01:24,853 - WARNING - No entries processed from iranon-english_processed.json
2025-04-03 22:01:24,854 - INFO - Processing Marayum file: ..\data\marayum_dictionaries\itawis-english_processed.json with source: Project Marayum
2025-04-03 22:01:24,876 - ERROR - Marayum file ..\data\marayum_dictionaries\itawis-english_processed.json does not contain a list of entries.
2025-04-03 22:01:24,877 - WARNING - No entries processed from itawis-english_processed.json
2025-04-03 22:01:24,878 - INFO - Processing Marayum file: ..\data\marayum_dictionaries\ivatan-english_processed.json with source: Project Marayum
2025-04-03 22:01:24,904 - ERROR - Marayum file ..\data\marayum_dictionaries\ivatan-english_processed.json does not contain a list of entries.
2025-04-03 22:01:24,905 - WARNING - No entries processed from ivatan-english_processed.json
2025-04-03 22:01:24,906 - INFO - Processing Marayum file: ..\data\marayum_dictionaries\manide-english_processed.json with source: Project Marayum
2025-04-03 22:01:24,929 - ERROR - Marayum file ..\data\marayum_dictionaries\manide-english_processed.json does not contain a list of entries.
2025-04-03 22:01:24,930 - WARNING - No entries processed from manide-english_processed.json
2025-04-03 22:01:24,932 - INFO - Processing Marayum file: ..\data\marayum_dictionaries\gaddang-english_processed.json with source: Project Marayum
2025-04-03 22:01:24,955 - ERROR - Marayum file ..\data\marayum_dictionaries\gaddang-english_processed.json does not contain a list of entries.
2025-04-03 22:01:24,956 - WARNING - No entries processed from gaddang-english_processed.json
2025-04-03 22:01:24,957 - INFO - Processing Marayum file: ..\data\marayum_dictionaries\cuyonon-english_processed.json with source: Project Marayum
2025-04-03 22:01:24,981 - ERROR - Marayum file ..\data\marayum_dictionaries\cuyonon-english_processed.json does not contain a list of entries.
2025-04-03 22:01:24,982 - WARNING - No entries processed from cuyonon-english_processed.json
2025-04-03 22:01:24,983 - INFO - Processing Marayum file: ..\data\marayum_dictionaries\ilocano-english_processed.json with source: Project Marayum
2025-04-03 22:01:25,008 - ERROR - Marayum file ..\data\marayum_dictionaries\ilocano-english_processed.json does not contain a list of entries.
2025-04-03 22:01:25,009 - WARNING - No entries processed from ilocano-english_processed.json
2025-04-03 22:01:25,010 - INFO - Processing Marayum file: ..\data\marayum_dictionaries\pangasinan-english_processed.json with source: Project Marayum
2025-04-03 22:01:25,033 - ERROR - Marayum file ..\data\marayum_dictionaries\pangasinan-english_processed.json does not contain a list of entries.
2025-04-03 22:01:25,034 - WARNING - No entries processed from pangasinan-english_processed.json
2025-04-03 22:01:25,035 - INFO - Processing Marayum file: ..\data\marayum_dictionaries\bikol-albay-english_processed.json with source: Project Marayum
2025-04-03 22:01:25,064 - ERROR - Marayum file ..\data\marayum_dictionaries\bikol-albay-english_processed.json does not contain a list of entries.
2025-04-03 22:01:25,065 - WARNING - No entries processed from bikol-albay-english_processed.json
2025-04-03 22:01:25,066 - INFO - Processing Marayum file: ..\data\marayum_dictionaries\bikol-libon-english_processed.json with source: Project Marayum
2025-04-03 22:01:25,092 - ERROR - Marayum file ..\data\marayum_dictionaries\bikol-libon-english_processed.json does not contain a list of entries.
2025-04-03 22:01:25,093 - WARNING - No entries processed from bikol-libon-english_processed.json
2025-04-03 22:01:25,095 - INFO - Processing Marayum file: ..\data\marayum_dictionaries\kapampangan-english_processed.json with source: Project Marayum
2025-04-03 22:01:25,123 - ERROR - Marayum file ..\data\marayum_dictionaries\kapampangan-english_processed.json does not contain a list of entries.
2025-04-03 22:01:25,124 - WARNING - No entries processed from kapampangan-english_processed.json
2025-04-03 22:01:25,125 - INFO - Processing Marayum file: ..\data\marayum_dictionaries\bikol-miraya-english_processed.json with source: Project Marayum
2025-04-03 22:01:25,153 - ERROR - Marayum file ..\data\marayum_dictionaries\bikol-miraya-english_processed.json does not contain a list of entries.
2025-04-03 22:01:25,157 - WARNING - No entries processed from bikol-miraya-english_processed.json
2025-04-03 22:01:25,161 - INFO - Processing Marayum file: ..\data\marayum_dictionaries\maguindanaon-english_processed.json with source: Project Marayum
2025-04-03 22:01:25,195 - ERROR - Marayum file ..\data\marayum_dictionaries\maguindanaon-english_processed.json does not contain a list of entries.
2025-04-03 22:01:25,201 - WARNING - No entries processed from maguindanaon-english_processed.json
2025-04-03 22:01:25,209 - INFO - Processing Marayum file: ..\data\marayum_dictionaries\bikol-partido-english_processed.json with source: Project Marayum
2025-04-03 22:01:25,243 - ERROR - Marayum file ..\data\marayum_dictionaries\bikol-partido-english_processed.json does not contain a list of entries.
2025-04-03 22:01:25,244 - WARNING - No entries processed from bikol-partido-english_processed.json
2025-04-03 22:01:25,245 - INFO - Processing Marayum file: ..\data\marayum_dictionaries\isneg-yapayao-english_processed.json with source: Project Marayum
2025-04-03 22:01:25,273 - ERROR - Marayum file ..\data\marayum_dictionaries\isneg-yapayao-english_processed.json does not contain a list of entries.
2025-04-03 22:01:25,274 - WARNING - No entries processed from isneg-yapayao-english_processed.json
2025-04-03 22:01:25,276 - INFO - Processing Marayum file: ..\data\marayum_dictionaries\bikol-rinconada-english_processed.json with source: Project Marayum
2025-04-03 22:01:25,315 - ERROR - Marayum file ..\data\marayum_dictionaries\bikol-rinconada-english_processed.json does not contain a list of entries.
2025-04-03 22:01:25,325 - WARNING - No entries processed from bikol-rinconada-english_processed.json
2025-04-03 22:01:25,332 - INFO - Processing Marayum file: ..\data\marayum_dictionaries\blaan-koronadal-english_processed.json with source: Project Marayum
2025-04-03 22:01:25,372 - ERROR - Marayum file ..\data\marayum_dictionaries\blaan-koronadal-english_processed.json does not contain a list of entries.
2025-04-03 22:01:25,437 - WARNING - No entries processed from blaan-koronadal-english_processed.json
2025-04-03 22:01:25,454 - INFO - Processing Marayum file: ..\data\marayum_dictionaries\blaan-sarangani-english_processed.json with source: Project Marayum
2025-04-03 22:01:25,497 - ERROR - Marayum file ..\data\marayum_dictionaries\blaan-sarangani-english_processed.json does not contain a list of entries.
2025-04-03 22:01:25,498 - WARNING - No entries processed from blaan-sarangani-english_processed.json
2025-04-03 22:01:25,502 - INFO - Processing Marayum file: ..\data\marayum_dictionaries\bikol-west-albay-english_processed.json with source: Project Marayum
2025-04-03 22:01:25,532 - ERROR - Marayum file ..\data\marayum_dictionaries\bikol-west-albay-english_processed.json does not contain a list of entries.
2025-04-03 22:01:25,533 - WARNING - No entries processed from bikol-west-albay-english_processed.json
2025-04-03 22:01:25,535 - INFO - Processing Marayum file: ..\data\marayum_dictionaries\manobo-erumanen-english_processed.json with source: Project Marayum
2025-04-03 22:01:25,598 - ERROR - Marayum file ..\data\marayum_dictionaries\manobo-erumanen-english_processed.json does not contain a list of entries.
2025-04-03 22:01:25,607 - WARNING - No entries processed from manobo-erumanen-english_processed.json
2025-04-03 22:01:25,628 - INFO - Processing Marayum file: ..\data\marayum_dictionaries\cebuano-cotabato-english_processed.json with source: Project Marayum
2025-04-03 22:01:25,676 - ERROR - Marayum file ..\data\marayum_dictionaries\cebuano-cotabato-english_processed.json does not contain a list of entries.
2025-04-03 22:01:25,679 - WARNING - No entries processed from cebuano-cotabato-english_processed.json
2025-04-03 22:01:25,689 - INFO - Processing Marayum file: ..\data\marayum_dictionaries\tagalog-marinduque-english_processed.json with source: Project Marayum
2025-04-03 22:01:25,724 - ERROR - Marayum file ..\data\marayum_dictionaries\tagalog-marinduque-english_processed.json does not contain a list of entries.
2025-04-03 22:01:25,726 - WARNING - No entries processed from tagalog-marinduque-english_processed.json
2025-04-03 22:01:25,730 - INFO - Processing Marayum file: ..\data\marayum_dictionaries\hiligaynon-cotabato-english_processed.json with source: Project Marayum
2025-04-03 22:01:25,773 - ERROR - Marayum file ..\data\marayum_dictionaries\hiligaynon-cotabato-english_processed.json does not contain a list of entries.
2025-04-03 22:01:25,785 - WARNING - No entries processed from hiligaynon-cotabato-english_processed.json
2025-04-03 22:01:25,808 - INFO - Processing Marayum file: ..\data\marayum_dictionaries\ifugao-tuwali-ihapo-english_processed.json with source: Project Marayum
2025-04-03 22:01:25,856 - ERROR - Marayum file ..\data\marayum_dictionaries\ifugao-tuwali-ihapo-english_processed.json does not contain a list of entries.
2025-04-03 22:01:25,878 - WARNING - No entries processed from ifugao-tuwali-ihapo-english_processed.json
2025-04-03 22:01:25,906 - INFO - Processing Marayum file: ..\data\marayum_dictionaries\bikol-northern-catanduanes-english_processed.json with source: Project Marayum
2025-04-03 22:01:25,958 - ERROR - Marayum file ..\data\marayum_dictionaries\bikol-northern-catanduanes-english_processed.json does not contain a list of entries.
2025-04-03 22:01:25,959 - WARNING - No entries processed from bikol-northern-catanduanes-english_processed.json
2025-04-03 22:01:25,961 - INFO - Processing Marayum file: ..\data\marayum_dictionaries\bikol-southern-catanduanes-english_processed.json with source: Project Marayum
2025-04-03 22:01:25,991 - ERROR - Marayum file ..\data\marayum_dictionaries\bikol-southern-catanduanes-english_processed.json does not contain a list of entries.
2025-04-03 22:01:25,992 - WARNING - No entries processed from bikol-southern-catanduanes-english_processed.json
2025-04-03 22:01:25,993 - INFO - Processing Marayum file: ..\data\marayum_dictionaries\chavacano-english_processed.json with source: Project Marayum
2025-04-03 22:01:26,032 - ERROR - Marayum file ..\data\marayum_dictionaries\chavacano-english_processed.json does not contain a list of entries.
2025-04-03 22:01:26,033 - WARNING - No entries processed from chavacano-english_processed.json
2025-04-03 22:01:26,034 - INFO - Processing Marayum file: ..\data\marayum_dictionaries\masbatenyo-english_processed.json with source: Project Marayum
2025-04-03 22:01:26,071 - ERROR - Marayum file ..\data\marayum_dictionaries\masbatenyo-english_processed.json does not contain a list of entries.
2025-04-03 22:01:26,072 - WARNING - No entries processed from masbatenyo-english_processed.json
2025-04-03 22:01:26,073 - INFO - Processing Marayum file: ..\data\marayum_dictionaries\bikol-central-english_processed.json with source: Project Marayum
2025-04-03 22:01:26,104 - ERROR - Marayum file ..\data\marayum_dictionaries\bikol-central-english_processed.json does not contain a list of entries.
2025-04-03 22:01:26,105 - WARNING - No entries processed from bikol-central-english_processed.json
2025-04-03 22:01:26,107 - INFO - Processing Marayum file: ..\data\marayum_dictionaries\aklanon-english_processed.json with source: Project Marayum
