2025-04-02 19:35:24,094 - INFO - Starting table creation/update process.
2025-04-02 19:35:27,048 - INFO - Tables created or updated successfully.
2025-04-02 19:35:27,056 - INFO - Processing Tagalog words from: ..\data\tagalog-words.json
2025-04-02 19:35:27,057 - INFO - Using standardized source identifier: 'diksiyonaryo.ph'
2025-04-02 19:35:29,706 - INFO - Found 65336 entries to process
2025-04-02 19:35:29,878 - INFO - Word '-a' (tl) created (ID: 1) from source 'diksiyonaryo.ph'.
2025-04-02 19:35:29,921 - ERROR - Unexpected error inserting definition for word ID 1 from 'diksiyonaryo.ph': 'int' object has no attribute 'lower'
Traceback (most recent call last):
  File "C:\fil-relex\backend\dictionary_manager.py", line 2957, in insert_definition
    standardized_pos_id = get_standardized_pos_id(cur, part_of_speech)
  File "C:\fil-relex\backend\dictionary_manager.py", line 1544, in get_standardized_pos_id
    pos_key = pos_string.lower().strip()
              ^^^^^^^^^^^^^^^^
AttributeError: 'int' object has no attribute 'lower'
2025-04-02 19:35:29,949 - INFO - Word 'A' (tl) created (ID: 2) from source 'diksiyonaryo.ph'.
2025-04-02 19:35:29,971 - ERROR - Unexpected error inserting definition for word ID 2 from 'diksiyonaryo.ph': 'int' object has no attribute 'lower'
Traceback (most recent call last):
  File "C:\fil-relex\backend\dictionary_manager.py", line 2957, in insert_definition
    standardized_pos_id = get_standardized_pos_id(cur, part_of_speech)
  File "C:\fil-relex\backend\dictionary_manager.py", line 1544, in get_standardized_pos_id
    pos_key = pos_string.lower().strip()
              ^^^^^^^^^^^^^^^^
AttributeError: 'int' object has no attribute 'lower'
2025-04-02 19:35:29,978 - ERROR - Unexpected error inserting definition for word ID 2 from 'diksiyonaryo.ph': 'int' object has no attribute 'lower'
Traceback (most recent call last):
  File "C:\fil-relex\backend\dictionary_manager.py", line 2957, in insert_definition
    standardized_pos_id = get_standardized_pos_id(cur, part_of_speech)
  File "C:\fil-relex\backend\dictionary_manager.py", line 1544, in get_standardized_pos_id
    pos_key = pos_string.lower().strip()
              ^^^^^^^^^^^^^^^^
AttributeError: 'int' object has no attribute 'lower'
2025-04-02 19:35:29,985 - ERROR - Unexpected error inserting definition for word ID 2 from 'diksiyonaryo.ph': 'int' object has no attribute 'lower'
Traceback (most recent call last):
  File "C:\fil-relex\backend\dictionary_manager.py", line 2957, in insert_definition
    standardized_pos_id = get_standardized_pos_id(cur, part_of_speech)
  File "C:\fil-relex\backend\dictionary_manager.py", line 1544, in get_standardized_pos_id
    pos_key = pos_string.lower().strip()
              ^^^^^^^^^^^^^^^^
AttributeError: 'int' object has no attribute 'lower'
2025-04-02 19:35:29,992 - ERROR - Unexpected error inserting definition for word ID 2 from 'diksiyonaryo.ph': 'int' object has no attribute 'lower'
Traceback (most recent call last):
  File "C:\fil-relex\backend\dictionary_manager.py", line 2957, in insert_definition
    standardized_pos_id = get_standardized_pos_id(cur, part_of_speech)
  File "C:\fil-relex\backend\dictionary_manager.py", line 1544, in get_standardized_pos_id
    pos_key = pos_string.lower().strip()
              ^^^^^^^^^^^^^^^^
AttributeError: 'int' object has no attribute 'lower'
2025-04-02 19:35:30,001 - ERROR - Unexpected error inserting definition for word ID 2 from 'diksiyonaryo.ph': 'int' object has no attribute 'lower'
Traceback (most recent call last):
  File "C:\fil-relex\backend\dictionary_manager.py", line 2957, in insert_definition
    standardized_pos_id = get_standardized_pos_id(cur, part_of_speech)
  File "C:\fil-relex\backend\dictionary_manager.py", line 1544, in get_standardized_pos_id
    pos_key = pos_string.lower().strip()
              ^^^^^^^^^^^^^^^^
AttributeError: 'int' object has no attribute 'lower'
2025-04-02 19:35:30,009 - ERROR - Unexpected error inserting definition for word ID 2 from 'diksiyonaryo.ph': 'int' object has no attribute 'lower'
Traceback (most recent call last):
  File "C:\fil-relex\backend\dictionary_manager.py", line 2957, in insert_definition
    standardized_pos_id = get_standardized_pos_id(cur, part_of_speech)
  File "C:\fil-relex\backend\dictionary_manager.py", line 1544, in get_standardized_pos_id
    pos_key = pos_string.lower().strip()
              ^^^^^^^^^^^^^^^^
AttributeError: 'int' object has no attribute 'lower'
2025-04-02 19:35:30,017 - ERROR - Unexpected error inserting definition for word ID 2 from 'diksiyonaryo.ph': 'int' object has no attribute 'lower'
Traceback (most recent call last):
  File "C:\fil-relex\backend\dictionary_manager.py", line 2957, in insert_definition
    standardized_pos_id = get_standardized_pos_id(cur, part_of_speech)
  File "C:\fil-relex\backend\dictionary_manager.py", line 1544, in get_standardized_pos_id
    pos_key = pos_string.lower().strip()
              ^^^^^^^^^^^^^^^^
AttributeError: 'int' object has no attribute 'lower'
2025-04-02 19:35:30,028 - ERROR - Unexpected error inserting definition for word ID 2 from 'diksiyonaryo.ph': 'int' object has no attribute 'lower'
Traceback (most recent call last):
  File "C:\fil-relex\backend\dictionary_manager.py", line 2957, in insert_definition
    standardized_pos_id = get_standardized_pos_id(cur, part_of_speech)
  File "C:\fil-relex\backend\dictionary_manager.py", line 1544, in get_standardized_pos_id
    pos_key = pos_string.lower().strip()
              ^^^^^^^^^^^^^^^^
AttributeError: 'int' object has no attribute 'lower'
2025-04-02 19:35:30,036 - ERROR - Unexpected error inserting definition for word ID 2 from 'diksiyonaryo.ph': 'int' object has no attribute 'lower'
Traceback (most recent call last):
  File "C:\fil-relex\backend\dictionary_manager.py", line 2957, in insert_definition
    standardized_pos_id = get_standardized_pos_id(cur, part_of_speech)
  File "C:\fil-relex\backend\dictionary_manager.py", line 1544, in get_standardized_pos_id
    pos_key = pos_string.lower().strip()
              ^^^^^^^^^^^^^^^^
AttributeError: 'int' object has no attribute 'lower'
2025-04-02 19:35:30,042 - ERROR - Unexpected error inserting definition for word ID 2 from 'diksiyonaryo.ph': 'int' object has no attribute 'lower'
Traceback (most recent call last):
  File "C:\fil-relex\backend\dictionary_manager.py", line 2957, in insert_definition
    standardized_pos_id = get_standardized_pos_id(cur, part_of_speech)
  File "C:\fil-relex\backend\dictionary_manager.py", line 1544, in get_standardized_pos_id
    pos_key = pos_string.lower().strip()
              ^^^^^^^^^^^^^^^^
AttributeError: 'int' object has no attribute 'lower'
2025-04-02 19:35:30,063 - INFO - Word 'A!' (tl) created (ID: 3) from source 'diksiyonaryo.ph'.
2025-04-02 19:35:30,069 - ERROR - Unexpected error inserting definition for word ID 3 from 'diksiyonaryo.ph': 'int' object has no attribute 'lower'
Traceback (most recent call last):
  File "C:\fil-relex\backend\dictionary_manager.py", line 2957, in insert_definition
    standardized_pos_id = get_standardized_pos_id(cur, part_of_speech)
  File "C:\fil-relex\backend\dictionary_manager.py", line 1544, in get_standardized_pos_id
    pos_key = pos_string.lower().strip()
              ^^^^^^^^^^^^^^^^
AttributeError: 'int' object has no attribute 'lower'
2025-04-02 19:35:30,099 - ERROR - Unexpected error inserting definition for word ID 2 from 'diksiyonaryo.ph': 'int' object has no attribute 'lower'
Traceback (most recent call last):
  File "C:\fil-relex\backend\dictionary_manager.py", line 2957, in insert_definition
    standardized_pos_id = get_standardized_pos_id(cur, part_of_speech)
  File "C:\fil-relex\backend\dictionary_manager.py", line 1544, in get_standardized_pos_id
    pos_key = pos_string.lower().strip()
              ^^^^^^^^^^^^^^^^
AttributeError: 'int' object has no attribute 'lower'
2025-04-02 19:35:30,114 - INFO - Word 'aà' (tl) created (ID: 4) from source 'diksiyonaryo.ph'.
2025-04-02 19:35:30,118 - ERROR - Unexpected error inserting definition for word ID 4 from 'diksiyonaryo.ph': 'int' object has no attribute 'lower'
Traceback (most recent call last):
  File "C:\fil-relex\backend\dictionary_manager.py", line 2957, in insert_definition
    standardized_pos_id = get_standardized_pos_id(cur, part_of_speech)
  File "C:\fil-relex\backend\dictionary_manager.py", line 1544, in get_standardized_pos_id
    pos_key = pos_string.lower().strip()
              ^^^^^^^^^^^^^^^^
AttributeError: 'int' object has no attribute 'lower'
2025-04-02 19:35:30,128 - INFO - Word 'aáb' (tl) created (ID: 5) from source 'diksiyonaryo.ph'.
2025-04-02 19:35:30,132 - ERROR - Unexpected error inserting definition for word ID 5 from 'diksiyonaryo.ph': 'int' object has no attribute 'lower'
Traceback (most recent call last):
  File "C:\fil-relex\backend\dictionary_manager.py", line 2957, in insert_definition
    standardized_pos_id = get_standardized_pos_id(cur, part_of_speech)
  File "C:\fil-relex\backend\dictionary_manager.py", line 1544, in get_standardized_pos_id
    pos_key = pos_string.lower().strip()
              ^^^^^^^^^^^^^^^^
AttributeError: 'int' object has no attribute 'lower'
2025-04-02 19:35:30,145 - INFO - Word 'aáda' (tl) created (ID: 6) from source 'diksiyonaryo.ph'.
2025-04-02 19:35:30,153 - ERROR - Unexpected error inserting definition for word ID 6 from 'diksiyonaryo.ph': 'int' object has no attribute 'lower'
Traceback (most recent call last):
  File "C:\fil-relex\backend\dictionary_manager.py", line 2957, in insert_definition
    standardized_pos_id = get_standardized_pos_id(cur, part_of_speech)
  File "C:\fil-relex\backend\dictionary_manager.py", line 1544, in get_standardized_pos_id
    pos_key = pos_string.lower().strip()
              ^^^^^^^^^^^^^^^^
AttributeError: 'int' object has no attribute 'lower'
2025-04-02 19:35:30,174 - INFO - Word 'aádto' (tl) created (ID: 7) from source 'diksiyonaryo.ph'.
2025-04-02 19:35:30,181 - ERROR - Unexpected error inserting definition for word ID 7 from 'diksiyonaryo.ph': 'int' object has no attribute 'lower'
Traceback (most recent call last):
  File "C:\fil-relex\backend\dictionary_manager.py", line 2957, in insert_definition
    standardized_pos_id = get_standardized_pos_id(cur, part_of_speech)
  File "C:\fil-relex\backend\dictionary_manager.py", line 1544, in get_standardized_pos_id
    pos_key = pos_string.lower().strip()
              ^^^^^^^^^^^^^^^^
AttributeError: 'int' object has no attribute 'lower'
2025-04-02 19:35:30,192 - INFO - Word 'aagáw' (tl) created (ID: 8) from source 'diksiyonaryo.ph'.
2025-04-02 19:35:30,207 - ERROR - Unexpected error inserting definition for word ID 8 from 'diksiyonaryo.ph': 'int' object has no attribute 'lower'
Traceback (most recent call last):
  File "C:\fil-relex\backend\dictionary_manager.py", line 2957, in insert_definition
    standardized_pos_id = get_standardized_pos_id(cur, part_of_speech)
  File "C:\fil-relex\backend\dictionary_manager.py", line 1544, in get_standardized_pos_id
    pos_key = pos_string.lower().strip()
              ^^^^^^^^^^^^^^^^
AttributeError: 'int' object has no attribute 'lower'
2025-04-02 19:35:30,217 - INFO - Word 'aák' (tl) created (ID: 9) from source 'diksiyonaryo.ph'.
2025-04-02 19:35:30,226 - INFO - Word 'a·a·kín' (tl) created (ID: 10) from source 'diksiyonaryo.ph'.
2025-04-02 19:35:30,259 - INFO - Word 'mag-a·ák' (tl) created (ID: 11) from source 'diksiyonaryo.ph'.
2025-04-02 19:35:30,278 - INFO - Word 'u·ma·ák' (tl) created (ID: 12) from source 'diksiyonaryo.ph'.
2025-04-02 19:35:30,326 - ERROR - Unexpected error inserting definition for word ID 9 from 'diksiyonaryo.ph': 'int' object has no attribute 'lower'
Traceback (most recent call last):
  File "C:\fil-relex\backend\dictionary_manager.py", line 2957, in insert_definition
    standardized_pos_id = get_standardized_pos_id(cur, part_of_speech)
  File "C:\fil-relex\backend\dictionary_manager.py", line 1544, in get_standardized_pos_id
    pos_key = pos_string.lower().strip()
              ^^^^^^^^^^^^^^^^
AttributeError: 'int' object has no attribute 'lower'
2025-04-02 19:35:30,337 - ERROR - Unexpected error inserting definition for word ID 9 from 'diksiyonaryo.ph': 'int' object has no attribute 'lower'
Traceback (most recent call last):
  File "C:\fil-relex\backend\dictionary_manager.py", line 2957, in insert_definition
    standardized_pos_id = get_standardized_pos_id(cur, part_of_speech)
  File "C:\fil-relex\backend\dictionary_manager.py", line 1544, in get_standardized_pos_id
    pos_key = pos_string.lower().strip()
              ^^^^^^^^^^^^^^^^
AttributeError: 'int' object has no attribute 'lower'
2025-04-02 19:35:30,370 - INFO - Word 'aám' (tl) created (ID: 13) from source 'diksiyonaryo.ph'.
2025-04-02 19:35:30,384 - ERROR - Unexpected error inserting definition for word ID 13 from 'diksiyonaryo.ph': 'int' object has no attribute 'lower'
Traceback (most recent call last):
  File "C:\fil-relex\backend\dictionary_manager.py", line 2957, in insert_definition
    standardized_pos_id = get_standardized_pos_id(cur, part_of_speech)
  File "C:\fil-relex\backend\dictionary_manager.py", line 1544, in get_standardized_pos_id
    pos_key = pos_string.lower().strip()
              ^^^^^^^^^^^^^^^^
AttributeError: 'int' object has no attribute 'lower'
2025-04-02 19:35:31,093 - INFO - Finished processing diksiyonaryo.ph
2025-04-02 19:35:31,097 - INFO -   Total entries in file: 65336
2025-04-02 19:35:31,103 - INFO -   Processed successfully: 11
2025-04-02 19:35:31,107 - INFO -   Skipped (invalid/empty): 0
2025-04-02 19:35:31,113 - INFO -   Errors during processing: 0
2025-04-02 19:35:31,122 - INFO -   Definitions added/updated: 0
2025-04-02 19:35:31,124 - INFO -   Pronunciations added/updated: 12
2025-04-02 19:35:31,127 - INFO -   Etymologies added/updated: 6
2025-04-02 19:35:31,130 - INFO -   Total relations added/updated: 3
2025-04-02 19:35:31,131 - INFO -     (Deriv: 3, Syn: 0, Var: 0, Ref: 0)
2025-04-02 19:35:31,135 - INFO -   Baybayin forms added/updated: 0
2025-04-02 19:35:31,136 - INFO -   Affixations added/updated: 0
