2025-03-24 23:40:48,855 - INFO - Looking up word: Namespace(command='lookup', word='manok', debug=False, format='rich')
2025-03-24 23:40:48,855 - INFO - Word argument value: 'manok'
2025-03-24 23:40:48,890 - INFO - Normalized word: manok
2025-03-24 23:40:48,891 - INFO - Database connection test successful
2025-03-24 23:40:48,901 - INFO - Word data fetched: True
2025-03-24 23:40:48,902 - INFO - Beginning to unpack word data
2025-03-24 23:40:48,902 - INFO - Successfully unpacked word data
2025-03-24 23:40:48,902 - INFO - word_id: 34366, lemma: manók, language_code: tl
2025-03-24 23:40:48,902 - INFO - has_baybayin: True, baybayin_form: ᜋᜈᜓᜃ᜔, romanized_form: manuk
2025-03-24 23:40:48,902 - INFO - preferred_spelling: None, root_word_id: None
2025-03-24 23:40:48,903 - INFO - def_sources type: <class 'list'>, ety_sources type: <class 'list'>
2025-03-24 23:40:48,903 - INFO - tags type: <class 'NoneType'>, source_info type: <class 'dict'>
2025-03-24 23:40:48,903 - INFO - Building basic information tree
2025-03-24 23:40:48,903 - INFO - Adding preferred spelling if available
2025-03-24 23:40:48,903 - INFO - Adding Baybayin form if available
2025-03-24 23:40:48,903 - INFO - Adding root word if available
2025-03-24 23:40:48,903 - INFO - Gathering sources - starting
2025-03-24 23:40:48,904 - INFO - Processing tags
2025-03-24 23:40:48,904 - INFO - Processing source_info
2025-03-24 23:40:48,904 - INFO - Processing def_sources
2025-03-24 23:40:48,904 - INFO - def_sources content: ['diksiyonaryo.ph', 'kaikki.org (Tagalog)']
2025-03-24 23:40:48,904 - INFO - Processing def_source: diksiyonaryo.ph, type: <class 'str'>
2025-03-24 23:40:48,904 - INFO - Processing def_source: kaikki.org (Tagalog), type: <class 'str'>
2025-03-24 23:40:48,904 - INFO - Processing ety_sources
2025-03-24 23:40:48,904 - INFO - ety_sources content: ['diksiyonaryo.ph']
2025-03-24 23:40:48,904 - INFO - Processing ety_source: diksiyonaryo.ph, type: <class 'str'>
