2025-03-24 23:40:39,091 - INFO - Looking up word: Namespace(command='lookup', word='tumawa', debug=False, format='rich')
2025-03-24 23:40:39,091 - INFO - Word argument value: 'tumawa'
2025-03-24 23:40:39,125 - INFO - Normalized word: tumawa
2025-03-24 23:40:39,125 - INFO - Database connection test successful
2025-03-24 23:40:39,133 - INFO - Word data fetched: True
2025-03-24 23:40:39,133 - INFO - Beginning to unpack word data
2025-03-24 23:40:39,133 - INFO - Successfully unpacked word data
2025-03-24 23:40:39,134 - INFO - word_id: 69342, lemma: tumawa, language_code: tl
2025-03-24 23:40:39,136 - INFO - has_baybayin: True, baybayin_form: ᜆᜓᜋᜏ, romanized_form: tumawa
2025-03-24 23:40:39,136 - INFO - preferred_spelling: None, root_word_id: None
2025-03-24 23:40:39,136 - INFO - def_sources type: <class 'list'>, ety_sources type: <class 'list'>
2025-03-24 23:40:39,136 - INFO - tags type: <class 'NoneType'>, source_info type: <class 'dict'>
2025-03-24 23:40:39,136 - INFO - Building basic information tree
2025-03-24 23:40:39,136 - INFO - Adding preferred spelling if available
2025-03-24 23:40:39,136 - INFO - Adding Baybayin form if available
2025-03-24 23:40:39,137 - INFO - Adding root word if available
2025-03-24 23:40:39,137 - INFO - Gathering sources - starting
2025-03-24 23:40:39,137 - INFO - Processing tags
2025-03-24 23:40:39,137 - INFO - Processing source_info
2025-03-24 23:40:39,137 - INFO - Processing def_sources
2025-03-24 23:40:39,137 - INFO - def_sources content: ['kaikki.org (Tagalog)', 'tagalog.com']
2025-03-24 23:40:39,138 - INFO - Processing def_source: kaikki.org (Tagalog), type: <class 'str'>
2025-03-24 23:40:39,138 - INFO - Processing def_source: tagalog.com, type: <class 'str'>
2025-03-24 23:40:39,138 - INFO - Processing ety_sources
2025-03-24 23:40:39,138 - INFO - ety_sources content: [None]
2025-03-24 23:40:39,138 - WARNING - Found None value in ety_sources
