2025-01-18 00:03:43,446 - INFO - Starting fresh data migration
2025-01-18 00:03:43,446 - INFO - Attempting database connection...
2025-01-18 00:03:43,447 - INFO - Database configuration:
2025-01-18 00:03:43,447 - INFO -   Database Name: fil_dict_db
2025-01-18 00:03:43,447 - INFO -   User: postgres
2025-01-18 00:03:43,447 - INFO -   Host: localhost
2025-01-18 00:03:43,447 - INFO -   Password: ********
2025-01-18 00:03:43,487 - INFO - Successfully established database connection
2025-01-18 00:03:43,489 - INFO - Starting table creation/update process.
2025-01-18 00:03:43,577 - INFO - Tables created or updated successfully.
2025-01-18 00:03:43,577 - INFO - Processing Tagalog words
2025-01-18 00:03:43,578 - INFO - Starting to process Tagalog words file: data/tagalog-words.json
2025-01-18 00:03:43,578 - INFO - Using source identifier: tagalog-words.json
2025-01-18 00:03:43,718 - INFO - Successfully loaded JSON data with 65328 entries
2025-01-18 00:05:09,074 - INFO - Completed processing Tagalog words file: data/tagalog-words.json
2025-01-18 00:05:09,086 - INFO - Processing Root words
2025-01-18 00:05:09,086 - INFO - Starting to process Root Words file: data/root_words_with_associated_words_cleaned.json
2025-01-18 00:05:09,086 - INFO - Using source identifier: root_words_with_associated_words_cleaned.json
2025-01-18 00:05:09,097 - INFO - Successfully loaded JSON data with 2238 entries
2025-01-18 00:05:30,184 - INFO - Completed processing Root Words file: data/root_words_with_associated_words_cleaned.json
2025-01-18 00:05:30,187 - INFO - Processing KWF Dictionary
2025-01-18 00:05:30,187 - INFO - Starting to process KWF Dictionary: data/kwf_dictionary.json
2025-01-18 00:05:30,187 - INFO - Using source identifier: kwf_dictionary.json
2025-01-18 00:05:30,519 - INFO - Successfully loaded KWF data with 30734 entries
2025-01-18 00:06:21,592 - INFO - Completed processing KWF Dictionary
2025-01-18 00:06:21,613 - INFO - Processing Kaikki (Tagalog)
2025-01-18 00:06:21,613 - INFO - Starting to process Kaikki file: data/kaikki.jsonl
2025-01-18 00:07:28,905 - INFO - Processing Kaikki (Cebuano)
2025-01-18 00:07:28,905 - INFO - Starting to process Kaikki file: data/kaikki-ceb.jsonl
2025-01-18 00:07:59,173 - INFO - Migration completed successfully
