2025-04-04 20:55:33,131 - INFO - Starting table creation/update process.
2025-04-04 20:55:33,842 - INFO - Tables created or updated successfully.
2025-04-04 20:55:33,850 - INFO - Starting processing for Kaikki.org (Tagalog) from ..\data\kaikki.jsonl
2025-04-04 20:55:33,851 - INFO - Processing Kaikki dictionary: ..\data\kaikki.jsonl with source ID: 'kaikki.org (Tagalog)'
2025-04-04 20:55:34,170 - INFO - Found 27964 entries to process in ..\data\kaikki.jsonl
2025-04-04 20:55:34,171 - INFO - Initialized BaybayinRomanizer for script romanization
2025-04-04 20:55:34,338 - INFO - Committed transaction at entry 2000
2025-04-04 20:55:34,460 - INFO - Committed transaction at entry 4000
2025-04-04 20:55:34,578 - INFO - Committed transaction at entry 6000
2025-04-04 20:55:34,673 - INFO - Committed transaction at entry 8000
2025-04-04 20:55:34,791 - INFO - Committed transaction at entry 10000
2025-04-04 20:55:34,959 - INFO - Committed transaction at entry 12000
2025-04-04 20:55:35,127 - INFO - Committed transaction at entry 14000
2025-04-04 20:55:35,329 - INFO - Committed transaction at entry 16000
2025-04-04 20:55:35,531 - INFO - Committed transaction at entry 18000
2025-04-04 20:55:35,684 - INFO - Committed transaction at entry 20000
2025-04-04 20:55:35,804 - INFO - Committed transaction at entry 22000
2025-04-04 20:55:35,941 - INFO - Committed transaction at entry 24000
2025-04-04 20:55:36,052 - INFO - Committed transaction at entry 26000
2025-04-04 20:55:36,167 - INFO - Completed processing ..\data\kaikki.jsonl:
2025-04-04 20:55:36,169 - INFO -   Total lines: 27964
2025-04-04 20:55:36,169 - INFO -   Successfully processed: 0
2025-04-04 20:55:36,170 - INFO -   Processed with non-critical errors: 0
2025-04-04 20:55:36,170 - INFO -   Failed entries: 27964
2025-04-04 20:55:36,170 - INFO -   Skipped JSON errors: 0
2025-04-04 20:55:36,170 - INFO -   --- Data processed: ---
2025-04-04 20:55:36,170 - INFO -   Definitions: 0
2025-04-04 20:55:36,171 - INFO -   Relations: 0
2025-04-04 20:55:36,171 - INFO -   Etymologies: 0
2025-04-04 20:55:36,171 - INFO -   Pronunciations: 0
2025-04-04 20:55:36,171 - INFO -   Forms: 0
2025-04-04 20:55:36,172 - INFO -   Categories: 0
2025-04-04 20:55:36,172 - INFO -   Templates: 0
2025-04-04 20:55:36,172 - INFO -   Links: 0
2025-04-04 20:55:36,173 - INFO -   Scripts: 27012
2025-04-04 20:55:36,173 - INFO -   Ety Relations: 0
2025-04-04 20:55:36,173 - INFO -   Sense Relations: 0
2025-04-04 20:55:36,173 - INFO -   Form Relations: 0
2025-04-04 20:55:36,173 - INFO -   Examples: 0
2025-04-04 20:55:36,174 - WARNING - Error summary for ..\data\kaikki.jsonl: {
  "EntryFailedCritically: Failed to get/create word ID": 27964
}
2025-04-04 20:55:36,177 - INFO - Successfully processed source: Kaikki.org (Tagalog)
2025-04-04 20:55:36,178 - INFO - Starting processing for Kaikki.org (Cebuano) from ..\data\kaikki-ceb.jsonl
2025-04-04 20:55:36,178 - INFO - Processing Kaikki dictionary: ..\data\kaikki-ceb.jsonl with source ID: 'kaikki.org (Cebuano)'
2025-04-04 20:55:36,254 - INFO - Found 17909 entries to process in ..\data\kaikki-ceb.jsonl
2025-04-04 20:55:36,255 - INFO - Initialized BaybayinRomanizer for script romanization
2025-04-04 20:55:36,345 - INFO - Committed transaction at entry 2000
2025-04-04 20:55:36,419 - INFO - Committed transaction at entry 4000
2025-04-04 20:55:36,495 - INFO - Committed transaction at entry 6000
2025-04-04 20:55:36,549 - INFO - Committed transaction at entry 8000
2025-04-04 20:55:36,601 - INFO - Committed transaction at entry 10000
2025-04-04 20:55:36,653 - INFO - Committed transaction at entry 12000
2025-04-04 20:55:36,705 - INFO - Committed transaction at entry 14000
2025-04-04 20:55:36,758 - INFO - Committed transaction at entry 16000
2025-04-04 20:55:36,816 - INFO - Completed processing ..\data\kaikki-ceb.jsonl:
2025-04-04 20:55:36,816 - INFO -   Total lines: 17909
2025-04-04 20:55:36,817 - INFO -   Successfully processed: 0
2025-04-04 20:55:36,817 - INFO -   Processed with non-critical errors: 0
2025-04-04 20:55:36,818 - INFO -   Failed entries: 17909
2025-04-04 20:55:36,818 - INFO -   Skipped JSON errors: 0
2025-04-04 20:55:36,818 - INFO -   --- Data processed: ---
2025-04-04 20:55:36,819 - INFO -   Definitions: 0
2025-04-04 20:55:36,819 - INFO -   Relations: 0
2025-04-04 20:55:36,819 - INFO -   Etymologies: 0
2025-04-04 20:55:36,819 - INFO -   Pronunciations: 0
2025-04-04 20:55:36,819 - INFO -   Forms: 0
2025-04-04 20:55:36,820 - INFO -   Categories: 0
2025-04-04 20:55:36,820 - INFO -   Templates: 0
2025-04-04 20:55:36,820 - INFO -   Links: 0
2025-04-04 20:55:36,820 - INFO -   Scripts: 1747
2025-04-04 20:55:36,820 - INFO -   Ety Relations: 0
2025-04-04 20:55:36,820 - INFO -   Sense Relations: 0
2025-04-04 20:55:36,821 - INFO -   Form Relations: 0
2025-04-04 20:55:36,821 - INFO -   Examples: 0
2025-04-04 20:55:36,821 - WARNING - Error summary for ..\data\kaikki-ceb.jsonl: {
  "EntryFailedCritically: Failed to get/create word ID": 17909
}
2025-04-04 20:55:36,823 - INFO - Successfully processed source: Kaikki.org (Cebuano)
2025-04-04 20:55:36,825 - INFO - All sources processed successfully. Committing transaction...
2025-04-04 20:55:36,826 - INFO - Database connection closed.
