2025-04-01 08:29:31,484 - INFO - Starting lookup for word: 'charot'
2025-04-01 08:29:31,578 - INFO - pg_trgm extension installed: True
2025-04-01 08:29:31,579 - INFO - Executing exact match query for 'charot'
2025-04-01 08:29:32,488 - INFO - Found 1 exact matches
2025-04-01 08:29:32,490 - INFO - Processing result 1/1
2025-04-01 08:29:32,491 - INFO - Word ID: 136159
2025-04-01 08:29:32,492 - INFO - Lemma: charot
2025-04-01 08:29:32,493 - INFO - Language code: tl
2025-04-01 08:29:32,506 - INFO - Querying pronunciations for word_id 136159
2025-04-01 08:29:32,512 - INFO - Found 3 pronunciations
2025-04-01 08:29:32,518 - INFO - Querying etymologies for word_id 136159
2025-04-01 08:29:32,530 - INFO - Found 1 etymologies
2025-04-01 08:29:32,533 - INFO - Querying definitions for word_id 136159
2025-04-01 08:29:32,560 - INFO - Found 6 definitions
2025-04-01 08:29:32,562 - INFO - Processing definition 1/6
2025-04-01 08:29:32,565 - INFO - Processing definition 2/6
2025-04-01 08:29:32,567 - INFO - Processing definition 3/6
2025-04-01 08:29:32,570 - INFO - Processing definition 4/6
2025-04-01 08:29:32,573 - INFO - Processing definition 5/6
2025-04-01 08:29:32,574 - INFO - Processing definition 6/6
2025-04-01 08:29:32,576 - INFO - Querying relations for word_id 136159
2025-04-01 08:29:32,602 - INFO - Found 5 relations
2025-04-01 08:29:32,631 - INFO - Database connection closed
