2025-02-09 09:06:12,216 - INFO - Attempting database connection...
2025-02-09 09:06:12,217 - INFO - Database configuration:
2025-02-09 09:06:12,217 - INFO -   Database Name: fil_dict_db
2025-02-09 09:06:12,217 - INFO -   User: postgres
2025-02-09 09:06:12,217 - INFO -   Host: localhost
2025-02-09 09:06:12,218 - INFO -   Password: ********
2025-02-09 09:06:12,251 - INFO - Successfully established database connection
2025-02-09 09:06:12,251 - INFO - Setting up PostgreSQL extensions...
2025-02-09 09:06:12,251 - INFO - Checking extension: pg_trgm
2025-02-09 09:06:12,256 - INFO - Extension already installed: pg_trgm
2025-02-09 09:06:12,256 - INFO - Checking extension: unaccent
2025-02-09 09:06:12,257 - INFO - Extension already installed: unaccent
2025-02-09 09:06:12,257 - INFO - Checking extension: fuzzystrmatch
2025-02-09 09:06:12,257 - INFO - Extension already installed: fuzzystrmatch
2025-02-09 09:06:12,258 - INFO - Extensions setup completed
2025-02-09 09:06:12,258 - INFO - Starting table creation/update process.
2025-02-09 09:06:12,272 - INFO - Tables created or updated successfully.
2025-02-09 09:06:12,275 - INFO - Processing Tagalog words from: data/tagalog-words.json
2025-02-09 09:09:18,997 - INFO - Processing root words from: data/root_words_with_associated_words_cleaned.json
2025-02-09 09:10:11,998 - INFO - Processing KWF dictionary from: data/kwf_dictionary.json
2025-02-09 09:13:18,191 - INFO - Starting to process Kaikki file: data/kaikki.jsonl
2025-02-09 09:13:50,961 - WARNING - Invalid Baybayin data for word '-ana', clearing baybayin fields.
2025-02-09 09:14:01,172 - WARNING - Invalid Baybayin data for word 'paling', clearing baybayin fields.
2025-02-09 09:14:01,178 - WARNING - Invalid Baybayin data for word 'paling', clearing baybayin fields.
2025-02-09 09:14:01,754 - WARNING - Invalid Baybayin data for word 'piling', clearing baybayin fields.
2025-02-09 09:14:01,786 - WARNING - Invalid Baybayin data for word 'piling', clearing baybayin fields.
2025-02-09 09:14:06,178 - WARNING - Invalid Baybayin data for word '-ado', clearing baybayin fields.
2025-02-09 09:14:13,082 - WARNING - Invalid Baybayin data for word '-ano', clearing baybayin fields.
2025-02-09 09:14:47,900 - WARNING - Invalid Baybayin data for word '-ay', clearing baybayin fields.
2025-02-09 09:15:13,841 - WARNING - Invalid Baybayin data for word 'ᜃᜇᜄᜆᜈ᜔', clearing baybayin fields.
2025-02-09 09:15:13,849 - WARNING - Invalid Baybayin data for word 'ᜁᜐ᜔ᜆᜇᜓᜐ᜔ ᜂᜈᜒᜇᜓᜐ᜔', clearing baybayin fields.
2025-02-09 09:15:14,650 - WARNING - Invalid Baybayin data for word 'supling', clearing baybayin fields.
2025-02-09 09:16:02,126 - WARNING - Invalid Baybayin data for word 'Feling', clearing baybayin fields.
2025-02-09 09:16:09,574 - WARNING - Invalid Baybayin data for word 'pa- -an', clearing baybayin fields.
2025-02-09 09:16:09,610 - WARNING - Invalid Baybayin data for word 'pag- -an', clearing baybayin fields.
2025-02-09 09:16:21,877 - WARNING - Invalid Baybayin data for word 'mag- -an', clearing baybayin fields.
2025-02-09 09:16:27,698 - WARNING - Invalid Baybayin data for word 'sopling', clearing baybayin fields.
2025-02-09 09:16:39,398 - WARNING - Invalid Baybayin data for word 'Intsik beho, tulo laway', clearing baybayin fields.
2025-02-09 09:16:40,685 - WARNING - Invalid Baybayin data for word 'ᜀᜎᜒᜋᜓᜇᜈ᜔', clearing baybayin fields.
2025-02-09 09:16:41,251 - WARNING - Invalid Baybayin data for word 'selang', clearing baybayin fields.
2025-02-09 09:16:41,726 - WARNING - Invalid Baybayin data for word 'pang- -an', clearing baybayin fields.
2025-02-09 09:16:43,076 - WARNING - Invalid Baybayin data for word 'ᜑᜒᜃ᜔ᜆᜇᜒᜌ', clearing baybayin fields.
2025-02-09 09:16:43,088 - WARNING - Invalid Baybayin data for word 'ᜉᜄ᜔ᜁᜊᜒᜄ᜔', clearing baybayin fields.
2025-02-09 09:16:43,102 - WARNING - Invalid Baybayin data for word 'ᜁᜇᜒᜄᜓᜎᜇᜒᜇᜇ᜔', clearing baybayin fields.
2025-02-09 09:16:43,144 - WARNING - Invalid Baybayin data for word 'ᜀᜇᜆᜒᜎᜒᜐ᜔', clearing baybayin fields.
2025-02-09 09:16:43,149 - WARNING - Invalid Baybayin data for word 'ᜃᜇᜌᜓᜋ᜔', clearing baybayin fields.
2025-02-09 09:16:43,272 - WARNING - Invalid Baybayin data for word 'ᜀᜎᜓᜉᜄ᜔ᜀᜋᜓ', clearing baybayin fields.
2025-02-09 09:16:45,488 - WARNING - Invalid Baybayin data for word 'ᜐᜈᜒᜇᜇ᜔', clearing baybayin fields.
2025-02-09 09:16:51,340 - WARNING - Invalid Baybayin data for word 'san- -an', clearing baybayin fields.
2025-02-09 09:16:52,399 - WARNING - Invalid Baybayin data for word 'ᜐᜒᜇᜓ', clearing baybayin fields.
2025-02-09 09:16:52,818 - WARNING - Invalid Baybayin data for word 'sepelin', clearing baybayin fields.
2025-02-09 09:16:54,452 - WARNING - Invalid Baybayin data for word 'pabling', clearing baybayin fields.
2025-02-09 09:16:54,597 - WARNING - Invalid Baybayin data for word '-asyon', clearing baybayin fields.
2025-02-09 09:16:57,855 - WARNING - Invalid Baybayin data for word 'ᜐᜊᜇᜓ', clearing baybayin fields.
2025-02-09 09:16:58,287 - WARNING - Invalid Baybayin data for word 'ᜐᜒᜄᜓᜇᜓ', clearing baybayin fields.
2025-02-09 09:16:58,289 - WARNING - Invalid Baybayin data for word 'ᜐᜒᜄᜓᜇᜓ', clearing baybayin fields.
2025-02-09 09:17:01,599 - WARNING - Invalid Baybayin data for word 'ᜆᜋ᜔ᜁᜐ᜔', clearing baybayin fields.
2025-02-09 09:17:01,600 - WARNING - Invalid Baybayin data for word 'ᜃ᜔ᜇᜌᜓᜎ', clearing baybayin fields.
2025-02-09 09:17:01,604 - WARNING - Invalid Baybayin data for word 'ᜋᜆᜋ᜔ᜁᜐ᜔', clearing baybayin fields.
2025-02-09 09:17:01,612 - WARNING - Invalid Baybayin data for word 'ᜃᜈ᜔ᜎᜓᜇᜅ᜔ ᜀᜐ᜔ᜌ', clearing baybayin fields.
2025-02-09 09:17:01,643 - WARNING - Invalid Baybayin data for word 'ᜎᜋ᜔ᜉᜇ', clearing baybayin fields.
2025-02-09 09:17:01,646 - WARNING - Invalid Baybayin data for word 'ᜃᜇᜉᜈ᜔', clearing baybayin fields.
2025-02-09 09:17:01,680 - WARNING - Invalid Baybayin data for word 'ᜋᜄ᜔ᜀᜈᜓᜈ᜔ᜐᜒᜌᜓ', clearing baybayin fields.
2025-02-09 09:17:01,684 - WARNING - Invalid Baybayin data for word 'ᜋᜇᜈᜈ᜔', clearing baybayin fields.
2025-02-09 09:17:01,686 - WARNING - Invalid Baybayin data for word 'ᜃᜇᜀᜈ᜔', clearing baybayin fields.
2025-02-09 09:17:01,699 - WARNING - Invalid Baybayin data for word 'ᜋᜇᜐᜒᜄᜈ᜔', clearing baybayin fields.
2025-02-09 09:17:01,709 - WARNING - Invalid Baybayin data for word 'ᜀᜈᜃ᜔ᜀᜈᜃᜈ᜔', clearing baybayin fields.
2025-02-09 09:17:01,718 - WARNING - Invalid Baybayin data for word 'ᜃᜇᜒᜅᜎ᜔', clearing baybayin fields.
2025-02-09 09:17:01,737 - WARNING - Invalid Baybayin data for word 'ᜆᜆ᜔ᜎᜓᜅ᜔ᜑᜇᜒ', clearing baybayin fields.
2025-02-09 09:17:01,750 - WARNING - Invalid Baybayin data for word 'ᜋᜄ᜔ᜀᜃ᜔ᜐᜌ', clearing baybayin fields.
2025-02-09 09:17:01,759 - WARNING - Invalid Baybayin data for word 'ᜉᜀᜇᜎᜅ᜔ ᜐᜒᜃᜓᜈ᜔ᜇᜇ᜔ᜌ', clearing baybayin fields.
2025-02-09 09:17:01,769 - WARNING - Invalid Baybayin data for word 'ᜉᜄ᜔ᜁᜏᜐ᜔', clearing baybayin fields.
2025-02-09 09:17:01,781 - WARNING - Invalid Baybayin data for word 'ᜇᜒᜋᜇᜈᜈ᜔', clearing baybayin fields.
2025-02-09 09:17:01,822 - WARNING - Invalid Baybayin data for word 'ᜆᜎᜊᜒᜇ', clearing baybayin fields.
2025-02-09 09:17:01,846 - WARNING - Invalid Baybayin data for word 'ᜋᜓᜇᜓᜅ᜔', clearing baybayin fields.
2025-02-09 09:17:01,870 - WARNING - Invalid Baybayin data for word 'ᜀᜇᜏ᜔', clearing baybayin fields.
2025-02-09 09:17:01,872 - WARNING - Invalid Baybayin data for word 'ᜀᜇᜏ᜔', clearing baybayin fields.
2025-02-09 09:17:01,889 - WARNING - Invalid Baybayin data for word 'ᜋᜇᜎᜒᜆ᜔', clearing baybayin fields.
2025-02-09 09:17:01,895 - WARNING - Invalid Baybayin data for word 'ᜃᜇᜈ᜔ᜇᜅ᜔', clearing baybayin fields.
2025-02-09 09:17:01,904 - WARNING - Invalid Baybayin data for word 'ᜋᜃᜇᜌ᜔ᜄ᜔', clearing baybayin fields.
2025-02-09 09:17:01,926 - WARNING - Invalid Baybayin data for word 'ᜋᜇᜒᜎᜏ᜔', clearing baybayin fields.
2025-02-09 09:17:01,934 - WARNING - Invalid Baybayin data for word 'ᜋᜇᜒᜎᜏ᜔', clearing baybayin fields.
2025-02-09 09:17:02,007 - WARNING - Invalid Baybayin data for word 'ᜋᜄ᜔ᜉᜇᜋᜒ', clearing baybayin fields.
2025-02-09 09:17:02,277 - WARNING - Invalid Baybayin data for word 'ᜇᜒᜃᜓᜇᜐ᜔ᜌᜓᜈᜈ᜔', clearing baybayin fields.
2025-02-09 09:17:02,391 - WARNING - Invalid Baybayin data for word 'ᜐᜒᜇᜀᜈ᜔', clearing baybayin fields.
2025-02-09 09:17:02,415 - WARNING - Invalid Baybayin data for word 'ᜋᜇᜑᜐ᜔', clearing baybayin fields.
2025-02-09 09:17:03,744 - WARNING - Invalid Baybayin data for word 'ᜐᜇᜒᜏ', clearing baybayin fields.
2025-02-09 09:17:03,747 - WARNING - Invalid Baybayin data for word 'ᜐᜇᜒᜏ', clearing baybayin fields.
2025-02-09 09:17:03,765 - WARNING - Invalid Baybayin data for word 'ᜉᜋ᜔ᜊᜈ᜔ᜐᜅ᜔ ᜐᜒᜄᜓᜇᜒᜇᜇ᜔', clearing baybayin fields.
2025-02-09 09:17:03,769 - WARNING - Invalid Baybayin data for word 'ᜑᜒᜈᜒᜇᜎ᜔', clearing baybayin fields.
2025-02-09 09:17:03,783 - WARNING - Invalid Baybayin data for word 'ᜆᜒᜈ᜔ᜌᜒᜈ᜔ᜆᜒ ᜃᜓᜇᜓᜈᜒᜎ᜔', clearing baybayin fields.
2025-02-09 09:17:03,785 - WARNING - Invalid Baybayin data for word 'ᜆᜒᜈ᜔ᜌᜒᜈ᜔ᜆᜒ ᜑᜒᜈᜒᜇᜎ᜔', clearing baybayin fields.
2025-02-09 09:17:03,787 - WARNING - Invalid Baybayin data for word 'ᜑᜒᜇᜒᜅ᜔ᜄᜒᜎ᜔ᜌ', clearing baybayin fields.
2025-02-09 09:17:03,791 - WARNING - Invalid Baybayin data for word 'ᜃᜓᜇᜓᜈᜒᜎ᜔', clearing baybayin fields.
2025-02-09 09:17:03,794 - WARNING - Invalid Baybayin data for word 'ᜃᜓᜇᜓᜈᜒᜎ᜔', clearing baybayin fields.
2025-02-09 09:17:03,807 - WARNING - Invalid Baybayin data for word 'ᜀᜃᜓᜐᜇᜓ', clearing baybayin fields.
2025-02-09 09:17:03,809 - WARNING - Invalid Baybayin data for word 'ᜀᜃᜓᜐᜇᜓ', clearing baybayin fields.
2025-02-09 09:17:04,470 - WARNING - Invalid Baybayin data for word 'ᜑᜇᜒ', clearing baybayin fields.
2025-02-09 09:17:04,489 - WARNING - Invalid Baybayin data for word 'ᜆᜆ᜔ᜎᜓᜅ᜔ ᜑᜇᜒ', clearing baybayin fields.
2025-02-09 09:17:04,615 - WARNING - Invalid Baybayin data for word 'ᜃᜈ᜔ᜇᜒᜇᜆᜓ', clearing baybayin fields.
2025-02-09 09:17:04,616 - WARNING - Invalid Baybayin data for word 'ᜋᜇᜎᜒ', clearing baybayin fields.
2025-02-09 09:17:04,821 - WARNING - Invalid Baybayin data for word 'ᜉᜇᜎᜓᜐ᜔ᜇᜎᜓᜐ᜔', clearing baybayin fields.
2025-02-09 09:17:05,075 - WARNING - Invalid Baybayin data for word 'ᜃᜓᜇᜒᜆ', clearing baybayin fields.
2025-02-09 09:17:05,228 - WARNING - Invalid Baybayin data for word 'ᜉᜀᜇᜎᜈ᜔', clearing baybayin fields.
2025-02-09 09:17:05,256 - WARNING - Invalid Baybayin data for word 'ᜀᜇᜏ᜔ ᜈᜅ᜔ ᜋᜅ ᜉᜆᜌ᜔', clearing baybayin fields.
2025-02-09 09:17:05,258 - WARNING - Invalid Baybayin data for word 'ᜃᜉᜅ᜔ᜌᜇᜒᜑᜈ᜔', clearing baybayin fields.
2025-02-09 09:17:05,260 - WARNING - Invalid Baybayin data for word 'ᜃᜉᜅ᜔ᜌᜇᜒᜑᜈ᜔', clearing baybayin fields.
2025-02-09 09:17:05,284 - WARNING - Invalid Baybayin data for word 'ᜃᜈ᜔ᜎᜓᜇᜈ᜔', clearing baybayin fields.
2025-02-09 09:17:05,286 - WARNING - Invalid Baybayin data for word 'ᜃᜈ᜔ᜎᜓᜇᜈ᜔', clearing baybayin fields.
2025-02-09 09:17:05,289 - WARNING - Invalid Baybayin data for word 'ᜃᜈ᜔ᜎᜓᜇᜈ᜔', clearing baybayin fields.
2025-02-09 09:17:05,450 - WARNING - Invalid Baybayin data for word 'ᜃᜓᜇ', clearing baybayin fields.
2025-02-09 09:17:05,452 - WARNING - Invalid Baybayin data for word 'ᜃᜓᜇ', clearing baybayin fields.
2025-02-09 09:17:05,575 - WARNING - Invalid Baybayin data for word 'kapag may usok, may apoy', clearing baybayin fields.
2025-02-09 09:17:05,606 - WARNING - Invalid Baybayin data for word 'habang may buhay, may pag-asa', clearing baybayin fields.
2025-02-09 09:17:05,616 - WARNING - Invalid Baybayin data for word 'bato-bato sa langit, ang tamaan huwag magalit', clearing baybayin fields.
2025-02-09 09:17:05,620 - WARNING - Invalid Baybayin data for word 'ang taong nagigipit, sa patalim kumakapit', clearing baybayin fields.
2025-02-09 09:17:05,625 - WARNING - Invalid Baybayin data for word 'kapag wala ang pusa, naglalaro ang daga', clearing baybayin fields.
2025-02-09 09:17:05,629 - WARNING - Invalid Baybayin data for word 'kapag binato ka ng bato, batuhin mo ng tinapay', clearing baybayin fields.
2025-02-09 09:17:05,641 - WARNING - Invalid Baybayin data for word 'kapag wala ang pusa, naglalaro ang mga daga', clearing baybayin fields.
2025-02-09 09:17:05,644 - WARNING - Invalid Baybayin data for word 'kapag may gusto, may paraan', clearing baybayin fields.
2025-02-09 09:17:05,772 - WARNING - Invalid Baybayin data for word 'ᜎᜇᜏᜈ᜔', clearing baybayin fields.
2025-02-09 09:17:06,449 - WARNING - Invalid Baybayin data for word 'sala sa init, sala sa lamig', clearing baybayin fields.
2025-02-09 09:17:06,900 - WARNING - Invalid Baybayin data for word 'ang sakit ng kalingkingan, damdam ng buong katawan', clearing baybayin fields.
2025-02-09 09:17:06,911 - WARNING - Invalid Baybayin data for word 'kung ano ang puno, siya ang bunga', clearing baybayin fields.
2025-02-09 09:17:06,954 - WARNING - Invalid Baybayin data for word 'ᜃᜄᜏᜇᜈ᜔', clearing baybayin fields.
2025-02-09 09:17:06,980 - WARNING - Invalid Baybayin data for word 'paano mo sinasabi ang … sa Ingles', clearing baybayin fields.
2025-02-09 09:17:07,031 - WARNING - Invalid Baybayin data for word 'tulak ng bibig, kabig ng dibdib', clearing baybayin fields.
2025-02-09 09:17:07,045 - WARNING - Invalid Baybayin data for word 'ᜇᜓᜇᜓᜇᜓᜇᜓ', clearing baybayin fields.
2025-02-09 09:17:07,266 - WARNING - Invalid Baybayin data for word 'ᜍ', clearing baybayin fields.
2025-02-09 09:17:07,586 - WARNING - Invalid Baybayin data for word 'ᜃᜀᜇᜏᜈ᜔', clearing baybayin fields.
2025-02-09 09:17:07,854 - WARNING - Invalid Baybayin data for word 'ᜋᜅᜇᜎ᜔', clearing baybayin fields.
2025-02-09 09:17:07,862 - WARNING - Invalid Baybayin data for word 'ᜀᜇᜏ᜔ ᜈᜅ᜔ ᜋᜅ ᜁᜈ', clearing baybayin fields.
2025-02-09 09:17:07,867 - WARNING - Invalid Baybayin data for word 'ᜀᜇᜏ᜔ ᜈᜅ᜔ ᜋᜅ ᜀᜋ', clearing baybayin fields.
2025-02-09 09:17:07,895 - WARNING - Invalid Baybayin data for word 'ᜀᜇᜓᜏ', clearing baybayin fields.
2025-02-09 09:17:08,043 - WARNING - Invalid Baybayin data for word 'ᜃᜐ᜔ᜆᜈ᜔ᜌᜒᜇ', clearing baybayin fields.
2025-02-09 09:17:08,050 - WARNING - Invalid Baybayin data for word 'ispeling', clearing baybayin fields.
2025-02-09 09:17:08,099 - WARNING - Invalid Baybayin data for word 'ᜊᜃᜇ', clearing baybayin fields.
2025-02-09 09:17:08,103 - WARNING - Invalid Baybayin data for word 'ᜋᜇᜄᜓᜈ᜔ᜇᜓᜈ᜔', clearing baybayin fields.
2025-02-09 09:17:08,122 - WARNING - Invalid Baybayin data for word 'ᜆ᜔ᜇᜇᜒᜐ᜔ᜌᜓᜈᜎ᜔', clearing baybayin fields.
2025-02-09 09:17:08,170 - WARNING - Invalid Baybayin data for word 'ᜃᜓᜅ᜔ᜄ᜔ᜇᜒᜐᜓ', clearing baybayin fields.
2025-02-09 09:17:08,171 - WARNING - Invalid Baybayin data for word 'ᜃᜓᜅ᜔ᜄ᜔ᜇᜒᜐᜓ', clearing baybayin fields.
2025-02-09 09:17:08,189 - WARNING - Invalid Baybayin data for word 'ᜀᜏ᜔ᜇᜓᜇᜑᜒᜈ᜔', clearing baybayin fields.
2025-02-09 09:17:08,228 - WARNING - Invalid Baybayin data for word 'ᜁᜊᜊ᜔ᜀᜈ᜔', clearing baybayin fields.
2025-02-09 09:17:08,343 - WARNING - Invalid Baybayin data for word 'ᜐᜈ᜔ᜆ᜔ᜐᜒᜐ᜔ ᜋᜒᜇ', clearing baybayin fields.
2025-02-09 09:17:08,783 - WARNING - Invalid Baybayin data for word 'ᜃᜂᜈ᜔ᜎᜇᜈ᜔', clearing baybayin fields.
2025-02-09 09:17:08,786 - WARNING - Invalid Baybayin data for word 'ᜃᜂᜈ᜔ᜎᜇᜈ᜔', clearing baybayin fields.
2025-02-09 09:17:08,848 - WARNING - Invalid Baybayin data for word 'ᜃᜋᜄ᜔ᜀᜈᜃ᜔', clearing baybayin fields.
2025-02-09 09:17:09,003 - WARNING - Invalid Baybayin data for word 'ᜉᜒᜇ', clearing baybayin fields.
2025-02-09 09:17:09,084 - WARNING - Invalid Baybayin data for word 'ᜁᜅ᜔ᜄ᜔ᜇᜈ᜔ᜇᜒ', clearing baybayin fields.
2025-02-09 09:17:09,639 - WARNING - Invalid Baybayin data for word 'ᜐᜒᜉ᜔ᜂᜈ᜔', clearing baybayin fields.
2025-02-09 09:17:10,144 - WARNING - Invalid Baybayin data for word 'ᜉ᜔ᜇᜓᜆᜒᜃ᜔ᜆ', clearing baybayin fields.
2025-02-09 09:17:10,147 - WARNING - Invalid Baybayin data for word 'ᜉᜇᜇᜑᜈ᜔', clearing baybayin fields.
2025-02-09 09:17:10,223 - WARNING - Invalid Baybayin data for word 'ᜉᜇᜒᜐ᜔', clearing baybayin fields.
2025-02-09 09:17:10,235 - WARNING - Invalid Baybayin data for word 'ᜋᜇᜒᜌᜅ᜔ ᜉᜎᜇ᜔', clearing baybayin fields.
2025-02-09 09:17:10,256 - WARNING - Invalid Baybayin data for word 'ᜐᜇᜑᜈ᜔', clearing baybayin fields.
2025-02-09 09:17:10,258 - WARNING - Invalid Baybayin data for word 'ᜐᜇᜑᜈ᜔', clearing baybayin fields.
2025-02-09 09:17:10,340 - WARNING - Invalid Baybayin data for word 'ᜋᜎᜇᜓᜑᜆᜈ᜔', clearing baybayin fields.
2025-02-09 09:17:12,275 - WARNING - Invalid Baybayin data for word 'kung hinagis ka ng bakal, gantihan mo ng tinapay', clearing baybayin fields.
2025-02-09 09:17:12,493 - WARNING - Invalid Baybayin data for word 'ᜉᜁᜇᜎᜒᜈ᜔', clearing baybayin fields.
2025-02-09 09:17:12,994 - WARNING - Invalid Baybayin data for word 'kapag may tiyaga, may nilaga', clearing baybayin fields.
2025-02-09 09:17:12,997 - WARNING - Invalid Baybayin data for word 'parang awa na', clearing baybayin fields.
2025-02-09 09:17:13,020 - WARNING - Invalid Baybayin data for word 'ᜀᜋᜒᜇᜒᜃ', clearing baybayin fields.
2025-02-09 09:17:13,141 - WARNING - Invalid Baybayin data for word 'ang taong gipit, sa patalim kumakapit', clearing baybayin fields.
2025-02-09 09:17:13,265 - WARNING - Invalid Baybayin data for word 'isang kahig, isang tuka', clearing baybayin fields.
2025-02-09 09:17:13,434 - WARNING - Invalid Baybayin data for word 'may tainga ang lupa, may pakpak ang balita', clearing baybayin fields.
2025-02-09 09:17:13,514 - WARNING - Invalid Baybayin data for word 'sa lupa ng mga bulag, ang naghahari ay pisak', clearing baybayin fields.
2025-02-09 09:17:13,533 - WARNING - Invalid Baybayin data for word 'ang maglakad nang matulin, kung matinik ay malalim', clearing baybayin fields.
2025-02-09 09:17:13,780 - WARNING - Invalid Baybayin data for word 'ᜅᜌ᜔ᜂᜈ᜔', clearing baybayin fields.
2025-02-09 09:17:13,815 - WARNING - Invalid Baybayin data for word 'ᜉᜒᜊ᜔ᜇᜒᜇᜓ', clearing baybayin fields.
2025-02-09 09:17:13,823 - WARNING - Invalid Baybayin data for word 'ᜁᜈᜒᜇᜓ', clearing baybayin fields.
2025-02-09 09:17:13,825 - WARNING - Invalid Baybayin data for word 'ᜈᜓᜊ᜔ᜌᜒᜋ᜔ᜊ᜔ᜇᜒ', clearing baybayin fields.
2025-02-09 09:17:13,830 - WARNING - Invalid Baybayin data for word 'ᜇᜒᜐ᜔ᜌᜒᜋ᜔ᜊ᜔ᜇᜒ', clearing baybayin fields.
2025-02-09 09:17:13,833 - WARNING - Invalid Baybayin data for word 'ᜐᜒᜆ᜔ᜌᜒᜋ᜔ᜊ᜔ᜇᜒ', clearing baybayin fields.
2025-02-09 09:17:14,197 - WARNING - Invalid Baybayin data for word 'ᜃᜆᜓᜉᜇᜈ᜔', clearing baybayin fields.
2025-02-09 09:17:14,420 - WARNING - Invalid Baybayin data for word 'ᜉᜒᜇᜓᜆ᜔', clearing baybayin fields.
2025-02-09 09:17:14,434 - WARNING - Invalid Baybayin data for word 'ᜇᜒᜃ᜔ᜆᜇᜓᜇ', clearing baybayin fields.
2025-02-09 09:17:15,338 - WARNING - Invalid Baybayin data for word 'sanling', clearing baybayin fields.
2025-02-09 09:17:15,342 - WARNING - Invalid Baybayin data for word 'sanling', clearing baybayin fields.
2025-02-09 09:17:15,526 - WARNING - Invalid Baybayin data for word 'kulang sa pito, labis sa walo', clearing baybayin fields.
2025-02-09 09:17:16,920 - WARNING - Invalid Baybayin data for word 'reispeling', clearing baybayin fields.
2025-02-09 09:17:18,032 - WARNING - Invalid Baybayin data for word 'madaling sabihin, mahirap gawin', clearing baybayin fields.
2025-02-09 09:17:18,205 - WARNING - Invalid Baybayin data for word 'ᜄᜊ᜔ᜁ', clearing baybayin fields.
2025-02-09 09:17:19,956 - WARNING - Invalid Baybayin data for word 'ᜂᜇᜐ᜔', clearing baybayin fields.
2025-02-09 09:17:19,958 - WARNING - Invalid Baybayin data for word 'ᜂᜇᜐ᜔', clearing baybayin fields.
2025-02-09 09:17:20,259 - WARNING - Invalid Baybayin data for word 'dalub- -an', clearing baybayin fields.
2025-02-09 09:17:21,430 - INFO - Starting to process Kaikki file: data/kaikki-ceb.jsonl
2025-02-09 09:18:40,043 - WARNING - Invalid Baybayin data for word 'ᜊᜄ᜔ᜂ', clearing baybayin fields.
2025-02-09 09:18:40,595 - WARNING - Invalid Baybayin data for word 'ᜐᜒᜉ᜔ᜂᜈ᜔', clearing baybayin fields.
2025-02-09 09:18:40,599 - WARNING - Invalid Baybayin data for word 'ᜐᜒᜉ᜔ᜂᜈ᜔', clearing baybayin fields.
2025-02-09 09:18:40,619 - WARNING - Invalid Baybayin data for word 'ᜎᜓᜌ᜔ᜀ', clearing baybayin fields.
2025-02-09 09:18:40,728 - WARNING - Invalid Baybayin data for word 'ᜐᜒᜇ᜔ᜂᜃ᜔', clearing baybayin fields.
2025-02-09 09:18:40,731 - WARNING - Invalid Baybayin data for word 'ᜐᜒᜇ᜔ᜂᜃ᜔', clearing baybayin fields.
2025-02-09 09:18:40,989 - WARNING - Invalid Baybayin data for word 'ᜋᜄ᜔ᜊᜓᜇᜓᜑᜆ᜔', clearing baybayin fields.
2025-02-09 09:18:40,992 - WARNING - Invalid Baybayin data for word 'ᜋᜄ᜔ᜊᜓᜇᜓᜑᜆ᜔', clearing baybayin fields.
2025-02-09 09:18:41,039 - WARNING - Invalid Baybayin data for word 'ᜉᜒᜇᜓᜆ᜔', clearing baybayin fields.
2025-02-09 09:18:41,674 - INFO - Processing Baybayin entries...
2025-02-09 09:18:41,814 - INFO - Updating Baybayin entry (ID: 95386) with cleaned form
2025-02-09 09:18:41,825 - INFO - Updating Baybayin entry (ID: 98927) with cleaned form
2025-02-09 09:18:41,835 - INFO - Updating Baybayin entry (ID: 103713) with cleaned form
2025-02-09 09:18:41,838 - INFO - Updating Baybayin entry (ID: 103785) with cleaned form
2025-02-09 09:18:41,842 - INFO - Updating Baybayin entry (ID: 103786) with cleaned form
2025-02-09 09:18:41,847 - INFO - Updating Baybayin entry (ID: 103788) with cleaned form
2025-02-09 09:18:41,851 - INFO - Updating Baybayin entry (ID: 103789) with cleaned form
2025-02-09 09:18:41,854 - INFO - Updating Baybayin entry (ID: 103790) with cleaned form
2025-02-09 09:18:41,856 - INFO - Updating Baybayin entry (ID: 103791) with cleaned form
2025-02-09 09:18:41,860 - INFO - Updating Baybayin entry (ID: 103792) with cleaned form
2025-02-09 09:18:41,862 - INFO - Updating Baybayin entry (ID: 103793) with cleaned form
2025-02-09 09:18:41,864 - INFO - Updating Baybayin entry (ID: 103794) with cleaned form
2025-02-09 09:18:41,867 - INFO - Updating Baybayin entry (ID: 104894) with cleaned form
2025-02-09 09:18:41,871 - INFO - Updating Baybayin entry (ID: 107186) with cleaned form
2025-02-09 09:18:41,874 - INFO - Updating Baybayin entry (ID: 107311) with cleaned form
2025-02-09 09:18:41,878 - INFO - Updating Baybayin entry (ID: 107473) with cleaned form
2025-02-09 09:18:41,880 - INFO - Updating Baybayin entry (ID: 123825) with cleaned form
2025-02-09 09:18:41,884 - INFO - Updating Baybayin entry (ID: 123841) with cleaned form
2025-02-09 09:18:41,888 - INFO - Updating Baybayin entry (ID: 124212) with cleaned form
2025-02-09 09:18:41,890 - INFO - Updating Baybayin entry (ID: 124214) with cleaned form
2025-02-09 09:18:41,893 - INFO - Updating Baybayin entry (ID: 124215) with cleaned form
2025-02-09 09:18:41,895 - INFO - Updating Baybayin entry (ID: 124216) with cleaned form
2025-02-09 09:18:41,897 - INFO - Updating Baybayin entry (ID: 124217) with cleaned form
2025-02-09 09:18:41,899 - INFO - Updating Baybayin entry (ID: 124219) with cleaned form
2025-02-09 09:18:41,901 - INFO - Updating Baybayin entry (ID: 124220) with cleaned form
2025-02-09 09:18:41,903 - INFO - Updating Baybayin entry (ID: 124224) with cleaned form
2025-02-09 09:18:41,906 - INFO - Updating Baybayin entry (ID: 124225) with cleaned form
2025-02-09 09:18:45,347 - INFO - Baybayin data cleanup completed successfully
2025-02-09 09:18:45,347 - INFO - Migration completed successfully
