2025-04-06 13:35:44,267 - INFO - Starting lookup for word: 'rebound'
2025-04-06 13:35:44,324 - INFO - pg_trgm extension installed: True
2025-04-06 13:35:44,325 - INFO - Executing exact match query for 'rebound'
2025-04-06 13:35:44,651 - INFO - Found 1 exact matches
2025-04-06 13:35:44,651 - INFO - Processing result 1/1
2025-04-06 13:35:44,652 - INFO - Word ID: 92403
2025-04-06 13:35:44,652 - INFO - Lemma: rebound
2025-04-06 13:35:44,652 - INFO - Language code: tl
2025-04-06 13:35:44,658 - INFO - Querying pronunciations for word_id 92403
2025-04-06 13:35:44,660 - INFO - Found 2 pronunciations
2025-04-06 13:35:44,662 - WARNING - Error parsing pronunciation sources: Expecting value: line 1 column 1 (char 0)
2025-04-06 13:35:44,662 - WARNING - Error parsing pronunciation sources: Expecting value: line 1 column 1 (char 0)
2025-04-06 13:35:44,663 - INFO - Querying etymologies for word_id 92403
2025-04-06 13:35:44,666 - INFO - Found 1 etymologies
2025-04-06 13:35:44,669 - INFO - Querying definitions for word_id 92403
2025-04-06 13:35:44,674 - INFO - Found 6 definitions
2025-04-06 13:35:44,676 - INFO - Processing definition 1/6
2025-04-06 13:35:44,678 - INFO - Processing definition 2/6
2025-04-06 13:35:44,679 - INFO - Processing definition 3/6
2025-04-06 13:35:44,680 - INFO - Processing definition 4/6
2025-04-06 13:35:44,681 - INFO - Processing definition 5/6
2025-04-06 13:35:44,683 - INFO - Processing definition 6/6
2025-04-06 13:35:44,684 - INFO - Querying relations for word_id 92403
2025-04-06 13:35:44,690 - INFO - Found 0 relations
2025-04-06 13:35:44,690 - INFO - No relations found for word ID 92403
2025-04-06 13:35:44,691 - INFO - Database connection closed
