2025-03-31 09:20:28,082 - INFO - Starting lookup for word: 'kaon'
2025-03-31 09:20:28,167 - INFO - pg_trgm extension installed: True
2025-03-31 09:20:28,167 - INFO - Executing exact match query for 'kaon'
2025-03-31 09:20:28,185 - INFO - Found 0 exact matches
2025-03-31 09:20:28,185 - INFO - No exact matches, trying fuzzy search for 'kaon'
2025-03-31 09:20:28,195 - INFO - Found 0 fuzzy matches
2025-03-31 09:20:28,196 - INFO - No fuzzy matches, falling back to ILIKE search
2025-03-31 09:20:28,196 - INFO - Trying ILIKE search for 'kaon'
2025-03-31 09:20:28,199 - INFO - ILIKE search found 0 matches
2025-03-31 09:20:28,200 - INFO - Diagnostic: checking if word exists in any form
2025-03-31 09:20:28,202 - INFO - Diagnostic result: Word 'kaon' exists (partial match): False
2025-03-31 09:20:28,203 - INFO - Diagnostic: verifying database schema
2025-03-31 09:20:28,235 - INFO - Diagnostic: words table has 18 columns
2025-03-31 09:20:28,236 - INFO -   Column: id, Type: integer
2025-03-31 09:20:28,237 - INFO -   Column: lemma, Type: character varying
2025-03-31 09:20:28,238 - INFO -   Column: normalized_lemma, Type: character varying
2025-03-31 09:20:28,239 - INFO -   Column: has_baybayin, Type: boolean
2025-03-31 09:20:28,240 - INFO -   Column: baybayin_form, Type: character varying
2025-03-31 09:20:28,240 - INFO -   Column: romanized_form, Type: character varying
2025-03-31 09:20:28,241 - INFO -   Column: language_code, Type: character varying
2025-03-31 09:20:28,242 - INFO -   Column: root_word_id, Type: integer
2025-03-31 09:20:28,243 - INFO -   Column: preferred_spelling, Type: character varying
2025-03-31 09:20:28,244 - INFO -   Column: tags, Type: text
2025-03-31 09:20:28,244 - INFO -   Column: idioms, Type: jsonb
2025-03-31 09:20:28,245 - INFO -   Column: pronunciation_data, Type: jsonb
2025-03-31 09:20:28,245 - INFO -   Column: source_info, Type: text
2025-03-31 09:20:28,246 - INFO -   Column: word_metadata, Type: jsonb
2025-03-31 09:20:28,246 - INFO -   Column: data_hash, Type: text
2025-03-31 09:20:28,247 - INFO -   Column: created_at, Type: timestamp with time zone
2025-03-31 09:20:28,247 - INFO -   Column: updated_at, Type: timestamp with time zone
2025-03-31 09:20:28,248 - INFO -   Column: search_text, Type: tsvector
2025-03-31 09:20:28,253 - INFO - Database connection closed
