2025-03-29 11:29:16,944 - INFO - Starting table creation/update process.
2025-03-29 11:29:17,162 - INFO - Tables created or updated successfully.
2025-03-29 11:29:17,166 - INFO - Processing Tagalog words from: ..\data\tagalog-words.json
2025-03-29 11:29:17,882 - INFO - Found 65336 entries to process
2025-03-29 11:29:19,305 - WARNING - Duplicate definition detected for word ID 646: áraw-...
2025-03-29 11:29:19,396 - WARNING - Skipping self-relationship for word ID 689
2025-03-29 11:29:19,539 - WARNING - Skipping self-relationship for word ID 766
2025-03-29 11:29:19,541 - WARNING - Skipping self-relationship for word ID 766
2025-03-29 11:29:20,836 - INFO - Processed 1000/65336 entries
2025-03-29 11:29:21,456 - WARNING - Duplicate definition detected for word ID 1437: batà...
2025-03-29 11:29:23,862 - WARNING - Skipping self-relationship for word ID 2281
2025-03-29 11:29:25,075 - INFO - Processed 2000/65336 entries
2025-03-29 11:29:29,409 - INFO - Processed 3000/65336 entries
2025-03-29 11:29:29,831 - WARNING - Duplicate definition detected for word ID 4141: baybay sa Tagalog ng Anglo-Americano....
2025-03-29 11:29:31,021 - WARNING - Duplicate definition detected for word ID 4561: pisngí....
2025-03-29 11:29:31,172 - WARNING - Skipping self-relationship for word ID 4618
2025-03-29 11:29:33,163 - WARNING - Skipping self-relationship for word ID 5334
2025-03-29 11:29:33,191 - INFO - Processed 4000/65336 entries
2025-03-29 11:29:33,337 - WARNING - Duplicate definition detected for word ID 5396: baybay sa Tagalog ng Artico....
2025-03-29 11:29:34,443 - WARNING - Duplicate definition detected for word ID 5855: áso....
2025-03-29 11:29:36,526 - INFO - Processed 5000/65336 entries
2025-03-29 11:29:36,711 - WARNING - Skipping self-relationship for word ID 6650
2025-03-29 11:29:38,131 - WARNING - Skipping self-relationship for word ID 7175
2025-03-29 11:29:38,141 - WARNING - Skipping self-relationship for word ID 7175
2025-03-29 11:29:38,150 - WARNING - Skipping self-relationship for word ID 7175
2025-03-29 11:29:38,157 - WARNING - Skipping self-relationship for word ID 7175
2025-03-29 11:29:38,191 - WARNING - Skipping self-relationship for word ID 7187
2025-03-29 11:29:38,204 - WARNING - Skipping self-relationship for word ID 7187
2025-03-29 11:29:39,004 - WARNING - Skipping self-relationship for word ID 7405
2025-03-29 11:29:39,799 - WARNING - Skipping self-relationship for word ID 7632
2025-03-29 11:29:41,585 - WARNING - Skipping self-relationship for word ID 8129
2025-03-29 11:29:41,590 - WARNING - Skipping self-relationship for word ID 8129
2025-03-29 11:29:41,593 - WARNING - Skipping self-relationship for word ID 8129
2025-03-29 11:29:41,599 - WARNING - Skipping self-relationship for word ID 8129
2025-03-29 11:29:42,028 - INFO - Processed 6000/65336 entries
2025-03-29 11:29:42,409 - WARNING - Skipping self-relationship for word ID 8353
2025-03-29 11:29:44,240 - WARNING - Skipping self-relationship for word ID 8808
2025-03-29 11:29:44,808 - WARNING - Skipping self-relationship for word ID 8915
2025-03-29 11:29:45,250 - WARNING - Skipping self-relationship for word ID 9032
2025-03-29 11:29:46,320 - WARNING - Skipping self-relationship for word ID 9299
2025-03-29 11:29:48,016 - WARNING - Skipping self-relationship for word ID 9648
2025-03-29 11:29:48,678 - INFO - Processed 7000/65336 entries
2025-03-29 11:29:48,867 - WARNING - Skipping self-relationship for word ID 9826
2025-03-29 11:29:49,841 - WARNING - Skipping self-relationship for word ID 8696
2025-03-29 11:29:49,886 - WARNING - Skipping self-relationship for word ID 10048
2025-03-29 11:29:51,892 - WARNING - Skipping self-relationship for word ID 10386
2025-03-29 11:29:51,894 - WARNING - Skipping self-relationship for word ID 10386
2025-03-29 11:29:51,895 - WARNING - Skipping self-relationship for word ID 10386
2025-03-29 11:29:51,897 - WARNING - Skipping self-relationship for word ID 10386
2025-03-29 11:29:51,901 - WARNING - Skipping self-relationship for word ID 10386
2025-03-29 11:29:51,903 - WARNING - Skipping self-relationship for word ID 10386
2025-03-29 11:29:51,906 - WARNING - Skipping self-relationship for word ID 10386
2025-03-29 11:29:51,908 - WARNING - Skipping self-relationship for word ID 10386
2025-03-29 11:29:51,912 - WARNING - Skipping self-relationship for word ID 10386
2025-03-29 11:29:53,549 - WARNING - Skipping self-relationship for word ID 10759
2025-03-29 11:29:55,495 - INFO - Processed 8000/65336 entries
2025-03-29 11:29:58,110 - WARNING - Skipping self-relationship for word ID 6827
2025-03-29 11:30:01,118 - WARNING - Skipping self-relationship for word ID 12039
2025-03-29 11:30:02,987 - WARNING - Skipping self-relationship for word ID 12339
2025-03-29 11:30:04,189 - WARNING - Skipping self-relationship for word ID 12513
2025-03-29 11:30:04,366 - INFO - Processed 9000/65336 entries
2025-03-29 11:30:05,369 - WARNING - Skipping self-relationship for word ID 12696
2025-03-29 11:30:05,651 - WARNING - Skipping self-relationship for word ID 12746
2025-03-29 11:30:07,645 - WARNING - Skipping self-relationship for word ID 10782
2025-03-29 11:30:09,625 - WARNING - Skipping self-relationship for word ID 13376
2025-03-29 11:30:10,909 - WARNING - Skipping self-relationship for word ID 13545
2025-03-29 11:30:13,904 - INFO - Processed 10000/65336 entries
2025-03-29 11:30:15,441 - WARNING - Duplicate definition detected for word ID 13963: dikyà....
2025-03-29 11:30:17,264 - WARNING - Skipping self-relationship for word ID 14637
2025-03-29 11:30:17,276 - WARNING - Skipping self-relationship for word ID 14637
2025-03-29 11:30:17,452 - WARNING - Skipping self-relationship for word ID 14706
2025-03-29 11:30:19,296 - INFO - Processed 11000/65336 entries
2025-03-29 11:30:23,219 - INFO - Processed 12000/65336 entries
2025-03-29 11:30:25,204 - WARNING - Duplicate definition detected for word ID 16951: bayaníhan....
2025-03-29 11:30:25,954 - WARNING - Skipping self-relationship for word ID 17239
2025-03-29 11:30:25,955 - WARNING - Skipping self-relationship for word ID 17239
2025-03-29 11:30:25,973 - WARNING - Duplicate definition detected for word ID 17239: dagsâ....
2025-03-29 11:30:26,347 - WARNING - Duplicate definition detected for word ID 17382: balakúbak....
2025-03-29 11:30:27,452 - WARNING - Skipping self-relationship for word ID 17790
2025-03-29 11:30:27,885 - INFO - Processed 13000/65336 entries
2025-03-29 11:30:29,207 - WARNING - Skipping self-relationship for word ID 18369
2025-03-29 11:30:29,861 - WARNING - Skipping self-relationship for word ID 18562
2025-03-29 11:30:29,865 - WARNING - Skipping self-relationship for word ID 18562
2025-03-29 11:30:32,818 - INFO - Processed 14000/65336 entries
2025-03-29 11:30:32,856 - WARNING - Duplicate definition detected for word ID 19316: dipá....
2025-03-29 11:30:35,136 - WARNING - Skipping self-relationship for word ID 19928
2025-03-29 11:30:35,202 - WARNING - Skipping self-relationship for word ID 19941
2025-03-29 11:30:38,466 - INFO - Processed 15000/65336 entries
2025-03-29 11:30:38,575 - WARNING - Duplicate definition detected for word ID 20647: [1] pababâ...
2025-03-29 11:30:38,576 - ERROR - Error inserting definition for word 'down': Word ID 20647 does not exist
2025-03-29 11:30:38,579 - ERROR - Error inserting definition for word 'down': Word ID 20647 does not exist
2025-03-29 11:30:40,432 - WARNING - Skipping self-relationship for word ID 21122
2025-03-29 11:30:41,801 - WARNING - Skipping self-relationship for word ID 21423
2025-03-29 11:30:42,228 - WARNING - Skipping self-relationship for word ID 21536
2025-03-29 11:30:43,138 - WARNING - Skipping self-relationship for word ID 21806
2025-03-29 11:30:43,669 - INFO - Processed 16000/65336 entries
2025-03-29 11:30:44,608 - WARNING - Skipping self-relationship for word ID 22205
2025-03-29 11:30:48,444 - INFO - Processed 17000/65336 entries
2025-03-29 11:30:52,651 - INFO - Processed 18000/65336 entries
2025-03-29 11:30:55,359 - WARNING - Skipping self-relationship for word ID 25016
2025-03-29 11:30:57,654 - INFO - Processed 19000/65336 entries
2025-03-29 11:30:58,382 - WARNING - Skipping self-relationship for word ID 25741
2025-03-29 11:30:58,385 - WARNING - Skipping self-relationship for word ID 25741
2025-03-29 11:30:58,405 - WARNING - Duplicate definition detected for word ID 25741: gansâ....
2025-03-29 11:30:58,947 - WARNING - Skipping self-relationship for word ID 25927
2025-03-29 11:30:59,005 - WARNING - Duplicate definition detected for word ID 25956: alupíhan...
2025-03-29 11:30:59,112 - WARNING - Skipping self-relationship for word ID 25991
2025-03-29 11:30:59,115 - WARNING - Skipping self-relationship for word ID 25991
2025-03-29 11:30:59,283 - WARNING - Skipping self-relationship for word ID 26061
2025-03-29 11:30:59,364 - WARNING - Duplicate definition detected for word ID 26083: katí...
2025-03-29 11:30:59,404 - WARNING - Skipping self-relationship for word ID 26099
2025-03-29 11:30:59,411 - WARNING - Skipping self-relationship for word ID 26099
2025-03-29 11:30:59,415 - WARNING - Skipping self-relationship for word ID 26099
2025-03-29 11:31:01,516 - WARNING - Skipping self-relationship for word ID 26773
2025-03-29 11:31:02,508 - INFO - Processed 20000/65336 entries
2025-03-29 11:31:08,022 - WARNING - Skipping self-relationship for word ID 27914
2025-03-29 11:31:09,883 - INFO - Processed 21000/65336 entries
2025-03-29 11:31:13,648 - WARNING - Skipping self-relationship for word ID 29220
2025-03-29 11:31:13,679 - WARNING - Skipping self-relationship for word ID 29220
2025-03-29 11:31:13,686 - WARNING - Skipping self-relationship for word ID 29220
2025-03-29 11:31:16,068 - WARNING - Duplicate definition detected for word ID 29786: tagák...
2025-03-29 11:31:16,332 - INFO - Processed 22000/65336 entries
2025-03-29 11:31:18,238 - WARNING - Duplicate definition detected for word ID 30507: tungháy...
2025-03-29 11:31:20,269 - WARNING - Duplicate definition detected for word ID 31237: úmis....
2025-03-29 11:31:20,635 - WARNING - Skipping self-relationship for word ID 31379
2025-03-29 11:31:21,052 - INFO - Processed 23000/65336 entries
2025-03-29 11:31:22,416 - WARNING - Skipping self-relationship for word ID 32093
2025-03-29 11:31:24,493 - WARNING - Skipping self-relationship for word ID 32814
2025-03-29 11:31:24,501 - WARNING - Skipping self-relationship for word ID 32814
2025-03-29 11:31:24,506 - WARNING - Skipping self-relationship for word ID 32814
2025-03-29 11:31:25,513 - INFO - Processed 24000/65336 entries
2025-03-29 11:31:25,824 - WARNING - Skipping self-relationship for word ID 33207
2025-03-29 11:31:27,394 - WARNING - Skipping self-relationship for word ID 33643
2025-03-29 11:31:28,709 - WARNING - Duplicate definition detected for word ID 33951: dalá....
2025-03-29 11:31:29,487 - WARNING - Skipping self-relationship for word ID 34273
2025-03-29 11:31:29,489 - WARNING - Skipping self-relationship for word ID 34273
2025-03-29 11:31:29,650 - WARNING - Skipping self-relationship for word ID 34332
2025-03-29 11:31:29,652 - WARNING - Skipping self-relationship for word ID 34332
2025-03-29 11:31:29,672 - WARNING - Duplicate definition detected for word ID 34341: lápulápu....
2025-03-29 11:31:29,702 - WARNING - Skipping self-relationship for word ID 34351
2025-03-29 11:31:29,704 - WARNING - Skipping self-relationship for word ID 34351
2025-03-29 11:31:29,767 - INFO - Processed 25000/65336 entries
2025-03-29 11:31:31,541 - WARNING - Duplicate definition detected for word ID 34968: [1] iláya...
2025-03-29 11:31:31,542 - ERROR - Error inserting definition for word 'iráya': Word ID 34968 does not exist
2025-03-29 11:31:33,483 - INFO - Processed 26000/65336 entries
2025-03-29 11:31:34,216 - WARNING - Skipping self-relationship for word ID 35974
2025-03-29 11:31:34,524 - WARNING - Duplicate definition detected for word ID 36079: liwayway....
2025-03-29 11:31:37,734 - WARNING - Duplicate definition detected for word ID 37179: dalandán....
2025-03-29 11:31:37,815 - INFO - Processed 27000/65336 entries
2025-03-29 11:31:38,329 - WARNING - Skipping self-relationship for word ID 37422
2025-03-29 11:31:38,930 - WARNING - Skipping self-relationship for word ID 37641
2025-03-29 11:31:43,183 - INFO - Processed 28000/65336 entries
2025-03-29 11:31:43,301 - WARNING - Duplicate definition detected for word ID 38885: kambíng...
2025-03-29 11:31:43,833 - WARNING - Duplicate definition detected for word ID 39276: paragos....
2025-03-29 11:31:44,138 - WARNING - Skipping self-relationship for word ID 39385
2025-03-29 11:31:44,499 - WARNING - Duplicate definition detected for word ID 39500: papáya....
2025-03-29 11:31:45,100 - WARNING - Skipping self-relationship for word ID 39749
2025-03-29 11:31:48,641 - INFO - Processed 29000/65336 entries
2025-03-29 11:31:50,701 - WARNING - Skipping self-relationship for word ID 41500
2025-03-29 11:31:50,734 - WARNING - Duplicate definition detected for word ID 40131: kariwasaan....
2025-03-29 11:31:51,296 - WARNING - Skipping self-relationship for word ID 41728
2025-03-29 11:31:51,386 - WARNING - Skipping self-relationship for word ID 41763
2025-03-29 11:31:53,108 - WARNING - Duplicate definition detected for word ID 42328: kidlát....
2025-03-29 11:31:53,609 - INFO - Processed 30000/65336 entries
2025-03-29 11:31:58,190 - INFO - Processed 31000/65336 entries
2025-03-29 11:32:00,646 - WARNING - Skipping self-relationship for word ID 44904
2025-03-29 11:32:02,433 - WARNING - Skipping self-relationship for word ID 45421
2025-03-29 11:32:02,911 - WARNING - Skipping self-relationship for word ID 45550
2025-03-29 11:32:03,256 - WARNING - Skipping self-relationship for word ID 45650
2025-03-29 11:32:03,362 - WARNING - Skipping self-relationship for word ID 45676
2025-03-29 11:32:03,434 - INFO - Processed 32000/65336 entries
2025-03-29 11:32:03,523 - WARNING - Skipping self-relationship for word ID 45720
2025-03-29 11:32:03,557 - WARNING - Skipping self-relationship for word ID 45731
2025-03-29 11:32:03,987 - WARNING - Skipping self-relationship for word ID 45837
2025-03-29 11:32:04,617 - WARNING - Skipping self-relationship for word ID 46001
2025-03-29 11:32:04,738 - WARNING - Skipping self-relationship for word ID 46027
2025-03-29 11:32:05,116 - WARNING - Skipping self-relationship for word ID 46137
2025-03-29 11:32:05,684 - WARNING - Skipping self-relationship for word ID 46286
2025-03-29 11:32:05,695 - WARNING - Skipping self-relationship for word ID 46286
2025-03-29 11:32:05,763 - WARNING - Skipping self-relationship for word ID 46299
2025-03-29 11:32:08,579 - WARNING - Duplicate definition detected for word ID 46976: lansá...
2025-03-29 11:32:08,931 - INFO - Processed 33000/65336 entries
2025-03-29 11:32:09,996 - WARNING - Duplicate definition detected for word ID 47508: síli...
2025-03-29 11:32:13,023 - INFO - Processed 34000/65336 entries
2025-03-29 11:32:15,952 - WARNING - Skipping self-relationship for word ID 49514
2025-03-29 11:32:17,408 - INFO - Processed 35000/65336 entries
2025-03-29 11:32:19,299 - WARNING - Skipping self-relationship for word ID 50472
2025-03-29 11:32:19,739 - WARNING - Skipping self-relationship for word ID 50577
2025-03-29 11:32:19,775 - WARNING - Skipping self-relationship for word ID 50577
2025-03-29 11:32:20,257 - WARNING - Skipping self-relationship for word ID 50696
2025-03-29 11:32:22,497 - WARNING - Skipping self-relationship for word ID 51317
2025-03-29 11:32:22,830 - INFO - Processed 36000/65336 entries
2025-03-29 11:32:23,931 - WARNING - Duplicate definition detected for word ID 51708: médyor....
2025-03-29 11:32:24,918 - WARNING - Skipping self-relationship for word ID 52067
2025-03-29 11:32:25,481 - WARNING - Skipping self-relationship for word ID 52274
2025-03-29 11:32:27,848 - INFO - Processed 37000/65336 entries
2025-03-29 11:32:30,678 - WARNING - Skipping self-relationship for word ID 53976
2025-03-29 11:32:32,982 - INFO - Processed 38000/65336 entries
2025-03-29 11:32:34,158 - WARNING - Skipping self-relationship for word ID 54893
2025-03-29 11:32:36,206 - WARNING - Skipping self-relationship for word ID 55399
2025-03-29 11:32:37,525 - INFO - Processed 39000/65336 entries
2025-03-29 11:32:37,931 - WARNING - Skipping self-relationship for word ID 55814
2025-03-29 11:32:42,608 - INFO - Processed 40000/65336 entries
2025-03-29 11:32:46,448 - WARNING - Duplicate definition detected for word ID 57750: sanlíng....
2025-03-29 11:32:47,353 - INFO - Processed 41000/65336 entries
2025-03-29 11:32:47,848 - WARNING - Duplicate definition detected for word ID 58186: [1] ipá...
2025-03-29 11:32:47,849 - ERROR - Error inserting definition for word 'ópa': Word ID 58186 does not exist
2025-03-29 11:32:47,851 - ERROR - Error inserting definition for word 'ópa': Word ID 58186 does not exist
2025-03-29 11:32:48,381 - WARNING - Skipping self-relationship for word ID 58332
2025-03-29 11:32:51,236 - WARNING - Duplicate definition detected for word ID 59338: barakilan....
2025-03-29 11:32:51,246 - INFO - Processed 42000/65336 entries
2025-03-29 11:32:55,615 - WARNING - Skipping self-relationship for word ID 60886
2025-03-29 11:32:55,713 - INFO - Processed 43000/65336 entries
2025-03-29 11:32:56,709 - WARNING - Skipping self-relationship for word ID 61232
2025-03-29 11:32:58,826 - WARNING - Skipping self-relationship for word ID 61814
2025-03-29 11:33:00,718 - INFO - Processed 44000/65336 entries
2025-03-29 11:33:06,410 - INFO - Processed 45000/65336 entries
2025-03-29 11:33:12,447 - INFO - Processed 46000/65336 entries
2025-03-29 11:33:17,668 - WARNING - Skipping self-relationship for word ID 66153
2025-03-29 11:33:19,553 - INFO - Processed 47000/65336 entries
2025-03-29 11:33:29,203 - INFO - Processed 48000/65336 entries
2025-03-29 11:33:31,317 - WARNING - Skipping self-relationship for word ID 68197
2025-03-29 11:33:34,805 - WARNING - Skipping self-relationship for word ID 68663
2025-03-29 11:33:34,818 - WARNING - Skipping self-relationship for word ID 68663
2025-03-29 11:33:37,567 - INFO - Processed 49000/65336 entries
2025-03-29 11:33:45,002 - WARNING - Skipping self-relationship for word ID 69946
2025-03-29 11:33:48,704 - INFO - Processed 50000/65336 entries
2025-03-29 11:33:52,137 - WARNING - Duplicate definition detected for word ID 70789: túnay....
2025-03-29 11:33:52,450 - WARNING - Duplicate definition detected for word ID 70885: pinsalà....
2025-03-29 11:33:54,751 - INFO - Processed 51000/65336 entries
2025-03-29 11:33:56,975 - WARNING - Duplicate definition detected for word ID 71927: ruwína....
2025-03-29 11:33:57,084 - WARNING - Skipping self-relationship for word ID 72021
2025-03-29 11:33:57,211 - WARNING - Skipping self-relationship for word ID 72067
2025-03-29 11:33:57,478 - WARNING - Skipping self-relationship for word ID 72167
2025-03-29 11:33:57,558 - WARNING - Skipping self-relationship for word ID 72194
2025-03-29 11:33:59,424 - WARNING - Skipping self-relationship for word ID 72800
2025-03-29 11:33:59,430 - WARNING - Skipping self-relationship for word ID 72800
2025-03-29 11:33:59,437 - WARNING - Skipping self-relationship for word ID 72800
2025-03-29 11:33:59,476 - INFO - Processed 52000/65336 entries
2025-03-29 11:33:59,562 - WARNING - Skipping self-relationship for word ID 72824
2025-03-29 11:33:59,563 - WARNING - Skipping self-relationship for word ID 72824
2025-03-29 11:34:04,928 - WARNING - Duplicate definition detected for word ID 73159: salálay...
2025-03-29 11:34:05,141 - INFO - Processed 53000/65336 entries
2025-03-29 11:34:06,654 - WARNING - Skipping self-relationship for word ID 74940
2025-03-29 11:34:09,143 - INFO - Processed 54000/65336 entries
2025-03-29 11:34:11,583 - WARNING - Skipping self-relationship for word ID 76349
2025-03-29 11:34:11,858 - WARNING - Skipping self-relationship for word ID 76429
2025-03-29 11:34:14,514 - INFO - Processed 55000/65336 entries
2025-03-29 11:34:14,577 - WARNING - Duplicate definition detected for word ID 77100: payak...
2025-03-29 11:34:17,876 - WARNING - Duplicate definition detected for word ID 78228: bíngot...
2025-03-29 11:34:18,322 - WARNING - Skipping self-relationship for word ID 78408
2025-03-29 11:34:18,410 - INFO - Processed 56000/65336 entries
2025-03-29 11:34:20,104 - WARNING - Skipping self-relationship for word ID 79059
2025-03-29 11:34:20,238 - WARNING - Skipping self-relationship for word ID 79106
2025-03-29 11:34:20,663 - WARNING - Duplicate definition detected for word ID 79234: [1] tukod na ikinakatang o isinasandig para tumata...
2025-03-29 11:34:20,666 - WARNING - Cannot create relation: From word does not exist
2025-03-29 11:34:20,667 - WARNING - Cannot create relation: From word does not exist
2025-03-29 11:34:20,668 - WARNING - Cannot create relation: From word does not exist
2025-03-29 11:34:20,670 - WARNING - Cannot create relation: From word does not exist
2025-03-29 11:34:20,673 - WARNING - Cannot create relation: From word does not exist
2025-03-29 11:34:20,674 - ERROR - Error inserting definition for word 'súhay': Word ID 79234 does not exist
2025-03-29 11:34:20,795 - WARNING - Skipping self-relationship for word ID 79280
2025-03-29 11:34:21,750 - WARNING - Skipping self-relationship for word ID 79644
2025-03-29 11:34:21,904 - INFO - Processed 57000/65336 entries
2025-03-29 11:34:22,294 - WARNING - Duplicate definition detected for word ID 79821: iták....
2025-03-29 11:34:23,008 - WARNING - Skipping self-relationship for word ID 80096
2025-03-29 11:34:23,781 - WARNING - Duplicate definition detected for word ID 80392: suhà....
2025-03-29 11:34:24,390 - WARNING - Skipping self-relationship for word ID 80622
2025-03-29 11:34:25,506 - WARNING - Skipping self-relationship for word ID 81018
2025-03-29 11:34:26,027 - INFO - Processed 58000/65336 entries
2025-03-29 11:34:26,828 - WARNING - Duplicate definition detected for word ID 80676: tadyáng....
2025-03-29 11:34:28,943 - WARNING - Duplicate definition detected for word ID 81671: taláhib....
2025-03-29 11:34:31,159 - INFO - Processed 59000/65336 entries
2025-03-29 11:34:31,580 - WARNING - Duplicate definition detected for word ID 82865: tangherína....
2025-03-29 11:34:31,854 - WARNING - Duplicate definition detected for word ID 82955: tanigì....
2025-03-29 11:34:33,025 - WARNING - Duplicate definition detected for word ID 83362: galapóng....
2025-03-29 11:34:33,269 - WARNING - Skipping self-relationship for word ID 83446
2025-03-29 11:34:33,679 - WARNING - Skipping self-relationship for word ID 83569
2025-03-29 11:34:35,854 - INFO - Processed 60000/65336 entries
2025-03-29 11:34:36,443 - WARNING - Skipping self-relationship for word ID 84398
2025-03-29 11:34:39,396 - WARNING - Skipping self-relationship for word ID 85204
2025-03-29 11:34:41,052 - INFO - Processed 61000/65336 entries
2025-03-29 11:34:44,046 - WARNING - Skipping self-relationship for word ID 86320
2025-03-29 11:34:44,878 - WARNING - Skipping self-relationship for word ID 86483
2025-03-29 11:34:46,604 - INFO - Processed 62000/65336 entries
2025-03-29 11:34:47,099 - WARNING - Skipping self-relationship for word ID 86970
2025-03-29 11:34:49,498 - WARNING - Skipping self-relationship for word ID 87420
2025-03-29 11:34:49,508 - WARNING - Skipping self-relationship for word ID 87420
2025-03-29 11:34:49,992 - WARNING - Duplicate definition detected for word ID 87514: kánan–...
2025-03-29 11:34:50,532 - WARNING - Skipping self-relationship for word ID 87662
2025-03-29 11:34:50,694 - WARNING - Skipping self-relationship for word ID 87729
2025-03-29 11:34:50,893 - WARNING - Skipping self-relationship for word ID 87793
2025-03-29 11:34:51,546 - WARNING - Skipping self-relationship for word ID 87974
2025-03-29 11:34:51,560 - WARNING - Skipping self-relationship for word ID 87974
2025-03-29 11:34:51,991 - WARNING - Skipping self-relationship for word ID 88095
2025-03-29 11:34:53,302 - INFO - Processed 63000/65336 entries
2025-03-29 11:34:53,669 - WARNING - Skipping self-relationship for word ID 88572
2025-03-29 11:34:54,854 - WARNING - Duplicate definition detected for word ID 88840: útak...
2025-03-29 11:34:57,503 - WARNING - Skipping self-relationship for word ID 89737
2025-03-29 11:34:57,666 - INFO - Processed 64000/65336 entries
2025-03-29 11:35:03,021 - INFO - Processed 65000/65336 entries
2025-03-29 11:35:03,379 - WARNING - Skipping self-relationship for word ID 91166
2025-03-29 11:35:03,384 - WARNING - Skipping self-relationship for word ID 91167
2025-03-29 11:35:04,319 - WARNING - Duplicate definition detected for word ID 91392: ngípin....
2025-03-29 11:35:04,393 - WARNING - Skipping self-relationship for word ID 91410
2025-03-29 11:35:04,698 - WARNING - Duplicate definition detected for word ID 91528: úngol...
2025-03-29 11:35:04,847 - INFO - Tagalog words processing complete:
2025-03-29 11:35:04,847 - INFO -   Total entries: 65336
2025-03-29 11:35:04,848 - INFO -   Processed: 65336
2025-03-29 11:35:04,848 - INFO -   Skipped: 0
2025-03-29 11:35:04,848 - INFO -   Errors: 0
2025-03-29 11:35:04,848 - INFO -   Definitions added: 92679
2025-03-29 11:35:04,849 - INFO -   Synonyms added: 41175
2025-03-29 11:35:04,849 - INFO -   References added: 5288
2025-03-29 11:35:04,849 - INFO -   Variants added: 2017
2025-03-29 11:35:04,849 - INFO -   Relations added: 0
2025-03-29 11:35:04,849 - INFO -   Etymologies processed: 57361
2025-03-29 11:35:05,141 - WARNING - Skipping self-relationship for word ID 91577
2025-03-29 11:35:05,152 - WARNING - Skipping self-relationship for word ID 91582
2025-03-29 11:35:05,161 - WARNING - Skipping self-relationship for word ID 91591
2025-03-29 11:35:05,218 - WARNING - Skipping self-relationship for word ID 91613
2025-03-29 11:35:05,261 - WARNING - Skipping self-relationship for word ID 91626
2025-03-29 11:35:05,278 - WARNING - Skipping self-relationship for word ID 91631
2025-03-29 11:35:05,330 - WARNING - Skipping self-relationship for word ID 91648
2025-03-29 11:35:05,382 - WARNING - Skipping self-relationship for word ID 91666
2025-03-29 11:35:05,411 - WARNING - Skipping self-relationship for word ID 91676
2025-03-29 11:35:05,488 - WARNING - Skipping self-relationship for word ID 91705
2025-03-29 11:35:05,547 - WARNING - Skipping self-relationship for word ID 91728
2025-03-29 11:35:05,633 - WARNING - Skipping self-relationship for word ID 91764
2025-03-29 11:35:05,634 - WARNING - Skipping self-relationship for word ID 91764
2025-03-29 11:35:05,650 - WARNING - Skipping self-relationship for word ID 91771
2025-03-29 11:35:05,673 - WARNING - Skipping self-relationship for word ID 91778
2025-03-29 11:35:05,754 - WARNING - Skipping self-relationship for word ID 91809
2025-03-29 11:35:05,846 - WARNING - Skipping self-relationship for word ID 91844
2025-03-29 11:35:05,863 - WARNING - Skipping self-relationship for word ID 91848
2025-03-29 11:35:05,940 - WARNING - Skipping self-relationship for word ID 91874
2025-03-29 11:35:05,981 - WARNING - Skipping self-relationship for word ID 91886
2025-03-29 11:35:06,078 - WARNING - Skipping self-relationship for word ID 91921
2025-03-29 11:35:06,152 - WARNING - Skipping self-relationship for word ID 91951
2025-03-29 11:35:06,182 - WARNING - Skipping self-relationship for word ID 91961
2025-03-29 11:35:06,275 - WARNING - Skipping self-relationship for word ID 91990
2025-03-29 11:35:06,350 - WARNING - Skipping self-relationship for word ID 92016
2025-03-29 11:35:06,471 - WARNING - Skipping self-relationship for word ID 92056
2025-03-29 11:35:06,678 - WARNING - Skipping self-relationship for word ID 92135
2025-03-29 11:35:06,696 - WARNING - Skipping self-relationship for word ID 92142
2025-03-29 11:35:06,713 - WARNING - Skipping self-relationship for word ID 92147
2025-03-29 11:35:06,781 - WARNING - Skipping self-relationship for word ID 92166
2025-03-29 11:35:06,876 - WARNING - Skipping self-relationship for word ID 92197
2025-03-29 11:35:06,912 - WARNING - Skipping self-relationship for word ID 92209
2025-03-29 11:35:07,179 - WARNING - Skipping self-relationship for word ID 92308
2025-03-29 11:35:07,253 - WARNING - Skipping self-relationship for word ID 92335
2025-03-29 11:35:07,399 - WARNING - Skipping self-relationship for word ID 92379
2025-03-29 11:35:07,490 - WARNING - Skipping self-relationship for word ID 92403
2025-03-29 11:35:07,527 - WARNING - Skipping self-relationship for word ID 92409
2025-03-29 11:35:07,866 - WARNING - Skipping self-relationship for word ID 92512
2025-03-29 11:35:07,940 - WARNING - Skipping self-relationship for word ID 92537
2025-03-29 11:35:08,053 - WARNING - Skipping self-relationship for word ID 92576
2025-03-29 11:35:08,062 - WARNING - Skipping self-relationship for word ID 92580
2025-03-29 11:35:08,224 - WARNING - Skipping self-relationship for word ID 92633
2025-03-29 11:35:08,251 - WARNING - Skipping self-relationship for word ID 92641
2025-03-29 11:35:08,372 - WARNING - Skipping self-relationship for word ID 92678
2025-03-29 11:35:08,466 - WARNING - Skipping self-relationship for word ID 92712
2025-03-29 11:35:08,541 - WARNING - Skipping self-relationship for word ID 92734
2025-03-29 11:35:08,633 - WARNING - Skipping self-relationship for word ID 92769
2025-03-29 11:35:08,635 - WARNING - Skipping self-relationship for word ID 92769
2025-03-29 11:35:08,827 - WARNING - Skipping self-relationship for word ID 92831
2025-03-29 11:35:08,948 - WARNING - Skipping self-relationship for word ID 92867
2025-03-29 11:35:09,017 - WARNING - Skipping self-relationship for word ID 92889
2025-03-29 11:35:09,137 - WARNING - Skipping self-relationship for word ID 92925
2025-03-29 11:35:09,252 - WARNING - Skipping self-relationship for word ID 92958
2025-03-29 11:35:09,328 - WARNING - Skipping self-relationship for word ID 92982
2025-03-29 11:35:09,402 - WARNING - Skipping self-relationship for word ID 93004
2025-03-29 11:35:09,428 - WARNING - Skipping self-relationship for word ID 93011
2025-03-29 11:35:09,514 - WARNING - Skipping self-relationship for word ID 93038
2025-03-29 11:35:09,579 - WARNING - Skipping self-relationship for word ID 93058
2025-03-29 11:35:09,751 - WARNING - Skipping self-relationship for word ID 93110
2025-03-29 11:35:09,752 - WARNING - Skipping self-relationship for word ID 93110
2025-03-29 11:35:09,805 - WARNING - Skipping self-relationship for word ID 93130
2025-03-29 11:35:09,905 - WARNING - Skipping self-relationship for word ID 93158
2025-03-29 11:35:10,000 - WARNING - Skipping self-relationship for word ID 93184
2025-03-29 11:35:10,102 - WARNING - Skipping self-relationship for word ID 93212
2025-03-29 11:35:10,162 - WARNING - Skipping self-relationship for word ID 93235
2025-03-29 11:35:10,213 - WARNING - Skipping self-relationship for word ID 93251
2025-03-29 11:35:10,249 - INFO - Processed 100/2238 root word entries
2025-03-29 11:35:10,257 - WARNING - Skipping self-relationship for word ID 93263
2025-03-29 11:35:10,354 - WARNING - Skipping self-relationship for word ID 93292
2025-03-29 11:35:10,444 - WARNING - Skipping self-relationship for word ID 93317
2025-03-29 11:35:10,531 - WARNING - Skipping self-relationship for word ID 93347
2025-03-29 11:35:10,634 - WARNING - Skipping self-relationship for word ID 93375
2025-03-29 11:35:10,727 - WARNING - Skipping self-relationship for word ID 93400
2025-03-29 11:35:10,843 - WARNING - Skipping self-relationship for word ID 93437
2025-03-29 11:35:10,888 - WARNING - Skipping self-relationship for word ID 93453
2025-03-29 11:35:11,019 - WARNING - Skipping self-relationship for word ID 93498
2025-03-29 11:35:11,082 - WARNING - Skipping self-relationship for word ID 93519
2025-03-29 11:35:11,176 - WARNING - Skipping self-relationship for word ID 93538
2025-03-29 11:35:11,209 - WARNING - Skipping self-relationship for word ID 93544
2025-03-29 11:35:11,282 - WARNING - Skipping self-relationship for word ID 93568
2025-03-29 11:35:11,332 - WARNING - Skipping self-relationship for word ID 93585
2025-03-29 11:35:11,391 - WARNING - Skipping self-relationship for word ID 93597
2025-03-29 11:35:11,470 - WARNING - Skipping self-relationship for word ID 93618
2025-03-29 11:35:11,493 - WARNING - Skipping self-relationship for word ID 93630
2025-03-29 11:35:11,530 - WARNING - Skipping self-relationship for word ID 93642
2025-03-29 11:35:11,611 - WARNING - Skipping self-relationship for word ID 93668
2025-03-29 11:35:11,907 - WARNING - Skipping self-relationship for word ID 93754
2025-03-29 11:35:11,962 - WARNING - Skipping self-relationship for word ID 93774
2025-03-29 11:35:12,002 - WARNING - Skipping self-relationship for word ID 93781
2025-03-29 11:35:12,317 - WARNING - Skipping self-relationship for word ID 93886
2025-03-29 11:35:12,363 - WARNING - Skipping self-relationship for word ID 93897
