2025-03-31 09:02:00,285 - INFO - Starting lookup for word: 'comida'
2025-03-31 09:02:00,343 - INFO - pg_trgm extension installed: True
2025-03-31 09:02:00,344 - INFO - Executing exact match query for 'comida'
2025-03-31 09:02:00,581 - INFO - Found 0 exact matches
2025-03-31 09:02:00,581 - INFO - No exact matches, trying fuzzy search for 'comida'
2025-03-31 09:02:00,790 - INFO - Found 5 fuzzy matches
2025-03-31 09:02:00,791 - INFO - Fuzzy matches: ['Comia', 'komida', 'Comiso', 'Pomida', 'Coming']
2025-03-31 09:02:00,795 - INFO - Processing result 1/5
2025-03-31 09:02:00,796 - INFO - Word ID: 157372
2025-03-31 09:02:00,796 - INFO - Lemma: Comia
2025-03-31 09:02:00,796 - INFO - Language code: tl
2025-03-31 09:02:00,800 - INFO - Querying pronunciations for word_id 157372
2025-03-31 09:02:00,802 - INFO - Found 3 pronunciations
2025-03-31 09:02:00,806 - INFO - Querying etymologies for word_id 157372
2025-03-31 09:02:00,811 - INFO - Found 0 etymologies
2025-03-31 09:02:00,812 - INFO - Querying definitions for word_id 157372
2025-03-31 09:02:00,819 - INFO - Found 1 definitions
2025-03-31 09:02:00,821 - INFO - Processing definition 1/1
2025-03-31 09:02:00,823 - INFO - Querying relations for word_id 157372
2025-03-31 09:02:00,830 - INFO - Found 1 relations
2025-03-31 09:02:00,833 - INFO - Processing result 2/5
2025-03-31 09:02:00,834 - INFO - Word ID: 143083
2025-03-31 09:02:00,834 - INFO - Lemma: komida
2025-03-31 09:02:00,834 - INFO - Language code: tl
2025-03-31 09:02:00,836 - INFO - Querying pronunciations for word_id 143083
2025-03-31 09:02:00,837 - INFO - Found 0 pronunciations
2025-03-31 09:02:00,838 - INFO - Querying etymologies for word_id 143083
2025-03-31 09:02:00,838 - INFO - Found 0 etymologies
2025-03-31 09:02:00,838 - INFO - Querying definitions for word_id 143083
2025-03-31 09:02:00,840 - INFO - Found 0 definitions
2025-03-31 09:02:00,840 - INFO - Querying relations for word_id 143083
2025-03-31 09:02:00,841 - INFO - Found 2 relations
2025-03-31 09:02:00,845 - INFO - Processing result 3/5
2025-03-31 09:02:00,846 - INFO - Word ID: 226912
2025-03-31 09:02:00,846 - INFO - Lemma: Comiso
2025-03-31 09:02:00,846 - INFO - Language code: ceb
2025-03-31 09:02:00,849 - INFO - Querying pronunciations for word_id 226912
2025-03-31 09:02:00,850 - INFO - Found 0 pronunciations
2025-03-31 09:02:00,850 - INFO - Querying etymologies for word_id 226912
2025-03-31 09:02:00,851 - INFO - Found 0 etymologies
2025-03-31 09:02:00,851 - INFO - Querying definitions for word_id 226912
2025-03-31 09:02:00,852 - INFO - Found 1 definitions
2025-03-31 09:02:00,853 - INFO - Processing definition 1/1
2025-03-31 09:02:00,855 - INFO - Querying relations for word_id 226912
2025-03-31 09:02:00,856 - INFO - Found 0 relations
2025-03-31 09:02:00,857 - INFO - No relations found for word ID 226912
2025-03-31 09:02:00,858 - INFO - Processing result 4/5
2025-03-31 09:02:00,858 - INFO - Word ID: 228598
2025-03-31 09:02:00,858 - INFO - Lemma: Pomida
2025-03-31 09:02:00,859 - INFO - Language code: ceb
2025-03-31 09:02:00,861 - INFO - Querying pronunciations for word_id 228598
2025-03-31 09:02:00,862 - INFO - Found 0 pronunciations
2025-03-31 09:02:00,862 - INFO - Querying etymologies for word_id 228598
2025-03-31 09:02:00,863 - INFO - Found 0 etymologies
2025-03-31 09:02:00,864 - INFO - Querying definitions for word_id 228598
2025-03-31 09:02:00,865 - INFO - Found 1 definitions
2025-03-31 09:02:00,866 - INFO - Processing definition 1/1
2025-03-31 09:02:00,869 - INFO - Querying relations for word_id 228598
2025-03-31 09:02:00,870 - INFO - Found 0 relations
2025-03-31 09:02:00,871 - INFO - No relations found for word ID 228598
2025-03-31 09:02:00,873 - INFO - Processing result 5/5
2025-03-31 09:02:00,873 - INFO - Word ID: 232428
2025-03-31 09:02:00,873 - INFO - Lemma: Coming
2025-03-31 09:02:00,873 - INFO - Language code: ceb
2025-03-31 09:02:00,876 - INFO - Querying pronunciations for word_id 232428
2025-03-31 09:02:00,877 - INFO - Found 0 pronunciations
2025-03-31 09:02:00,877 - INFO - Querying etymologies for word_id 232428
2025-03-31 09:02:00,878 - INFO - Found 0 etymologies
2025-03-31 09:02:00,878 - INFO - Querying definitions for word_id 232428
2025-03-31 09:02:00,879 - INFO - Found 1 definitions
2025-03-31 09:02:00,881 - INFO - Processing definition 1/1
2025-03-31 09:02:00,883 - INFO - Querying relations for word_id 232428
2025-03-31 09:02:00,884 - INFO - Found 0 relations
2025-03-31 09:02:00,884 - INFO - No relations found for word ID 232428
2025-03-31 09:02:00,885 - INFO - Database connection closed
