2025-04-04 22:32:38,997 - INFO - Starting table creation/update process.
2025-04-04 22:32:39,364 - INFO - Tables created or updated successfully.
2025-04-04 22:32:39,368 - INFO - Starting processing for Kaikki.org (Tagalog) from ..\data\kaikki.jsonl
2025-04-04 22:32:39,369 - INFO - Processing Kaikki dictionary: ..\data\kaikki.jsonl with source ID: 'kaikki.org (Tagalog)'
2025-04-04 22:32:39,456 - INFO - Found 27964 entries to process in ..\data\kaikki.jsonl
2025-04-04 22:32:39,457 - INFO - Initialized BaybayinRomanizer for script romanization
2025-04-04 22:32:40,226 - WARNING - Invalid or problematic Baybayin form found for 'Saudi Arabia': 'ᜐᜏ᜔ᜇᜒ ᜀᜇᜊ᜔ᜌ'. Ignoring Baybayin for this entry.
2025-04-04 22:32:40,260 - WARNING - Invalid or problematic Baybayin form found for 'San Marino': 'ᜐᜈ᜔ ᜋᜇᜒᜈᜓ'. Ignoring Baybayin for this entry.
2025-04-04 22:32:40,829 - WARNING - Invalid or problematic Baybayin form found for 'AP': 'ᜁᜌ᜔ ᜉᜒ'. Ignoring Baybayin for this entry.
2025-04-04 22:32:41,291 - WARNING - Invalid or problematic Baybayin form found for 'Hong Kong': 'ᜑᜓᜅ᜔ ᜃᜓᜅ᜔'. Ignoring Baybayin for this entry.
2025-04-04 22:32:43,169 - WARNING - Invalid or problematic Baybayin form found for 'Quezon City': 'ᜃᜒᜐᜓᜈ᜔ ᜐᜒᜆᜒ'. Ignoring Baybayin for this entry.
2025-04-04 22:32:43,187 - WARNING - Invalid or problematic Baybayin form found for 'La Paz': 'ᜎ ᜉᜐ᜔'. Ignoring Baybayin for this entry.
2025-04-04 22:32:43,251 - WARNING - Invalid or problematic Baybayin form found for 'San Francisco': 'ᜐᜈ᜔ ᜉ᜔ᜇᜈ᜔ᜐᜒᜐ᜔ᜃᜓ'. Ignoring Baybayin for this entry.
2025-04-04 22:32:43,707 - WARNING - Invalid or problematic Baybayin form found for 'El Niño': 'ᜁᜎ᜔ ᜈᜒᜈ᜔ᜌᜓ'. Ignoring Baybayin for this entry.
2025-04-04 22:32:43,928 - WARNING - Invalid or problematic Baybayin form found for 'ping pong': 'ᜉᜒᜅ᜔ ᜉᜓᜅ᜔'. Ignoring Baybayin for this entry.
2025-04-04 22:32:43,976 - WARNING - Invalid or problematic Baybayin form found for 'Semana Santa': 'ᜐᜒᜋᜈ ᜐᜈ᜔ᜆ'. Ignoring Baybayin for this entry.
2025-04-04 22:32:44,778 - WARNING - Invalid or problematic Baybayin form found for 'ng': 'ᜁᜈ᜔ ᜇ᜔ᜌᜒ'. Ignoring Baybayin for this entry.
2025-04-04 22:32:45,163 - WARNING - Vowel mark not following a consonant at position 0
2025-04-04 22:32:47,529 - WARNING - Vowel mark not following a consonant at position 0
2025-04-04 22:32:47,540 - WARNING - Vowel mark not following a consonant at position 0
2025-04-04 22:32:47,544 - WARNING - Vowel mark not following a consonant at position 0
2025-04-04 22:32:47,618 - WARNING - Invalid or problematic Baybayin form found for 'kung fu': 'ᜃᜓᜅ᜔ ᜉᜓ'. Ignoring Baybayin for this entry.
2025-04-04 22:32:48,958 - WARNING - Invalid or problematic Baybayin form found for 'Estados Unidos': 'ᜁᜐ᜔ᜆᜇᜓᜐ᜔ ᜂᜈᜒᜇᜓᜐ᜔'. Ignoring Baybayin for this entry.
2025-04-04 22:32:50,841 - WARNING - Vowel mark not following a consonant at position 0
2025-04-04 22:32:51,563 - WARNING - Vowel mark not following a consonant at position 0
2025-04-04 22:32:51,570 - WARNING - Vowel mark not following a consonant at position 0
2025-04-04 22:32:52,932 - WARNING - Error closing connection: set_session cannot be used inside a transaction
