2025-03-29 22:12:24,660 - INFO - Looking up word: Namespace(command='lookup', word='araw', debug=False, format='rich')
2025-03-29 22:12:24,660 - INFO - Word argument value: 'araw'
2025-03-29 22:12:24,696 - INFO - Normalized word: araw
2025-03-29 22:12:24,706 - INFO - Database connection test successful
2025-03-29 22:12:24,742 - INFO - Word data fetched: True
2025-03-29 22:12:24,743 - INFO - Beginning to unpack word data
2025-03-29 22:12:24,743 - INFO - Successfully unpacked word data
2025-03-29 22:12:24,744 - INFO - word_id: 114227, lemma: araw, language_code: tl
2025-03-29 22:12:24,744 - INFO - has_baybayin: False, baybayin_form: None, romanized_form: None
2025-03-29 22:12:24,745 - INFO - preferred_spelling: None, root_word_id: None
2025-03-29 22:12:24,745 - INFO - def_sources type: <class 'list'>, ety_sources type: <class 'list'>
2025-03-29 22:12:24,745 - INFO - tags type: <class 'NoneType'>, source_info type: <class 'dict'>
2025-03-29 22:12:24,746 - INFO - Building basic information tree
2025-03-29 22:12:24,746 - INFO - Adding preferred spelling if available
2025-03-29 22:12:24,746 - INFO - Adding Baybayin form if available
2025-03-29 22:12:24,747 - INFO - Adding root word if available
2025-03-29 22:12:24,747 - INFO - Gathering sources - starting
2025-03-29 22:12:24,747 - INFO - Processing tags
2025-03-29 22:12:24,748 - INFO - Processing source_info
2025-03-29 22:12:24,748 - INFO - Processing def_sources
2025-03-29 22:12:24,748 - INFO - def_sources content: ['kaikki']
2025-03-29 22:12:24,749 - INFO - Processing def_source: kaikki, type: <class 'str'>
2025-03-29 22:12:24,749 - INFO - Processing ety_sources
2025-03-29 22:12:24,750 - INFO - ety_sources content: ['kaikki']
2025-03-29 22:12:24,750 - INFO - Processing ety_source: kaikki, type: <class 'str'>
