2025-04-05 20:31:42,923 - INFO - Starting lookup for word: 'harot'
2025-04-05 20:31:42,979 - INFO - pg_trgm extension installed: True
2025-04-05 20:31:42,980 - INFO - Executing exact match query for 'harot'
2025-04-05 20:31:43,993 - INFO - Found 1 exact matches
2025-04-05 20:31:43,993 - INFO - Processing result 1/1
2025-04-05 20:31:43,994 - INFO - Word ID: 38587
2025-04-05 20:31:43,994 - INFO - Lemma: harot
2025-04-05 20:31:43,994 - INFO - Language code: tl
2025-04-05 20:31:44,001 - INFO - Querying pronunciations for word_id 38587
2025-04-05 20:31:44,003 - INFO - Found 4 pronunciations
2025-04-05 20:31:44,007 - WARNING - Error parsing pronunciation sources: Expecting value: line 1 column 1 (char 0)
2025-04-05 20:31:44,009 - WARNING - Error parsing pronunciation sources: Expecting value: line 1 column 1 (char 0)
2025-04-05 20:31:44,011 - WARNING - Error parsing pronunciation sources: Expecting value: line 1 column 1 (char 0)
2025-04-05 20:31:44,013 - WARNING - Error parsing pronunciation sources: Expecting value: line 1 column 1 (char 0)
2025-04-05 20:31:44,013 - INFO - Querying etymologies for word_id 38587
2025-04-05 20:31:44,020 - INFO - Found 0 etymologies
2025-04-05 20:31:44,020 - INFO - Querying definitions for word_id 38587
2025-04-05 20:31:44,033 - INFO - Found 10 definitions
2025-04-05 20:31:44,035 - INFO - Processing definition 1/10
2025-04-05 20:31:44,036 - INFO - Processing definition 2/10
2025-04-05 20:31:44,037 - INFO - Processing definition 3/10
2025-04-05 20:31:44,038 - INFO - Processing definition 4/10
2025-04-05 20:31:44,042 - INFO - Processing definition 5/10
2025-04-05 20:31:44,043 - INFO - Processing definition 6/10
2025-04-05 20:31:44,044 - INFO - Processing definition 7/10
2025-04-05 20:31:44,045 - INFO - Processing definition 8/10
2025-04-05 20:31:44,046 - INFO - Processing definition 9/10
2025-04-05 20:31:44,047 - INFO - Processing definition 10/10
2025-04-05 20:31:44,049 - INFO - Querying relations for word_id 38587
2025-04-05 20:31:44,068 - INFO - Found 27 relations
2025-04-05 20:31:44,088 - INFO - Database connection closed
