2025-04-15 11:39:07,514 - INFO - Starting table creation/update process.
2025-04-15 11:39:08,088 - INFO - Tables created or updated successfully.
2025-04-15 11:39:08,094 - INFO - Starting processing for Tagalog Words from ..\data\tagalog-words.json
2025-04-15 11:39:08,094 - INFO - Processing Tagalog words file: ..\data\tagalog-words.json using provided cursor.
2025-04-15 11:39:08,094 - INFO - Using standardized source identifier: 'diksiyonaryo.ph'
2025-04-15 11:39:08,161 - WARNING - Schema Check: Table 'definition_relations' missing required columns: related_word_id. Some features might not work.
2025-04-15 11:39:08,288 - INFO - Loading ..\data\tagalog-words.json using iterative parser ijson...
2025-04-15 11:39:08,302 - INFO - Iterating through entries in ..\data\tagalog-words.json...
2025-04-15 11:39:09,153 - INFO - Processed ~1000 entries...
2025-04-15 11:39:10,149 - INFO - Processed ~2000 entries...
2025-04-15 11:39:11,078 - INFO - Processed ~3000 entries...
2025-04-15 11:39:11,847 - INFO - Processed ~4000 entries...
2025-04-15 11:39:12,639 - INFO - Processed ~5000 entries...
2025-04-15 11:39:13,554 - INFO - Processed ~6000 entries...
2025-04-15 11:39:14,412 - INFO - Processed ~7000 entries...
2025-04-15 11:39:15,142 - INFO - Processed ~8000 entries...
2025-04-15 11:39:16,049 - INFO - Processed ~9000 entries...
2025-04-15 11:39:17,084 - INFO - Processed ~10000 entries...
2025-04-15 11:39:18,186 - INFO - Processed ~11000 entries...
2025-04-15 11:39:18,381 - WARNING - Error closing connection: set_session cannot be used inside a transaction
