2025-04-06 13:34:30,142 - INFO - Starting lookup for word: 'kasal'
2025-04-06 13:34:30,189 - INFO - pg_trgm extension installed: True
2025-04-06 13:34:30,190 - INFO - Executing exact match query for 'kasal'
2025-04-06 13:34:30,563 - INFO - Found 3 exact matches
2025-04-06 13:34:30,567 - INFO - Processing result 1/3
2025-04-06 13:34:30,571 - INFO - Word ID: 52682
2025-04-06 13:34:30,575 - INFO - Lemma: kasal
2025-04-06 13:34:30,579 - INFO - Language code: tl
2025-04-06 13:34:30,629 - INFO - Querying pronunciations for word_id 52682
2025-04-06 13:34:30,633 - INFO - Found 4 pronunciations
2025-04-06 13:34:30,651 - WARNING - Error parsing pronunciation sources: Expecting value: line 1 column 1 (char 0)
2025-04-06 13:34:30,668 - WARNING - Error parsing pronunciation sources: Expecting value: line 1 column 1 (char 0)
2025-04-06 13:34:30,687 - WARNING - Error parsing pronunciation sources: Expecting value: line 1 column 1 (char 0)
2025-04-06 13:34:30,702 - WARNING - Error parsing pronunciation sources: Expecting value: line 1 column 1 (char 0)
2025-04-06 13:34:30,706 - INFO - Querying etymologies for word_id 52682
2025-04-06 13:34:30,715 - INFO - Found 3 etymologies
2025-04-06 13:34:30,753 - INFO - Querying definitions for word_id 52682
2025-04-06 13:34:30,770 - INFO - Found 9 definitions
2025-04-06 13:34:30,783 - INFO - Processing definition 1/9
2025-04-06 13:34:30,803 - INFO - Processing definition 2/9
2025-04-06 13:34:30,815 - INFO - Processing definition 3/9
2025-04-06 13:34:30,834 - INFO - Processing definition 4/9
2025-04-06 13:34:30,847 - INFO - Processing definition 5/9
2025-04-06 13:34:30,861 - INFO - Processing definition 6/9
2025-04-06 13:34:30,890 - INFO - Processing definition 7/9
2025-04-06 13:34:30,893 - INFO - Processing definition 8/9
2025-04-06 13:34:30,904 - INFO - Processing definition 9/9
2025-04-06 13:34:30,916 - INFO - Querying relations for word_id 52682
2025-04-06 13:34:30,940 - INFO - Found 52 relations
2025-04-06 13:34:31,026 - INFO - Processing result 2/3
2025-04-06 13:34:31,026 - INFO - Word ID: 290756
2025-04-06 13:34:31,027 - INFO - Lemma: Casal
2025-04-06 13:34:31,027 - INFO - Language code: tl
2025-04-06 13:34:31,032 - INFO - Querying pronunciations for word_id 290756
2025-04-06 13:34:31,034 - INFO - Found 3 pronunciations
2025-04-06 13:34:31,037 - WARNING - Error parsing pronunciation sources: Expecting value: line 1 column 1 (char 0)
2025-04-06 13:34:31,039 - WARNING - Error parsing pronunciation sources: Expecting value: line 1 column 1 (char 0)
2025-04-06 13:34:31,041 - WARNING - Error parsing pronunciation sources: Expecting value: line 1 column 1 (char 0)
2025-04-06 13:34:31,041 - INFO - Querying etymologies for word_id 290756
2025-04-06 13:34:31,043 - INFO - Found 1 etymologies
2025-04-06 13:34:31,045 - INFO - Querying definitions for word_id 290756
2025-04-06 13:34:31,049 - INFO - Found 1 definitions
2025-04-06 13:34:31,050 - INFO - Processing definition 1/1
2025-04-06 13:34:31,053 - INFO - Querying relations for word_id 290756
2025-04-06 13:34:31,055 - INFO - Found 2 relations
2025-04-06 13:34:31,059 - INFO - Processing result 3/3
2025-04-06 13:34:31,060 - INFO - Word ID: 372018
2025-04-06 13:34:31,060 - INFO - Lemma: kasal
2025-04-06 13:34:31,060 - INFO - Language code: ceb
2025-04-06 13:34:31,065 - INFO - Querying pronunciations for word_id 372018
2025-04-06 13:34:31,066 - INFO - Found 0 pronunciations
2025-04-06 13:34:31,067 - INFO - Querying etymologies for word_id 372018
2025-04-06 13:34:31,069 - INFO - Found 1 etymologies
2025-04-06 13:34:31,071 - INFO - Querying definitions for word_id 372018
2025-04-06 13:34:31,073 - INFO - Found 5 definitions
2025-04-06 13:34:31,074 - INFO - Processing definition 1/5
2025-04-06 13:34:31,076 - INFO - Processing definition 2/5
2025-04-06 13:34:31,078 - INFO - Processing definition 3/5
2025-04-06 13:34:31,079 - INFO - Processing definition 4/5
2025-04-06 13:34:31,080 - INFO - Processing definition 5/5
2025-04-06 13:34:31,081 - INFO - Querying relations for word_id 372018
2025-04-06 13:34:31,084 - INFO - Found 4 relations
2025-04-06 13:34:31,092 - INFO - Database connection closed
