2025-01-16 21:46:35,865 - INFO - Starting fresh data migration process
2025-01-16 21:46:35,866 - INFO - Attempting database connection...
2025-01-16 21:46:35,867 - INFO - Database configuration:
2025-01-16 21:46:35,868 - INFO -   Database Name: fil_dict_db
2025-01-16 21:46:35,869 - INFO -   User: postgres
2025-01-16 21:46:35,869 - INFO -   Host: localhost
2025-01-16 21:46:35,870 - INFO -   Password: ********
2025-01-16 21:46:36,077 - INFO - Successfully established database connection
2025-01-16 21:46:36,078 - INFO - Dropping all existing tables...
2025-01-16 21:46:36,099 - INFO - Setting up PostgreSQL extensions...
2025-01-16 21:46:36,100 - INFO - Checking extension: pg_trgm
2025-01-16 21:46:36,127 - INFO - Installing extension: pg_trgm
2025-01-16 21:46:36,296 - INFO - Successfully installed extension: pg_trgm
2025-01-16 21:46:36,297 - INFO - Checking extension: unaccent
2025-01-16 21:46:36,299 - INFO - Installing extension: unaccent
2025-01-16 21:46:36,342 - INFO - Successfully installed extension: unaccent
2025-01-16 21:46:36,343 - INFO - Checking extension: fuzzystrmatch
2025-01-16 21:46:36,345 - INFO - Installing extension: fuzzystrmatch
2025-01-16 21:46:36,383 - INFO - Successfully installed extension: fuzzystrmatch
2025-01-16 21:46:36,383 - INFO - Extensions setup completed
2025-01-16 21:46:36,384 - INFO - Creating new database tables
2025-01-16 21:46:36,384 - INFO - Starting table creation/update process.
2025-01-16 21:46:36,565 - INFO - Tables created or updated successfully.
2025-01-16 21:46:36,566 - INFO - Beginning data processing
2025-01-16 21:46:36,567 - INFO - 1. Processing Tagalog words
2025-01-16 21:46:36,567 - INFO - Starting to process Tagalog words file: data/tagalog-words.json
2025-01-16 21:46:36,569 - INFO - Using source identifier: tagalog-words.json
2025-01-16 21:46:37,010 - INFO - Successfully loaded JSON data with 65328 entries
2025-01-16 21:51:54,059 - INFO - Completed processing Tagalog words file: data/tagalog-words.json
2025-01-16 21:51:54,401 - INFO - Processing Baybayin entries from recent import...
2025-01-16 21:51:54,405 - INFO - Processing Baybayin entries...
2025-01-16 21:51:54,596 - INFO - 2. Processing Root words
2025-01-16 21:51:54,598 - INFO - Starting to process Root Words file: data/root_words_with_associated_words_cleaned.json
2025-01-16 21:51:54,601 - INFO - Using source identifier: root_words_with_associated_words_cleaned.json
2025-01-16 21:51:54,698 - INFO - Successfully loaded JSON data with 2238 entries
2025-01-16 21:52:46,323 - INFO - Completed processing Root Words file: data/root_words_with_associated_words_cleaned.json
2025-01-16 21:52:46,339 - INFO - Processing Baybayin entries from recent import...
2025-01-16 21:52:46,341 - INFO - Processing Baybayin entries...
2025-01-16 21:52:46,414 - INFO - 3. Processing KWF Dictionary
2025-01-16 21:52:46,416 - INFO - Starting to process KWF Dictionary: data/kwf_dictionary.json
2025-01-16 21:52:46,418 - INFO - Using source identifier: kwf_dictionary.json
2025-01-16 21:52:47,519 - INFO - Successfully loaded KWF data with 30734 entries
2025-01-16 21:55:02,476 - INFO - Completed processing KWF Dictionary
2025-01-16 21:55:02,967 - INFO - Processing Baybayin entries from recent import...
2025-01-16 21:55:02,968 - INFO - Processing Baybayin entries...
2025-01-16 21:55:03,061 - INFO - 4. Processing Kaikki (Tagalog)
2025-01-16 21:55:03,065 - INFO - Starting to process Kaikki file: data/kaikki.jsonl
2025-01-16 22:03:58,570 - INFO - Processing Baybayin entries from recent import...
2025-01-16 22:03:58,578 - INFO - Processing Baybayin entries...
2025-01-16 22:03:59,113 - INFO - Updating standalone Baybayin entry (ID: 86685)
2025-01-16 22:03:59,298 - INFO - Updating standalone Baybayin entry (ID: 90049)
2025-01-16 22:03:59,475 - INFO - Updating standalone Baybayin entry (ID: 99011)
2025-01-16 22:03:59,662 - INFO - Merging Baybayin entry (ID: 99955) with romanized form: may gatas pa sa labi
2025-01-16 22:04:00,871 - INFO - Updating standalone Baybayin entry (ID: 118257)
2025-01-16 22:04:01,058 - INFO - Updating standalone Baybayin entry (ID: 128087)
2025-01-16 22:04:01,266 - INFO - Updating standalone Baybayin entry (ID: 128173)
2025-01-16 22:04:01,446 - INFO - Updating standalone Baybayin entry (ID: 128174)
2025-01-16 22:04:01,639 - INFO - Updating standalone Baybayin entry (ID: 128175)
2025-01-16 22:04:01,814 - INFO - Updating standalone Baybayin entry (ID: 128176)
2025-01-16 22:04:01,992 - INFO - Updating standalone Baybayin entry (ID: 128177)
2025-01-16 22:04:02,170 - INFO - Updating standalone Baybayin entry (ID: 128178)
2025-01-16 22:04:02,340 - INFO - Updating standalone Baybayin entry (ID: 128179)
2025-01-16 22:04:02,518 - INFO - Updating standalone Baybayin entry (ID: 128180)
2025-01-16 22:04:02,688 - INFO - Updating standalone Baybayin entry (ID: 128181)
2025-01-16 22:04:02,854 - INFO - Updating standalone Baybayin entry (ID: 148072)
2025-01-16 22:04:03,032 - INFO - Updating standalone Baybayin entry (ID: 96685)
2025-01-16 22:04:03,207 - INFO - Updating standalone Baybayin entry (ID: 148079)
2025-01-16 22:04:03,391 - INFO - Updating standalone Baybayin entry (ID: 101153)
2025-01-16 22:04:03,584 - INFO - Updating standalone Baybayin entry (ID: 89134)
2025-01-16 22:04:03,797 - INFO - Updating standalone Baybayin entry (ID: 85966)
2025-01-16 22:04:04,016 - INFO - Updating standalone Baybayin entry (ID: 148082)
2025-01-16 22:04:04,204 - INFO - Merging Baybayin entry (ID: 85913) with romanized form: abay
2025-01-16 22:04:07,955 - INFO - 5. Processing Kaikki (Cebuano)
2025-01-16 22:04:07,956 - INFO - Starting to process Kaikki file: data/kaikki-ceb.jsonl
2025-01-16 22:06:15,572 - INFO - Processing Baybayin entries from recent import...
2025-01-16 22:06:15,581 - INFO - Processing Baybayin entries...
2025-01-16 22:06:16,485 - INFO - Updating standalone Baybayin entry (ID: 128173)
2025-01-16 22:06:16,694 - INFO - Updating standalone Baybayin entry (ID: 86685)
2025-01-16 22:06:16,909 - INFO - Updating standalone Baybayin entry (ID: 90049)
2025-01-16 22:06:17,104 - INFO - Updating standalone Baybayin entry (ID: 99011)
2025-01-16 22:06:17,314 - INFO - Updating standalone Baybayin entry (ID: 118257)
2025-01-16 22:06:17,523 - INFO - Updating standalone Baybayin entry (ID: 128087)
2025-01-16 22:06:17,729 - INFO - Updating standalone Baybayin entry (ID: 128174)
2025-01-16 22:06:17,931 - INFO - Updating standalone Baybayin entry (ID: 128175)
2025-01-16 22:06:18,127 - INFO - Updating standalone Baybayin entry (ID: 128176)
2025-01-16 22:06:18,323 - INFO - Updating standalone Baybayin entry (ID: 128177)
2025-01-16 22:06:18,510 - INFO - Updating standalone Baybayin entry (ID: 128178)
2025-01-16 22:06:18,693 - INFO - Updating standalone Baybayin entry (ID: 128179)
2025-01-16 22:06:18,871 - INFO - Updating standalone Baybayin entry (ID: 128180)
2025-01-16 22:06:19,040 - INFO - Updating standalone Baybayin entry (ID: 128181)
2025-01-16 22:06:19,208 - INFO - Updating standalone Baybayin entry (ID: 148072)
2025-01-16 22:06:19,408 - INFO - Updating standalone Baybayin entry (ID: 96685)
2025-01-16 22:06:19,633 - INFO - Updating standalone Baybayin entry (ID: 148079)
2025-01-16 22:06:19,849 - INFO - Updating standalone Baybayin entry (ID: 101153)
2025-01-16 22:06:20,074 - INFO - Updating standalone Baybayin entry (ID: 89134)
2025-01-16 22:06:20,304 - INFO - Updating standalone Baybayin entry (ID: 85966)
2025-01-16 22:06:20,553 - INFO - Updating standalone Baybayin entry (ID: 148082)
2025-01-16 22:06:20,812 - INFO - Merging Baybayin entry (ID: 173885) with romanized form: adlaw sa manga kalag
2025-01-16 22:06:21,950 - INFO - Updating standalone Baybayin entry (ID: 173908)
2025-01-16 22:06:22,150 - INFO - Merging Baybayin entry (ID: 173297) with romanized form: basa
2025-01-16 22:06:22,546 - INFO - Standardizing etymology language codes...
2025-01-16 22:06:22,548 - INFO - Standardizing existing etymology language codes...
2025-01-16 22:07:33,439 - INFO - Standardized 93278 etymology entries
2025-01-16 22:07:33,498 - INFO - Migration completed successfully
2025-01-16 22:07:33,509 - INFO - Database connection closed
