2025-04-05 10:26:02,040 - INFO - Starting lookup for word: 'harot'
2025-04-05 10:26:02,084 - INFO - pg_trgm extension installed: True
2025-04-05 10:26:02,085 - INFO - Executing exact match query for 'harot'
2025-04-05 10:26:02,326 - INFO - Found 1 exact matches
2025-04-05 10:26:02,326 - INFO - Processing result 1/1
2025-04-05 10:26:02,326 - INFO - Word ID: 38587
2025-04-05 10:26:02,327 - INFO - Lemma: harot
2025-04-05 10:26:02,327 - INFO - Language code: tl
2025-04-05 10:26:02,331 - INFO - Querying pronunciations for word_id 38587
2025-04-05 10:26:02,332 - INFO - Found 4 pronunciations
2025-04-05 10:26:02,334 - ERROR - Error retrieving pronunciations: not enough values to unpack (expected 5, got 4)
2025-04-05 10:26:02,334 - INFO - Querying etymologies for word_id 38587
2025-04-05 10:26:02,338 - INFO - Found 0 etymologies
2025-04-05 10:26:02,339 - INFO - Querying definitions for word_id 38587
2025-04-05 10:26:02,345 - INFO - Found 10 definitions
2025-04-05 10:26:02,346 - INFO - Processing definition 1/10
2025-04-05 10:26:02,348 - INFO - Processing definition 2/10
2025-04-05 10:26:02,349 - INFO - Processing definition 3/10
2025-04-05 10:26:02,349 - INFO - Processing definition 4/10
2025-04-05 10:26:02,352 - INFO - Processing definition 5/10
2025-04-05 10:26:02,353 - INFO - Processing definition 6/10
2025-04-05 10:26:02,354 - INFO - Processing definition 7/10
2025-04-05 10:26:02,355 - INFO - Processing definition 8/10
2025-04-05 10:26:02,355 - INFO - Processing definition 9/10
2025-04-05 10:26:02,356 - INFO - Processing definition 10/10
2025-04-05 10:26:02,357 - INFO - Querying relations for word_id 38587
2025-04-05 10:26:02,362 - INFO - Found 27 relations
2025-04-05 10:26:02,377 - INFO - Database connection closed
