2025-01-17 11:09:40,700 - INFO - Starting fresh data migration process
2025-01-17 11:09:40,701 - INFO - Attempting database connection...
2025-01-17 11:09:40,701 - INFO - Database configuration:
2025-01-17 11:09:40,701 - INFO -   Database Name: fil_dict_db
2025-01-17 11:09:40,701 - INFO -   User: postgres
2025-01-17 11:09:40,702 - INFO -   Host: localhost
2025-01-17 11:09:40,702 - INFO -   Password: ********
2025-01-17 11:09:40,749 - INFO - Successfully established database connection
2025-01-17 11:09:40,749 - INFO - Dropping all existing tables...
2025-01-17 11:09:40,753 - INFO - Setting up PostgreSQL extensions...
2025-01-17 11:09:40,754 - INFO - Checking extension: pg_trgm
2025-01-17 11:09:40,828 - INFO - Installing extension: pg_trgm
2025-01-17 11:09:41,599 - INFO - Successfully installed extension: pg_trgm
2025-01-17 11:09:41,603 - INFO - Checking extension: unaccent
2025-01-17 11:09:41,618 - INFO - Installing extension: unaccent
2025-01-17 11:09:41,844 - INFO - Successfully installed extension: unaccent
2025-01-17 11:09:41,848 - INFO - Checking extension: fuzzystrmatch
2025-01-17 11:09:41,861 - INFO - Installing extension: fuzzystrmatch
2025-01-17 11:09:41,923 - INFO - Successfully installed extension: fuzzystrmatch
2025-01-17 11:09:41,924 - INFO - Extensions setup completed
2025-01-17 11:09:41,924 - INFO - Creating new database tables
2025-01-17 11:09:41,924 - INFO - Starting table creation/update process.
2025-01-17 11:09:42,028 - INFO - Tables created or updated successfully.
2025-01-17 11:09:42,029 - INFO - Beginning data processing
2025-01-17 11:09:42,029 - INFO - 1. Processing Tagalog words
2025-01-17 11:09:42,029 - INFO - Starting to process Tagalog words file: data/tagalog-words.json
2025-01-17 11:09:42,029 - INFO - Using source identifier: tagalog-words.json
2025-01-17 11:09:42,236 - INFO - Successfully loaded JSON data with 65328 entries
2025-01-17 11:17:52,127 - INFO - Completed processing Tagalog words file: data/tagalog-words.json
2025-01-17 11:17:52,146 - INFO - Processing Baybayin entries from recent import...
2025-01-17 11:17:52,146 - INFO - Processing Baybayin entries...
2025-01-17 11:17:52,175 - INFO - 2. Processing Root words
2025-01-17 11:17:52,176 - INFO - Starting to process Root Words file: data/root_words_with_associated_words_cleaned.json
2025-01-17 11:17:52,176 - INFO - Using source identifier: root_words_with_associated_words_cleaned.json
2025-01-17 11:17:52,197 - INFO - Successfully loaded JSON data with 2238 entries
2025-01-17 11:19:07,845 - INFO - Completed processing Root Words file: data/root_words_with_associated_words_cleaned.json
2025-01-17 11:19:07,849 - INFO - Processing Baybayin entries from recent import...
2025-01-17 11:19:07,849 - INFO - Processing Baybayin entries...
2025-01-17 11:19:07,931 - INFO - 3. Processing KWF Dictionary
2025-01-17 11:19:07,932 - INFO - Starting to process KWF Dictionary: data/kwf_dictionary.json
2025-01-17 11:19:07,933 - INFO - Using source identifier: kwf_dictionary.json
2025-01-17 11:19:08,667 - INFO - Successfully loaded KWF data with 30734 entries
2025-01-17 11:22:11,458 - INFO - Completed processing KWF Dictionary
2025-01-17 11:22:11,513 - INFO - Processing Baybayin entries from recent import...
2025-01-17 11:22:11,514 - INFO - Processing Baybayin entries...
2025-01-17 11:22:11,581 - INFO - 4. Processing Kaikki (Tagalog)
2025-01-17 11:22:11,582 - INFO - Starting to process Kaikki file: data/kaikki.jsonl
2025-01-17 11:38:53,595 - INFO - Processing Baybayin entries from recent import...
2025-01-17 11:38:53,595 - INFO - Processing Baybayin entries...
2025-01-17 11:38:53,868 - INFO - Updating standalone Baybayin entry (ID: 86685)
2025-01-17 11:38:54,017 - INFO - Updating standalone Baybayin entry (ID: 90049)
2025-01-17 11:38:54,158 - INFO - Updating standalone Baybayin entry (ID: 99011)
2025-01-17 11:38:54,292 - INFO - Merging Baybayin entry (ID: 99955) with romanized form: may gatas pa sa labi
2025-01-17 11:38:54,735 - INFO - Updating standalone Baybayin entry (ID: 118257)
2025-01-17 11:38:54,885 - INFO - Updating standalone Baybayin entry (ID: 128087)
2025-01-17 11:38:55,020 - INFO - Updating standalone Baybayin entry (ID: 128173)
2025-01-17 11:38:55,140 - INFO - Updating standalone Baybayin entry (ID: 128174)
2025-01-17 11:38:55,274 - INFO - Updating standalone Baybayin entry (ID: 128175)
2025-01-17 11:38:55,427 - INFO - Updating standalone Baybayin entry (ID: 128176)
2025-01-17 11:38:55,550 - INFO - Updating standalone Baybayin entry (ID: 128177)
2025-01-17 11:38:55,688 - INFO - Updating standalone Baybayin entry (ID: 128178)
2025-01-17 11:38:55,837 - INFO - Updating standalone Baybayin entry (ID: 128179)
2025-01-17 11:38:55,978 - INFO - Updating standalone Baybayin entry (ID: 128180)
2025-01-17 11:38:56,109 - INFO - Updating standalone Baybayin entry (ID: 128181)
2025-01-17 11:38:56,247 - INFO - Updating standalone Baybayin entry (ID: 148072)
2025-01-17 11:38:56,399 - INFO - Updating standalone Baybayin entry (ID: 96685)
2025-01-17 11:38:56,535 - INFO - Updating standalone Baybayin entry (ID: 148079)
2025-01-17 11:38:56,677 - INFO - Updating standalone Baybayin entry (ID: 101153)
2025-01-17 11:38:56,824 - INFO - Updating standalone Baybayin entry (ID: 89134)
2025-01-17 11:38:56,961 - INFO - Updating standalone Baybayin entry (ID: 85966)
2025-01-17 11:38:57,109 - INFO - Updating standalone Baybayin entry (ID: 148082)
2025-01-17 11:38:57,250 - INFO - Merging Baybayin entry (ID: 85913) with romanized form: abay
2025-01-17 11:39:00,127 - INFO - 5. Processing Kaikki (Cebuano)
2025-01-17 11:39:00,128 - INFO - Starting to process Kaikki file: data/kaikki-ceb.jsonl
2025-01-17 11:40:04,060 - INFO - Processing Baybayin entries from recent import...
2025-01-17 11:40:04,060 - INFO - Processing Baybayin entries...
2025-01-17 11:40:04,423 - INFO - Updating standalone Baybayin entry (ID: 128173)
2025-01-17 11:40:04,623 - INFO - Updating standalone Baybayin entry (ID: 86685)
2025-01-17 11:40:04,834 - INFO - Updating standalone Baybayin entry (ID: 90049)
2025-01-17 11:40:05,043 - INFO - Updating standalone Baybayin entry (ID: 99011)
2025-01-17 11:40:05,252 - INFO - Updating standalone Baybayin entry (ID: 118257)
2025-01-17 11:40:05,460 - INFO - Updating standalone Baybayin entry (ID: 128087)
2025-01-17 11:40:05,661 - INFO - Updating standalone Baybayin entry (ID: 128174)
2025-01-17 11:40:05,853 - INFO - Updating standalone Baybayin entry (ID: 128175)
2025-01-17 11:40:06,040 - INFO - Updating standalone Baybayin entry (ID: 128176)
2025-01-17 11:40:06,223 - INFO - Updating standalone Baybayin entry (ID: 128177)
2025-01-17 11:40:06,405 - INFO - Updating standalone Baybayin entry (ID: 128178)
2025-01-17 11:40:06,570 - INFO - Updating standalone Baybayin entry (ID: 128179)
2025-01-17 11:40:06,731 - INFO - Updating standalone Baybayin entry (ID: 128180)
2025-01-17 11:40:06,903 - INFO - Updating standalone Baybayin entry (ID: 128181)
2025-01-17 11:40:07,066 - INFO - Updating standalone Baybayin entry (ID: 148072)
2025-01-17 11:40:07,228 - INFO - Updating standalone Baybayin entry (ID: 96685)
2025-01-17 11:40:07,384 - INFO - Updating standalone Baybayin entry (ID: 148079)
2025-01-17 11:40:07,548 - INFO - Updating standalone Baybayin entry (ID: 101153)
2025-01-17 11:40:07,699 - INFO - Updating standalone Baybayin entry (ID: 89134)
2025-01-17 11:40:07,859 - INFO - Updating standalone Baybayin entry (ID: 85966)
2025-01-17 11:40:08,030 - INFO - Updating standalone Baybayin entry (ID: 148082)
2025-01-17 11:40:08,193 - INFO - Merging Baybayin entry (ID: 173885) with romanized form: adlaw sa manga kalag
2025-01-17 11:40:08,642 - INFO - Updating standalone Baybayin entry (ID: 173908)
2025-01-17 11:40:08,813 - INFO - Merging Baybayin entry (ID: 173297) with romanized form: basa
2025-01-17 11:40:09,128 - INFO - Standardizing etymology language codes...
2025-01-17 11:40:09,129 - INFO - Standardizing existing etymology language codes...
2025-01-17 11:40:29,838 - INFO - Standardized 93278 etymology entries
2025-01-17 11:40:29,842 - INFO - Migration completed successfully
2025-01-17 11:40:29,843 - INFO - Database connection closed
