2025-01-19 00:26:50,018 - INFO - Attempting database connection...
2025-01-19 00:26:50,018 - INFO - Database configuration:
2025-01-19 00:26:50,019 - INFO -   Database Name: fil_dict_db
2025-01-19 00:26:50,019 - INFO -   User: postgres
2025-01-19 00:26:50,019 - INFO -   Host: localhost
2025-01-19 00:26:50,020 - INFO -   Password: ********
2025-01-19 00:26:50,067 - INFO - Successfully established database connection
2025-01-19 00:26:50,079 - INFO - Database extensions configured successfully
2025-01-19 00:26:50,079 - INFO - Starting table creation/update process.
2025-01-19 00:26:50,158 - INFO - Tables created or updated successfully.
2025-01-19 00:26:50,159 - INFO - Processing KWF dictionary...
2025-01-19 00:26:50,637 - ERROR - Error processing KWF entry 'Ad•yós!': column "related_word_id" of relation "definition_relations" does not exist
LINE 2: ... INSERT INTO definition_relations (definition_id, related_wo...
                                                             ^

2025-01-19 00:26:50,641 - ERROR - Error processing KWF entry 'Aeta': column "related_word_id" of relation "definition_relations" does not exist
LINE 2: ... INSERT INTO definition_relations (definition_id, related_wo...
                                                             ^

2025-01-19 00:26:50,670 - ERROR - Error processing KWF entry 'As•yá•no': column "related_word_id" of relation "definition_relations" does not exist
LINE 2: ... INSERT INTO definition_relations (definition_id, related_wo...
                                                             ^

2025-01-19 00:26:50,739 - ERROR - Error processing KWF entry 'Batangas': column "related_word_id" of relation "definition_relations" does not exist
LINE 2: ... INSERT INTO definition_relations (definition_id, related_wo...
                                                             ^

2025-01-19 00:26:50,741 - ERROR - Error processing KWF entry 'Bat•ha•là': column "related_word_id" of relation "definition_relations" does not exist
LINE 2: ... INSERT INTO definition_relations (definition_id, related_wo...
                                                             ^

2025-01-19 00:26:50,749 - ERROR - Error processing KWF entry 'Ba•nál na San•tat•ló': column "related_word_id" of relation "definition_relations" does not exist
LINE 2: ... INSERT INTO definition_relations (definition_id, related_wo...
                                                             ^

2025-01-19 00:26:50,790 - ERROR - Error processing KWF entry 'Congrats!': column "related_word_id" of relation "definition_relations" does not exist
LINE 2: ... INSERT INTO definition_relations (definition_id, related_wo...
                                                             ^

2025-01-19 00:26:50,797 - ERROR - Error processing KWF entry 'Da•óng-Da•ú•ngan': column "related_word_id" of relation "definition_relations" does not exist
LINE 2: ... INSERT INTO definition_relations (definition_id, related_wo...
                                                             ^

2025-01-19 00:26:50,804 - ERROR - Error processing KWF entry 'Don': column "related_word_id" of relation "definition_relations" does not exist
LINE 2: ... INSERT INTO definition_relations (definition_id, related_wo...
                                                             ^

2025-01-19 00:26:50,810 - ERROR - Error processing KWF entry 'Dón•ya': column "related_word_id" of relation "definition_relations" does not exist
LINE 2: ... INSERT INTO definition_relations (definition_id, related_wo...
                                                             ^

2025-01-19 00:26:50,814 - ERROR - Error processing KWF entry 'Egypt': column "related_word_id" of relation "definition_relations" does not exist
LINE 2: ... INSERT INTO definition_relations (definition_id, related_wo...
                                                             ^

2025-01-19 00:26:50,817 - ERROR - Error processing KWF entry 'Epifanio de los Santos Avenue': column "related_word_id" of relation "definition_relations" does not exist
LINE 2: ... INSERT INTO definition_relations (definition_id, related_wo...
                                                             ^

2025-01-19 00:26:50,819 - ERROR - Error processing KWF entry 'Es•pan•yól': column "related_word_id" of relation "definition_relations" does not exist
LINE 2: ... INSERT INTO definition_relations (definition_id, related_wo...
                                                             ^

2025-01-19 00:26:50,823 - ERROR - Error processing KWF entry 'Es•tá•dos U•ní•dos': column "related_word_id" of relation "definition_relations" does not exist
LINE 2: ... INSERT INTO definition_relations (definition_id, related_wo...
                                                             ^

2025-01-19 00:26:50,829 - ERROR - Error processing KWF entry 'Europe': column "related_word_id" of relation "definition_relations" does not exist
LINE 2: ... INSERT INTO definition_relations (definition_id, related_wo...
                                                             ^

2025-01-19 00:26:50,833 - ERROR - Error processing KWF entry 'E•dén': column "related_word_id" of relation "definition_relations" does not exist
LINE 2: ... INSERT INTO definition_relations (definition_id, related_wo...
                                                             ^

2025-01-19 00:26:50,847 - ERROR - Error processing KWF entry 'Gat': column "related_word_id" of relation "definition_relations" does not exist
LINE 2: ... INSERT INTO definition_relations (definition_id, related_wo...
                                                             ^

2025-01-19 00:26:50,851 - ERROR - Error processing KWF entry 'German': column "related_word_id" of relation "definition_relations" does not exist
LINE 2: ... INSERT INTO definition_relations (definition_id, related_wo...
                                                             ^

2025-01-19 00:26:50,852 - ERROR - Error processing KWF entry 'Germany': column "related_word_id" of relation "definition_relations" does not exist
LINE 2: ... INSERT INTO definition_relations (definition_id, related_wo...
                                                             ^

2025-01-19 00:26:50,859 - ERROR - Error processing KWF entry 'Great Britain': column "related_word_id" of relation "definition_relations" does not exist
LINE 2: ... INSERT INTO definition_relations (definition_id, related_wo...
                                                             ^

2025-01-19 00:26:50,861 - ERROR - Error processing KWF entry 'Greece': column "related_word_id" of relation "definition_relations" does not exist
LINE 2: ... INSERT INTO definition_relations (definition_id, related_wo...
                                                             ^

2025-01-19 00:26:50,863 - ERROR - Error processing KWF entry 'Gri•yé•go': column "related_word_id" of relation "definition_relations" does not exist
LINE 2: ... INSERT INTO definition_relations (definition_id, related_wo...
                                                             ^

2025-01-19 00:26:50,878 - ERROR - Error processing KWF entry 'Hello!': column "related_word_id" of relation "definition_relations" does not exist
LINE 2: ... INSERT INTO definition_relations (definition_id, related_wo...
                                                             ^

2025-01-19 00:26:50,901 - ERROR - Error processing KWF entry 'Ing•lés': column "related_word_id" of relation "definition_relations" does not exist
LINE 2: ... INSERT INTO definition_relations (definition_id, related_wo...
                                                             ^

2025-01-19 00:26:50,955 - ERROR - Error processing KWF entry 'I•tím': column "related_word_id" of relation "definition_relations" does not exist
LINE 2: ... INSERT INTO definition_relations (definition_id, related_wo...
                                                             ^

2025-01-19 00:26:50,958 - ERROR - Error processing KWF entry 'Japanese': column "related_word_id" of relation "definition_relations" does not exist
LINE 2: ... INSERT INTO definition_relations (definition_id, related_wo...
                                                             ^

2025-01-19 00:26:50,961 - ERROR - Error processing KWF entry 'Ja•pán': column "related_word_id" of relation "definition_relations" does not exist
LINE 2: ... INSERT INTO definition_relations (definition_id, related_wo...
                                                             ^

2025-01-19 00:26:51,017 - ERROR - Error processing KWF entry 'Ka•pu•lu•ngán ng mga Ki•na•ta•wán': column "related_word_id" of relation "definition_relations" does not exist
LINE 2: ... INSERT INTO definition_relations (definition_id, related_wo...
                                                             ^

2025-01-19 00:26:51,040 - ERROR - Error processing KWF entry 'Ka•to•li•sís•mo': column "related_word_id" of relation "definition_relations" does not exist
LINE 2: ... INSERT INTO definition_relations (definition_id, related_wo...
                                                             ^

2025-01-19 00:26:51,075 - ERROR - Error processing KWF entry 'Krís•to': column "related_word_id" of relation "definition_relations" does not exist
LINE 2: ... INSERT INTO definition_relations (definition_id, related_wo...
                                                             ^

2025-01-19 00:26:51,081 - ERROR - Error processing KWF entry 'Ká•ga•wa•rán ng Ka•lu•sú•gan': column "related_word_id" of relation "definition_relations" does not exist
LINE 2: ... INSERT INTO definition_relations (definition_id, related_wo...
                                                             ^

2025-01-19 00:26:51,085 - ERROR - Error processing KWF entry 'Ká•wa•ni•hán ng Ku•wá•ran•té•na': column "related_word_id" of relation "definition_relations" does not exist
LINE 2: ... INSERT INTO definition_relations (definition_id, related_wo...
                                                             ^

2025-01-19 00:26:51,094 - ERROR - Error processing KWF entry 'Ling•gó': column "related_word_id" of relation "definition_relations" does not exist
LINE 2: ... INSERT INTO definition_relations (definition_id, related_wo...
                                                             ^

2025-01-19 00:26:51,103 - ERROR - Error processing KWF entry 'Lu•wal•ha•tì sa A•má': column "related_word_id" of relation "definition_relations" does not exist
LINE 2: ... INSERT INTO definition_relations (definition_id, related_wo...
                                                             ^

2025-01-19 00:26:51,144 - ERROR - Error processing KWF entry 'Ma•hál na Á•raw': column "related_word_id" of relation "definition_relations" does not exist
LINE 2: ... INSERT INTO definition_relations (definition_id, related_wo...
                                                             ^

2025-01-19 00:26:51,172 - ERROR - Error processing KWF entry 'Me•sí•yas': column "related_word_id" of relation "definition_relations" does not exist
LINE 2: ... INSERT INTO definition_relations (definition_id, related_wo...
                                                             ^

2025-01-19 00:26:51,187 - ERROR - Error processing KWF entry 'Mumbai': column "related_word_id" of relation "definition_relations" does not exist
LINE 2: ... INSERT INTO definition_relations (definition_id, related_wo...
                                                             ^

2025-01-19 00:26:51,195 - ERROR - Error processing KWF entry 'Má•dre Do•lo•ró•sa': column "related_word_id" of relation "definition_relations" does not exist
LINE 2: ... INSERT INTO definition_relations (definition_id, related_wo...
                                                             ^

2025-01-19 00:26:51,233 - ERROR - Error processing KWF entry 'O•lím•piks': column "related_word_id" of relation "definition_relations" does not exist
LINE 2: ... INSERT INTO definition_relations (definition_id, related_wo...
                                                             ^

2025-01-19 00:26:51,244 - ERROR - Error processing KWF entry 'Pas•kó': column "related_word_id" of relation "definition_relations" does not exist
LINE 2: ... INSERT INTO definition_relations (definition_id, related_wo...
                                                             ^

2025-01-19 00:26:51,259 - ERROR - Error processing KWF entry 'Pa•ngi•no•ón': column "related_word_id" of relation "definition_relations" does not exist
LINE 2: ... INSERT INTO definition_relations (definition_id, related_wo...
                                                             ^

2025-01-19 00:26:51,268 - ERROR - Error processing KWF entry 'Pa•rí•to!': column "related_word_id" of relation "definition_relations" does not exist
LINE 2: ... INSERT INTO definition_relations (definition_id, related_wo...
                                                             ^

2025-01-19 00:26:51,307 - ERROR - Error processing KWF entry 'Pás•ku•wá': column "related_word_id" of relation "definition_relations" does not exist
LINE 2: ... INSERT INTO definition_relations (definition_id, related_wo...
                                                             ^

2025-01-19 00:26:51,327 - ERROR - Error processing KWF entry 'Qur’an': column "related_word_id" of relation "definition_relations" does not exist
LINE 2: ... INSERT INTO definition_relations (definition_id, related_wo...
                                                             ^

2025-01-19 00:26:51,346 - ERROR - Error processing KWF entry 'Rome': column "related_word_id" of relation "definition_relations" does not exist
LINE 2: ... INSERT INTO definition_relations (definition_id, related_wo...
                                                             ^

2025-01-19 00:26:51,361 - ERROR - Error processing KWF entry 'Sam•púng Ú•tos': column "related_word_id" of relation "definition_relations" does not exist
LINE 2: ... INSERT INTO definition_relations (definition_id, related_wo...
                                                             ^

2025-01-19 00:26:51,385 - ERROR - Error processing KWF entry 'Sánto Pápa': column "related_word_id" of relation "definition_relations" does not exist
LINE 2: ... INSERT INTO definition_relations (definition_id, related_wo...
                                                             ^

2025-01-19 00:26:51,414 - ERROR - Error processing KWF entry 'Ta•ga•lís•ta': column "related_word_id" of relation "definition_relations" does not exist
LINE 2: ... INSERT INTO definition_relations (definition_id, related_wo...
                                                             ^

2025-01-19 00:26:51,419 - ERROR - Error processing KWF entry 'Ta•rá!': column "related_word_id" of relation "definition_relations" does not exist
LINE 2: ... INSERT INTO definition_relations (definition_id, related_wo...
                                                             ^

2025-01-19 00:26:51,431 - ERROR - Error processing KWF entry 'Tsí•no': column "related_word_id" of relation "definition_relations" does not exist
LINE 2: ... INSERT INTO definition_relations (definition_id, related_wo...
                                                             ^

2025-01-19 00:26:51,443 - ERROR - Error processing KWF entry 'Vatican': column "related_word_id" of relation "definition_relations" does not exist
LINE 2: ... INSERT INTO definition_relations (definition_id, related_wo...
                                                             ^

2025-01-19 00:26:51,445 - ERROR - Error processing KWF entry 'Venus': column "related_word_id" of relation "definition_relations" does not exist
LINE 2: ... INSERT INTO definition_relations (definition_id, related_wo...
                                                             ^

2025-01-19 00:26:51,457 - ERROR - Error processing KWF entry 'X-ray': column "related_word_id" of relation "definition_relations" does not exist
LINE 2: ... INSERT INTO definition_relations (definition_id, related_wo...
                                                             ^

2025-01-19 00:26:51,514 - ERROR - Error processing KWF entry 'ab•síng': column "related_word_id" of relation "definition_relations" does not exist
LINE 2: ... INSERT INTO definition_relations (definition_id, related_wo...
                                                             ^

2025-01-19 00:26:51,520 - ERROR - Error processing KWF entry 'ab•wé•lo': column "related_word_id" of relation "definition_relations" does not exist
LINE 2: ... INSERT INTO definition_relations (definition_id, related_wo...
                                                             ^

2025-01-19 00:26:51,529 - ERROR - Error processing KWF entry 'ab•yád': column "related_word_id" of relation "definition_relations" does not exist
LINE 2: ... INSERT INTO definition_relations (definition_id, related_wo...
                                                             ^

2025-01-19 00:26:51,573 - ERROR - Error processing KWF entry 'activation': column "related_word_id" of relation "definition_relations" does not exist
LINE 2: ... INSERT INTO definition_relations (definition_id, related_wo...
                                                             ^

2025-01-19 00:26:51,619 - ERROR - Error processing KWF entry 'advertisement': column "related_word_id" of relation "definition_relations" does not exist
LINE 2: ... INSERT INTO definition_relations (definition_id, related_wo...
                                                             ^

2025-01-19 00:26:51,636 - ERROR - Error processing KWF entry 'ad•hi•kà': column "related_word_id" of relation "definition_relations" does not exist
LINE 2: ... INSERT INTO definition_relations (definition_id, related_wo...
                                                             ^

2025-01-19 00:26:51,644 - ERROR - Error processing KWF entry 'ad•mi•nis•tras•yón': column "related_word_id" of relation "definition_relations" does not exist
LINE 2: ... INSERT INTO definition_relations (definition_id, related_wo...
                                                             ^

2025-01-19 00:26:51,662 - ERROR - Error processing KWF entry 'ad•wâ': column "related_word_id" of relation "definition_relations" does not exist
LINE 2: ... INSERT INTO definition_relations (definition_id, related_wo...
                                                             ^

2025-01-19 00:26:51,667 - ERROR - Error processing KWF entry 'ad•yâ': column "related_word_id" of relation "definition_relations" does not exist
LINE 2: ... INSERT INTO definition_relations (definition_id, related_wo...
                                                             ^

2025-01-19 00:26:51,670 - ERROR - Error processing KWF entry 'ad•yó': column "related_word_id" of relation "definition_relations" does not exist
LINE 2: ... INSERT INTO definition_relations (definition_id, related_wo...
                                                             ^

2025-01-19 00:26:51,675 - ERROR - Error processing KWF entry 'aerodrome': column "related_word_id" of relation "definition_relations" does not exist
LINE 2: ... INSERT INTO definition_relations (definition_id, related_wo...
                                                             ^

2025-01-19 00:26:51,683 - ERROR - Error processing KWF entry 'ag-ág': column "related_word_id" of relation "definition_relations" does not exist
LINE 2: ... INSERT INTO definition_relations (definition_id, related_wo...
                                                             ^

2025-01-19 00:26:51,691 - ERROR - Error processing KWF entry 'ag•dón': column "related_word_id" of relation "definition_relations" does not exist
LINE 2: ... INSERT INTO definition_relations (definition_id, related_wo...
                                                             ^

2025-01-19 00:26:51,697 - ERROR - Error processing KWF entry 'ag•hám': column "related_word_id" of relation "definition_relations" does not exist
LINE 2: ... INSERT INTO definition_relations (definition_id, related_wo...
                                                             ^

2025-01-19 00:26:51,711 - ERROR - Error processing KWF entry 'ag•la•hì': column "related_word_id" of relation "definition_relations" does not exist
LINE 2: ... INSERT INTO definition_relations (definition_id, related_wo...
                                                             ^

2025-01-19 00:26:51,716 - ERROR - Error processing KWF entry 'ag•la•hí•in': column "related_word_id" of relation "definition_relations" does not exist
LINE 2: ... INSERT INTO definition_relations (definition_id, related_wo...
                                                             ^

2025-01-19 00:26:51,739 - ERROR - Error processing KWF entry 'ag•sáw': column "related_word_id" of relation "definition_relations" does not exist
LINE 2: ... INSERT INTO definition_relations (definition_id, related_wo...
                                                             ^

2025-01-19 00:26:51,756 - ERROR - Error processing KWF entry 'ag•wa•síl': column "related_word_id" of relation "definition_relations" does not exist
LINE 2: ... INSERT INTO definition_relations (definition_id, related_wo...
                                                             ^

2025-01-19 00:26:51,762 - ERROR - Error processing KWF entry 'ag•wát': column "related_word_id" of relation "definition_relations" does not exist
LINE 2: ... INSERT INTO definition_relations (definition_id, related_wo...
                                                             ^

2025-01-19 00:26:51,766 - ERROR - Error processing KWF entry 'ag•wát-ag•wát': column "related_word_id" of relation "definition_relations" does not exist
LINE 2: ... INSERT INTO definition_relations (definition_id, related_wo...
                                                             ^

2025-01-19 00:26:51,769 - ERROR - Error processing KWF entry 'ag•wá•do': column "related_word_id" of relation "definition_relations" does not exist
LINE 2: ... INSERT INTO definition_relations (definition_id, related_wo...
                                                             ^

2025-01-19 00:26:51,779 - ERROR - Error processing KWF entry 'aide-de-camp': column "related_word_id" of relation "definition_relations" does not exist
LINE 2: ... INSERT INTO definition_relations (definition_id, related_wo...
                                                             ^

2025-01-19 00:26:51,786 - ERROR - Error processing KWF entry 'air conditioner': column "related_word_id" of relation "definition_relations" does not exist
LINE 2: ... INSERT INTO definition_relations (definition_id, related_wo...
                                                             ^

2025-01-19 00:26:51,791 - ERROR - Error processing KWF entry 'air mail': column "related_word_id" of relation "definition_relations" does not exist
LINE 2: ... INSERT INTO definition_relations (definition_id, related_wo...
                                                             ^

2025-01-19 00:26:51,810 - ERROR - Error processing KWF entry 'airspace': column "related_word_id" of relation "definition_relations" does not exist
LINE 2: ... INSERT INTO definition_relations (definition_id, related_wo...
                                                             ^

2025-01-19 00:26:51,817 - ERROR - Error processing KWF entry 'ak•ba•yán': column "related_word_id" of relation "definition_relations" does not exist
LINE 2: ... INSERT INTO definition_relations (definition_id, related_wo...
                                                             ^

2025-01-19 00:26:51,820 - ERROR - Error processing KWF entry 'ak•báy': column "related_word_id" of relation "definition_relations" does not exist
LINE 2: ... INSERT INTO definition_relations (definition_id, related_wo...
                                                             ^

2025-01-19 00:26:51,831 - ERROR - Error processing KWF entry 'ak•dâ': column "related_word_id" of relation "definition_relations" does not exist
LINE 2: ... INSERT INTO definition_relations (definition_id, related_wo...
                                                             ^

2025-01-19 00:26:51,834 - ERROR - Error processing KWF entry 'ak•la•há': column "related_word_id" of relation "definition_relations" does not exist
LINE 2: ... INSERT INTO definition_relations (definition_id, related_wo...
                                                             ^

2025-01-19 00:26:51,839 - ERROR - Error processing KWF entry 'ak•láng pá•rang': column "related_word_id" of relation "definition_relations" does not exist
LINE 2: ... INSERT INTO definition_relations (definition_id, related_wo...
                                                             ^

2025-01-19 00:26:51,846 - ERROR - Error processing KWF entry 'ak•lát': column "related_word_id" of relation "definition_relations" does not exist
LINE 2: ... INSERT INTO definition_relations (definition_id, related_wo...
                                                             ^

2025-01-19 00:26:51,853 - ERROR - Error processing KWF entry 'ak•lát-pam•pá•a•ra•lán': column "related_word_id" of relation "definition_relations" does not exist
LINE 2: ... INSERT INTO definition_relations (definition_id, related_wo...
                                                             ^

2025-01-19 00:26:51,859 - ERROR - Error processing KWF entry 'ak•lá•tan': column "related_word_id" of relation "definition_relations" does not exist
LINE 2: ... INSERT INTO definition_relations (definition_id, related_wo...
                                                             ^

2025-01-19 00:26:51,872 - ERROR - Error processing KWF entry 'ak•mâ': column "related_word_id" of relation "definition_relations" does not exist
LINE 2: ... INSERT INTO definition_relations (definition_id, related_wo...
                                                             ^

2025-01-19 00:26:51,875 - ERROR - Error processing KWF entry 'ak•sa•ya•hín': column "related_word_id" of relation "definition_relations" does not exist
LINE 2: ... INSERT INTO definition_relations (definition_id, related_wo...
                                                             ^

2025-01-19 00:26:51,879 - ERROR - Error processing KWF entry 'ak•sa•yá': column "related_word_id" of relation "definition_relations" does not exist
LINE 2: ... INSERT INTO definition_relations (definition_id, related_wo...
                                                             ^

2025-01-19 00:26:51,882 - ERROR - Error processing KWF entry 'ak•sa•yá•do': column "related_word_id" of relation "definition_relations" does not exist
LINE 2: ... INSERT INTO definition_relations (definition_id, related_wo...
                                                             ^

2025-01-19 00:26:51,885 - ERROR - Error processing KWF entry 'ak•se•sór•ya': column "related_word_id" of relation "definition_relations" does not exist
LINE 2: ... INSERT INTO definition_relations (definition_id, related_wo...
                                                             ^

2025-01-19 00:26:51,889 - ERROR - Error processing KWF entry 'ak•si•dén•te': column "related_word_id" of relation "definition_relations" does not exist
LINE 2: ... INSERT INTO definition_relations (definition_id, related_wo...
                                                             ^

2025-01-19 00:26:51,900 - ERROR - Error processing KWF entry 'ak•si•yón': column "related_word_id" of relation "definition_relations" does not exist
LINE 2: ... INSERT INTO definition_relations (definition_id, related_wo...
                                                             ^

2025-01-19 00:26:51,912 - ERROR - Error processing KWF entry 'ak•sí•wan': column "related_word_id" of relation "definition_relations" does not exist
LINE 2: ... INSERT INTO definition_relations (definition_id, related_wo...
                                                             ^

2025-01-19 00:26:51,932 - ERROR - Error processing KWF entry 'ak•tu•wár•yo': column "related_word_id" of relation "definition_relations" does not exist
LINE 2: ... INSERT INTO definition_relations (definition_id, related_wo...
                                                             ^

2025-01-19 00:26:51,943 - ERROR - Error processing KWF entry 'ak•ya•tán': column "related_word_id" of relation "definition_relations" does not exist
LINE 2: ... INSERT INTO definition_relations (definition_id, related_wo...
                                                             ^

2025-01-19 00:26:51,948 - ERROR - Error processing KWF entry 'ak•yát': column "related_word_id" of relation "definition_relations" does not exist
LINE 2: ... INSERT INTO definition_relations (definition_id, related_wo...
                                                             ^

2025-01-19 00:26:51,952 - ERROR - Error processing KWF entry 'ak•yá•tan': column "related_word_id" of relation "definition_relations" does not exist
LINE 2: ... INSERT INTO definition_relations (definition_id, related_wo...
                                                             ^

2025-01-19 00:26:51,959 - ERROR - Error processing KWF entry 'albino': column "related_word_id" of relation "definition_relations" does not exist
LINE 2: ... INSERT INTO definition_relations (definition_id, related_wo...
                                                             ^

2025-01-19 00:26:51,973 - ERROR - Error processing KWF entry 'alibi': column "related_word_id" of relation "definition_relations" does not exist
LINE 2: ... INSERT INTO definition_relations (definition_id, related_wo...
                                                             ^

2025-01-19 00:26:51,976 - ERROR - Error processing KWF entry 'alien': column "related_word_id" of relation "definition_relations" does not exist
LINE 2: ... INSERT INTO definition_relations (definition_id, related_wo...
                                                             ^

2025-01-19 00:26:51,980 - ERROR - Error processing KWF entry 'almanac': column "related_word_id" of relation "definition_relations" does not exist
LINE 2: ... INSERT INTO definition_relations (definition_id, related_wo...
                                                             ^

2025-01-19 00:26:51,987 - ERROR - Error processing KWF entry 'al•ba•há•ka': column "related_word_id" of relation "definition_relations" does not exist
LINE 2: ... INSERT INTO definition_relations (definition_id, related_wo...
                                                             ^

2025-01-19 00:26:51,998 - ERROR - Error processing KWF entry 'al•da•bi•sín': column "related_word_id" of relation "definition_relations" does not exist
LINE 2: ... INSERT INTO definition_relations (definition_id, related_wo...
                                                             ^

2025-01-19 00:26:52,000 - ERROR - Error processing KWF entry 'al•da•bá•han': column "related_word_id" of relation "definition_relations" does not exist
LINE 2: ... INSERT INTO definition_relations (definition_id, related_wo...
                                                             ^

2025-01-19 00:26:52,001 - ERROR - Error processing KWF entry 'al•da•bís': column "related_word_id" of relation "definition_relations" does not exist
LINE 2: ... INSERT INTO definition_relations (definition_id, related_wo...
                                                             ^

2025-01-19 00:26:52,005 - ERROR - Error processing KWF entry 'al•dá•ba': column "related_word_id" of relation "definition_relations" does not exist
LINE 2: ... INSERT INTO definition_relations (definition_id, related_wo...
                                                             ^

2025-01-19 00:26:52,008 - ERROR - Error processing KWF entry 'al•gu•dón': column "related_word_id" of relation "definition_relations" does not exist
LINE 2: ... INSERT INTO definition_relations (definition_id, related_wo...
                                                             ^

2025-01-19 00:26:52,013 - ERROR - Error processing KWF entry 'al•kan•si•yá': column "related_word_id" of relation "definition_relations" does not exist
LINE 2: ... INSERT INTO definition_relations (definition_id, related_wo...
                                                             ^

2025-01-19 00:26:52,027 - ERROR - Error processing KWF entry 'al•ko•hól': column "related_word_id" of relation "definition_relations" does not exist
LINE 2: ... INSERT INTO definition_relations (definition_id, related_wo...
                                                             ^

2025-01-19 00:26:52,032 - ERROR - Error processing KWF entry 'al•kál•de': column "related_word_id" of relation "definition_relations" does not exist
LINE 2: ... INSERT INTO definition_relations (definition_id, related_wo...
                                                             ^

2025-01-19 00:26:52,040 - ERROR - Error processing KWF entry 'al•mi•rán•te': column "related_word_id" of relation "definition_relations" does not exist
LINE 2: ... INSERT INTO definition_relations (definition_id, related_wo...
                                                             ^

2025-01-19 00:26:52,053 - ERROR - Error processing KWF entry 'al•mo•rá•nas': column "related_word_id" of relation "definition_relations" does not exist
LINE 2: ... INSERT INTO definition_relations (definition_id, related_wo...
                                                             ^

2025-01-19 00:26:52,056 - ERROR - Error processing KWF entry 'al•mo•wá•da': column "related_word_id" of relation "definition_relations" does not exist
LINE 2: ... INSERT INTO definition_relations (definition_id, related_wo...
                                                             ^

2025-01-19 00:26:52,070 - ERROR - Error processing KWF entry 'al•pa•bé•to': column "related_word_id" of relation "definition_relations" does not exist
LINE 2: ... INSERT INTO definition_relations (definition_id, related_wo...
                                                             ^

2025-01-19 00:26:52,076 - ERROR - Error processing KWF entry 'al•pi•lér': column "related_word_id" of relation "definition_relations" does not exist
LINE 2: ... INSERT INTO definition_relations (definition_id, related_wo...
                                                             ^

2025-01-19 00:26:52,081 - ERROR - Error processing KWF entry 'al•pás': column "related_word_id" of relation "definition_relations" does not exist
LINE 2: ... INSERT INTO definition_relations (definition_id, related_wo...
                                                             ^

2025-01-19 00:26:52,088 - ERROR - Error processing KWF entry 'al•póm•bra': column "related_word_id" of relation "definition_relations" does not exist
LINE 2: ... INSERT INTO definition_relations (definition_id, related_wo...
                                                             ^

2025-01-19 00:26:52,095 - ERROR - Error processing KWF entry 'al•sá': column "related_word_id" of relation "definition_relations" does not exist
LINE 2: ... INSERT INTO definition_relations (definition_id, related_wo...
                                                             ^

2025-01-19 00:26:52,108 - ERROR - Error processing KWF entry 'al•tru•ís•ta': column "related_word_id" of relation "definition_relations" does not exist
LINE 2: ... INSERT INTO definition_relations (definition_id, related_wo...
                                                             ^

2025-01-19 00:26:52,111 - ERROR - Error processing KWF entry 'al•tár': column "related_word_id" of relation "definition_relations" does not exist
LINE 2: ... INSERT INTO definition_relations (definition_id, related_wo...
                                                             ^

2025-01-19 00:26:52,114 - ERROR - Error processing KWF entry 'al•wán': column "related_word_id" of relation "definition_relations" does not exist
LINE 2: ... INSERT INTO definition_relations (definition_id, related_wo...
                                                             ^

2025-01-19 00:26:52,120 - ERROR - Error processing KWF entry 'al•yán•sa': column "related_word_id" of relation "definition_relations" does not exist
LINE 2: ... INSERT INTO definition_relations (definition_id, related_wo...
                                                             ^

2025-01-19 00:26:52,123 - ERROR - Error processing KWF entry 'al•yás': column "related_word_id" of relation "definition_relations" does not exist
LINE 2: ... INSERT INTO definition_relations (definition_id, related_wo...
                                                             ^

2025-01-19 00:26:52,126 - ERROR - Error processing KWF entry 'al•yá•do': column "related_word_id" of relation "definition_relations" does not exist
LINE 2: ... INSERT INTO definition_relations (definition_id, related_wo...
                                                             ^

2025-01-19 00:26:52,130 - ERROR - Error processing KWF entry 'al•yá•sod': column "related_word_id" of relation "definition_relations" does not exist
LINE 2: ... INSERT INTO definition_relations (definition_id, related_wo...
                                                             ^

2025-01-19 00:26:52,149 - ERROR - Error processing KWF entry 'am•ba•án': column "related_word_id" of relation "definition_relations" does not exist
LINE 2: ... INSERT INTO definition_relations (definition_id, related_wo...
                                                             ^

2025-01-19 00:26:52,155 - ERROR - Error processing KWF entry 'am•bi•syón': column "related_word_id" of relation "definition_relations" does not exist
LINE 2: ... INSERT INTO definition_relations (definition_id, related_wo...
                                                             ^

2025-01-19 00:26:52,170 - ERROR - Error processing KWF entry 'am•bu•sán': column "related_word_id" of relation "definition_relations" does not exist
LINE 2: ... INSERT INTO definition_relations (definition_id, related_wo...
                                                             ^

2025-01-19 00:26:52,172 - ERROR - Error processing KWF entry 'am•bág': column "related_word_id" of relation "definition_relations" does not exist
LINE 2: ... INSERT INTO definition_relations (definition_id, related_wo...
                                                             ^

2025-01-19 00:26:52,181 - ERROR - Error processing KWF entry 'am•bâ': column "related_word_id" of relation "definition_relations" does not exist
LINE 2: ... INSERT INTO definition_relations (definition_id, related_wo...
                                                             ^

2025-01-19 00:26:52,186 - ERROR - Error processing KWF entry 'am•bî': column "related_word_id" of relation "definition_relations" does not exist
LINE 2: ... INSERT INTO definition_relations (definition_id, related_wo...
                                                             ^

2025-01-19 00:26:52,189 - ERROR - Error processing KWF entry 'am•bón': column "related_word_id" of relation "definition_relations" does not exist
LINE 2: ... INSERT INTO definition_relations (definition_id, related_wo...
                                                             ^

2025-01-19 00:26:52,201 - ERROR - Error processing KWF entry 'am•pa•tín': column "related_word_id" of relation "definition_relations" does not exist
LINE 2: ... INSERT INTO definition_relations (definition_id, related_wo...
                                                             ^

2025-01-19 00:26:52,209 - ERROR - Error processing KWF entry 'am•pi•yás': column "related_word_id" of relation "definition_relations" does not exist
LINE 2: ... INSERT INTO definition_relations (definition_id, related_wo...
                                                             ^

2025-01-19 00:26:52,218 - ERROR - Error processing KWF entry 'am•pát': column "related_word_id" of relation "definition_relations" does not exist
LINE 2: ... INSERT INTO definition_relations (definition_id, related_wo...
                                                             ^

2025-01-19 00:26:52,234 - ERROR - Error processing KWF entry 'am•pú•nan': column "related_word_id" of relation "definition_relations" does not exist
LINE 2: ... INSERT INTO definition_relations (definition_id, related_wo...
                                                             ^

2025-01-19 00:26:52,253 - ERROR - Error processing KWF entry 'ang•gó': column "related_word_id" of relation "definition_relations" does not exist
LINE 2: ... INSERT INTO definition_relations (definition_id, related_wo...
                                                             ^

2025-01-19 00:26:52,267 - ERROR - Error processing KWF entry 'ang•ka•sán': column "related_word_id" of relation "definition_relations" does not exist
LINE 2: ... INSERT INTO definition_relations (definition_id, related_wo...
                                                             ^

2025-01-19 00:26:52,269 - ERROR - Error processing KWF entry 'ang•ki•nín': column "related_word_id" of relation "definition_relations" does not exist
LINE 2: ... INSERT INTO definition_relations (definition_id, related_wo...
                                                             ^

2025-01-19 00:26:52,276 - ERROR - Error processing KWF entry 'ang•kán': column "related_word_id" of relation "definition_relations" does not exist
LINE 2: ... INSERT INTO definition_relations (definition_id, related_wo...
                                                             ^

2025-01-19 00:26:52,277 - ERROR - Error processing KWF entry 'ang•kás': column "related_word_id" of relation "definition_relations" does not exist
LINE 2: ... INSERT INTO definition_relations (definition_id, related_wo...
                                                             ^

2025-01-19 00:26:52,279 - ERROR - Error processing KWF entry 'ang•kát': column "related_word_id" of relation "definition_relations" does not exist
LINE 2: ... INSERT INTO definition_relations (definition_id, related_wo...
                                                             ^

2025-01-19 00:26:52,286 - ERROR - Error processing KWF entry 'ang•kóp': column "related_word_id" of relation "definition_relations" does not exist
LINE 2: ... INSERT INTO definition_relations (definition_id, related_wo...
                                                             ^

2025-01-19 00:26:52,290 - ERROR - Error processing KWF entry 'ang•láy': column "related_word_id" of relation "definition_relations" does not exist
LINE 2: ... INSERT INTO definition_relations (definition_id, related_wo...
                                                             ^

2025-01-19 00:26:52,302 - ERROR - Error processing KWF entry 'an•duk•ha•ín': column "related_word_id" of relation "definition_relations" does not exist
LINE 2: ... INSERT INTO definition_relations (definition_id, related_wo...
                                                             ^

2025-01-19 00:26:52,305 - ERROR - Error processing KWF entry 'an•duk•hâ': column "related_word_id" of relation "definition_relations" does not exist
LINE 2: ... INSERT INTO definition_relations (definition_id, related_wo...
                                                             ^

2025-01-19 00:26:52,307 - ERROR - Error processing KWF entry 'an•dám•yo': column "related_word_id" of relation "definition_relations" does not exist
LINE 2: ... INSERT INTO definition_relations (definition_id, related_wo...
                                                             ^

2025-01-19 00:26:52,311 - ERROR - Error processing KWF entry 'an•dáp': column "related_word_id" of relation "definition_relations" does not exist
LINE 2: ... INSERT INTO definition_relations (definition_id, related_wo...
                                                             ^

2025-01-19 00:26:52,314 - ERROR - Error processing KWF entry 'an•dár': column "related_word_id" of relation "definition_relations" does not exist
LINE 2: ... INSERT INTO definition_relations (definition_id, related_wo...
                                                             ^

2025-01-19 00:26:52,319 - ERROR - Error processing KWF entry 'an•si•kót': column "related_word_id" of relation "definition_relations" does not exist
LINE 2: ... INSERT INTO definition_relations (definition_id, related_wo...
                                                             ^

2025-01-19 00:26:52,328 - ERROR - Error processing KWF entry 'an•ti•gín': column "related_word_id" of relation "definition_relations" does not exist
LINE 2: ... INSERT INTO definition_relations (definition_id, related_wo...
                                                             ^

2025-01-19 00:26:52,335 - ERROR - Error processing KWF entry 'an•ti•pó•lo': column "related_word_id" of relation "definition_relations" does not exist
LINE 2: ... INSERT INTO definition_relations (definition_id, related_wo...
                                                             ^

2025-01-19 00:26:52,339 - ERROR - Error processing KWF entry 'an•ti•sí•po': column "related_word_id" of relation "definition_relations" does not exist
LINE 2: ... INSERT INTO definition_relations (definition_id, related_wo...
                                                             ^

2025-01-19 00:26:52,342 - ERROR - Error processing KWF entry 'an•ti•tí•law': column "related_word_id" of relation "definition_relations" does not exist
LINE 2: ... INSERT INTO definition_relations (definition_id, related_wo...
                                                             ^

2025-01-19 00:26:52,349 - ERROR - Error processing KWF entry 'an•ták': column "related_word_id" of relation "definition_relations" does not exist
LINE 2: ... INSERT INTO definition_relations (definition_id, related_wo...
                                                             ^

2025-01-19 00:26:52,367 - ERROR - Error processing KWF entry 'an•tót': column "related_word_id" of relation "definition_relations" does not exist
LINE 2: ... INSERT INTO definition_relations (definition_id, related_wo...
                                                             ^

2025-01-19 00:26:52,368 - ERROR - Error processing KWF entry 'an•tú•kin': column "related_word_id" of relation "definition_relations" does not exist
LINE 2: ... INSERT INTO definition_relations (definition_id, related_wo...
                                                             ^

2025-01-19 00:26:52,370 - ERROR - Error processing KWF entry 'an•tú•lang': column "related_word_id" of relation "definition_relations" does not exist
LINE 2: ... INSERT INTO definition_relations (definition_id, related_wo...
                                                             ^

2025-01-19 00:26:52,380 - ERROR - Error processing KWF entry 'an•yá•ya': column "related_word_id" of relation "definition_relations" does not exist
LINE 2: ... INSERT INTO definition_relations (definition_id, related_wo...
                                                             ^

2025-01-19 00:26:52,383 - ERROR - Error processing KWF entry 'an•yíl': column "related_word_id" of relation "definition_relations" does not exist
LINE 2: ... INSERT INTO definition_relations (definition_id, related_wo...
                                                             ^

2025-01-19 00:26:52,386 - ERROR - Error processing KWF entry 'an•yô': column "related_word_id" of relation "definition_relations" does not exist
LINE 2: ... INSERT INTO definition_relations (definition_id, related_wo...
                                                             ^

2025-01-19 00:26:52,393 - ERROR - Error processing KWF entry 'apron': column "related_word_id" of relation "definition_relations" does not exist
LINE 2: ... INSERT INTO definition_relations (definition_id, related_wo...
                                                             ^

2025-01-19 00:26:52,400 - ERROR - Error processing KWF entry 'ar-a•ró': column "related_word_id" of relation "definition_relations" does not exist
LINE 2: ... INSERT INTO definition_relations (definition_id, related_wo...
                                                             ^

2025-01-19 00:26:52,402 - ERROR - Error processing KWF entry 'arena': column "related_word_id" of relation "definition_relations" does not exist
LINE 2: ... INSERT INTO definition_relations (definition_id, related_wo...
                                                             ^

2025-01-19 00:26:52,404 - ERROR - Error processing KWF entry 'armchair': column "related_word_id" of relation "definition_relations" does not exist
LINE 2: ... INSERT INTO definition_relations (definition_id, related_wo...
                                                             ^

2025-01-19 00:26:52,406 - ERROR - Error processing KWF entry 'artesian well': column "related_word_id" of relation "definition_relations" does not exist
LINE 2: ... INSERT INTO definition_relations (definition_id, related_wo...
                                                             ^

2025-01-19 00:26:52,409 - ERROR - Error processing KWF entry 'ar•bit•rá•he': column "related_word_id" of relation "definition_relations" does not exist
LINE 2: ... INSERT INTO definition_relations (definition_id, related_wo...
                                                             ^

2025-01-19 00:26:52,416 - ERROR - Error processing KWF entry 'ar•díl•ya': column "related_word_id" of relation "definition_relations" does not exist
LINE 2: ... INSERT INTO definition_relations (definition_id, related_wo...
                                                             ^

2025-01-19 00:26:52,418 - ERROR - Error processing KWF entry 'ar•gu•mén•to': column "related_word_id" of relation "definition_relations" does not exist
LINE 2: ... INSERT INTO definition_relations (definition_id, related_wo...
                                                             ^

2025-01-19 00:26:52,439 - ERROR - Error processing KWF entry 'ar•má•da': column "related_word_id" of relation "definition_relations" does not exist
LINE 2: ... INSERT INTO definition_relations (definition_id, related_wo...
                                                             ^

2025-01-19 00:26:52,444 - ERROR - Error processing KWF entry 'ar•nís': column "related_word_id" of relation "definition_relations" does not exist
LINE 2: ... INSERT INTO definition_relations (definition_id, related_wo...
                                                             ^

2025-01-19 00:26:52,446 - ERROR - Error processing KWF entry 'ar•ní•bal': column "related_word_id" of relation "definition_relations" does not exist
LINE 2: ... INSERT INTO definition_relations (definition_id, related_wo...
                                                             ^

2025-01-19 00:26:52,450 - ERROR - Error processing KWF entry 'ar•pón': column "related_word_id" of relation "definition_relations" does not exist
LINE 2: ... INSERT INTO definition_relations (definition_id, related_wo...
                                                             ^

2025-01-19 00:26:52,452 - ERROR - Error processing KWF entry 'ar•se•nál': column "related_word_id" of relation "definition_relations" does not exist
LINE 2: ... INSERT INTO definition_relations (definition_id, related_wo...
                                                             ^

2025-01-19 00:26:52,467 - ERROR - Error processing KWF entry 'ar•tís•ti•kó': column "related_word_id" of relation "definition_relations" does not exist
LINE 2: ... INSERT INTO definition_relations (definition_id, related_wo...
                                                             ^

2025-01-19 00:26:52,471 - ERROR - Error processing KWF entry 'ashtray': column "related_word_id" of relation "definition_relations" does not exist
LINE 2: ... INSERT INTO definition_relations (definition_id, related_wo...
                                                             ^

2025-01-19 00:26:52,473 - ERROR - Error processing KWF entry 'assassin': column "related_word_id" of relation "definition_relations" does not exist
LINE 2: ... INSERT INTO definition_relations (definition_id, related_wo...
                                                             ^

2025-01-19 00:26:52,475 - ERROR - Error processing KWF entry 'assassination': column "related_word_id" of relation "definition_relations" does not exist
LINE 2: ... INSERT INTO definition_relations (definition_id, related_wo...
                                                             ^

2025-01-19 00:26:52,477 - ERROR - Error processing KWF entry 'assistant': column "related_word_id" of relation "definition_relations" does not exist
LINE 2: ... INSERT INTO definition_relations (definition_id, related_wo...
                                                             ^

2025-01-19 00:26:52,502 - ERROR - Error processing KWF entry 'as•tâ': column "related_word_id" of relation "definition_relations" does not exist
LINE 2: ... INSERT INTO definition_relations (definition_id, related_wo...
                                                             ^

2025-01-19 00:26:52,507 - ERROR - Error processing KWF entry 'as•yén•da': column "related_word_id" of relation "definition_relations" does not exist
LINE 2: ... INSERT INTO definition_relations (definition_id, related_wo...
                                                             ^

2025-01-19 00:26:52,515 - ERROR - Error processing KWF entry 'at•mós•pe•rá': column "related_word_id" of relation "definition_relations" does not exist
LINE 2: ... INSERT INTO definition_relations (definition_id, related_wo...
                                                             ^

2025-01-19 00:26:52,532 - ERROR - Error processing KWF entry 'aw•di•tór•yum': column "related_word_id" of relation "definition_relations" does not exist
LINE 2: ... INSERT INTO definition_relations (definition_id, related_wo...
                                                             ^

2025-01-19 00:26:52,536 - ERROR - Error processing KWF entry 'aw•top•sí•ya': column "related_word_id" of relation "definition_relations" does not exist
LINE 2: ... INSERT INTO definition_relations (definition_id, related_wo...
                                                             ^

2025-01-19 00:26:52,540 - ERROR - Error processing KWF entry 'aw•to•krá•ta': column "related_word_id" of relation "definition_relations" does not exist
LINE 2: ... INSERT INTO definition_relations (definition_id, related_wo...
                                                             ^

2025-01-19 00:26:52,545 - ERROR - Error processing KWF entry 'aw•tór': column "related_word_id" of relation "definition_relations" does not exist
LINE 2: ... INSERT INTO definition_relations (definition_id, related_wo...
                                                             ^

2025-01-19 00:26:52,547 - ERROR - Error processing KWF entry 'aw•tó•no•mí•ya': column "related_word_id" of relation "definition_relations" does not exist
LINE 2: ... INSERT INTO definition_relations (definition_id, related_wo...
                                                             ^

2025-01-19 00:26:52,549 - ERROR - Error processing KWF entry 'aw•tó•no•mó': column "related_word_id" of relation "definition_relations" does not exist
LINE 2: ... INSERT INTO definition_relations (definition_id, related_wo...
                                                             ^

2025-01-19 00:26:52,561 - ERROR - Error processing KWF entry 'a•ba•ká•da': column "related_word_id" of relation "definition_relations" does not exist
LINE 2: ... INSERT INTO definition_relations (definition_id, related_wo...
                                                             ^

2025-01-19 00:26:52,564 - ERROR - Error processing KWF entry 'a•ba•lá': column "related_word_id" of relation "definition_relations" does not exist
LINE 2: ... INSERT INTO definition_relations (definition_id, related_wo...
                                                             ^

2025-01-19 00:26:52,567 - ERROR - Error processing KWF entry 'a•ba•ngán': column "related_word_id" of relation "definition_relations" does not exist
LINE 2: ... INSERT INTO definition_relations (definition_id, related_wo...
                                                             ^

2025-01-19 00:26:52,583 - ERROR - Error processing KWF entry 'a•ber•yá': column "related_word_id" of relation "definition_relations" does not exist
LINE 2: ... INSERT INTO definition_relations (definition_id, related_wo...
                                                             ^

2025-01-19 00:26:52,588 - ERROR - Error processing KWF entry 'a•be•ní•da': column "related_word_id" of relation "definition_relations" does not exist
LINE 2: ... INSERT INTO definition_relations (definition_id, related_wo...
                                                             ^

2025-01-19 00:26:52,591 - ERROR - Error processing KWF entry 'a•be•se•dár•yo': column "related_word_id" of relation "definition_relations" does not exist
LINE 2: ... INSERT INTO definition_relations (definition_id, related_wo...
                                                             ^

2025-01-19 00:26:52,601 - ERROR - Error processing KWF entry 'a•bo•gá•do': column "related_word_id" of relation "definition_relations" does not exist
LINE 2: ... INSERT INTO definition_relations (definition_id, related_wo...
                                                             ^

2025-01-19 00:26:52,615 - ERROR - Error processing KWF entry 'a•bu•hín': column "related_word_id" of relation "definition_relations" does not exist
LINE 2: ... INSERT INTO definition_relations (definition_id, related_wo...
                                                             ^

2025-01-19 00:26:52,622 - ERROR - Error processing KWF entry 'a•bu•sá•do': column "related_word_id" of relation "definition_relations" does not exist
LINE 2: ... INSERT INTO definition_relations (definition_id, related_wo...
                                                             ^

2025-01-19 00:26:52,629 - ERROR - Error processing KWF entry 'a•bu•tán': column "related_word_id" of relation "definition_relations" does not exist
LINE 2: ... INSERT INTO definition_relations (definition_id, related_wo...
                                                             ^

2025-01-19 00:26:52,632 - ERROR - Error processing KWF entry 'a•bu•tín': column "related_word_id" of relation "definition_relations" does not exist
LINE 2: ... INSERT INTO definition_relations (definition_id, related_wo...
                                                             ^

2025-01-19 00:26:52,637 - ERROR - Error processing KWF entry 'a•báng': column "related_word_id" of relation "definition_relations" does not exist
LINE 2: ... INSERT INTO definition_relations (definition_id, related_wo...
                                                             ^

2025-01-19 00:26:52,640 - ERROR - Error processing KWF entry 'a•bán•se': column "related_word_id" of relation "definition_relations" does not exist
LINE 2: ... INSERT INTO definition_relations (definition_id, related_wo...
                                                             ^

2025-01-19 00:26:52,649 - ERROR - Error processing KWF entry 'a•báy': column "related_word_id" of relation "definition_relations" does not exist
LINE 2: ... INSERT INTO definition_relations (definition_id, related_wo...
                                                             ^

2025-01-19 00:26:52,656 - ERROR - Error processing KWF entry 'a•bá•no': column "related_word_id" of relation "definition_relations" does not exist
LINE 2: ... INSERT INTO definition_relations (definition_id, related_wo...
                                                             ^

2025-01-19 00:26:52,663 - ERROR - Error processing KWF entry 'a•bâ': column "related_word_id" of relation "definition_relations" does not exist
LINE 2: ... INSERT INTO definition_relations (definition_id, related_wo...
                                                             ^

2025-01-19 00:26:52,668 - ERROR - Error processing KWF entry 'a•bís•mo': column "related_word_id" of relation "definition_relations" does not exist
LINE 2: ... INSERT INTO definition_relations (definition_id, related_wo...
                                                             ^

2025-01-19 00:26:52,683 - ERROR - Error processing KWF entry 'a•bót': column "related_word_id" of relation "definition_relations" does not exist
LINE 2: ... INSERT INTO definition_relations (definition_id, related_wo...
                                                             ^

2025-01-19 00:26:52,685 - ERROR - Error processing KWF entry 'a•bót-a•bót': column "related_word_id" of relation "definition_relations" does not exist
LINE 2: ... INSERT INTO definition_relations (definition_id, related_wo...
                                                             ^

2025-01-19 00:26:52,686 - ERROR - Error processing KWF entry 'a•bóy': column "related_word_id" of relation "definition_relations" does not exist
LINE 2: ... INSERT INTO definition_relations (definition_id, related_wo...
                                                             ^

2025-01-19 00:26:52,692 - ERROR - Error processing KWF entry 'a•bú•han': column "related_word_id" of relation "definition_relations" does not exist
LINE 2: ... INSERT INTO definition_relations (definition_id, related_wo...
                                                             ^

2025-01-19 00:26:52,695 - ERROR - Error processing KWF entry 'a•bú•kay': column "related_word_id" of relation "definition_relations" does not exist
LINE 2: ... INSERT INTO definition_relations (definition_id, related_wo...
                                                             ^

2025-01-19 00:26:52,698 - ERROR - Error processing KWF entry 'a•bú•loy': column "related_word_id" of relation "definition_relations" does not exist
LINE 2: ... INSERT INTO definition_relations (definition_id, related_wo...
                                                             ^

2025-01-19 00:26:52,714 - ERROR - Error processing KWF entry 'a•bú•tan': column "related_word_id" of relation "definition_relations" does not exist
LINE 2: ... INSERT INTO definition_relations (definition_id, related_wo...
                                                             ^

