2025-01-18 23:53:34,061 - INFO - Attempting database connection...
2025-01-18 23:53:34,062 - INFO - Database configuration:
2025-01-18 23:53:34,062 - INFO -   Database Name: fil_dict_db
2025-01-18 23:53:34,063 - INFO -   User: postgres
2025-01-18 23:53:34,063 - INFO -   Host: localhost
2025-01-18 23:53:34,063 - INFO -   Password: ********
2025-01-18 23:53:34,300 - INFO - Successfully established database connection
2025-01-18 23:53:34,443 - INFO - Database extensions configured successfully
2025-01-18 23:53:34,443 - INFO - Starting table creation/update process.
2025-01-18 23:53:34,583 - INFO - Tables created or updated successfully.
2025-01-18 23:53:34,584 - INFO - Processing KWF dictionary...
2025-01-18 23:53:35,150 - ERROR - Error processing KWF entry 'Ad•yós!': column "related_word_id" of relation "definition_relations" does not exist
LINE 2: ... INSERT INTO definition_relations (definition_id, related_wo...
                                                             ^

2025-01-18 23:53:35,152 - ERROR - Error processing KWF entry 'Aeta': column "related_word_id" of relation "definition_relations" does not exist
LINE 2: ... INSERT INTO definition_relations (definition_id, related_wo...
                                                             ^

2025-01-18 23:53:35,186 - ERROR - Error processing KWF entry 'As•yá•no': column "related_word_id" of relation "definition_relations" does not exist
LINE 2: ... INSERT INTO definition_relations (definition_id, related_wo...
                                                             ^

2025-01-18 23:53:35,253 - ERROR - Error processing KWF entry 'Batangas': column "related_word_id" of relation "definition_relations" does not exist
LINE 2: ... INSERT INTO definition_relations (definition_id, related_wo...
                                                             ^

2025-01-18 23:53:35,255 - ERROR - Error processing KWF entry 'Bat•ha•là': column "related_word_id" of relation "definition_relations" does not exist
LINE 2: ... INSERT INTO definition_relations (definition_id, related_wo...
                                                             ^

2025-01-18 23:53:35,265 - ERROR - Error processing KWF entry 'Ba•nál na San•tat•ló': column "related_word_id" of relation "definition_relations" does not exist
LINE 2: ... INSERT INTO definition_relations (definition_id, related_wo...
                                                             ^

2025-01-18 23:53:35,333 - ERROR - Error processing KWF entry 'Congrats!': column "related_word_id" of relation "definition_relations" does not exist
LINE 2: ... INSERT INTO definition_relations (definition_id, related_wo...
                                                             ^

2025-01-18 23:53:35,340 - ERROR - Error processing KWF entry 'Da•óng-Da•ú•ngan': column "related_word_id" of relation "definition_relations" does not exist
LINE 2: ... INSERT INTO definition_relations (definition_id, related_wo...
                                                             ^

2025-01-18 23:53:35,349 - ERROR - Error processing KWF entry 'Don': column "related_word_id" of relation "definition_relations" does not exist
LINE 2: ... INSERT INTO definition_relations (definition_id, related_wo...
                                                             ^

2025-01-18 23:53:35,357 - ERROR - Error processing KWF entry 'Dón•ya': column "related_word_id" of relation "definition_relations" does not exist
LINE 2: ... INSERT INTO definition_relations (definition_id, related_wo...
                                                             ^

2025-01-18 23:53:35,362 - ERROR - Error processing KWF entry 'Egypt': column "related_word_id" of relation "definition_relations" does not exist
LINE 2: ... INSERT INTO definition_relations (definition_id, related_wo...
                                                             ^

2025-01-18 23:53:35,366 - ERROR - Error processing KWF entry 'Epifanio de los Santos Avenue': column "related_word_id" of relation "definition_relations" does not exist
LINE 2: ... INSERT INTO definition_relations (definition_id, related_wo...
                                                             ^

2025-01-18 23:53:35,369 - ERROR - Error processing KWF entry 'Es•pan•yól': column "related_word_id" of relation "definition_relations" does not exist
LINE 2: ... INSERT INTO definition_relations (definition_id, related_wo...
                                                             ^

2025-01-18 23:53:35,373 - ERROR - Error processing KWF entry 'Es•tá•dos U•ní•dos': column "related_word_id" of relation "definition_relations" does not exist
LINE 2: ... INSERT INTO definition_relations (definition_id, related_wo...
                                                             ^

2025-01-18 23:53:35,377 - ERROR - Error processing KWF entry 'Europe': column "related_word_id" of relation "definition_relations" does not exist
LINE 2: ... INSERT INTO definition_relations (definition_id, related_wo...
                                                             ^

2025-01-18 23:53:35,383 - ERROR - Error processing KWF entry 'E•dén': column "related_word_id" of relation "definition_relations" does not exist
LINE 2: ... INSERT INTO definition_relations (definition_id, related_wo...
                                                             ^

2025-01-18 23:53:35,399 - ERROR - Error processing KWF entry 'Gat': column "related_word_id" of relation "definition_relations" does not exist
LINE 2: ... INSERT INTO definition_relations (definition_id, related_wo...
                                                             ^

2025-01-18 23:53:35,404 - ERROR - Error processing KWF entry 'German': column "related_word_id" of relation "definition_relations" does not exist
LINE 2: ... INSERT INTO definition_relations (definition_id, related_wo...
                                                             ^

2025-01-18 23:53:35,405 - ERROR - Error processing KWF entry 'Germany': column "related_word_id" of relation "definition_relations" does not exist
LINE 2: ... INSERT INTO definition_relations (definition_id, related_wo...
                                                             ^

2025-01-18 23:53:35,413 - ERROR - Error processing KWF entry 'Great Britain': column "related_word_id" of relation "definition_relations" does not exist
LINE 2: ... INSERT INTO definition_relations (definition_id, related_wo...
                                                             ^

2025-01-18 23:53:35,414 - ERROR - Error processing KWF entry 'Greece': column "related_word_id" of relation "definition_relations" does not exist
LINE 2: ... INSERT INTO definition_relations (definition_id, related_wo...
                                                             ^

2025-01-18 23:53:35,418 - ERROR - Error processing KWF entry 'Gri•yé•go': column "related_word_id" of relation "definition_relations" does not exist
LINE 2: ... INSERT INTO definition_relations (definition_id, related_wo...
                                                             ^

2025-01-18 23:53:35,441 - ERROR - Error processing KWF entry 'Hello!': column "related_word_id" of relation "definition_relations" does not exist
LINE 2: ... INSERT INTO definition_relations (definition_id, related_wo...
                                                             ^

2025-01-18 23:53:35,487 - ERROR - Error processing KWF entry 'Ing•lés': column "related_word_id" of relation "definition_relations" does not exist
LINE 2: ... INSERT INTO definition_relations (definition_id, related_wo...
                                                             ^

2025-01-18 23:53:35,547 - ERROR - Error processing KWF entry 'I•tím': column "related_word_id" of relation "definition_relations" does not exist
LINE 2: ... INSERT INTO definition_relations (definition_id, related_wo...
                                                             ^

2025-01-18 23:53:35,553 - ERROR - Error processing KWF entry 'Japanese': column "related_word_id" of relation "definition_relations" does not exist
LINE 2: ... INSERT INTO definition_relations (definition_id, related_wo...
                                                             ^

2025-01-18 23:53:35,555 - ERROR - Error processing KWF entry 'Ja•pán': column "related_word_id" of relation "definition_relations" does not exist
LINE 2: ... INSERT INTO definition_relations (definition_id, related_wo...
                                                             ^

2025-01-18 23:53:35,622 - ERROR - Error processing KWF entry 'Ka•pu•lu•ngán ng mga Ki•na•ta•wán': column "related_word_id" of relation "definition_relations" does not exist
LINE 2: ... INSERT INTO definition_relations (definition_id, related_wo...
                                                             ^

2025-01-18 23:53:35,655 - ERROR - Error processing KWF entry 'Ka•to•li•sís•mo': column "related_word_id" of relation "definition_relations" does not exist
LINE 2: ... INSERT INTO definition_relations (definition_id, related_wo...
                                                             ^

2025-01-18 23:53:35,696 - ERROR - Error processing KWF entry 'Krís•to': column "related_word_id" of relation "definition_relations" does not exist
LINE 2: ... INSERT INTO definition_relations (definition_id, related_wo...
                                                             ^

2025-01-18 23:53:35,702 - ERROR - Error processing KWF entry 'Ká•ga•wa•rán ng Ka•lu•sú•gan': column "related_word_id" of relation "definition_relations" does not exist
LINE 2: ... INSERT INTO definition_relations (definition_id, related_wo...
                                                             ^

2025-01-18 23:53:35,707 - ERROR - Error processing KWF entry 'Ká•wa•ni•hán ng Ku•wá•ran•té•na': column "related_word_id" of relation "definition_relations" does not exist
LINE 2: ... INSERT INTO definition_relations (definition_id, related_wo...
                                                             ^

2025-01-18 23:53:35,723 - ERROR - Error processing KWF entry 'Ling•gó': column "related_word_id" of relation "definition_relations" does not exist
LINE 2: ... INSERT INTO definition_relations (definition_id, related_wo...
                                                             ^

2025-01-18 23:53:35,738 - ERROR - Error processing KWF entry 'Lu•wal•ha•tì sa A•má': column "related_word_id" of relation "definition_relations" does not exist
LINE 2: ... INSERT INTO definition_relations (definition_id, related_wo...
                                                             ^

2025-01-18 23:53:35,795 - ERROR - Error processing KWF entry 'Ma•hál na Á•raw': column "related_word_id" of relation "definition_relations" does not exist
LINE 2: ... INSERT INTO definition_relations (definition_id, related_wo...
                                                             ^

2025-01-18 23:53:35,846 - ERROR - Error processing KWF entry 'Me•sí•yas': column "related_word_id" of relation "definition_relations" does not exist
LINE 2: ... INSERT INTO definition_relations (definition_id, related_wo...
                                                             ^

2025-01-18 23:53:35,874 - ERROR - Error processing KWF entry 'Mumbai': column "related_word_id" of relation "definition_relations" does not exist
LINE 2: ... INSERT INTO definition_relations (definition_id, related_wo...
                                                             ^

2025-01-18 23:53:35,885 - ERROR - Error processing KWF entry 'Má•dre Do•lo•ró•sa': column "related_word_id" of relation "definition_relations" does not exist
LINE 2: ... INSERT INTO definition_relations (definition_id, related_wo...
                                                             ^

2025-01-18 23:53:35,943 - ERROR - Error processing KWF entry 'O•lím•piks': column "related_word_id" of relation "definition_relations" does not exist
LINE 2: ... INSERT INTO definition_relations (definition_id, related_wo...
                                                             ^

2025-01-18 23:53:35,957 - ERROR - Error processing KWF entry 'Pas•kó': column "related_word_id" of relation "definition_relations" does not exist
LINE 2: ... INSERT INTO definition_relations (definition_id, related_wo...
                                                             ^

2025-01-18 23:53:35,970 - ERROR - Error processing KWF entry 'Pa•ngi•no•ón': column "related_word_id" of relation "definition_relations" does not exist
LINE 2: ... INSERT INTO definition_relations (definition_id, related_wo...
                                                             ^

2025-01-18 23:53:35,977 - ERROR - Error processing KWF entry 'Pa•rí•to!': column "related_word_id" of relation "definition_relations" does not exist
LINE 2: ... INSERT INTO definition_relations (definition_id, related_wo...
                                                             ^

2025-01-18 23:53:36,003 - ERROR - Error processing KWF entry 'Pás•ku•wá': column "related_word_id" of relation "definition_relations" does not exist
LINE 2: ... INSERT INTO definition_relations (definition_id, related_wo...
                                                             ^

2025-01-18 23:53:36,017 - ERROR - Error processing KWF entry 'Qur’an': column "related_word_id" of relation "definition_relations" does not exist
LINE 2: ... INSERT INTO definition_relations (definition_id, related_wo...
                                                             ^

2025-01-18 23:53:36,036 - ERROR - Error processing KWF entry 'Rome': column "related_word_id" of relation "definition_relations" does not exist
LINE 2: ... INSERT INTO definition_relations (definition_id, related_wo...
                                                             ^

2025-01-18 23:53:36,049 - ERROR - Error processing KWF entry 'Sam•púng Ú•tos': column "related_word_id" of relation "definition_relations" does not exist
LINE 2: ... INSERT INTO definition_relations (definition_id, related_wo...
                                                             ^

2025-01-18 23:53:36,083 - ERROR - Error processing KWF entry 'Sánto Pápa': column "related_word_id" of relation "definition_relations" does not exist
LINE 2: ... INSERT INTO definition_relations (definition_id, related_wo...
                                                             ^

2025-01-18 23:53:36,119 - ERROR - Error processing KWF entry 'Ta•ga•lís•ta': column "related_word_id" of relation "definition_relations" does not exist
LINE 2: ... INSERT INTO definition_relations (definition_id, related_wo...
                                                             ^

2025-01-18 23:53:36,132 - ERROR - Error processing KWF entry 'Ta•rá!': column "related_word_id" of relation "definition_relations" does not exist
LINE 2: ... INSERT INTO definition_relations (definition_id, related_wo...
                                                             ^

2025-01-18 23:53:36,155 - ERROR - Error processing KWF entry 'Tsí•no': column "related_word_id" of relation "definition_relations" does not exist
LINE 2: ... INSERT INTO definition_relations (definition_id, related_wo...
                                                             ^

2025-01-18 23:53:36,187 - ERROR - Error processing KWF entry 'Vatican': column "related_word_id" of relation "definition_relations" does not exist
LINE 2: ... INSERT INTO definition_relations (definition_id, related_wo...
                                                             ^

2025-01-18 23:53:36,193 - ERROR - Error processing KWF entry 'Venus': column "related_word_id" of relation "definition_relations" does not exist
LINE 2: ... INSERT INTO definition_relations (definition_id, related_wo...
                                                             ^

2025-01-18 23:53:36,220 - ERROR - Error processing KWF entry 'X-ray': column "related_word_id" of relation "definition_relations" does not exist
LINE 2: ... INSERT INTO definition_relations (definition_id, related_wo...
                                                             ^

2025-01-18 23:53:36,274 - ERROR - Error processing KWF entry 'ab•síng': column "related_word_id" of relation "definition_relations" does not exist
LINE 2: ... INSERT INTO definition_relations (definition_id, related_wo...
                                                             ^

2025-01-18 23:53:36,280 - ERROR - Error processing KWF entry 'ab•wé•lo': column "related_word_id" of relation "definition_relations" does not exist
LINE 2: ... INSERT INTO definition_relations (definition_id, related_wo...
                                                             ^

2025-01-18 23:53:36,284 - ERROR - Error processing KWF entry 'ab•yád': column "related_word_id" of relation "definition_relations" does not exist
LINE 2: ... INSERT INTO definition_relations (definition_id, related_wo...
                                                             ^

2025-01-18 23:53:36,307 - ERROR - Error processing KWF entry 'activation': column "related_word_id" of relation "definition_relations" does not exist
LINE 2: ... INSERT INTO definition_relations (definition_id, related_wo...
                                                             ^

2025-01-18 23:53:36,341 - ERROR - Error processing KWF entry 'advertisement': column "related_word_id" of relation "definition_relations" does not exist
LINE 2: ... INSERT INTO definition_relations (definition_id, related_wo...
                                                             ^

2025-01-18 23:53:36,350 - ERROR - Error processing KWF entry 'ad•hi•kà': column "related_word_id" of relation "definition_relations" does not exist
LINE 2: ... INSERT INTO definition_relations (definition_id, related_wo...
                                                             ^

2025-01-18 23:53:36,354 - ERROR - Error processing KWF entry 'ad•mi•nis•tras•yón': column "related_word_id" of relation "definition_relations" does not exist
LINE 2: ... INSERT INTO definition_relations (definition_id, related_wo...
                                                             ^

2025-01-18 23:53:36,370 - ERROR - Error processing KWF entry 'ad•wâ': column "related_word_id" of relation "definition_relations" does not exist
LINE 2: ... INSERT INTO definition_relations (definition_id, related_wo...
                                                             ^

2025-01-18 23:53:36,374 - ERROR - Error processing KWF entry 'ad•yâ': column "related_word_id" of relation "definition_relations" does not exist
LINE 2: ... INSERT INTO definition_relations (definition_id, related_wo...
                                                             ^

2025-01-18 23:53:36,376 - ERROR - Error processing KWF entry 'ad•yó': column "related_word_id" of relation "definition_relations" does not exist
LINE 2: ... INSERT INTO definition_relations (definition_id, related_wo...
                                                             ^

2025-01-18 23:53:36,382 - ERROR - Error processing KWF entry 'aerodrome': column "related_word_id" of relation "definition_relations" does not exist
LINE 2: ... INSERT INTO definition_relations (definition_id, related_wo...
                                                             ^

2025-01-18 23:53:36,392 - ERROR - Error processing KWF entry 'ag-ág': column "related_word_id" of relation "definition_relations" does not exist
LINE 2: ... INSERT INTO definition_relations (definition_id, related_wo...
                                                             ^

2025-01-18 23:53:36,403 - ERROR - Error processing KWF entry 'ag•dón': column "related_word_id" of relation "definition_relations" does not exist
LINE 2: ... INSERT INTO definition_relations (definition_id, related_wo...
                                                             ^

2025-01-18 23:53:36,409 - ERROR - Error processing KWF entry 'ag•hám': column "related_word_id" of relation "definition_relations" does not exist
LINE 2: ... INSERT INTO definition_relations (definition_id, related_wo...
                                                             ^

2025-01-18 23:53:36,416 - ERROR - Error processing KWF entry 'ag•la•hì': column "related_word_id" of relation "definition_relations" does not exist
LINE 2: ... INSERT INTO definition_relations (definition_id, related_wo...
                                                             ^

2025-01-18 23:53:36,420 - ERROR - Error processing KWF entry 'ag•la•hí•in': column "related_word_id" of relation "definition_relations" does not exist
LINE 2: ... INSERT INTO definition_relations (definition_id, related_wo...
                                                             ^

2025-01-18 23:53:36,445 - ERROR - Error processing KWF entry 'ag•sáw': column "related_word_id" of relation "definition_relations" does not exist
LINE 2: ... INSERT INTO definition_relations (definition_id, related_wo...
                                                             ^

2025-01-18 23:53:36,459 - ERROR - Error processing KWF entry 'ag•wa•síl': column "related_word_id" of relation "definition_relations" does not exist
LINE 2: ... INSERT INTO definition_relations (definition_id, related_wo...
                                                             ^

2025-01-18 23:53:36,467 - ERROR - Error processing KWF entry 'ag•wát': column "related_word_id" of relation "definition_relations" does not exist
LINE 2: ... INSERT INTO definition_relations (definition_id, related_wo...
                                                             ^

2025-01-18 23:53:36,470 - ERROR - Error processing KWF entry 'ag•wát-ag•wát': column "related_word_id" of relation "definition_relations" does not exist
LINE 2: ... INSERT INTO definition_relations (definition_id, related_wo...
                                                             ^

2025-01-18 23:53:36,476 - ERROR - Error processing KWF entry 'ag•wá•do': column "related_word_id" of relation "definition_relations" does not exist
LINE 2: ... INSERT INTO definition_relations (definition_id, related_wo...
                                                             ^

2025-01-18 23:53:36,491 - ERROR - Error processing KWF entry 'aide-de-camp': column "related_word_id" of relation "definition_relations" does not exist
LINE 2: ... INSERT INTO definition_relations (definition_id, related_wo...
                                                             ^

2025-01-18 23:53:36,500 - ERROR - Error processing KWF entry 'air conditioner': column "related_word_id" of relation "definition_relations" does not exist
LINE 2: ... INSERT INTO definition_relations (definition_id, related_wo...
                                                             ^

2025-01-18 23:53:36,507 - ERROR - Error processing KWF entry 'air mail': column "related_word_id" of relation "definition_relations" does not exist
LINE 2: ... INSERT INTO definition_relations (definition_id, related_wo...
                                                             ^

2025-01-18 23:53:36,526 - ERROR - Error processing KWF entry 'airspace': column "related_word_id" of relation "definition_relations" does not exist
LINE 2: ... INSERT INTO definition_relations (definition_id, related_wo...
                                                             ^

2025-01-18 23:53:36,533 - ERROR - Error processing KWF entry 'ak•ba•yán': column "related_word_id" of relation "definition_relations" does not exist
LINE 2: ... INSERT INTO definition_relations (definition_id, related_wo...
                                                             ^

2025-01-18 23:53:36,537 - ERROR - Error processing KWF entry 'ak•báy': column "related_word_id" of relation "definition_relations" does not exist
LINE 2: ... INSERT INTO definition_relations (definition_id, related_wo...
                                                             ^

2025-01-18 23:53:36,554 - ERROR - Error processing KWF entry 'ak•dâ': column "related_word_id" of relation "definition_relations" does not exist
LINE 2: ... INSERT INTO definition_relations (definition_id, related_wo...
                                                             ^

2025-01-18 23:53:36,557 - ERROR - Error processing KWF entry 'ak•la•há': column "related_word_id" of relation "definition_relations" does not exist
LINE 2: ... INSERT INTO definition_relations (definition_id, related_wo...
                                                             ^

2025-01-18 23:53:36,562 - ERROR - Error processing KWF entry 'ak•láng pá•rang': column "related_word_id" of relation "definition_relations" does not exist
LINE 2: ... INSERT INTO definition_relations (definition_id, related_wo...
                                                             ^

2025-01-18 23:53:36,570 - ERROR - Error processing KWF entry 'ak•lát': column "related_word_id" of relation "definition_relations" does not exist
LINE 2: ... INSERT INTO definition_relations (definition_id, related_wo...
                                                             ^

2025-01-18 23:53:36,581 - ERROR - Error processing KWF entry 'ak•lát-pam•pá•a•ra•lán': column "related_word_id" of relation "definition_relations" does not exist
LINE 2: ... INSERT INTO definition_relations (definition_id, related_wo...
                                                             ^

2025-01-18 23:53:36,590 - ERROR - Error processing KWF entry 'ak•lá•tan': column "related_word_id" of relation "definition_relations" does not exist
LINE 2: ... INSERT INTO definition_relations (definition_id, related_wo...
                                                             ^

2025-01-18 23:53:36,604 - ERROR - Error processing KWF entry 'ak•mâ': column "related_word_id" of relation "definition_relations" does not exist
LINE 2: ... INSERT INTO definition_relations (definition_id, related_wo...
                                                             ^

2025-01-18 23:53:36,609 - ERROR - Error processing KWF entry 'ak•sa•ya•hín': column "related_word_id" of relation "definition_relations" does not exist
LINE 2: ... INSERT INTO definition_relations (definition_id, related_wo...
                                                             ^

2025-01-18 23:53:36,613 - ERROR - Error processing KWF entry 'ak•sa•yá': column "related_word_id" of relation "definition_relations" does not exist
LINE 2: ... INSERT INTO definition_relations (definition_id, related_wo...
                                                             ^

2025-01-18 23:53:36,616 - ERROR - Error processing KWF entry 'ak•sa•yá•do': column "related_word_id" of relation "definition_relations" does not exist
LINE 2: ... INSERT INTO definition_relations (definition_id, related_wo...
                                                             ^

2025-01-18 23:53:36,619 - ERROR - Error processing KWF entry 'ak•se•sór•ya': column "related_word_id" of relation "definition_relations" does not exist
LINE 2: ... INSERT INTO definition_relations (definition_id, related_wo...
                                                             ^

2025-01-18 23:53:36,623 - ERROR - Error processing KWF entry 'ak•si•dén•te': column "related_word_id" of relation "definition_relations" does not exist
LINE 2: ... INSERT INTO definition_relations (definition_id, related_wo...
                                                             ^

2025-01-18 23:53:36,632 - ERROR - Error processing KWF entry 'ak•si•yón': column "related_word_id" of relation "definition_relations" does not exist
LINE 2: ... INSERT INTO definition_relations (definition_id, related_wo...
                                                             ^

2025-01-18 23:53:36,641 - ERROR - Error processing KWF entry 'ak•sí•wan': column "related_word_id" of relation "definition_relations" does not exist
LINE 2: ... INSERT INTO definition_relations (definition_id, related_wo...
                                                             ^

2025-01-18 23:53:36,665 - ERROR - Error processing KWF entry 'ak•tu•wár•yo': column "related_word_id" of relation "definition_relations" does not exist
LINE 2: ... INSERT INTO definition_relations (definition_id, related_wo...
                                                             ^

2025-01-18 23:53:36,679 - ERROR - Error processing KWF entry 'ak•ya•tán': column "related_word_id" of relation "definition_relations" does not exist
LINE 2: ... INSERT INTO definition_relations (definition_id, related_wo...
                                                             ^

2025-01-18 23:53:36,686 - ERROR - Error processing KWF entry 'ak•yát': column "related_word_id" of relation "definition_relations" does not exist
LINE 2: ... INSERT INTO definition_relations (definition_id, related_wo...
                                                             ^

2025-01-18 23:53:36,691 - ERROR - Error processing KWF entry 'ak•yá•tan': column "related_word_id" of relation "definition_relations" does not exist
LINE 2: ... INSERT INTO definition_relations (definition_id, related_wo...
                                                             ^

2025-01-18 23:53:36,698 - ERROR - Error processing KWF entry 'albino': column "related_word_id" of relation "definition_relations" does not exist
LINE 2: ... INSERT INTO definition_relations (definition_id, related_wo...
                                                             ^

2025-01-18 23:53:36,707 - ERROR - Error processing KWF entry 'alibi': column "related_word_id" of relation "definition_relations" does not exist
LINE 2: ... INSERT INTO definition_relations (definition_id, related_wo...
                                                             ^

2025-01-18 23:53:36,711 - ERROR - Error processing KWF entry 'alien': column "related_word_id" of relation "definition_relations" does not exist
LINE 2: ... INSERT INTO definition_relations (definition_id, related_wo...
                                                             ^

2025-01-18 23:53:36,719 - ERROR - Error processing KWF entry 'almanac': column "related_word_id" of relation "definition_relations" does not exist
LINE 2: ... INSERT INTO definition_relations (definition_id, related_wo...
                                                             ^

2025-01-18 23:53:36,728 - ERROR - Error processing KWF entry 'al•ba•há•ka': column "related_word_id" of relation "definition_relations" does not exist
LINE 2: ... INSERT INTO definition_relations (definition_id, related_wo...
                                                             ^

2025-01-18 23:53:36,742 - ERROR - Error processing KWF entry 'al•da•bi•sín': column "related_word_id" of relation "definition_relations" does not exist
LINE 2: ... INSERT INTO definition_relations (definition_id, related_wo...
                                                             ^

2025-01-18 23:53:36,745 - ERROR - Error processing KWF entry 'al•da•bá•han': column "related_word_id" of relation "definition_relations" does not exist
LINE 2: ... INSERT INTO definition_relations (definition_id, related_wo...
                                                             ^

2025-01-18 23:53:36,747 - ERROR - Error processing KWF entry 'al•da•bís': column "related_word_id" of relation "definition_relations" does not exist
LINE 2: ... INSERT INTO definition_relations (definition_id, related_wo...
                                                             ^

2025-01-18 23:53:36,753 - ERROR - Error processing KWF entry 'al•dá•ba': column "related_word_id" of relation "definition_relations" does not exist
LINE 2: ... INSERT INTO definition_relations (definition_id, related_wo...
                                                             ^

2025-01-18 23:53:36,756 - ERROR - Error processing KWF entry 'al•gu•dón': column "related_word_id" of relation "definition_relations" does not exist
LINE 2: ... INSERT INTO definition_relations (definition_id, related_wo...
                                                             ^

2025-01-18 23:53:36,767 - ERROR - Error processing KWF entry 'al•kan•si•yá': column "related_word_id" of relation "definition_relations" does not exist
LINE 2: ... INSERT INTO definition_relations (definition_id, related_wo...
                                                             ^

2025-01-18 23:53:36,793 - ERROR - Error processing KWF entry 'al•ko•hól': column "related_word_id" of relation "definition_relations" does not exist
LINE 2: ... INSERT INTO definition_relations (definition_id, related_wo...
                                                             ^

2025-01-18 23:53:36,799 - ERROR - Error processing KWF entry 'al•kál•de': column "related_word_id" of relation "definition_relations" does not exist
LINE 2: ... INSERT INTO definition_relations (definition_id, related_wo...
                                                             ^

2025-01-18 23:53:36,813 - ERROR - Error processing KWF entry 'al•mi•rán•te': column "related_word_id" of relation "definition_relations" does not exist
LINE 2: ... INSERT INTO definition_relations (definition_id, related_wo...
                                                             ^

2025-01-18 23:53:36,830 - ERROR - Error processing KWF entry 'al•mo•rá•nas': column "related_word_id" of relation "definition_relations" does not exist
LINE 2: ... INSERT INTO definition_relations (definition_id, related_wo...
                                                             ^

2025-01-18 23:53:36,834 - ERROR - Error processing KWF entry 'al•mo•wá•da': column "related_word_id" of relation "definition_relations" does not exist
LINE 2: ... INSERT INTO definition_relations (definition_id, related_wo...
                                                             ^

2025-01-18 23:53:36,855 - ERROR - Error processing KWF entry 'al•pa•bé•to': column "related_word_id" of relation "definition_relations" does not exist
LINE 2: ... INSERT INTO definition_relations (definition_id, related_wo...
                                                             ^

2025-01-18 23:53:36,864 - ERROR - Error processing KWF entry 'al•pi•lér': column "related_word_id" of relation "definition_relations" does not exist
LINE 2: ... INSERT INTO definition_relations (definition_id, related_wo...
                                                             ^

2025-01-18 23:53:36,872 - ERROR - Error processing KWF entry 'al•pás': column "related_word_id" of relation "definition_relations" does not exist
LINE 2: ... INSERT INTO definition_relations (definition_id, related_wo...
                                                             ^

2025-01-18 23:53:36,880 - ERROR - Error processing KWF entry 'al•póm•bra': column "related_word_id" of relation "definition_relations" does not exist
LINE 2: ... INSERT INTO definition_relations (definition_id, related_wo...
                                                             ^

2025-01-18 23:53:36,887 - ERROR - Error processing KWF entry 'al•sá': column "related_word_id" of relation "definition_relations" does not exist
LINE 2: ... INSERT INTO definition_relations (definition_id, related_wo...
                                                             ^

2025-01-18 23:53:36,900 - ERROR - Error processing KWF entry 'al•tru•ís•ta': column "related_word_id" of relation "definition_relations" does not exist
LINE 2: ... INSERT INTO definition_relations (definition_id, related_wo...
                                                             ^

2025-01-18 23:53:36,904 - ERROR - Error processing KWF entry 'al•tár': column "related_word_id" of relation "definition_relations" does not exist
LINE 2: ... INSERT INTO definition_relations (definition_id, related_wo...
                                                             ^

2025-01-18 23:53:36,908 - ERROR - Error processing KWF entry 'al•wán': column "related_word_id" of relation "definition_relations" does not exist
LINE 2: ... INSERT INTO definition_relations (definition_id, related_wo...
                                                             ^

2025-01-18 23:53:36,913 - ERROR - Error processing KWF entry 'al•yán•sa': column "related_word_id" of relation "definition_relations" does not exist
LINE 2: ... INSERT INTO definition_relations (definition_id, related_wo...
                                                             ^

2025-01-18 23:53:36,916 - ERROR - Error processing KWF entry 'al•yás': column "related_word_id" of relation "definition_relations" does not exist
LINE 2: ... INSERT INTO definition_relations (definition_id, related_wo...
                                                             ^

2025-01-18 23:53:36,919 - ERROR - Error processing KWF entry 'al•yá•do': column "related_word_id" of relation "definition_relations" does not exist
LINE 2: ... INSERT INTO definition_relations (definition_id, related_wo...
                                                             ^

2025-01-18 23:53:36,922 - ERROR - Error processing KWF entry 'al•yá•sod': column "related_word_id" of relation "definition_relations" does not exist
LINE 2: ... INSERT INTO definition_relations (definition_id, related_wo...
                                                             ^

2025-01-18 23:53:36,938 - ERROR - Error processing KWF entry 'am•ba•án': column "related_word_id" of relation "definition_relations" does not exist
LINE 2: ... INSERT INTO definition_relations (definition_id, related_wo...
                                                             ^

2025-01-18 23:53:36,942 - ERROR - Error processing KWF entry 'am•bi•syón': column "related_word_id" of relation "definition_relations" does not exist
LINE 2: ... INSERT INTO definition_relations (definition_id, related_wo...
                                                             ^

2025-01-18 23:53:36,953 - ERROR - Error processing KWF entry 'am•bu•sán': column "related_word_id" of relation "definition_relations" does not exist
LINE 2: ... INSERT INTO definition_relations (definition_id, related_wo...
                                                             ^

2025-01-18 23:53:36,955 - ERROR - Error processing KWF entry 'am•bág': column "related_word_id" of relation "definition_relations" does not exist
LINE 2: ... INSERT INTO definition_relations (definition_id, related_wo...
                                                             ^

2025-01-18 23:53:36,964 - ERROR - Error processing KWF entry 'am•bâ': column "related_word_id" of relation "definition_relations" does not exist
LINE 2: ... INSERT INTO definition_relations (definition_id, related_wo...
                                                             ^

2025-01-18 23:53:36,969 - ERROR - Error processing KWF entry 'am•bî': column "related_word_id" of relation "definition_relations" does not exist
LINE 2: ... INSERT INTO definition_relations (definition_id, related_wo...
                                                             ^

2025-01-18 23:53:36,972 - ERROR - Error processing KWF entry 'am•bón': column "related_word_id" of relation "definition_relations" does not exist
LINE 2: ... INSERT INTO definition_relations (definition_id, related_wo...
                                                             ^

2025-01-18 23:53:36,989 - ERROR - Error processing KWF entry 'am•pa•tín': column "related_word_id" of relation "definition_relations" does not exist
LINE 2: ... INSERT INTO definition_relations (definition_id, related_wo...
                                                             ^

2025-01-18 23:53:37,003 - ERROR - Error processing KWF entry 'am•pi•yás': column "related_word_id" of relation "definition_relations" does not exist
LINE 2: ... INSERT INTO definition_relations (definition_id, related_wo...
                                                             ^

2025-01-18 23:53:37,016 - ERROR - Error processing KWF entry 'am•pát': column "related_word_id" of relation "definition_relations" does not exist
LINE 2: ... INSERT INTO definition_relations (definition_id, related_wo...
                                                             ^

2025-01-18 23:53:37,041 - ERROR - Error processing KWF entry 'am•pú•nan': column "related_word_id" of relation "definition_relations" does not exist
LINE 2: ... INSERT INTO definition_relations (definition_id, related_wo...
                                                             ^

2025-01-18 23:53:37,064 - ERROR - Error processing KWF entry 'ang•gó': column "related_word_id" of relation "definition_relations" does not exist
LINE 2: ... INSERT INTO definition_relations (definition_id, related_wo...
                                                             ^

2025-01-18 23:53:37,085 - ERROR - Error processing KWF entry 'ang•ka•sán': column "related_word_id" of relation "definition_relations" does not exist
LINE 2: ... INSERT INTO definition_relations (definition_id, related_wo...
                                                             ^

2025-01-18 23:53:37,088 - ERROR - Error processing KWF entry 'ang•ki•nín': column "related_word_id" of relation "definition_relations" does not exist
LINE 2: ... INSERT INTO definition_relations (definition_id, related_wo...
                                                             ^

2025-01-18 23:53:37,102 - ERROR - Error processing KWF entry 'ang•kán': column "related_word_id" of relation "definition_relations" does not exist
LINE 2: ... INSERT INTO definition_relations (definition_id, related_wo...
                                                             ^

2025-01-18 23:53:37,104 - ERROR - Error processing KWF entry 'ang•kás': column "related_word_id" of relation "definition_relations" does not exist
LINE 2: ... INSERT INTO definition_relations (definition_id, related_wo...
                                                             ^

2025-01-18 23:53:37,107 - ERROR - Error processing KWF entry 'ang•kát': column "related_word_id" of relation "definition_relations" does not exist
LINE 2: ... INSERT INTO definition_relations (definition_id, related_wo...
                                                             ^

2025-01-18 23:53:37,122 - ERROR - Error processing KWF entry 'ang•kóp': column "related_word_id" of relation "definition_relations" does not exist
LINE 2: ... INSERT INTO definition_relations (definition_id, related_wo...
                                                             ^

2025-01-18 23:53:37,130 - ERROR - Error processing KWF entry 'ang•láy': column "related_word_id" of relation "definition_relations" does not exist
LINE 2: ... INSERT INTO definition_relations (definition_id, related_wo...
                                                             ^

2025-01-18 23:53:37,166 - ERROR - Error processing KWF entry 'an•duk•ha•ín': column "related_word_id" of relation "definition_relations" does not exist
LINE 2: ... INSERT INTO definition_relations (definition_id, related_wo...
                                                             ^

2025-01-18 23:53:37,172 - ERROR - Error processing KWF entry 'an•duk•hâ': column "related_word_id" of relation "definition_relations" does not exist
LINE 2: ... INSERT INTO definition_relations (definition_id, related_wo...
                                                             ^

2025-01-18 23:53:37,177 - ERROR - Error processing KWF entry 'an•dám•yo': column "related_word_id" of relation "definition_relations" does not exist
LINE 2: ... INSERT INTO definition_relations (definition_id, related_wo...
                                                             ^

2025-01-18 23:53:37,184 - ERROR - Error processing KWF entry 'an•dáp': column "related_word_id" of relation "definition_relations" does not exist
LINE 2: ... INSERT INTO definition_relations (definition_id, related_wo...
                                                             ^

2025-01-18 23:53:37,189 - ERROR - Error processing KWF entry 'an•dár': column "related_word_id" of relation "definition_relations" does not exist
LINE 2: ... INSERT INTO definition_relations (definition_id, related_wo...
                                                             ^

2025-01-18 23:53:37,206 - ERROR - Error processing KWF entry 'an•si•kót': column "related_word_id" of relation "definition_relations" does not exist
LINE 2: ... INSERT INTO definition_relations (definition_id, related_wo...
                                                             ^

2025-01-18 23:53:37,240 - ERROR - Error processing KWF entry 'an•ti•gín': column "related_word_id" of relation "definition_relations" does not exist
LINE 2: ... INSERT INTO definition_relations (definition_id, related_wo...
                                                             ^

2025-01-18 23:53:37,257 - ERROR - Error processing KWF entry 'an•ti•pó•lo': column "related_word_id" of relation "definition_relations" does not exist
LINE 2: ... INSERT INTO definition_relations (definition_id, related_wo...
                                                             ^

2025-01-18 23:53:37,271 - ERROR - Error processing KWF entry 'an•ti•sí•po': column "related_word_id" of relation "definition_relations" does not exist
LINE 2: ... INSERT INTO definition_relations (definition_id, related_wo...
                                                             ^

2025-01-18 23:53:37,279 - ERROR - Error processing KWF entry 'an•ti•tí•law': column "related_word_id" of relation "definition_relations" does not exist
LINE 2: ... INSERT INTO definition_relations (definition_id, related_wo...
                                                             ^

2025-01-18 23:53:37,301 - ERROR - Error processing KWF entry 'an•ták': column "related_word_id" of relation "definition_relations" does not exist
LINE 2: ... INSERT INTO definition_relations (definition_id, related_wo...
                                                             ^

2025-01-18 23:53:37,358 - ERROR - Error processing KWF entry 'an•tót': column "related_word_id" of relation "definition_relations" does not exist
LINE 2: ... INSERT INTO definition_relations (definition_id, related_wo...
                                                             ^

2025-01-18 23:53:37,362 - ERROR - Error processing KWF entry 'an•tú•kin': column "related_word_id" of relation "definition_relations" does not exist
LINE 2: ... INSERT INTO definition_relations (definition_id, related_wo...
                                                             ^

2025-01-18 23:53:37,366 - ERROR - Error processing KWF entry 'an•tú•lang': column "related_word_id" of relation "definition_relations" does not exist
LINE 2: ... INSERT INTO definition_relations (definition_id, related_wo...
                                                             ^

2025-01-18 23:53:37,389 - ERROR - Error processing KWF entry 'an•yá•ya': column "related_word_id" of relation "definition_relations" does not exist
LINE 2: ... INSERT INTO definition_relations (definition_id, related_wo...
                                                             ^

2025-01-18 23:53:37,395 - ERROR - Error processing KWF entry 'an•yíl': column "related_word_id" of relation "definition_relations" does not exist
LINE 2: ... INSERT INTO definition_relations (definition_id, related_wo...
                                                             ^

2025-01-18 23:53:37,405 - ERROR - Error processing KWF entry 'an•yô': column "related_word_id" of relation "definition_relations" does not exist
LINE 2: ... INSERT INTO definition_relations (definition_id, related_wo...
                                                             ^

2025-01-18 23:53:37,422 - ERROR - Error processing KWF entry 'apron': column "related_word_id" of relation "definition_relations" does not exist
LINE 2: ... INSERT INTO definition_relations (definition_id, related_wo...
                                                             ^

2025-01-18 23:53:37,444 - ERROR - Error processing KWF entry 'ar-a•ró': column "related_word_id" of relation "definition_relations" does not exist
LINE 2: ... INSERT INTO definition_relations (definition_id, related_wo...
                                                             ^

2025-01-18 23:53:37,448 - ERROR - Error processing KWF entry 'arena': column "related_word_id" of relation "definition_relations" does not exist
LINE 2: ... INSERT INTO definition_relations (definition_id, related_wo...
                                                             ^

2025-01-18 23:53:37,453 - ERROR - Error processing KWF entry 'armchair': column "related_word_id" of relation "definition_relations" does not exist
LINE 2: ... INSERT INTO definition_relations (definition_id, related_wo...
                                                             ^

2025-01-18 23:53:37,459 - ERROR - Error processing KWF entry 'artesian well': column "related_word_id" of relation "definition_relations" does not exist
LINE 2: ... INSERT INTO definition_relations (definition_id, related_wo...
                                                             ^

2025-01-18 23:53:37,469 - ERROR - Error processing KWF entry 'ar•bit•rá•he': column "related_word_id" of relation "definition_relations" does not exist
LINE 2: ... INSERT INTO definition_relations (definition_id, related_wo...
                                                             ^

2025-01-18 23:53:37,490 - ERROR - Error processing KWF entry 'ar•díl•ya': column "related_word_id" of relation "definition_relations" does not exist
LINE 2: ... INSERT INTO definition_relations (definition_id, related_wo...
                                                             ^

2025-01-18 23:53:37,499 - ERROR - Error processing KWF entry 'ar•gu•mén•to': column "related_word_id" of relation "definition_relations" does not exist
LINE 2: ... INSERT INTO definition_relations (definition_id, related_wo...
                                                             ^

2025-01-18 23:53:37,562 - ERROR - Error processing KWF entry 'ar•má•da': column "related_word_id" of relation "definition_relations" does not exist
LINE 2: ... INSERT INTO definition_relations (definition_id, related_wo...
                                                             ^

2025-01-18 23:53:37,578 - ERROR - Error processing KWF entry 'ar•nís': column "related_word_id" of relation "definition_relations" does not exist
LINE 2: ... INSERT INTO definition_relations (definition_id, related_wo...
                                                             ^

2025-01-18 23:53:37,583 - ERROR - Error processing KWF entry 'ar•ní•bal': column "related_word_id" of relation "definition_relations" does not exist
LINE 2: ... INSERT INTO definition_relations (definition_id, related_wo...
                                                             ^

2025-01-18 23:53:37,592 - ERROR - Error processing KWF entry 'ar•pón': column "related_word_id" of relation "definition_relations" does not exist
LINE 2: ... INSERT INTO definition_relations (definition_id, related_wo...
                                                             ^

2025-01-18 23:53:37,597 - ERROR - Error processing KWF entry 'ar•se•nál': column "related_word_id" of relation "definition_relations" does not exist
LINE 2: ... INSERT INTO definition_relations (definition_id, related_wo...
                                                             ^

2025-01-18 23:53:37,641 - ERROR - Error processing KWF entry 'ar•tís•ti•kó': column "related_word_id" of relation "definition_relations" does not exist
LINE 2: ... INSERT INTO definition_relations (definition_id, related_wo...
                                                             ^

2025-01-18 23:53:37,655 - ERROR - Error processing KWF entry 'ashtray': column "related_word_id" of relation "definition_relations" does not exist
LINE 2: ... INSERT INTO definition_relations (definition_id, related_wo...
                                                             ^

2025-01-18 23:53:37,661 - ERROR - Error processing KWF entry 'assassin': column "related_word_id" of relation "definition_relations" does not exist
LINE 2: ... INSERT INTO definition_relations (definition_id, related_wo...
                                                             ^

2025-01-18 23:53:37,668 - ERROR - Error processing KWF entry 'assassination': column "related_word_id" of relation "definition_relations" does not exist
LINE 2: ... INSERT INTO definition_relations (definition_id, related_wo...
                                                             ^

2025-01-18 23:53:37,673 - ERROR - Error processing KWF entry 'assistant': column "related_word_id" of relation "definition_relations" does not exist
LINE 2: ... INSERT INTO definition_relations (definition_id, related_wo...
                                                             ^

2025-01-18 23:53:37,738 - ERROR - Error processing KWF entry 'as•tâ': column "related_word_id" of relation "definition_relations" does not exist
LINE 2: ... INSERT INTO definition_relations (definition_id, related_wo...
                                                             ^

2025-01-18 23:53:37,746 - ERROR - Error processing KWF entry 'as•yén•da': column "related_word_id" of relation "definition_relations" does not exist
LINE 2: ... INSERT INTO definition_relations (definition_id, related_wo...
                                                             ^

2025-01-18 23:53:37,761 - ERROR - Error processing KWF entry 'at•mós•pe•rá': column "related_word_id" of relation "definition_relations" does not exist
LINE 2: ... INSERT INTO definition_relations (definition_id, related_wo...
                                                             ^

2025-01-18 23:53:37,798 - ERROR - Error processing KWF entry 'aw•di•tór•yum': column "related_word_id" of relation "definition_relations" does not exist
LINE 2: ... INSERT INTO definition_relations (definition_id, related_wo...
                                                             ^

2025-01-18 23:53:37,803 - ERROR - Error processing KWF entry 'aw•top•sí•ya': column "related_word_id" of relation "definition_relations" does not exist
LINE 2: ... INSERT INTO definition_relations (definition_id, related_wo...
                                                             ^

2025-01-18 23:53:37,811 - ERROR - Error processing KWF entry 'aw•to•krá•ta': column "related_word_id" of relation "definition_relations" does not exist
LINE 2: ... INSERT INTO definition_relations (definition_id, related_wo...
                                                             ^

2025-01-18 23:53:37,820 - ERROR - Error processing KWF entry 'aw•tór': column "related_word_id" of relation "definition_relations" does not exist
LINE 2: ... INSERT INTO definition_relations (definition_id, related_wo...
                                                             ^

2025-01-18 23:53:37,824 - ERROR - Error processing KWF entry 'aw•tó•no•mí•ya': column "related_word_id" of relation "definition_relations" does not exist
LINE 2: ... INSERT INTO definition_relations (definition_id, related_wo...
                                                             ^

2025-01-18 23:53:37,827 - ERROR - Error processing KWF entry 'aw•tó•no•mó': column "related_word_id" of relation "definition_relations" does not exist
LINE 2: ... INSERT INTO definition_relations (definition_id, related_wo...
                                                             ^

2025-01-18 23:53:37,858 - ERROR - Error processing KWF entry 'a•ba•ká•da': column "related_word_id" of relation "definition_relations" does not exist
LINE 2: ... INSERT INTO definition_relations (definition_id, related_wo...
                                                             ^

2025-01-18 23:53:37,864 - ERROR - Error processing KWF entry 'a•ba•lá': column "related_word_id" of relation "definition_relations" does not exist
LINE 2: ... INSERT INTO definition_relations (definition_id, related_wo...
                                                             ^

2025-01-18 23:53:37,872 - ERROR - Error processing KWF entry 'a•ba•ngán': column "related_word_id" of relation "definition_relations" does not exist
LINE 2: ... INSERT INTO definition_relations (definition_id, related_wo...
                                                             ^

2025-01-18 23:53:37,903 - ERROR - Error processing KWF entry 'a•ber•yá': column "related_word_id" of relation "definition_relations" does not exist
LINE 2: ... INSERT INTO definition_relations (definition_id, related_wo...
                                                             ^

2025-01-18 23:53:37,913 - ERROR - Error processing KWF entry 'a•be•ní•da': column "related_word_id" of relation "definition_relations" does not exist
LINE 2: ... INSERT INTO definition_relations (definition_id, related_wo...
                                                             ^

2025-01-18 23:53:37,917 - ERROR - Error processing KWF entry 'a•be•se•dár•yo': column "related_word_id" of relation "definition_relations" does not exist
LINE 2: ... INSERT INTO definition_relations (definition_id, related_wo...
                                                             ^

2025-01-18 23:53:37,941 - ERROR - Error processing KWF entry 'a•bo•gá•do': column "related_word_id" of relation "definition_relations" does not exist
LINE 2: ... INSERT INTO definition_relations (definition_id, related_wo...
                                                             ^

2025-01-18 23:53:37,970 - ERROR - Error processing KWF entry 'a•bu•hín': column "related_word_id" of relation "definition_relations" does not exist
LINE 2: ... INSERT INTO definition_relations (definition_id, related_wo...
                                                             ^

2025-01-18 23:53:37,982 - ERROR - Error processing KWF entry 'a•bu•sá•do': column "related_word_id" of relation "definition_relations" does not exist
LINE 2: ... INSERT INTO definition_relations (definition_id, related_wo...
                                                             ^

2025-01-18 23:53:37,992 - ERROR - Error processing KWF entry 'a•bu•tán': column "related_word_id" of relation "definition_relations" does not exist
LINE 2: ... INSERT INTO definition_relations (definition_id, related_wo...
                                                             ^

2025-01-18 23:53:37,996 - ERROR - Error processing KWF entry 'a•bu•tín': column "related_word_id" of relation "definition_relations" does not exist
LINE 2: ... INSERT INTO definition_relations (definition_id, related_wo...
                                                             ^

2025-01-18 23:53:38,006 - ERROR - Error processing KWF entry 'a•báng': column "related_word_id" of relation "definition_relations" does not exist
LINE 2: ... INSERT INTO definition_relations (definition_id, related_wo...
                                                             ^

2025-01-18 23:53:38,012 - ERROR - Error processing KWF entry 'a•bán•se': column "related_word_id" of relation "definition_relations" does not exist
LINE 2: ... INSERT INTO definition_relations (definition_id, related_wo...
                                                             ^

2025-01-18 23:53:38,026 - ERROR - Error processing KWF entry 'a•báy': column "related_word_id" of relation "definition_relations" does not exist
LINE 2: ... INSERT INTO definition_relations (definition_id, related_wo...
                                                             ^

2025-01-18 23:53:38,038 - ERROR - Error processing KWF entry 'a•bá•no': column "related_word_id" of relation "definition_relations" does not exist
LINE 2: ... INSERT INTO definition_relations (definition_id, related_wo...
                                                             ^

2025-01-18 23:53:38,045 - ERROR - Error processing KWF entry 'a•bâ': column "related_word_id" of relation "definition_relations" does not exist
LINE 2: ... INSERT INTO definition_relations (definition_id, related_wo...
                                                             ^

2025-01-18 23:53:38,052 - ERROR - Error processing KWF entry 'a•bís•mo': column "related_word_id" of relation "definition_relations" does not exist
LINE 2: ... INSERT INTO definition_relations (definition_id, related_wo...
                                                             ^

2025-01-18 23:53:38,080 - ERROR - Error processing KWF entry 'a•bót': column "related_word_id" of relation "definition_relations" does not exist
LINE 2: ... INSERT INTO definition_relations (definition_id, related_wo...
                                                             ^

2025-01-18 23:53:38,084 - ERROR - Error processing KWF entry 'a•bót-a•bót': column "related_word_id" of relation "definition_relations" does not exist
LINE 2: ... INSERT INTO definition_relations (definition_id, related_wo...
                                                             ^

2025-01-18 23:53:38,087 - ERROR - Error processing KWF entry 'a•bóy': column "related_word_id" of relation "definition_relations" does not exist
LINE 2: ... INSERT INTO definition_relations (definition_id, related_wo...
                                                             ^

2025-01-18 23:53:38,101 - ERROR - Error processing KWF entry 'a•bú•han': column "related_word_id" of relation "definition_relations" does not exist
LINE 2: ... INSERT INTO definition_relations (definition_id, related_wo...
                                                             ^

2025-01-18 23:53:38,105 - ERROR - Error processing KWF entry 'a•bú•kay': column "related_word_id" of relation "definition_relations" does not exist
LINE 2: ... INSERT INTO definition_relations (definition_id, related_wo...
                                                             ^

2025-01-18 23:53:38,111 - ERROR - Error processing KWF entry 'a•bú•loy': column "related_word_id" of relation "definition_relations" does not exist
LINE 2: ... INSERT INTO definition_relations (definition_id, related_wo...
                                                             ^

2025-01-18 23:53:38,134 - ERROR - Error processing KWF entry 'a•bú•tan': column "related_word_id" of relation "definition_relations" does not exist
LINE 2: ... INSERT INTO definition_relations (definition_id, related_wo...
                                                             ^

2025-01-18 23:53:38,151 - ERROR - Error processing KWF entry 'a•de•lán•to': column "related_word_id" of relation "definition_relations" does not exist
LINE 2: ... INSERT INTO definition_relations (definition_id, related_wo...
                                                             ^

2025-01-18 23:53:38,162 - ERROR - Error processing KWF entry 'a•do•le•sén•te': column "related_word_id" of relation "definition_relations" does not exist
LINE 2: ... INSERT INTO definition_relations (definition_id, related_wo...
                                                             ^

2025-01-18 23:53:38,188 - ERROR - Error processing KWF entry 'a•dyén•da': column "related_word_id" of relation "definition_relations" does not exist
LINE 2: ... INSERT INTO definition_relations (definition_id, related_wo...
                                                             ^

2025-01-18 23:53:38,196 - ERROR - Error processing KWF entry 'a•dél•fa': column "related_word_id" of relation "definition_relations" does not exist
LINE 2: ... INSERT INTO definition_relations (definition_id, related_wo...
                                                             ^

2025-01-18 23:53:38,234 - ERROR - Error processing KWF entry 'a•git-ít': column "related_word_id" of relation "definition_relations" does not exist
LINE 2: ... INSERT INTO definition_relations (definition_id, related_wo...
                                                             ^

2025-01-18 23:53:38,241 - ERROR - Error processing KWF entry 'a•gi•nál•do': column "related_word_id" of relation "definition_relations" does not exist
LINE 2: ... INSERT INTO definition_relations (definition_id, related_wo...
                                                             ^

2025-01-18 23:53:38,250 - ERROR - Error processing KWF entry 'a•gi•yó': column "related_word_id" of relation "definition_relations" does not exist
LINE 2: ... INSERT INTO definition_relations (definition_id, related_wo...
                                                             ^

2025-01-18 23:53:38,263 - ERROR - Error processing KWF entry 'a•gras•yá•do': column "related_word_id" of relation "definition_relations" does not exist
LINE 2: ... INSERT INTO definition_relations (definition_id, related_wo...
                                                             ^

2025-01-18 23:53:38,277 - ERROR - Error processing KWF entry 'a•gri•kul•tór': column "related_word_id" of relation "definition_relations" does not exist
LINE 2: ... INSERT INTO definition_relations (definition_id, related_wo...
                                                             ^

2025-01-18 23:53:38,280 - ERROR - Error processing KWF entry 'a•gri•kul•tú•ra': column "related_word_id" of relation "definition_relations" does not exist
LINE 2: ... INSERT INTO definition_relations (definition_id, related_wo...
                                                             ^

2025-01-18 23:53:38,283 - ERROR - Error processing KWF entry 'a•gri•men•sór': column "related_word_id" of relation "definition_relations" does not exist
LINE 2: ... INSERT INTO definition_relations (definition_id, related_wo...
                                                             ^

2025-01-18 23:53:38,290 - ERROR - Error processing KWF entry 'a•gun•yás': column "related_word_id" of relation "definition_relations" does not exist
LINE 2: ... INSERT INTO definition_relations (definition_id, related_wo...
                                                             ^

2025-01-18 23:53:38,293 - ERROR - Error processing KWF entry 'a•gu•híl•ya': column "related_word_id" of relation "definition_relations" does not exist
LINE 2: ... INSERT INTO definition_relations (definition_id, related_wo...
                                                             ^

2025-01-18 23:53:38,296 - ERROR - Error processing KWF entry 'a•gu•hò': column "related_word_id" of relation "definition_relations" does not exist
LINE 2: ... INSERT INTO definition_relations (definition_id, related_wo...
                                                             ^

2025-01-18 23:53:38,300 - ERROR - Error processing KWF entry 'a•gu•sán': column "related_word_id" of relation "definition_relations" does not exist
LINE 2: ... INSERT INTO definition_relations (definition_id, related_wo...
                                                             ^

2025-01-18 23:53:38,307 - ERROR - Error processing KWF entry 'a•gád': column "related_word_id" of relation "definition_relations" does not exist
LINE 2: ... INSERT INTO definition_relations (definition_id, related_wo...
                                                             ^

2025-01-18 23:53:38,312 - ERROR - Error processing KWF entry 'a•gád-a•gád': column "related_word_id" of relation "definition_relations" does not exist
LINE 2: ... INSERT INTO definition_relations (definition_id, related_wo...
                                                             ^

2025-01-18 23:53:38,317 - ERROR - Error processing KWF entry 'a•gák': column "related_word_id" of relation "definition_relations" does not exist
LINE 2: ... INSERT INTO definition_relations (definition_id, related_wo...
                                                             ^

2025-01-18 23:53:38,325 - ERROR - Error processing KWF entry 'a•gá•ak': column "related_word_id" of relation "definition_relations" does not exist
LINE 2: ... INSERT INTO definition_relations (definition_id, related_wo...
                                                             ^

2025-01-18 23:53:38,327 - ERROR - Error processing KWF entry 'a•gá•han': column "related_word_id" of relation "definition_relations" does not exist
LINE 2: ... INSERT INTO definition_relations (definition_id, related_wo...
                                                             ^

2025-01-18 23:53:38,337 - ERROR - Error processing KWF entry 'a•gí•mat': column "related_word_id" of relation "definition_relations" does not exist
LINE 2: ... INSERT INTO definition_relations (definition_id, related_wo...
                                                             ^

2025-01-18 23:53:38,340 - ERROR - Error processing KWF entry 'a•gí•ngay': column "related_word_id" of relation "definition_relations" does not exist
LINE 2: ... INSERT INTO definition_relations (definition_id, related_wo...
                                                             ^

2025-01-18 23:53:38,368 - ERROR - Error processing KWF entry 'a•hén•si•yá': column "related_word_id" of relation "definition_relations" does not exist
LINE 2: ... INSERT INTO definition_relations (definition_id, related_wo...
                                                             ^

2025-01-18 23:53:38,371 - ERROR - Error processing KWF entry 'a•hén•te': column "related_word_id" of relation "definition_relations" does not exist
LINE 2: ... INSERT INTO definition_relations (definition_id, related_wo...
                                                             ^

2025-01-18 23:53:38,381 - ERROR - Error processing KWF entry 'a•hú•nan': column "related_word_id" of relation "definition_relations" does not exist
LINE 2: ... INSERT INTO definition_relations (definition_id, related_wo...
                                                             ^

2025-01-18 23:53:38,391 - ERROR - Error processing KWF entry 'a•ka•dém•ya': column "related_word_id" of relation "definition_relations" does not exist
LINE 2: ... INSERT INTO definition_relations (definition_id, related_wo...
                                                             ^

2025-01-18 23:53:38,398 - ERROR - Error processing KWF entry 'a•ka•là': column "related_word_id" of relation "definition_relations" does not exist
LINE 2: ... INSERT INTO definition_relations (definition_id, related_wo...
                                                             ^

2025-01-18 23:53:38,403 - ERROR - Error processing KWF entry 'a•ka•pa•rá•do': column "related_word_id" of relation "definition_relations" does not exist
LINE 2: ... INSERT INTO definition_relations (definition_id, related_wo...
                                                             ^

2025-01-18 23:53:38,407 - ERROR - Error processing KWF entry 'a•ka•pá•ra': column "related_word_id" of relation "definition_relations" does not exist
LINE 2: ... INSERT INTO definition_relations (definition_id, related_wo...
                                                             ^

2025-01-18 23:53:38,409 - ERROR - Error processing KWF entry 'a•kom•pan•ya•mén•to': column "related_word_id" of relation "definition_relations" does not exist
LINE 2: ... INSERT INTO definition_relations (definition_id, related_wo...
                                                             ^

2025-01-18 23:53:38,414 - ERROR - Error processing KWF entry 'a•kor•de•ón': column "related_word_id" of relation "definition_relations" does not exist
LINE 2: ... INSERT INTO definition_relations (definition_id, related_wo...
                                                             ^

2025-01-18 23:53:38,416 - ERROR - Error processing KWF entry 'a•ko•mo•das•yón': column "related_word_id" of relation "definition_relations" does not exist
LINE 2: ... INSERT INTO definition_relations (definition_id, related_wo...
                                                             ^

2025-01-18 23:53:38,437 - ERROR - Error processing KWF entry 'a•ku•sa•dór': column "related_word_id" of relation "definition_relations" does not exist
LINE 2: ... INSERT INTO definition_relations (definition_id, related_wo...
                                                             ^

2025-01-18 23:53:38,450 - ERROR - Error processing KWF entry 'a•ku•sá•do': column "related_word_id" of relation "definition_relations" does not exist
LINE 2: ... INSERT INTO definition_relations (definition_id, related_wo...
                                                             ^

2025-01-18 23:53:38,459 - ERROR - Error processing KWF entry 'a•káwn•tant': column "related_word_id" of relation "definition_relations" does not exist
LINE 2: ... INSERT INTO definition_relations (definition_id, related_wo...
                                                             ^

2025-01-18 23:53:38,469 - ERROR - Error processing KWF entry 'a•kíp': column "related_word_id" of relation "definition_relations" does not exist
LINE 2: ... INSERT INTO definition_relations (definition_id, related_wo...
                                                             ^

2025-01-18 23:53:38,475 - ERROR - Error processing KWF entry 'a•kí•tin': column "related_word_id" of relation "definition_relations" does not exist
LINE 2: ... INSERT INTO definition_relations (definition_id, related_wo...
                                                             ^

2025-01-18 23:53:38,504 - ERROR - Error processing KWF entry 'a•kús•tiks': column "related_word_id" of relation "definition_relations" does not exist
LINE 2: ... INSERT INTO definition_relations (definition_id, related_wo...
                                                             ^

2025-01-18 23:53:38,517 - ERROR - Error processing KWF entry 'a•lak•dán': column "related_word_id" of relation "definition_relations" does not exist
LINE 2: ... INSERT INTO definition_relations (definition_id, related_wo...
                                                             ^

2025-01-18 23:53:38,525 - ERROR - Error processing KWF entry 'a•lam•bí•ke': column "related_word_id" of relation "definition_relations" does not exist
LINE 2: ... INSERT INTO definition_relations (definition_id, related_wo...
                                                             ^

2025-01-18 23:53:38,532 - ERROR - Error processing KWF entry 'a•lam•páy': column "related_word_id" of relation "definition_relations" does not exist
LINE 2: ... INSERT INTO definition_relations (definition_id, related_wo...
                                                             ^

2025-01-18 23:53:38,545 - ERROR - Error processing KWF entry 'a•la•bát': column "related_word_id" of relation "definition_relations" does not exist
LINE 2: ... INSERT INTO definition_relations (definition_id, related_wo...
                                                             ^

2025-01-18 23:53:38,552 - ERROR - Error processing KWF entry 'a•la•ga•tâ': column "related_word_id" of relation "definition_relations" does not exist
LINE 2: ... INSERT INTO definition_relations (definition_id, related_wo...
                                                             ^

2025-01-18 23:53:38,555 - ERROR - Error processing KWF entry 'a•la•gà': column "related_word_id" of relation "definition_relations" does not exist
LINE 2: ... INSERT INTO definition_relations (definition_id, related_wo...
                                                             ^

2025-01-18 23:53:38,557 - ERROR - Error processing KWF entry 'a•la•gád': column "related_word_id" of relation "definition_relations" does not exist
LINE 2: ... INSERT INTO definition_relations (definition_id, related_wo...
                                                             ^

2025-01-18 23:53:38,563 - ERROR - Error processing KWF entry 'a•la•gáw-gú•bat': column "related_word_id" of relation "definition_relations" does not exist
LINE 2: ... INSERT INTO definition_relations (definition_id, related_wo...
                                                             ^

2025-01-18 23:53:38,566 - ERROR - Error processing KWF entry 'a•la•gá•an': column "related_word_id" of relation "definition_relations" does not exist
LINE 2: ... INSERT INTO definition_relations (definition_id, related_wo...
                                                             ^

2025-01-18 23:53:38,573 - ERROR - Error processing KWF entry 'a•la•hé•ro': column "related_word_id" of relation "definition_relations" does not exist
LINE 2: ... INSERT INTO definition_relations (definition_id, related_wo...
                                                             ^

2025-01-18 23:53:38,576 - ERROR - Error processing KWF entry 'a•la•kán': column "related_word_id" of relation "definition_relations" does not exist
LINE 2: ... INSERT INTO definition_relations (definition_id, related_wo...
                                                             ^

2025-01-18 23:53:38,586 - ERROR - Error processing KWF entry 'a•la•lá': column "related_word_id" of relation "definition_relations" does not exist
LINE 2: ... INSERT INTO definition_relations (definition_id, related_wo...
                                                             ^

2025-01-18 23:53:38,593 - ERROR - Error processing KWF entry 'a•la•má': column "related_word_id" of relation "definition_relations" does not exist
LINE 2: ... INSERT INTO definition_relations (definition_id, related_wo...
                                                             ^

2025-01-18 23:53:38,595 - ERROR - Error processing KWF entry 'a•la•máng': column "related_word_id" of relation "definition_relations" does not exist
LINE 2: ... INSERT INTO definition_relations (definition_id, related_wo...
                                                             ^

2025-01-18 23:53:38,597 - ERROR - Error processing KWF entry 'a•la•mát': column "related_word_id" of relation "definition_relations" does not exist
LINE 2: ... INSERT INTO definition_relations (definition_id, related_wo...
                                                             ^

2025-01-18 23:53:38,599 - ERROR - Error processing KWF entry 'a•la•míd': column "related_word_id" of relation "definition_relations" does not exist
LINE 2: ... INSERT INTO definition_relations (definition_id, related_wo...
                                                             ^

