2025-02-09 15:37:31,137 - INFO - Attempting database connection...
2025-02-09 15:37:31,137 - INFO - Database configuration:
2025-02-09 15:37:31,138 - INFO -   Database Name: fil_dict_db
2025-02-09 15:37:31,138 - INFO -   User: postgres
2025-02-09 15:37:31,138 - INFO -   Host: localhost
2025-02-09 15:37:31,138 - INFO -   Password: ********
2025-02-09 15:37:31,171 - INFO - Successfully established database connection
2025-02-09 15:37:31,172 - INFO - Setting up PostgreSQL extensions...
2025-02-09 15:37:31,172 - INFO - Checking extension: pg_trgm
2025-02-09 15:37:31,177 - INFO - Extension already installed: pg_trgm
2025-02-09 15:37:31,178 - INFO - Checking extension: unaccent
2025-02-09 15:37:31,178 - INFO - Extension already installed: unaccent
2025-02-09 15:37:31,178 - INFO - Checking extension: fuzzystrmatch
2025-02-09 15:37:31,178 - INFO - Extension already installed: fuzzystrmatch
2025-02-09 15:37:31,178 - INFO - Extensions setup completed
2025-02-09 15:37:31,179 - INFO - Starting table creation/update process.
2025-02-09 15:37:31,250 - INFO - Tables created or updated successfully.
2025-02-09 15:37:31,252 - INFO - Processing Tagalog words from: data/tagalog-words.json
2025-02-09 15:38:32,298 - INFO - Processing root words from: data/root_words_with_associated_words_cleaned.json
2025-02-09 15:38:54,115 - INFO - Processing KWF dictionary from: data/kwf_dictionary.json
2025-02-09 15:40:16,836 - INFO - Starting to process Kaikki file: data/kaikki.jsonl
2025-02-09 15:40:26,759 - WARNING - Invalid Baybayin data for word '-ana', clearing baybayin fields.
2025-02-09 15:40:30,453 - WARNING - Invalid Baybayin data for word 'paling', clearing baybayin fields.
2025-02-09 15:40:30,458 - WARNING - Invalid Baybayin data for word 'paling', clearing baybayin fields.
2025-02-09 15:40:30,699 - WARNING - Invalid Baybayin data for word 'piling', clearing baybayin fields.
2025-02-09 15:40:30,710 - WARNING - Invalid Baybayin data for word 'piling', clearing baybayin fields.
2025-02-09 15:40:32,419 - WARNING - Invalid Baybayin data for word '-ado', clearing baybayin fields.
2025-02-09 15:40:34,781 - WARNING - Invalid Baybayin data for word '-ano', clearing baybayin fields.
2025-02-09 15:40:44,623 - WARNING - Invalid Baybayin data for word '-ay', clearing baybayin fields.
2025-02-09 15:40:55,846 - WARNING - Invalid Baybayin data for word 'ᜃᜇᜄᜆᜈ᜔', clearing baybayin fields.
2025-02-09 15:40:55,847 - WARNING - Invalid Baybayin data for word 'ᜁᜐ᜔ᜆᜇᜓᜐ᜔ ᜂᜈᜒᜇᜓᜐ᜔', clearing baybayin fields.
2025-02-09 15:40:56,189 - WARNING - Invalid Baybayin data for word 'supling', clearing baybayin fields.
2025-02-09 15:41:11,848 - WARNING - Invalid Baybayin data for word 'Feling', clearing baybayin fields.
2025-02-09 15:41:13,790 - WARNING - Invalid Baybayin data for word 'pa- -an', clearing baybayin fields.
2025-02-09 15:41:13,799 - WARNING - Invalid Baybayin data for word 'pag- -an', clearing baybayin fields.
2025-02-09 15:41:18,887 - WARNING - Invalid Baybayin data for word 'mag- -an', clearing baybayin fields.
2025-02-09 15:41:21,419 - WARNING - Invalid Baybayin data for word 'sopling', clearing baybayin fields.
2025-02-09 15:41:24,699 - WARNING - Invalid Baybayin data for word 'Intsik beho, tulo laway', clearing baybayin fields.
2025-02-09 15:41:25,018 - WARNING - Invalid Baybayin data for word 'ᜀᜎᜒᜋᜓᜇᜈ᜔', clearing baybayin fields.
2025-02-09 15:41:25,160 - WARNING - Invalid Baybayin data for word 'selang', clearing baybayin fields.
2025-02-09 15:41:25,298 - WARNING - Invalid Baybayin data for word 'pang- -an', clearing baybayin fields.
2025-02-09 15:41:25,643 - WARNING - Invalid Baybayin data for word 'ᜑᜒᜃ᜔ᜆᜇᜒᜌ', clearing baybayin fields.
2025-02-09 15:41:25,646 - WARNING - Invalid Baybayin data for word 'ᜉᜄ᜔ᜁᜊᜒᜄ᜔', clearing baybayin fields.
2025-02-09 15:41:25,650 - WARNING - Invalid Baybayin data for word 'ᜁᜇᜒᜄᜓᜎᜇᜒᜇᜇ᜔', clearing baybayin fields.
2025-02-09 15:41:25,659 - WARNING - Invalid Baybayin data for word 'ᜀᜇᜆᜒᜎᜒᜐ᜔', clearing baybayin fields.
2025-02-09 15:41:25,661 - WARNING - Invalid Baybayin data for word 'ᜃᜇᜌᜓᜋ᜔', clearing baybayin fields.
2025-02-09 15:41:25,688 - WARNING - Invalid Baybayin data for word 'ᜀᜎᜓᜉᜄ᜔ᜀᜋᜓ', clearing baybayin fields.
2025-02-09 15:41:26,189 - WARNING - Invalid Baybayin data for word 'ᜐᜈᜒᜇᜇ᜔', clearing baybayin fields.
2025-02-09 15:41:28,784 - WARNING - Invalid Baybayin data for word 'san- -an', clearing baybayin fields.
2025-02-09 15:41:29,249 - WARNING - Invalid Baybayin data for word 'ᜐᜒᜇᜓ', clearing baybayin fields.
2025-02-09 15:41:29,439 - WARNING - Invalid Baybayin data for word 'sepelin', clearing baybayin fields.
2025-02-09 15:41:30,317 - WARNING - Invalid Baybayin data for word 'pabling', clearing baybayin fields.
2025-02-09 15:41:30,395 - WARNING - Invalid Baybayin data for word '-asyon', clearing baybayin fields.
2025-02-09 15:41:32,123 - WARNING - Invalid Baybayin data for word 'ᜐᜊᜇᜓ', clearing baybayin fields.
2025-02-09 15:41:32,354 - WARNING - Invalid Baybayin data for word 'ᜐᜒᜄᜓᜇᜓ', clearing baybayin fields.
2025-02-09 15:41:32,355 - WARNING - Invalid Baybayin data for word 'ᜐᜒᜄᜓᜇᜓ', clearing baybayin fields.
2025-02-09 15:41:33,897 - WARNING - Invalid Baybayin data for word 'ᜆᜋ᜔ᜁᜐ᜔', clearing baybayin fields.
2025-02-09 15:41:33,898 - WARNING - Invalid Baybayin data for word 'ᜃ᜔ᜇᜌᜓᜎ', clearing baybayin fields.
2025-02-09 15:41:33,902 - WARNING - Invalid Baybayin data for word 'ᜋᜆᜋ᜔ᜁᜐ᜔', clearing baybayin fields.
2025-02-09 15:41:33,908 - WARNING - Invalid Baybayin data for word 'ᜃᜈ᜔ᜎᜓᜇᜅ᜔ ᜀᜐ᜔ᜌ', clearing baybayin fields.
2025-02-09 15:41:33,939 - WARNING - Invalid Baybayin data for word 'ᜎᜋ᜔ᜉᜇ', clearing baybayin fields.
2025-02-09 15:41:33,941 - WARNING - Invalid Baybayin data for word 'ᜃᜇᜉᜈ᜔', clearing baybayin fields.
2025-02-09 15:41:33,978 - WARNING - Invalid Baybayin data for word 'ᜋᜄ᜔ᜀᜈᜓᜈ᜔ᜐᜒᜌᜓ', clearing baybayin fields.
2025-02-09 15:41:33,981 - WARNING - Invalid Baybayin data for word 'ᜋᜇᜈᜈ᜔', clearing baybayin fields.
2025-02-09 15:41:33,983 - WARNING - Invalid Baybayin data for word 'ᜃᜇᜀᜈ᜔', clearing baybayin fields.
2025-02-09 15:41:33,995 - WARNING - Invalid Baybayin data for word 'ᜋᜇᜐᜒᜄᜈ᜔', clearing baybayin fields.
2025-02-09 15:41:34,004 - WARNING - Invalid Baybayin data for word 'ᜀᜈᜃ᜔ᜀᜈᜃᜈ᜔', clearing baybayin fields.
2025-02-09 15:41:34,021 - WARNING - Invalid Baybayin data for word 'ᜃᜇᜒᜅᜎ᜔', clearing baybayin fields.
2025-02-09 15:41:34,033 - WARNING - Invalid Baybayin data for word 'ᜆᜆ᜔ᜎᜓᜅ᜔ᜑᜇᜒ', clearing baybayin fields.
2025-02-09 15:41:34,054 - WARNING - Invalid Baybayin data for word 'ᜋᜄ᜔ᜀᜃ᜔ᜐᜌ', clearing baybayin fields.
2025-02-09 15:41:34,061 - WARNING - Invalid Baybayin data for word 'ᜉᜀᜇᜎᜅ᜔ ᜐᜒᜃᜓᜈ᜔ᜇᜇ᜔ᜌ', clearing baybayin fields.
2025-02-09 15:41:34,075 - WARNING - Invalid Baybayin data for word 'ᜉᜄ᜔ᜁᜏᜐ᜔', clearing baybayin fields.
2025-02-09 15:41:34,087 - WARNING - Invalid Baybayin data for word 'ᜇᜒᜋᜇᜈᜈ᜔', clearing baybayin fields.
2025-02-09 15:41:34,148 - WARNING - Invalid Baybayin data for word 'ᜆᜎᜊᜒᜇ', clearing baybayin fields.
2025-02-09 15:41:34,168 - WARNING - Invalid Baybayin data for word 'ᜋᜓᜇᜓᜅ᜔', clearing baybayin fields.
2025-02-09 15:41:34,199 - WARNING - Invalid Baybayin data for word 'ᜀᜇᜏ᜔', clearing baybayin fields.
2025-02-09 15:41:34,201 - WARNING - Invalid Baybayin data for word 'ᜀᜇᜏ᜔', clearing baybayin fields.
2025-02-09 15:41:34,212 - WARNING - Invalid Baybayin data for word 'ᜋᜇᜎᜒᜆ᜔', clearing baybayin fields.
2025-02-09 15:41:34,222 - WARNING - Invalid Baybayin data for word 'ᜃᜇᜈ᜔ᜇᜅ᜔', clearing baybayin fields.
2025-02-09 15:41:34,232 - WARNING - Invalid Baybayin data for word 'ᜋᜃᜇᜌ᜔ᜄ᜔', clearing baybayin fields.
2025-02-09 15:41:34,264 - WARNING - Invalid Baybayin data for word 'ᜋᜇᜒᜎᜏ᜔', clearing baybayin fields.
2025-02-09 15:41:34,266 - WARNING - Invalid Baybayin data for word 'ᜋᜇᜒᜎᜏ᜔', clearing baybayin fields.
2025-02-09 15:41:34,314 - WARNING - Invalid Baybayin data for word 'ᜋᜄ᜔ᜉᜇᜋᜒ', clearing baybayin fields.
2025-02-09 15:41:34,474 - WARNING - Invalid Baybayin data for word 'ᜇᜒᜃᜓᜇᜐ᜔ᜌᜓᜈᜈ᜔', clearing baybayin fields.
2025-02-09 15:41:34,532 - WARNING - Invalid Baybayin data for word 'ᜐᜒᜇᜀᜈ᜔', clearing baybayin fields.
2025-02-09 15:41:34,545 - WARNING - Invalid Baybayin data for word 'ᜋᜇᜑᜐ᜔', clearing baybayin fields.
2025-02-09 15:41:35,338 - WARNING - Invalid Baybayin data for word 'ᜐᜇᜒᜏ', clearing baybayin fields.
2025-02-09 15:41:35,339 - WARNING - Invalid Baybayin data for word 'ᜐᜇᜒᜏ', clearing baybayin fields.
2025-02-09 15:41:35,354 - WARNING - Invalid Baybayin data for word 'ᜉᜋ᜔ᜊᜈ᜔ᜐᜅ᜔ ᜐᜒᜄᜓᜇᜒᜇᜇ᜔', clearing baybayin fields.
2025-02-09 15:41:35,361 - WARNING - Invalid Baybayin data for word 'ᜑᜒᜈᜒᜇᜎ᜔', clearing baybayin fields.
2025-02-09 15:41:35,383 - WARNING - Invalid Baybayin data for word 'ᜆᜒᜈ᜔ᜌᜒᜈ᜔ᜆᜒ ᜃᜓᜇᜓᜈᜒᜎ᜔', clearing baybayin fields.
2025-02-09 15:41:35,384 - WARNING - Invalid Baybayin data for word 'ᜆᜒᜈ᜔ᜌᜒᜈ᜔ᜆᜒ ᜑᜒᜈᜒᜇᜎ᜔', clearing baybayin fields.
2025-02-09 15:41:35,385 - WARNING - Invalid Baybayin data for word 'ᜑᜒᜇᜒᜅ᜔ᜄᜒᜎ᜔ᜌ', clearing baybayin fields.
2025-02-09 15:41:35,388 - WARNING - Invalid Baybayin data for word 'ᜃᜓᜇᜓᜈᜒᜎ᜔', clearing baybayin fields.
2025-02-09 15:41:35,390 - WARNING - Invalid Baybayin data for word 'ᜃᜓᜇᜓᜈᜒᜎ᜔', clearing baybayin fields.
2025-02-09 15:41:35,397 - WARNING - Invalid Baybayin data for word 'ᜀᜃᜓᜐᜇᜓ', clearing baybayin fields.
2025-02-09 15:41:35,398 - WARNING - Invalid Baybayin data for word 'ᜀᜃᜓᜐᜇᜓ', clearing baybayin fields.
2025-02-09 15:41:35,746 - WARNING - Invalid Baybayin data for word 'ᜑᜇᜒ', clearing baybayin fields.
2025-02-09 15:41:35,767 - WARNING - Invalid Baybayin data for word 'ᜆᜆ᜔ᜎᜓᜅ᜔ ᜑᜇᜒ', clearing baybayin fields.
2025-02-09 15:41:35,861 - WARNING - Invalid Baybayin data for word 'ᜃᜈ᜔ᜇᜒᜇᜆᜓ', clearing baybayin fields.
2025-02-09 15:41:35,862 - WARNING - Invalid Baybayin data for word 'ᜋᜇᜎᜒ', clearing baybayin fields.
2025-02-09 15:41:36,001 - WARNING - Invalid Baybayin data for word 'ᜉᜇᜎᜓᜐ᜔ᜇᜎᜓᜐ᜔', clearing baybayin fields.
2025-02-09 15:41:36,154 - WARNING - Invalid Baybayin data for word 'ᜃᜓᜇᜒᜆ', clearing baybayin fields.
2025-02-09 15:41:36,286 - WARNING - Invalid Baybayin data for word 'ᜉᜀᜇᜎᜈ᜔', clearing baybayin fields.
2025-02-09 15:41:36,314 - WARNING - Invalid Baybayin data for word 'ᜀᜇᜏ᜔ ᜈᜅ᜔ ᜋᜅ ᜉᜆᜌ᜔', clearing baybayin fields.
2025-02-09 15:41:36,315 - WARNING - Invalid Baybayin data for word 'ᜃᜉᜅ᜔ᜌᜇᜒᜑᜈ᜔', clearing baybayin fields.
2025-02-09 15:41:36,316 - WARNING - Invalid Baybayin data for word 'ᜃᜉᜅ᜔ᜌᜇᜒᜑᜈ᜔', clearing baybayin fields.
2025-02-09 15:41:36,331 - WARNING - Invalid Baybayin data for word 'ᜃᜈ᜔ᜎᜓᜇᜈ᜔', clearing baybayin fields.
2025-02-09 15:41:36,333 - WARNING - Invalid Baybayin data for word 'ᜃᜈ᜔ᜎᜓᜇᜈ᜔', clearing baybayin fields.
2025-02-09 15:41:36,334 - WARNING - Invalid Baybayin data for word 'ᜃᜈ᜔ᜎᜓᜇᜈ᜔', clearing baybayin fields.
2025-02-09 15:41:36,417 - WARNING - Invalid Baybayin data for word 'ᜃᜓᜇ', clearing baybayin fields.
2025-02-09 15:41:36,419 - WARNING - Invalid Baybayin data for word 'ᜃᜓᜇ', clearing baybayin fields.
2025-02-09 15:41:36,494 - WARNING - Invalid Baybayin data for word 'kapag may usok, may apoy', clearing baybayin fields.
2025-02-09 15:41:36,505 - WARNING - Invalid Baybayin data for word 'habang may buhay, may pag-asa', clearing baybayin fields.
2025-02-09 15:41:36,512 - WARNING - Invalid Baybayin data for word 'bato-bato sa langit, ang tamaan huwag magalit', clearing baybayin fields.
2025-02-09 15:41:36,514 - WARNING - Invalid Baybayin data for word 'ang taong nagigipit, sa patalim kumakapit', clearing baybayin fields.
2025-02-09 15:41:36,516 - WARNING - Invalid Baybayin data for word 'kapag wala ang pusa, naglalaro ang daga', clearing baybayin fields.
2025-02-09 15:41:36,518 - WARNING - Invalid Baybayin data for word 'kapag binato ka ng bato, batuhin mo ng tinapay', clearing baybayin fields.
2025-02-09 15:41:36,522 - WARNING - Invalid Baybayin data for word 'kapag wala ang pusa, naglalaro ang mga daga', clearing baybayin fields.
2025-02-09 15:41:36,524 - WARNING - Invalid Baybayin data for word 'kapag may gusto, may paraan', clearing baybayin fields.
2025-02-09 15:41:36,601 - WARNING - Invalid Baybayin data for word 'ᜎᜇᜏᜈ᜔', clearing baybayin fields.
2025-02-09 15:41:36,967 - WARNING - Invalid Baybayin data for word 'sala sa init, sala sa lamig', clearing baybayin fields.
2025-02-09 15:41:37,234 - WARNING - Invalid Baybayin data for word 'ang sakit ng kalingkingan, damdam ng buong katawan', clearing baybayin fields.
2025-02-09 15:41:37,240 - WARNING - Invalid Baybayin data for word 'kung ano ang puno, siya ang bunga', clearing baybayin fields.
2025-02-09 15:41:37,262 - WARNING - Invalid Baybayin data for word 'ᜃᜄᜏᜇᜈ᜔', clearing baybayin fields.
2025-02-09 15:41:37,280 - WARNING - Invalid Baybayin data for word 'paano mo sinasabi ang … sa Ingles', clearing baybayin fields.
2025-02-09 15:41:37,300 - WARNING - Invalid Baybayin data for word 'tulak ng bibig, kabig ng dibdib', clearing baybayin fields.
2025-02-09 15:41:37,307 - WARNING - Invalid Baybayin data for word 'ᜇᜓᜇᜓᜇᜓᜇᜓ', clearing baybayin fields.
2025-02-09 15:41:37,428 - WARNING - Invalid Baybayin data for word 'ᜍ', clearing baybayin fields.
2025-02-09 15:41:37,628 - WARNING - Invalid Baybayin data for word 'ᜃᜀᜇᜏᜈ᜔', clearing baybayin fields.
2025-02-09 15:41:37,832 - WARNING - Invalid Baybayin data for word 'ᜋᜅᜇᜎ᜔', clearing baybayin fields.
2025-02-09 15:41:37,845 - WARNING - Invalid Baybayin data for word 'ᜀᜇᜏ᜔ ᜈᜅ᜔ ᜋᜅ ᜁᜈ', clearing baybayin fields.
2025-02-09 15:41:37,847 - WARNING - Invalid Baybayin data for word 'ᜀᜇᜏ᜔ ᜈᜅ᜔ ᜋᜅ ᜀᜋ', clearing baybayin fields.
2025-02-09 15:41:37,881 - WARNING - Invalid Baybayin data for word 'ᜀᜇᜓᜏ', clearing baybayin fields.
2025-02-09 15:41:37,965 - WARNING - Invalid Baybayin data for word 'ᜃᜐ᜔ᜆᜈ᜔ᜌᜒᜇ', clearing baybayin fields.
2025-02-09 15:41:37,973 - WARNING - Invalid Baybayin data for word 'ispeling', clearing baybayin fields.
2025-02-09 15:41:38,006 - WARNING - Invalid Baybayin data for word 'ᜊᜃᜇ', clearing baybayin fields.
2025-02-09 15:41:38,011 - WARNING - Invalid Baybayin data for word 'ᜋᜇᜄᜓᜈ᜔ᜇᜓᜈ᜔', clearing baybayin fields.
2025-02-09 15:41:38,031 - WARNING - Invalid Baybayin data for word 'ᜆ᜔ᜇᜇᜒᜐ᜔ᜌᜓᜈᜎ᜔', clearing baybayin fields.
2025-02-09 15:41:38,061 - WARNING - Invalid Baybayin data for word 'ᜃᜓᜅ᜔ᜄ᜔ᜇᜒᜐᜓ', clearing baybayin fields.
2025-02-09 15:41:38,063 - WARNING - Invalid Baybayin data for word 'ᜃᜓᜅ᜔ᜄ᜔ᜇᜒᜐᜓ', clearing baybayin fields.
2025-02-09 15:41:38,089 - WARNING - Invalid Baybayin data for word 'ᜀᜏ᜔ᜇᜓᜇᜑᜒᜈ᜔', clearing baybayin fields.
2025-02-09 15:41:38,114 - WARNING - Invalid Baybayin data for word 'ᜁᜊᜊ᜔ᜀᜈ᜔', clearing baybayin fields.
2025-02-09 15:41:38,212 - WARNING - Invalid Baybayin data for word 'ᜐᜈ᜔ᜆ᜔ᜐᜒᜐ᜔ ᜋᜒᜇ', clearing baybayin fields.
2025-02-09 15:41:38,532 - WARNING - Invalid Baybayin data for word 'ᜃᜂᜈ᜔ᜎᜇᜈ᜔', clearing baybayin fields.
2025-02-09 15:41:38,535 - WARNING - Invalid Baybayin data for word 'ᜃᜂᜈ᜔ᜎᜇᜈ᜔', clearing baybayin fields.
2025-02-09 15:41:38,569 - WARNING - Invalid Baybayin data for word 'ᜃᜋᜄ᜔ᜀᜈᜃ᜔', clearing baybayin fields.
2025-02-09 15:41:38,658 - WARNING - Invalid Baybayin data for word 'ᜉᜒᜇ', clearing baybayin fields.
2025-02-09 15:41:38,707 - WARNING - Invalid Baybayin data for word 'ᜁᜅ᜔ᜄ᜔ᜇᜈ᜔ᜇᜒ', clearing baybayin fields.
2025-02-09 15:41:39,058 - WARNING - Invalid Baybayin data for word 'ᜐᜒᜉ᜔ᜂᜈ᜔', clearing baybayin fields.
2025-02-09 15:41:39,395 - WARNING - Invalid Baybayin data for word 'ᜉ᜔ᜇᜓᜆᜒᜃ᜔ᜆ', clearing baybayin fields.
2025-02-09 15:41:39,397 - WARNING - Invalid Baybayin data for word 'ᜉᜇᜇᜑᜈ᜔', clearing baybayin fields.
2025-02-09 15:41:39,462 - WARNING - Invalid Baybayin data for word 'ᜉᜇᜒᜐ᜔', clearing baybayin fields.
2025-02-09 15:41:39,481 - WARNING - Invalid Baybayin data for word 'ᜋᜇᜒᜌᜅ᜔ ᜉᜎᜇ᜔', clearing baybayin fields.
2025-02-09 15:41:39,514 - WARNING - Invalid Baybayin data for word 'ᜐᜇᜑᜈ᜔', clearing baybayin fields.
2025-02-09 15:41:39,516 - WARNING - Invalid Baybayin data for word 'ᜐᜇᜑᜈ᜔', clearing baybayin fields.
2025-02-09 15:41:39,579 - WARNING - Invalid Baybayin data for word 'ᜋᜎᜇᜓᜑᜆᜈ᜔', clearing baybayin fields.
2025-02-09 15:41:40,677 - WARNING - Invalid Baybayin data for word 'kung hinagis ka ng bakal, gantihan mo ng tinapay', clearing baybayin fields.
2025-02-09 15:41:40,830 - WARNING - Invalid Baybayin data for word 'ᜉᜁᜇᜎᜒᜈ᜔', clearing baybayin fields.
2025-02-09 15:41:41,126 - WARNING - Invalid Baybayin data for word 'kapag may tiyaga, may nilaga', clearing baybayin fields.
2025-02-09 15:41:41,128 - WARNING - Invalid Baybayin data for word 'parang awa na', clearing baybayin fields.
2025-02-09 15:41:41,138 - WARNING - Invalid Baybayin data for word 'ᜀᜋᜒᜇᜒᜃ', clearing baybayin fields.
2025-02-09 15:41:41,208 - WARNING - Invalid Baybayin data for word 'ang taong gipit, sa patalim kumakapit', clearing baybayin fields.
2025-02-09 15:41:41,259 - WARNING - Invalid Baybayin data for word 'isang kahig, isang tuka', clearing baybayin fields.
2025-02-09 15:41:41,360 - WARNING - Invalid Baybayin data for word 'may tainga ang lupa, may pakpak ang balita', clearing baybayin fields.
2025-02-09 15:41:41,391 - WARNING - Invalid Baybayin data for word 'sa lupa ng mga bulag, ang naghahari ay pisak', clearing baybayin fields.
2025-02-09 15:41:41,402 - WARNING - Invalid Baybayin data for word 'ang maglakad nang matulin, kung matinik ay malalim', clearing baybayin fields.
2025-02-09 15:41:41,528 - WARNING - Invalid Baybayin data for word 'ᜅᜌ᜔ᜂᜈ᜔', clearing baybayin fields.
2025-02-09 15:41:41,546 - WARNING - Invalid Baybayin data for word 'ᜉᜒᜊ᜔ᜇᜒᜇᜓ', clearing baybayin fields.
2025-02-09 15:41:41,558 - WARNING - Invalid Baybayin data for word 'ᜁᜈᜒᜇᜓ', clearing baybayin fields.
2025-02-09 15:41:41,560 - WARNING - Invalid Baybayin data for word 'ᜈᜓᜊ᜔ᜌᜒᜋ᜔ᜊ᜔ᜇᜒ', clearing baybayin fields.
2025-02-09 15:41:41,575 - WARNING - Invalid Baybayin data for word 'ᜇᜒᜐ᜔ᜌᜒᜋ᜔ᜊ᜔ᜇᜒ', clearing baybayin fields.
2025-02-09 15:41:41,577 - WARNING - Invalid Baybayin data for word 'ᜐᜒᜆ᜔ᜌᜒᜋ᜔ᜊ᜔ᜇᜒ', clearing baybayin fields.
2025-02-09 15:41:41,785 - WARNING - Invalid Baybayin data for word 'ᜃᜆᜓᜉᜇᜈ᜔', clearing baybayin fields.
2025-02-09 15:41:41,912 - WARNING - Invalid Baybayin data for word 'ᜉᜒᜇᜓᜆ᜔', clearing baybayin fields.
2025-02-09 15:41:41,920 - WARNING - Invalid Baybayin data for word 'ᜇᜒᜃ᜔ᜆᜇᜓᜇ', clearing baybayin fields.
2025-02-09 15:41:42,340 - WARNING - Invalid Baybayin data for word 'sanling', clearing baybayin fields.
2025-02-09 15:41:42,342 - WARNING - Invalid Baybayin data for word 'sanling', clearing baybayin fields.
2025-02-09 15:41:42,433 - WARNING - Invalid Baybayin data for word 'kulang sa pito, labis sa walo', clearing baybayin fields.
2025-02-09 15:41:43,097 - WARNING - Invalid Baybayin data for word 'reispeling', clearing baybayin fields.
2025-02-09 15:41:43,677 - WARNING - Invalid Baybayin data for word 'madaling sabihin, mahirap gawin', clearing baybayin fields.
2025-02-09 15:41:43,752 - WARNING - Invalid Baybayin data for word 'ᜄᜊ᜔ᜁ', clearing baybayin fields.
2025-02-09 15:41:44,627 - WARNING - Invalid Baybayin data for word 'ᜂᜇᜐ᜔', clearing baybayin fields.
2025-02-09 15:41:44,632 - WARNING - Invalid Baybayin data for word 'ᜂᜇᜐ᜔', clearing baybayin fields.
2025-02-09 15:41:44,808 - WARNING - Invalid Baybayin data for word 'dalub- -an', clearing baybayin fields.
2025-02-09 15:41:45,503 - INFO - Starting to process Kaikki file: data/kaikki-ceb.jsonl
2025-02-09 15:42:12,587 - WARNING - Invalid Baybayin data for word 'ᜊᜄ᜔ᜂ', clearing baybayin fields.
2025-02-09 15:42:12,928 - WARNING - Invalid Baybayin data for word 'ᜐᜒᜉ᜔ᜂᜈ᜔', clearing baybayin fields.
2025-02-09 15:42:12,930 - WARNING - Invalid Baybayin data for word 'ᜐᜒᜉ᜔ᜂᜈ᜔', clearing baybayin fields.
2025-02-09 15:42:12,948 - WARNING - Invalid Baybayin data for word 'ᜎᜓᜌ᜔ᜀ', clearing baybayin fields.
2025-02-09 15:42:13,019 - WARNING - Invalid Baybayin data for word 'ᜐᜒᜇ᜔ᜂᜃ᜔', clearing baybayin fields.
2025-02-09 15:42:13,021 - WARNING - Invalid Baybayin data for word 'ᜐᜒᜇ᜔ᜂᜃ᜔', clearing baybayin fields.
2025-02-09 15:42:13,154 - WARNING - Invalid Baybayin data for word 'ᜋᜄ᜔ᜊᜓᜇᜓᜑᜆ᜔', clearing baybayin fields.
2025-02-09 15:42:13,156 - WARNING - Invalid Baybayin data for word 'ᜋᜄ᜔ᜊᜓᜇᜓᜑᜆ᜔', clearing baybayin fields.
2025-02-09 15:42:13,195 - WARNING - Invalid Baybayin data for word 'ᜉᜒᜇᜓᜆ᜔', clearing baybayin fields.
2025-02-09 15:42:13,548 - INFO - Processing Baybayin entries...
2025-02-09 15:42:13,606 - INFO - Updating Baybayin entry (ID: 94414) with cleaned form
2025-02-09 15:42:13,609 - INFO - Updating Baybayin entry (ID: 98003) with cleaned form
2025-02-09 15:42:13,611 - INFO - Updating Baybayin entry (ID: 102796) with cleaned form
2025-02-09 15:42:13,612 - INFO - Updating Baybayin entry (ID: 102868) with cleaned form
2025-02-09 15:42:13,614 - INFO - Updating Baybayin entry (ID: 102869) with cleaned form
2025-02-09 15:42:13,615 - INFO - Updating Baybayin entry (ID: 102871) with cleaned form
2025-02-09 15:42:13,616 - INFO - Updating Baybayin entry (ID: 102872) with cleaned form
2025-02-09 15:42:13,617 - INFO - Updating Baybayin entry (ID: 102873) with cleaned form
2025-02-09 15:42:13,618 - INFO - Updating Baybayin entry (ID: 102874) with cleaned form
2025-02-09 15:42:13,619 - INFO - Updating Baybayin entry (ID: 102875) with cleaned form
2025-02-09 15:42:13,620 - INFO - Updating Baybayin entry (ID: 102876) with cleaned form
2025-02-09 15:42:13,622 - INFO - Updating Baybayin entry (ID: 102877) with cleaned form
2025-02-09 15:42:13,623 - INFO - Updating Baybayin entry (ID: 103977) with cleaned form
2025-02-09 15:42:13,624 - INFO - Updating Baybayin entry (ID: 103978) with cleaned form
2025-02-09 15:42:13,624 - INFO - Updating Baybayin entry (ID: 106279) with cleaned form
2025-02-09 15:42:13,625 - INFO - Updating Baybayin entry (ID: 106407) with cleaned form
2025-02-09 15:42:13,626 - INFO - Updating Baybayin entry (ID: 106569) with cleaned form
2025-02-09 15:42:13,627 - INFO - Updating Baybayin entry (ID: 122349) with cleaned form
2025-02-09 15:42:13,629 - INFO - Updating Baybayin entry (ID: 122922) with cleaned form
2025-02-09 15:42:13,629 - INFO - Updating Baybayin entry (ID: 122938) with cleaned form
2025-02-09 15:42:24,975 - INFO - Baybayin data cleanup completed successfully
2025-02-09 15:42:24,975 - INFO - Migration completed successfully
