2025-04-04 15:35:15,360 - INFO - Starting lookup for word: 'lantad'
2025-04-04 15:35:15,462 - INFO - pg_trgm extension installed: True
2025-04-04 15:35:15,463 - INFO - Executing exact match query for 'lantad'
2025-04-04 15:35:16,270 - INFO - Found 1 exact matches
2025-04-04 15:35:16,271 - INFO - Processing result 1/1
2025-04-04 15:35:16,271 - INFO - Word ID: 27216
2025-04-04 15:35:16,271 - INFO - Lemma: LANTÁD
2025-04-04 15:35:16,272 - INFO - Language code: tl
2025-04-04 15:35:16,277 - INFO - Querying pronunciations for word_id 27216
2025-04-04 15:35:16,278 - INFO - Found 2 pronunciations
2025-04-04 15:35:16,280 - INFO - Querying etymologies for word_id 27216
2025-04-04 15:35:16,285 - INFO - Found 3 etymologies
2025-04-04 15:35:16,287 - INFO - Querying definitions for word_id 27216
2025-04-04 15:35:16,297 - INFO - Found 16 definitions
2025-04-04 15:35:16,298 - INFO - Processing definition 1/16
2025-04-04 15:35:16,300 - INFO - Processing definition 2/16
2025-04-04 15:35:16,301 - INFO - Processing definition 3/16
2025-04-04 15:35:16,301 - INFO - Processing definition 4/16
2025-04-04 15:35:16,302 - INFO - Processing definition 5/16
2025-04-04 15:35:16,303 - INFO - Processing definition 6/16
2025-04-04 15:35:16,304 - INFO - Processing definition 7/16
2025-04-04 15:35:16,304 - INFO - Processing definition 8/16
2025-04-04 15:35:16,305 - INFO - Processing definition 9/16
2025-04-04 15:35:16,305 - INFO - Processing definition 10/16
2025-04-04 15:35:16,306 - INFO - Processing definition 11/16
2025-04-04 15:35:16,308 - INFO - Processing definition 12/16
2025-04-04 15:35:16,309 - INFO - Processing definition 13/16
2025-04-04 15:35:16,309 - INFO - Processing definition 14/16
2025-04-04 15:35:16,310 - INFO - Processing definition 15/16
2025-04-04 15:35:16,310 - INFO - Processing definition 16/16
2025-04-04 15:35:16,311 - INFO - Querying relations for word_id 27216
2025-04-04 15:35:16,325 - INFO - Found 74 relations
2025-04-04 15:35:16,347 - INFO - Database connection closed
