2025-03-24 23:41:23,254 - INFO - Looking up word: Namespace(command='lookup', word='ano', debug=False, format='rich')
2025-03-24 23:41:23,254 - INFO - Word argument value: 'ano'
2025-03-24 23:41:23,287 - INFO - Normalized word: ano
2025-03-24 23:41:23,288 - INFO - Database connection test successful
2025-03-24 23:41:23,299 - INFO - Word data fetched: True
2025-03-24 23:41:23,299 - INFO - Beginning to unpack word data
2025-03-24 23:41:23,299 - INFO - Successfully unpacked word data
2025-03-24 23:41:23,299 - INFO - word_id: 2943, lemma: anó, language_code: tl
2025-03-24 23:41:23,300 - INFO - has_baybayin: True, baybayin_form: ᜀᜈᜓ, romanized_form: anu
2025-03-24 23:41:23,300 - INFO - preferred_spelling: None, root_word_id: None
2025-03-24 23:41:23,300 - INFO - def_sources type: <class 'list'>, ety_sources type: <class 'list'>
2025-03-24 23:41:23,300 - INFO - tags type: <class 'NoneType'>, source_info type: <class 'dict'>
2025-03-24 23:41:23,300 - INFO - Building basic information tree
2025-03-24 23:41:23,300 - INFO - Adding preferred spelling if available
2025-03-24 23:41:23,300 - INFO - Adding Baybayin form if available
2025-03-24 23:41:23,300 - INFO - Adding root word if available
2025-03-24 23:41:23,300 - INFO - Gathering sources - starting
2025-03-24 23:41:23,300 - INFO - Processing tags
2025-03-24 23:41:23,301 - INFO - Processing source_info
2025-03-24 23:41:23,301 - INFO - Processing def_sources
2025-03-24 23:41:23,301 - INFO - def_sources content: ['diksiyonaryo.ph', 'kaikki.org (Tagalog)']
2025-03-24 23:41:23,301 - INFO - Processing def_source: diksiyonaryo.ph, type: <class 'str'>
2025-03-24 23:41:23,301 - INFO - Processing def_source: kaikki.org (Tagalog), type: <class 'str'>
2025-03-24 23:41:23,301 - INFO - Processing ety_sources
2025-03-24 23:41:23,301 - INFO - ety_sources content: [None]
2025-03-24 23:41:23,301 - WARNING - Found None value in ety_sources
