2025-03-30 20:00:57,360 - INFO - Starting lookup for word: 'law-ay'
2025-03-30 20:00:57,390 - INFO - pg_trgm extension installed: True
2025-03-30 20:00:57,390 - INFO - Executing exact match query for 'law-ay'
2025-03-30 20:00:57,507 - INFO - Found 2 exact matches
2025-03-30 20:00:57,508 - INFO - Processing result 1/2
2025-03-30 20:00:57,508 - INFO - Word ID: 228493
2025-03-30 20:00:57,509 - INFO - Lemma: law-ay
2025-03-30 20:00:57,509 - INFO - Language code: ceb
2025-03-30 20:00:57,513 - INFO - Querying pronunciations for word_id 228493
2025-03-30 20:00:57,514 - INFO - Found 0 pronunciations
2025-03-30 20:00:57,515 - INFO - Querying etymologies for word_id 228493
2025-03-30 20:00:57,517 - INFO - Found 0 etymologies
2025-03-30 20:00:57,517 - INFO - Querying definitions for word_id 228493
2025-03-30 20:00:57,520 - INFO - Found 2 definitions
2025-03-30 20:00:57,520 - INFO - Processing definition 1/2
2025-03-30 20:00:57,521 - INFO - Processing definition 2/2
2025-03-30 20:00:57,523 - INFO - Querying relations for word_id 228493
2025-03-30 20:00:57,526 - INFO - Found 0 relations
2025-03-30 20:00:57,526 - INFO - No relations found for word ID 228493
2025-03-30 20:00:57,527 - INFO - Processing result 2/2
2025-03-30 20:00:57,527 - INFO - Word ID: 237458
2025-03-30 20:00:57,527 - INFO - Lemma: law-ay
2025-03-30 20:00:57,527 - INFO - Language code: hil
2025-03-30 20:00:57,528 - INFO - Querying pronunciations for word_id 237458
2025-03-30 20:00:57,529 - INFO - Found 1 pronunciations
2025-03-30 20:00:57,530 - INFO - Querying etymologies for word_id 237458
2025-03-30 20:00:57,530 - INFO - Found 0 etymologies
2025-03-30 20:00:57,531 - INFO - Querying definitions for word_id 237458
2025-03-30 20:00:57,532 - INFO - Found 1 definitions
2025-03-30 20:00:57,532 - INFO - Processing definition 1/1
2025-03-30 20:00:57,533 - INFO - Querying relations for word_id 237458
2025-03-30 20:00:57,534 - INFO - Found 0 relations
2025-03-30 20:00:57,534 - INFO - No relations found for word ID 237458
2025-03-30 20:00:57,535 - INFO - Database connection closed
