2025-03-30 19:35:22,295 - INFO - Starting lookup for word: 'comshop'
2025-03-30 19:35:22,328 - INFO - pg_trgm extension installed: True
2025-03-30 19:35:22,329 - INFO - Executing exact match query for 'comshop'
2025-03-30 19:35:22,499 - INFO - Found 0 exact matches
2025-03-30 19:35:22,500 - INFO - No exact matches, trying fuzzy search for 'comshop'
2025-03-30 19:35:22,636 - INFO - Found 0 fuzzy matches
2025-03-30 19:35:22,636 - INFO - No fuzzy matches, falling back to ILIKE search
2025-03-30 19:35:22,637 - INFO - Trying ILIKE search for 'comshop'
2025-03-30 19:35:22,794 - INFO - ILIKE search found 0 matches
2025-03-30 19:35:22,795 - INFO - Diagnostic: checking if word exists in any form
2025-03-30 19:35:22,815 - INFO - Diagnostic result: Word 'comshop' exists (partial match): False
2025-03-30 19:35:22,815 - INFO - Diagnostic: verifying database schema
2025-03-30 19:35:22,843 - INFO - Diagnostic: words table has 23 columns
2025-03-30 19:35:22,843 - INFO -   Column: id, Type: integer
2025-03-30 19:35:22,843 - INFO -   Column: lemma, Type: character varying
2025-03-30 19:35:22,843 - INFO -   Column: normalized_lemma, Type: character varying
2025-03-30 19:35:22,844 - INFO -   Column: has_baybayin, Type: boolean
2025-03-30 19:35:22,844 - INFO -   Column: baybayin_form, Type: character varying
2025-03-30 19:35:22,844 - INFO -   Column: romanized_form, Type: character varying
2025-03-30 19:35:22,844 - INFO -   Column: language_code, Type: character varying
2025-03-30 19:35:22,845 - INFO -   Column: root_word_id, Type: integer
2025-03-30 19:35:22,845 - INFO -   Column: preferred_spelling, Type: character varying
2025-03-30 19:35:22,845 - INFO -   Column: tags, Type: text
2025-03-30 19:35:22,845 - INFO -   Column: idioms, Type: jsonb
2025-03-30 19:35:22,845 - INFO -   Column: pronunciation_data, Type: jsonb
2025-03-30 19:35:22,846 - INFO -   Column: source_info, Type: text
2025-03-30 19:35:22,846 - INFO -   Column: metadata, Type: jsonb
2025-03-30 19:35:22,846 - INFO -   Column: data_hash, Type: text
2025-03-30 19:35:22,846 - INFO -   Column: created_at, Type: timestamp with time zone
2025-03-30 19:35:22,846 - INFO -   Column: updated_at, Type: timestamp with time zone
2025-03-30 19:35:22,846 - INFO -   Column: search_text, Type: tsvector
2025-03-30 19:35:22,846 - INFO -   Column: badlit_form, Type: text
2025-03-30 19:35:22,846 - INFO -   Column: hyphenation, Type: jsonb
2025-03-30 19:35:22,846 - INFO -   Column: is_proper_noun, Type: boolean
2025-03-30 19:35:22,847 - INFO -   Column: is_abbreviation, Type: boolean
2025-03-30 19:35:22,847 - INFO -   Column: is_initialism, Type: boolean
2025-03-30 19:35:22,849 - INFO - Database connection closed
