2025-01-17 22:02:47,623 - INFO - Starting fresh data migration
2025-01-17 22:02:47,624 - INFO - Attempting database connection...
2025-01-17 22:02:47,624 - INFO - Database configuration:
2025-01-17 22:02:47,625 - INFO -   Database Name: fil_dict_db
2025-01-17 22:02:47,625 - INFO -   User: postgres
2025-01-17 22:02:47,625 - INFO -   Host: localhost
2025-01-17 22:02:47,626 - INFO -   Password: ********
2025-01-17 22:02:47,693 - INFO - Successfully established database connection
2025-01-17 22:02:47,731 - INFO - Starting table creation/update process.
2025-01-17 22:02:47,873 - INFO - Tables created or updated successfully.
2025-01-17 22:02:47,874 - INFO - Processing Tagalog words
2025-01-17 22:02:47,874 - INFO - Starting to process Tagalog words file: data/tagalog-words.json
2025-01-17 22:02:47,875 - INFO - Using source identifier: tagalog-words.json
2025-01-17 22:02:48,276 - INFO - Successfully loaded JSON data with 65328 entries
2025-01-17 22:02:48,355 - ERROR - Error processing lemma -a: insert_etymology() got an unexpected keyword argument 'original_text'
2025-01-17 22:02:48,386 - ERROR - Error processing lemma Å: insert_etymology() got an unexpected keyword argument 'original_text'
2025-01-17 22:02:48,396 - ERROR - Error processing lemma aáda: insert_etymology() got an unexpected keyword argument 'original_text'
2025-01-17 22:02:48,400 - ERROR - Error processing lemma aádto: insert_etymology() got an unexpected keyword argument 'original_text'
2025-01-17 22:02:48,407 - ERROR - Error processing lemma aák: insert_etymology() got an unexpected keyword argument 'original_text'
2025-01-17 22:02:48,410 - ERROR - Error processing lemma aám: insert_etymology() got an unexpected keyword argument 'original_text'
2025-01-17 22:02:48,412 - ERROR - Error processing lemma aánhi: insert_etymology() got an unexpected keyword argument 'original_text'
2025-01-17 22:02:48,415 - ERROR - Error processing lemma aánhon: insert_etymology() got an unexpected keyword argument 'original_text'
2025-01-17 22:02:48,417 - ERROR - Error processing lemma áap: insert_etymology() got an unexpected keyword argument 'original_text'
2025-01-17 22:02:48,420 - ERROR - Error processing lemma aapúyan: insert_etymology() got an unexpected keyword argument 'original_text'
2025-01-17 22:02:48,422 - ERROR - Error processing lemma Aaron: insert_etymology() got an unexpected keyword argument 'original_text'
2025-01-17 22:02:48,428 - ERROR - Error processing lemma AB: insert_etymology() got an unexpected keyword argument 'original_text'
2025-01-17 22:02:48,430 - ERROR - Error processing lemma abá: insert_etymology() got an unexpected keyword argument 'original_text'
2025-01-17 22:02:48,433 - ERROR - Error processing lemma Abá!: insert_etymology() got an unexpected keyword argument 'original_text'
2025-01-17 22:02:48,439 - ERROR - Error processing lemma abaána: insert_etymology() got an unexpected keyword argument 'original_text'
2025-01-17 22:02:48,443 - ERROR - Error processing lemma abáaw: insert_etymology() got an unexpected keyword argument 'original_text'
2025-01-17 22:02:48,446 - ERROR - Error processing lemma áb-ab: insert_etymology() got an unexpected keyword argument 'original_text'
2025-01-17 22:02:48,449 - ERROR - Error processing lemma ábab: insert_etymology() got an unexpected keyword argument 'original_text'
2025-01-17 22:02:48,452 - ERROR - Error processing lemma abába: insert_etymology() got an unexpected keyword argument 'original_text'
2025-01-17 22:02:48,454 - ERROR - Error processing lemma ababatiyáwan: insert_etymology() got an unexpected keyword argument 'original_text'
2025-01-17 22:02:48,457 - ERROR - Error processing lemma abábaw: insert_etymology() got an unexpected keyword argument 'original_text'
2025-01-17 22:02:48,460 - ERROR - Error processing lemma abábbaw: insert_etymology() got an unexpected keyword argument 'original_text'
2025-01-17 22:02:48,462 - ERROR - Error processing lemma áb-abî-ik: insert_etymology() got an unexpected keyword argument 'original_text'
2025-01-17 22:02:48,465 - ERROR - Error processing lemma abaciscus: insert_etymology() got an unexpected keyword argument 'original_text'
2025-01-17 22:02:48,468 - ERROR - Error processing lemma abád: insert_etymology() got an unexpected keyword argument 'original_text'
2025-01-17 22:02:48,470 - ERROR - Error processing lemma ábad: insert_etymology() got an unexpected keyword argument 'original_text'
2025-01-17 22:02:48,473 - ERROR - Error processing lemma abáda: insert_etymology() got an unexpected keyword argument 'original_text'
2025-01-17 22:02:48,476 - ERROR - Error processing lemma Abadáw!: insert_etymology() got an unexpected keyword argument 'original_text'
2025-01-17 22:02:48,479 - ERROR - Error processing lemma Abaddon: insert_etymology() got an unexpected keyword argument 'original_text'
2025-01-17 22:02:48,482 - ERROR - Error processing lemma Abadéha: insert_etymology() got an unexpected keyword argument 'original_text'
2025-01-17 22:02:48,485 - ERROR - Error processing lemma abadíya: insert_etymology() got an unexpected keyword argument 'original_text'
2025-01-17 22:02:48,488 - ERROR - Error processing lemma abadyáto: insert_etymology() got an unexpected keyword argument 'original_text'
2025-01-17 22:02:48,491 - ERROR - Error processing lemma abáfiw: insert_etymology() got an unexpected keyword argument 'original_text'
2025-01-17 22:02:48,493 - ERROR - Error processing lemma ábag: insert_etymology() got an unexpected keyword argument 'original_text'
2025-01-17 22:02:48,495 - ERROR - Error processing lemma abagá: insert_etymology() got an unexpected keyword argument 'original_text'
2025-01-17 22:02:48,497 - ERROR - Error processing lemma abága: insert_etymology() got an unexpected keyword argument 'original_text'
2025-01-17 22:02:48,499 - ERROR - Error processing lemma abágat: insert_etymology() got an unexpected keyword argument 'original_text'
2025-01-17 22:02:48,501 - ERROR - Error processing lemma abagbág: insert_etymology() got an unexpected keyword argument 'original_text'
2025-01-17 22:02:48,503 - ERROR - Error processing lemma abághan: insert_etymology() got an unexpected keyword argument 'original_text'
2025-01-17 22:02:48,507 - ERROR - Error processing lemma ábak: insert_etymology() got an unexpected keyword argument 'original_text'
2025-01-17 22:02:48,508 - ERROR - Error processing lemma abaká: insert_etymology() got an unexpected keyword argument 'original_text'
2025-01-17 22:02:48,514 - ERROR - Error processing lemma abák-abák: insert_etymology() got an unexpected keyword argument 'original_text'
2025-01-17 22:02:48,520 - ERROR - Error processing lemma ábakahán: insert_etymology() got an unexpected keyword argument 'original_text'
2025-01-17 22:02:48,525 - ERROR - Error processing lemma ábakó: insert_etymology() got an unexpected keyword argument 'original_text'
2025-01-17 22:02:48,527 - ERROR - Error processing lemma ábakús: insert_etymology() got an unexpected keyword argument 'original_text'
2025-01-17 22:02:48,529 - ERROR - Error processing lemma ábal: insert_etymology() got an unexpected keyword argument 'original_text'
2025-01-17 22:02:48,532 - ERROR - Error processing lemma abalá: insert_etymology() got an unexpected keyword argument 'original_text'
2025-01-17 22:02:48,533 - ERROR - Error processing lemma abála: insert_etymology() got an unexpected keyword argument 'original_text'
2025-01-17 22:02:48,538 - ERROR - Error processing lemma ábal-ábal: insert_etymology() got an unexpected keyword argument 'original_text'
2025-01-17 22:02:48,540 - ERROR - Error processing lemma abálayán: insert_etymology() got an unexpected keyword argument 'original_text'
2025-01-17 22:02:48,543 - ERROR - Error processing lemma abálo: insert_etymology() got an unexpected keyword argument 'original_text'
2025-01-17 22:02:48,545 - ERROR - Error processing lemma abáloán: insert_etymology() got an unexpected keyword argument 'original_text'
2025-01-17 22:02:48,547 - ERROR - Error processing lemma abalone: insert_etymology() got an unexpected keyword argument 'original_text'
2025-01-17 22:02:48,550 - ERROR - Error processing lemma abalone mushroom: insert_etymology() got an unexpected keyword argument 'original_text'
2025-01-17 22:02:48,551 - ERROR - Error processing lemma abalóryo: insert_etymology() got an unexpected keyword argument 'original_text'
2025-01-17 22:02:48,554 - ERROR - Error processing lemma Abá mo nganí!: insert_etymology() got an unexpected keyword argument 'original_text'
2025-01-17 22:02:48,556 - ERROR - Error processing lemma ábamp: insert_etymology() got an unexpected keyword argument 'original_text'
2025-01-17 22:02:48,557 - ERROR - Error processing lemma abampere: insert_etymology() got an unexpected keyword argument 'original_text'
2025-01-17 22:02:48,560 - ERROR - Error processing lemma ában: insert_etymology() got an unexpected keyword argument 'original_text'
2025-01-17 22:02:48,562 - ERROR - Error processing lemma abanderádo: insert_etymology() got an unexpected keyword argument 'original_text'
2025-01-17 22:02:48,564 - ERROR - Error processing lemma abándon: insert_etymology() got an unexpected keyword argument 'original_text'
2025-01-17 22:02:48,565 - ERROR - Error processing lemma abandoná: insert_etymology() got an unexpected keyword argument 'original_text'
2025-01-17 22:02:48,567 - ERROR - Error processing lemma abáng: insert_etymology() got an unexpected keyword argument 'original_text'
2025-01-17 22:02:48,568 - ERROR - Error processing lemma ábang: insert_etymology() got an unexpected keyword argument 'original_text'
2025-01-17 22:02:48,574 - ERROR - Error processing lemma ábángan: insert_etymology() got an unexpected keyword argument 'original_text'
2025-01-17 22:02:48,576 - ERROR - Error processing lemma abanglës: insert_etymology() got an unexpected keyword argument 'original_text'
2025-01-17 22:02:48,578 - ERROR - Error processing lemma abaníd: insert_etymology() got an unexpected keyword argument 'original_text'
2025-01-17 22:02:48,580 - ERROR - Error processing lemma abaníko: insert_etymology() got an unexpected keyword argument 'original_text'
2025-01-17 22:02:48,581 - ERROR - Error processing lemma abáno: insert_etymology() got an unexpected keyword argument 'original_text'
2025-01-17 22:02:48,583 - ERROR - Error processing lemma abansádo: insert_etymology() got an unexpected keyword argument 'original_text'
2025-01-17 22:02:48,585 - ERROR - Error processing lemma abánse: insert_etymology() got an unexpected keyword argument 'original_text'
2025-01-17 22:02:48,587 - ERROR - Error processing lemma abánte: insert_etymology() got an unexpected keyword argument 'original_text'
2025-01-17 22:02:48,589 - ERROR - Error processing lemma abantéro: insert_etymology() got an unexpected keyword argument 'original_text'
2025-01-17 22:02:48,591 - ERROR - Error processing lemma abánto: insert_etymology() got an unexpected keyword argument 'original_text'
2025-01-17 22:02:48,594 - ERROR - Error processing lemma abár: insert_etymology() got an unexpected keyword argument 'original_text'
2025-01-17 22:02:48,596 - ERROR - Error processing lemma ábar: insert_etymology() got an unexpected keyword argument 'original_text'
2025-01-17 22:02:48,599 - ERROR - Error processing lemma abaráy: insert_etymology() got an unexpected keyword argument 'original_text'
2025-01-17 22:02:48,602 - ERROR - Error processing lemma abarísya: insert_etymology() got an unexpected keyword argument 'original_text'
2025-01-17 22:02:48,605 - ERROR - Error processing lemma abarisyósa: insert_etymology() got an unexpected keyword argument 'original_text'
2025-01-17 22:02:48,608 - ERROR - Error processing lemma abarká: insert_etymology() got an unexpected keyword argument 'original_text'
2025-01-17 22:02:48,610 - ERROR - Error processing lemma abáro: insert_etymology() got an unexpected keyword argument 'original_text'
2025-01-17 22:02:48,617 - ERROR - Error processing lemma abás: insert_etymology() got an unexpected keyword argument 'original_text'
2025-01-17 22:02:48,620 - ERROR - Error processing lemma abaseríya: insert_etymology() got an unexpected keyword argument 'original_text'
2025-01-17 22:02:48,627 - ERROR - Error processing lemma abasia: insert_etymology() got an unexpected keyword argument 'original_text'
2025-01-17 22:02:48,631 - ERROR - Error processing lemma abásto: insert_etymology() got an unexpected keyword argument 'original_text'
2025-01-17 22:02:48,633 - ERROR - Error processing lemma abát: insert_etymology() got an unexpected keyword argument 'original_text'
2025-01-17 22:02:48,636 - ERROR - Error processing lemma ábat: insert_etymology() got an unexpected keyword argument 'original_text'
2025-01-17 22:02:48,639 - ERROR - Error processing lemma abáte: insert_etymology() got an unexpected keyword argument 'original_text'
2025-01-17 22:02:48,642 - ERROR - Error processing lemma abaték: insert_etymology() got an unexpected keyword argument 'original_text'
2025-01-17 22:02:48,646 - ERROR - Error processing lemma A battery: insert_etymology() got an unexpected keyword argument 'original_text'
2025-01-17 22:02:48,648 - ERROR - Error processing lemma abattoir: insert_etymology() got an unexpected keyword argument 'original_text'
2025-01-17 22:02:48,651 - ERROR - Error processing lemma Abáw!: insert_etymology() got an unexpected keyword argument 'original_text'
2025-01-17 22:02:48,654 - ERROR - Error processing lemma abáw-abáw: insert_etymology() got an unexpected keyword argument 'original_text'
2025-01-17 22:02:48,657 - ERROR - Error processing lemma abáy: insert_etymology() got an unexpected keyword argument 'original_text'
2025-01-17 22:02:48,660 - ERROR - Error processing lemma ábay: insert_etymology() got an unexpected keyword argument 'original_text'
2025-01-17 22:02:48,662 - ERROR - Error processing lemma abáya: insert_etymology() got an unexpected keyword argument 'original_text'
2025-01-17 22:02:48,665 - ERROR - Error processing lemma abáy-abáy: insert_etymology() got an unexpected keyword argument 'original_text'
2025-01-17 22:02:48,668 - ERROR - Error processing lemma ábay-ábay: insert_etymology() got an unexpected keyword argument 'original_text'
2025-01-17 22:02:48,671 - ERROR - Error processing lemma Abáyan: insert_etymology() got an unexpected keyword argument 'original_text'
2025-01-17 22:02:48,674 - ERROR - Error processing lemma Abayarí!: insert_etymology() got an unexpected keyword argument 'original_text'
2025-01-17 22:02:48,677 - ERROR - Error processing lemma Abba: insert_etymology() got an unexpected keyword argument 'original_text'
2025-01-17 22:02:48,679 - ERROR - Error processing lemma ábba: insert_etymology() got an unexpected keyword argument 'original_text'
2025-01-17 22:02:48,682 - ERROR - Error processing lemma Ábbas: insert_etymology() got an unexpected keyword argument 'original_text'
2025-01-17 22:02:48,685 - ERROR - Error processing lemma Abbásíd: insert_etymology() got an unexpected keyword argument 'original_text'
2025-01-17 22:02:48,689 - ERROR - Error processing lemma abbe: insert_etymology() got an unexpected keyword argument 'original_text'
2025-01-17 22:02:48,692 - ERROR - Error processing lemma abbéng: insert_etymology() got an unexpected keyword argument 'original_text'
2025-01-17 22:02:48,695 - ERROR - Error processing lemma abbess: insert_etymology() got an unexpected keyword argument 'original_text'
2025-01-17 22:02:48,698 - ERROR - Error processing lemma abbey: insert_etymology() got an unexpected keyword argument 'original_text'
2025-01-17 22:02:48,702 - ERROR - Error processing lemma abbíang: insert_etymology() got an unexpected keyword argument 'original_text'
2025-01-17 22:02:48,705 - ERROR - Error processing lemma abbíra: insert_etymology() got an unexpected keyword argument 'original_text'
2025-01-17 22:02:48,708 - ERROR - Error processing lemma abbóg: insert_etymology() got an unexpected keyword argument 'original_text'
2025-01-17 22:02:48,712 - ERROR - Error processing lemma ábbot: insert_etymology() got an unexpected keyword argument 'original_text'
2025-01-17 22:02:48,715 - ERROR - Error processing lemma abbreviate: insert_etymology() got an unexpected keyword argument 'original_text'
2025-01-17 22:02:48,719 - ERROR - Error processing lemma abbreviation: insert_etymology() got an unexpected keyword argument 'original_text'
2025-01-17 22:02:48,722 - ERROR - Error processing lemma ABC: insert_etymology() got an unexpected keyword argument 'original_text'
2025-01-17 22:02:48,725 - ERROR - Error processing lemma abcoulomb: insert_etymology() got an unexpected keyword argument 'original_text'
2025-01-17 22:02:48,729 - ERROR - Error processing lemma abdikasyón: insert_etymology() got an unexpected keyword argument 'original_text'
2025-01-17 22:02:48,732 - ERROR - Error processing lemma ábdis: insert_etymology() got an unexpected keyword argument 'original_text'
2025-01-17 22:02:48,734 - ERROR - Error processing lemma abdómen: insert_etymology() got an unexpected keyword argument 'original_text'
2025-01-17 22:02:48,737 - ERROR - Error processing lemma abducens: insert_etymology() got an unexpected keyword argument 'original_text'
2025-01-17 22:02:48,741 - ERROR - Error processing lemma abducens nerve: insert_etymology() got an unexpected keyword argument 'original_text'
2025-01-17 22:02:48,744 - ERROR - Error processing lemma ábe: insert_etymology() got an unexpected keyword argument 'original_text'
2025-01-17 22:02:48,748 - ERROR - Error processing lemma Abédnegó: insert_etymology() got an unexpected keyword argument 'original_text'
2025-01-17 22:02:48,751 - ERROR - Error processing lemma abéha: insert_etymology() got an unexpected keyword argument 'original_text'
2025-01-17 22:02:48,755 - ERROR - Error processing lemma abéha réyna: insert_etymology() got an unexpected keyword argument 'original_text'
2025-01-17 22:02:48,759 - ERROR - Error processing lemma abehéra: insert_etymology() got an unexpected keyword argument 'original_text'
2025-01-17 22:02:48,763 - ERROR - Error processing lemma abehéro: insert_etymology() got an unexpected keyword argument 'original_text'
2025-01-17 22:02:48,766 - ERROR - Error processing lemma abék: insert_etymology() got an unexpected keyword argument 'original_text'
2025-01-17 22:02:48,769 - ERROR - Error processing lemma Abél: insert_etymology() got an unexpected keyword argument 'original_text'
2025-01-17 22:02:48,771 - ERROR - Error processing lemma abël: insert_etymology() got an unexpected keyword argument 'original_text'
2025-01-17 22:02:48,775 - ERROR - Error processing lemma abelláw: insert_etymology() got an unexpected keyword argument 'original_text'
2025-01-17 22:02:48,777 - ERROR - Error processing lemma abelyána: insert_etymology() got an unexpected keyword argument 'original_text'
2025-01-17 22:02:48,780 - ERROR - Error processing lemma abelyáno: insert_etymology() got an unexpected keyword argument 'original_text'
2025-01-17 22:02:48,783 - ERROR - Error processing lemma abelyánu: insert_etymology() got an unexpected keyword argument 'original_text'
2025-01-17 22:02:48,787 - ERROR - Error processing lemma abenída: insert_etymology() got an unexpected keyword argument 'original_text'
2025-01-17 22:02:48,790 - ERROR - Error processing lemma abentúra: insert_etymology() got an unexpected keyword argument 'original_text'
2025-01-17 22:02:48,794 - ERROR - Error processing lemma abenturéro: insert_etymology() got an unexpected keyword argument 'original_text'
2025-01-17 22:02:48,798 - ERROR - Error processing lemma abenturóso: insert_etymology() got an unexpected keyword argument 'original_text'
2025-01-17 22:02:48,801 - ERROR - Error processing lemma abe-paraíso: insert_etymology() got an unexpected keyword argument 'original_text'
2025-01-17 22:02:48,804 - ERROR - Error processing lemma abér: insert_etymology() got an unexpected keyword argument 'original_text'
2025-01-17 22:02:48,808 - ERROR - Error processing lemma Abér!: insert_etymology() got an unexpected keyword argument 'original_text'
2025-01-17 22:02:48,811 - ERROR - Error processing lemma aberasyón: insert_etymology() got an unexpected keyword argument 'original_text'
2025-01-17 22:02:48,815 - ERROR - Error processing lemma Abérno: insert_etymology() got an unexpected keyword argument 'original_text'
2025-01-17 22:02:48,818 - ERROR - Error processing lemma aberyá: insert_etymology() got an unexpected keyword argument 'original_text'
2025-01-17 22:02:48,821 - ERROR - Error processing lemma ábése: insert_etymology() got an unexpected keyword argument 'original_text'
2025-01-17 22:02:48,824 - ERROR - Error processing lemma abesedáryo: insert_etymology() got an unexpected keyword argument 'original_text'
2025-01-17 22:02:48,828 - ERROR - Error processing lemma abestrús: insert_etymology() got an unexpected keyword argument 'original_text'
2025-01-17 22:02:48,831 - ERROR - Error processing lemma abët: insert_etymology() got an unexpected keyword argument 'original_text'
2025-01-17 22:02:48,837 - ERROR - Error processing lemma ábëtën: insert_etymology() got an unexpected keyword argument 'original_text'
2025-01-17 22:02:48,841 - ERROR - Error processing lemma ábetín: insert_etymology() got an unexpected keyword argument 'original_text'
2025-01-17 22:02:48,844 - ERROR - Error processing lemma ab éxtra: insert_etymology() got an unexpected keyword argument 'original_text'
2025-01-17 22:02:48,847 - ERROR - Error processing lemma ábhas: insert_etymology() got an unexpected keyword argument 'original_text'
2025-01-17 22:02:48,851 - ERROR - Error processing lemma ábhong: insert_etymology() got an unexpected keyword argument 'original_text'
2025-01-17 22:02:48,854 - ERROR - Error processing lemma abí: insert_etymology() got an unexpected keyword argument 'original_text'
2025-01-17 22:02:48,856 - ERROR - Error processing lemma ábi: insert_etymology() got an unexpected keyword argument 'original_text'
2025-01-17 22:02:48,859 - ERROR - Error processing lemma abibbá: insert_etymology() got an unexpected keyword argument 'original_text'
2025-01-17 22:02:48,862 - ERROR - Error processing lemma abíday: insert_etymology() got an unexpected keyword argument 'original_text'
2025-01-17 22:02:48,864 - ERROR - Error processing lemma À bientôt!: insert_etymology() got an unexpected keyword argument 'original_text'
2025-01-17 22:02:48,867 - ERROR - Error processing lemma abietate: insert_etymology() got an unexpected keyword argument 'original_text'
2025-01-17 22:02:48,870 - ERROR - Error processing lemma abietic acid: insert_etymology() got an unexpected keyword argument 'original_text'
2025-01-17 22:02:48,873 - ERROR - Error processing lemma ábig: insert_etymology() got an unexpected keyword argument 'original_text'
2025-01-17 22:02:48,875 - ERROR - Error processing lemma abígay: insert_etymology() got an unexpected keyword argument 'original_text'
2025-01-17 22:02:48,878 - ERROR - Error processing lemma abígi: insert_etymology() got an unexpected keyword argument 'original_text'
2025-01-17 22:02:48,881 - ERROR - Error processing lemma abî-ik: insert_etymology() got an unexpected keyword argument 'original_text'
2025-01-17 22:02:48,884 - ERROR - Error processing lemma abikúltor: insert_etymology() got an unexpected keyword argument 'original_text'
2025-01-17 22:02:48,887 - ERROR - Error processing lemma abikultúra: insert_etymology() got an unexpected keyword argument 'original_text'
2025-01-17 22:02:48,889 - ERROR - Error processing lemma abíl: insert_etymology() got an unexpected keyword argument 'original_text'
2025-01-17 22:02:48,891 - ERROR - Error processing lemma ábil: insert_etymology() got an unexpected keyword argument 'original_text'
2025-01-17 22:02:48,893 - ERROR - Error processing lemma ábil-ábil: insert_etymology() got an unexpected keyword argument 'original_text'
2025-01-17 22:02:48,896 - ERROR - Error processing lemma abilidád: insert_etymology() got an unexpected keyword argument 'original_text'
2025-01-17 22:02:48,899 - ERROR - Error processing lemma abílin: insert_etymology() got an unexpected keyword argument 'original_text'
2025-01-17 22:02:48,901 - ERROR - Error processing lemma ability: insert_etymology() got an unexpected keyword argument 'original_text'
2025-01-17 22:02:48,905 - ERROR - Error processing lemma abín: insert_etymology() got an unexpected keyword argument 'original_text'
2025-01-17 22:02:48,907 - ERROR - Error processing lemma ábin: insert_etymology() got an unexpected keyword argument 'original_text'
2025-01-17 22:02:48,909 - ERROR - Error processing lemma ab inítio: insert_etymology() got an unexpected keyword argument 'original_text'
2025-01-17 22:02:48,912 - ERROR - Error processing lemma abintestáto: insert_etymology() got an unexpected keyword argument 'original_text'
2025-01-17 22:02:48,915 - ERROR - Error processing lemma ab íntra: insert_etymology() got an unexpected keyword argument 'original_text'
2025-01-17 22:02:48,918 - ERROR - Error processing lemma abinulók: insert_etymology() got an unexpected keyword argument 'original_text'
2025-01-17 22:02:48,921 - ERROR - Error processing lemma abiogenesis: insert_etymology() got an unexpected keyword argument 'original_text'
2025-01-17 22:02:48,924 - ERROR - Error processing lemma abiotrophy: insert_etymology() got an unexpected keyword argument 'original_text'
2025-01-17 22:02:48,926 - ERROR - Error processing lemma abirritant: insert_etymology() got an unexpected keyword argument 'original_text'
2025-01-17 22:02:48,929 - ERROR - Error processing lemma abisádo: insert_etymology() got an unexpected keyword argument 'original_text'
2025-01-17 22:02:48,931 - ERROR - Error processing lemma Abisinia: insert_etymology() got an unexpected keyword argument 'original_text'
2025-01-17 22:02:48,935 - ERROR - Error processing lemma Abisinio: insert_etymology() got an unexpected keyword argument 'original_text'
2025-01-17 22:02:48,938 - ERROR - Error processing lemma Abisínya: insert_etymology() got an unexpected keyword argument 'original_text'
2025-01-17 22:02:48,941 - ERROR - Error processing lemma Abisínyo: insert_etymology() got an unexpected keyword argument 'original_text'
2025-01-17 22:02:48,944 - ERROR - Error processing lemma abismál: insert_etymology() got an unexpected keyword argument 'original_text'
2025-01-17 22:02:48,947 - ERROR - Error processing lemma abísmo: insert_etymology() got an unexpected keyword argument 'original_text'
2025-01-17 22:02:48,950 - ERROR - Error processing lemma abíso: insert_etymology() got an unexpected keyword argument 'original_text'
2025-01-17 22:02:48,957 - ERROR - Error processing lemma ábit: insert_etymology() got an unexpected keyword argument 'original_text'
2025-01-17 22:02:48,960 - ERROR - Error processing lemma ábitó: insert_etymology() got an unexpected keyword argument 'original_text'
2025-01-17 22:02:48,963 - ERROR - Error processing lemma abitsuwélas: insert_etymology() got an unexpected keyword argument 'original_text'
2025-01-17 22:02:48,966 - ERROR - Error processing lemma abítug: insert_etymology() got an unexpected keyword argument 'original_text'
2025-01-17 22:02:48,969 - ERROR - Error processing lemma abíyo: insert_etymology() got an unexpected keyword argument 'original_text'
2025-01-17 22:02:48,972 - ERROR - Error processing lemma abkël: insert_etymology() got an unexpected keyword argument 'original_text'
2025-01-17 22:02:48,975 - ERROR - Error processing lemma ábla: insert_etymology() got an unexpected keyword argument 'original_text'
2025-01-17 22:02:48,979 - ERROR - Error processing lemma ablád: insert_etymology() got an unexpected keyword argument 'original_text'
2025-01-17 22:02:48,983 - ERROR - Error processing lemma abláda: insert_etymology() got an unexpected keyword argument 'original_text'
2025-01-17 22:02:48,986 - ERROR - Error processing lemma abládo: insert_etymology() got an unexpected keyword argument 'original_text'
2025-01-17 22:02:48,990 - ERROR - Error processing lemma áblang: insert_etymology() got an unexpected keyword argument 'original_text'
2025-01-17 22:02:48,993 - ERROR - Error processing lemma áblas: insert_etymology() got an unexpected keyword argument 'original_text'
2025-01-17 22:02:48,996 - ERROR - Error processing lemma ablatíbo: insert_etymology() got an unexpected keyword argument 'original_text'
2025-01-17 22:02:48,998 - ERROR - Error processing lemma áblaw: insert_etymology() got an unexpected keyword argument 'original_text'
2025-01-17 22:02:49,005 - ERROR - Error processing lemma áblay: insert_etymology() got an unexpected keyword argument 'original_text'
2025-01-17 22:02:49,008 - ERROR - Error processing lemma able: insert_etymology() got an unexpected keyword argument 'original_text'
2025-01-17 22:02:49,011 - ERROR - Error processing lemma able-bodied seaman: insert_etymology() got an unexpected keyword argument 'original_text'
2025-01-17 22:02:49,014 - ERROR - Error processing lemma ablepsia: insert_etymology() got an unexpected keyword argument 'original_text'
2025-01-17 22:02:49,016 - ERROR - Error processing lemma ablí: insert_etymology() got an unexpected keyword argument 'original_text'
2025-01-17 22:02:49,019 - ERROR - Error processing lemma ábli: insert_etymology() got an unexpected keyword argument 'original_text'
2025-01-17 22:02:49,022 - ERROR - Error processing lemma Ablíg Saligsíg: insert_etymology() got an unexpected keyword argument 'original_text'
2025-01-17 22:02:49,025 - ERROR - Error processing lemma áblon: insert_etymology() got an unexpected keyword argument 'original_text'
2025-01-17 22:02:49,028 - ERROR - Error processing lemma áblong: insert_etymology() got an unexpected keyword argument 'original_text'
2025-01-17 22:02:49,031 - ERROR - Error processing lemma ablusyón: insert_etymology() got an unexpected keyword argument 'original_text'
2025-01-17 22:02:49,034 - ERROR - Error processing lemma abnegasyón: insert_etymology() got an unexpected keyword argument 'original_text'
2025-01-17 22:02:49,036 - ERROR - Error processing lemma abnórmal: insert_etymology() got an unexpected keyword argument 'original_text'
2025-01-17 22:02:49,038 - ERROR - Error processing lemma abnormalidád: insert_etymology() got an unexpected keyword argument 'original_text'
2025-01-17 22:02:49,040 - ERROR - Error processing lemma abnúg: insert_etymology() got an unexpected keyword argument 'original_text'
2025-01-17 22:02:49,042 - ERROR - Error processing lemma ábnut: insert_etymology() got an unexpected keyword argument 'original_text'
2025-01-17 22:02:49,044 - ERROR - Error processing lemma abó: insert_etymology() got an unexpected keyword argument 'original_text'
2025-01-17 22:02:49,050 - ERROR - Error processing lemma abóbor: insert_etymology() got an unexpected keyword argument 'original_text'
2025-01-17 22:02:49,055 - ERROR - Error processing lemma ábog: insert_etymology() got an unexpected keyword argument 'original_text'
2025-01-17 22:02:49,057 - ERROR - Error processing lemma abogadílyo: insert_etymology() got an unexpected keyword argument 'original_text'
2025-01-17 22:02:49,059 - ERROR - Error processing lemma abogádo: insert_etymology() got an unexpected keyword argument 'original_text'
2025-01-17 22:02:49,061 - ERROR - Error processing lemma abogasyá: insert_etymology() got an unexpected keyword argument 'original_text'
2025-01-17 22:02:49,063 - ERROR - Error processing lemma abógong: insert_etymology() got an unexpected keyword argument 'original_text'
2025-01-17 22:02:49,068 - ERROR - Error processing lemma abokádo: insert_etymology() got an unexpected keyword argument 'original_text'
2025-01-17 22:02:49,071 - ERROR - Error processing lemma aból: insert_etymology() got an unexpected keyword argument 'original_text'
2025-01-17 22:02:49,074 - ERROR - Error processing lemma abolish: insert_etymology() got an unexpected keyword argument 'original_text'
2025-01-17 22:02:49,077 - ERROR - Error processing lemma abolisyón: insert_etymology() got an unexpected keyword argument 'original_text'
2025-01-17 22:02:49,079 - ERROR - Error processing lemma abolisyonísta: insert_etymology() got an unexpected keyword argument 'original_text'
2025-01-17 22:02:49,081 - ERROR - Error processing lemma abolition: insert_etymology() got an unexpected keyword argument 'original_text'
2025-01-17 22:02:49,083 - ERROR - Error processing lemma abomásum: insert_etymology() got an unexpected keyword argument 'original_text'
2025-01-17 22:02:49,085 - ERROR - Error processing lemma A bomb: insert_etymology() got an unexpected keyword argument 'original_text'
2025-01-17 22:02:49,088 - ERROR - Error processing lemma Abominable Snowman: insert_etymology() got an unexpected keyword argument 'original_text'
2025-01-17 22:02:49,090 - ERROR - Error processing lemma abonádo: insert_etymology() got an unexpected keyword argument 'original_text'
2025-01-17 22:02:49,092 - ERROR - Error processing lemma ábong: insert_etymology() got an unexpected keyword argument 'original_text'
2025-01-17 22:02:49,094 - ERROR - Error processing lemma ábor: insert_etymology() got an unexpected keyword argument 'original_text'
2025-01-17 22:02:49,097 - ERROR - Error processing lemma abór-abór: insert_etymology() got an unexpected keyword argument 'original_text'
2025-01-17 22:02:49,100 - ERROR - Error processing lemma aborigine: insert_etymology() got an unexpected keyword argument 'original_text'
2025-01-17 22:02:49,102 - ERROR - Error processing lemma ab origine: insert_etymology() got an unexpected keyword argument 'original_text'
2025-01-17 22:02:49,105 - ERROR - Error processing lemma abórsiyón: insert_etymology() got an unexpected keyword argument 'original_text'
2025-01-17 22:02:49,108 - ERROR - Error processing lemma abortifacient: insert_etymology() got an unexpected keyword argument 'original_text'
2025-01-17 22:02:49,109 - ERROR - Error processing lemma abortionist: insert_etymology() got an unexpected keyword argument 'original_text'
2025-01-17 22:02:49,112 - ERROR - Error processing lemma abórtísta: insert_etymology() got an unexpected keyword argument 'original_text'
2025-01-17 22:02:49,115 - ERROR - Error processing lemma abórto: insert_etymology() got an unexpected keyword argument 'original_text'
2025-01-17 22:02:49,117 - ERROR - Error processing lemma abót: insert_etymology() got an unexpected keyword argument 'original_text'
2025-01-17 22:02:49,136 - ERROR - Error processing lemma abót-abót: insert_etymology() got an unexpected keyword argument 'original_text'
2025-01-17 22:02:49,143 - ERROR - Error processing lemma abotdán: insert_etymology() got an unexpected keyword argument 'original_text'
2025-01-17 22:02:49,150 - ERROR - Error processing lemma ábot-kisáp: insert_etymology() got an unexpected keyword argument 'original_text'
2025-01-17 22:02:49,171 - ERROR - Error processing lemma ábot-tubò: insert_etymology() got an unexpected keyword argument 'original_text'
2025-01-17 22:02:49,173 - ERROR - Error processing lemma ab ovo: insert_etymology() got an unexpected keyword argument 'original_text'
2025-01-17 22:02:49,179 - ERROR - Error processing lemma abóy-abóy: insert_etymology() got an unexpected keyword argument 'original_text'
2025-01-17 22:02:49,181 - ERROR - Error processing lemma abpá: insert_etymology() got an unexpected keyword argument 'original_text'
2025-01-17 22:02:49,183 - ERROR - Error processing lemma ábra: insert_etymology() got an unexpected keyword argument 'original_text'
2025-01-17 22:02:49,186 - ERROR - Error processing lemma Ábrahám: insert_etymology() got an unexpected keyword argument 'original_text'
2025-01-17 22:02:49,189 - ERROR - Error processing lemma ábrakadábra: insert_etymology() got an unexpected keyword argument 'original_text'
2025-01-17 22:02:49,191 - ERROR - Error processing lemma abrám: insert_etymology() got an unexpected keyword argument 'original_text'
2025-01-17 22:02:49,193 - ERROR - Error processing lemma abrása: insert_etymology() got an unexpected keyword argument 'original_text'
2025-01-17 22:02:49,195 - ERROR - Error processing lemma abrasadór: insert_etymology() got an unexpected keyword argument 'original_text'
2025-01-17 22:02:49,197 - ERROR - Error processing lemma abrasiyéte: insert_etymology() got an unexpected keyword argument 'original_text'
2025-01-17 22:02:49,198 - ERROR - Error processing lemma abráso: insert_etymology() got an unexpected keyword argument 'original_text'
2025-01-17 22:02:49,200 - ERROR - Error processing lemma abráw: insert_etymology() got an unexpected keyword argument 'original_text'
2025-01-17 22:02:49,203 - ERROR - Error processing lemma abré: insert_etymology() got an unexpected keyword argument 'original_text'
2025-01-17 22:02:49,206 - ERROR - Error processing lemma abrebyádo: insert_etymology() got an unexpected keyword argument 'original_text'
2025-01-17 22:02:49,208 - ERROR - Error processing lemma abrebyasyón: insert_etymology() got an unexpected keyword argument 'original_text'
2025-01-17 22:02:49,209 - ERROR - Error processing lemma abrebyatúra: insert_etymology() got an unexpected keyword argument 'original_text'
2025-01-17 22:02:49,212 - ERROR - Error processing lemma abreláta: insert_etymology() got an unexpected keyword argument 'original_text'
2025-01-17 22:02:49,214 - ERROR - Error processing lemma abrí: insert_etymology() got an unexpected keyword argument 'original_text'
2025-01-17 22:02:49,216 - ERROR - Error processing lemma abridór: insert_etymology() got an unexpected keyword argument 'original_text'
2025-01-17 22:02:49,217 - ERROR - Error processing lemma abrigána: insert_etymology() got an unexpected keyword argument 'original_text'
2025-01-17 22:02:49,220 - ERROR - Error processing lemma abrigáwo: insert_etymology() got an unexpected keyword argument 'original_text'
2025-01-17 22:02:49,222 - ERROR - Error processing lemma abrígo: insert_etymology() got an unexpected keyword argument 'original_text'
2025-01-17 22:02:49,224 - ERROR - Error processing lemma Abríl: insert_etymology() got an unexpected keyword argument 'original_text'
2025-01-17 22:02:49,226 - ERROR - Error processing lemma abroad: insert_etymology() got an unexpected keyword argument 'original_text'
2025-01-17 22:02:49,228 - ERROR - Error processing lemma abrodísta: insert_etymology() got an unexpected keyword argument 'original_text'
2025-01-17 22:02:49,230 - ERROR - Error processing lemma abrótanó: insert_etymology() got an unexpected keyword argument 'original_text'
2025-01-17 22:02:49,232 - ERROR - Error processing lemma abrupt: insert_etymology() got an unexpected keyword argument 'original_text'
2025-01-17 22:02:49,234 - ERROR - Error processing lemma absám: insert_etymology() got an unexpected keyword argument 'original_text'
2025-01-17 22:02:49,236 - ERROR - Error processing lemma abscess: insert_etymology() got an unexpected keyword argument 'original_text'
2025-01-17 22:02:49,239 - ERROR - Error processing lemma abscissa: insert_etymology() got an unexpected keyword argument 'original_text'
2025-01-17 22:02:49,241 - ERROR - Error processing lemma abscissic acid: insert_etymology() got an unexpected keyword argument 'original_text'
2025-01-17 22:02:49,243 - ERROR - Error processing lemma ábsent: insert_etymology() got an unexpected keyword argument 'original_text'
2025-01-17 22:02:49,245 - ERROR - Error processing lemma absentísmo: insert_etymology() got an unexpected keyword argument 'original_text'
2025-01-17 22:02:49,247 - ERROR - Error processing lemma absent-minded: insert_etymology() got an unexpected keyword argument 'original_text'
2025-01-17 22:02:49,249 - ERROR - Error processing lemma absent without official leave: insert_etymology() got an unexpected keyword argument 'original_text'
2025-01-17 22:02:49,252 - ERROR - Error processing lemma abséso: insert_etymology() got an unexpected keyword argument 'original_text'
2025-01-17 22:02:49,255 - ERROR - Error processing lemma absî: insert_etymology() got an unexpected keyword argument 'original_text'
2025-01-17 22:02:49,257 - ERROR - Error processing lemma absík: insert_etymology() got an unexpected keyword argument 'original_text'
2025-01-17 22:02:49,259 - ERROR - Error processing lemma absíng: insert_etymology() got an unexpected keyword argument 'original_text'
2025-01-17 22:02:49,261 - ERROR - Error processing lemma absinth: insert_etymology() got an unexpected keyword argument 'original_text'
2025-01-17 22:02:49,263 - ERROR - Error processing lemma absíntiyó: insert_etymology() got an unexpected keyword argument 'original_text'
2025-01-17 22:02:49,265 - ERROR - Error processing lemma absisyón: insert_etymology() got an unexpected keyword argument 'original_text'
2025-01-17 22:02:49,266 - ERROR - Error processing lemma Ábsit ómen!: insert_etymology() got an unexpected keyword argument 'original_text'
2025-01-17 22:02:49,268 - ERROR - Error processing lemma absolusyón: insert_etymology() got an unexpected keyword argument 'original_text'
2025-01-17 22:02:49,270 - ERROR - Error processing lemma absolute: insert_etymology() got an unexpected keyword argument 'original_text'
2025-01-17 22:02:49,273 - ERROR - Error processing lemma absolutism: insert_etymology() got an unexpected keyword argument 'original_text'
2025-01-17 22:02:49,275 - ERROR - Error processing lemma absolutísmo: insert_etymology() got an unexpected keyword argument 'original_text'
2025-01-17 22:02:49,277 - ERROR - Error processing lemma absolutísta: insert_etymology() got an unexpected keyword argument 'original_text'
2025-01-17 22:02:49,279 - ERROR - Error processing lemma absolúto: insert_etymology() got an unexpected keyword argument 'original_text'
2025-01-17 22:02:49,281 - ERROR - Error processing lemma absórb: insert_etymology() got an unexpected keyword argument 'original_text'
2025-01-17 22:02:49,283 - ERROR - Error processing lemma absórbent: insert_etymology() got an unexpected keyword argument 'original_text'
2025-01-17 22:02:49,284 - ERROR - Error processing lemma absorbénte: insert_etymology() got an unexpected keyword argument 'original_text'
2025-01-17 22:02:49,287 - ERROR - Error processing lemma absorsiyón: insert_etymology() got an unexpected keyword argument 'original_text'
2025-01-17 22:02:49,289 - ERROR - Error processing lemma abstain: insert_etymology() got an unexpected keyword argument 'original_text'
2025-01-17 22:02:49,291 - ERROR - Error processing lemma abstensiyón: insert_etymology() got an unexpected keyword argument 'original_text'
2025-01-17 22:02:49,293 - ERROR - Error processing lemma abstinence: insert_etymology() got an unexpected keyword argument 'original_text'
2025-01-17 22:02:49,295 - ERROR - Error processing lemma abstinénsiyá: insert_etymology() got an unexpected keyword argument 'original_text'
2025-01-17 22:02:49,297 - ERROR - Error processing lemma abstract noun: insert_etymology() got an unexpected keyword argument 'original_text'
2025-01-17 22:02:49,300 - ERROR - Error processing lemma ábstrak: insert_etymology() got an unexpected keyword argument 'original_text'
2025-01-17 22:02:49,302 - ERROR - Error processing lemma abstrákto: insert_etymology() got an unexpected keyword argument 'original_text'
2025-01-17 22:02:49,304 - ERROR - Error processing lemma absúrd: insert_etymology() got an unexpected keyword argument 'original_text'
2025-01-17 22:02:49,307 - ERROR - Error processing lemma absúrdo: insert_etymology() got an unexpected keyword argument 'original_text'
2025-01-17 22:02:49,310 - ERROR - Error processing lemma absuwélto: insert_etymology() got an unexpected keyword argument 'original_text'
2025-01-17 22:02:49,313 - ERROR - Error processing lemma ábtik: insert_etymology() got an unexpected keyword argument 'original_text'
2025-01-17 22:02:49,315 - ERROR - Error processing lemma abú: insert_etymology() got an unexpected keyword argument 'original_text'
2025-01-17 22:02:49,317 - ERROR - Error processing lemma abuáb: insert_etymology() got an unexpected keyword argument 'original_text'
2025-01-17 22:02:49,319 - ERROR - Error processing lemma abúab: insert_etymology() got an unexpected keyword argument 'original_text'
2025-01-17 22:02:49,321 - ERROR - Error processing lemma abúabó: insert_etymology() got an unexpected keyword argument 'original_text'
2025-01-17 22:02:49,323 - ERROR - Error processing lemma abúbho: insert_etymology() got an unexpected keyword argument 'original_text'
2025-01-17 22:02:49,325 - ERROR - Error processing lemma abúbo: insert_etymology() got an unexpected keyword argument 'original_text'
2025-01-17 22:02:49,326 - ERROR - Error processing lemma abúbor: insert_etymology() got an unexpected keyword argument 'original_text'
2025-01-17 22:02:49,329 - ERROR - Error processing lemma abubót: insert_etymology() got an unexpected keyword argument 'original_text'
2025-01-17 22:02:49,331 - ERROR - Error processing lemma abúbot: insert_etymology() got an unexpected keyword argument 'original_text'
2025-01-17 22:02:49,334 - ERROR - Error processing lemma ábud: insert_etymology() got an unexpected keyword argument 'original_text'
2025-01-17 22:02:49,336 - ERROR - Error processing lemma abúgong: insert_etymology() got an unexpected keyword argument 'original_text'
2025-01-17 22:02:49,339 - ERROR - Error processing lemma abúhin: insert_etymology() got an unexpected keyword argument 'original_text'
2025-01-17 22:02:49,341 - ERROR - Error processing lemma abukánin: insert_etymology() got an unexpected keyword argument 'original_text'
2025-01-17 22:02:49,343 - ERROR - Error processing lemma abukáy: insert_etymology() got an unexpected keyword argument 'original_text'
2025-01-17 22:02:49,344 - ERROR - Error processing lemma abúkay: insert_etymology() got an unexpected keyword argument 'original_text'
2025-01-17 22:02:49,348 - ERROR - Error processing lemma ábul: insert_etymology() got an unexpected keyword argument 'original_text'
2025-01-17 22:02:49,350 - ERROR - Error processing lemma abuládo: insert_etymology() got an unexpected keyword argument 'original_text'
2025-01-17 22:02:49,355 - ERROR - Error processing lemma abúlog: insert_etymology() got an unexpected keyword argument 'original_text'
2025-01-17 22:02:49,357 - ERROR - Error processing lemma Abúlog: insert_etymology() got an unexpected keyword argument 'original_text'
2025-01-17 22:02:49,359 - ERROR - Error processing lemma abulók: insert_etymology() got an unexpected keyword argument 'original_text'
2025-01-17 22:02:49,361 - ERROR - Error processing lemma abúlon: insert_etymology() got an unexpected keyword argument 'original_text'
2025-01-17 22:02:49,365 - ERROR - Error processing lemma abúloy: insert_etymology() got an unexpected keyword argument 'original_text'
2025-01-17 22:02:49,366 - ERROR - Error processing lemma abúlud: insert_etymology() got an unexpected keyword argument 'original_text'
2025-01-17 22:02:49,368 - ERROR - Error processing lemma ábuluyán: insert_etymology() got an unexpected keyword argument 'original_text'
2025-01-17 22:02:49,370 - ERROR - Error processing lemma abúnda: insert_etymology() got an unexpected keyword argument 'original_text'
2025-01-17 22:02:49,373 - ERROR - Error processing lemma abundance: insert_etymology() got an unexpected keyword argument 'original_text'
2025-01-17 22:02:49,375 - ERROR - Error processing lemma abundánsiyá: insert_etymology() got an unexpected keyword argument 'original_text'
2025-01-17 22:02:49,377 - ERROR - Error processing lemma abúndant: insert_etymology() got an unexpected keyword argument 'original_text'
2025-01-17 22:02:49,379 - ERROR - Error processing lemma abundánte: insert_etymology() got an unexpected keyword argument 'original_text'
2025-01-17 22:02:49,383 - ERROR - Error processing lemma abúngaw: insert_etymology() got an unexpected keyword argument 'original_text'
2025-01-17 22:02:49,385 - ERROR - Error processing lemma abunkolókal: insert_etymology() got an unexpected keyword argument 'original_text'
2025-01-17 22:02:49,387 - ERROR - Error processing lemma Abunnáwas: insert_etymology() got an unexpected keyword argument 'original_text'
2025-01-17 22:02:49,390 - ERROR - Error processing lemma ab urbe condita: insert_etymology() got an unexpected keyword argument 'original_text'
2025-01-17 22:02:49,393 - ERROR - Error processing lemma aburído: insert_etymology() got an unexpected keyword argument 'original_text'
2025-01-17 22:02:49,395 - ERROR - Error processing lemma abúroy: insert_etymology() got an unexpected keyword argument 'original_text'
2025-01-17 22:02:49,397 - ERROR - Error processing lemma abusádo: insert_etymology() got an unexpected keyword argument 'original_text'
2025-01-17 22:02:49,400 - ERROR - Error processing lemma abuse: insert_etymology() got an unexpected keyword argument 'original_text'
2025-01-17 22:02:49,402 - ERROR - Error processing lemma abuséro: insert_etymology() got an unexpected keyword argument 'original_text'
2025-01-17 22:02:49,404 - ERROR - Error processing lemma abusíbo: insert_etymology() got an unexpected keyword argument 'original_text'
2025-01-17 22:02:49,406 - ERROR - Error processing lemma abusíng: insert_etymology() got an unexpected keyword argument 'original_text'
2025-01-17 22:02:49,408 - ERROR - Error processing lemma abúso: insert_etymology() got an unexpected keyword argument 'original_text'
2025-01-17 22:02:49,411 - ERROR - Error processing lemma ábut: insert_etymology() got an unexpected keyword argument 'original_text'
2025-01-17 22:02:49,413 - ERROR - Error processing lemma abutilí: insert_etymology() got an unexpected keyword argument 'original_text'
2025-01-17 22:02:49,415 - ERROR - Error processing lemma abutít: insert_etymology() got an unexpected keyword argument 'original_text'
2025-01-17 22:02:49,419 - ERROR - Error processing lemma abúwek: insert_etymology() got an unexpected keyword argument 'original_text'
2025-01-17 22:02:49,421 - ERROR - Error processing lemma abúyak: insert_etymology() got an unexpected keyword argument 'original_text'
2025-01-17 22:02:49,423 - ERROR - Error processing lemma abúyan: insert_etymology() got an unexpected keyword argument 'original_text'
2025-01-17 22:02:49,425 - ERROR - Error processing lemma abúyon: insert_etymology() got an unexpected keyword argument 'original_text'
2025-01-17 22:02:49,429 - ERROR - Error processing lemma abwáng: insert_etymology() got an unexpected keyword argument 'original_text'
2025-01-17 22:02:49,431 - ERROR - Error processing lemma abwéla: insert_etymology() got an unexpected keyword argument 'original_text'
2025-01-17 22:02:49,433 - ERROR - Error processing lemma abyád: insert_etymology() got an unexpected keyword argument 'original_text'
2025-01-17 22:02:49,436 - ERROR - Error processing lemma abyadór: insert_etymology() got an unexpected keyword argument 'original_text'
2025-01-17 22:02:49,438 - ERROR - Error processing lemma ábyan: insert_etymology() got an unexpected keyword argument 'original_text'
2025-01-17 22:02:49,441 - ERROR - Error processing lemma abyáryo: insert_etymology() got an unexpected keyword argument 'original_text'
2025-01-17 22:02:49,443 - ERROR - Error processing lemma abyás: insert_etymology() got an unexpected keyword argument 'original_text'
2025-01-17 22:02:49,445 - ERROR - Error processing lemma abyasyón: insert_etymology() got an unexpected keyword argument 'original_text'
2025-01-17 22:02:49,446 - ERROR - Error processing lemma abyérta: insert_etymology() got an unexpected keyword argument 'original_text'
2025-01-17 22:02:49,448 - ERROR - Error processing lemma abyérto: insert_etymology() got an unexpected keyword argument 'original_text'
2025-01-17 22:02:49,450 - ERROR - Error processing lemma ábyo: insert_etymology() got an unexpected keyword argument 'original_text'
2025-01-17 22:02:49,452 - ERROR - Error processing lemma abyóg: insert_etymology() got an unexpected keyword argument 'original_text'
2025-01-17 22:02:49,454 - ERROR - Error processing lemma ábyog: insert_etymology() got an unexpected keyword argument 'original_text'
2025-01-17 22:02:49,456 - ERROR - Error processing lemma abyogá: insert_etymology() got an unexpected keyword argument 'original_text'
2025-01-17 22:02:49,459 - ERROR - Error processing lemma abyón: insert_etymology() got an unexpected keyword argument 'original_text'
2025-01-17 22:02:49,461 - ERROR - Error processing lemma abyss: insert_etymology() got an unexpected keyword argument 'original_text'
2025-01-17 22:02:49,463 - ERROR - Error processing lemma Abyssinia: insert_etymology() got an unexpected keyword argument 'original_text'
2025-01-17 22:02:49,466 - ERROR - Error processing lemma Abyssinian: insert_etymology() got an unexpected keyword argument 'original_text'
2025-01-17 22:02:49,468 - ERROR - Error processing lemma AC: insert_etymology() got an unexpected keyword argument 'original_text'
2025-01-17 22:02:49,469 - ERROR - Error processing lemma acacia: insert_etymology() got an unexpected keyword argument 'original_text'
2025-01-17 22:02:49,471 - ERROR - Error processing lemma academe: insert_etymology() got an unexpected keyword argument 'original_text'
2025-01-17 22:02:49,473 - ERROR - Error processing lemma academic: insert_etymology() got an unexpected keyword argument 'original_text'
2025-01-17 22:02:49,474 - ERROR - Error processing lemma academician: insert_etymology() got an unexpected keyword argument 'original_text'
2025-01-17 22:02:49,476 - ERROR - Error processing lemma academy: insert_etymology() got an unexpected keyword argument 'original_text'
2025-01-17 22:02:49,479 - ERROR - Error processing lemma acalypha: insert_etymology() got an unexpected keyword argument 'original_text'
2025-01-17 22:02:49,482 - ERROR - Error processing lemma acanthus: insert_etymology() got an unexpected keyword argument 'original_text'
2025-01-17 22:02:49,485 - ERROR - Error processing lemma a cappella: insert_etymology() got an unexpected keyword argument 'original_text'
2025-01-17 22:02:49,490 - ERROR - Error processing lemma accelerando: insert_etymology() got an unexpected keyword argument 'original_text'
2025-01-17 22:02:49,492 - ERROR - Error processing lemma acceleration: insert_etymology() got an unexpected keyword argument 'original_text'
2025-01-17 22:02:49,494 - ERROR - Error processing lemma accelerator: insert_etymology() got an unexpected keyword argument 'original_text'
2025-01-17 22:02:49,497 - ERROR - Error processing lemma accelerometer: insert_etymology() got an unexpected keyword argument 'original_text'
2025-01-17 22:02:49,499 - ERROR - Error processing lemma accent: insert_etymology() got an unexpected keyword argument 'original_text'
2025-01-17 22:02:49,500 - ERROR - Error processing lemma access: insert_etymology() got an unexpected keyword argument 'original_text'
2025-01-17 22:02:49,503 - ERROR - Error processing lemma accessit: insert_etymology() got an unexpected keyword argument 'original_text'
2025-01-17 22:02:49,506 - ERROR - Error processing lemma accessory: insert_etymology() got an unexpected keyword argument 'original_text'
2025-01-17 22:02:49,508 - ERROR - Error processing lemma acciacatura: insert_etymology() got an unexpected keyword argument 'original_text'
2025-01-17 22:02:49,511 - ERROR - Error processing lemma accident: insert_etymology() got an unexpected keyword argument 'original_text'
2025-01-17 22:02:49,513 - ERROR - Error processing lemma accommodate: insert_etymology() got an unexpected keyword argument 'original_text'
2025-01-17 22:02:49,516 - ERROR - Error processing lemma accommodation: insert_etymology() got an unexpected keyword argument 'original_text'
2025-01-17 22:02:49,518 - ERROR - Error processing lemma accompanist: insert_etymology() got an unexpected keyword argument 'original_text'
2025-01-17 22:02:49,520 - ERROR - Error processing lemma accomplice: insert_etymology() got an unexpected keyword argument 'original_text'
2025-01-17 22:02:49,522 - ERROR - Error processing lemma accord: insert_etymology() got an unexpected keyword argument 'original_text'
2025-01-17 22:02:49,525 - ERROR - Error processing lemma accordion: insert_etymology() got an unexpected keyword argument 'original_text'
2025-01-17 22:02:49,527 - ERROR - Error processing lemma accountancy: insert_etymology() got an unexpected keyword argument 'original_text'
2025-01-17 22:02:49,530 - ERROR - Error processing lemma accoutre: insert_etymology() got an unexpected keyword argument 'original_text'
2025-01-17 22:02:49,532 - ERROR - Error processing lemma accredit: insert_etymology() got an unexpected keyword argument 'original_text'
2025-01-17 22:02:49,534 - ERROR - Error processing lemma accuse: insert_etymology() got an unexpected keyword argument 'original_text'
2025-01-17 22:02:49,536 - ERROR - Error processing lemma AC/DC: insert_etymology() got an unexpected keyword argument 'original_text'
2025-01-17 22:02:49,538 - ERROR - Error processing lemma ace: insert_etymology() got an unexpected keyword argument 'original_text'
2025-01-17 22:02:49,539 - ERROR - Error processing lemma Aceldama: insert_etymology() got an unexpected keyword argument 'original_text'
2025-01-17 22:02:49,541 - ERROR - Error processing lemma acellular: insert_etymology() got an unexpected keyword argument 'original_text'
2025-01-17 22:02:49,543 - ERROR - Error processing lemma acephalous: insert_etymology() got an unexpected keyword argument 'original_text'
2025-01-17 22:02:49,546 - ERROR - Error processing lemma acetabulum: insert_etymology() got an unexpected keyword argument 'original_text'
2025-01-17 22:02:49,548 - ERROR - Error processing lemma acetal: insert_etymology() got an unexpected keyword argument 'original_text'
2025-01-17 22:02:49,550 - ERROR - Error processing lemma acetaldehyde: insert_etymology() got an unexpected keyword argument 'original_text'
2025-01-17 22:02:49,552 - ERROR - Error processing lemma acetate: insert_etymology() got an unexpected keyword argument 'original_text'
2025-01-17 22:02:49,554 - ERROR - Error processing lemma acetic: insert_etymology() got an unexpected keyword argument 'original_text'
2025-01-17 22:02:49,555 - ERROR - Error processing lemma acetic acid: insert_etymology() got an unexpected keyword argument 'original_text'
2025-01-17 22:02:49,558 - ERROR - Error processing lemma acetone: insert_etymology() got an unexpected keyword argument 'original_text'
2025-01-17 22:02:49,560 - ERROR - Error processing lemma acetylide: insert_etymology() got an unexpected keyword argument 'original_text'
2025-01-17 22:02:49,563 - ERROR - Error processing lemma acetylsalicylate: insert_etymology() got an unexpected keyword argument 'original_text'
2025-01-17 22:02:49,565 - ERROR - Error processing lemma acetylsalicylic acid: insert_etymology() got an unexpected keyword argument 'original_text'
2025-01-17 22:02:49,567 - ERROR - Error processing lemma Achaea: insert_etymology() got an unexpected keyword argument 'original_text'
2025-01-17 22:02:49,568 - ERROR - Error processing lemma Achaean: insert_etymology() got an unexpected keyword argument 'original_text'
2025-01-17 22:02:49,570 - ERROR - Error processing lemma achievement: insert_etymology() got an unexpected keyword argument 'original_text'
2025-01-17 22:02:49,572 - ERROR - Error processing lemma Achilles: insert_etymology() got an unexpected keyword argument 'original_text'
2025-01-17 22:02:49,574 - ERROR - Error processing lemma achondroplasia: insert_etymology() got an unexpected keyword argument 'original_text'
2025-01-17 22:02:49,576 - ERROR - Error processing lemma achromatic: insert_etymology() got an unexpected keyword argument 'original_text'
2025-01-17 22:02:49,578 - ERROR - Error processing lemma achromatize: insert_etymology() got an unexpected keyword argument 'original_text'
2025-01-17 22:02:49,581 - ERROR - Error processing lemma acid: insert_etymology() got an unexpected keyword argument 'original_text'
2025-01-17 22:02:49,583 - ERROR - Error processing lemma acid rain: insert_etymology() got an unexpected keyword argument 'original_text'
2025-01-17 22:02:49,585 - ERROR - Error processing lemma acknowledgement: insert_etymology() got an unexpected keyword argument 'original_text'
2025-01-17 22:02:49,587 - ERROR - Error processing lemma acme: insert_etymology() got an unexpected keyword argument 'original_text'
2025-01-17 22:02:49,589 - ERROR - Error processing lemma acorn: insert_etymology() got an unexpected keyword argument 'original_text'
2025-01-17 22:02:49,591 - ERROR - Error processing lemma acoustic: insert_etymology() got an unexpected keyword argument 'original_text'
2025-01-17 22:02:49,592 - ERROR - Error processing lemma acoustics: insert_etymology() got an unexpected keyword argument 'original_text'
2025-01-17 22:02:49,594 - ERROR - Error processing lemma Acquired Immune Deficiency Syndrome: insert_etymology() got an unexpected keyword argument 'original_text'
2025-01-17 22:02:49,597 - ERROR - Error processing lemma acquisition: insert_etymology() got an unexpected keyword argument 'original_text'
2025-01-17 22:02:49,599 - ERROR - Error processing lemma acrophobia: insert_etymology() got an unexpected keyword argument 'original_text'
2025-01-17 22:02:49,601 - ERROR - Error processing lemma acrosome: insert_etymology() got an unexpected keyword argument 'original_text'
2025-01-17 22:02:49,603 - ERROR - Error processing lemma Acrux: insert_etymology() got an unexpected keyword argument 'original_text'
2025-01-17 22:02:49,605 - ERROR - Error processing lemma acrylic: insert_etymology() got an unexpected keyword argument 'original_text'
2025-01-17 22:02:49,607 - ERROR - Error processing lemma act: insert_etymology() got an unexpected keyword argument 'original_text'
2025-01-17 22:02:49,613 - ERROR - Error processing lemma Acteon: insert_etymology() got an unexpected keyword argument 'original_text'
2025-01-17 22:02:49,615 - ERROR - Error processing lemma actinium: insert_etymology() got an unexpected keyword argument 'original_text'
2025-01-17 22:02:49,617 - ERROR - Error processing lemma actinometer: insert_etymology() got an unexpected keyword argument 'original_text'
2025-01-17 22:02:49,619 - ERROR - Error processing lemma actinomycete: insert_etymology() got an unexpected keyword argument 'original_text'
2025-01-17 22:02:49,621 - ERROR - Error processing lemma active: insert_etymology() got an unexpected keyword argument 'original_text'
2025-01-17 22:02:49,623 - ERROR - Error processing lemma activity: insert_etymology() got an unexpected keyword argument 'original_text'
2025-01-17 22:02:49,625 - ERROR - Error processing lemma acto de atricion: insert_etymology() got an unexpected keyword argument 'original_text'
2025-01-17 22:02:49,627 - ERROR - Error processing lemma actum est: insert_etymology() got an unexpected keyword argument 'original_text'
2025-01-17 22:02:49,629 - ERROR - Error processing lemma acumen: insert_etymology() got an unexpected keyword argument 'original_text'
2025-01-17 22:02:49,631 - ERROR - Error processing lemma acupressure: insert_etymology() got an unexpected keyword argument 'original_text'
2025-01-17 22:02:49,634 - ERROR - Error processing lemma acupuncture: insert_etymology() got an unexpected keyword argument 'original_text'
2025-01-17 22:02:49,636 - ERROR - Error processing lemma acute: insert_etymology() got an unexpected keyword argument 'original_text'
2025-01-17 22:02:49,638 - ERROR - Error processing lemma acute angle: insert_etymology() got an unexpected keyword argument 'original_text'
2025-01-17 22:02:49,640 - ERROR - Error processing lemma ad: insert_etymology() got an unexpected keyword argument 'original_text'
2025-01-17 22:02:49,641 - ERROR - Error processing lemma AD: insert_etymology() got an unexpected keyword argument 'original_text'
2025-01-17 22:02:49,643 - ERROR - Error processing lemma áda: insert_etymology() got an unexpected keyword argument 'original_text'
2025-01-17 22:02:49,645 - ERROR - Error processing lemma ád-ad: insert_etymology() got an unexpected keyword argument 'original_text'
2025-01-17 22:02:49,648 - ERROR - Error processing lemma adagio: insert_etymology() got an unexpected keyword argument 'original_text'
2025-01-17 22:02:49,650 - ERROR - Error processing lemma adák: insert_etymology() got an unexpected keyword argument 'original_text'
2025-01-17 22:02:49,652 - ERROR - Error processing lemma Adam: insert_etymology() got an unexpected keyword argument 'original_text'
2025-01-17 22:02:49,654 - ERROR - Error processing lemma adamà: insert_etymology() got an unexpected keyword argument 'original_text'
2025-01-17 22:02:49,656 - ERROR - Error processing lemma adamantíno: insert_etymology() got an unexpected keyword argument 'original_text'
2025-01-17 22:02:49,659 - ERROR - Error processing lemma Adam’s Apple: insert_etymology() got an unexpected keyword argument 'original_text'
2025-01-17 22:02:49,662 - ERROR - Error processing lemma Adán: insert_etymology() got an unexpected keyword argument 'original_text'
2025-01-17 22:02:49,664 - ERROR - Error processing lemma ádap: insert_etymology() got an unexpected keyword argument 'original_text'
2025-01-17 22:02:49,666 - ERROR - Error processing lemma adápsiyón: insert_etymology() got an unexpected keyword argument 'original_text'
2025-01-17 22:02:49,668 - ERROR - Error processing lemma adaptable: insert_etymology() got an unexpected keyword argument 'original_text'
2025-01-17 22:02:49,669 - ERROR - Error processing lemma adaptáble: insert_etymology() got an unexpected keyword argument 'original_text'
2025-01-17 22:02:49,671 - ERROR - Error processing lemma adaptádo: insert_etymology() got an unexpected keyword argument 'original_text'
2025-01-17 22:02:49,673 - ERROR - Error processing lemma adaptadór: insert_etymology() got an unexpected keyword argument 'original_text'
2025-01-17 22:02:49,674 - ERROR - Error processing lemma adaptasyón: insert_etymology() got an unexpected keyword argument 'original_text'
2025-01-17 22:02:49,676 - ERROR - Error processing lemma adápter: insert_etymology() got an unexpected keyword argument 'original_text'
2025-01-17 22:02:49,678 - ERROR - Error processing lemma adáptor: insert_etymology() got an unexpected keyword argument 'original_text'
2025-01-17 22:02:49,680 - ERROR - Error processing lemma adárga: insert_etymology() got an unexpected keyword argument 'original_text'
2025-01-17 22:02:49,682 - ERROR - Error processing lemma adargílya: insert_etymology() got an unexpected keyword argument 'original_text'
2025-01-17 22:02:49,686 - ERROR - Error processing lemma Adássen: insert_etymology() got an unexpected keyword argument 'original_text'
2025-01-17 22:02:49,688 - ERROR - Error processing lemma ad astra per aspera: insert_etymology() got an unexpected keyword argument 'original_text'
2025-01-17 22:02:49,690 - ERROR - Error processing lemma ádat: insert_etymology() got an unexpected keyword argument 'original_text'
2025-01-17 22:02:49,691 - ERROR - Error processing lemma ádaw: insert_etymology() got an unexpected keyword argument 'original_text'
2025-01-17 22:02:49,693 - ERROR - Error processing lemma adayó: insert_etymology() got an unexpected keyword argument 'original_text'
2025-01-17 22:02:49,695 - ERROR - Error processing lemma adberbiyál: insert_etymology() got an unexpected keyword argument 'original_text'
2025-01-17 22:02:49,697 - ERROR - Error processing lemma adbérbiyó: insert_etymology() got an unexpected keyword argument 'original_text'
2025-01-17 22:02:49,699 - ERROR - Error processing lemma adbertáyser: insert_etymology() got an unexpected keyword argument 'original_text'
2025-01-17 22:02:49,701 - ERROR - Error processing lemma adbértismént: insert_etymology() got an unexpected keyword argument 'original_text'
2025-01-17 22:02:49,703 - ERROR - Error processing lemma Adbiyénto: insert_etymology() got an unexpected keyword argument 'original_text'
2025-01-17 22:02:49,706 - ERROR - Error processing lemma ádda díta: insert_etymology() got an unexpected keyword argument 'original_text'
2025-01-17 22:02:49,707 - ERROR - Error processing lemma ádda dítoy: insert_etymology() got an unexpected keyword argument 'original_text'
2025-01-17 22:02:49,709 - ERROR - Error processing lemma addág: insert_etymology() got an unexpected keyword argument 'original_text'
2025-01-17 22:02:49,711 - ERROR - Error processing lemma ádda iddíay: insert_etymology() got an unexpected keyword argument 'original_text'
2025-01-17 22:02:49,713 - ERROR - Error processing lemma addán: insert_etymology() got an unexpected keyword argument 'original_text'
2025-01-17 22:02:49,714 - ERROR - Error processing lemma addáng: insert_etymology() got an unexpected keyword argument 'original_text'
2025-01-17 22:02:49,716 - ERROR - Error processing lemma addáw: insert_etymology() got an unexpected keyword argument 'original_text'
2025-01-17 22:02:49,718 - ERROR - Error processing lemma addéndum: insert_etymology() got an unexpected keyword argument 'original_text'
2025-01-17 22:02:49,721 - ERROR - Error processing lemma addiction: insert_etymology() got an unexpected keyword argument 'original_text'
2025-01-17 22:02:49,723 - ERROR - Error processing lemma addition: insert_etymology() got an unexpected keyword argument 'original_text'
2025-01-17 22:02:49,725 - ERROR - Error processing lemma additional: insert_etymology() got an unexpected keyword argument 'original_text'
2025-01-17 22:02:49,727 - ERROR - Error processing lemma addú: insert_etymology() got an unexpected keyword argument 'original_text'
2025-01-17 22:02:49,729 - ERROR - Error processing lemma adelantádo: insert_etymology() got an unexpected keyword argument 'original_text'
2025-01-17 22:02:49,731 - ERROR - Error processing lemma adelánte: insert_etymology() got an unexpected keyword argument 'original_text'
2025-01-17 22:02:49,733 - ERROR - Error processing lemma adelánto: insert_etymology() got an unexpected keyword argument 'original_text'
2025-01-17 22:02:49,735 - ERROR - Error processing lemma adélpa: insert_etymology() got an unexpected keyword argument 'original_text'
2025-01-17 22:02:49,737 - ERROR - Error processing lemma adenine: insert_etymology() got an unexpected keyword argument 'original_text'
2025-01-17 22:02:49,738 - ERROR - Error processing lemma adenitis: insert_etymology() got an unexpected keyword argument 'original_text'
2025-01-17 22:02:49,740 - ERROR - Error processing lemma adenoid: insert_etymology() got an unexpected keyword argument 'original_text'
2025-01-17 22:02:49,742 - ERROR - Error processing lemma ádenóma: insert_etymology() got an unexpected keyword argument 'original_text'
2025-01-17 22:02:49,745 - ERROR - Error processing lemma adenosine: insert_etymology() got an unexpected keyword argument 'original_text'
2025-01-17 22:02:49,747 - ERROR - Error processing lemma adépt: insert_etymology() got an unexpected keyword argument 'original_text'
2025-01-17 22:02:49,749 - ERROR - Error processing lemma adépto: insert_etymology() got an unexpected keyword argument 'original_text'
2025-01-17 22:02:49,751 - ERROR - Error processing lemma a deux: insert_etymology() got an unexpected keyword argument 'original_text'
2025-01-17 22:02:49,752 - ERROR - Error processing lemma ad fin: insert_etymology() got an unexpected keyword argument 'original_text'
2025-01-17 22:02:49,754 - ERROR - Error processing lemma adhesíbo: insert_etymology() got an unexpected keyword argument 'original_text'
2025-01-17 22:02:49,756 - ERROR - Error processing lemma adhesion: insert_etymology() got an unexpected keyword argument 'original_text'
2025-01-17 22:02:49,757 - ERROR - Error processing lemma adhesive: insert_etymology() got an unexpected keyword argument 'original_text'
2025-01-17 22:02:49,760 - ERROR - Error processing lemma adhesive tape: insert_etymology() got an unexpected keyword argument 'original_text'
2025-01-17 22:02:49,762 - ERROR - Error processing lemma adhesyón: insert_etymology() got an unexpected keyword argument 'original_text'
2025-01-17 22:02:49,764 - ERROR - Error processing lemma adhetíbal: insert_etymology() got an unexpected keyword argument 'original_text'
2025-01-17 22:02:49,766 - ERROR - Error processing lemma adhetíbo: insert_etymology() got an unexpected keyword argument 'original_text'
2025-01-17 22:02:49,770 - ERROR - Error processing lemma adhíka: insert_etymology() got an unexpected keyword argument 'original_text'
2025-01-17 22:02:49,772 - ERROR - Error processing lemma ad hoc: insert_etymology() got an unexpected keyword argument 'original_text'
2025-01-17 22:02:49,773 - ERROR - Error processing lemma ad hominem: insert_etymology() got an unexpected keyword argument 'original_text'
2025-01-17 22:02:49,775 - ERROR - Error processing lemma adhudiká: insert_etymology() got an unexpected keyword argument 'original_text'
2025-01-17 22:02:49,777 - ERROR - Error processing lemma adhudikasyón: insert_etymology() got an unexpected keyword argument 'original_text'
2025-01-17 22:02:49,779 - ERROR - Error processing lemma adí: insert_etymology() got an unexpected keyword argument 'original_text'
2025-01-17 22:02:49,780 - ERROR - Error processing lemma adídas: insert_etymology() got an unexpected keyword argument 'original_text'
2025-01-17 22:02:49,782 - ERROR - Error processing lemma Adieu!: insert_etymology() got an unexpected keyword argument 'original_text'
2025-01-17 22:02:49,785 - ERROR - Error processing lemma adígi: insert_etymology() got an unexpected keyword argument 'original_text'
2025-01-17 22:02:49,787 - ERROR - Error processing lemma ádik: insert_etymology() got an unexpected keyword argument 'original_text'
2025-01-17 22:02:49,789 - ERROR - Error processing lemma adiksiyón: insert_etymology() got an unexpected keyword argument 'original_text'
2025-01-17 22:02:49,791 - ERROR - Error processing lemma adíl: insert_etymology() got an unexpected keyword argument 'original_text'
2025-01-17 22:02:49,794 - ERROR - Error processing lemma ád infínitúm: insert_etymology() got an unexpected keyword argument 'original_text'
2025-01-17 22:02:49,796 - ERROR - Error processing lemma adíng: insert_etymology() got an unexpected keyword argument 'original_text'
2025-01-17 22:02:49,797 - ERROR - Error processing lemma áding: insert_etymology() got an unexpected keyword argument 'original_text'
2025-01-17 22:02:49,799 - ERROR - Error processing lemma adín kaíla: insert_etymology() got an unexpected keyword argument 'original_text'
2025-01-17 22:02:49,801 - ERROR - Error processing lemma adíno: insert_etymology() got an unexpected keyword argument 'original_text'
2025-01-17 22:02:49,804 - ERROR - Error processing lemma ad ínterím: insert_etymology() got an unexpected keyword argument 'original_text'
2025-01-17 22:02:49,806 - ERROR - Error processing lemma adípen: insert_etymology() got an unexpected keyword argument 'original_text'
2025-01-17 22:02:49,809 - ERROR - Error processing lemma adisyón: insert_etymology() got an unexpected keyword argument 'original_text'
2025-01-17 22:02:49,811 - ERROR - Error processing lemma adisyonál: insert_etymology() got an unexpected keyword argument 'original_text'
2025-01-17 22:02:49,813 - ERROR - Error processing lemma ádit: insert_etymology() got an unexpected keyword argument 'original_text'
2025-01-17 22:02:49,815 - ERROR - Error processing lemma aditíbo: insert_etymology() got an unexpected keyword argument 'original_text'
2025-01-17 22:02:49,817 - ERROR - Error processing lemma adíwas: insert_etymology() got an unexpected keyword argument 'original_text'
2025-01-17 22:02:49,819 - ERROR - Error processing lemma adiyá: insert_etymology() got an unexpected keyword argument 'original_text'
2025-01-17 22:02:49,821 - ERROR - Error processing lemma adíya: insert_etymology() got an unexpected keyword argument 'original_text'
2025-01-17 22:02:49,823 - ERROR - Error processing lemma adíyadí: insert_etymology() got an unexpected keyword argument 'original_text'
2025-01-17 22:02:49,826 - ERROR - Error processing lemma adiyó: insert_etymology() got an unexpected keyword argument 'original_text'
2025-01-17 22:02:49,828 - ERROR - Error processing lemma adiyós: insert_etymology() got an unexpected keyword argument 'original_text'
2025-01-17 22:02:49,830 - ERROR - Error processing lemma Adiyós!: insert_etymology() got an unexpected keyword argument 'original_text'
2025-01-17 22:02:49,833 - ERROR - Error processing lemma adjacent: insert_etymology() got an unexpected keyword argument 'original_text'
2025-01-17 22:02:49,834 - ERROR - Error processing lemma adjective: insert_etymology() got an unexpected keyword argument 'original_text'
2025-01-17 22:02:49,840 - ERROR - Error processing lemma adjutant: insert_etymology() got an unexpected keyword argument 'original_text'
2025-01-17 22:02:49,842 - ERROR - Error processing lemma adkisisyón: insert_etymology() got an unexpected keyword argument 'original_text'
2025-01-17 22:02:49,844 - ERROR - Error processing lemma adláw: insert_etymology() got an unexpected keyword argument 'original_text'
2025-01-17 22:02:49,846 - ERROR - Error processing lemma ádlaw: insert_etymology() got an unexpected keyword argument 'original_text'
2025-01-17 22:02:49,848 - ERROR - Error processing lemma adláwon: insert_etymology() got an unexpected keyword argument 'original_text'
2025-01-17 22:02:49,849 - ERROR - Error processing lemma adláy: insert_etymology() got an unexpected keyword argument 'original_text'
2025-01-17 22:02:49,851 - ERROR - Error processing lemma ádlay: insert_etymology() got an unexpected keyword argument 'original_text'
2025-01-17 22:02:49,852 - ERROR - Error processing lemma ádlib: insert_etymology() got an unexpected keyword argument 'original_text'
2025-01-17 22:02:49,854 - ERROR - Error processing lemma ad líbitúm: insert_etymology() got an unexpected keyword argument 'original_text'
2025-01-17 22:02:49,857 - ERROR - Error processing lemma ádlip: insert_etymology() got an unexpected keyword argument 'original_text'
2025-01-17 22:02:49,858 - ERROR - Error processing lemma ad lítem: insert_etymology() got an unexpected keyword argument 'original_text'
2025-01-17 22:02:49,860 - ERROR - Error processing lemma ádlo: insert_etymology() got an unexpected keyword argument 'original_text'
2025-01-17 22:02:49,862 - ERROR - Error processing lemma ad majorem Dei gloriam: insert_etymology() got an unexpected keyword argument 'original_text'
2025-01-17 22:02:49,864 - ERROR - Error processing lemma admínistér: insert_etymology() got an unexpected keyword argument 'original_text'
2025-01-17 22:02:49,865 - ERROR - Error processing lemma administrá: insert_etymology() got an unexpected keyword argument 'original_text'
2025-01-17 22:02:49,867 - ERROR - Error processing lemma administradór: insert_etymology() got an unexpected keyword argument 'original_text'
2025-01-17 22:02:49,869 - ERROR - Error processing lemma adminístrasyón: insert_etymology() got an unexpected keyword argument 'original_text'
2025-01-17 22:02:49,871 - ERROR - Error processing lemma administratíbo: insert_etymology() got an unexpected keyword argument 'original_text'
2025-01-17 22:02:49,873 - ERROR - Error processing lemma administration: insert_etymology() got an unexpected keyword argument 'original_text'
2025-01-17 22:02:49,875 - ERROR - Error processing lemma administrator: insert_etymology() got an unexpected keyword argument 'original_text'
2025-01-17 22:02:49,877 - ERROR - Error processing lemma admiráble: insert_etymology() got an unexpected keyword argument 'original_text'
2025-01-17 22:02:49,879 - ERROR - Error processing lemma admiradór: insert_etymology() got an unexpected keyword argument 'original_text'
2025-01-17 22:02:49,881 - ERROR - Error processing lemma ádmirál: insert_etymology() got an unexpected keyword argument 'original_text'
2025-01-17 22:02:49,882 - ERROR - Error processing lemma ádmirasyón: insert_etymology() got an unexpected keyword argument 'original_text'
2025-01-17 22:02:49,885 - ERROR - Error processing lemma admiration: insert_etymology() got an unexpected keyword argument 'original_text'
2025-01-17 22:02:49,887 - ERROR - Error processing lemma admirer: insert_etymology() got an unexpected keyword argument 'original_text'
2025-01-17 22:02:49,888 - ERROR - Error processing lemma admission: insert_etymology() got an unexpected keyword argument 'original_text'
2025-01-17 22:02:49,890 - ERROR - Error processing lemma admisyón: insert_etymology() got an unexpected keyword argument 'original_text'
2025-01-17 22:02:49,893 - ERROR - Error processing lemma admít: insert_etymology() got an unexpected keyword argument 'original_text'
2025-01-17 22:02:49,894 - ERROR - Error processing lemma admití: insert_etymology() got an unexpected keyword argument 'original_text'
2025-01-17 22:02:49,896 - ERROR - Error processing lemma ádmon: insert_etymology() got an unexpected keyword argument 'original_text'
2025-01-17 22:02:49,898 - ERROR - Error processing lemma admúlak: insert_etymology() got an unexpected keyword argument 'original_text'
2025-01-17 22:02:49,900 - ERROR - Error processing lemma ad nauseam: insert_etymology() got an unexpected keyword argument 'original_text'
2025-01-17 22:02:49,902 - ERROR - Error processing lemma adnóminál: insert_etymology() got an unexpected keyword argument 'original_text'
2025-01-17 22:02:49,903 - ERROR - Error processing lemma adó: insert_etymology() got an unexpected keyword argument 'original_text'
2025-01-17 22:02:49,905 - ERROR - Error processing lemma ádo: insert_etymology() got an unexpected keyword argument 'original_text'
2025-01-17 22:02:49,906 - ERROR - Error processing lemma -ádo: insert_etymology() got an unexpected keyword argument 'original_text'
2025-01-17 22:02:49,910 - ERROR - Error processing lemma adóbe: insert_etymology() got an unexpected keyword argument 'original_text'
2025-01-17 22:02:49,912 - ERROR - Error processing lemma adóbo: insert_etymology() got an unexpected keyword argument 'original_text'
2025-01-17 22:02:49,914 - ERROR - Error processing lemma adódog: insert_etymology() got an unexpected keyword argument 'original_text'
2025-01-17 22:02:49,915 - ERROR - Error processing lemma ádog: insert_etymology() got an unexpected keyword argument 'original_text'
2025-01-17 22:02:49,917 - ERROR - Error processing lemma adolescence: insert_etymology() got an unexpected keyword argument 'original_text'
2025-01-17 22:02:49,919 - ERROR - Error processing lemma adolescent: insert_etymology() got an unexpected keyword argument 'original_text'
2025-01-17 22:02:49,920 - ERROR - Error processing lemma adolesénsiyá: insert_etymology() got an unexpected keyword argument 'original_text'
2025-01-17 22:02:49,923 - ERROR - Error processing lemma adolesénte: insert_etymology() got an unexpected keyword argument 'original_text'
2025-01-17 22:02:49,927 - ERROR - Error processing lemma Adónis: insert_etymology() got an unexpected keyword argument 'original_text'
2025-01-17 22:02:49,929 - ERROR - Error processing lemma adopsiyón: insert_etymology() got an unexpected keyword argument 'original_text'
2025-01-17 22:02:49,930 - ERROR - Error processing lemma adoptá: insert_etymology() got an unexpected keyword argument 'original_text'
2025-01-17 22:02:49,932 - ERROR - Error processing lemma adoptíbo: insert_etymology() got an unexpected keyword argument 'original_text'
2025-01-17 22:02:49,933 - ERROR - Error processing lemma -ador: insert_etymology() got an unexpected keyword argument 'original_text'
2025-01-17 22:02:49,935 - ERROR - Error processing lemma adoradór: insert_etymology() got an unexpected keyword argument 'original_text'
2025-01-17 22:02:49,937 - ERROR - Error processing lemma adorasyón: insert_etymology() got an unexpected keyword argument 'original_text'
2025-01-17 22:02:49,940 - ERROR - Error processing lemma adormidéra: insert_etymology() got an unexpected keyword argument 'original_text'
2025-01-17 22:02:49,943 - ERROR - Error processing lemma adórno: insert_etymology() got an unexpected keyword argument 'original_text'
2025-01-17 22:02:49,945 - ERROR - Error processing lemma adpá: insert_etymology() got an unexpected keyword argument 'original_text'
2025-01-17 22:02:49,946 - ERROR - Error processing lemma ad persónam: insert_etymology() got an unexpected keyword argument 'original_text'
2025-01-17 22:02:49,948 - ERROR - Error processing lemma ád rem: insert_etymology() got an unexpected keyword argument 'original_text'
2025-01-17 22:02:49,950 - ERROR - Error processing lemma adrenal: insert_etymology() got an unexpected keyword argument 'original_text'
2025-01-17 22:02:49,952 - ERROR - Error processing lemma adrenal gland: insert_etymology() got an unexpected keyword argument 'original_text'
2025-01-17 22:02:49,954 - ERROR - Error processing lemma adrenaline: insert_etymology() got an unexpected keyword argument 'original_text'
2025-01-17 22:02:49,956 - ERROR - Error processing lemma adrenocorticotropic hormone: insert_etymology() got an unexpected keyword argument 'original_text'
2025-01-17 22:02:49,959 - ERROR - Error processing lemma ádres: insert_etymology() got an unexpected keyword argument 'original_text'
2025-01-17 22:02:49,962 - ERROR - Error processing lemma adrési: insert_etymology() got an unexpected keyword argument 'original_text'
2025-01-17 22:02:49,964 - ERROR - Error processing lemma Adriatic Sea: insert_etymology() got an unexpected keyword argument 'original_text'
2025-01-17 22:02:49,966 - ERROR - Error processing lemma Adsum!: insert_etymology() got an unexpected keyword argument 'original_text'
2025-01-17 22:02:49,968 - ERROR - Error processing lemma adtó: insert_etymology() got an unexpected keyword argument 'original_text'
2025-01-17 22:02:49,970 - ERROR - Error processing lemma ádto: insert_etymology() got an unexpected keyword argument 'original_text'
2025-01-17 22:02:49,972 - ERROR - Error processing lemma adúdos: insert_etymology() got an unexpected keyword argument 'original_text'
2025-01-17 22:02:49,974 - ERROR - Error processing lemma ádug: insert_etymology() got an unexpected keyword argument 'original_text'
2025-01-17 22:02:49,976 - ERROR - Error processing lemma adúl: insert_etymology() got an unexpected keyword argument 'original_text'
2025-01-17 22:02:49,978 - ERROR - Error processing lemma aduladór: insert_etymology() got an unexpected keyword argument 'original_text'
2025-01-17 22:02:49,980 - ERROR - Error processing lemma adulasyón: insert_etymology() got an unexpected keyword argument 'original_text'
2025-01-17 22:02:49,981 - ERROR - Error processing lemma adulation: insert_etymology() got an unexpected keyword argument 'original_text'
2025-01-17 22:02:49,983 - ERROR - Error processing lemma adulatóryo: insert_etymology() got an unexpected keyword argument 'original_text'
2025-01-17 22:02:49,985 - ERROR - Error processing lemma adult: insert_etymology() got an unexpected keyword argument 'original_text'
2025-01-17 22:02:49,987 - ERROR - Error processing lemma adúlterá: insert_etymology() got an unexpected keyword argument 'original_text'
2025-01-17 22:02:49,989 - ERROR - Error processing lemma adulterádo: insert_etymology() got an unexpected keyword argument 'original_text'
2025-01-17 22:02:49,991 - ERROR - Error processing lemma adulterasyón: insert_etymology() got an unexpected keyword argument 'original_text'
2025-01-17 22:02:49,993 - ERROR - Error processing lemma adultery: insert_etymology() got an unexpected keyword argument 'original_text'
2025-01-17 22:02:49,995 - ERROR - Error processing lemma adultéryo: insert_etymology() got an unexpected keyword argument 'original_text'
2025-01-17 22:02:49,997 - ERROR - Error processing lemma adúna: insert_etymology() got an unexpected keyword argument 'original_text'
2025-01-17 22:02:49,999 - ERROR - Error processing lemma adunáhan: insert_etymology() got an unexpected keyword argument 'original_text'
2025-01-17 22:02:50,001 - ERROR - Error processing lemma adúngor: insert_etymology() got an unexpected keyword argument 'original_text'
2025-01-17 22:02:50,002 - ERROR - Error processing lemma ádut: insert_etymology() got an unexpected keyword argument 'original_text'
2025-01-17 22:02:50,004 - ERROR - Error processing lemma ad utruque paratus: insert_etymology() got an unexpected keyword argument 'original_text'
2025-01-17 22:02:50,005 - ERROR - Error processing lemma aduwágay: insert_etymology() got an unexpected keyword argument 'original_text'
2025-01-17 22:02:50,009 - ERROR - Error processing lemma ad valórem: insert_etymology() got an unexpected keyword argument 'original_text'
2025-01-17 22:02:50,011 - ERROR - Error processing lemma advance: insert_etymology() got an unexpected keyword argument 'original_text'
2025-01-17 22:02:50,013 - ERROR - Error processing lemma Ádvent: insert_etymology() got an unexpected keyword argument 'original_text'
2025-01-17 22:02:50,014 - ERROR - Error processing lemma adventitious root: insert_etymology() got an unexpected keyword argument 'original_text'
2025-01-17 22:02:50,016 - ERROR - Error processing lemma adventure: insert_etymology() got an unexpected keyword argument 'original_text'
2025-01-17 22:02:50,018 - ERROR - Error processing lemma adventurer: insert_etymology() got an unexpected keyword argument 'original_text'
2025-01-17 22:02:50,020 - ERROR - Error processing lemma adverb: insert_etymology() got an unexpected keyword argument 'original_text'
2025-01-17 22:02:50,021 - ERROR - Error processing lemma adverb of affirmation: insert_etymology() got an unexpected keyword argument 'original_text'
2025-01-17 22:02:50,023 - ERROR - Error processing lemma adverb of degree: insert_etymology() got an unexpected keyword argument 'original_text'
2025-01-17 22:02:50,024 - ERROR - Error processing lemma adverb of manner: insert_etymology() got an unexpected keyword argument 'original_text'
2025-01-17 22:02:50,027 - ERROR - Error processing lemma adverb of negation: insert_etymology() got an unexpected keyword argument 'original_text'
2025-01-17 22:02:50,029 - ERROR - Error processing lemma adverb of place: insert_etymology() got an unexpected keyword argument 'original_text'
2025-01-17 22:02:50,031 - ERROR - Error processing lemma adverb of time: insert_etymology() got an unexpected keyword argument 'original_text'
2025-01-17 22:02:50,033 - ERROR - Error processing lemma adverse: insert_etymology() got an unexpected keyword argument 'original_text'
2025-01-17 22:02:50,034 - ERROR - Error processing lemma advertising: insert_etymology() got an unexpected keyword argument 'original_text'
2025-01-17 22:02:50,036 - ERROR - Error processing lemma advice: insert_etymology() got an unexpected keyword argument 'original_text'
2025-01-17 22:02:50,038 - ERROR - Error processing lemma adviser: insert_etymology() got an unexpected keyword argument 'original_text'
2025-01-17 22:02:50,039 - ERROR - Error processing lemma advocatus diaboli: insert_etymology() got an unexpected keyword argument 'original_text'
2025-01-17 22:02:50,042 - ERROR - Error processing lemma adwána: insert_etymology() got an unexpected keyword argument 'original_text'
2025-01-17 22:02:50,044 - ERROR - Error processing lemma adwanéro: insert_etymology() got an unexpected keyword argument 'original_text'
