2025-03-31 09:28:03,589 - INFO - Starting lookup for word: 'apa'
2025-03-31 09:28:03,650 - INFO - pg_trgm extension installed: True
2025-03-31 09:28:03,651 - INFO - Executing exact match query for 'apa'
2025-03-31 09:28:03,667 - INFO - Found 3 exact matches
2025-03-31 09:28:03,668 - INFO - Processing result 1/3
2025-03-31 09:28:03,668 - INFO - Word ID: 654
2025-03-31 09:28:03,669 - INFO - Lemma: apa
2025-03-31 09:28:03,670 - INFO - Language code: hil
2025-03-31 09:28:03,676 - INFO - Querying pronunciations for word_id 654
2025-03-31 09:28:03,678 - INFO - Found 0 pronunciations
2025-03-31 09:28:03,681 - INFO - Querying etymologies for word_id 654
2025-03-31 09:28:03,686 - INFO - Found 0 etymologies
2025-03-31 09:28:03,687 - INFO - Querying definitions for word_id 654
2025-03-31 09:28:03,696 - INFO - Found 1 definitions
2025-03-31 09:28:03,699 - INFO - Processing definition 1/1
2025-03-31 09:28:03,705 - INFO - Querying relations for word_id 654
2025-03-31 09:28:03,713 - INFO - Found 0 relations
2025-03-31 09:28:03,713 - INFO - No relations found for word ID 654
2025-03-31 09:28:03,714 - INFO - Processing result 2/3
2025-03-31 09:28:03,715 - INFO - Word ID: 9
2025-03-31 09:28:03,715 - INFO - Lemma: apa
2025-03-31 09:28:03,716 - INFO - Language code: akl
2025-03-31 09:28:03,719 - INFO - Querying pronunciations for word_id 9
2025-03-31 09:28:03,720 - INFO - Found 0 pronunciations
2025-03-31 09:28:03,720 - INFO - Querying etymologies for word_id 9
2025-03-31 09:28:03,721 - INFO - Found 0 etymologies
2025-03-31 09:28:03,721 - INFO - Querying definitions for word_id 9
2025-03-31 09:28:03,722 - INFO - Found 1 definitions
2025-03-31 09:28:03,724 - INFO - Processing definition 1/1
2025-03-31 09:28:03,730 - INFO - Querying relations for word_id 9
2025-03-31 09:28:03,731 - INFO - Found 0 relations
2025-03-31 09:28:03,731 - INFO - No relations found for word ID 9
2025-03-31 09:28:03,733 - INFO - Processing result 3/3
2025-03-31 09:28:03,734 - INFO - Word ID: 1920
2025-03-31 09:28:03,734 - INFO - Lemma: apa
2025-03-31 09:28:03,734 - INFO - Language code: krj
2025-03-31 09:28:03,736 - INFO - Querying pronunciations for word_id 1920
2025-03-31 09:28:03,737 - INFO - Found 0 pronunciations
2025-03-31 09:28:03,738 - INFO - Querying etymologies for word_id 1920
2025-03-31 09:28:03,738 - INFO - Found 0 etymologies
2025-03-31 09:28:03,739 - INFO - Querying definitions for word_id 1920
2025-03-31 09:28:03,740 - INFO - Found 1 definitions
2025-03-31 09:28:03,742 - INFO - Processing definition 1/1
2025-03-31 09:28:03,746 - INFO - Querying relations for word_id 1920
2025-03-31 09:28:03,747 - INFO - Found 0 relations
2025-03-31 09:28:03,747 - INFO - No relations found for word ID 1920
2025-03-31 09:28:03,748 - INFO - Database connection closed
