2025-04-16 16:41:47,490 - INFO - Starting table creation/update process.
2025-04-16 16:41:47,491 - INFO - Creating required PostgreSQL extensions...
2025-04-16 16:41:48,276 - INFO - Tables created or updated successfully.
2025-04-16 16:41:48,287 - INFO - Starting processing for Kaikki.org (Tagalog) from ..\data\kaikki.jsonl
2025-04-16 16:41:48,288 - INFO - Processing Kaikki dictionary: ..\data\kaikki.jsonl with source ID: 'kaikki.org (Tagalog)'
2025-04-16 16:41:48,838 - INFO - Found 27964 entries to process in ..\data\kaikki.jsonl
2025-04-16 16:41:48,838 - INFO - Initialized BaybayinRomanizer for script romanization
2025-04-16 16:41:48,995 - INFO - Added Orthography 'Spanish-based orthography' to word_metadata for 'kun'
2025-04-16 16:41:49,001 - INFO - Added Orthography 'Spanish-based orthography' to word_metadata for 'kun'
2025-04-16 16:41:49,510 - INFO - Added Orthography 'Spanish-based orthography' to word_metadata for 'tao'
2025-04-16 16:41:49,632 - INFO - Added Orthography 'Spanish-based orthography' to word_metadata for 'tao'
2025-04-16 16:41:49,696 - INFO - Extracted parenthesized text from lemma: original='garini(garni)' → lemma='garini', note='garini(garni)'
2025-04-16 16:41:49,717 - INFO - Extracted parenthesized text from lemma: original='garito(garto)**' → lemma='garito**', note='garito(garto)**'
2025-04-16 16:41:49,733 - INFO - Extracted parenthesized text from lemma: original='nariyan(naryan)' → lemma='nariyan', note='nariyan(naryan)'
2025-04-16 16:41:49,746 - INFO - Extracted parenthesized text from lemma: original='ganiyan(ganyan)' → lemma='ganiyan', note='ganiyan(ganyan)'
2025-04-16 16:41:50,749 - INFO - Added Language Code 'en' to word_metadata for 'o'
2025-04-16 16:41:50,752 - INFO - Added Language Code 'ar' to word_metadata for 'o'
2025-04-16 16:41:50,753 - INFO - Added Language Code 'es' to word_metadata for 'o'
2025-04-16 16:41:50,755 - INFO - Added Language Code 'vi' to word_metadata for 'o'
2025-04-16 16:41:51,020 - INFO - Added Orthography 'Spanish-based orthography' to word_metadata for 'mundo'
2025-04-16 16:41:51,039 - INFO - Added Orthography 'Spanish-based orthography' to word_metadata for 'mundo'
2025-04-16 16:41:51,261 - INFO - Added Orthography 'Spanish-based orthography' to word_metadata for 'balatik'
2025-04-16 16:41:51,274 - INFO - Added Orthography 'Spanish-based orthography' to word_metadata for 'balatik'
2025-04-16 16:41:51,437 - INFO - Added Orthography 'Spanish-based orthography' to word_metadata for 'baon'
2025-04-16 16:41:51,623 - INFO - Added Orthography 'Spanish-based orthography' to word_metadata for 'balik'
2025-04-16 16:41:52,836 - INFO - Added Language Code 'ko' to word_metadata for 'kita'
2025-04-16 16:41:53,037 - INFO - Added Orthography 'Spanish-based orthography' to word_metadata for 'suka'
2025-04-16 16:41:53,073 - INFO - Added Orthography 'Spanish-based orthography' to word_metadata for 'suka'
2025-04-16 16:41:53,225 - INFO - Added Orthography 'Spanish-based orthography' to word_metadata for 'look'
2025-04-16 16:41:53,639 - INFO - Added Orthography 'Spanish-based orthography' to word_metadata for 'katana'
2025-04-16 16:41:53,849 - INFO - Extracted parenthesized text from lemma: original='(na-)nu' → lemma='nu', note='(na-)nu'
2025-04-16 16:41:55,514 - INFO - Added Language Code 'en' to word_metadata for 'u'
2025-04-16 16:41:55,518 - INFO - Added Language Code 'ar' to word_metadata for 'u'
2025-04-16 16:41:55,519 - INFO - Added Language Code 'es' to word_metadata for 'u'
2025-04-16 16:41:55,522 - INFO - Added Language Code 'vi' to word_metadata for 'u'
2025-04-16 16:41:56,126 - INFO - Added Language Code 'sa' to word_metadata for 'ni'
2025-04-16 16:41:58,635 - INFO - Added Language Code 'sa' to word_metadata for 'si'
2025-04-16 16:41:59,219 - INFO - Added Orthography 'Spanish-based orthography' to word_metadata for 'unda'
2025-04-16 16:41:59,247 - INFO - Added Orthography 'Spanish-based orthography' to word_metadata for 'unda'
2025-04-16 16:41:59,481 - INFO - Added Orthography 'Spanish-based orthography' to word_metadata for 'puso'
2025-04-16 16:42:00,478 - INFO - Added Orthography 'Spanish-based orthography' to word_metadata for 'akin'
2025-04-16 16:42:00,499 - INFO - Added Language Code 'ko' to word_metadata for 'akin'
2025-04-16 16:42:00,515 - INFO - Added Orthography 'Spanish-based orthography' to word_metadata for 'akin'
2025-04-16 16:42:00,911 - INFO - Added Orthography 'Spanish-based orthography' to word_metadata for 'makan'
2025-04-16 16:42:00,940 - INFO - Added Orthography 'Spanish-based orthography' to word_metadata for 'lagi'
2025-04-16 16:42:00,964 - INFO - Added Orthography 'Spanish-based orthography' to word_metadata for 'lagi'
2025-04-16 16:42:01,178 - INFO - Added Orthography 'Spanish-based orthography' to word_metadata for 'kuya'
2025-04-16 16:42:01,883 - INFO - Added Language Code 'sa' to word_metadata for 'ng'
2025-04-16 16:42:01,893 - INFO - Added Orthography 'Spanish-based orthography' to word_metadata for 'ng'
2025-04-16 16:42:02,931 - WARNING - Vowel mark not following a consonant at position 0
2025-04-16 16:42:03,838 - WARNING - Error closing connection: set_session cannot be used inside a transaction
