2025-01-18 17:14:40,777 - INFO - Starting fresh data migration
2025-01-18 17:14:40,778 - INFO - Attempting database connection...
2025-01-18 17:14:40,778 - INFO - Database configuration:
2025-01-18 17:14:40,778 - INFO -   Database Name: fil_dict_db
2025-01-18 17:14:40,778 - INFO -   User: postgres
2025-01-18 17:14:40,778 - INFO -   Host: localhost
2025-01-18 17:14:40,778 - INFO -   Password: ********
2025-01-18 17:14:40,814 - INFO - Successfully established database connection
2025-01-18 17:14:40,845 - INFO - Starting table creation/update process.
2025-01-18 17:14:40,917 - INFO - Tables created or updated successfully.
2025-01-18 17:14:40,917 - INFO - Processing Tagalog words
2025-01-18 17:14:40,917 - INFO - Starting to process Tagalog words file: data/tagalog-words.json
2025-01-18 17:14:40,918 - INFO - Using source identifier: tagalog-words.json
2025-01-18 17:14:41,044 - INFO - Successfully loaded JSON data with 65328 entries
2025-01-18 17:16:08,217 - INFO - Completed processing Tagalog words file: data/tagalog-words.json
2025-01-18 17:16:08,229 - INFO - Processing Root words
2025-01-18 17:16:08,229 - INFO - Starting to process Root Words file: data/root_words_with_associated_words_cleaned.json
2025-01-18 17:16:08,230 - INFO - Using source identifier: root_words_with_associated_words_cleaned.json
2025-01-18 17:16:08,241 - INFO - Successfully loaded JSON data with 2238 entries
2025-01-18 17:16:28,579 - INFO - Completed processing Root Words file: data/root_words_with_associated_words_cleaned.json
2025-01-18 17:16:28,582 - INFO - Processing KWF Dictionary
2025-01-18 17:16:28,582 - INFO - Starting to process KWF Dictionary: data/kwf_dictionary.json
2025-01-18 17:16:28,582 - INFO - Using source identifier: kwf_dictionary.json
2025-01-18 17:16:28,917 - INFO - Successfully loaded KWF data with 30734 entries
2025-01-18 17:17:32,490 - INFO - Completed processing KWF Dictionary
2025-01-18 17:17:32,519 - INFO - Processing Kaikki (Tagalog)
2025-01-18 17:17:32,520 - INFO - Starting to process Kaikki file: data/kaikki.jsonl
2025-01-18 17:18:27,720 - INFO - Processing Kaikki (Cebuano)
2025-01-18 17:18:27,721 - INFO - Starting to process Kaikki file: data/kaikki-ceb.jsonl
2025-01-18 17:18:53,511 - WARNING - Found 185 Baybayin forms with multiple entries
2025-01-18 17:18:53,511 - WARNING - Baybayin form ᜀᜂᜈᜓ appears 2 times
2025-01-18 17:18:53,511 - WARNING - Baybayin form ᜀᜃᜓᜇ᜔ᜇᜒᜌᜓᜈᜒᜐ᜔ᜆ appears 2 times
2025-01-18 17:18:53,511 - WARNING - Baybayin form ᜀᜃᜓᜇ᜔ᜇ᜔ᜌᜓᜈᜒᜐ᜔ᜆ appears 2 times
2025-01-18 17:18:53,512 - WARNING - Baybayin form ᜀᜃᜓᜇ᜔ᜇ᜔ᜌᜓᜈ᜔ appears 2 times
2025-01-18 17:18:53,512 - WARNING - Baybayin form ᜀᜃ᜔ᜐ᜔ᜌᜓᜈᜒᜐ᜔ᜆ appears 2 times
2025-01-18 17:18:53,512 - WARNING - Baybayin form ᜀᜄᜓᜑᜓ appears 2 times
2025-01-18 17:18:53,512 - WARNING - Baybayin form ᜀᜆ᜔ᜇᜒᜊᜒᜇ appears 2 times
2025-01-18 17:18:53,513 - WARNING - Baybayin form ᜀᜇ᜔ᜌᜓᜎ appears 2 times
2025-01-18 17:18:53,513 - WARNING - Baybayin form ᜀᜈᜐ᜔ᜆᜐ᜔ᜌ appears 2 times
2025-01-18 17:18:53,513 - WARNING - Baybayin form ᜀᜈ᜔ᜆ᜔ᜐ appears 2 times
2025-01-18 17:18:53,513 - WARNING - Baybayin form ᜀᜊᜒᜎᜏ᜔ appears 2 times
2025-01-18 17:18:53,514 - WARNING - Baybayin form ᜀᜊᜓᜎᜒ appears 2 times
2025-01-18 17:18:53,514 - WARNING - Baybayin form ᜀᜎ ᜁ appears 2 times
2025-01-18 17:18:53,514 - WARNING - Baybayin form ᜀᜎᜑᜒᜊᜒ appears 2 times
2025-01-18 17:18:53,514 - WARNING - Baybayin form ᜀᜎᜒᜊᜓᜆ᜔ᜇᜈ᜔ appears 2 times
2025-01-18 17:18:53,514 - WARNING - Baybayin form ᜀᜏ᜔ᜐ᜔ᜆ᜔ᜇᜎ᜔ᜌ appears 2 times
2025-01-18 17:18:53,514 - WARNING - Baybayin form ᜀᜏ᜔ᜐ᜔ᜆ᜔ᜇᜒᜌ appears 2 times
2025-01-18 17:18:53,514 - WARNING - Baybayin form ᜀᜏ᜔ᜐ᜔ᜆ᜔ᜇᜒᜌᜂᜅ᜔ᜄ᜔ᜇᜒᜌ appears 2 times
2025-01-18 17:18:53,515 - WARNING - Baybayin form ᜀᜐᜁᜐ᜔ appears 2 times
2025-01-18 17:18:53,515 - WARNING - Baybayin form ᜀᜐᜌ᜔ᜈ᜔ᜋᜒᜈ᜔ᜆ᜔ appears 2 times
2025-01-18 17:18:53,515 - WARNING - Baybayin form ᜀᜐᜒᜁᜐ᜔ appears 2 times
2025-01-18 17:18:53,515 - WARNING - Baybayin form ᜁᜆᜓᜇᜎ᜔ᜇᜒ appears 2 times
2025-01-18 17:18:53,515 - WARNING - Baybayin form ᜁᜈ᜔ᜌᜒᜄᜒᜐ᜔ appears 2 times
2025-01-18 17:18:53,515 - WARNING - Baybayin form ᜁᜉᜓᜁᜉᜓ appears 2 times
2025-01-18 17:18:53,515 - WARNING - Baybayin form ᜁᜊᜅ᜔ᜐᜒᜎ᜔ᜌᜓ appears 2 times
2025-01-18 17:18:53,515 - WARNING - Baybayin form ᜁᜊᜈ᜔ᜌᜒᜐ᜔ appears 2 times
2025-01-18 17:18:53,515 - WARNING - Baybayin form ᜁᜎᜒᜐᜒ appears 2 times
2025-01-18 17:18:53,516 - WARNING - Baybayin form ᜁᜎᜒᜑᜈ᜔ appears 2 times
2025-01-18 17:18:53,516 - WARNING - Baybayin form ᜁᜐ᜔ᜃᜓᜊᜒᜇᜓ appears 2 times
2025-01-18 17:18:53,516 - WARNING - Baybayin form ᜁᜐ᜔ᜆᜎᜉᜆ appears 2 times
2025-01-18 17:18:53,516 - WARNING - Baybayin form ᜁᜐ᜔ᜆᜒᜇᜒᜇ appears 3 times
2025-01-18 17:18:53,516 - WARNING - Baybayin form ᜁᜐ᜔ᜉᜒᜈᜓᜐ appears 2 times
2025-01-18 17:18:53,516 - WARNING - Baybayin form ᜁᜐ᜔ᜉᜒᜌ᜔ᜇ᜔ appears 2 times
2025-01-18 17:18:53,516 - WARNING - Baybayin form ᜁᜐ᜔ᜎᜓᜊᜒᜈ᜔ᜌ appears 2 times
2025-01-18 17:18:53,516 - WARNING - Baybayin form ᜂᜅ᜔ᜄ᜔ᜇᜒᜌ appears 2 times
2025-01-18 17:18:53,516 - WARNING - Baybayin form ᜂᜆᜈᜒ appears 2 times
2025-01-18 17:18:53,516 - WARNING - Baybayin form ᜂᜆ᜔ᜐᜓ appears 2 times
2025-01-18 17:18:53,516 - WARNING - Baybayin form ᜃᜆᜓᜎᜓᜈᜈ᜔ appears 2 times
2025-01-18 17:18:53,517 - WARNING - Baybayin form ᜃᜆ᜔ᜐᜃᜑᜈ᜔ appears 2 times
2025-01-18 17:18:53,517 - WARNING - Baybayin form ᜃᜇᜒᜎ᜔ᜌᜓ appears 2 times
2025-01-18 17:18:53,517 - WARNING - Baybayin form ᜃᜈ᜔ᜌᜒᜇᜓ appears 2 times
2025-01-18 17:18:53,517 - WARNING - Baybayin form ᜃᜉᜄ᜔ ᜊᜒᜈᜆᜓ ᜃ ᜈᜅ᜔ ᜊᜆᜓ ᜵ ᜊᜆᜓᜑᜒᜈ᜔ ᜋᜓ ᜈᜅ᜔ ᜆᜒᜈᜉᜌ᜔ appears 2 times
2025-01-18 17:18:53,517 - WARNING - Baybayin form ᜃᜊᜒᜎᜒᜅ᜔ appears 2 times
2025-01-18 17:18:53,517 - WARNING - Baybayin form ᜃᜊᜓᜆᜒ appears 2 times
2025-01-18 17:18:53,517 - WARNING - Baybayin form ᜃᜋᜒ appears 2 times
2025-01-18 17:18:53,517 - WARNING - Baybayin form ᜃᜒᜆᜓᜅᜈ᜔ appears 2 times
2025-01-18 17:18:53,517 - WARNING - Baybayin form ᜃᜒᜇᜒ appears 2 times
2025-01-18 17:18:53,517 - WARNING - Baybayin form ᜃᜒᜌᜋᜓᜌ᜔ appears 2 times
2025-01-18 17:18:53,517 - WARNING - Baybayin form ᜃᜒᜌᜓᜅ᜔ ᜑᜒ ᜑᜓᜏᜆ᜔ ᜆ᜔ᜐᜌ᜔ appears 2 times
2025-01-18 17:18:53,518 - WARNING - Baybayin form ᜃᜒᜎᜒᜃᜒᜎᜒ appears 2 times
2025-01-18 17:18:53,518 - WARNING - Baybayin form ᜃᜓ appears 3 times
2025-01-18 17:18:53,518 - WARNING - Baybayin form ᜃᜓᜇ appears 2 times
2025-01-18 17:18:53,518 - WARNING - Baybayin form ᜃᜓᜇ᜔ᜉᜓᜐ᜔ appears 2 times
2025-01-18 17:18:53,518 - WARNING - Baybayin form ᜃᜓᜈᜒᜃ᜔ᜐ᜔ᜌᜓᜈ᜔ appears 2 times
2025-01-18 17:18:53,518 - WARNING - Baybayin form ᜃᜓᜈ᜔ᜆ᜔ᜐᜊ appears 2 times
2025-01-18 17:18:53,518 - WARNING - Baybayin form ᜃᜓᜈ᜔ᜆ᜔ᜐᜊᜑᜈ᜔ appears 2 times
2025-01-18 17:18:53,518 - WARNING - Baybayin form ᜃᜓᜉᜓᜅ᜔ appears 2 times
2025-01-18 17:18:53,518 - WARNING - Baybayin form ᜃᜓᜋᜒᜈ᜔ᜆᜓ appears 2 times
2025-01-18 17:18:53,518 - WARNING - Baybayin form ᜃᜓᜋ᜔ᜉ᜔ᜇᜒᜈ᜔ᜐᜒᜊᜓ appears 2 times
2025-01-18 17:18:53,518 - WARNING - Baybayin form ᜃᜓᜏ appears 3 times
2025-01-18 17:18:53,518 - WARNING - Baybayin form ᜃᜓᜏᜓᜌ᜔ᜈ᜔ appears 2 times
2025-01-18 17:18:53,519 - WARNING - Baybayin form ᜃ᜔ᜎᜒᜊᜒ appears 2 times
2025-01-18 17:18:53,519 - WARNING - Baybayin form ᜄᜊ᜔ᜁ appears 2 times
2025-01-18 17:18:53,519 - WARNING - Baybayin form ᜄᜒᜊᜇ appears 2 times
2025-01-18 17:18:53,519 - WARNING - Baybayin form ᜆᜐ᜔ appears 2 times
2025-01-18 17:18:53,519 - WARNING - Baybayin form ᜆᜒᜃ᜔ᜐᜓᜈ᜔ appears 2 times
2025-01-18 17:18:53,519 - WARNING - Baybayin form ᜆᜒᜌᜓᜇᜒᜐᜒᜌ appears 2 times
2025-01-18 17:18:53,519 - WARNING - Baybayin form ᜆᜒᜌᜓᜊᜒᜊᜓ appears 2 times
2025-01-18 17:18:53,519 - WARNING - Baybayin form ᜆᜒᜑᜒᜇᜐ᜔ appears 2 times
2025-01-18 17:18:53,519 - WARNING - Baybayin form ᜆᜓᜇᜎ᜔ᜊ appears 2 times
2025-01-18 17:18:53,519 - WARNING - Baybayin form ᜆ᜔ᜇᜈ᜔ᜐ᜔ᜎᜐ᜔ᜌᜓᜈ᜔ appears 2 times
2025-01-18 17:18:53,519 - WARNING - Baybayin form ᜆ᜔ᜐᜅ᜔ appears 2 times
2025-01-18 17:18:53,519 - WARNING - Baybayin form ᜆ᜔ᜐᜋᜒ appears 2 times
2025-01-18 17:18:53,520 - WARNING - Baybayin form ᜆ᜔ᜐᜒ appears 3 times
2025-01-18 17:18:53,520 - WARNING - Baybayin form ᜆ᜔ᜐᜒᜃᜒᜈᜒᜈᜒ appears 2 times
2025-01-18 17:18:53,520 - WARNING - Baybayin form ᜆ᜔ᜐᜒᜃᜓ appears 3 times
2025-01-18 17:18:53,520 - WARNING - Baybayin form ᜆ᜔ᜐᜒᜃ᜔ᜊᜓᜌ᜔ appears 2 times
2025-01-18 17:18:53,520 - WARNING - Baybayin form ᜆ᜔ᜐᜓ appears 2 times
2025-01-18 17:18:53,520 - WARNING - Baybayin form ᜆ᜔ᜐᜓᜋᜃ appears 2 times
2025-01-18 17:18:53,520 - WARNING - Baybayin form ᜆ᜔ᜐᜓᜎ appears 2 times
2025-01-18 17:18:53,520 - WARNING - Baybayin form ᜇᜇᜀᜈ᜔ appears 2 times
2025-01-18 17:18:53,520 - WARNING - Baybayin form ᜇᜒ appears 2 times
2025-01-18 17:18:53,520 - WARNING - Baybayin form ᜇᜒᜃᜇ ᜐᜒᜐᜒᜈ᜔ᜆ appears 2 times
2025-01-18 17:18:53,520 - WARNING - Baybayin form ᜇᜒᜃ᜔ᜐ᜔ᜌᜓᜈᜇ᜔ᜌᜓ appears 2 times
2025-01-18 17:18:53,520 - WARNING - Baybayin form ᜇᜒᜈᜒ appears 2 times
2025-01-18 17:18:53,521 - WARNING - Baybayin form ᜇᜒᜉ᜔ᜎᜌᜈ᜔ appears 2 times
2025-01-18 17:18:53,521 - WARNING - Baybayin form ᜇᜒᜊ᜔ᜌᜓ appears 2 times
2025-01-18 17:18:53,521 - WARNING - Baybayin form ᜇᜒᜊ᜔ᜌᜓᜑᜒᜈ᜔ appears 2 times
2025-01-18 17:18:53,521 - WARNING - Baybayin form ᜇᜒᜋᜃᜓᜑ appears 2 times
2025-01-18 17:18:53,521 - WARNING - Baybayin form ᜇᜒᜋᜉᜒᜎᜒᜐ᜔ appears 2 times
2025-01-18 17:18:53,521 - WARNING - Baybayin form ᜇᜒᜐ᜔ᜃᜓᜋ᜔ᜉᜒᜌᜇᜓ appears 2 times
2025-01-18 17:18:53,521 - WARNING - Baybayin form ᜇᜓᜃ᜔ᜆᜓᜇ appears 2 times
2025-01-18 17:18:53,521 - WARNING - Baybayin form ᜇᜓᜇᜓᜃᜓᜆ᜔ appears 2 times
2025-01-18 17:18:53,521 - WARNING - Baybayin form ᜇᜓᜇᜓᜅᜏ᜔ appears 2 times
2025-01-18 17:18:53,522 - WARNING - Baybayin form ᜇᜓᜋᜈ appears 2 times
2025-01-18 17:18:53,522 - WARNING - Baybayin form ᜇᜓᜋᜓᜇᜓᜃᜓᜆ᜔ appears 2 times
2025-01-18 17:18:53,522 - WARNING - Baybayin form ᜇᜓᜋᜓᜇᜓᜅᜏ᜔ appears 2 times
2025-01-18 17:18:53,522 - WARNING - Baybayin form ᜇᜓᜎᜒ appears 2 times
2025-01-18 17:18:53,522 - WARNING - Baybayin form ᜇ᜔ᜌᜓᜋᜇ᜔ appears 2 times
2025-01-18 17:18:53,522 - WARNING - Baybayin form ᜈᜃ᜔ᜉᜒᜎ᜔ appears 2 times
2025-01-18 17:18:53,522 - WARNING - Baybayin form ᜈᜊᜓᜃᜓᜇᜓᜈᜓᜐᜓᜇ᜔ appears 2 times
2025-01-18 17:18:53,522 - WARNING - Baybayin form ᜈᜌ᜔ᜆ᜔ ᜃ᜔ᜎᜊ᜔ appears 2 times
2025-01-18 17:18:53,523 - WARNING - Baybayin form ᜈᜌ᜔ᜆ᜔ᜄᜏ᜔ᜈ᜔ appears 3 times
2025-01-18 17:18:53,523 - WARNING - Baybayin form ᜈᜌ᜔ᜈ᜔ᜆᜒᜈ᜔ ᜃᜓᜉᜓᜅ᜔ᜃᜓᜉᜓᜅ᜔ appears 2 times
2025-01-18 17:18:53,523 - WARNING - Baybayin form ᜈᜐᜇᜒᜆ᜔ appears 2 times
2025-01-18 17:18:53,523 - WARNING - Baybayin form ᜈᜐᜈ᜔ appears 2 times
2025-01-18 17:18:53,523 - WARNING - Baybayin form ᜈᜓᜂᜇ᜔ appears 2 times
2025-01-18 17:18:53,523 - WARNING - Baybayin form ᜉᜇᜒᜈ᜔ᜌᜓ appears 2 times
2025-01-18 17:18:53,523 - WARNING - Baybayin form ᜉᜇᜒᜎ᜔ᜌ appears 2 times
2025-01-18 17:18:53,523 - WARNING - Baybayin form ᜉᜉᜎᜒᜆᜇᜑᜈ᜔ appears 2 times
2025-01-18 17:18:53,523 - WARNING - Baybayin form ᜉᜎᜒᜆᜇᜑᜈ᜔ appears 2 times
2025-01-18 17:18:53,523 - WARNING - Baybayin form ᜉᜏ᜔ᜈ᜔ᜆᜒᜌ᜔ᜈ᜔ appears 2 times
2025-01-18 17:18:53,523 - WARNING - Baybayin form ᜉᜒᜈᜉᜎᜒᜆᜇᜑᜈ᜔ appears 2 times
2025-01-18 17:18:53,524 - WARNING - Baybayin form ᜉᜒᜈᜎᜒᜆᜇᜑᜈ᜔ appears 2 times
2025-01-18 17:18:53,524 - WARNING - Baybayin form ᜉᜒᜌᜌ appears 2 times
2025-01-18 17:18:53,524 - WARNING - Baybayin form ᜉᜓᜆᜓᜊᜋ᜔ appears 2 times
2025-01-18 17:18:53,524 - WARNING - Baybayin form ᜉ᜔ᜇᜓᜉᜌ᜔ᜎ᜔ appears 2 times
2025-01-18 17:18:53,524 - WARNING - Baybayin form ᜉ᜔ᜐᜒ appears 2 times
2025-01-18 17:18:53,524 - WARNING - Baybayin form ᜊᜆᜓᜊᜎᜈᜒ appears 2 times
2025-01-18 17:18:53,524 - WARNING - Baybayin form ᜊᜈ᜔ᜇᜒᜇᜒᜆ appears 2 times
2025-01-18 17:18:53,524 - WARNING - Baybayin form ᜊᜋᜓᜐ᜔ appears 2 times
2025-01-18 17:18:53,524 - WARNING - Baybayin form ᜊᜎᜑᜇ᜔ᜌ appears 2 times
2025-01-18 17:18:53,524 - WARNING - Baybayin form ᜊᜎᜒᜈ appears 2 times
2025-01-18 17:18:53,524 - WARNING - Baybayin form ᜊᜎᜒᜐ᜔ᜆᜒᜇᜓᜐ᜔ appears 2 times
2025-01-18 17:18:53,524 - WARNING - Baybayin form ᜊᜒ appears 2 times
2025-01-18 17:18:53,524 - WARNING - Baybayin form ᜊᜒᜃᜒ appears 4 times
2025-01-18 17:18:53,525 - WARNING - Baybayin form ᜊᜒᜆᜎᜒᜐ᜔ appears 2 times
2025-01-18 17:18:53,525 - WARNING - Baybayin form ᜊᜒᜆᜓᜈ᜔ appears 2 times
2025-01-18 17:18:53,525 - WARNING - Baybayin form ᜊᜒᜇ᜔ᜆᜓᜐ᜔ᜌᜓ appears 2 times
2025-01-18 17:18:53,525 - WARNING - Baybayin form ᜊᜒᜇ᜔ᜌᜓᜃᜒ appears 2 times
2025-01-18 17:18:53,525 - WARNING - Baybayin form ᜊᜒᜇ᜔ᜐᜒᜈ᜔ appears 2 times
2025-01-18 17:18:53,525 - WARNING - Baybayin form ᜊᜒᜈᜓᜌ appears 2 times
2025-01-18 17:18:53,525 - WARNING - Baybayin form ᜊᜒᜋ᜔ᜊᜒ appears 2 times
2025-01-18 17:18:53,525 - WARNING - Baybayin form ᜊᜒᜐ᜔ᜃᜓᜈ᜔ᜇᜒ appears 2 times
2025-01-18 17:18:53,525 - WARNING - Baybayin form ᜊᜓᜆᜒᜑ appears 2 times
2025-01-18 17:18:53,525 - WARNING - Baybayin form ᜊᜓᜆᜓᜋᜒᜐ appears 2 times
2025-01-18 17:18:53,525 - WARNING - Baybayin form ᜊᜓᜇᜒᜎ᜔ ᜉᜌ᜔ᜆ᜔ appears 2 times
2025-01-18 17:18:53,525 - WARNING - Baybayin form ᜊᜓᜎ᜔ᜆ appears 2 times
2025-01-18 17:18:53,525 - WARNING - Baybayin form ᜋᜃᜇᜁᜄ᜔ appears 2 times
2025-01-18 17:18:53,526 - WARNING - Baybayin form ᜋᜃᜎᜒᜈ᜔ᜆᜎ᜔ appears 2 times
2025-01-18 17:18:53,526 - WARNING - Baybayin form ᜋᜃᜓᜈ᜔ᜆᜒᜈ᜔ᜆᜓ appears 2 times
2025-01-18 17:18:53,526 - WARNING - Baybayin form ᜋᜃ᜔ᜇᜓ appears 3 times
2025-01-18 17:18:53,526 - WARNING - Baybayin form ᜋᜄ᜔ᜆᜓᜎᜓᜄ᜔ᜆᜓᜎᜓᜄᜈ᜔ appears 2 times
2025-01-18 17:18:53,526 - WARNING - Baybayin form ᜋᜄ᜔ᜆ᜔ᜇᜌ᜔ᜐᜒᜃᜒᜎ᜔ appears 2 times
2025-01-18 17:18:53,526 - WARNING - Baybayin form ᜋᜄ᜔ᜐᜓᜋ᜔ᜊᜓᜎ᜔ appears 2 times
2025-01-18 17:18:53,526 - WARNING - Baybayin form ᜋᜌᜓᜎ᜔ᜇᜓᜋᜓ appears 2 times
2025-01-18 17:18:53,526 - WARNING - Baybayin form ᜋᜎᜒᜃ᜔ᜇᜒᜋ᜔ appears 2 times
2025-01-18 17:18:53,526 - WARNING - Baybayin form ᜋᜎᜒᜃ᜔ᜐᜒ appears 3 times
2025-01-18 17:18:53,526 - WARNING - Baybayin form ᜋᜎᜒᜑᜈ᜔ appears 2 times
2025-01-18 17:18:53,526 - WARNING - Baybayin form ᜋᜎ᜔ᜌᜇᜒ appears 2 times
2025-01-18 17:18:53,527 - WARNING - Baybayin form ᜋᜐᜅ᜔ᜃᜌ᜔ appears 2 times
2025-01-18 17:18:53,527 - WARNING - Baybayin form ᜋᜒᜆᜒᜅ᜔ ᜇᜒ ᜀᜊᜈ᜔ᜐᜒ appears 2 times
2025-01-18 17:18:53,527 - WARNING - Baybayin form ᜋᜓᜆ᜔ᜐᜅ᜔ᜋᜓᜆ᜔ᜐᜅ᜔ appears 2 times
2025-01-18 17:18:53,527 - WARNING - Baybayin form ᜋᜓᜋᜓ appears 2 times
2025-01-18 17:18:53,527 - WARNING - Baybayin form ᜋᜓᜎᜒᜈᜒᜎ᜔ᜌᜓ appears 2 times
2025-01-18 17:18:53,527 - WARNING - Baybayin form ᜌᜓᜈ᜔ appears 2 times
2025-01-18 17:18:53,527 - WARNING - Baybayin form ᜌᜓᜐᜓᜈ᜔ appears 2 times
2025-01-18 17:18:53,527 - WARNING - Baybayin form ᜎᜃ᜔ᜐᜋᜈ appears 2 times
2025-01-18 17:18:53,527 - WARNING - Baybayin form ᜎᜏ᜔ᜇ᜔ᜁᜐ᜔ᜉᜒᜃᜒᜇ᜔ appears 2 times
2025-01-18 17:18:53,527 - WARNING - Baybayin form ᜎᜐᜒᜅ᜔ᜄᜒᜇ appears 2 times
2025-01-18 17:18:53,528 - WARNING - Baybayin form ᜎᜒᜌᜓᜅ᜔ appears 2 times
2025-01-18 17:18:53,528 - WARNING - Baybayin form ᜎᜓᜊᜏ᜔ appears 2 times
2025-01-18 17:18:53,528 - WARNING - Baybayin form ᜎᜓᜏᜎ᜔ᜑᜆᜒ appears 2 times
2025-01-18 17:18:53,528 - WARNING - Baybayin form ᜏᜒᜎᜒ appears 2 times
2025-01-18 17:18:53,528 - WARNING - Baybayin form ᜐᜅ᜔ appears 2 times
2025-01-18 17:18:53,528 - WARNING - Baybayin form ᜐᜅ᜔ᜃᜒ appears 2 times
2025-01-18 17:18:53,528 - WARNING - Baybayin form ᜐᜌ᜔ᜇ᜔ᜎᜌ᜔ᜈ᜔ appears 2 times
2025-01-18 17:18:53,528 - WARNING - Baybayin form ᜐᜒ appears 3 times
2025-01-18 17:18:53,528 - WARNING - Baybayin form ᜐᜒᜅ᜔ᜃᜓ appears 2 times
2025-01-18 17:18:53,528 - WARNING - Baybayin form ᜐᜒᜈᜒᜉᜒᜆᜒ appears 2 times
2025-01-18 17:18:53,528 - WARNING - Baybayin form ᜐᜒᜈ᜔ᜆᜒᜈᜓ appears 2 times
2025-01-18 17:18:53,529 - WARNING - Baybayin form ᜐᜒᜊ᜔ᜏᜈ appears 2 times
2025-01-18 17:18:53,529 - WARNING - Baybayin form ᜐᜒᜌ appears 2 times
2025-01-18 17:18:53,529 - WARNING - Baybayin form ᜐᜒᜐᜓᜐ᜔ appears 2 times
2025-01-18 17:18:53,529 - WARNING - Baybayin form ᜐᜓᜂᜊᜈ᜔ appears 2 times
2025-01-18 17:18:53,529 - WARNING - Baybayin form ᜐᜓᜊᜒᜃ᜔ appears 2 times
2025-01-18 17:18:53,529 - WARNING - Baybayin form ᜐ᜔ᜌᜏ᜔ appears 4 times
2025-01-18 17:18:53,530 - WARNING - Baybayin form ᜐ᜔ᜌᜒᜊᜓᜎᜒ appears 2 times
2025-01-18 17:18:53,530 - WARNING - Baybayin form ᜐ᜔ᜌᜓᜆ appears 2 times
2025-01-18 17:18:53,530 - WARNING - Baybayin form ᜑᜎᜑᜎ appears 2 times
2025-01-18 17:18:53,530 - WARNING - Baybayin form ᜑᜏ᜔ appears 2 times
2025-01-18 17:18:53,530 - WARNING - Baybayin form ᜑᜒᜇᜓᜈ᜔ appears 2 times
2025-01-18 17:18:53,531 - WARNING - Baybayin form ᜑᜒᜌᜓᜇ᜔ᜑᜒᜌ appears 2 times
2025-01-18 17:18:53,531 - WARNING - Baybayin form ᜑᜓᜅ᜔ appears 2 times
2025-01-18 17:18:53,531 - WARNING - Baybayin form ᜑᜓᜏᜈ appears 2 times
2025-01-18 17:19:16,963 - INFO - Merging duplicate Baybayin entries: 94536 and 96040
2025-01-18 17:19:17,066 - ERROR - Error during migration: update or delete on table "words" violates foreign key constraint "etymologies_word_id_fkey" on table "etymologies"
DETAIL:  Key (id)=(96040) is still referenced from table "etymologies".

