2025-04-01 14:38:10,531 - INFO - Starting lookup for word: 'charot'
2025-04-01 14:38:10,576 - INFO - pg_trgm extension installed: True
2025-04-01 14:38:10,577 - INFO - Executing exact match query for 'charot'
2025-04-01 14:38:11,323 - INFO - Found 1 exact matches
2025-04-01 14:38:11,323 - INFO - Processing result 1/1
2025-04-01 14:38:11,324 - INFO - Word ID: 136162
2025-04-01 14:38:11,324 - INFO - Lemma: charot
2025-04-01 14:38:11,324 - INFO - Language code: tl
2025-04-01 14:38:11,330 - INFO - Querying pronunciations for word_id 136162
2025-04-01 14:38:11,335 - INFO - Found 3 pronunciations
2025-04-01 14:38:11,340 - INFO - Querying etymologies for word_id 136162
2025-04-01 14:38:11,350 - INFO - Found 1 etymologies
2025-04-01 14:38:11,354 - INFO - Querying definitions for word_id 136162
2025-04-01 14:38:11,367 - INFO - Found 6 definitions
2025-04-01 14:38:11,369 - INFO - Processing definition 1/6
2025-04-01 14:38:11,371 - INFO - Processing definition 2/6
2025-04-01 14:38:11,372 - INFO - Processing definition 3/6
2025-04-01 14:38:11,374 - INFO - Processing definition 4/6
2025-04-01 14:38:11,376 - INFO - Processing definition 5/6
2025-04-01 14:38:11,378 - INFO - Processing definition 6/6
2025-04-01 14:38:11,379 - INFO - Querying relations for word_id 136162
2025-04-01 14:38:11,394 - INFO - Found 5 relations
2025-04-01 14:38:11,401 - INFO - Database connection closed
