2025-03-31 08:17:21,042 - INFO - Starting table creation/update process.
2025-03-31 08:17:21,717 - INFO - Tables created or updated successfully.
2025-03-31 08:17:21,724 - INFO - Processing Tagalog words from: ..\data\tagalog-words.json
2025-03-31 08:17:22,678 - INFO - Found 65336 entries to process
2025-03-31 08:17:24,531 - WARNING - Duplicate definition detected for word ID 646: áraw-...
2025-03-31 08:17:24,654 - WARNING - Skipping self-relationship for word ID 689
2025-03-31 08:17:24,847 - WARNING - Skipping self-relationship for word ID 766
2025-03-31 08:17:24,849 - WARNING - Skipping self-relationship for word ID 766
2025-03-31 08:17:26,279 - INFO - Processed 1000/65336 entries
2025-03-31 08:17:26,879 - WARNING - Duplicate definition detected for word ID 1437: batà...
2025-03-31 08:17:31,808 - WARNING - Skipping self-relationship for word ID 2281
2025-03-31 08:17:33,821 - INFO - Processed 2000/65336 entries
2025-03-31 08:17:41,428 - INFO - Processed 3000/65336 entries
2025-03-31 08:17:42,458 - WARNING - Duplicate definition detected for word ID 4141: baybay sa Tagalog ng Anglo-Americano....
2025-03-31 08:17:44,797 - WARNING - Duplicate definition detected for word ID 4561: pisngí....
2025-03-31 08:17:45,129 - WARNING - Skipping self-relationship for word ID 4618
2025-03-31 08:17:49,071 - WARNING - Skipping self-relationship for word ID 5334
2025-03-31 08:17:49,142 - INFO - Processed 4000/65336 entries
2025-03-31 08:17:49,578 - WARNING - Duplicate definition detected for word ID 5396: baybay sa Tagalog ng Artico....
2025-03-31 08:17:52,042 - WARNING - Duplicate definition detected for word ID 5855: áso....
2025-03-31 08:17:55,928 - INFO - Processed 5000/65336 entries
2025-03-31 08:17:56,281 - WARNING - Skipping self-relationship for word ID 6650
2025-03-31 08:17:58,822 - WARNING - Skipping self-relationship for word ID 7175
2025-03-31 08:17:58,838 - WARNING - Skipping self-relationship for word ID 7175
2025-03-31 08:17:58,853 - WARNING - Skipping self-relationship for word ID 7175
2025-03-31 08:17:58,869 - WARNING - Skipping self-relationship for word ID 7175
2025-03-31 08:17:58,923 - WARNING - Skipping self-relationship for word ID 7187
2025-03-31 08:17:58,952 - WARNING - Skipping self-relationship for word ID 7187
2025-03-31 08:18:00,089 - WARNING - Skipping self-relationship for word ID 7405
2025-03-31 08:18:01,358 - WARNING - Skipping self-relationship for word ID 7632
2025-03-31 08:18:04,289 - WARNING - Skipping self-relationship for word ID 8129
2025-03-31 08:18:04,297 - WARNING - Skipping self-relationship for word ID 8129
2025-03-31 08:18:04,303 - WARNING - Skipping self-relationship for word ID 8129
2025-03-31 08:18:04,311 - WARNING - Skipping self-relationship for word ID 8129
2025-03-31 08:18:05,117 - INFO - Processed 6000/65336 entries
2025-03-31 08:18:05,841 - WARNING - Skipping self-relationship for word ID 8353
2025-03-31 08:18:08,876 - WARNING - Skipping self-relationship for word ID 8808
2025-03-31 08:18:10,071 - WARNING - Skipping self-relationship for word ID 8915
2025-03-31 08:18:11,346 - WARNING - Skipping self-relationship for word ID 9032
2025-03-31 08:18:14,699 - WARNING - Skipping self-relationship for word ID 9299
2025-03-31 08:18:18,870 - WARNING - Skipping self-relationship for word ID 9648
2025-03-31 08:18:20,961 - INFO - Processed 7000/65336 entries
2025-03-31 08:18:21,648 - WARNING - Skipping self-relationship for word ID 9826
2025-03-31 08:18:24,785 - WARNING - Skipping self-relationship for word ID 8696
2025-03-31 08:18:24,936 - WARNING - Skipping self-relationship for word ID 10048
2025-03-31 08:18:29,626 - WARNING - Skipping self-relationship for word ID 10386
2025-03-31 08:18:29,631 - WARNING - Skipping self-relationship for word ID 10386
2025-03-31 08:18:29,635 - WARNING - Skipping self-relationship for word ID 10386
2025-03-31 08:18:29,639 - WARNING - Skipping self-relationship for word ID 10386
2025-03-31 08:18:29,643 - WARNING - Skipping self-relationship for word ID 10386
2025-03-31 08:18:29,647 - WARNING - Skipping self-relationship for word ID 10386
2025-03-31 08:18:29,652 - WARNING - Skipping self-relationship for word ID 10386
2025-03-31 08:18:29,657 - WARNING - Skipping self-relationship for word ID 10386
2025-03-31 08:18:29,662 - WARNING - Skipping self-relationship for word ID 10386
2025-03-31 08:18:33,007 - WARNING - Skipping self-relationship for word ID 10759
2025-03-31 08:18:36,311 - INFO - Processed 8000/65336 entries
2025-03-31 08:18:40,557 - WARNING - Skipping self-relationship for word ID 6827
2025-03-31 08:18:46,685 - WARNING - Skipping self-relationship for word ID 12039
2025-03-31 08:18:50,617 - WARNING - Skipping self-relationship for word ID 12339
2025-03-31 08:18:52,585 - WARNING - Skipping self-relationship for word ID 12513
2025-03-31 08:18:52,862 - INFO - Processed 9000/65336 entries
2025-03-31 08:18:54,208 - WARNING - Skipping self-relationship for word ID 12696
2025-03-31 08:18:54,561 - WARNING - Skipping self-relationship for word ID 12746
2025-03-31 08:18:57,268 - WARNING - Skipping self-relationship for word ID 10782
2025-03-31 08:18:59,975 - WARNING - Skipping self-relationship for word ID 13376
2025-03-31 08:19:01,639 - WARNING - Skipping self-relationship for word ID 13545
2025-03-31 08:19:06,434 - INFO - Processed 10000/65336 entries
2025-03-31 08:19:08,470 - WARNING - Duplicate definition detected for word ID 13963: dikyà....
2025-03-31 08:19:12,049 - WARNING - Skipping self-relationship for word ID 14637
2025-03-31 08:19:12,074 - WARNING - Skipping self-relationship for word ID 14637
2025-03-31 08:19:12,735 - WARNING - Skipping self-relationship for word ID 14706
2025-03-31 08:19:17,491 - INFO - Processed 11000/65336 entries
2025-03-31 08:19:24,681 - INFO - Processed 12000/65336 entries
2025-03-31 08:19:28,384 - WARNING - Duplicate definition detected for word ID 16951: bayaníhan....
2025-03-31 08:19:31,101 - WARNING - Skipping self-relationship for word ID 17239
2025-03-31 08:19:31,103 - WARNING - Skipping self-relationship for word ID 17239
2025-03-31 08:19:31,175 - WARNING - Duplicate definition detected for word ID 17239: dagsâ....
2025-03-31 08:19:32,641 - WARNING - Duplicate definition detected for word ID 17382: balakúbak....
2025-03-31 08:19:35,107 - WARNING - Skipping self-relationship for word ID 17790
2025-03-31 08:19:35,870 - INFO - Processed 13000/65336 entries
2025-03-31 08:19:37,561 - WARNING - Skipping self-relationship for word ID 18369
2025-03-31 08:19:38,524 - WARNING - Skipping self-relationship for word ID 18562
2025-03-31 08:19:38,530 - WARNING - Skipping self-relationship for word ID 18562
2025-03-31 08:19:42,944 - INFO - Processed 14000/65336 entries
2025-03-31 08:19:43,058 - WARNING - Duplicate definition detected for word ID 19316: dipá....
2025-03-31 08:19:45,995 - WARNING - Skipping self-relationship for word ID 19928
2025-03-31 08:19:46,062 - WARNING - Skipping self-relationship for word ID 19941
2025-03-31 08:19:49,622 - INFO - Processed 15000/65336 entries
2025-03-31 08:19:49,756 - WARNING - Duplicate definition detected for word ID 20647: [1] pababâ...
2025-03-31 08:19:49,757 - ERROR - Error inserting definition for word 'down': Word ID 20647 does not exist
2025-03-31 08:19:49,758 - ERROR - Error inserting definition for word 'down': Word ID 20647 does not exist
2025-03-31 08:19:51,615 - WARNING - Skipping self-relationship for word ID 21122
2025-03-31 08:19:52,945 - WARNING - Skipping self-relationship for word ID 21423
2025-03-31 08:19:53,414 - WARNING - Skipping self-relationship for word ID 21536
2025-03-31 08:19:54,699 - WARNING - Skipping self-relationship for word ID 21806
2025-03-31 08:19:55,428 - INFO - Processed 16000/65336 entries
2025-03-31 08:19:58,011 - WARNING - Skipping self-relationship for word ID 22205
2025-03-31 08:20:07,418 - INFO - Processed 17000/65336 entries
2025-03-31 08:20:15,809 - INFO - Processed 18000/65336 entries
2025-03-31 08:20:24,181 - WARNING - Skipping self-relationship for word ID 25016
2025-03-31 08:20:31,610 - INFO - Processed 19000/65336 entries
2025-03-31 08:20:34,410 - WARNING - Skipping self-relationship for word ID 25741
2025-03-31 08:20:34,415 - WARNING - Skipping self-relationship for word ID 25741
2025-03-31 08:20:34,459 - WARNING - Duplicate definition detected for word ID 25741: gansâ....
2025-03-31 08:20:35,866 - WARNING - Skipping self-relationship for word ID 25927
2025-03-31 08:20:35,985 - WARNING - Duplicate definition detected for word ID 25956: alupíhan...
2025-03-31 08:20:36,207 - WARNING - Skipping self-relationship for word ID 25991
2025-03-31 08:20:36,213 - WARNING - Skipping self-relationship for word ID 25991
2025-03-31 08:20:36,594 - WARNING - Skipping self-relationship for word ID 26061
2025-03-31 08:20:36,727 - WARNING - Duplicate definition detected for word ID 26083: katí...
2025-03-31 08:20:36,806 - WARNING - Skipping self-relationship for word ID 26099
2025-03-31 08:20:36,819 - WARNING - Skipping self-relationship for word ID 26099
2025-03-31 08:20:36,827 - WARNING - Skipping self-relationship for word ID 26099
2025-03-31 08:20:41,169 - WARNING - Skipping self-relationship for word ID 26773
2025-03-31 08:20:42,227 - INFO - Processed 20000/65336 entries
2025-03-31 08:20:50,793 - WARNING - Skipping self-relationship for word ID 27914
2025-03-31 08:20:53,638 - INFO - Processed 21000/65336 entries
2025-03-31 08:21:05,900 - WARNING - Skipping self-relationship for word ID 29220
2025-03-31 08:21:06,057 - WARNING - Skipping self-relationship for word ID 29220
2025-03-31 08:21:06,086 - WARNING - Skipping self-relationship for word ID 29220
2025-03-31 08:21:12,860 - WARNING - Duplicate definition detected for word ID 29786: tagák...
2025-03-31 08:21:13,814 - INFO - Processed 22000/65336 entries
2025-03-31 08:21:19,794 - WARNING - Duplicate definition detected for word ID 30507: tungháy...
2025-03-31 08:21:26,269 - WARNING - Duplicate definition detected for word ID 31237: úmis....
2025-03-31 08:21:27,874 - WARNING - Skipping self-relationship for word ID 31379
2025-03-31 08:21:29,673 - INFO - Processed 23000/65336 entries
2025-03-31 08:21:35,375 - WARNING - Skipping self-relationship for word ID 32093
2025-03-31 08:21:43,191 - WARNING - Skipping self-relationship for word ID 32814
2025-03-31 08:21:43,203 - WARNING - Skipping self-relationship for word ID 32814
2025-03-31 08:21:43,215 - WARNING - Skipping self-relationship for word ID 32814
2025-03-31 08:21:46,177 - INFO - Processed 24000/65336 entries
2025-03-31 08:21:47,190 - WARNING - Skipping self-relationship for word ID 33207
2025-03-31 08:21:52,467 - WARNING - Skipping self-relationship for word ID 33643
2025-03-31 08:21:59,447 - WARNING - Duplicate definition detected for word ID 33951: dalá....
2025-03-31 08:22:03,922 - WARNING - Skipping self-relationship for word ID 34273
2025-03-31 08:22:03,929 - WARNING - Skipping self-relationship for word ID 34273
2025-03-31 08:22:04,952 - WARNING - Skipping self-relationship for word ID 34332
2025-03-31 08:22:04,958 - WARNING - Skipping self-relationship for word ID 34332
2025-03-31 08:22:05,068 - WARNING - Duplicate definition detected for word ID 34341: lápulápu....
2025-03-31 08:22:05,269 - WARNING - Skipping self-relationship for word ID 34351
2025-03-31 08:22:05,277 - WARNING - Skipping self-relationship for word ID 34351
2025-03-31 08:22:05,755 - INFO - Processed 25000/65336 entries
2025-03-31 08:22:18,522 - WARNING - Duplicate definition detected for word ID 34968: [1] iláya...
2025-03-31 08:22:18,526 - ERROR - Error inserting definition for word 'iráya': Word ID 34968 does not exist
2025-03-31 08:22:27,512 - INFO - Processed 26000/65336 entries
2025-03-31 08:22:30,702 - WARNING - Skipping self-relationship for word ID 35974
2025-03-31 08:22:31,727 - WARNING - Duplicate definition detected for word ID 36079: liwayway....
2025-03-31 08:22:36,810 - WARNING - Duplicate definition detected for word ID 37179: dalandán....
2025-03-31 08:22:36,938 - INFO - Processed 27000/65336 entries
2025-03-31 08:22:37,785 - WARNING - Skipping self-relationship for word ID 37422
2025-03-31 08:22:38,923 - WARNING - Skipping self-relationship for word ID 37641
2025-03-31 08:22:46,232 - INFO - Processed 28000/65336 entries
2025-03-31 08:22:46,482 - WARNING - Duplicate definition detected for word ID 38885: kambíng...
2025-03-31 08:22:47,535 - WARNING - Duplicate definition detected for word ID 39276: paragos....
2025-03-31 08:22:48,148 - WARNING - Skipping self-relationship for word ID 39385
2025-03-31 08:22:49,024 - WARNING - Duplicate definition detected for word ID 39500: papáya....
2025-03-31 08:22:50,621 - WARNING - Skipping self-relationship for word ID 39749
2025-03-31 08:22:57,399 - INFO - Processed 29000/65336 entries
2025-03-31 08:23:00,798 - WARNING - Skipping self-relationship for word ID 41500
2025-03-31 08:23:00,853 - WARNING - Duplicate definition detected for word ID 40131: kariwasaan....
2025-03-31 08:23:01,676 - WARNING - Skipping self-relationship for word ID 41728
2025-03-31 08:23:01,818 - WARNING - Skipping self-relationship for word ID 41763
2025-03-31 08:23:04,783 - WARNING - Duplicate definition detected for word ID 42328: kidlát....
2025-03-31 08:23:05,523 - INFO - Processed 30000/65336 entries
2025-03-31 08:23:15,606 - INFO - Processed 31000/65336 entries
2025-03-31 08:23:19,811 - WARNING - Skipping self-relationship for word ID 44904
2025-03-31 08:23:23,424 - WARNING - Skipping self-relationship for word ID 45421
2025-03-31 08:23:24,565 - WARNING - Skipping self-relationship for word ID 45550
