2025-03-31 09:25:02,837 - INFO - Starting lookup for word: 'kaon'
2025-03-31 09:25:02,885 - INFO - pg_trgm extension installed: True
2025-03-31 09:25:02,886 - INFO - Executing exact match query for 'kaon'
2025-03-31 09:25:02,898 - INFO - Found 3 exact matches
2025-03-31 09:25:02,899 - INFO - Processing result 1/3
2025-03-31 09:25:02,900 - INFO - Word ID: 327
2025-03-31 09:25:02,900 - INFO - Lemma: kaon
2025-03-31 09:25:02,901 - INFO - Language code: asz
2025-03-31 09:25:02,906 - INFO - Querying pronunciations for word_id 327
2025-03-31 09:25:02,907 - INFO - Found 0 pronunciations
2025-03-31 09:25:02,909 - INFO - Querying etymologies for word_id 327
2025-03-31 09:25:02,911 - INFO - Found 0 etymologies
2025-03-31 09:25:02,911 - INFO - Querying definitions for word_id 327
2025-03-31 09:25:02,918 - INFO - Found 1 definitions
2025-03-31 09:25:02,919 - INFO - Processing definition 1/1
2025-03-31 09:25:02,923 - INFO - Querying relations for word_id 327
2025-03-31 09:25:02,927 - INFO - Found 0 relations
2025-03-31 09:25:02,927 - INFO - No relations found for word ID 327
2025-03-31 09:25:02,929 - INFO - Processing result 2/3
2025-03-31 09:25:02,929 - INFO - Word ID: 1526
2025-03-31 09:25:02,929 - INFO - Lemma: kaon
2025-03-31 09:25:02,930 - INFO - Language code: ceb
2025-03-31 09:25:02,933 - INFO - Querying pronunciations for word_id 1526
2025-03-31 09:25:02,934 - INFO - Found 0 pronunciations
2025-03-31 09:25:02,934 - INFO - Querying etymologies for word_id 1526
2025-03-31 09:25:02,935 - INFO - Found 0 etymologies
2025-03-31 09:25:02,935 - INFO - Querying definitions for word_id 1526
2025-03-31 09:25:02,936 - INFO - Found 1 definitions
2025-03-31 09:25:02,938 - INFO - Processing definition 1/1
2025-03-31 09:25:02,944 - INFO - Querying relations for word_id 1526
2025-03-31 09:25:02,945 - INFO - Found 0 relations
2025-03-31 09:25:02,945 - INFO - No relations found for word ID 1526
2025-03-31 09:25:02,947 - INFO - Processing result 3/3
2025-03-31 09:25:02,948 - INFO - Word ID: 908
2025-03-31 09:25:02,948 - INFO - Lemma: kaon
2025-03-31 09:25:02,948 - INFO - Language code: hil
2025-03-31 09:25:02,951 - INFO - Querying pronunciations for word_id 908
2025-03-31 09:25:02,952 - INFO - Found 0 pronunciations
2025-03-31 09:25:02,952 - INFO - Querying etymologies for word_id 908
2025-03-31 09:25:02,953 - INFO - Found 0 etymologies
2025-03-31 09:25:02,953 - INFO - Querying definitions for word_id 908
2025-03-31 09:25:02,954 - INFO - Found 1 definitions
2025-03-31 09:25:02,955 - INFO - Processing definition 1/1
2025-03-31 09:25:02,963 - INFO - Querying relations for word_id 908
2025-03-31 09:25:02,965 - INFO - Found 0 relations
2025-03-31 09:25:02,965 - INFO - No relations found for word ID 908
2025-03-31 09:25:02,966 - INFO - Database connection closed
