2025-04-04 20:03:39,098 - INFO - Starting table creation/update process.
2025-04-04 20:03:39,651 - INFO - Tables created or updated successfully.
2025-04-04 20:03:39,660 - INFO - Starting processing for Kaikki.org (Tagalog) from ..\data\kaikki.jsonl
2025-04-04 20:03:39,661 - INFO - Processing Kaikki dictionary: ..\data\kaikki.jsonl with source ID: 'kaikki.org (Tagalog)'
2025-04-04 20:03:39,923 - INFO - Found 27964 entries to process in ..\data\kaikki.jsonl
2025-04-04 20:03:39,923 - INFO - Initialized BaybayinRomanizer for script romanization
2025-04-04 20:04:10,392 - ERROR - Database error in get_or_create_word_id (UPSERT) for '-an' (tl) from source 'kaikki.org (Tagalog)': 23514 ERROR:  new row for relation "words" violates check constraint "baybayin_form_regex"
DETAIL:  Failing row contains (9422, -an, -an, t, ◌ᜈ᜔, null, tl, null, null, null, null, null, {"files": ["kaikki.org (Tagalog)"], "last_updated": {"kaikki.org..., {"source_file": "kaikki.jsonl"}, 61f7626af9e970f92ec058f4e5c0897e, null, ["-an"], f, f, f, 'an':1,2, 2025-04-04 20:03:39.961814+08, 2025-04-04 20:03:39.961814+08).

2025-04-04 20:04:10,393 - ERROR - DETAIL (from error): Failing row contains (9422, -an, -an, t, ◌ᜈ᜔, null, tl, null, null, null, null, null, {"files": ["kaikki.org (Tagalog)"], "last_updated": {"kaikki.org..., {"source_file": "kaikki.jsonl"}, 61f7626af9e970f92ec058f4e5c0897e, null, ["-an"], f, f, f, 'an':1,2, 2025-04-04 20:03:39.961814+08, 2025-04-04 20:03:39.961814+08).
2025-04-04 20:04:10,393 - ERROR - Parameters (types shown for complex data): {'lemma': '-an', 'normalized': '-an', 'language_code': 'tl', 'has_baybayin': True, 'baybayin_form': '◌ᜈ᜔', 'romanized_form': None, 'root_word_id': None, 'preferred_spelling': None, 'tags': None, 'source_info': 'Json', 'idioms': None, 'pronunciation_data': None, 'word_metadata': 'Json', 'badlit_form': None, 'hyphenation': 'Json', 'is_proper_noun': False, 'is_abbreviation': False, 'is_initialism': False, 'data_hash': '61f7626af9e970f92ec058f4e5c0897e'}
2025-04-04 20:04:10,393 - ERROR - CRITICAL FAILURE: Could not get/create word_id for '-an' (tl). Error: Failed to get/create word ID for '-an' from source 'kaikki.org (Tagalog)': new row for relation "words" violates check constraint "baybayin_form_regex"
DETAIL:  Failing row contains (9422, -an, -an, t, ◌ᜈ᜔, null, tl, null, null, null, null, null, {"files": ["kaikki.org (Tagalog)"], "last_updated": {"kaikki.org..., {"source_file": "kaikki.jsonl"}, 61f7626af9e970f92ec058f4e5c0897e, null, ["-an"], f, f, f, 'an':1,2, 2025-04-04 20:03:39.961814+08, 2025-04-04 20:03:39.961814+08).
. Skipping entry.
2025-04-04 20:04:10,393 - WARNING - Entry 854 ('-an') failed critical processing step: Word creation failed: Failed to get/create word ID for '-an' from source 'kaikki.org (Tagalog)': new row for relation "words" violates check constraint "baybayin_form_regex"
DETAIL:  Failing row contains (9422, -an, -an, t, ◌ᜈ᜔, null, tl, null, null, null, null, null, {"files": ["kaikki.org (Tagalog)"], "last_updated": {"kaikki.org..., {"source_file": "kaikki.jsonl"}, 61f7626af9e970f92ec058f4e5c0897e, null, ["-an"], f, f, f, 'an':1,2, 2025-04-04 20:03:39.961814+08, 2025-04-04 20:03:39.961814+08).

2025-04-04 20:04:10,395 - ERROR - Database error in get_or_create_word_id (UPSERT) for '-an' (tl) from source 'kaikki.org (Tagalog)': 23514 ERROR:  new row for relation "words" violates check constraint "baybayin_form_regex"
DETAIL:  Failing row contains (9423, -an, -an, t, ◌ᜈ᜔, null, tl, null, null, null, null, null, {"files": ["kaikki.org (Tagalog)"], "last_updated": {"kaikki.org..., {"source_file": "kaikki.jsonl"}, 61f7626af9e970f92ec058f4e5c0897e, null, ["-an"], f, f, f, 'an':1,2, 2025-04-04 20:03:39.961814+08, 2025-04-04 20:03:39.961814+08).

2025-04-04 20:04:10,395 - ERROR - DETAIL (from error): Failing row contains (9423, -an, -an, t, ◌ᜈ᜔, null, tl, null, null, null, null, null, {"files": ["kaikki.org (Tagalog)"], "last_updated": {"kaikki.org..., {"source_file": "kaikki.jsonl"}, 61f7626af9e970f92ec058f4e5c0897e, null, ["-an"], f, f, f, 'an':1,2, 2025-04-04 20:03:39.961814+08, 2025-04-04 20:03:39.961814+08).
2025-04-04 20:04:10,395 - ERROR - Parameters (types shown for complex data): {'lemma': '-an', 'normalized': '-an', 'language_code': 'tl', 'has_baybayin': True, 'baybayin_form': '◌ᜈ᜔', 'romanized_form': None, 'root_word_id': None, 'preferred_spelling': None, 'tags': None, 'source_info': 'Json', 'idioms': None, 'pronunciation_data': None, 'word_metadata': 'Json', 'badlit_form': None, 'hyphenation': 'Json', 'is_proper_noun': False, 'is_abbreviation': False, 'is_initialism': False, 'data_hash': '61f7626af9e970f92ec058f4e5c0897e'}
2025-04-04 20:04:10,395 - ERROR - CRITICAL FAILURE: Could not get/create word_id for '-an' (tl). Error: Failed to get/create word ID for '-an' from source 'kaikki.org (Tagalog)': new row for relation "words" violates check constraint "baybayin_form_regex"
DETAIL:  Failing row contains (9423, -an, -an, t, ◌ᜈ᜔, null, tl, null, null, null, null, null, {"files": ["kaikki.org (Tagalog)"], "last_updated": {"kaikki.org..., {"source_file": "kaikki.jsonl"}, 61f7626af9e970f92ec058f4e5c0897e, null, ["-an"], f, f, f, 'an':1,2, 2025-04-04 20:03:39.961814+08, 2025-04-04 20:03:39.961814+08).
. Skipping entry.
2025-04-04 20:04:10,396 - WARNING - Entry 855 ('-an') failed critical processing step: Word creation failed: Failed to get/create word ID for '-an' from source 'kaikki.org (Tagalog)': new row for relation "words" violates check constraint "baybayin_form_regex"
DETAIL:  Failing row contains (9423, -an, -an, t, ◌ᜈ᜔, null, tl, null, null, null, null, null, {"files": ["kaikki.org (Tagalog)"], "last_updated": {"kaikki.org..., {"source_file": "kaikki.jsonl"}, 61f7626af9e970f92ec058f4e5c0897e, null, ["-an"], f, f, f, 'an':1,2, 2025-04-04 20:03:39.961814+08, 2025-04-04 20:03:39.961814+08).

2025-04-04 20:04:10,397 - ERROR - Database error in get_or_create_word_id (UPSERT) for '-an' (tl) from source 'kaikki.org (Tagalog)': 23514 ERROR:  new row for relation "words" violates check constraint "baybayin_form_regex"
DETAIL:  Failing row contains (9424, -an, -an, t, ◌ᜈ᜔, null, tl, null, null, null, null, null, {"files": ["kaikki.org (Tagalog)"], "last_updated": {"kaikki.org..., {"source_file": "kaikki.jsonl"}, 61f7626af9e970f92ec058f4e5c0897e, null, ["-an"], f, f, f, 'an':1,2, 2025-04-04 20:03:39.961814+08, 2025-04-04 20:03:39.961814+08).

2025-04-04 20:04:10,397 - ERROR - DETAIL (from error): Failing row contains (9424, -an, -an, t, ◌ᜈ᜔, null, tl, null, null, null, null, null, {"files": ["kaikki.org (Tagalog)"], "last_updated": {"kaikki.org..., {"source_file": "kaikki.jsonl"}, 61f7626af9e970f92ec058f4e5c0897e, null, ["-an"], f, f, f, 'an':1,2, 2025-04-04 20:03:39.961814+08, 2025-04-04 20:03:39.961814+08).
2025-04-04 20:04:10,397 - ERROR - Parameters (types shown for complex data): {'lemma': '-an', 'normalized': '-an', 'language_code': 'tl', 'has_baybayin': True, 'baybayin_form': '◌ᜈ᜔', 'romanized_form': None, 'root_word_id': None, 'preferred_spelling': None, 'tags': None, 'source_info': 'Json', 'idioms': None, 'pronunciation_data': None, 'word_metadata': 'Json', 'badlit_form': None, 'hyphenation': 'Json', 'is_proper_noun': False, 'is_abbreviation': False, 'is_initialism': False, 'data_hash': '61f7626af9e970f92ec058f4e5c0897e'}
2025-04-04 20:04:10,398 - ERROR - CRITICAL FAILURE: Could not get/create word_id for '-an' (tl). Error: Failed to get/create word ID for '-an' from source 'kaikki.org (Tagalog)': new row for relation "words" violates check constraint "baybayin_form_regex"
DETAIL:  Failing row contains (9424, -an, -an, t, ◌ᜈ᜔, null, tl, null, null, null, null, null, {"files": ["kaikki.org (Tagalog)"], "last_updated": {"kaikki.org..., {"source_file": "kaikki.jsonl"}, 61f7626af9e970f92ec058f4e5c0897e, null, ["-an"], f, f, f, 'an':1,2, 2025-04-04 20:03:39.961814+08, 2025-04-04 20:03:39.961814+08).
. Skipping entry.
2025-04-04 20:04:10,398 - WARNING - Entry 856 ('-an') failed critical processing step: Word creation failed: Failed to get/create word ID for '-an' from source 'kaikki.org (Tagalog)': new row for relation "words" violates check constraint "baybayin_form_regex"
DETAIL:  Failing row contains (9424, -an, -an, t, ◌ᜈ᜔, null, tl, null, null, null, null, null, {"files": ["kaikki.org (Tagalog)"], "last_updated": {"kaikki.org..., {"source_file": "kaikki.jsonl"}, 61f7626af9e970f92ec058f4e5c0897e, null, ["-an"], f, f, f, 'an':1,2, 2025-04-04 20:03:39.961814+08, 2025-04-04 20:03:39.961814+08).

2025-04-04 20:06:29,398 - ERROR - Database error in get_or_create_word_id (UPSERT) for '-ana' (tl) from source 'kaikki.org (Tagalog)': 23514 ERROR:  new row for relation "words" violates check constraint "baybayin_form_regex"
DETAIL:  Failing row contains (24551, -ana, -ana, t, ◌ᜈ, null, tl, null, null, null, null, null, {"files": ["kaikki.org (Tagalog)"], "last_updated": {"kaikki.org..., {"source_file": "kaikki.jsonl"}, 54cf6b7c3b22b62052caa9864132ce5b, null, ["-a‧na"], f, f, f, 'ana':1,2, 2025-04-04 20:03:39.961814+08, 2025-04-04 20:03:39.961814+08).

2025-04-04 20:06:29,398 - ERROR - DETAIL (from error): Failing row contains (24551, -ana, -ana, t, ◌ᜈ, null, tl, null, null, null, null, null, {"files": ["kaikki.org (Tagalog)"], "last_updated": {"kaikki.org..., {"source_file": "kaikki.jsonl"}, 54cf6b7c3b22b62052caa9864132ce5b, null, ["-a‧na"], f, f, f, 'ana':1,2, 2025-04-04 20:03:39.961814+08, 2025-04-04 20:03:39.961814+08).
2025-04-04 20:06:29,399 - ERROR - Parameters (types shown for complex data): {'lemma': '-ana', 'normalized': '-ana', 'language_code': 'tl', 'has_baybayin': True, 'baybayin_form': '◌ᜈ', 'romanized_form': None, 'root_word_id': None, 'preferred_spelling': None, 'tags': None, 'source_info': 'Json', 'idioms': None, 'pronunciation_data': None, 'word_metadata': 'Json', 'badlit_form': None, 'hyphenation': 'Json', 'is_proper_noun': False, 'is_abbreviation': False, 'is_initialism': False, 'data_hash': '54cf6b7c3b22b62052caa9864132ce5b'}
2025-04-04 20:06:29,399 - ERROR - CRITICAL FAILURE: Could not get/create word_id for '-ana' (tl). Error: Failed to get/create word ID for '-ana' from source 'kaikki.org (Tagalog)': new row for relation "words" violates check constraint "baybayin_form_regex"
DETAIL:  Failing row contains (24551, -ana, -ana, t, ◌ᜈ, null, tl, null, null, null, null, null, {"files": ["kaikki.org (Tagalog)"], "last_updated": {"kaikki.org..., {"source_file": "kaikki.jsonl"}, 54cf6b7c3b22b62052caa9864132ce5b, null, ["-a‧na"], f, f, f, 'ana':1,2, 2025-04-04 20:03:39.961814+08, 2025-04-04 20:03:39.961814+08).
. Skipping entry.
2025-04-04 20:06:29,399 - WARNING - Entry 2223 ('-ana') failed critical processing step: Word creation failed: Failed to get/create word ID for '-ana' from source 'kaikki.org (Tagalog)': new row for relation "words" violates check constraint "baybayin_form_regex"
DETAIL:  Failing row contains (24551, -ana, -ana, t, ◌ᜈ, null, tl, null, null, null, null, null, {"files": ["kaikki.org (Tagalog)"], "last_updated": {"kaikki.org..., {"source_file": "kaikki.jsonl"}, 54cf6b7c3b22b62052caa9864132ce5b, null, ["-a‧na"], f, f, f, 'ana':1,2, 2025-04-04 20:03:39.961814+08, 2025-04-04 20:03:39.961814+08).

2025-04-04 20:07:02,203 - WARNING - Error closing connection: set_session cannot be used inside a transaction
