2025-03-30 20:32:46,293 - INFO - Starting lookup for word: 'law-ay'
2025-03-30 20:32:46,389 - INFO - pg_trgm extension installed: True
2025-03-30 20:32:46,390 - INFO - Executing exact match query for 'law-ay'
2025-03-30 20:32:47,549 - INFO - Found 1 exact matches
2025-03-30 20:32:47,550 - INFO - Processing result 1/1
2025-03-30 20:32:47,552 - INFO - Word ID: 228493
2025-03-30 20:32:47,552 - INFO - Lemma: law-ay
2025-03-30 20:32:47,552 - INFO - Language code: ceb
2025-03-30 20:32:47,560 - INFO - Querying pronunciations for word_id 228493
2025-03-30 20:32:47,565 - INFO - Found 0 pronunciations
2025-03-30 20:32:47,565 - INFO - Querying etymologies for word_id 228493
2025-03-30 20:32:47,589 - INFO - Found 0 etymologies
2025-03-30 20:32:47,589 - INFO - Querying definitions for word_id 228493
2025-03-30 20:32:47,621 - INFO - Found 2 definitions
2025-03-30 20:32:47,622 - INFO - Processing definition 1/2
2025-03-30 20:32:47,625 - INFO - Processing definition 2/2
2025-03-30 20:32:47,627 - INFO - Querying relations for word_id 228493
2025-03-30 20:32:47,656 - INFO - Found 0 relations
2025-03-30 20:32:47,657 - INFO - No relations found for word ID 228493
2025-03-30 20:32:47,659 - INFO - Database connection closed
