2025-04-04 07:27:23,217 - INFO - Starting lookup for word: 'didto'
2025-04-04 07:27:23,305 - INFO - pg_trgm extension installed: True
2025-04-04 07:27:23,306 - INFO - Executing exact match query for 'didto'
2025-04-04 07:27:24,141 - INFO - Found 3 exact matches
2025-04-04 07:27:24,141 - INFO - Processing result 1/3
2025-04-04 07:27:24,141 - INFO - Word ID: 19374
2025-04-04 07:27:24,142 - INFO - Lemma: dídto
2025-04-04 07:27:24,142 - INFO - Language code: tl
2025-04-04 07:27:24,146 - INFO - Querying pronunciations for word_id 19374
2025-04-04 07:27:24,147 - INFO - Found 1 pronunciations
2025-04-04 07:27:24,149 - INFO - Querying etymologies for word_id 19374
2025-04-04 07:27:24,154 - INFO - Found 1 etymologies
2025-04-04 07:27:24,156 - INFO - Querying definitions for word_id 19374
2025-04-04 07:27:24,165 - INFO - Found 1 definitions
2025-04-04 07:27:24,166 - INFO - Processing definition 1/1
2025-04-04 07:27:24,166 - INFO - Querying relations for word_id 19374
2025-04-04 07:27:24,175 - INFO - Found 0 relations
2025-04-04 07:27:24,175 - INFO - No relations found for word ID 19374
2025-04-04 07:27:24,176 - INFO - Processing result 2/3
2025-04-04 07:27:24,176 - INFO - Word ID: 167818
2025-04-04 07:27:24,176 - INFO - Lemma: didto
2025-04-04 07:27:24,176 - INFO - Language code: ceb
2025-04-04 07:27:24,177 - INFO - Querying pronunciations for word_id 167818
2025-04-04 07:27:24,178 - INFO - Found 1 pronunciations
2025-04-04 07:27:24,179 - INFO - Querying etymologies for word_id 167818
2025-04-04 07:27:24,180 - INFO - Found 0 etymologies
2025-04-04 07:27:24,180 - INFO - Querying definitions for word_id 167818
2025-04-04 07:27:24,181 - INFO - Found 3 definitions
2025-04-04 07:27:24,182 - INFO - Processing definition 1/3
2025-04-04 07:27:24,184 - INFO - Processing definition 2/3
2025-04-04 07:27:24,185 - INFO - Processing definition 3/3
2025-04-04 07:27:24,185 - INFO - Querying relations for word_id 167818
2025-04-04 07:27:24,188 - INFO - Found 13 relations
2025-04-04 07:27:24,192 - INFO - Processing result 3/3
2025-04-04 07:27:24,192 - INFO - Word ID: 185491
2025-04-04 07:27:24,192 - INFO - Lemma: didto
2025-04-04 07:27:24,192 - INFO - Language code: hil
2025-04-04 07:27:24,193 - INFO - Querying pronunciations for word_id 185491
2025-04-04 07:27:24,193 - INFO - Found 1 pronunciations
2025-04-04 07:27:24,194 - INFO - Querying etymologies for word_id 185491
2025-04-04 07:27:24,195 - INFO - Found 0 etymologies
2025-04-04 07:27:24,195 - INFO - Querying definitions for word_id 185491
2025-04-04 07:27:24,196 - INFO - Found 1 definitions
2025-04-04 07:27:24,196 - INFO - Processing definition 1/1
2025-04-04 07:27:24,198 - INFO - Querying relations for word_id 185491
2025-04-04 07:27:24,199 - INFO - Found 0 relations
2025-04-04 07:27:24,199 - INFO - No relations found for word ID 185491
2025-04-04 07:27:24,200 - INFO - Database connection closed
