2025-03-30 19:33:30,759 - INFO - Starting lookup for word: 'kalma'
2025-03-30 19:33:30,924 - INFO - pg_trgm extension installed: True
2025-03-30 19:33:30,925 - INFO - Executing exact match query for 'kalma'
2025-03-30 19:33:31,123 - INFO - Found 1 exact matches
2025-03-30 19:33:31,124 - INFO - Processing result 1/1
2025-03-30 19:33:31,124 - INFO - Word ID: 114699
2025-03-30 19:33:31,124 - INFO - Lemma: kalma
2025-03-30 19:33:31,125 - INFO - Language code: tl
2025-03-30 19:33:31,129 - INFO - Querying pronunciations for word_id 114699
2025-03-30 19:33:31,132 - INFO - Found 9 pronunciations
2025-03-30 19:33:31,141 - INFO - Querying etymologies for word_id 114699
2025-03-30 19:33:31,145 - INFO - Found 1 etymologies
2025-03-30 19:33:31,146 - INFO - Querying definitions for word_id 114699
2025-03-30 19:33:31,153 - INFO - Found 5 definitions
2025-03-30 19:33:31,154 - INFO - Processing definition 1/5
2025-03-30 19:33:31,156 - INFO - Processing definition 2/5
2025-03-30 19:33:31,156 - INFO - Processing definition 3/5
2025-03-30 19:33:31,157 - INFO - Processing definition 4/5
2025-03-30 19:33:31,158 - INFO - Processing definition 5/5
2025-03-30 19:33:31,159 - INFO - Querying relations for word_id 114699
2025-03-30 19:33:31,165 - INFO - Found 13 relations
2025-03-30 19:33:31,170 - INFO - Database connection closed
