2025-04-09 12:27:50,677 - INFO - Starting lookup for word: 'sino'
2025-04-09 12:27:50,787 - INFO - pg_trgm extension installed: True
2025-04-09 12:27:50,787 - INFO - Executing exact match query for 'sino'
2025-04-09 12:27:51,314 - INFO - Found 2 exact matches
2025-04-09 12:27:51,315 - INFO - Processing result 1/2
2025-04-09 12:27:51,315 - INFO - Word ID: 72367
2025-04-09 12:27:51,315 - INFO - Lemma: sino
2025-04-09 12:27:51,315 - INFO - Language code: tl
2025-04-09 12:27:51,323 - WARNING - Error parsing tags: Expecting value: line 1 column 1 (char 0)
2025-04-09 12:27:51,326 - INFO - Querying pronunciations for word_id 72367
2025-04-09 12:27:51,328 - INFO - Found 5 pronunciations
2025-04-09 12:27:51,329 - WARNING - Error parsing pronunciation sources: Expecting value: line 1 column 1 (char 0)
2025-04-09 12:27:51,330 - WARNING - Error parsing pronunciation sources: Expecting value: line 1 column 1 (char 0)
2025-04-09 12:27:51,332 - WARNING - Error parsing pronunciation sources: Expecting value: line 1 column 1 (char 0)
2025-04-09 12:27:51,333 - WARNING - Error parsing pronunciation sources: Expecting value: line 1 column 1 (char 0)
2025-04-09 12:27:51,334 - WARNING - Error parsing pronunciation sources: Expecting value: line 1 column 1 (char 0)
2025-04-09 12:27:51,335 - INFO - Querying etymologies for word_id 72367
2025-04-09 12:27:51,342 - INFO - Found 1 etymologies
2025-04-09 12:27:51,345 - INFO - Querying definitions for word_id 72367
2025-04-09 12:27:51,357 - INFO - Found 6 definitions
2025-04-09 12:27:51,359 - INFO - Processing definition 1/6
2025-04-09 12:27:51,360 - INFO - Processing definition 2/6
2025-04-09 12:27:51,361 - INFO - Processing definition 3/6
2025-04-09 12:27:51,363 - INFO - Processing definition 4/6
2025-04-09 12:27:51,363 - INFO - Processing definition 5/6
2025-04-09 12:27:51,364 - INFO - Processing definition 6/6
2025-04-09 12:27:51,365 - INFO - Querying relations for word_id 72367
2025-04-09 12:27:51,381 - INFO - Found 20 relations
2025-04-09 12:27:51,415 - INFO - Processing result 2/2
2025-04-09 12:27:51,416 - INFO - Word ID: 368874
2025-04-09 12:27:51,416 - INFO - Lemma: sino
2025-04-09 12:27:51,417 - INFO - Language code: ceb
2025-04-09 12:27:51,429 - INFO - Querying pronunciations for word_id 368874
2025-04-09 12:27:51,431 - INFO - Found 2 pronunciations
2025-04-09 12:27:51,435 - WARNING - Error parsing pronunciation sources: Expecting value: line 1 column 1 (char 0)
2025-04-09 12:27:51,437 - WARNING - Error parsing pronunciation sources: Expecting value: line 1 column 1 (char 0)
2025-04-09 12:27:51,438 - INFO - Querying etymologies for word_id 368874
2025-04-09 12:27:51,439 - INFO - Found 0 etymologies
2025-04-09 12:27:51,439 - INFO - Querying definitions for word_id 368874
2025-04-09 12:27:51,442 - INFO - Found 1 definitions
2025-04-09 12:27:51,446 - INFO - Processing definition 1/1
2025-04-09 12:27:51,451 - INFO - Querying relations for word_id 368874
2025-04-09 12:27:51,455 - INFO - Found 0 relations
2025-04-09 12:27:51,456 - INFO - No relations found for word ID 368874
2025-04-09 12:27:51,459 - INFO - Database connection closed
