2025-01-16 19:36:33,271 - WARNING - Starting database purge process
2025-01-16 19:36:35,698 - INFO - Attempting database connection...
2025-01-16 19:36:35,699 - INFO - Database configuration:
2025-01-16 19:36:35,699 - INFO -   Database Name: fil_dict_db
2025-01-16 19:36:35,700 - INFO -   User: postgres
2025-01-16 19:36:35,700 - INFO -   Host: localhost
2025-01-16 19:36:35,700 - INFO -   Password: ********
2025-01-16 19:36:35,793 - INFO - Successfully established database connection
2025-01-16 19:36:35,794 - INFO - Disabling triggers...
2025-01-16 19:36:35,809 - INFO - Deleting data from all tables...
2025-01-16 19:36:35,810 - INFO - Purging table: etymologies
2025-01-16 19:36:35,847 - INFO - Purging table: relations
2025-01-16 19:36:35,864 - INFO - Purging table: definitions
2025-01-16 19:36:35,882 - INFO - Purging table: words
2025-01-16 19:36:35,969 - INFO - Resetting sequences...
2025-01-16 19:36:36,043 - INFO - Resetting Baybayin-related columns...
2025-01-16 19:36:36,057 - INFO - Updating language codes documentation...
2025-01-16 19:36:36,062 - INFO - Re-enabling triggers...
2025-01-16 19:36:36,089 - INFO - Database purge completed successfully
2025-01-16 19:36:36,089 - INFO - Database connection closed
