2025-03-30 19:35:31,986 - INFO - Starting lookup for word: 'komshop'
2025-03-30 19:35:32,016 - INFO - pg_trgm extension installed: True
2025-03-30 19:35:32,016 - INFO - Executing exact match query for 'komshop'
2025-03-30 19:35:32,143 - INFO - Found 0 exact matches
2025-03-30 19:35:32,143 - INFO - No exact matches, trying fuzzy search for 'komshop'
2025-03-30 19:35:32,258 - INFO - Found 3 fuzzy matches
2025-03-30 19:35:32,259 - INFO - Fuzzy matches: ['koma', 'koop', 'komo']
2025-03-30 19:35:32,261 - INFO - Processing result 1/3
2025-03-30 19:35:32,262 - INFO - Word ID: 157451
2025-03-30 19:35:32,262 - INFO - Lemma: koma
2025-03-30 19:35:32,263 - INFO - Language code: tl
2025-03-30 19:35:32,264 - INFO - Querying pronunciations for word_id 157451
2025-03-30 19:35:32,265 - INFO - Found 0 pronunciations
2025-03-30 19:35:32,266 - INFO - Querying etymologies for word_id 157451
2025-03-30 19:35:32,268 - INFO - Found 0 etymologies
2025-03-30 19:35:32,268 - INFO - Querying definitions for word_id 157451
2025-03-30 19:35:32,271 - INFO - Found 0 definitions
2025-03-30 19:35:32,271 - INFO - Querying relations for word_id 157451
2025-03-30 19:35:32,273 - INFO - Found 1 relations
2025-03-30 19:35:32,275 - INFO - Processing result 2/3
2025-03-30 19:35:32,275 - INFO - Word ID: 219957
2025-03-30 19:35:32,275 - INFO - Lemma: koop
2025-03-30 19:35:32,275 - INFO - Language code: ceb
2025-03-30 19:35:32,276 - INFO - Querying pronunciations for word_id 219957
2025-03-30 19:35:32,277 - INFO - Found 0 pronunciations
2025-03-30 19:35:32,277 - INFO - Querying etymologies for word_id 219957
2025-03-30 19:35:32,278 - INFO - Found 1 etymologies
2025-03-30 19:35:32,279 - INFO - Querying definitions for word_id 219957
2025-03-30 19:35:32,280 - INFO - Found 2 definitions
2025-03-30 19:35:32,280 - INFO - Processing definition 1/2
2025-03-30 19:35:32,281 - INFO - Processing definition 2/2
2025-03-30 19:35:32,282 - INFO - Querying relations for word_id 219957
2025-03-30 19:35:32,282 - INFO - Found 0 relations
2025-03-30 19:35:32,283 - INFO - No relations found for word ID 219957
2025-03-30 19:35:32,283 - INFO - Processing result 3/3
2025-03-30 19:35:32,283 - INFO - Word ID: 220344
2025-03-30 19:35:32,283 - INFO - Lemma: komo
2025-03-30 19:35:32,283 - INFO - Language code: ceb
2025-03-30 19:35:32,284 - INFO - Querying pronunciations for word_id 220344
2025-03-30 19:35:32,284 - INFO - Found 2 pronunciations
2025-03-30 19:35:32,285 - INFO - Querying etymologies for word_id 220344
2025-03-30 19:35:32,286 - INFO - Found 1 etymologies
2025-03-30 19:35:32,287 - INFO - Querying definitions for word_id 220344
2025-03-30 19:35:32,287 - INFO - Found 1 definitions
2025-03-30 19:35:32,288 - INFO - Processing definition 1/1
2025-03-30 19:35:32,289 - INFO - Querying relations for word_id 220344
2025-03-30 19:35:32,289 - INFO - Found 0 relations
2025-03-30 19:35:32,289 - INFO - No relations found for word ID 220344
2025-03-30 19:35:32,290 - INFO - Database connection closed
