2025-02-28 12:17:15,756 - INFO - Attempting database connection...
2025-02-28 12:17:15,756 - INFO - Database configuration:
2025-02-28 12:17:15,757 - INFO -   Database Name: fil_dict_db
2025-02-28 12:17:15,757 - INFO -   User: postgres
2025-02-28 12:17:15,757 - INFO -   Host: db
2025-02-28 12:17:15,758 - INFO -   Password: ********
2025-02-28 12:17:18,490 - WARNING - Database connection attempt 1 failed, retrying in 1s...
2025-02-28 12:17:19,491 - INFO - Attempting database connection...
2025-02-28 12:17:19,492 - INFO - Database configuration:
2025-02-28 12:17:19,494 - INFO -   Database Name: fil_dict_db
2025-02-28 12:17:19,494 - INFO -   User: postgres
2025-02-28 12:17:19,495 - INFO -   Host: db
2025-02-28 12:17:19,496 - INFO -   Password: ********
2025-02-28 12:17:22,220 - WARNING - Database connection attempt 2 failed, retrying in 2s...
2025-02-28 12:17:24,222 - INFO - Attempting database connection...
2025-02-28 12:17:24,223 - INFO - Database configuration:
2025-02-28 12:17:24,224 - INFO -   Database Name: fil_dict_db
2025-02-28 12:17:24,225 - INFO -   User: postgres
2025-02-28 12:17:24,225 - INFO -   Host: db
2025-02-28 12:17:24,226 - INFO -   Password: ********
2025-02-28 12:17:26,939 - ERROR - Database connection failed after all retries!
2025-02-28 12:17:26,940 - ERROR - Please check:
2025-02-28 12:17:26,940 - ERROR - 1. PostgreSQL service is running
2025-02-28 12:17:26,941 - ERROR - 2. Database credentials in .env file are correct
2025-02-28 12:17:26,942 - ERROR - 3. Database exists and is accessible
2025-02-28 12:17:26,943 - ERROR - Error details: could not translate host name "db" to address: Name or service not known

