2025-03-29 23:44:52,871 - INFO - Looking up word: Namespace(command='lookup', word='mahal', debug=False, format='rich')
2025-03-29 23:44:52,871 - INFO - Word argument value: 'mahal'
2025-03-29 23:44:52,920 - INFO - Normalized word: mahal
2025-03-29 23:44:52,934 - INFO - Database connection test successful
2025-03-29 23:44:52,973 - INFO - Word data fetched: True
2025-03-29 23:44:52,973 - INFO - Beginning to unpack word data
2025-03-29 23:44:52,974 - INFO - Successfully unpacked word data
2025-03-29 23:44:52,974 - INFO - word_id: 108583, lemma: mahal, language_code: tl
2025-03-29 23:44:52,975 - INFO - has_baybayin: False, baybayin_form: None, romanized_form: None
2025-03-29 23:44:52,975 - INFO - preferred_spelling: None, root_word_id: None
2025-03-29 23:44:52,975 - INFO - def_sources type: <class 'list'>, ety_sources type: <class 'list'>
2025-03-29 23:44:52,976 - INFO - tags type: <class 'NoneType'>, source_info type: <class 'dict'>
2025-03-29 23:44:52,976 - INFO - Building basic information tree
2025-03-29 23:44:52,976 - INFO - Adding preferred spelling if available
2025-03-29 23:44:52,977 - INFO - Adding Baybayin form if available
2025-03-29 23:44:52,977 - INFO - Adding root word if available
2025-03-29 23:44:52,977 - INFO - Gathering sources - starting
2025-03-29 23:44:52,977 - INFO - Processing tags
2025-03-29 23:44:52,978 - INFO - Processing source_info
2025-03-29 23:44:52,978 - INFO - Processing def_sources
2025-03-29 23:44:52,978 - INFO - def_sources content: ['kaikki']
2025-03-29 23:44:52,979 - INFO - Processing def_source: kaikki, type: <class 'str'>
2025-03-29 23:44:52,979 - INFO - Processing ety_sources
2025-03-29 23:44:52,979 - INFO - ety_sources content: ['kaikki']
2025-03-29 23:44:52,980 - INFO - Processing ety_source: kaikki, type: <class 'str'>
