2025-02-08 23:06:51,726 - INFO - Attempting database connection...
2025-02-08 23:06:51,727 - INFO - Database configuration:
2025-02-08 23:06:51,728 - INFO -   Database Name: fil_dict_db
2025-02-08 23:06:51,728 - INFO -   User: postgres
2025-02-08 23:06:51,729 - INFO -   Host: localhost
2025-02-08 23:06:51,729 - INFO -   Password: ********
2025-02-08 23:06:51,824 - INFO - Successfully established database connection
2025-02-08 23:06:51,825 - INFO - Setting up PostgreSQL extensions...
2025-02-08 23:06:51,826 - INFO - Checking extension: pg_trgm
2025-02-08 23:06:51,833 - INFO - Extension already installed: pg_trgm
2025-02-08 23:06:51,833 - INFO - Checking extension: unaccent
2025-02-08 23:06:51,834 - INFO - Extension already installed: unaccent
2025-02-08 23:06:51,835 - INFO - Checking extension: fuzzystrmatch
2025-02-08 23:06:51,836 - INFO - Extension already installed: fuzzystrmatch
2025-02-08 23:06:51,837 - INFO - Extensions setup completed
2025-02-08 23:06:51,837 - INFO - Starting table creation/update process.
2025-02-08 23:06:51,867 - INFO - Tables created or updated successfully.
2025-02-08 23:06:51,875 - INFO - Processing Tagalog words from: data/tagalog-words.json
2025-02-08 23:11:38,086 - INFO - Processing root words from: data/root_words_with_associated_words_cleaned.json
2025-02-08 23:13:06,606 - INFO - Processing KWF dictionary from: data/kwf_dictionary.json
2025-02-08 23:17:17,351 - INFO - Starting to process Kaikki file: data/kaikki.jsonl
2025-02-08 23:22:04,783 - INFO - Starting to process Kaikki file: data/kaikki-ceb.jsonl
2025-02-08 23:23:29,743 - INFO - Processing Baybayin entries...
2025-02-08 23:23:29,806 - INFO - Updating Baybayin entry (ID: 95386) with cleaned form
2025-02-08 23:23:29,819 - INFO - Updating Baybayin entry (ID: 98927) with cleaned form
2025-02-08 23:23:29,821 - INFO - Updating Baybayin entry (ID: 103713) with cleaned form
2025-02-08 23:23:29,822 - INFO - Updating Baybayin entry (ID: 103785) with cleaned form
2025-02-08 23:23:29,831 - INFO - Updating Baybayin entry (ID: 103786) with cleaned form
2025-02-08 23:23:29,833 - INFO - Updating Baybayin entry (ID: 103788) with cleaned form
2025-02-08 23:23:29,834 - INFO - Updating Baybayin entry (ID: 103789) with cleaned form
2025-02-08 23:23:29,834 - INFO - Updating Baybayin entry (ID: 103790) with cleaned form
2025-02-08 23:23:29,838 - INFO - Updating Baybayin entry (ID: 103791) with cleaned form
2025-02-08 23:23:29,841 - INFO - Updating Baybayin entry (ID: 103792) with cleaned form
2025-02-08 23:23:29,843 - INFO - Updating Baybayin entry (ID: 103793) with cleaned form
2025-02-08 23:23:29,844 - INFO - Updating Baybayin entry (ID: 103794) with cleaned form
2025-02-08 23:23:29,845 - INFO - Updating Baybayin entry (ID: 104894) with cleaned form
2025-02-08 23:23:29,847 - INFO - Updating Baybayin entry (ID: 107186) with cleaned form
2025-02-08 23:23:29,849 - INFO - Updating Baybayin entry (ID: 107311) with cleaned form
2025-02-08 23:23:29,850 - INFO - Updating Baybayin entry (ID: 107473) with cleaned form
2025-02-08 23:23:29,851 - INFO - Updating Baybayin entry (ID: 123825) with cleaned form
2025-02-08 23:23:29,851 - INFO - Updating Baybayin entry (ID: 123841) with cleaned form
2025-02-08 23:23:29,852 - INFO - Updating Baybayin entry (ID: 124212) with cleaned form
2025-02-08 23:23:29,855 - INFO - Updating Baybayin entry (ID: 124214) with cleaned form
2025-02-08 23:23:29,856 - INFO - Updating Baybayin entry (ID: 124215) with cleaned form
2025-02-08 23:23:29,857 - INFO - Updating Baybayin entry (ID: 124216) with cleaned form
2025-02-08 23:23:29,858 - INFO - Updating Baybayin entry (ID: 124217) with cleaned form
2025-02-08 23:23:29,859 - INFO - Updating Baybayin entry (ID: 124219) with cleaned form
2025-02-08 23:23:29,861 - INFO - Updating Baybayin entry (ID: 124220) with cleaned form
2025-02-08 23:23:29,862 - INFO - Updating Baybayin entry (ID: 124224) with cleaned form
2025-02-08 23:23:29,862 - INFO - Updating Baybayin entry (ID: 124225) with cleaned form
2025-02-08 23:23:33,160 - INFO - Baybayin data cleanup completed successfully
2025-02-08 23:23:33,161 - INFO - Migration completed successfully
