2025-01-16 19:18:02,199 - WARNING - Starting database purge process
2025-01-16 19:18:03,809 - INFO - Attempting database connection...
2025-01-16 19:18:03,810 - INFO - Database configuration:
2025-01-16 19:18:03,810 - INFO -   Database Name: fil_dict_db
2025-01-16 19:18:03,810 - INFO -   User: postgres
2025-01-16 19:18:03,810 - INFO -   Host: localhost
2025-01-16 19:18:03,810 - INFO -   Password: ********
2025-01-16 19:18:03,852 - INFO - Successfully established database connection
2025-01-16 19:18:03,852 - INFO - Disabling triggers...
2025-01-16 19:18:03,915 - INFO - Deleting data from all tables...
2025-01-16 19:18:03,915 - INFO - Purging table: etymologies
2025-01-16 19:18:04,124 - INFO - Purging table: relations
2025-01-16 19:18:04,133 - INFO - Purging table: definitions
2025-01-16 19:18:04,139 - INFO - Purging table: words
2025-01-16 19:18:04,172 - INFO - Resetting sequences...
2025-01-16 19:18:04,211 - INFO - Resetting Baybayin-related columns...
2025-01-16 19:18:04,217 - INFO - Updating language codes documentation...
2025-01-16 19:18:04,219 - INFO - Re-enabling triggers...
2025-01-16 19:18:04,230 - INFO - Database purge completed successfully
2025-01-16 19:18:04,230 - INFO - Database connection closed
