2025-04-05 11:09:11,402 - INFO - Starting lookup for word: 'harot'
2025-04-05 11:09:11,483 - INFO - pg_trgm extension installed: True
2025-04-05 11:09:11,484 - INFO - Executing exact match query for 'harot'
2025-04-05 11:09:11,785 - INFO - Found 1 exact matches
2025-04-05 11:09:11,785 - INFO - Processing result 1/1
2025-04-05 11:09:11,786 - INFO - Word ID: 38587
2025-04-05 11:09:11,787 - INFO - Lemma: harot
2025-04-05 11:09:11,787 - INFO - Language code: tl
2025-04-05 11:09:11,794 - INFO - Querying pronunciations for word_id 38587
2025-04-05 11:09:11,795 - INFO - Found 4 pronunciations
2025-04-05 11:09:11,799 - WARNING - Error parsing pronunciation sources: Expecting value: line 1 column 1 (char 0)
2025-04-05 11:09:11,800 - WARNING - Error parsing pronunciation sources: Expecting value: line 1 column 1 (char 0)
2025-04-05 11:09:11,802 - WARNING - Error parsing pronunciation sources: Expecting value: line 1 column 1 (char 0)
2025-04-05 11:09:11,803 - WARNING - Error parsing pronunciation sources: Expecting value: line 1 column 1 (char 0)
2025-04-05 11:09:11,803 - INFO - Querying etymologies for word_id 38587
2025-04-05 11:09:11,808 - INFO - Found 0 etymologies
2025-04-05 11:09:11,809 - INFO - Querying definitions for word_id 38587
2025-04-05 11:09:11,816 - INFO - Found 10 definitions
2025-04-05 11:09:11,818 - INFO - Processing definition 1/10
2025-04-05 11:09:11,819 - INFO - Processing definition 2/10
2025-04-05 11:09:11,821 - INFO - Processing definition 3/10
2025-04-05 11:09:11,822 - INFO - Processing definition 4/10
2025-04-05 11:09:11,825 - INFO - Processing definition 5/10
2025-04-05 11:09:11,826 - INFO - Processing definition 6/10
2025-04-05 11:09:11,827 - INFO - Processing definition 7/10
2025-04-05 11:09:11,829 - INFO - Processing definition 8/10
2025-04-05 11:09:11,829 - INFO - Processing definition 9/10
2025-04-05 11:09:11,830 - INFO - Processing definition 10/10
2025-04-05 11:09:11,831 - INFO - Querying relations for word_id 38587
2025-04-05 11:09:11,837 - INFO - Found 27 relations
2025-04-05 11:09:11,857 - INFO - Database connection closed
