2025-04-05 20:45:43,573 - INFO - Starting lookup for word: 'damot'
2025-04-05 20:45:43,658 - INFO - pg_trgm extension installed: True
2025-04-05 20:45:43,659 - INFO - Executing exact match query for 'damot'
2025-04-05 20:45:44,452 - INFO - Found 2 exact matches
2025-04-05 20:45:44,453 - INFO - Processing result 1/2
2025-04-05 20:45:44,453 - INFO - Word ID: 23388
2025-04-05 20:45:44,453 - INFO - Lemma: damot
2025-04-05 20:45:44,454 - INFO - Language code: tl
2025-04-05 20:45:44,464 - INFO - Querying pronunciations for word_id 23388
2025-04-05 20:45:44,466 - INFO - Found 4 pronunciations
2025-04-05 20:45:44,469 - WARNING - Error parsing pronunciation sources: Expecting value: line 1 column 1 (char 0)
2025-04-05 20:45:44,473 - WARNING - Error parsing pronunciation sources: Expecting value: line 1 column 1 (char 0)
2025-04-05 20:45:44,477 - WARNING - Error parsing pronunciation sources: Expecting value: line 1 column 1 (char 0)
2025-04-05 20:45:44,479 - WARNING - Error parsing pronunciation sources: Expecting value: line 1 column 1 (char 0)
2025-04-05 20:45:44,479 - INFO - Querying etymologies for word_id 23388
2025-04-05 20:45:44,488 - INFO - Found 1 etymologies
2025-04-05 20:45:44,491 - INFO - Querying definitions for word_id 23388
2025-04-05 20:45:44,506 - INFO - Found 7 definitions
2025-04-05 20:45:44,507 - INFO - Processing definition 1/7
2025-04-05 20:45:44,509 - INFO - Processing definition 2/7
2025-04-05 20:45:44,510 - INFO - Processing definition 3/7
2025-04-05 20:45:44,511 - INFO - Processing definition 4/7
2025-04-05 20:45:44,512 - INFO - Processing definition 5/7
2025-04-05 20:45:44,513 - INFO - Processing definition 6/7
2025-04-05 20:45:44,514 - INFO - Processing definition 7/7
2025-04-05 20:45:44,515 - INFO - Querying relations for word_id 23388
2025-04-05 20:45:44,531 - INFO - Found 31 relations
2025-04-05 20:45:44,557 - INFO - Processing result 2/2
2025-04-05 20:45:44,557 - INFO - Word ID: 385853
2025-04-05 20:45:44,557 - INFO - Lemma: damot
2025-04-05 20:45:44,558 - INFO - Language code: asz
2025-04-05 20:45:44,562 - INFO - Querying pronunciations for word_id 385853
2025-04-05 20:45:44,564 - INFO - Found 0 pronunciations
2025-04-05 20:45:44,564 - INFO - Querying etymologies for word_id 385853
2025-04-05 20:45:44,565 - INFO - Found 0 etymologies
2025-04-05 20:45:44,566 - INFO - Querying definitions for word_id 385853
2025-04-05 20:45:44,569 - INFO - Found 1 definitions
2025-04-05 20:45:44,570 - INFO - Processing definition 1/1
2025-04-05 20:45:44,574 - INFO - Querying relations for word_id 385853
2025-04-05 20:45:44,576 - INFO - Found 0 relations
2025-04-05 20:45:44,577 - INFO - No relations found for word ID 385853
2025-04-05 20:45:44,578 - INFO - Database connection closed
