2025-02-28 12:21:34,399 - INFO - Attempting database connection...
2025-02-28 12:21:34,400 - INFO - Database configuration:
2025-02-28 12:21:34,401 - INFO -   Database Name: fil_dict_db
2025-02-28 12:21:34,401 - INFO -   User: postgres
2025-02-28 12:21:34,401 - INFO -   Host: db
2025-02-28 12:21:34,402 - INFO -   Port: 5432
2025-02-28 12:21:34,402 - INFO -   Password: ********
2025-02-28 12:21:37,128 - WARNING - Database connection attempt 1 failed, retrying in 1s...
2025-02-28 12:21:38,130 - INFO - Attempting database connection...
2025-02-28 12:21:38,131 - INFO - Database configuration:
2025-02-28 12:21:38,133 - INFO -   Database Name: fil_dict_db
2025-02-28 12:21:38,134 - INFO -   User: postgres
2025-02-28 12:21:38,134 - INFO -   Host: db
2025-02-28 12:21:38,134 - INFO -   Port: 5432
2025-02-28 12:21:38,135 - INFO -   Password: ********
2025-02-28 12:21:40,837 - WARNING - Database connection attempt 2 failed, retrying in 2s...
2025-02-28 12:21:42,838 - INFO - Attempting database connection...
2025-02-28 12:21:42,839 - INFO - Database configuration:
2025-02-28 12:21:42,839 - INFO -   Database Name: fil_dict_db
2025-02-28 12:21:42,840 - INFO -   User: postgres
2025-02-28 12:21:42,840 - INFO -   Host: db
2025-02-28 12:21:42,840 - INFO -   Port: 5432
2025-02-28 12:21:42,841 - INFO -   Password: ********
2025-02-28 12:21:45,563 - ERROR - Database connection failed after all retries!
2025-02-28 12:21:45,563 - ERROR - Please check:
2025-02-28 12:21:45,564 - ERROR - 1. PostgreSQL service is running
2025-02-28 12:21:45,564 - ERROR - 2. Database credentials in .env file are correct
2025-02-28 12:21:45,565 - ERROR - 3. Database exists and is accessible
2025-02-28 12:21:45,565 - ERROR - Error details: could not translate host name "db" to address: Name or service not known

