2025-04-04 12:59:02,902 - ERROR - Error generating overall statistics: current transaction is aborted, commands ignored until end of transaction block

2025-04-04 12:59:02,905 - ERROR - Error generating definition statistics: current transaction is aborted, commands ignored until end of transaction block

2025-04-04 12:59:02,906 - ERROR - Error generating etymology statistics: current transaction is aborted, commands ignored until end of transaction block

2025-04-04 12:59:02,907 - ERROR - Error generating Baybayin statistics: current transaction is aborted, commands ignored until end of transaction block
Traceback (most recent call last):
  File "C:\fil-relex\backend\dictionary_manager.py", line 10979, in display_leaderboard
    cur.execute(
    ~~~~~~~~~~~^
        """
        ^^^
    ...<4 lines>...
    """
    ^^^
    )
    ^
psycopg2.errors.InFailedSqlTransaction: current transaction is aborted, commands ignored until end of transaction block

2025-04-04 12:59:02,911 - ERROR - Error generating relationship statistics: Transaction aborted in previous step. Cannot proceed.
Traceback (most recent call last):
  File "C:\fil-relex\backend\dictionary_manager.py", line 11168, in display_leaderboard
    raise Exception("Transaction aborted in previous step. Cannot proceed.")
Exception: Transaction aborted in previous step. Cannot proceed.
