2025-04-02 19:14:23,490 - INFO - Starting table creation/update process.
2025-04-02 19:14:23,718 - INFO - Tables created or updated successfully.
2025-04-02 19:14:23,723 - INFO - Processing Marayum dictionaries from directory: ..\data\marayum_dictionaries
2025-04-02 19:14:23,724 - INFO - Processing Marayum file: ..\data\marayum_dictionaries\onhan-english_processed.json with source: onhan-english_processed.json
2025-04-02 19:14:23,725 - ERROR - Marayum file ..\data\marayum_dictionaries\onhan-english_processed.json does not contain a list of entries.
2025-04-02 19:14:23,726 - WARNING - No entries processed from onhan-english_processed.json
2025-04-02 19:14:23,727 - INFO - Processing Marayum file: ..\data\marayum_dictionaries\waray-english_processed.json with source: waray-english_processed.json
2025-04-02 19:14:23,728 - ERROR - Marayum file ..\data\marayum_dictionaries\waray-english_processed.json does not contain a list of entries.
2025-04-02 19:14:23,728 - WARNING - No entries processed from waray-english_processed.json
2025-04-02 19:14:23,729 - INFO - Processing Marayum file: ..\data\marayum_dictionaries\ibanag-english_processed.json with source: ibanag-english_processed.json
2025-04-02 19:14:23,729 - ERROR - Marayum file ..\data\marayum_dictionaries\ibanag-english_processed.json does not contain a list of entries.
2025-04-02 19:14:23,730 - WARNING - No entries processed from ibanag-english_processed.json
2025-04-02 19:14:23,730 - INFO - Processing Marayum file: ..\data\marayum_dictionaries\iranon-english_processed.json with source: iranon-english_processed.json
2025-04-02 19:14:23,730 - ERROR - Marayum file ..\data\marayum_dictionaries\iranon-english_processed.json does not contain a list of entries.
2025-04-02 19:14:23,731 - WARNING - No entries processed from iranon-english_processed.json
2025-04-02 19:14:23,731 - INFO - Processing Marayum file: ..\data\marayum_dictionaries\itawis-english_processed.json with source: itawis-english_processed.json
2025-04-02 19:14:23,732 - ERROR - Marayum file ..\data\marayum_dictionaries\itawis-english_processed.json does not contain a list of entries.
2025-04-02 19:14:23,732 - WARNING - No entries processed from itawis-english_processed.json
2025-04-02 19:14:23,732 - INFO - Processing Marayum file: ..\data\marayum_dictionaries\ivatan-english_processed.json with source: ivatan-english_processed.json
2025-04-02 19:14:23,733 - ERROR - Marayum file ..\data\marayum_dictionaries\ivatan-english_processed.json does not contain a list of entries.
2025-04-02 19:14:23,733 - WARNING - No entries processed from ivatan-english_processed.json
2025-04-02 19:14:23,733 - INFO - Processing Marayum file: ..\data\marayum_dictionaries\manide-english_processed.json with source: manide-english_processed.json
2025-04-02 19:14:23,734 - ERROR - Marayum file ..\data\marayum_dictionaries\manide-english_processed.json does not contain a list of entries.
2025-04-02 19:14:23,734 - WARNING - No entries processed from manide-english_processed.json
2025-04-02 19:14:23,734 - INFO - Processing Marayum file: ..\data\marayum_dictionaries\gaddang-english_processed.json with source: gaddang-english_processed.json
2025-04-02 19:14:23,734 - ERROR - Marayum file ..\data\marayum_dictionaries\gaddang-english_processed.json does not contain a list of entries.
2025-04-02 19:14:23,734 - WARNING - No entries processed from gaddang-english_processed.json
2025-04-02 19:14:23,734 - INFO - Processing Marayum file: ..\data\marayum_dictionaries\cuyonon-english_processed.json with source: cuyonon-english_processed.json
2025-04-02 19:14:23,735 - ERROR - Marayum file ..\data\marayum_dictionaries\cuyonon-english_processed.json does not contain a list of entries.
2025-04-02 19:14:23,735 - WARNING - No entries processed from cuyonon-english_processed.json
2025-04-02 19:14:23,735 - INFO - Processing Marayum file: ..\data\marayum_dictionaries\ilocano-english_processed.json with source: ilocano-english_processed.json
2025-04-02 19:14:23,735 - ERROR - Marayum file ..\data\marayum_dictionaries\ilocano-english_processed.json does not contain a list of entries.
2025-04-02 19:14:23,735 - WARNING - No entries processed from ilocano-english_processed.json
2025-04-02 19:14:23,735 - INFO - Processing Marayum file: ..\data\marayum_dictionaries\pangasinan-english_processed.json with source: pangasinan-english_processed.json
2025-04-02 19:14:23,735 - ERROR - Marayum file ..\data\marayum_dictionaries\pangasinan-english_processed.json does not contain a list of entries.
2025-04-02 19:14:23,736 - WARNING - No entries processed from pangasinan-english_processed.json
2025-04-02 19:14:23,736 - INFO - Processing Marayum file: ..\data\marayum_dictionaries\bikol-albay-english_processed.json with source: bikol-albay-english_processed.json
2025-04-02 19:14:23,736 - ERROR - Marayum file ..\data\marayum_dictionaries\bikol-albay-english_processed.json does not contain a list of entries.
2025-04-02 19:14:23,736 - WARNING - No entries processed from bikol-albay-english_processed.json
2025-04-02 19:14:23,736 - INFO - Processing Marayum file: ..\data\marayum_dictionaries\bikol-libon-english_processed.json with source: bikol-libon-english_processed.json
2025-04-02 19:14:23,736 - ERROR - Marayum file ..\data\marayum_dictionaries\bikol-libon-english_processed.json does not contain a list of entries.
2025-04-02 19:14:23,736 - WARNING - No entries processed from bikol-libon-english_processed.json
2025-04-02 19:14:23,736 - INFO - Processing Marayum file: ..\data\marayum_dictionaries\kapampangan-english_processed.json with source: kapampangan-english_processed.json
2025-04-02 19:14:23,737 - ERROR - Marayum file ..\data\marayum_dictionaries\kapampangan-english_processed.json does not contain a list of entries.
2025-04-02 19:14:23,737 - WARNING - No entries processed from kapampangan-english_processed.json
2025-04-02 19:14:23,737 - INFO - Processing Marayum file: ..\data\marayum_dictionaries\bikol-miraya-english_processed.json with source: bikol-miraya-english_processed.json
2025-04-02 19:14:23,737 - ERROR - Marayum file ..\data\marayum_dictionaries\bikol-miraya-english_processed.json does not contain a list of entries.
2025-04-02 19:14:23,737 - WARNING - No entries processed from bikol-miraya-english_processed.json
2025-04-02 19:14:23,737 - INFO - Processing Marayum file: ..\data\marayum_dictionaries\maguindanaon-english_processed.json with source: maguindanaon-english_processed.json
2025-04-02 19:14:23,737 - ERROR - Marayum file ..\data\marayum_dictionaries\maguindanaon-english_processed.json does not contain a list of entries.
2025-04-02 19:14:23,738 - WARNING - No entries processed from maguindanaon-english_processed.json
2025-04-02 19:14:23,738 - INFO - Processing Marayum file: ..\data\marayum_dictionaries\bikol-partido-english_processed.json with source: bikol-partido-english_processed.json
2025-04-02 19:14:23,738 - ERROR - Marayum file ..\data\marayum_dictionaries\bikol-partido-english_processed.json does not contain a list of entries.
2025-04-02 19:14:23,738 - WARNING - No entries processed from bikol-partido-english_processed.json
2025-04-02 19:14:23,738 - INFO - Processing Marayum file: ..\data\marayum_dictionaries\isneg-yapayao-english_processed.json with source: isneg-yapayao-english_processed.json
2025-04-02 19:14:23,738 - ERROR - Marayum file ..\data\marayum_dictionaries\isneg-yapayao-english_processed.json does not contain a list of entries.
2025-04-02 19:14:23,738 - WARNING - No entries processed from isneg-yapayao-english_processed.json
2025-04-02 19:14:23,738 - INFO - Processing Marayum file: ..\data\marayum_dictionaries\bikol-rinconada-english_processed.json with source: bikol-rinconada-english_processed.json
2025-04-02 19:14:23,739 - ERROR - Marayum file ..\data\marayum_dictionaries\bikol-rinconada-english_processed.json does not contain a list of entries.
2025-04-02 19:14:23,739 - WARNING - No entries processed from bikol-rinconada-english_processed.json
2025-04-02 19:14:23,739 - INFO - Processing Marayum file: ..\data\marayum_dictionaries\blaan-koronadal-english_processed.json with source: blaan-koronadal-english_processed.json
2025-04-02 19:14:23,739 - ERROR - Marayum file ..\data\marayum_dictionaries\blaan-koronadal-english_processed.json does not contain a list of entries.
2025-04-02 19:14:23,739 - WARNING - No entries processed from blaan-koronadal-english_processed.json
2025-04-02 19:14:23,739 - INFO - Processing Marayum file: ..\data\marayum_dictionaries\blaan-sarangani-english_processed.json with source: blaan-sarangani-english_processed.json
2025-04-02 19:14:23,739 - ERROR - Marayum file ..\data\marayum_dictionaries\blaan-sarangani-english_processed.json does not contain a list of entries.
2025-04-02 19:14:23,740 - WARNING - No entries processed from blaan-sarangani-english_processed.json
2025-04-02 19:14:23,740 - INFO - Processing Marayum file: ..\data\marayum_dictionaries\bikol-west-albay-english_processed.json with source: bikol-west-albay-english_processed.json
2025-04-02 19:14:23,741 - ERROR - Marayum file ..\data\marayum_dictionaries\bikol-west-albay-english_processed.json does not contain a list of entries.
2025-04-02 19:14:23,741 - WARNING - No entries processed from bikol-west-albay-english_processed.json
2025-04-02 19:14:23,741 - INFO - Processing Marayum file: ..\data\marayum_dictionaries\manobo-erumanen-english_processed.json with source: manobo-erumanen-english_processed.json
2025-04-02 19:14:23,742 - ERROR - Marayum file ..\data\marayum_dictionaries\manobo-erumanen-english_processed.json does not contain a list of entries.
2025-04-02 19:14:23,742 - WARNING - No entries processed from manobo-erumanen-english_processed.json
2025-04-02 19:14:23,742 - INFO - Processing Marayum file: ..\data\marayum_dictionaries\cebuano-cotabato-english_processed.json with source: cebuano-cotabato-english_processed.json
2025-04-02 19:14:23,743 - ERROR - Marayum file ..\data\marayum_dictionaries\cebuano-cotabato-english_processed.json does not contain a list of entries.
2025-04-02 19:14:23,743 - WARNING - No entries processed from cebuano-cotabato-english_processed.json
2025-04-02 19:14:23,743 - INFO - Processing Marayum file: ..\data\marayum_dictionaries\tagalog-marinduque-english_processed.json with source: tagalog-marinduque-english_processed.json
2025-04-02 19:14:23,743 - ERROR - Marayum file ..\data\marayum_dictionaries\tagalog-marinduque-english_processed.json does not contain a list of entries.
2025-04-02 19:14:23,743 - WARNING - No entries processed from tagalog-marinduque-english_processed.json
2025-04-02 19:14:23,743 - INFO - Processing Marayum file: ..\data\marayum_dictionaries\hiligaynon-cotabato-english_processed.json with source: hiligaynon-cotabato-english_processed.json
2025-04-02 19:14:23,744 - ERROR - Marayum file ..\data\marayum_dictionaries\hiligaynon-cotabato-english_processed.json does not contain a list of entries.
2025-04-02 19:14:23,744 - WARNING - No entries processed from hiligaynon-cotabato-english_processed.json
2025-04-02 19:14:23,744 - INFO - Processing Marayum file: ..\data\marayum_dictionaries\ifugao-tuwali-ihapo-english_processed.json with source: ifugao-tuwali-ihapo-english_processed.json
2025-04-02 19:14:23,745 - ERROR - Marayum file ..\data\marayum_dictionaries\ifugao-tuwali-ihapo-english_processed.json does not contain a list of entries.
2025-04-02 19:14:23,745 - WARNING - No entries processed from ifugao-tuwali-ihapo-english_processed.json
2025-04-02 19:14:23,745 - INFO - Processing Marayum file: ..\data\marayum_dictionaries\bikol-northern-catanduanes-english_processed.json with source: bikol-northern-catanduanes-english_processed.json
2025-04-02 19:14:23,745 - ERROR - Marayum file ..\data\marayum_dictionaries\bikol-northern-catanduanes-english_processed.json does not contain a list of entries.
2025-04-02 19:14:23,745 - WARNING - No entries processed from bikol-northern-catanduanes-english_processed.json
2025-04-02 19:14:23,745 - INFO - Processing Marayum file: ..\data\marayum_dictionaries\bikol-southern-catanduanes-english_processed.json with source: bikol-southern-catanduanes-english_processed.json
2025-04-02 19:14:23,745 - ERROR - Marayum file ..\data\marayum_dictionaries\bikol-southern-catanduanes-english_processed.json does not contain a list of entries.
2025-04-02 19:14:23,746 - WARNING - No entries processed from bikol-southern-catanduanes-english_processed.json
2025-04-02 19:14:23,746 - INFO - Processing Marayum file: ..\data\marayum_dictionaries\chavacano-english_processed.json with source: chavacano-english_processed.json
2025-04-02 19:14:23,746 - ERROR - Marayum file ..\data\marayum_dictionaries\chavacano-english_processed.json does not contain a list of entries.
2025-04-02 19:14:23,746 - WARNING - No entries processed from chavacano-english_processed.json
2025-04-02 19:14:23,746 - INFO - Processing Marayum file: ..\data\marayum_dictionaries\masbatenyo-english_processed.json with source: masbatenyo-english_processed.json
2025-04-02 19:14:23,746 - ERROR - Marayum file ..\data\marayum_dictionaries\masbatenyo-english_processed.json does not contain a list of entries.
2025-04-02 19:14:23,746 - WARNING - No entries processed from masbatenyo-english_processed.json
2025-04-02 19:14:23,747 - INFO - Processing Marayum file: ..\data\marayum_dictionaries\bikol-central-english_processed.json with source: bikol-central-english_processed.json
2025-04-02 19:14:23,747 - ERROR - Marayum file ..\data\marayum_dictionaries\bikol-central-english_processed.json does not contain a list of entries.
2025-04-02 19:14:23,747 - WARNING - No entries processed from bikol-central-english_processed.json
2025-04-02 19:14:23,747 - INFO - Processing Marayum file: ..\data\marayum_dictionaries\aklanon-english_processed.json with source: aklanon-english_processed.json
2025-04-02 19:14:23,747 - ERROR - Marayum file ..\data\marayum_dictionaries\aklanon-english_processed.json does not contain a list of entries.
2025-04-02 19:14:23,747 - WARNING - No entries processed from aklanon-english_processed.json
2025-04-02 19:14:23,747 - INFO - Processing Marayum file: ..\data\marayum_dictionaries\surigaonon-english_processed.json with source: surigaonon-english_processed.json
2025-04-02 19:14:23,748 - ERROR - Marayum file ..\data\marayum_dictionaries\surigaonon-english_processed.json does not contain a list of entries.
2025-04-02 19:14:23,748 - WARNING - No entries processed from surigaonon-english_processed.json
2025-04-02 19:14:23,748 - INFO - Processing Marayum file: ..\data\marayum_dictionaries\bikol-boienen-english_processed.json with source: bikol-boienen-english_processed.json
2025-04-02 19:14:23,750 - ERROR - Marayum file ..\data\marayum_dictionaries\bikol-boienen-english_processed.json does not contain a list of entries.
2025-04-02 19:14:23,750 - WARNING - No entries processed from bikol-boienen-english_processed.json
2025-04-02 19:14:23,751 - INFO - Processing Marayum file: ..\data\marayum_dictionaries\asi-english_processed.json with source: asi-english_processed.json
2025-04-02 19:14:23,755 - ERROR - Marayum file ..\data\marayum_dictionaries\asi-english_processed.json does not contain a list of entries.
2025-04-02 19:14:23,755 - WARNING - No entries processed from asi-english_processed.json
2025-04-02 19:14:23,756 - INFO - Processing Marayum file: ..\data\marayum_dictionaries\hiligaynon-english_processed.json with source: hiligaynon-english_processed.json
2025-04-02 19:14:23,765 - ERROR - Marayum file ..\data\marayum_dictionaries\hiligaynon-english_processed.json does not contain a list of entries.
2025-04-02 19:14:23,766 - WARNING - No entries processed from hiligaynon-english_processed.json
2025-04-02 19:14:23,766 - INFO - Processing Marayum file: ..\data\marayum_dictionaries\cebuano-english_processed.json with source: cebuano-english_processed.json
2025-04-02 19:14:23,773 - ERROR - Marayum file ..\data\marayum_dictionaries\cebuano-english_processed.json does not contain a list of entries.
2025-04-02 19:14:23,774 - WARNING - No entries processed from cebuano-english_processed.json
2025-04-02 19:14:23,774 - INFO - Processing Marayum file: ..\data\marayum_dictionaries\kinaray-a-english_processed.json with source: kinaray-a-english_processed.json
2025-04-02 19:14:23,782 - ERROR - Marayum file ..\data\marayum_dictionaries\kinaray-a-english_processed.json does not contain a list of entries.
2025-04-02 19:14:23,783 - WARNING - No entries processed from kinaray-a-english_processed.json
2025-04-02 19:14:23,783 - INFO - Completed processing Marayum dictionaries:
2025-04-02 19:14:23,784 - INFO -   Files processed: 0
2025-04-02 19:14:23,784 - INFO -   Files skipped: 39
2025-04-02 19:14:23,785 - INFO -   Total entries processed: 0
2025-04-02 19:14:23,785 - INFO -   Total errors encountered: 39
