2025-01-16 19:37:42,154 - WARNING - Starting database purge process
2025-01-16 19:37:44,462 - INFO - Attempting database connection...
2025-01-16 19:37:44,463 - INFO - Database configuration:
2025-01-16 19:37:44,463 - INFO -   Database Name: fil_dict_db
2025-01-16 19:37:44,464 - INFO -   User: postgres
2025-01-16 19:37:44,464 - INFO -   Host: localhost
2025-01-16 19:37:44,465 - INFO -   Password: ********
2025-01-16 19:37:44,581 - INFO - Successfully established database connection
2025-01-16 19:37:44,581 - INFO - Disabling triggers...
2025-01-16 19:37:44,584 - INFO - Deleting data from all tables...
2025-01-16 19:37:44,585 - INFO - Purging table: etymologies
2025-01-16 19:37:44,606 - INFO - Purging table: relations
2025-01-16 19:37:44,628 - INFO - Purging table: definitions
2025-01-16 19:37:44,651 - INFO - Purging table: words
2025-01-16 19:37:44,751 - INFO - Resetting sequences...
2025-01-16 19:37:44,800 - INFO - Resetting Baybayin-related columns...
2025-01-16 19:37:44,809 - INFO - Updating language codes documentation...
2025-01-16 19:37:44,812 - INFO - Re-enabling triggers...
2025-01-16 19:37:44,833 - INFO - Database purge completed successfully
2025-01-16 19:37:44,834 - INFO - Database connection closed
