2025-04-14 03:31:35,172 - INFO - Starting table creation/update process.
2025-04-14 03:31:36,176 - INFO - Tables created or updated successfully.
2025-04-14 03:31:36,184 - INFO - Starting processing for Tagalog Words from ..\data\tagalog-words.json
2025-04-14 03:31:36,185 - INFO - Processing Tagalog words file: ..\data\tagalog-words.json
2025-04-14 03:31:36,185 - INFO - Using standardized source identifier: 'diksiyonaryo.ph'
2025-04-14 03:31:36,238 - WARNING - Table pronunciations is missing required columns: pronunciation, source_identifier
2025-04-14 03:31:36,241 - WARNING - Table etymologies is missing required columns: source_identifier, etymology
2025-04-14 03:31:36,244 - WARNING - Table definitions is missing required columns: definition, source_identifier, part_of_speech
2025-04-14 03:31:36,248 - WARNING - Table examples is missing required columns: definition_id, source_identifier, example
2025-04-14 03:31:36,250 - WARNING - Table word_tags is missing required columns: word_id, source_identifier, tag
2025-04-14 03:31:37,115 - INFO - Found 65336 word entries in ..\data\tagalog-words.json
2025-04-14 03:31:37,154 - INFO - Resetting transaction state before entry 0
2025-04-14 03:31:37,195 - INFO - Resetting transaction state before entry 1
2025-04-14 03:31:37,198 - INFO - Resetting transaction state before entry 2
2025-04-14 03:31:37,200 - INFO - Resetting transaction state before entry 3
2025-04-14 03:31:37,207 - INFO - Resetting transaction state before entry 4
2025-04-14 03:31:37,216 - INFO - Resetting transaction state before entry 5
2025-04-14 03:31:37,218 - INFO - Resetting transaction state before entry 6
2025-04-14 03:31:37,220 - INFO - Resetting transaction state before entry 7
2025-04-14 03:31:37,223 - INFO - Resetting transaction state before entry 8
2025-04-14 03:31:37,226 - INFO - Resetting transaction state before entry 9
2025-04-14 03:31:37,228 - INFO - Resetting transaction state before entry 10
2025-04-14 03:31:37,230 - INFO - Resetting transaction state before entry 11
2025-04-14 03:31:37,233 - INFO - Resetting transaction state before entry 12
2025-04-14 03:31:37,235 - INFO - Resetting transaction state before entry 13
2025-04-14 03:31:37,237 - INFO - Resetting transaction state before entry 14
2025-04-14 03:31:37,239 - INFO - Resetting transaction state before entry 15
2025-04-14 03:31:37,240 - INFO - Resetting transaction state before entry 16
2025-04-14 03:31:37,242 - INFO - Resetting transaction state before entry 17
2025-04-14 03:31:37,244 - INFO - Resetting transaction state before entry 18
2025-04-14 03:31:37,247 - INFO - Resetting transaction state before entry 19
2025-04-14 03:31:37,248 - INFO - Resetting transaction state before entry 20
2025-04-14 03:31:37,251 - INFO - Resetting transaction state before entry 21
2025-04-14 03:31:37,254 - INFO - Resetting transaction state before entry 22
2025-04-14 03:31:37,258 - INFO - Resetting transaction state before entry 23
2025-04-14 03:31:37,260 - INFO - Resetting transaction state before entry 24
2025-04-14 03:31:37,263 - INFO - Resetting transaction state before entry 25
2025-04-14 03:31:37,266 - INFO - Resetting transaction state before entry 26
2025-04-14 03:31:37,268 - INFO - Resetting transaction state before entry 27
2025-04-14 03:31:37,270 - INFO - Resetting transaction state before entry 28
2025-04-14 03:31:37,272 - INFO - Resetting transaction state before entry 29
2025-04-14 03:31:37,274 - INFO - Resetting transaction state before entry 30
2025-04-14 03:31:37,277 - INFO - Resetting transaction state before entry 31
2025-04-14 03:31:37,279 - INFO - Resetting transaction state before entry 32
2025-04-14 03:31:37,281 - INFO - Resetting transaction state before entry 33
2025-04-14 03:31:37,283 - INFO - Resetting transaction state before entry 34
2025-04-14 03:31:37,284 - INFO - Resetting transaction state before entry 35
2025-04-14 03:31:37,287 - INFO - Resetting transaction state before entry 36
2025-04-14 03:31:37,289 - INFO - Resetting transaction state before entry 37
2025-04-14 03:31:37,291 - INFO - Resetting transaction state before entry 38
2025-04-14 03:31:37,294 - INFO - Resetting transaction state before entry 39
2025-04-14 03:31:37,296 - INFO - Resetting transaction state before entry 40
2025-04-14 03:31:37,299 - INFO - Resetting transaction state before entry 41
2025-04-14 03:31:37,301 - INFO - Resetting transaction state before entry 42
2025-04-14 03:31:37,303 - INFO - Resetting transaction state before entry 43
2025-04-14 03:31:37,306 - INFO - Resetting transaction state before entry 44
2025-04-14 03:31:37,308 - INFO - Resetting transaction state before entry 45
2025-04-14 03:31:37,310 - INFO - Resetting transaction state before entry 46
2025-04-14 03:31:37,312 - INFO - Resetting transaction state before entry 47
2025-04-14 03:31:37,314 - INFO - Resetting transaction state before entry 48
2025-04-14 03:31:37,317 - INFO - Resetting transaction state before entry 49
2025-04-14 03:31:37,319 - INFO - Resetting transaction state before entry 50
2025-04-14 03:31:37,323 - INFO - Resetting transaction state before entry 51
2025-04-14 03:31:37,325 - INFO - Resetting transaction state before entry 52
2025-04-14 03:31:37,327 - INFO - Resetting transaction state before entry 53
2025-04-14 03:31:37,329 - INFO - Resetting transaction state before entry 54
2025-04-14 03:31:37,332 - INFO - Resetting transaction state before entry 55
2025-04-14 03:31:37,334 - INFO - Resetting transaction state before entry 56
2025-04-14 03:31:37,336 - INFO - Resetting transaction state before entry 57
2025-04-14 03:31:37,339 - INFO - Resetting transaction state before entry 58
2025-04-14 03:31:37,341 - INFO - Resetting transaction state before entry 59
2025-04-14 03:31:37,344 - INFO - Resetting transaction state before entry 60
2025-04-14 03:31:37,346 - INFO - Resetting transaction state before entry 61
2025-04-14 03:31:37,349 - INFO - Resetting transaction state before entry 62
2025-04-14 03:31:37,351 - INFO - Resetting transaction state before entry 63
2025-04-14 03:31:37,353 - INFO - Resetting transaction state before entry 64
2025-04-14 03:31:37,356 - INFO - Resetting transaction state before entry 65
2025-04-14 03:31:37,360 - INFO - Resetting transaction state before entry 66
2025-04-14 03:31:37,363 - INFO - Resetting transaction state before entry 67
2025-04-14 03:31:37,365 - INFO - Resetting transaction state before entry 68
2025-04-14 03:31:37,367 - INFO - Resetting transaction state before entry 69
2025-04-14 03:31:37,371 - INFO - Resetting transaction state before entry 70
2025-04-14 03:31:37,373 - INFO - Resetting transaction state before entry 71
2025-04-14 03:31:37,375 - INFO - Resetting transaction state before entry 72
2025-04-14 03:31:37,378 - INFO - Resetting transaction state before entry 73
2025-04-14 03:31:37,380 - INFO - Resetting transaction state before entry 74
2025-04-14 03:31:37,382 - INFO - Resetting transaction state before entry 75
2025-04-14 03:31:37,385 - INFO - Resetting transaction state before entry 76
2025-04-14 03:31:37,387 - INFO - Resetting transaction state before entry 77
2025-04-14 03:31:37,390 - INFO - Resetting transaction state before entry 78
2025-04-14 03:31:37,392 - INFO - Resetting transaction state before entry 79
2025-04-14 03:31:37,394 - INFO - Resetting transaction state before entry 80
2025-04-14 03:31:37,397 - INFO - Resetting transaction state before entry 81
2025-04-14 03:31:37,400 - INFO - Resetting transaction state before entry 82
2025-04-14 03:31:37,403 - INFO - Resetting transaction state before entry 83
2025-04-14 03:31:37,405 - INFO - Resetting transaction state before entry 84
2025-04-14 03:31:37,408 - INFO - Resetting transaction state before entry 85
2025-04-14 03:31:37,410 - INFO - Resetting transaction state before entry 86
2025-04-14 03:31:37,412 - INFO - Resetting transaction state before entry 87
2025-04-14 03:31:37,414 - INFO - Resetting transaction state before entry 88
2025-04-14 03:31:37,417 - INFO - Resetting transaction state before entry 89
2025-04-14 03:31:37,419 - INFO - Resetting transaction state before entry 90
2025-04-14 03:31:37,421 - INFO - Resetting transaction state before entry 91
2025-04-14 03:31:37,424 - INFO - Resetting transaction state before entry 92
2025-04-14 03:31:37,426 - INFO - Resetting transaction state before entry 93
2025-04-14 03:31:37,430 - INFO - Resetting transaction state before entry 94
2025-04-14 03:31:37,432 - INFO - Resetting transaction state before entry 95
2025-04-14 03:31:37,435 - INFO - Resetting transaction state before entry 96
2025-04-14 03:31:37,437 - INFO - Resetting transaction state before entry 97
2025-04-14 03:31:37,441 - INFO - Resetting transaction state before entry 98
2025-04-14 03:31:37,443 - INFO - Resetting transaction state before entry 99
2025-04-14 03:31:37,446 - INFO - Resetting transaction state before entry 100
2025-04-14 03:31:37,449 - INFO - Resetting transaction state before entry 101
2025-04-14 03:31:37,450 - INFO - Resetting transaction state before entry 102
2025-04-14 03:31:37,452 - INFO - Resetting transaction state before entry 103
2025-04-14 03:31:37,453 - INFO - Resetting transaction state before entry 104
2025-04-14 03:31:37,455 - INFO - Resetting transaction state before entry 105
2025-04-14 03:31:37,457 - INFO - Resetting transaction state before entry 106
2025-04-14 03:31:37,461 - INFO - Resetting transaction state before entry 107
2025-04-14 03:31:37,464 - INFO - Resetting transaction state before entry 108
2025-04-14 03:31:37,466 - INFO - Resetting transaction state before entry 109
2025-04-14 03:31:37,468 - INFO - Resetting transaction state before entry 110
2025-04-14 03:31:37,470 - INFO - Resetting transaction state before entry 111
2025-04-14 03:31:37,473 - INFO - Resetting transaction state before entry 112
2025-04-14 03:31:37,475 - INFO - Resetting transaction state before entry 113
2025-04-14 03:31:37,477 - INFO - Resetting transaction state before entry 114
2025-04-14 03:31:37,480 - INFO - Resetting transaction state before entry 115
2025-04-14 03:31:37,482 - INFO - Resetting transaction state before entry 116
2025-04-14 03:31:37,484 - INFO - Resetting transaction state before entry 117
2025-04-14 03:31:37,486 - INFO - Resetting transaction state before entry 118
2025-04-14 03:31:37,489 - INFO - Resetting transaction state before entry 119
2025-04-14 03:31:37,491 - INFO - Resetting transaction state before entry 120
2025-04-14 03:31:37,493 - INFO - Resetting transaction state before entry 121
2025-04-14 03:31:37,495 - INFO - Resetting transaction state before entry 122
2025-04-14 03:31:37,497 - INFO - Resetting transaction state before entry 123
2025-04-14 03:31:37,499 - INFO - Resetting transaction state before entry 124
2025-04-14 03:31:37,500 - INFO - Resetting transaction state before entry 125
2025-04-14 03:31:37,502 - INFO - Resetting transaction state before entry 126
2025-04-14 03:31:37,504 - INFO - Resetting transaction state before entry 127
2025-04-14 03:31:37,507 - INFO - Resetting transaction state before entry 128
2025-04-14 03:31:37,509 - INFO - Resetting transaction state before entry 129
2025-04-14 03:31:37,511 - INFO - Resetting transaction state before entry 130
2025-04-14 03:31:37,512 - INFO - Resetting transaction state before entry 131
2025-04-14 03:31:37,515 - INFO - Resetting transaction state before entry 132
2025-04-14 03:31:37,517 - INFO - Resetting transaction state before entry 133
2025-04-14 03:31:37,519 - INFO - Resetting transaction state before entry 134
2025-04-14 03:31:37,521 - INFO - Resetting transaction state before entry 135
2025-04-14 03:31:37,523 - INFO - Resetting transaction state before entry 136
2025-04-14 03:31:37,525 - INFO - Resetting transaction state before entry 137
2025-04-14 03:31:37,527 - INFO - Resetting transaction state before entry 138
2025-04-14 03:31:37,530 - INFO - Resetting transaction state before entry 139
2025-04-14 03:31:37,532 - INFO - Resetting transaction state before entry 140
2025-04-14 03:31:37,534 - INFO - Resetting transaction state before entry 141
2025-04-14 03:31:37,537 - INFO - Resetting transaction state before entry 142
2025-04-14 03:31:37,539 - INFO - Resetting transaction state before entry 143
2025-04-14 03:31:37,542 - INFO - Resetting transaction state before entry 144
2025-04-14 03:31:37,545 - INFO - Resetting transaction state before entry 145
2025-04-14 03:31:37,547 - INFO - Resetting transaction state before entry 146
2025-04-14 03:31:37,549 - INFO - Resetting transaction state before entry 147
2025-04-14 03:31:37,551 - INFO - Resetting transaction state before entry 148
2025-04-14 03:31:37,553 - INFO - Resetting transaction state before entry 149
2025-04-14 03:31:37,555 - INFO - Resetting transaction state before entry 150
2025-04-14 03:31:37,557 - INFO - Resetting transaction state before entry 151
2025-04-14 03:31:37,559 - INFO - Resetting transaction state before entry 152
2025-04-14 03:31:37,563 - INFO - Resetting transaction state before entry 153
2025-04-14 03:31:37,565 - INFO - Resetting transaction state before entry 154
2025-04-14 03:31:37,567 - INFO - Resetting transaction state before entry 155
2025-04-14 03:31:37,571 - INFO - Resetting transaction state before entry 156
2025-04-14 03:31:37,573 - INFO - Resetting transaction state before entry 157
2025-04-14 03:31:37,574 - INFO - Resetting transaction state before entry 158
2025-04-14 03:31:37,576 - INFO - Resetting transaction state before entry 159
2025-04-14 03:31:37,578 - INFO - Resetting transaction state before entry 160
2025-04-14 03:31:37,581 - INFO - Resetting transaction state before entry 161
2025-04-14 03:31:37,583 - INFO - Resetting transaction state before entry 162
2025-04-14 03:31:37,585 - INFO - Resetting transaction state before entry 163
2025-04-14 03:31:37,587 - INFO - Resetting transaction state before entry 164
2025-04-14 03:31:37,589 - INFO - Resetting transaction state before entry 165
2025-04-14 03:31:37,591 - INFO - Resetting transaction state before entry 166
2025-04-14 03:31:37,594 - INFO - Resetting transaction state before entry 167
2025-04-14 03:31:37,596 - INFO - Resetting transaction state before entry 168
2025-04-14 03:31:37,599 - INFO - Resetting transaction state before entry 169
2025-04-14 03:31:37,601 - INFO - Resetting transaction state before entry 170
2025-04-14 03:31:37,604 - INFO - Resetting transaction state before entry 171
2025-04-14 03:31:37,607 - INFO - Resetting transaction state before entry 172
2025-04-14 03:31:37,609 - INFO - Resetting transaction state before entry 173
2025-04-14 03:31:37,611 - INFO - Resetting transaction state before entry 174
2025-04-14 03:31:37,614 - INFO - Resetting transaction state before entry 175
2025-04-14 03:31:37,616 - INFO - Resetting transaction state before entry 176
2025-04-14 03:31:37,618 - INFO - Resetting transaction state before entry 177
2025-04-14 03:31:37,622 - INFO - Resetting transaction state before entry 178
2025-04-14 03:31:37,624 - INFO - Resetting transaction state before entry 179
2025-04-14 03:31:37,626 - INFO - Resetting transaction state before entry 180
2025-04-14 03:31:37,632 - INFO - Resetting transaction state before entry 181
2025-04-14 03:31:37,635 - INFO - Resetting transaction state before entry 182
2025-04-14 03:31:37,637 - INFO - Resetting transaction state before entry 183
2025-04-14 03:31:37,640 - INFO - Resetting transaction state before entry 184
2025-04-14 03:31:37,642 - INFO - Resetting transaction state before entry 185
2025-04-14 03:31:37,644 - INFO - Resetting transaction state before entry 186
2025-04-14 03:31:37,647 - INFO - Resetting transaction state before entry 187
2025-04-14 03:31:37,649 - INFO - Resetting transaction state before entry 188
2025-04-14 03:31:37,653 - INFO - Resetting transaction state before entry 189
2025-04-14 03:31:37,655 - INFO - Resetting transaction state before entry 190
2025-04-14 03:31:37,658 - INFO - Resetting transaction state before entry 191
2025-04-14 03:31:37,660 - INFO - Resetting transaction state before entry 192
2025-04-14 03:31:37,663 - INFO - Resetting transaction state before entry 193
2025-04-14 03:31:37,667 - INFO - Resetting transaction state before entry 194
2025-04-14 03:31:37,670 - INFO - Resetting transaction state before entry 195
2025-04-14 03:31:37,672 - INFO - Resetting transaction state before entry 196
2025-04-14 03:31:37,675 - INFO - Resetting transaction state before entry 197
2025-04-14 03:31:37,677 - INFO - Resetting transaction state before entry 198
2025-04-14 03:31:37,679 - INFO - Resetting transaction state before entry 199
2025-04-14 03:31:37,681 - INFO - Resetting transaction state before entry 200
2025-04-14 03:31:37,683 - INFO - Resetting transaction state before entry 201
2025-04-14 03:31:37,685 - INFO - Resetting transaction state before entry 202
2025-04-14 03:31:37,686 - INFO - Resetting transaction state before entry 203
2025-04-14 03:31:37,689 - INFO - Resetting transaction state before entry 204
2025-04-14 03:31:37,692 - INFO - Resetting transaction state before entry 205
2025-04-14 03:31:37,694 - INFO - Resetting transaction state before entry 206
2025-04-14 03:31:37,696 - INFO - Resetting transaction state before entry 207
2025-04-14 03:31:37,699 - INFO - Resetting transaction state before entry 208
2025-04-14 03:31:37,702 - INFO - Resetting transaction state before entry 209
2025-04-14 03:31:37,704 - INFO - Resetting transaction state before entry 210
2025-04-14 03:31:37,706 - INFO - Resetting transaction state before entry 211
2025-04-14 03:31:37,707 - INFO - Resetting transaction state before entry 212
2025-04-14 03:31:37,710 - INFO - Resetting transaction state before entry 213
2025-04-14 03:31:37,711 - INFO - Resetting transaction state before entry 214
2025-04-14 03:31:37,713 - INFO - Resetting transaction state before entry 215
2025-04-14 03:31:37,715 - INFO - Resetting transaction state before entry 216
2025-04-14 03:31:37,717 - INFO - Resetting transaction state before entry 217
2025-04-14 03:31:37,719 - INFO - Resetting transaction state before entry 218
2025-04-14 03:31:37,721 - INFO - Resetting transaction state before entry 219
2025-04-14 03:31:37,723 - INFO - Resetting transaction state before entry 220
2025-04-14 03:31:37,725 - INFO - Resetting transaction state before entry 221
2025-04-14 03:31:37,727 - INFO - Resetting transaction state before entry 222
2025-04-14 03:31:37,730 - INFO - Resetting transaction state before entry 223
2025-04-14 03:31:37,732 - INFO - Resetting transaction state before entry 224
2025-04-14 03:31:37,734 - INFO - Resetting transaction state before entry 225
2025-04-14 03:31:37,736 - INFO - Resetting transaction state before entry 226
2025-04-14 03:31:37,738 - INFO - Resetting transaction state before entry 227
2025-04-14 03:31:37,741 - INFO - Resetting transaction state before entry 228
2025-04-14 03:31:37,744 - INFO - Resetting transaction state before entry 229
2025-04-14 03:31:37,747 - INFO - Resetting transaction state before entry 230
2025-04-14 03:31:37,751 - INFO - Resetting transaction state before entry 231
2025-04-14 03:31:37,754 - INFO - Resetting transaction state before entry 232
2025-04-14 03:31:37,757 - INFO - Resetting transaction state before entry 233
2025-04-14 03:31:37,758 - INFO - Resetting transaction state before entry 234
2025-04-14 03:31:37,760 - INFO - Resetting transaction state before entry 235
2025-04-14 03:31:37,765 - INFO - Resetting transaction state before entry 236
2025-04-14 03:31:37,768 - INFO - Resetting transaction state before entry 237
2025-04-14 03:31:37,770 - INFO - Resetting transaction state before entry 238
2025-04-14 03:31:37,772 - INFO - Resetting transaction state before entry 239
2025-04-14 03:31:37,865 - INFO - Resetting transaction state before entry 240
2025-04-14 03:31:37,868 - INFO - Resetting transaction state before entry 241
2025-04-14 03:31:37,874 - INFO - Resetting transaction state before entry 242
2025-04-14 03:31:37,876 - INFO - Resetting transaction state before entry 243
2025-04-14 03:31:37,880 - INFO - Resetting transaction state before entry 244
2025-04-14 03:31:37,882 - INFO - Resetting transaction state before entry 245
2025-04-14 03:31:37,884 - INFO - Resetting transaction state before entry 246
2025-04-14 03:31:37,886 - INFO - Resetting transaction state before entry 247
2025-04-14 03:31:37,889 - INFO - Resetting transaction state before entry 248
2025-04-14 03:31:37,890 - INFO - Resetting transaction state before entry 249
2025-04-14 03:31:37,892 - INFO - Resetting transaction state before entry 250
2025-04-14 03:31:37,894 - INFO - Resetting transaction state before entry 251
2025-04-14 03:31:37,895 - INFO - Resetting transaction state before entry 252
2025-04-14 03:31:37,901 - INFO - Resetting transaction state before entry 253
2025-04-14 03:31:37,902 - INFO - Resetting transaction state before entry 254
2025-04-14 03:31:37,905 - INFO - Resetting transaction state before entry 255
2025-04-14 03:31:37,907 - INFO - Resetting transaction state before entry 256
2025-04-14 03:31:37,909 - INFO - Resetting transaction state before entry 257
2025-04-14 03:31:37,911 - INFO - Resetting transaction state before entry 258
2025-04-14 03:31:37,914 - INFO - Resetting transaction state before entry 259
2025-04-14 03:31:37,916 - INFO - Resetting transaction state before entry 260
2025-04-14 03:31:37,918 - INFO - Resetting transaction state before entry 261
2025-04-14 03:31:37,920 - INFO - Resetting transaction state before entry 262
2025-04-14 03:31:37,923 - INFO - Resetting transaction state before entry 263
2025-04-14 03:31:37,926 - INFO - Resetting transaction state before entry 264
2025-04-14 03:31:37,928 - INFO - Resetting transaction state before entry 265
2025-04-14 03:31:37,931 - INFO - Resetting transaction state before entry 266
2025-04-14 03:31:37,933 - INFO - Resetting transaction state before entry 267
2025-04-14 03:31:37,935 - INFO - Resetting transaction state before entry 268
2025-04-14 03:31:37,938 - INFO - Resetting transaction state before entry 269
2025-04-14 03:31:37,939 - INFO - Resetting transaction state before entry 270
2025-04-14 03:31:37,941 - INFO - Resetting transaction state before entry 271
2025-04-14 03:31:37,943 - INFO - Resetting transaction state before entry 272
2025-04-14 03:31:37,946 - INFO - Resetting transaction state before entry 273
2025-04-14 03:31:37,948 - INFO - Resetting transaction state before entry 274
2025-04-14 03:31:37,950 - INFO - Resetting transaction state before entry 275
2025-04-14 03:31:37,952 - INFO - Resetting transaction state before entry 276
2025-04-14 03:31:37,954 - INFO - Resetting transaction state before entry 277
2025-04-14 03:31:37,958 - INFO - Resetting transaction state before entry 278
2025-04-14 03:31:37,960 - INFO - Resetting transaction state before entry 279
2025-04-14 03:31:37,962 - INFO - Resetting transaction state before entry 280
2025-04-14 03:31:37,965 - INFO - Resetting transaction state before entry 281
2025-04-14 03:31:37,967 - INFO - Resetting transaction state before entry 282
2025-04-14 03:31:37,969 - INFO - Resetting transaction state before entry 283
2025-04-14 03:31:37,972 - INFO - Resetting transaction state before entry 284
2025-04-14 03:31:37,974 - INFO - Resetting transaction state before entry 285
2025-04-14 03:31:37,976 - INFO - Resetting transaction state before entry 286
2025-04-14 03:31:37,979 - INFO - Resetting transaction state before entry 287
2025-04-14 03:31:37,982 - INFO - Resetting transaction state before entry 288
2025-04-14 03:31:37,984 - INFO - Resetting transaction state before entry 289
2025-04-14 03:31:37,986 - INFO - Resetting transaction state before entry 290
2025-04-14 03:31:37,988 - INFO - Resetting transaction state before entry 291
2025-04-14 03:31:37,991 - INFO - Resetting transaction state before entry 292
2025-04-14 03:31:37,993 - INFO - Resetting transaction state before entry 293
2025-04-14 03:31:37,995 - INFO - Resetting transaction state before entry 294
2025-04-14 03:31:37,998 - INFO - Resetting transaction state before entry 295
2025-04-14 03:31:38,000 - INFO - Resetting transaction state before entry 296
2025-04-14 03:31:38,002 - INFO - Resetting transaction state before entry 297
2025-04-14 03:31:38,005 - INFO - Resetting transaction state before entry 298
2025-04-14 03:31:38,008 - INFO - Resetting transaction state before entry 299
2025-04-14 03:31:38,010 - INFO - Resetting transaction state before entry 300
2025-04-14 03:31:38,012 - INFO - Resetting transaction state before entry 301
2025-04-14 03:31:38,015 - INFO - Resetting transaction state before entry 302
2025-04-14 03:31:38,017 - INFO - Resetting transaction state before entry 303
2025-04-14 03:31:38,019 - INFO - Resetting transaction state before entry 304
2025-04-14 03:31:38,022 - INFO - Resetting transaction state before entry 305
2025-04-14 03:31:38,024 - INFO - Resetting transaction state before entry 306
2025-04-14 03:31:38,026 - INFO - Resetting transaction state before entry 307
2025-04-14 03:31:38,029 - INFO - Resetting transaction state before entry 308
2025-04-14 03:31:38,033 - INFO - Resetting transaction state before entry 309
2025-04-14 03:31:38,035 - INFO - Resetting transaction state before entry 310
2025-04-14 03:31:38,038 - INFO - Resetting transaction state before entry 311
2025-04-14 03:31:38,040 - INFO - Resetting transaction state before entry 312
2025-04-14 03:31:38,042 - INFO - Resetting transaction state before entry 313
2025-04-14 03:31:38,044 - INFO - Resetting transaction state before entry 314
2025-04-14 03:31:38,047 - INFO - Resetting transaction state before entry 315
2025-04-14 03:31:38,049 - INFO - Resetting transaction state before entry 316
2025-04-14 03:31:38,052 - INFO - Resetting transaction state before entry 317
2025-04-14 03:31:38,054 - INFO - Resetting transaction state before entry 318
2025-04-14 03:31:38,058 - INFO - Resetting transaction state before entry 319
2025-04-14 03:31:38,061 - INFO - Resetting transaction state before entry 320
2025-04-14 03:31:38,064 - INFO - Resetting transaction state before entry 321
2025-04-14 03:31:38,066 - INFO - Resetting transaction state before entry 322
2025-04-14 03:31:38,067 - INFO - Resetting transaction state before entry 323
2025-04-14 03:31:38,069 - INFO - Resetting transaction state before entry 324
2025-04-14 03:31:38,070 - INFO - Resetting transaction state before entry 325
2025-04-14 03:31:38,073 - INFO - Resetting transaction state before entry 326
2025-04-14 03:31:38,075 - INFO - Resetting transaction state before entry 327
2025-04-14 03:31:38,077 - INFO - Resetting transaction state before entry 328
2025-04-14 03:31:38,080 - INFO - Resetting transaction state before entry 329
2025-04-14 03:31:38,082 - INFO - Resetting transaction state before entry 330
2025-04-14 03:31:38,085 - INFO - Resetting transaction state before entry 331
2025-04-14 03:31:38,087 - INFO - Resetting transaction state before entry 332
2025-04-14 03:31:38,091 - INFO - Resetting transaction state before entry 333
2025-04-14 03:31:38,093 - INFO - Resetting transaction state before entry 334
2025-04-14 03:31:38,095 - INFO - Resetting transaction state before entry 335
2025-04-14 03:31:38,098 - INFO - Resetting transaction state before entry 336
2025-04-14 03:31:38,100 - INFO - Resetting transaction state before entry 337
2025-04-14 03:31:38,102 - INFO - Resetting transaction state before entry 338
2025-04-14 03:31:38,106 - INFO - Resetting transaction state before entry 339
2025-04-14 03:31:38,108 - INFO - Resetting transaction state before entry 340
2025-04-14 03:31:38,111 - INFO - Resetting transaction state before entry 341
2025-04-14 03:31:38,113 - INFO - Resetting transaction state before entry 342
2025-04-14 03:31:38,115 - INFO - Resetting transaction state before entry 343
2025-04-14 03:31:38,118 - INFO - Resetting transaction state before entry 344
2025-04-14 03:31:38,122 - INFO - Resetting transaction state before entry 345
2025-04-14 03:31:38,125 - INFO - Resetting transaction state before entry 346
2025-04-14 03:31:38,128 - INFO - Resetting transaction state before entry 347
2025-04-14 03:31:38,132 - INFO - Resetting transaction state before entry 348
2025-04-14 03:31:38,135 - INFO - Resetting transaction state before entry 349
2025-04-14 03:31:38,138 - INFO - Resetting transaction state before entry 350
2025-04-14 03:31:38,141 - INFO - Resetting transaction state before entry 351
2025-04-14 03:31:38,144 - INFO - Resetting transaction state before entry 352
2025-04-14 03:31:38,147 - INFO - Resetting transaction state before entry 353
2025-04-14 03:31:38,150 - INFO - Resetting transaction state before entry 354
2025-04-14 03:31:38,152 - INFO - Resetting transaction state before entry 355
2025-04-14 03:31:38,156 - INFO - Resetting transaction state before entry 356
2025-04-14 03:31:38,160 - INFO - Resetting transaction state before entry 357
2025-04-14 03:31:38,163 - INFO - Resetting transaction state before entry 358
2025-04-14 03:31:38,166 - INFO - Resetting transaction state before entry 359
2025-04-14 03:31:38,169 - INFO - Resetting transaction state before entry 360
2025-04-14 03:31:38,172 - INFO - Resetting transaction state before entry 361
2025-04-14 03:31:38,175 - INFO - Resetting transaction state before entry 362
2025-04-14 03:31:38,178 - INFO - Resetting transaction state before entry 363
2025-04-14 03:31:38,183 - INFO - Resetting transaction state before entry 364
2025-04-14 03:31:38,185 - INFO - Resetting transaction state before entry 365
2025-04-14 03:31:38,189 - INFO - Resetting transaction state before entry 366
2025-04-14 03:31:38,192 - INFO - Resetting transaction state before entry 367
2025-04-14 03:31:38,195 - INFO - Resetting transaction state before entry 368
2025-04-14 03:31:38,199 - INFO - Resetting transaction state before entry 369
2025-04-14 03:31:38,201 - INFO - Resetting transaction state before entry 370
2025-04-14 03:31:38,260 - INFO - Resetting transaction state before entry 371
2025-04-14 03:31:38,264 - INFO - Resetting transaction state before entry 372
2025-04-14 03:31:38,267 - INFO - Resetting transaction state before entry 373
2025-04-14 03:31:38,272 - INFO - Resetting transaction state before entry 374
2025-04-14 03:31:38,275 - INFO - Resetting transaction state before entry 375
2025-04-14 03:31:38,278 - INFO - Resetting transaction state before entry 376
2025-04-14 03:31:38,282 - INFO - Resetting transaction state before entry 377
2025-04-14 03:31:38,286 - INFO - Resetting transaction state before entry 378
2025-04-14 03:31:38,289 - INFO - Resetting transaction state before entry 379
2025-04-14 03:31:38,293 - INFO - Resetting transaction state before entry 380
2025-04-14 03:31:38,296 - INFO - Resetting transaction state before entry 381
2025-04-14 03:31:38,299 - INFO - Resetting transaction state before entry 382
2025-04-14 03:31:38,302 - INFO - Resetting transaction state before entry 383
2025-04-14 03:31:38,304 - INFO - Resetting transaction state before entry 384
2025-04-14 03:31:38,308 - INFO - Resetting transaction state before entry 385
2025-04-14 03:31:38,310 - INFO - Resetting transaction state before entry 386
2025-04-14 03:31:38,312 - INFO - Resetting transaction state before entry 387
2025-04-14 03:31:38,315 - INFO - Resetting transaction state before entry 388
2025-04-14 03:31:38,317 - INFO - Resetting transaction state before entry 389
2025-04-14 03:31:38,320 - INFO - Resetting transaction state before entry 390
2025-04-14 03:31:38,323 - INFO - Resetting transaction state before entry 391
2025-04-14 03:31:38,326 - INFO - Resetting transaction state before entry 392
2025-04-14 03:31:38,329 - INFO - Resetting transaction state before entry 393
2025-04-14 03:31:38,334 - INFO - Resetting transaction state before entry 394
2025-04-14 03:31:38,337 - INFO - Resetting transaction state before entry 395
2025-04-14 03:31:38,340 - INFO - Resetting transaction state before entry 396
2025-04-14 03:31:38,343 - INFO - Resetting transaction state before entry 397
2025-04-14 03:31:38,346 - INFO - Resetting transaction state before entry 398
2025-04-14 03:31:38,349 - INFO - Resetting transaction state before entry 399
2025-04-14 03:31:38,352 - INFO - Resetting transaction state before entry 400
2025-04-14 03:31:38,356 - INFO - Resetting transaction state before entry 401
2025-04-14 03:31:38,358 - INFO - Resetting transaction state before entry 402
2025-04-14 03:31:38,361 - INFO - Resetting transaction state before entry 403
2025-04-14 03:31:38,364 - INFO - Resetting transaction state before entry 404
2025-04-14 03:31:38,366 - INFO - Resetting transaction state before entry 405
2025-04-14 03:31:38,368 - INFO - Resetting transaction state before entry 406
2025-04-14 03:31:38,372 - INFO - Resetting transaction state before entry 407
2025-04-14 03:31:38,374 - INFO - Resetting transaction state before entry 408
2025-04-14 03:31:38,377 - INFO - Resetting transaction state before entry 409
2025-04-14 03:31:38,379 - INFO - Resetting transaction state before entry 410
2025-04-14 03:31:38,382 - INFO - Resetting transaction state before entry 411
2025-04-14 03:31:38,385 - INFO - Resetting transaction state before entry 412
2025-04-14 03:31:38,388 - INFO - Resetting transaction state before entry 413
2025-04-14 03:31:38,391 - INFO - Resetting transaction state before entry 414
2025-04-14 03:31:38,394 - INFO - Resetting transaction state before entry 415
2025-04-14 03:31:38,396 - INFO - Resetting transaction state before entry 416
2025-04-14 03:31:38,399 - INFO - Resetting transaction state before entry 417
2025-04-14 03:31:38,402 - INFO - Resetting transaction state before entry 418
2025-04-14 03:31:38,404 - INFO - Resetting transaction state before entry 419
2025-04-14 03:31:38,407 - INFO - Resetting transaction state before entry 420
2025-04-14 03:31:38,410 - INFO - Resetting transaction state before entry 421
2025-04-14 03:31:38,412 - INFO - Resetting transaction state before entry 422
2025-04-14 03:31:38,415 - INFO - Resetting transaction state before entry 423
2025-04-14 03:31:38,419 - INFO - Resetting transaction state before entry 424
2025-04-14 03:31:38,421 - INFO - Resetting transaction state before entry 425
2025-04-14 03:31:38,423 - INFO - Resetting transaction state before entry 426
2025-04-14 03:31:38,426 - INFO - Resetting transaction state before entry 427
2025-04-14 03:31:38,429 - INFO - Resetting transaction state before entry 428
2025-04-14 03:31:38,434 - INFO - Resetting transaction state before entry 429
2025-04-14 03:31:38,438 - INFO - Resetting transaction state before entry 430
2025-04-14 03:31:38,440 - INFO - Resetting transaction state before entry 431
2025-04-14 03:31:38,443 - INFO - Resetting transaction state before entry 432
2025-04-14 03:31:38,446 - INFO - Resetting transaction state before entry 433
2025-04-14 03:31:38,449 - INFO - Resetting transaction state before entry 434
2025-04-14 03:31:38,452 - INFO - Resetting transaction state before entry 435
2025-04-14 03:31:38,456 - INFO - Resetting transaction state before entry 436
2025-04-14 03:31:38,458 - INFO - Resetting transaction state before entry 437
2025-04-14 03:31:38,461 - INFO - Resetting transaction state before entry 438
2025-04-14 03:31:38,464 - INFO - Resetting transaction state before entry 439
2025-04-14 03:31:38,467 - INFO - Resetting transaction state before entry 440
2025-04-14 03:31:38,469 - INFO - Resetting transaction state before entry 441
2025-04-14 03:31:38,472 - INFO - Resetting transaction state before entry 442
2025-04-14 03:31:38,475 - INFO - Resetting transaction state before entry 443
2025-04-14 03:31:38,477 - INFO - Resetting transaction state before entry 444
2025-04-14 03:31:38,480 - INFO - Resetting transaction state before entry 445
2025-04-14 03:31:38,483 - INFO - Resetting transaction state before entry 446
2025-04-14 03:31:38,486 - INFO - Resetting transaction state before entry 447
2025-04-14 03:31:38,489 - INFO - Resetting transaction state before entry 448
2025-04-14 03:31:38,491 - INFO - Resetting transaction state before entry 449
2025-04-14 03:31:38,493 - INFO - Resetting transaction state before entry 450
2025-04-14 03:31:38,496 - INFO - Resetting transaction state before entry 451
2025-04-14 03:31:38,499 - INFO - Resetting transaction state before entry 452
2025-04-14 03:31:38,502 - INFO - Resetting transaction state before entry 453
2025-04-14 03:31:38,505 - INFO - Resetting transaction state before entry 454
2025-04-14 03:31:38,507 - INFO - Resetting transaction state before entry 455
2025-04-14 03:31:38,510 - INFO - Resetting transaction state before entry 456
2025-04-14 03:31:38,512 - INFO - Resetting transaction state before entry 457
2025-04-14 03:31:38,515 - INFO - Resetting transaction state before entry 458
2025-04-14 03:31:38,517 - INFO - Resetting transaction state before entry 459
2025-04-14 03:31:38,519 - INFO - Resetting transaction state before entry 460
2025-04-14 03:31:38,523 - INFO - Resetting transaction state before entry 461
2025-04-14 03:31:38,526 - INFO - Resetting transaction state before entry 462
2025-04-14 03:31:38,530 - INFO - Resetting transaction state before entry 463
2025-04-14 03:31:38,534 - INFO - Resetting transaction state before entry 464
2025-04-14 03:31:38,536 - INFO - Resetting transaction state before entry 465
2025-04-14 03:31:38,539 - INFO - Resetting transaction state before entry 466
2025-04-14 03:31:38,540 - INFO - Resetting transaction state before entry 467
2025-04-14 03:31:38,542 - INFO - Resetting transaction state before entry 468
2025-04-14 03:31:38,544 - INFO - Resetting transaction state before entry 469
2025-04-14 03:31:38,547 - INFO - Resetting transaction state before entry 470
2025-04-14 03:31:38,550 - INFO - Resetting transaction state before entry 471
2025-04-14 03:31:38,552 - INFO - Resetting transaction state before entry 472
2025-04-14 03:31:38,555 - INFO - Resetting transaction state before entry 473
2025-04-14 03:31:38,557 - INFO - Resetting transaction state before entry 474
2025-04-14 03:31:38,560 - INFO - Resetting transaction state before entry 475
2025-04-14 03:31:38,562 - INFO - Resetting transaction state before entry 476
2025-04-14 03:31:38,565 - INFO - Resetting transaction state before entry 477
2025-04-14 03:31:38,567 - INFO - Resetting transaction state before entry 478
2025-04-14 03:31:38,569 - INFO - Resetting transaction state before entry 479
2025-04-14 03:31:38,572 - INFO - Resetting transaction state before entry 480
2025-04-14 03:31:38,575 - INFO - Resetting transaction state before entry 481
2025-04-14 03:31:38,577 - INFO - Resetting transaction state before entry 482
2025-04-14 03:31:38,580 - INFO - Resetting transaction state before entry 483
2025-04-14 03:31:38,582 - INFO - Resetting transaction state before entry 484
2025-04-14 03:31:38,584 - INFO - Resetting transaction state before entry 485
2025-04-14 03:31:38,587 - INFO - Resetting transaction state before entry 486
2025-04-14 03:31:38,589 - INFO - Resetting transaction state before entry 487
2025-04-14 03:31:38,592 - INFO - Resetting transaction state before entry 488
2025-04-14 03:31:38,595 - INFO - Resetting transaction state before entry 489
2025-04-14 03:31:38,598 - INFO - Resetting transaction state before entry 490
2025-04-14 03:31:38,601 - INFO - Resetting transaction state before entry 491
2025-04-14 03:31:38,604 - INFO - Resetting transaction state before entry 492
2025-04-14 03:31:38,607 - INFO - Resetting transaction state before entry 493
2025-04-14 03:31:38,610 - INFO - Resetting transaction state before entry 494
2025-04-14 03:31:38,612 - INFO - Resetting transaction state before entry 495
2025-04-14 03:31:38,615 - INFO - Resetting transaction state before entry 496
2025-04-14 03:31:38,617 - INFO - Resetting transaction state before entry 497
2025-04-14 03:31:38,619 - INFO - Resetting transaction state before entry 498
2025-04-14 03:31:38,621 - INFO - Resetting transaction state before entry 499
2025-04-14 03:31:38,624 - INFO - Resetting transaction state before entry 500
2025-04-14 03:31:38,626 - INFO - Resetting transaction state before entry 501
2025-04-14 03:31:38,628 - INFO - Resetting transaction state before entry 502
2025-04-14 03:31:38,631 - INFO - Resetting transaction state before entry 503
2025-04-14 03:31:38,635 - INFO - Resetting transaction state before entry 504
2025-04-14 03:31:38,639 - INFO - Resetting transaction state before entry 505
2025-04-14 03:31:38,642 - INFO - Resetting transaction state before entry 506
2025-04-14 03:31:38,645 - INFO - Resetting transaction state before entry 507
2025-04-14 03:31:38,648 - INFO - Resetting transaction state before entry 508
2025-04-14 03:31:38,650 - INFO - Resetting transaction state before entry 509
2025-04-14 03:31:38,652 - INFO - Resetting transaction state before entry 510
2025-04-14 03:31:38,654 - INFO - Resetting transaction state before entry 511
2025-04-14 03:31:38,657 - INFO - Resetting transaction state before entry 512
2025-04-14 03:31:38,659 - INFO - Resetting transaction state before entry 513
2025-04-14 03:31:38,662 - INFO - Resetting transaction state before entry 514
2025-04-14 03:31:38,664 - INFO - Resetting transaction state before entry 515
2025-04-14 03:31:38,666 - INFO - Resetting transaction state before entry 516
2025-04-14 03:31:38,668 - INFO - Resetting transaction state before entry 517
2025-04-14 03:31:38,671 - INFO - Resetting transaction state before entry 518
2025-04-14 03:31:38,673 - INFO - Resetting transaction state before entry 519
2025-04-14 03:31:38,675 - INFO - Resetting transaction state before entry 520
2025-04-14 03:31:38,678 - INFO - Resetting transaction state before entry 521
2025-04-14 03:31:38,681 - INFO - Resetting transaction state before entry 522
2025-04-14 03:31:38,683 - INFO - Resetting transaction state before entry 523
2025-04-14 03:31:38,686 - INFO - Resetting transaction state before entry 524
2025-04-14 03:31:38,688 - INFO - Resetting transaction state before entry 525
2025-04-14 03:31:38,691 - INFO - Resetting transaction state before entry 526
2025-04-14 03:31:38,694 - INFO - Resetting transaction state before entry 527
2025-04-14 03:31:38,698 - INFO - Resetting transaction state before entry 528
2025-04-14 03:31:38,704 - INFO - Resetting transaction state before entry 529
2025-04-14 03:31:38,710 - INFO - Resetting transaction state before entry 530
2025-04-14 03:31:38,713 - INFO - Resetting transaction state before entry 531
2025-04-14 03:31:38,717 - INFO - Resetting transaction state before entry 532
2025-04-14 03:31:38,719 - INFO - Resetting transaction state before entry 533
2025-04-14 03:31:38,724 - INFO - Resetting transaction state before entry 534
2025-04-14 03:31:38,728 - INFO - Resetting transaction state before entry 535
2025-04-14 03:31:38,731 - INFO - Resetting transaction state before entry 536
2025-04-14 03:31:38,735 - INFO - Resetting transaction state before entry 537
2025-04-14 03:31:38,737 - INFO - Resetting transaction state before entry 538
2025-04-14 03:31:38,742 - INFO - Resetting transaction state before entry 539
2025-04-14 03:31:38,748 - INFO - Resetting transaction state before entry 540
2025-04-14 03:31:38,753 - INFO - Resetting transaction state before entry 541
2025-04-14 03:31:38,756 - INFO - Resetting transaction state before entry 542
2025-04-14 03:31:38,759 - INFO - Resetting transaction state before entry 543
2025-04-14 03:31:38,762 - INFO - Resetting transaction state before entry 544
2025-04-14 03:31:38,766 - INFO - Resetting transaction state before entry 545
2025-04-14 03:31:38,771 - INFO - Resetting transaction state before entry 546
2025-04-14 03:31:38,775 - INFO - Resetting transaction state before entry 547
2025-04-14 03:31:38,777 - INFO - Resetting transaction state before entry 548
2025-04-14 03:31:38,788 - INFO - Resetting transaction state before entry 549
2025-04-14 03:31:38,795 - INFO - Resetting transaction state before entry 550
2025-04-14 03:31:38,798 - INFO - Resetting transaction state before entry 551
2025-04-14 03:31:38,805 - INFO - Resetting transaction state before entry 552
2025-04-14 03:31:38,808 - INFO - Resetting transaction state before entry 553
2025-04-14 03:31:38,812 - INFO - Resetting transaction state before entry 554
2025-04-14 03:31:38,816 - INFO - Resetting transaction state before entry 555
2025-04-14 03:31:38,819 - INFO - Resetting transaction state before entry 556
2025-04-14 03:31:38,823 - INFO - Resetting transaction state before entry 557
2025-04-14 03:31:38,827 - INFO - Resetting transaction state before entry 558
2025-04-14 03:31:38,832 - INFO - Resetting transaction state before entry 559
2025-04-14 03:31:38,838 - INFO - Resetting transaction state before entry 560
2025-04-14 03:31:38,840 - INFO - Resetting transaction state before entry 561
2025-04-14 03:31:38,842 - INFO - Resetting transaction state before entry 562
2025-04-14 03:31:38,845 - INFO - Resetting transaction state before entry 563
2025-04-14 03:31:38,849 - INFO - Resetting transaction state before entry 564
2025-04-14 03:31:38,852 - INFO - Resetting transaction state before entry 565
2025-04-14 03:31:38,854 - INFO - Resetting transaction state before entry 566
2025-04-14 03:31:38,855 - INFO - Resetting transaction state before entry 567
2025-04-14 03:31:38,858 - INFO - Resetting transaction state before entry 568
2025-04-14 03:31:38,864 - INFO - Resetting transaction state before entry 569
2025-04-14 03:31:38,867 - INFO - Resetting transaction state before entry 570
2025-04-14 03:31:38,869 - INFO - Resetting transaction state before entry 571
2025-04-14 03:31:38,872 - INFO - Resetting transaction state before entry 572
2025-04-14 03:31:38,874 - INFO - Resetting transaction state before entry 573
2025-04-14 03:31:38,878 - INFO - Resetting transaction state before entry 574
2025-04-14 03:31:38,884 - INFO - Resetting transaction state before entry 575
2025-04-14 03:31:38,888 - INFO - Resetting transaction state before entry 576
2025-04-14 03:31:38,891 - INFO - Resetting transaction state before entry 577
2025-04-14 03:31:38,893 - INFO - Resetting transaction state before entry 578
2025-04-14 03:31:38,894 - INFO - Resetting transaction state before entry 579
2025-04-14 03:31:38,896 - INFO - Resetting transaction state before entry 580
2025-04-14 03:31:38,899 - INFO - Resetting transaction state before entry 581
2025-04-14 03:31:38,901 - INFO - Resetting transaction state before entry 582
2025-04-14 03:31:38,905 - INFO - Resetting transaction state before entry 583
2025-04-14 03:31:38,907 - INFO - Resetting transaction state before entry 584
2025-04-14 03:31:38,910 - INFO - Resetting transaction state before entry 585
2025-04-14 03:31:38,914 - INFO - Resetting transaction state before entry 586
2025-04-14 03:31:38,915 - INFO - Resetting transaction state before entry 587
2025-04-14 03:31:38,916 - INFO - Resetting transaction state before entry 588
2025-04-14 03:31:38,918 - INFO - Resetting transaction state before entry 589
2025-04-14 03:31:38,920 - INFO - Resetting transaction state before entry 590
2025-04-14 03:31:38,926 - INFO - Database connection closed.
