2025-04-04 22:51:18,054 - INFO - Database connection pool initialized
2025-04-04 22:51:18,110 - INFO - Starting table creation/update process.
2025-04-04 22:51:18,611 - INFO - Tables created or updated successfully.
2025-04-04 22:51:18,617 - INFO - Starting processing for Kaikki.org (Tagalog) from ..\data\kaikki.jsonl
2025-04-04 22:51:18,618 - INFO - Processing Kaikki dictionary: ..\data\kaikki.jsonl with source ID: 'kaikki.org (Tagalog)'
2025-04-04 22:51:18,775 - INFO - Found 27964 entries to process in ..\data\kaikki.jsonl
2025-04-04 22:51:18,776 - INFO - Initialized BaybayinRomanizer for script romanization
2025-04-04 22:51:31,186 - WARNING - Vowel mark not following a consonant at position 0
2025-04-04 22:51:39,835 - WARNING - Vowel mark not following a consonant at position 0
2025-04-04 22:51:39,848 - WARNING - Vowel mark not following a consonant at position 0
2025-04-04 22:51:39,852 - WARNING - Vowel mark not following a consonant at position 0
2025-04-04 22:51:44,998 - WARNING - Vowel mark not following a consonant at position 0
2025-04-04 22:51:47,394 - WARNING - Vowel mark not following a consonant at position 0
2025-04-04 22:51:47,409 - WARNING - Vowel mark not following a consonant at position 0
2025-04-04 22:52:09,553 - WARNING - Vowel mark not following a consonant at position 0
2025-04-04 22:52:33,279 - WARNING - Vowel mark not following a consonant at position 0
2025-04-04 22:52:33,312 - WARNING - Vowel mark not following a consonant at position 0
2025-04-04 22:52:43,408 - WARNING - Vowel mark not following a consonant at position 0
2025-04-04 22:52:46,375 - WARNING - Vowel mark not following a consonant at position 0
2025-04-04 22:53:07,843 - WARNING - Error closing connection: set_session cannot be used inside a transaction
