2025-04-05 11:14:06,807 - INFO - Starting lookup for word: 'harot'
2025-04-05 11:14:06,861 - INFO - pg_trgm extension installed: True
2025-04-05 11:14:06,862 - INFO - Executing exact match query for 'harot'
2025-04-05 11:14:07,164 - INFO - Found 1 exact matches
2025-04-05 11:14:07,165 - INFO - Processing result 1/1
2025-04-05 11:14:07,165 - INFO - Word ID: 38587
2025-04-05 11:14:07,165 - INFO - Lemma: harot
2025-04-05 11:14:07,166 - INFO - Language code: tl
2025-04-05 11:14:07,173 - INFO - Querying pronunciations for word_id 38587
2025-04-05 11:14:07,174 - INFO - Found 4 pronunciations
2025-04-05 11:14:07,176 - WARNING - Error parsing pronunciation sources: Expecting value: line 1 column 1 (char 0)
2025-04-05 11:14:07,178 - WARNING - Error parsing pronunciation sources: Expecting value: line 1 column 1 (char 0)
2025-04-05 11:14:07,180 - WARNING - Error parsing pronunciation sources: Expecting value: line 1 column 1 (char 0)
2025-04-05 11:14:07,182 - WARNING - Error parsing pronunciation sources: Expecting value: line 1 column 1 (char 0)
2025-04-05 11:14:07,182 - INFO - Querying etymologies for word_id 38587
2025-04-05 11:14:07,186 - INFO - Found 0 etymologies
2025-04-05 11:14:07,187 - INFO - Querying definitions for word_id 38587
2025-04-05 11:14:07,193 - INFO - Found 10 definitions
2025-04-05 11:14:07,195 - INFO - Processing definition 1/10
2025-04-05 11:14:07,197 - INFO - Processing definition 2/10
2025-04-05 11:14:07,198 - INFO - Processing definition 3/10
2025-04-05 11:14:07,200 - INFO - Processing definition 4/10
2025-04-05 11:14:07,204 - INFO - Processing definition 5/10
2025-04-05 11:14:07,206 - INFO - Processing definition 6/10
2025-04-05 11:14:07,207 - INFO - Processing definition 7/10
2025-04-05 11:14:07,209 - INFO - Processing definition 8/10
2025-04-05 11:14:07,211 - INFO - Processing definition 9/10
2025-04-05 11:14:07,213 - INFO - Processing definition 10/10
2025-04-05 11:14:07,214 - INFO - Querying relations for word_id 38587
2025-04-05 11:14:07,222 - INFO - Found 27 relations
2025-04-05 11:14:07,261 - INFO - Database connection closed
