2025-01-29 20:07:58,955 - INFO - Attempting database connection...
2025-01-29 20:07:58,956 - INFO - Database configuration:
2025-01-29 20:07:58,957 - INFO -   Database Name: fil_dict_db
2025-01-29 20:07:58,957 - INFO -   User: postgres
2025-01-29 20:07:58,958 - INFO -   Host: localhost
2025-01-29 20:07:58,958 - INFO -   Password: ********
2025-01-29 20:07:59,094 - INFO - Successfully established database connection
2025-01-29 20:08:00,858 - INFO - Setting up PostgreSQL extensions...
2025-01-29 20:08:00,858 - INFO - Checking extension: pg_trgm
2025-01-29 20:08:00,883 - INFO - Extension already installed: pg_trgm
2025-01-29 20:08:00,883 - INFO - Checking extension: unaccent
2025-01-29 20:08:00,884 - INFO - Extension already installed: unaccent
2025-01-29 20:08:00,885 - INFO - Checking extension: fuzzystrmatch
2025-01-29 20:08:00,885 - INFO - Extension already installed: fuzzystrmatch
2025-01-29 20:08:00,885 - INFO - Extensions setup completed
2025-01-29 20:08:00,886 - INFO - Starting table creation/update process.
2025-01-29 20:08:00,934 - INFO - Tables created or updated successfully.
2025-01-29 20:08:00,939 - INFO - Processing Tagalog words from: data/tagalog-words.json
2025-01-29 20:10:48,299 - INFO - Processing root words from: data/root_words_with_associated_words_cleaned.json
2025-01-29 20:11:37,043 - ERROR - Error processing file data/kwf_dictionary.json: process_kwf_entry() missing 1 required positional argument: 'entry'
2025-01-29 20:11:37,046 - ERROR - Error during migration: process_kwf_entry() missing 1 required positional argument: 'entry'
