2025-01-29 21:48:28,160 - INFO - Attempting database connection...
2025-01-29 21:48:28,161 - INFO - Database configuration:
2025-01-29 21:48:28,162 - INFO -   Database Name: fil_dict_db
2025-01-29 21:48:28,162 - INFO -   User: postgres
2025-01-29 21:48:28,162 - INFO -   Host: localhost
2025-01-29 21:48:28,163 - INFO -   Password: ********
2025-01-29 21:48:28,247 - INFO - Successfully established database connection
2025-01-29 21:48:32,185 - INFO - Setting up PostgreSQL extensions...
2025-01-29 21:48:32,186 - INFO - Checking extension: pg_trgm
2025-01-29 21:48:32,230 - INFO - Extension already installed: pg_trgm
2025-01-29 21:48:32,230 - INFO - Checking extension: unaccent
2025-01-29 21:48:32,231 - INFO - Extension already installed: unaccent
2025-01-29 21:48:32,232 - INFO - Checking extension: fuzzystrmatch
2025-01-29 21:48:32,233 - INFO - Extension already installed: fuzzystrmatch
2025-01-29 21:48:32,233 - INFO - Extensions setup completed
2025-01-29 21:48:32,233 - INFO - Starting table creation/update process.
2025-01-29 21:48:32,338 - INFO - Tables created or updated successfully.
2025-01-29 21:48:32,347 - INFO - Processing Tagalog words from: data/tagalog-words.json
2025-01-29 21:52:24,186 - INFO - Processing root words from: data/root_words_with_associated_words_cleaned.json
2025-01-29 21:53:39,402 - INFO - Processing KWF dictionary from: data/kwf_dictionary.json
2025-01-29 21:57:04,370 - INFO - Starting to process Kaikki file: data/kaikki.jsonl
2025-01-29 22:00:50,950 - INFO - Starting to process Kaikki file: data/kaikki-ceb.jsonl
2025-01-29 22:02:15,959 - INFO - Processing Baybayin entries...
2025-01-29 22:02:16,085 - INFO - Updating standalone Baybayin entry (ID: 124212)
2025-01-29 22:02:16,108 - ERROR - Error processing Baybayin entry 124212: duplicate key value violates unique constraint "words_lang_lemma_uniq"
DETAIL:  Key (language_code, normalized_lemma)=(tl, istadus unidus) already exists.

2025-01-29 22:02:16,110 - ERROR - Error processing Baybayin entry 124213: current transaction is aborted, commands ignored until end of transaction block

2025-01-29 22:02:16,111 - ERROR - Error processing Baybayin entry 124214: current transaction is aborted, commands ignored until end of transaction block

2025-01-29 22:02:16,113 - ERROR - Error processing Baybayin entry 124215: current transaction is aborted, commands ignored until end of transaction block

2025-01-29 22:02:16,114 - ERROR - Error processing Baybayin entry 124216: current transaction is aborted, commands ignored until end of transaction block

2025-01-29 22:02:16,116 - ERROR - Error processing Baybayin entry 124217: current transaction is aborted, commands ignored until end of transaction block

2025-01-29 22:02:16,117 - ERROR - Error processing Baybayin entry 124218: current transaction is aborted, commands ignored until end of transaction block

2025-01-29 22:02:16,119 - ERROR - Error processing Baybayin entry 124219: current transaction is aborted, commands ignored until end of transaction block

2025-01-29 22:02:16,121 - ERROR - Error processing Baybayin entry 124220: current transaction is aborted, commands ignored until end of transaction block

2025-01-29 22:02:16,122 - WARNING - Invalid Baybayin text detected: ᜊᜊᜌᜒ — Pre-virama
2025-01-29 22:02:16,122 - WARNING - Invalid Baybayin text detected: -um- ᜓᜋ᜔
2025-01-29 22:02:16,123 - WARNING - Invalid Baybayin text detected: batik ᜊᜆᜒᜃ᜔
2025-01-29 22:02:16,124 - WARNING - Invalid Baybayin text detected: bumatik ᜊᜓᜋᜆᜒᜃ᜔
2025-01-29 22:02:16,124 - WARNING - Invalid Baybayin text detected: bumatik ᜊᜓᜋᜆᜒᜃ᜔ bungmatik1 ᜊᜓᜅ᜔ᜋᜆᜒᜃ᜔
2025-01-29 22:02:16,125 - WARNING - Invalid Baybayin text detected: bumabatikᜊᜓᜋᜊᜆᜒᜃ᜔bungmabatik1 ᜊᜓᜅ᜔ᜋᜊᜆᜒᜃ᜔ nabatik2ᜈ ᜊᜆᜒᜃ᜔
2025-01-29 22:02:16,126 - WARNING - Invalid Baybayin text detected: babatik ᜊᜊᜆᜒᜃ᜔mabatik2 ᜋ ᜊᜆᜒᜃ᜔
2025-01-29 22:02:16,127 - WARNING - Invalid Baybayin text detected: kababatik ᜃᜊᜊᜆᜒᜃ᜔
2025-01-29 22:02:16,127 - WARNING - Invalid Baybayin text detected: bumatik ᜊᜓᜋᜆᜒᜃ᜔batik2 ᜊᜆᜒᜃ᜔
2025-01-29 22:02:16,128 - WARNING - Invalid Baybayin text detected: kakabatikᜃᜃᜊᜆᜒᜃ᜔
2025-01-29 22:02:16,129 - ERROR - Error processing Baybayin entry 95386: current transaction is aborted, commands ignored until end of transaction block

2025-01-29 22:02:16,131 - ERROR - Error processing Baybayin entry 104894: current transaction is aborted, commands ignored until end of transaction block

2025-01-29 22:02:16,132 - ERROR - Error processing Baybayin entry 98927: current transaction is aborted, commands ignored until end of transaction block

2025-01-29 22:02:16,134 - ERROR - Error processing Baybayin entry 107186: current transaction is aborted, commands ignored until end of transaction block

2025-01-29 22:02:16,135 - ERROR - Error processing Baybayin entry 107311: current transaction is aborted, commands ignored until end of transaction block

2025-01-29 22:02:16,137 - ERROR - Error processing Baybayin entry 107473: current transaction is aborted, commands ignored until end of transaction block

2025-01-29 22:02:16,139 - ERROR - Error processing Baybayin entry 123825: current transaction is aborted, commands ignored until end of transaction block

2025-01-29 22:02:16,140 - ERROR - Error processing Baybayin entry 123841: current transaction is aborted, commands ignored until end of transaction block

2025-01-29 22:02:16,142 - ERROR - Error during migration: current transaction is aborted, commands ignored until end of transaction block

