2025-03-24 23:38:25,754 - INFO - Looking up word: Namespace(command='lookup', word='kalimutan', debug=False, format='rich')
2025-03-24 23:38:25,754 - INFO - Word argument value: 'kalimutan'
2025-03-24 23:38:25,792 - INFO - Normalized word: kalimutan
2025-03-24 23:38:25,793 - INFO - Database connection test successful
2025-03-24 23:38:25,805 - INFO - Word data fetched: True
2025-03-24 23:38:25,805 - INFO - Beginning to unpack word data
2025-03-24 23:38:25,806 - INFO - Successfully unpacked word data
2025-03-24 23:38:25,806 - INFO - word_id: 74022, lemma: kalimutan, language_code: tl
2025-03-24 23:38:25,808 - INFO - has_baybayin: True, baybayin_form: ᜃᜎᜒᜋᜓᜆᜈ᜔, romanized_form: kalimutan
2025-03-24 23:38:25,808 - INFO - preferred_spelling: None, root_word_id: None
2025-03-24 23:38:25,808 - INFO - def_sources type: <class 'list'>, ety_sources type: <class 'list'>
2025-03-24 23:38:25,809 - INFO - tags type: <class 'NoneType'>, source_info type: <class 'dict'>
2025-03-24 23:38:25,809 - INFO - Building basic information tree
2025-03-24 23:38:25,809 - INFO - Adding preferred spelling if available
2025-03-24 23:38:25,809 - INFO - Adding Baybayin form if available
2025-03-24 23:38:25,809 - INFO - Adding root word if available
2025-03-24 23:38:25,809 - INFO - Gathering sources - starting
2025-03-24 23:38:25,809 - INFO - Processing tags
2025-03-24 23:38:25,809 - INFO - Processing source_info
2025-03-24 23:38:25,810 - INFO - Processing def_sources
2025-03-24 23:38:25,810 - INFO - def_sources content: ['kaikki.org (Tagalog)', 'tagalog.com']
2025-03-24 23:38:25,810 - INFO - Processing def_source: kaikki.org (Tagalog), type: <class 'str'>
2025-03-24 23:38:25,810 - INFO - Processing def_source: tagalog.com, type: <class 'str'>
2025-03-24 23:38:25,810 - INFO - Processing ety_sources
2025-03-24 23:38:25,810 - INFO - ety_sources content: [None]
2025-03-24 23:38:25,810 - WARNING - Found None value in ety_sources
