2025-03-24 23:49:10,886 - INFO - Looking up word: Namespace(command='lookup', word='tino', debug=False, format='rich')
2025-03-24 23:49:10,886 - INFO - Word argument value: 'tino'
2025-03-24 23:49:10,922 - INFO - Normalized word: tino
2025-03-24 23:49:10,923 - INFO - Database connection test successful
2025-03-24 23:49:10,933 - INFO - Word data fetched: True
2025-03-24 23:49:10,934 - INFO - Beginning to unpack word data
2025-03-24 23:49:10,934 - INFO - Successfully unpacked word data
2025-03-24 23:49:10,934 - INFO - word_id: 56979, lemma: tinô, language_code: tl
2025-03-24 23:49:10,934 - INFO - has_baybayin: True, baybayin_form: ᜆᜒᜈᜓ, romanized_form: tinu
2025-03-24 23:49:10,935 - INFO - preferred_spelling: None, root_word_id: None
2025-03-24 23:49:10,935 - INFO - def_sources type: <class 'list'>, ety_sources type: <class 'list'>
2025-03-24 23:49:10,935 - INFO - tags type: <class 'NoneType'>, source_info type: <class 'dict'>
2025-03-24 23:49:10,935 - INFO - Building basic information tree
2025-03-24 23:49:10,935 - INFO - Adding preferred spelling if available
2025-03-24 23:49:10,936 - INFO - Adding Baybayin form if available
2025-03-24 23:49:10,936 - INFO - Adding root word if available
2025-03-24 23:49:10,936 - INFO - Gathering sources - starting
2025-03-24 23:49:10,936 - INFO - Processing tags
2025-03-24 23:49:10,936 - INFO - Processing source_info
2025-03-24 23:49:10,936 - INFO - Processing def_sources
2025-03-24 23:49:10,936 - INFO - def_sources content: ['diksiyonaryo.ph', 'kaikki.org (Tagalog)']
2025-03-24 23:49:10,936 - INFO - Processing def_source: diksiyonaryo.ph, type: <class 'str'>
2025-03-24 23:49:10,936 - INFO - Processing def_source: kaikki.org (Tagalog), type: <class 'str'>
2025-03-24 23:49:10,936 - INFO - Processing ety_sources
2025-03-24 23:49:10,936 - INFO - ety_sources content: [None]
2025-03-24 23:49:10,936 - WARNING - Found None value in ety_sources
