2025-04-16 11:39:17,986 - INFO - Starting table creation/update process.
2025-04-16 11:39:18,629 - INFO - Tables created or updated successfully.
2025-04-16 11:39:18,638 - INFO - Starting processing for Kaikki.org (Tagalog) from ..\data\kaikki.jsonl
2025-04-16 11:39:18,638 - INFO - Processing Kaikki dictionary: ..\data\kaikki.jsonl with source ID: 'kaikki.org (Tagalog)'
2025-04-16 11:39:18,966 - INFO - Found 27964 entries to process in ..\data\kaikki.jsonl
2025-04-16 11:39:18,967 - INFO - Initialized BaybayinRomanizer for script romanization
2025-04-16 11:39:19,583 - INFO - Extracted parenthesized text from lemma: original='garini(garni)' → lemma='garini', note='garini(garni)'
2025-04-16 11:39:19,596 - INFO - Extracted parenthesized text from lemma: original='garito(garto)**' → lemma='garito**', note='garito(garto)**'
2025-04-16 11:39:19,605 - INFO - Extracted parenthesized text from lemma: original='nariyan(naryan)' → lemma='nariyan', note='nariyan(naryan)'
2025-04-16 11:39:19,613 - INFO - Extracted parenthesized text from lemma: original='ganiyan(ganyan)' → lemma='ganiyan', note='ganiyan(ganyan)'
2025-04-16 11:39:22,546 - INFO - Extracted parenthesized text from lemma: original='(na-)nu' → lemma='nu', note='(na-)nu'
2025-04-16 11:39:28,469 - WARNING - Vowel mark not following a consonant at position 0
2025-04-16 11:39:29,436 - INFO - Extracted parenthesized text from lemma: original='(q)abu(s)' → lemma='abu', note='(q)abu(s)'
2025-04-16 11:39:29,837 - INFO - Extracted parenthesized text from lemma: original='(q)uNah' → lemma='uNah', note='(q)uNah'
2025-04-16 11:39:31,685 - INFO - Extracted Baybayin 'ᜈ᜔' from mixed string '◌ᜈ᜔' for word '-an'.
2025-04-16 11:39:31,702 - INFO - Extracted Baybayin 'ᜈ᜔' from mixed string '◌ᜈ᜔' for word '-an'.
2025-04-16 11:39:31,721 - INFO - Extracted Baybayin 'ᜈ᜔' from mixed string '◌ᜈ᜔' for word '-an'.
2025-04-16 11:39:36,119 - WARNING - Vowel mark not following a consonant at position 0
2025-04-16 11:39:36,136 - WARNING - Vowel mark not following a consonant at position 0
2025-04-16 11:39:36,143 - WARNING - Vowel mark not following a consonant at position 0
2025-04-16 11:39:40,803 - INFO - Extracted parenthesized text from lemma: original='(si-)ida' → lemma='ida', note='(si-)ida'
2025-04-16 11:39:41,970 - WARNING - Vowel mark not following a consonant at position 0
2025-04-16 11:39:42,476 - INFO - Extracted parenthesized text from lemma: original='(w)asu' → lemma='asu', note='(w)asu'
2025-04-16 11:39:45,399 - WARNING - Vowel mark not following a consonant at position 0
2025-04-16 11:39:45,412 - WARNING - Vowel mark not following a consonant at position 0
2025-04-16 11:40:18,223 - INFO - Extracted parenthesized text from lemma: original='(i-)Cu' → lemma='Cu', note='(i-)Cu'
2025-04-16 11:40:25,449 - WARNING - Vowel mark not following a consonant at position 0
2025-04-16 11:40:28,718 - INFO - Extracted Baybayin 'ᜈ' from mixed string '◌ᜈ' for word '-ana'.
2025-04-16 11:40:34,736 - INFO - Extracted parenthesized text from lemma: original='pili(h)' → lemma='pili', note='pili(h)'
2025-04-16 11:40:37,784 - INFO - Extracted parenthesized text from lemma: original='kaS(ə)pal' → lemma='kaSpal', note='kaS(ə)pal'
2025-04-16 11:40:39,363 - INFO - Extracted parenthesized text from lemma: original='(q)aʀuhu' → lemma='aʀuhu', note='(q)aʀuhu'
2025-04-16 11:40:43,873 - WARNING - Error closing connection: set_session cannot be used inside a transaction
