2025-02-08 19:51:21,735 - INFO - Attempting database connection...
2025-02-08 19:51:21,736 - INFO - Database configuration:
2025-02-08 19:51:21,737 - INFO -   Database Name: fil_dict_db
2025-02-08 19:51:21,738 - INFO -   User: postgres
2025-02-08 19:51:21,739 - INFO -   Host: localhost
2025-02-08 19:51:21,739 - INFO -   Password: ********
2025-02-08 19:51:21,828 - INFO - Successfully established database connection
2025-02-08 19:51:21,829 - INFO - Setting up PostgreSQL extensions...
2025-02-08 19:51:21,829 - INFO - Checking extension: pg_trgm
2025-02-08 19:51:21,889 - INFO - Extension already installed: pg_trgm
2025-02-08 19:51:21,889 - INFO - Checking extension: unaccent
2025-02-08 19:51:21,890 - INFO - Extension already installed: unaccent
2025-02-08 19:51:21,890 - INFO - Checking extension: fuzzystrmatch
2025-02-08 19:51:21,891 - INFO - Extension already installed: fuzzystrmatch
2025-02-08 19:51:21,891 - INFO - Extensions setup completed
2025-02-08 19:51:21,891 - INFO - Starting table creation/update process.
2025-02-08 19:51:21,953 - INFO - Tables created or updated successfully.
2025-02-08 19:51:21,959 - INFO - Processing Tagalog words from: data/tagalog-words.json
2025-02-08 19:55:25,402 - INFO - Processing root words from: data/root_words_with_associated_words_cleaned.json
2025-02-08 19:56:41,027 - INFO - Processing KWF dictionary from: data/kwf_dictionary.json
2025-02-08 20:00:20,795 - INFO - Starting to process Kaikki file: data/kaikki.jsonl
2025-02-08 20:05:24,143 - INFO - Starting to process Kaikki file: data/kaikki-ceb.jsonl
2025-02-08 20:07:25,073 - INFO - Processing Baybayin entries...
2025-02-08 20:07:25,191 - INFO - Updating standalone Baybayin entry (ID: 124212)
2025-02-08 20:07:25,199 - WARNING - Skipping duplicate normalized form for Baybayin entry 124212: istadus unidus
2025-02-08 20:07:25,201 - INFO - Updating standalone Baybayin entry (ID: 124214)
2025-02-08 20:07:25,203 - WARNING - Skipping duplicate normalized form for Baybayin entry 124214: awit nang manga awit
2025-02-08 20:07:25,205 - INFO - Updating standalone Baybayin entry (ID: 124215)
2025-02-08 20:07:25,206 - WARNING - Skipping duplicate normalized form for Baybayin entry 124215: kapag binatu ka nang batu , batuhin mu nang tinapay
2025-02-08 20:07:25,208 - INFO - Updating standalone Baybayin entry (ID: 124216)
2025-02-08 20:07:25,209 - WARNING - Skipping duplicate normalized form for Baybayin entry 124216: sa maniwala ka u sa hindi
2025-02-08 20:07:25,211 - INFO - Updating standalone Baybayin entry (ID: 124217)
2025-02-08 20:07:25,213 - WARNING - Skipping duplicate normalized form for Baybayin entry 124217: may tainga ang lupa , may pakpak ang balita
2025-02-08 20:07:25,215 - INFO - Merging Baybayin entry (ID: 124218) with romanized form: basa
2025-02-08 20:07:25,334 - INFO - Updating standalone Baybayin entry (ID: 124219)
2025-02-08 20:07:25,335 - WARNING - Skipping duplicate normalized form for Baybayin entry 124219: adlaw sa manga kalag
2025-02-08 20:07:25,337 - INFO - Updating standalone Baybayin entry (ID: 124220)
2025-02-08 20:07:25,338 - WARNING - Skipping duplicate normalized form for Baybayin entry 124220: balay lungsud
2025-02-08 20:07:25,340 - INFO - Merging Baybayin entry (ID: 124221) with romanized form: anak sa labas
2025-02-08 20:07:25,359 - WARNING - Invalid Baybayin text detected: ᜊᜊᜌᜒ — Pre-virama
2025-02-08 20:07:25,361 - WARNING - Invalid Baybayin text detected: -um- ᜓᜋ᜔
2025-02-08 20:07:25,363 - WARNING - Invalid Baybayin text detected: batik ᜊᜆᜒᜃ᜔
2025-02-08 20:07:25,365 - WARNING - Invalid Baybayin text detected: bumatik ᜊᜓᜋᜆᜒᜃ᜔
2025-02-08 20:07:25,367 - WARNING - Invalid Baybayin text detected: bumatik ᜊᜓᜋᜆᜒᜃ᜔ bungmatik1 ᜊᜓᜅ᜔ᜋᜆᜒᜃ᜔
2025-02-08 20:07:25,369 - WARNING - Invalid Baybayin text detected: bumabatikᜊᜓᜋᜊᜆᜒᜃ᜔bungmabatik1 ᜊᜓᜅ᜔ᜋᜊᜆᜒᜃ᜔ nabatik2ᜈ ᜊᜆᜒᜃ᜔
2025-02-08 20:07:25,370 - WARNING - Invalid Baybayin text detected: babatik ᜊᜊᜆᜒᜃ᜔mabatik2 ᜋ ᜊᜆᜒᜃ᜔
2025-02-08 20:07:25,372 - WARNING - Invalid Baybayin text detected: kababatik ᜃᜊᜊᜆᜒᜃ᜔
2025-02-08 20:07:25,373 - WARNING - Invalid Baybayin text detected: bumatik ᜊᜓᜋᜆᜒᜃ᜔batik2 ᜊᜆᜒᜃ᜔
2025-02-08 20:07:25,374 - WARNING - Invalid Baybayin text detected: kakabatikᜃᜃᜊᜆᜒᜃ᜔
2025-02-08 20:07:25,377 - INFO - Updating standalone Baybayin entry (ID: 95386)
2025-02-08 20:07:25,381 - INFO - Updating standalone Baybayin entry (ID: 104894)
2025-02-08 20:07:25,385 - INFO - Updating standalone Baybayin entry (ID: 98927)
2025-02-08 20:07:25,389 - INFO - Updating standalone Baybayin entry (ID: 107186)
2025-02-08 20:07:25,401 - INFO - Updating standalone Baybayin entry (ID: 107311)
2025-02-08 20:07:25,407 - INFO - Updating standalone Baybayin entry (ID: 107473)
2025-02-08 20:07:25,409 - INFO - Updating standalone Baybayin entry (ID: 123825)
2025-02-08 20:07:25,419 - INFO - Updating standalone Baybayin entry (ID: 123841)
2025-02-08 20:07:27,307 - INFO - Migration completed successfully
