2025-01-17 01:58:13,124 - INFO - Starting fresh data migration process
2025-01-17 01:58:13,125 - INFO - Attempting database connection...
2025-01-17 01:58:13,126 - INFO - Database configuration:
2025-01-17 01:58:13,127 - INFO -   Database Name: fil_dict_db
2025-01-17 01:58:13,127 - INFO -   User: postgres
2025-01-17 01:58:13,128 - INFO -   Host: localhost
2025-01-17 01:58:13,128 - INFO -   Password: ********
2025-01-17 01:58:13,346 - INFO - Successfully established database connection
2025-01-17 01:58:13,347 - INFO - Dropping all existing tables...
2025-01-17 01:58:13,355 - INFO - Setting up PostgreSQL extensions...
2025-01-17 01:58:13,356 - INFO - Checking extension: pg_trgm
2025-01-17 01:58:13,368 - INFO - Installing extension: pg_trgm
2025-01-17 01:58:13,739 - INFO - Successfully installed extension: pg_trgm
2025-01-17 01:58:13,742 - INFO - Checking extension: unaccent
2025-01-17 01:58:13,747 - INFO - Installing extension: unaccent
2025-01-17 01:58:13,841 - INFO - Successfully installed extension: unaccent
2025-01-17 01:58:13,843 - INFO - Checking extension: fuzzystrmatch
2025-01-17 01:58:13,850 - INFO - Installing extension: fuzzystrmatch
2025-01-17 01:58:13,964 - INFO - Successfully installed extension: fuzzystrmatch
2025-01-17 01:58:13,969 - INFO - Extensions setup completed
2025-01-17 01:58:13,970 - INFO - Creating new database tables
2025-01-17 01:58:13,972 - INFO - Starting table creation/update process.
2025-01-17 01:58:14,267 - INFO - Tables created or updated successfully.
2025-01-17 01:58:14,268 - INFO - Beginning data processing
2025-01-17 01:58:14,268 - INFO - 1. Processing Tagalog words
2025-01-17 01:58:14,269 - INFO - Starting to process Tagalog words file: data/tagalog-words.json
2025-01-17 01:58:14,270 - INFO - Using source identifier: tagalog-words.json
2025-01-17 01:58:14,783 - INFO - Successfully loaded JSON data with 65328 entries
2025-01-17 02:13:34,824 - INFO - Completed processing Tagalog words file: data/tagalog-words.json
2025-01-17 02:13:34,876 - INFO - Processing Baybayin entries from recent import...
2025-01-17 02:13:34,878 - INFO - Processing Baybayin entries...
2025-01-17 02:13:34,960 - INFO - 2. Processing Root words
2025-01-17 02:13:34,972 - INFO - Starting to process Root Words file: data/root_words_with_associated_words_cleaned.json
2025-01-17 02:13:34,974 - INFO - Using source identifier: root_words_with_associated_words_cleaned.json
2025-01-17 02:13:35,159 - INFO - Successfully loaded JSON data with 2238 entries
2025-01-17 02:16:07,710 - INFO - Completed processing Root Words file: data/root_words_with_associated_words_cleaned.json
2025-01-17 02:16:07,722 - INFO - Processing Baybayin entries from recent import...
2025-01-17 02:16:07,726 - INFO - Processing Baybayin entries...
2025-01-17 02:16:08,428 - INFO - 3. Processing KWF Dictionary
2025-01-17 02:16:08,432 - INFO - Starting to process KWF Dictionary: data/kwf_dictionary.json
2025-01-17 02:16:08,437 - INFO - Using source identifier: kwf_dictionary.json
2025-01-17 02:16:11,210 - INFO - Successfully loaded KWF data with 30734 entries
2025-01-17 02:22:56,855 - INFO - Completed processing KWF Dictionary
2025-01-17 02:22:56,925 - INFO - Processing Baybayin entries from recent import...
2025-01-17 02:22:56,926 - INFO - Processing Baybayin entries...
2025-01-17 02:22:57,027 - INFO - 4. Processing Kaikki (Tagalog)
2025-01-17 02:22:57,027 - INFO - Starting to process Kaikki file: data/kaikki.jsonl
2025-01-17 02:40:58,842 - INFO - Processing Baybayin entries from recent import...
2025-01-17 02:40:58,843 - INFO - Processing Baybayin entries...
2025-01-17 02:40:59,114 - INFO - Updating standalone Baybayin entry (ID: 86685)
2025-01-17 02:40:59,269 - INFO - Updating standalone Baybayin entry (ID: 90049)
2025-01-17 02:40:59,399 - INFO - Updating standalone Baybayin entry (ID: 99011)
2025-01-17 02:40:59,552 - INFO - Merging Baybayin entry (ID: 99955) with romanized form: may gatas pa sa labi
2025-01-17 02:40:59,919 - INFO - Updating standalone Baybayin entry (ID: 118257)
2025-01-17 02:41:00,044 - INFO - Updating standalone Baybayin entry (ID: 128087)
2025-01-17 02:41:00,176 - INFO - Updating standalone Baybayin entry (ID: 128173)
2025-01-17 02:41:00,313 - INFO - Updating standalone Baybayin entry (ID: 128174)
2025-01-17 02:41:00,453 - INFO - Updating standalone Baybayin entry (ID: 128175)
2025-01-17 02:41:00,590 - INFO - Updating standalone Baybayin entry (ID: 128176)
2025-01-17 02:41:00,742 - INFO - Updating standalone Baybayin entry (ID: 128177)
2025-01-17 02:41:00,888 - INFO - Updating standalone Baybayin entry (ID: 128178)
2025-01-17 02:41:01,025 - INFO - Updating standalone Baybayin entry (ID: 128179)
2025-01-17 02:41:01,167 - INFO - Updating standalone Baybayin entry (ID: 128180)
2025-01-17 02:41:01,554 - INFO - Updating standalone Baybayin entry (ID: 128181)
2025-01-17 02:41:02,432 - INFO - Updating standalone Baybayin entry (ID: 148072)
2025-01-17 02:41:02,571 - INFO - Updating standalone Baybayin entry (ID: 96685)
2025-01-17 02:41:02,722 - INFO - Updating standalone Baybayin entry (ID: 148079)
2025-01-17 02:41:02,836 - INFO - Updating standalone Baybayin entry (ID: 101153)
2025-01-17 02:41:02,995 - INFO - Updating standalone Baybayin entry (ID: 89134)
2025-01-17 02:41:03,126 - INFO - Updating standalone Baybayin entry (ID: 85966)
2025-01-17 02:41:03,228 - INFO - Updating standalone Baybayin entry (ID: 148082)
2025-01-17 02:41:03,381 - INFO - Merging Baybayin entry (ID: 85913) with romanized form: abay
2025-01-17 02:41:06,069 - INFO - 5. Processing Kaikki (Cebuano)
2025-01-17 02:41:06,069 - INFO - Starting to process Kaikki file: data/kaikki-ceb.jsonl
2025-01-17 02:42:33,387 - INFO - Processing Baybayin entries from recent import...
2025-01-17 02:42:33,387 - INFO - Processing Baybayin entries...
2025-01-17 02:42:33,654 - INFO - Updating standalone Baybayin entry (ID: 128173)
2025-01-17 02:42:33,802 - INFO - Updating standalone Baybayin entry (ID: 86685)
2025-01-17 02:42:33,936 - INFO - Updating standalone Baybayin entry (ID: 90049)
2025-01-17 02:42:34,073 - INFO - Updating standalone Baybayin entry (ID: 99011)
2025-01-17 02:42:34,215 - INFO - Updating standalone Baybayin entry (ID: 118257)
2025-01-17 02:42:34,378 - INFO - Updating standalone Baybayin entry (ID: 128087)
2025-01-17 02:42:34,541 - INFO - Updating standalone Baybayin entry (ID: 128174)
2025-01-17 02:42:34,702 - INFO - Updating standalone Baybayin entry (ID: 128175)
2025-01-17 02:42:34,875 - INFO - Updating standalone Baybayin entry (ID: 128176)
2025-01-17 02:42:35,029 - INFO - Updating standalone Baybayin entry (ID: 128177)
2025-01-17 02:42:35,169 - INFO - Updating standalone Baybayin entry (ID: 128178)
2025-01-17 02:42:35,315 - INFO - Updating standalone Baybayin entry (ID: 128179)
2025-01-17 02:42:35,482 - INFO - Updating standalone Baybayin entry (ID: 128180)
2025-01-17 02:42:35,635 - INFO - Updating standalone Baybayin entry (ID: 128181)
2025-01-17 02:42:35,798 - INFO - Updating standalone Baybayin entry (ID: 148072)
2025-01-17 02:42:35,938 - INFO - Updating standalone Baybayin entry (ID: 96685)
2025-01-17 02:42:36,097 - INFO - Updating standalone Baybayin entry (ID: 148079)
2025-01-17 02:42:36,219 - INFO - Updating standalone Baybayin entry (ID: 101153)
2025-01-17 02:42:36,371 - INFO - Updating standalone Baybayin entry (ID: 89134)
2025-01-17 02:42:36,526 - INFO - Updating standalone Baybayin entry (ID: 85966)
2025-01-17 02:42:36,687 - INFO - Updating standalone Baybayin entry (ID: 148082)
2025-01-17 02:42:36,828 - INFO - Merging Baybayin entry (ID: 173885) with romanized form: adlaw sa manga kalag
2025-01-17 02:42:38,308 - INFO - Updating standalone Baybayin entry (ID: 173908)
2025-01-17 02:42:38,459 - INFO - Merging Baybayin entry (ID: 173297) with romanized form: basa
2025-01-17 02:42:38,764 - INFO - Standardizing etymology language codes...
2025-01-17 02:42:38,764 - INFO - Standardizing existing etymology language codes...
2025-01-17 02:43:13,654 - INFO - Standardized 93278 etymology entries
2025-01-17 02:43:13,660 - INFO - Migration completed successfully
2025-01-17 02:43:13,661 - INFO - Database connection closed
