2025-04-01 10:42:16,046 - INFO - Starting lookup for word: 'charot'
2025-04-01 10:42:16,083 - INFO - pg_trgm extension installed: True
2025-04-01 10:42:16,083 - INFO - Executing exact match query for 'charot'
2025-04-01 10:42:16,348 - INFO - Found 1 exact matches
2025-04-01 10:42:16,349 - INFO - Processing result 1/1
2025-04-01 10:42:16,349 - INFO - Word ID: 136159
2025-04-01 10:42:16,350 - INFO - Lemma: charot
2025-04-01 10:42:16,350 - INFO - Language code: tl
2025-04-01 10:42:16,356 - INFO - Querying pronunciations for word_id 136159
2025-04-01 10:42:16,358 - INFO - Found 3 pronunciations
2025-04-01 10:42:16,364 - INFO - Querying etymologies for word_id 136159
2025-04-01 10:42:16,371 - INFO - Found 1 etymologies
2025-04-01 10:42:16,373 - INFO - Querying definitions for word_id 136159
2025-04-01 10:42:16,387 - INFO - Found 6 definitions
2025-04-01 10:42:16,388 - INFO - Processing definition 1/6
2025-04-01 10:42:16,391 - INFO - Processing definition 2/6
2025-04-01 10:42:16,393 - INFO - Processing definition 3/6
2025-04-01 10:42:16,394 - INFO - Processing definition 4/6
2025-04-01 10:42:16,395 - INFO - Processing definition 5/6
2025-04-01 10:42:16,396 - INFO - Processing definition 6/6
2025-04-01 10:42:16,397 - INFO - Querying relations for word_id 136159
2025-04-01 10:42:16,406 - INFO - Found 5 relations
2025-04-01 10:42:16,413 - INFO - Database connection closed
