2025-02-09 16:48:42,228 - INFO - Attempting database connection...
2025-02-09 16:48:42,228 - INFO - Database configuration:
2025-02-09 16:48:42,229 - INFO -   Database Name: fil_dict_db
2025-02-09 16:48:42,229 - INFO -   User: postgres
2025-02-09 16:48:42,229 - INFO -   Host: localhost
2025-02-09 16:48:42,229 - INFO -   Password: ********
2025-02-09 16:48:42,263 - INFO - Successfully established database connection
2025-02-09 16:48:42,263 - INFO - Setting up PostgreSQL extensions...
2025-02-09 16:48:42,263 - INFO - Checking extension: pg_trgm
2025-02-09 16:48:42,270 - INFO - Extension already installed: pg_trgm
2025-02-09 16:48:42,270 - INFO - Checking extension: unaccent
2025-02-09 16:48:42,270 - INFO - Extension already installed: unaccent
2025-02-09 16:48:42,271 - INFO - Checking extension: fuzzystrmatch
2025-02-09 16:48:42,271 - INFO - Extension already installed: fuzzystrmatch
2025-02-09 16:48:42,271 - INFO - Extensions setup completed
2025-02-09 16:48:42,271 - INFO - Starting table creation/update process.
2025-02-09 16:48:42,309 - INFO - Standardizing source names...
2025-02-09 16:49:08,056 - INFO - Source names standardization completed
2025-02-09 16:49:08,065 - INFO - Tables created or updated successfully.
2025-02-09 16:49:08,068 - INFO - Processing Tagalog words from: data/tagalog-words.json
2025-02-09 16:50:13,737 - INFO - Processing root words from: data/root_words_with_associated_words_cleaned.json
2025-02-09 16:50:38,507 - INFO - Processing KWF dictionary from: data/kwf_dictionary.json
2025-02-09 16:52:06,482 - INFO - Starting to process Kaikki file: data/kaikki.jsonl
2025-02-09 16:52:06,512 - WARNING - Invalid Baybayin data for word 'lente', clearing baybayin fields.
2025-02-09 16:52:06,518 - WARNING - Invalid Baybayin data for word 'abnormal', clearing baybayin fields.
2025-02-09 16:52:06,521 - WARNING - Invalid Baybayin data for word 'abdominal', clearing baybayin fields.
2025-02-09 16:52:06,524 - WARNING - Invalid Baybayin data for word 'tago', clearing baybayin fields.
2025-02-09 16:52:06,536 - WARNING - Invalid Baybayin data for word 'tago', clearing baybayin fields.
2025-02-09 16:52:06,538 - WARNING - Invalid Baybayin data for word 'abdomen', clearing baybayin fields.
2025-02-09 16:52:06,539 - WARNING - Invalid Baybayin data for word 'absent', clearing baybayin fields.
2025-02-09 16:52:06,545 - WARNING - Invalid Baybayin data for word 'libre', clearing baybayin fields.
2025-02-09 16:52:06,562 - WARNING - Invalid Baybayin data for word 'libre', clearing baybayin fields.
2025-02-09 16:52:06,564 - ERROR - Error processing entry 'may': list index out of range
2025-02-09 16:52:06,565 - ERROR - Error processing entry 'may': list index out of range
2025-02-09 16:52:06,566 - WARNING - Invalid Baybayin data for word 'menos', clearing baybayin fields.
2025-02-09 16:52:06,569 - WARNING - Invalid Baybayin data for word 'abate', clearing baybayin fields.
2025-02-09 16:52:06,571 - WARNING - Invalid Baybayin data for word 'peso', clearing baybayin fields.
2025-02-09 16:52:06,572 - WARNING - Invalid Baybayin data for word 'tao', clearing baybayin fields.
2025-02-09 16:52:06,657 - WARNING - Invalid Baybayin data for word 'tao', clearing baybayin fields.
2025-02-09 16:52:06,670 - WARNING - Invalid Baybayin data for word 'are', clearing baybayin fields.
2025-02-09 16:52:06,671 - WARNING - Invalid Baybayin data for word 'robot', clearing baybayin fields.
2025-02-09 16:52:06,684 - WARNING - Invalid Baybayin data for word 'a-', clearing baybayin fields.
2025-02-09 16:52:06,690 - WARNING - Invalid Baybayin data for word 'also', clearing baybayin fields.
2025-02-09 16:52:06,693 - WARNING - Invalid Baybayin data for word 'mars', clearing baybayin fields.
2025-02-09 16:52:06,698 - WARNING - Invalid Baybayin data for word 'y', clearing baybayin fields.
2025-02-09 16:52:06,699 - WARNING - Invalid Baybayin data for word 'y', clearing baybayin fields.
2025-02-09 16:52:06,701 - WARNING - Invalid Baybayin data for word 'y', clearing baybayin fields.
2025-02-09 16:52:06,703 - WARNING - Invalid Baybayin data for word 'y', clearing baybayin fields.
2025-02-09 16:52:06,730 - WARNING - Invalid Baybayin data for word 'te', clearing baybayin fields.
2025-02-09 16:52:06,731 - WARNING - Invalid Baybayin data for word 'te', clearing baybayin fields.
2025-02-09 16:52:06,737 - WARNING - Invalid Baybayin data for word 'presidente', clearing baybayin fields.
2025-02-09 16:52:06,742 - WARNING - Invalid Baybayin data for word 'A', clearing baybayin fields.
2025-02-09 16:52:06,802 - WARNING - Invalid Baybayin data for word 'on', clearing baybayin fields.
2025-02-09 16:52:06,804 - WARNING - Invalid Baybayin data for word 'tigre', clearing baybayin fields.
2025-02-09 16:52:06,807 - WARNING - Invalid Baybayin data for word 'de', clearing baybayin fields.
2025-02-09 16:52:06,809 - WARNING - Invalid Baybayin data for word 'de', clearing baybayin fields.
2025-02-09 16:52:06,825 - WARNING - Invalid Baybayin data for word 'radar', clearing baybayin fields.
2025-02-09 16:52:06,831 - WARNING - Invalid Baybayin data for word 'ao', clearing baybayin fields.
2025-02-09 16:52:06,832 - WARNING - Invalid Baybayin data for word 'mental', clearing baybayin fields.
2025-02-09 16:52:06,833 - WARNING - Invalid Baybayin data for word 'mental', clearing baybayin fields.
2025-02-09 16:52:06,835 - WARNING - Invalid Baybayin data for word 'be', clearing baybayin fields.
2025-02-09 16:52:06,836 - WARNING - Invalid Baybayin data for word 'noon', clearing baybayin fields.
2025-02-09 16:52:06,839 - WARNING - Invalid Baybayin data for word 'noon', clearing baybayin fields.
2025-02-09 16:52:06,840 - WARNING - Invalid Baybayin data for word 'abandono', clearing baybayin fields.
2025-02-09 16:52:06,842 - WARNING - Invalid Baybayin data for word 'en', clearing baybayin fields.
2025-02-09 16:52:06,843 - WARNING - Invalid Baybayin data for word 'ate', clearing baybayin fields.
2025-02-09 16:52:06,861 - WARNING - Invalid Baybayin data for word 'ate', clearing baybayin fields.
2025-02-09 16:52:06,866 - WARNING - Invalid Baybayin data for word 'o', clearing baybayin fields.
2025-02-09 16:52:06,915 - WARNING - Invalid Baybayin data for word 'o', clearing baybayin fields.
2025-02-09 16:52:06,951 - WARNING - Invalid Baybayin data for word 'o', clearing baybayin fields.
2025-02-09 16:52:06,954 - WARNING - Invalid Baybayin data for word 'o', clearing baybayin fields.
2025-02-09 16:52:06,956 - WARNING - Invalid Baybayin data for word 'o', clearing baybayin fields.
2025-02-09 16:52:06,961 - WARNING - Invalid Baybayin data for word 'i', clearing baybayin fields.
2025-02-09 16:52:07,036 - WARNING - Invalid Baybayin data for word 'mundo', clearing baybayin fields.
2025-02-09 16:52:07,040 - WARNING - Invalid Baybayin data for word 'mundo', clearing baybayin fields.
2025-02-09 16:52:07,047 - WARNING - Invalid Baybayin data for word 'el', clearing baybayin fields.
2025-02-09 16:52:07,048 - ERROR - Error processing entry 'el': list index out of range
2025-02-09 16:52:07,049 - WARNING - Invalid Baybayin data for word 'sombrero', clearing baybayin fields.
2025-02-09 16:52:07,050 - WARNING - Invalid Baybayin data for word 'bold', clearing baybayin fields.
2025-02-09 16:52:07,052 - WARNING - Invalid Baybayin data for word 'bold', clearing baybayin fields.
2025-02-09 16:52:07,066 - WARNING - Invalid Baybayin data for word 'regular', clearing baybayin fields.
2025-02-09 16:52:07,079 - WARNING - Invalid Baybayin data for word 'beso', clearing baybayin fields.
2025-02-09 16:52:07,084 - ERROR - Error processing entry 'balatik': list index out of range
2025-02-09 16:52:07,089 - WARNING - Invalid Baybayin data for word 'PI', clearing baybayin fields.
2025-02-09 16:52:07,090 - WARNING - Invalid Baybayin data for word 'balido', clearing baybayin fields.
2025-02-09 16:52:07,128 - WARNING - Invalid Baybayin data for word 'grupo', clearing baybayin fields.
2025-02-09 16:52:07,135 - WARNING - Invalid Baybayin data for word 'OA', clearing baybayin fields.
2025-02-09 16:52:07,137 - WARNING - Invalid Baybayin data for word 'baon', clearing baybayin fields.
2025-02-09 16:52:07,139 - ERROR - Error processing entry 'baon': list index out of range
2025-02-09 16:52:07,139 - WARNING - Invalid Baybayin data for word 'baon', clearing baybayin fields.
2025-02-09 16:52:07,141 - WARNING - Invalid Baybayin data for word 'baon', clearing baybayin fields.
2025-02-09 16:52:07,152 - WARNING - Invalid Baybayin data for word 'alo', clearing baybayin fields.
2025-02-09 16:52:07,158 - WARNING - Invalid Baybayin data for word 'barato', clearing baybayin fields.
2025-02-09 16:52:07,263 - WARNING - Invalid Baybayin data for word 'hamster', clearing baybayin fields.
2025-02-09 16:52:07,264 - WARNING - Invalid Baybayin data for word 'boss', clearing baybayin fields.
2025-02-09 16:52:07,265 - WARNING - Invalid Baybayin data for word 'salmon', clearing baybayin fields.
2025-02-09 16:52:07,267 - WARNING - Invalid Baybayin data for word 'granada', clearing baybayin fields.
2025-02-09 16:52:07,271 - WARNING - Invalid Baybayin data for word 'matadero', clearing baybayin fields.
2025-02-09 16:52:07,291 - WARNING - Invalid Baybayin data for word 'pato', clearing baybayin fields.
2025-02-09 16:52:07,295 - WARNING - Invalid Baybayin data for word 'boy', clearing baybayin fields.
2025-02-09 16:52:07,304 - WARNING - Invalid Baybayin data for word 'matador', clearing baybayin fields.
2025-02-09 16:52:07,308 - ERROR - Error processing entry 'saya': list index out of range
2025-02-09 16:52:07,318 - ERROR - Error processing entry 'Sydney': list index out of range
2025-02-09 16:52:07,319 - WARNING - Invalid Baybayin data for word 'torta', clearing baybayin fields.
2025-02-09 16:52:07,384 - ERROR - Error processing entry 'kali': list index out of range
2025-02-09 16:52:07,387 - WARNING - Invalid Baybayin data for word 'ke', clearing baybayin fields.
2025-02-09 16:52:07,389 - WARNING - Invalid Baybayin data for word 'ke', clearing baybayin fields.
2025-02-09 16:52:07,510 - WARNING - Invalid Baybayin data for word 'dodo', clearing baybayin fields.
2025-02-09 16:52:07,512 - WARNING - Invalid Baybayin data for word 'liberal', clearing baybayin fields.
2025-02-09 16:52:07,515 - ERROR - Error processing entry 'ba': list index out of range
2025-02-09 16:52:07,609 - WARNING - Invalid Baybayin data for word 'he', clearing baybayin fields.
2025-02-09 16:52:07,612 - WARNING - Invalid Baybayin data for word 'he', clearing baybayin fields.
2025-02-09 16:52:07,613 - WARNING - Invalid Baybayin data for word 'lingo', clearing baybayin fields.
2025-02-09 16:52:07,615 - ERROR - Error processing entry 'suka': list index out of range
2025-02-09 16:52:07,629 - ERROR - Error processing entry 'pain': list index out of range
2025-02-09 16:52:07,630 - ERROR - Error processing entry 'pula': list index out of range
2025-02-09 16:52:07,632 - ERROR - Error processing entry 'pula': list index out of range
2025-02-09 16:52:07,642 - WARNING - Invalid Baybayin data for word 'among', clearing baybayin fields.
2025-02-09 16:52:07,644 - WARNING - Invalid Baybayin data for word 'look', clearing baybayin fields.
2025-02-09 16:52:07,648 - ERROR - Error processing entry 'look': list index out of range
2025-02-09 16:52:07,648 - WARNING - Invalid Baybayin data for word 'legal', clearing baybayin fields.
2025-02-09 16:52:07,651 - WARNING - Invalid Baybayin data for word 'ye', clearing baybayin fields.
2025-02-09 16:52:07,654 - WARNING - Invalid Baybayin data for word 'bra', clearing baybayin fields.
2025-02-09 16:52:07,667 - WARNING - Invalid Baybayin data for word 'betun', clearing baybayin fields.
2025-02-09 16:52:07,668 - WARNING - Invalid Baybayin data for word 'tore', clearing baybayin fields.
2025-02-09 16:52:07,674 - WARNING - Invalid Baybayin data for word 'ideal', clearing baybayin fields.
2025-02-09 16:52:07,682 - WARNING - Invalid Baybayin data for word 'ideal', clearing baybayin fields.
2025-02-09 16:52:07,688 - WARNING - Invalid Baybayin data for word 'abako', clearing baybayin fields.
2025-02-09 16:52:07,689 - WARNING - Invalid Baybayin data for word 'me', clearing baybayin fields.
2025-02-09 16:52:07,691 - WARNING - Invalid Baybayin data for word 'me', clearing baybayin fields.
2025-02-09 16:52:07,692 - WARNING - Invalid Baybayin data for word 'basket', clearing baybayin fields.
2025-02-09 16:52:07,699 - WARNING - Invalid Baybayin data for word 'basket', clearing baybayin fields.
2025-02-09 16:52:07,701 - WARNING - Invalid Baybayin data for word 'simple', clearing baybayin fields.
2025-02-09 16:52:07,719 - WARNING - Invalid Baybayin data for word 'rumor', clearing baybayin fields.
2025-02-09 16:52:07,721 - WARNING - Invalid Baybayin data for word 'bir', clearing baybayin fields.
2025-02-09 16:52:07,724 - WARNING - Invalid Baybayin data for word '-rin', clearing baybayin fields.
2025-02-09 16:52:07,725 - ERROR - Error processing entry '-rin': list index out of range
2025-02-09 16:52:07,726 - WARNING - Invalid Baybayin data for word 'rin', clearing baybayin fields.
2025-02-09 16:52:07,734 - WARNING - Invalid Baybayin data for word 'baron', clearing baybayin fields.
2025-02-09 16:52:07,737 - WARNING - Invalid Baybayin data for word 'duke', clearing baybayin fields.
2025-02-09 16:52:07,739 - WARNING - Invalid Baybayin data for word 'base', clearing baybayin fields.
2025-02-09 16:52:07,747 - WARNING - Invalid Baybayin data for word 'q', clearing baybayin fields.
2025-02-09 16:52:07,749 - WARNING - Invalid Baybayin data for word 'q', clearing baybayin fields.
2025-02-09 16:52:07,753 - ERROR - Error processing entry 'mana': list index out of range
2025-02-09 16:52:07,754 - WARNING - Invalid Baybayin data for word 'ese', clearing baybayin fields.
2025-02-09 16:52:07,756 - WARNING - Invalid Baybayin data for word 'tanto', clearing baybayin fields.
2025-02-09 16:52:07,759 - WARNING - Invalid Baybayin data for word 'tanto', clearing baybayin fields.
2025-02-09 16:52:07,762 - WARNING - Invalid Baybayin data for word 'tanto', clearing baybayin fields.
2025-02-09 16:52:07,766 - WARNING - Invalid Baybayin data for word 'ano', clearing baybayin fields.
2025-02-09 16:52:07,805 - WARNING - Invalid Baybayin data for word 'ano', clearing baybayin fields.
2025-02-09 16:52:07,807 - WARNING - Invalid Baybayin data for word 'ano', clearing baybayin fields.
2025-02-09 16:52:07,868 - WARNING - Invalid Baybayin data for word 'l', clearing baybayin fields.
2025-02-09 16:52:07,871 - WARNING - Invalid Baybayin data for word 'l', clearing baybayin fields.
2025-02-09 16:52:07,873 - WARNING - Invalid Baybayin data for word 'l', clearing baybayin fields.
2025-02-09 16:52:07,874 - WARNING - Invalid Baybayin data for word 'r', clearing baybayin fields.
2025-02-09 16:52:07,876 - WARNING - Invalid Baybayin data for word 'r', clearing baybayin fields.
2025-02-09 16:52:07,877 - WARNING - Invalid Baybayin data for word 'r', clearing baybayin fields.
2025-02-09 16:52:07,879 - WARNING - Invalid Baybayin data for word 'yon', clearing baybayin fields.
2025-02-09 16:52:07,881 - WARNING - Invalid Baybayin data for word 'yon', clearing baybayin fields.
2025-02-09 16:52:07,882 - WARNING - Invalid Baybayin data for word 'p', clearing baybayin fields.
2025-02-09 16:52:07,884 - WARNING - Invalid Baybayin data for word 'p', clearing baybayin fields.
2025-02-09 16:52:07,886 - WARNING - Invalid Baybayin data for word 'p', clearing baybayin fields.
2025-02-09 16:52:07,887 - ERROR - Error processing entry 'p': list index out of range
2025-02-09 16:52:07,887 - WARNING - Invalid Baybayin data for word 't', clearing baybayin fields.
2025-02-09 16:52:07,929 - WARNING - Invalid Baybayin data for word 't', clearing baybayin fields.
2025-02-09 16:52:07,930 - WARNING - Invalid Baybayin data for word 'b', clearing baybayin fields.
2025-02-09 16:52:07,932 - WARNING - Invalid Baybayin data for word 'b', clearing baybayin fields.
2025-02-09 16:52:07,933 - WARNING - Invalid Baybayin data for word 'k', clearing baybayin fields.
2025-02-09 16:52:07,937 - WARNING - Invalid Baybayin data for word 'k', clearing baybayin fields.
2025-02-09 16:52:07,938 - WARNING - Invalid Baybayin data for word 'k', clearing baybayin fields.
2025-02-09 16:52:07,939 - ERROR - Error processing entry 'k': list index out of range
2025-02-09 16:52:07,939 - WARNING - Invalid Baybayin data for word 'k', clearing baybayin fields.
2025-02-09 16:52:07,940 - ERROR - Error processing entry 'k': list index out of range
2025-02-09 16:52:07,941 - WARNING - Invalid Baybayin data for word 'g', clearing baybayin fields.
2025-02-09 16:52:07,942 - WARNING - Invalid Baybayin data for word 'g', clearing baybayin fields.
2025-02-09 16:52:07,944 - WARNING - Invalid Baybayin data for word 'g', clearing baybayin fields.
2025-02-09 16:52:07,946 - WARNING - Invalid Baybayin data for word 'g', clearing baybayin fields.
2025-02-09 16:52:07,947 - WARNING - Invalid Baybayin data for word 'm', clearing baybayin fields.
2025-02-09 16:52:07,948 - WARNING - Invalid Baybayin data for word 'm', clearing baybayin fields.
2025-02-09 16:52:07,949 - WARNING - Invalid Baybayin data for word 'm', clearing baybayin fields.
2025-02-09 16:52:07,952 - WARNING - Invalid Baybayin data for word 'anime', clearing baybayin fields.
2025-02-09 16:52:07,954 - WARNING - Invalid Baybayin data for word 'w', clearing baybayin fields.
2025-02-09 16:52:07,956 - WARNING - Invalid Baybayin data for word 'w', clearing baybayin fields.
2025-02-09 16:52:08,020 - WARNING - Invalid Baybayin data for word 'h', clearing baybayin fields.
2025-02-09 16:52:08,022 - WARNING - Invalid Baybayin data for word 'h', clearing baybayin fields.
2025-02-09 16:52:08,023 - WARNING - Invalid Baybayin data for word 'h', clearing baybayin fields.
2025-02-09 16:52:08,025 - WARNING - Invalid Baybayin data for word 'd', clearing baybayin fields.
2025-02-09 16:52:08,079 - WARNING - Invalid Baybayin data for word 'd', clearing baybayin fields.
2025-02-09 16:52:08,081 - WARNING - Invalid Baybayin data for word 'd', clearing baybayin fields.
2025-02-09 16:52:08,082 - WARNING - Invalid Baybayin data for word 'mayor', clearing baybayin fields.
2025-02-09 16:52:08,091 - WARNING - Invalid Baybayin data for word 'mayor', clearing baybayin fields.
2025-02-09 16:52:08,093 - WARNING - Invalid Baybayin data for word 'password', clearing baybayin fields.
2025-02-09 16:52:08,094 - WARNING - Invalid Baybayin data for word 'n', clearing baybayin fields.
2025-02-09 16:52:08,146 - WARNING - Invalid Baybayin data for word 'n', clearing baybayin fields.
2025-02-09 16:52:08,148 - WARNING - Invalid Baybayin data for word 'n', clearing baybayin fields.
2025-02-09 16:52:08,196 - WARNING - Invalid Baybayin data for word 'n', clearing baybayin fields.
2025-02-09 16:52:08,197 - ERROR - Error processing entry 'n': list index out of range
2025-02-09 16:52:08,198 - WARNING - Invalid Baybayin data for word 's', clearing baybayin fields.
2025-02-09 16:52:08,200 - WARNING - Invalid Baybayin data for word 's', clearing baybayin fields.
2025-02-09 16:52:08,201 - WARNING - Invalid Baybayin data for word 's', clearing baybayin fields.
2025-02-09 16:52:08,205 - WARNING - Invalid Baybayin data for word 'salt', clearing baybayin fields.
2025-02-09 16:52:08,207 - WARNING - Invalid Baybayin data for word 'key', clearing baybayin fields.
2025-02-09 16:52:08,208 - WARNING - Invalid Baybayin data for word 'e', clearing baybayin fields.
2025-02-09 16:52:08,261 - WARNING - Invalid Baybayin data for word 'e', clearing baybayin fields.
2025-02-09 16:52:08,264 - WARNING - Invalid Baybayin data for word 'e', clearing baybayin fields.
2025-02-09 16:52:08,269 - WARNING - Invalid Baybayin data for word 'u', clearing baybayin fields.
2025-02-09 16:52:08,346 - WARNING - Invalid Baybayin data for word 'hara-kiri', clearing baybayin fields.
2025-02-09 16:52:08,348 - WARNING - Invalid Baybayin data for word 'mare', clearing baybayin fields.
2025-02-09 16:52:08,350 - ERROR - Error processing entry 'aa': list index out of range
2025-02-09 16:52:08,354 - WARNING - Invalid Baybayin data for word 'edit', clearing baybayin fields.
2025-02-09 16:52:08,357 - WARNING - Invalid Baybayin data for word 'hanger', clearing baybayin fields.
2025-02-09 16:52:08,366 - WARNING - Invalid Baybayin data for word 'oh', clearing baybayin fields.
2025-02-09 16:52:08,367 - WARNING - Invalid Baybayin data for word 'oh', clearing baybayin fields.
2025-02-09 16:52:08,368 - WARNING - Invalid Baybayin data for word 'ë', clearing baybayin fields.
2025-02-09 16:52:08,376 - WARNING - Invalid Baybayin data for word 'uno', clearing baybayin fields.
2025-02-09 16:52:08,379 - WARNING - Invalid Baybayin data for word 'uno', clearing baybayin fields.
2025-02-09 16:52:08,380 - WARNING - Invalid Baybayin data for word 'kimono', clearing baybayin fields.
2025-02-09 16:52:08,382 - WARNING - Invalid Baybayin data for word 'tres', clearing baybayin fields.
2025-02-09 16:52:08,400 - WARNING - Invalid Baybayin data for word 'arbor', clearing baybayin fields.
2025-02-09 16:52:08,411 - WARNING - Invalid Baybayin data for word 'libro', clearing baybayin fields.
2025-02-09 16:52:08,424 - ERROR - Error processing entry 'ni': list index out of range
2025-02-09 16:52:08,434 - WARNING - Invalid Baybayin data for word 'talo', clearing baybayin fields.
2025-02-09 16:52:08,464 - WARNING - Invalid Baybayin data for word 'talo', clearing baybayin fields.
2025-02-09 16:52:08,466 - WARNING - Invalid Baybayin data for word 'talo', clearing baybayin fields.
2025-02-09 16:52:08,473 - WARNING - Invalid Baybayin data for word 'talo', clearing baybayin fields.
2025-02-09 16:52:08,479 - WARNING - Invalid Baybayin data for word 'un', clearing baybayin fields.
2025-02-09 16:52:08,480 - ERROR - Error processing entry 'un': list index out of range
2025-02-09 16:52:08,485 - WARNING - Invalid Baybayin data for word 'idea', clearing baybayin fields.
2025-02-09 16:52:08,496 - WARNING - Invalid Baybayin data for word 'natural', clearing baybayin fields.
2025-02-09 16:52:08,498 - WARNING - Invalid Baybayin data for word 'natural', clearing baybayin fields.
2025-02-09 16:52:08,507 - ERROR - Error processing entry 'ta': list index out of range
2025-02-09 16:52:08,512 - WARNING - Invalid Baybayin data for word 'kilo', clearing baybayin fields.
2025-02-09 16:52:08,514 - ERROR - Error processing entry 'kilo': list index out of range
2025-02-09 16:52:08,514 - WARNING - Invalid Baybayin data for word 'kilo', clearing baybayin fields.
2025-02-09 16:52:08,515 - ERROR - Error processing entry 'kilo': list index out of range
2025-02-09 16:52:08,516 - WARNING - Invalid Baybayin data for word 'kilo', clearing baybayin fields.
2025-02-09 16:52:08,524 - WARNING - Invalid Baybayin data for word 'kilo', clearing baybayin fields.
2025-02-09 16:52:08,525 - ERROR - Error processing entry 'Cu': list index out of range
2025-02-09 16:52:08,526 - WARNING - Invalid Baybayin data for word 'PG', clearing baybayin fields.
2025-02-09 16:52:08,527 - WARNING - Invalid Baybayin data for word 'PG', clearing baybayin fields.
2025-02-09 16:52:08,528 - WARNING - Invalid Baybayin data for word 'em', clearing baybayin fields.
2025-02-09 16:52:08,529 - ERROR - Error processing entry 'em': list index out of range
2025-02-09 16:52:08,529 - WARNING - Invalid Baybayin data for word 'ge', clearing baybayin fields.
2025-02-09 16:52:08,530 - WARNING - Invalid Baybayin data for word 'ge', clearing baybayin fields.
2025-02-09 16:52:08,555 - WARNING - Invalid Baybayin data for word 'terminal', clearing baybayin fields.
2025-02-09 16:52:08,557 - WARNING - Invalid Baybayin data for word 'ra', clearing baybayin fields.
2025-02-09 16:52:08,559 - WARNING - Invalid Baybayin data for word 'ne', clearing baybayin fields.
2025-02-09 16:52:08,583 - WARNING - Invalid Baybayin data for word 'pe', clearing baybayin fields.
2025-02-09 16:52:08,585 - WARNING - Invalid Baybayin data for word 'toro', clearing baybayin fields.
2025-02-09 16:52:08,587 - WARNING - Invalid Baybayin data for word 'ho', clearing baybayin fields.
2025-02-09 16:52:08,588 - WARNING - Invalid Baybayin data for word 'ho', clearing baybayin fields.
2025-02-09 16:52:08,606 - WARNING - Invalid Baybayin data for word 'asetilen', clearing baybayin fields.
2025-02-09 16:52:08,607 - WARNING - Invalid Baybayin data for word 'ele', clearing baybayin fields.
2025-02-09 16:52:08,608 - WARNING - Invalid Baybayin data for word 'aspirin', clearing baybayin fields.
2025-02-09 16:52:08,610 - WARNING - Invalid Baybayin data for word 'po', clearing baybayin fields.
2025-02-09 16:52:08,613 - ERROR - Error processing entry 'Tagalog': list index out of range
2025-02-09 16:52:08,614 - ERROR - Error processing entry 'Tagalog': list index out of range
2025-02-09 16:52:08,748 - WARNING - Invalid Baybayin data for word 'es', clearing baybayin fields.
2025-02-09 16:52:08,751 - WARNING - Invalid Baybayin data for word 'sine', clearing baybayin fields.
2025-02-09 16:52:08,764 - WARNING - Invalid Baybayin data for word 'lemur', clearing baybayin fields.
2025-02-09 16:52:08,765 - WARNING - Invalid Baybayin data for word 'ar', clearing baybayin fields.
2025-02-09 16:52:08,791 - WARNING - Invalid Baybayin data for word 'destino', clearing baybayin fields.
2025-02-09 16:52:08,812 - WARNING - Invalid Baybayin data for word 'ola', clearing baybayin fields.
2025-02-09 16:52:08,814 - WARNING - Invalid Baybayin data for word 'ola', clearing baybayin fields.
2025-02-09 16:52:08,817 - WARNING - Invalid Baybayin data for word 'se', clearing baybayin fields.
2025-02-09 16:52:08,819 - WARNING - Invalid Baybayin data for word 'se', clearing baybayin fields.
2025-02-09 16:52:08,834 - WARNING - Invalid Baybayin data for word 'negro', clearing baybayin fields.
2025-02-09 16:52:08,836 - WARNING - Invalid Baybayin data for word 'negro', clearing baybayin fields.
2025-02-09 16:52:08,872 - ERROR - Error processing entry 'Lao': list index out of range
2025-02-09 16:52:08,872 - WARNING - Invalid Baybayin data for word 'mate', clearing baybayin fields.
2025-02-09 16:52:08,974 - WARNING - Invalid Baybayin data for word 'estado', clearing baybayin fields.
2025-02-09 16:52:08,981 - WARNING - Invalid Baybayin data for word 'ordenador', clearing baybayin fields.
2025-02-09 16:52:08,985 - ERROR - Error processing entry 'si': list index out of range
2025-02-09 16:52:08,987 - WARNING - Invalid Baybayin data for word 'altar', clearing baybayin fields.
2025-02-09 16:52:08,993 - WARNING - Invalid Baybayin data for word 'baket', clearing baybayin fields.
2025-02-09 16:52:08,994 - WARNING - Invalid Baybayin data for word 'in-', clearing baybayin fields.
2025-02-09 16:52:08,996 - WARNING - Invalid Baybayin data for word 'real', clearing baybayin fields.
2025-02-09 16:52:09,006 - WARNING - Invalid Baybayin data for word 'real', clearing baybayin fields.
2025-02-09 16:52:09,009 - WARNING - Invalid Baybayin data for word 'real', clearing baybayin fields.
2025-02-09 16:52:09,020 - ERROR - Error processing entry 'na': list index out of range
2025-02-09 16:52:09,023 - ERROR - Error processing entry 'na': list index out of range
2025-02-09 16:52:09,028 - ERROR - Error processing entry 'na': list index out of range
2025-02-09 16:52:09,030 - WARNING - Invalid Baybayin data for word 'dugong', clearing baybayin fields.
2025-02-09 16:52:09,032 - WARNING - Invalid Baybayin data for word 'pare', clearing baybayin fields.
2025-02-09 16:52:09,040 - WARNING - Invalid Baybayin data for word 'pare', clearing baybayin fields.
2025-02-09 16:52:09,043 - WARNING - Invalid Baybayin data for word 'bar', clearing baybayin fields.
2025-02-09 16:52:09,049 - WARNING - Invalid Baybayin data for word 'melon', clearing baybayin fields.
2025-02-09 16:52:09,050 - WARNING - Invalid Baybayin data for word 'bes', clearing baybayin fields.
2025-02-09 16:52:09,052 - WARNING - Invalid Baybayin data for word 'bes', clearing baybayin fields.
2025-02-09 16:52:09,054 - WARNING - Invalid Baybayin data for word 'drama', clearing baybayin fields.
2025-02-09 16:52:09,069 - WARNING - Invalid Baybayin data for word 'gabe', clearing baybayin fields.
2025-02-09 16:52:09,071 - ERROR - Error processing entry 'gabe': list index out of range
2025-02-09 16:52:09,071 - WARNING - Invalid Baybayin data for word 'gabe', clearing baybayin fields.
2025-02-09 16:52:09,074 - WARNING - Invalid Baybayin data for word 'timbre', clearing baybayin fields.
2025-02-09 16:52:09,086 - WARNING - Invalid Baybayin data for word 'ser', clearing baybayin fields.
2025-02-09 16:52:09,119 - WARNING - Invalid Baybayin data for word 'oasis', clearing baybayin fields.
2025-02-09 16:52:09,127 - WARNING - Invalid Baybayin data for word 'aber', clearing baybayin fields.
2025-02-09 16:52:09,131 - WARNING - Invalid Baybayin data for word 'pintig', clearing baybayin fields.
2025-02-09 16:52:09,132 - WARNING - Invalid Baybayin data for word 'libra', clearing baybayin fields.
2025-02-09 16:52:09,179 - WARNING - Invalid Baybayin data for word 'puso', clearing baybayin fields.
2025-02-09 16:52:09,182 - ERROR - Error processing entry 'puso': list index out of range
2025-02-09 16:52:09,187 - WARNING - Invalid Baybayin data for word 'raw', clearing baybayin fields.
2025-02-09 16:52:09,218 - WARNING - Invalid Baybayin data for word 'debate', clearing baybayin fields.
2025-02-09 16:52:09,221 - WARNING - Invalid Baybayin data for word 'iso', clearing baybayin fields.
2025-02-09 16:52:09,223 - WARNING - Invalid Baybayin data for word 'iso', clearing baybayin fields.
2025-02-09 16:52:09,226 - WARNING - Invalid Baybayin data for word 'iso', clearing baybayin fields.
2025-02-09 16:52:09,227 - WARNING - Invalid Baybayin data for word 'mano', clearing baybayin fields.
2025-02-09 16:52:09,250 - WARNING - Invalid Baybayin data for word 'mano', clearing baybayin fields.
2025-02-09 16:52:09,252 - WARNING - Invalid Baybayin data for word 'peg', clearing baybayin fields.
2025-02-09 16:52:09,253 - WARNING - Invalid Baybayin data for word 'pluma', clearing baybayin fields.
2025-02-09 16:52:09,258 - WARNING - Invalid Baybayin data for word 'pero', clearing baybayin fields.
2025-02-09 16:52:09,260 - WARNING - Invalid Baybayin data for word 'adaptable', clearing baybayin fields.
2025-02-09 16:52:09,262 - WARNING - Invalid Baybayin data for word 'lago', clearing baybayin fields.
2025-02-09 16:52:09,265 - ERROR - Error processing entry 'lago': list index out of range
2025-02-09 16:52:09,265 - WARNING - Invalid Baybayin data for word 'lago', clearing baybayin fields.
2025-02-09 16:52:09,267 - WARNING - Invalid Baybayin data for word 'lago', clearing baybayin fields.
2025-02-09 16:52:09,280 - WARNING - Invalid Baybayin data for word 'moderno', clearing baybayin fields.
2025-02-09 16:52:09,284 - WARNING - Invalid Baybayin data for word 'dragon', clearing baybayin fields.
2025-02-09 16:52:09,287 - WARNING - Invalid Baybayin data for word 'admirable', clearing baybayin fields.
2025-02-09 16:52:09,289 - WARNING - Invalid Baybayin data for word 'bos', clearing baybayin fields.
2025-02-09 16:52:09,293 - WARNING - Invalid Baybayin data for word 'mongol', clearing baybayin fields.
2025-02-09 16:52:09,296 - WARNING - Invalid Baybayin data for word 'ritmo', clearing baybayin fields.
2025-02-09 16:52:09,327 - WARNING - Invalid Baybayin data for word 'santo', clearing baybayin fields.
2025-02-09 16:52:09,377 - WARNING - Invalid Baybayin data for word 'santo', clearing baybayin fields.
2025-02-09 16:52:09,380 - WARNING - Invalid Baybayin data for word 'pera', clearing baybayin fields.
2025-02-09 16:52:09,384 - WARNING - Invalid Baybayin data for word 'admiral', clearing baybayin fields.
2025-02-09 16:52:09,387 - ERROR - Error processing entry 'akin': list index out of range
2025-02-09 16:52:09,389 - ERROR - Error processing entry 'akin': list index out of range
2025-02-09 16:52:09,392 - ERROR - Error processing entry 'Amoy': list index out of range
2025-02-09 16:52:09,395 - ERROR - Error processing entry 'balian': list index out of range
2025-02-09 16:52:09,395 - WARNING - Invalid Baybayin data for word 'lobo', clearing baybayin fields.
2025-02-09 16:52:09,397 - WARNING - Invalid Baybayin data for word 'lobo', clearing baybayin fields.
2025-02-09 16:52:09,432 - WARNING - Invalid Baybayin data for word 'tilde', clearing baybayin fields.
2025-02-09 16:52:09,490 - WARNING - Invalid Baybayin data for word 'lira', clearing baybayin fields.
2025-02-09 16:52:09,492 - WARNING - Invalid Baybayin data for word 'lira', clearing baybayin fields.
2025-02-09 16:52:09,494 - WARNING - Invalid Baybayin data for word 'lira', clearing baybayin fields.
2025-02-09 16:52:09,521 - WARNING - Invalid Baybayin data for word 'barat', clearing baybayin fields.
2025-02-09 16:52:09,525 - WARNING - Invalid Baybayin data for word 'barat', clearing baybayin fields.
2025-02-09 16:52:09,559 - WARNING - Invalid Baybayin data for word 'sano', clearing baybayin fields.
2025-02-09 16:52:09,582 - WARNING - Invalid Baybayin data for word 'pong', clearing baybayin fields.
2025-02-09 16:52:09,584 - WARNING - Invalid Baybayin data for word 'ale', clearing baybayin fields.
