2025-03-30 19:35:27,894 - INFO - Starting lookup for word: 'komshoo'
2025-03-30 19:35:27,928 - INFO - pg_trgm extension installed: True
2025-03-30 19:35:27,928 - INFO - Executing exact match query for 'komshoo'
2025-03-30 19:35:28,079 - INFO - Found 0 exact matches
2025-03-30 19:35:28,079 - INFO - No exact matches, trying fuzzy search for 'komshoo'
2025-03-30 19:35:28,201 - INFO - Found 3 fuzzy matches
2025-03-30 19:35:28,201 - INFO - Fuzzy matches: ['Khoo', 'koma', 'komo']
2025-03-30 19:35:28,204 - INFO - Processing result 1/3
2025-03-30 19:35:28,205 - INFO - Word ID: 131798
2025-03-30 19:35:28,205 - INFO - Lemma: Khoo
2025-03-30 19:35:28,205 - INFO - Language code: tl
2025-03-30 19:35:28,207 - INFO - Querying pronunciations for word_id 131798
2025-03-30 19:35:28,209 - INFO - Found 3 pronunciations
2025-03-30 19:35:28,211 - INFO - Querying etymologies for word_id 131798
2025-03-30 19:35:28,215 - INFO - Found 1 etymologies
2025-03-30 19:35:28,217 - INFO - Querying definitions for word_id 131798
2025-03-30 19:35:28,222 - INFO - Found 1 definitions
2025-03-30 19:35:28,223 - INFO - Processing definition 1/1
2025-03-30 19:35:28,224 - INFO - Querying relations for word_id 131798
2025-03-30 19:35:28,228 - INFO - Found 2 relations
2025-03-30 19:35:28,230 - INFO - Processing result 2/3
2025-03-30 19:35:28,231 - INFO - Word ID: 157451
2025-03-30 19:35:28,231 - INFO - Lemma: koma
2025-03-30 19:35:28,231 - INFO - Language code: tl
2025-03-30 19:35:28,232 - INFO - Querying pronunciations for word_id 157451
2025-03-30 19:35:28,233 - INFO - Found 0 pronunciations
2025-03-30 19:35:28,233 - INFO - Querying etymologies for word_id 157451
2025-03-30 19:35:28,234 - INFO - Found 0 etymologies
2025-03-30 19:35:28,234 - INFO - Querying definitions for word_id 157451
2025-03-30 19:35:28,235 - INFO - Found 0 definitions
2025-03-30 19:35:28,235 - INFO - Querying relations for word_id 157451
2025-03-30 19:35:28,236 - INFO - Found 1 relations
2025-03-30 19:35:28,237 - INFO - Processing result 3/3
2025-03-30 19:35:28,237 - INFO - Word ID: 220344
2025-03-30 19:35:28,238 - INFO - Lemma: komo
2025-03-30 19:35:28,238 - INFO - Language code: ceb
2025-03-30 19:35:28,239 - INFO - Querying pronunciations for word_id 220344
2025-03-30 19:35:28,239 - INFO - Found 2 pronunciations
2025-03-30 19:35:28,240 - INFO - Querying etymologies for word_id 220344
2025-03-30 19:35:28,242 - INFO - Found 1 etymologies
2025-03-30 19:35:28,243 - INFO - Querying definitions for word_id 220344
2025-03-30 19:35:28,243 - INFO - Found 1 definitions
2025-03-30 19:35:28,244 - INFO - Processing definition 1/1
2025-03-30 19:35:28,245 - INFO - Querying relations for word_id 220344
2025-03-30 19:35:28,246 - INFO - Found 0 relations
2025-03-30 19:35:28,246 - INFO - No relations found for word ID 220344
2025-03-30 19:35:28,246 - INFO - Database connection closed
