2025-02-08 17:23:06,337 - INFO - Attempting database connection...
2025-02-08 17:23:06,338 - INFO - Database configuration:
2025-02-08 17:23:06,338 - INFO -   Database Name: fil_dict_db
2025-02-08 17:23:06,338 - INFO -   User: postgres
2025-02-08 17:23:06,338 - INFO -   Host: localhost
2025-02-08 17:23:06,338 - INFO -   Password: ********
2025-02-08 17:23:06,496 - INFO - Successfully established database connection
2025-02-08 17:23:06,496 - INFO - Setting up PostgreSQL extensions...
2025-02-08 17:23:06,496 - INFO - Checking extension: pg_trgm
2025-02-08 17:23:06,556 - INFO - Extension already installed: pg_trgm
2025-02-08 17:23:06,556 - INFO - Checking extension: unaccent
2025-02-08 17:23:06,557 - INFO - Extension already installed: unaccent
2025-02-08 17:23:06,557 - INFO - Checking extension: fuzzystrmatch
2025-02-08 17:23:06,557 - INFO - Extension already installed: fuzzystrmatch
2025-02-08 17:23:06,557 - INFO - Extensions setup completed
2025-02-08 17:23:06,557 - INFO - Starting table creation/update process.
2025-02-08 17:23:06,665 - INFO - Tables created or updated successfully.
2025-02-08 17:23:06,668 - INFO - Processing Tagalog words from: data/tagalog-words.json
2025-02-08 17:27:38,784 - INFO - Processing root words from: data/root_words_with_associated_words_cleaned.json
2025-02-08 17:28:46,641 - INFO - Processing KWF dictionary from: data/kwf_dictionary.json
2025-02-08 17:32:07,497 - INFO - Starting to process Kaikki file: data/kaikki.jsonl
2025-02-08 17:36:06,900 - INFO - Starting to process Kaikki file: data/kaikki-ceb.jsonl
2025-02-08 17:37:42,887 - INFO - Processing Baybayin entries...
2025-02-08 17:37:42,990 - INFO - Updating standalone Baybayin entry (ID: 124212)
2025-02-08 17:37:43,010 - ERROR - Error processing Baybayin entry 124212: duplicate key value violates unique constraint "words_lang_lemma_uniq"
DETAIL:  Key (language_code, normalized_lemma)=(tl, istadus unidus) already exists.

2025-02-08 17:37:43,012 - ERROR - Error processing Baybayin entry 124213: current transaction is aborted, commands ignored until end of transaction block

2025-02-08 17:37:43,014 - ERROR - Error processing Baybayin entry 124214: current transaction is aborted, commands ignored until end of transaction block

2025-02-08 17:37:43,015 - ERROR - Error processing Baybayin entry 124215: current transaction is aborted, commands ignored until end of transaction block

2025-02-08 17:37:43,017 - ERROR - Error processing Baybayin entry 124216: current transaction is aborted, commands ignored until end of transaction block

2025-02-08 17:37:43,019 - ERROR - Error processing Baybayin entry 124217: current transaction is aborted, commands ignored until end of transaction block

2025-02-08 17:37:43,020 - ERROR - Error processing Baybayin entry 124218: current transaction is aborted, commands ignored until end of transaction block

2025-02-08 17:37:43,022 - ERROR - Error processing Baybayin entry 124219: current transaction is aborted, commands ignored until end of transaction block

2025-02-08 17:37:43,023 - ERROR - Error processing Baybayin entry 124220: current transaction is aborted, commands ignored until end of transaction block

2025-02-08 17:37:43,024 - WARNING - Invalid Baybayin text detected: ᜊᜊᜌᜒ — Pre-virama
2025-02-08 17:37:43,025 - WARNING - Invalid Baybayin text detected: -um- ᜓᜋ᜔
2025-02-08 17:37:43,026 - WARNING - Invalid Baybayin text detected: batik ᜊᜆᜒᜃ᜔
2025-02-08 17:37:43,027 - WARNING - Invalid Baybayin text detected: bumatik ᜊᜓᜋᜆᜒᜃ᜔
2025-02-08 17:37:43,027 - WARNING - Invalid Baybayin text detected: bumatik ᜊᜓᜋᜆᜒᜃ᜔ bungmatik1 ᜊᜓᜅ᜔ᜋᜆᜒᜃ᜔
2025-02-08 17:37:43,028 - WARNING - Invalid Baybayin text detected: bumabatikᜊᜓᜋᜊᜆᜒᜃ᜔bungmabatik1 ᜊᜓᜅ᜔ᜋᜊᜆᜒᜃ᜔ nabatik2ᜈ ᜊᜆᜒᜃ᜔
2025-02-08 17:37:43,029 - WARNING - Invalid Baybayin text detected: babatik ᜊᜊᜆᜒᜃ᜔mabatik2 ᜋ ᜊᜆᜒᜃ᜔
2025-02-08 17:37:43,029 - WARNING - Invalid Baybayin text detected: kababatik ᜃᜊᜊᜆᜒᜃ᜔
2025-02-08 17:37:43,030 - WARNING - Invalid Baybayin text detected: bumatik ᜊᜓᜋᜆᜒᜃ᜔batik2 ᜊᜆᜒᜃ᜔
2025-02-08 17:37:43,031 - WARNING - Invalid Baybayin text detected: kakabatikᜃᜃᜊᜆᜒᜃ᜔
2025-02-08 17:37:43,032 - ERROR - Error processing Baybayin entry 95386: current transaction is aborted, commands ignored until end of transaction block

2025-02-08 17:37:43,034 - ERROR - Error processing Baybayin entry 104894: current transaction is aborted, commands ignored until end of transaction block

2025-02-08 17:37:43,035 - ERROR - Error processing Baybayin entry 98927: current transaction is aborted, commands ignored until end of transaction block

2025-02-08 17:37:43,037 - ERROR - Error processing Baybayin entry 107186: current transaction is aborted, commands ignored until end of transaction block

2025-02-08 17:37:43,038 - ERROR - Error processing Baybayin entry 107311: current transaction is aborted, commands ignored until end of transaction block

2025-02-08 17:37:43,039 - ERROR - Error processing Baybayin entry 107473: current transaction is aborted, commands ignored until end of transaction block

2025-02-08 17:37:43,040 - ERROR - Error processing Baybayin entry 123825: current transaction is aborted, commands ignored until end of transaction block

2025-02-08 17:37:43,041 - ERROR - Error processing Baybayin entry 123841: current transaction is aborted, commands ignored until end of transaction block

2025-02-08 17:37:43,042 - ERROR - Error during migration: current transaction is aborted, commands ignored until end of transaction block

