2025-03-30 19:28:57,032 - INFO - Starting lookup for word: 'charot'
2025-03-30 19:28:57,071 - INFO - pg_trgm extension installed: True
2025-03-30 19:28:57,072 - INFO - Executing exact match query for 'charot'
2025-03-30 19:28:57,220 - INFO - Found 1 exact matches
2025-03-30 19:28:57,221 - INFO - Processing result 1/1
2025-03-30 19:28:57,222 - INFO - Word ID: 136120
2025-03-30 19:28:57,222 - INFO - Lemma: charot
2025-03-30 19:28:57,222 - INFO - Language code: tl
2025-03-30 19:28:57,226 - INFO - Querying pronunciations for word_id 136120
2025-03-30 19:28:57,230 - INFO - Found 3 pronunciations
2025-03-30 19:28:57,233 - INFO - Querying etymologies for word_id 136120
2025-03-30 19:28:57,238 - INFO - Found 1 etymologies
2025-03-30 19:28:57,239 - INFO - Querying definitions for word_id 136120
2025-03-30 19:28:57,245 - INFO - Found 6 definitions
2025-03-30 19:28:57,246 - INFO - Processing definition 1/6
2025-03-30 19:28:57,247 - INFO - Processing definition 2/6
2025-03-30 19:28:57,248 - INFO - Processing definition 3/6
2025-03-30 19:28:57,249 - INFO - Processing definition 4/6
2025-03-30 19:28:57,250 - INFO - Processing definition 5/6
2025-03-30 19:28:57,251 - INFO - Processing definition 6/6
2025-03-30 19:28:57,252 - INFO - Querying relations for word_id 136120
2025-03-30 19:28:57,257 - INFO - Found 5 relations
2025-03-30 19:28:57,265 - INFO - Database connection closed
