2025-01-15 21:59:39,232 - INFO - Starting data migration process
2025-01-15 21:59:39,233 - INFO - Duplicate checking is disabled - will process all entries
2025-01-15 21:59:39,234 - INFO - Attempting database connection...
2025-01-15 21:59:39,234 - INFO - Database configuration:
2025-01-15 21:59:39,235 - INFO -   Database Name: fil_dict_db
2025-01-15 21:59:39,235 - INFO -   User: postgres
2025-01-15 21:59:39,236 - INFO -   Host: localhost
2025-01-15 21:59:39,236 - INFO -   Password: ********
2025-01-15 21:59:39,303 - INFO - Successfully established database connection
2025-01-15 21:59:39,304 - INFO - Setting up PostgreSQL extensions...
2025-01-15 21:59:39,305 - INFO - Checking extension: pg_trgm
2025-01-15 21:59:39,310 - INFO - Extension already installed: pg_trgm
2025-01-15 21:59:39,310 - INFO - Checking extension: unaccent
2025-01-15 21:59:39,311 - INFO - Extension already installed: unaccent
2025-01-15 21:59:39,312 - INFO - Checking extension: fuzzystrmatch
2025-01-15 21:59:39,313 - INFO - Extension already installed: fuzzystrmatch
2025-01-15 21:59:39,314 - INFO - Extensions setup completed
2025-01-15 21:59:39,315 - INFO - Creating/updating database tables
2025-01-15 21:59:39,315 - INFO - Starting table creation/update process
2025-01-15 21:59:39,317 - INFO - Tables created or updated successfully
2025-01-15 21:59:39,318 - INFO - Beginning data processing
2025-01-15 21:59:39,318 - INFO - 1. Processing Tagalog words
2025-01-15 21:59:39,319 - INFO - Starting to process Tagalog words file: data/tagalog-words.json
2025-01-15 21:59:39,319 - INFO - Using source identifier: tagalog-words.json
2025-01-15 21:59:39,648 - INFO - Successfully loaded JSON data with 65328 entries
2025-01-15 22:02:35,321 - INFO - Completed processing Tagalog words file: data/tagalog-words.json
2025-01-15 22:02:35,346 - INFO - 2. Processing Root words
2025-01-15 22:02:35,348 - INFO - Starting to process Root Words file: data/root_words_with_associated_words_cleaned.json
2025-01-15 22:02:35,348 - INFO - Using source identifier: root_words_with_associated_words_cleaned.json
2025-01-15 22:02:35,391 - INFO - Successfully loaded JSON data with 2238 entries
2025-01-15 22:02:59,350 - INFO - Completed processing Root Words file: data/root_words_with_associated_words_cleaned.json
2025-01-15 22:02:59,353 - INFO - 3. Processing KWF Dictionary
2025-01-15 22:02:59,354 - INFO - Starting to process KWF Dictionary: data/kwf_dictionary.json
2025-01-15 22:02:59,355 - INFO - Using source identifier: kwf_dictionary.json
2025-01-15 22:03:00,066 - INFO - Successfully loaded KWF data with 30734 entries
2025-01-15 22:04:23,147 - INFO - Completed processing KWF Dictionary
2025-01-15 22:04:23,208 - INFO - 4. Processing Kaikki (Tagalog)
2025-01-15 22:06:16,016 - INFO - 5. Processing Kaikki (Cebuano)
2025-01-15 22:07:25,260 - INFO - Migration completed successfully
2025-01-15 22:07:25,262 - INFO - Database connection closed
