2025-03-24 19:22:02,773 - INFO - Starting table creation/update process.
2025-03-24 19:22:02,942 - INFO - Tables created or updated successfully.
2025-03-24 19:22:02,942 - INFO - Setting up PostgreSQL extensions...
2025-03-24 19:22:02,943 - INFO - Extension pg_trgm already installed
2025-03-24 19:22:02,943 - INFO - Extension unaccent already installed
2025-03-24 19:22:02,944 - INFO - Extension fuzzystrmatch already installed
2025-03-24 19:22:02,944 - INFO - Extension dict_xsyn already installed
2025-03-24 19:22:02,945 - INFO - Cleared any existing transactions
2025-03-24 19:22:02,946 - ERROR - Error processing source root-words-cleaned: 'list' object has no attribute 'items'
2025-03-24 19:22:02,948 - INFO - Processing Tagalog words from: ../data\tagalog-words.json
2025-03-24 19:22:02,948 - INFO - Found 3 dictionary-style entries
2025-03-24 19:22:02,948 - INFO - Creating 3 words...
2025-03-24 19:22:02,954 - INFO - Successfully created/found 3 words
2025-03-24 19:22:02,974 - ERROR - Error inserting definition for word 'abaniko' (ID: 1): set_session cannot be used inside a transaction
2025-03-24 19:22:02,974 - ERROR - Error inserting etymology for word 'abaniko': set_session cannot be used inside a transaction
2025-03-24 19:22:02,976 - ERROR - Error inserting definition for word 'aklat' (ID: 2): set_session cannot be used inside a transaction
2025-03-24 19:22:02,976 - ERROR - Error inserting definition for word 'aklat' (ID: 2): set_session cannot be used inside a transaction
2025-03-24 19:22:02,977 - ERROR - Error inserting definition for word 'bahay' (ID: 3): set_session cannot be used inside a transaction
2025-03-24 19:22:02,977 - ERROR - Error inserting definition for word 'bahay' (ID: 3): set_session cannot be used inside a transaction
2025-03-24 19:22:02,977 - ERROR - Error processing affixation for 'bahay': set_session cannot be used inside a transaction
2025-03-24 19:22:02,977 - ERROR - Error processing affixation for 'bahay': set_session cannot be used inside a transaction
2025-03-24 19:22:02,978 - ERROR - Failed to process ../data\tagalog-words.json: set_session cannot be used inside a transaction
2025-03-24 19:22:02,978 - ERROR - Error processing source tagalog-words: set_session cannot be used inside a transaction
2025-03-24 19:22:02,980 - ERROR - Error processing source kwf-dictionary: string indices must be integers, not 'str'
2025-03-24 19:22:02,986 - INFO - Processing Kaikki entries from: ../data\kaikki-tl.jsonl
2025-03-24 19:22:02,988 - ERROR - Error in get_or_create_word_id for lemma 'aso': set_session cannot be used inside a transaction
2025-03-24 19:22:02,988 - ERROR - Failed to process entry: cannot access local variable 'word' where it is not associated with a value
2025-03-24 19:22:02,989 - ERROR - Failed to process entry: cannot access local variable 'word' where it is not associated with a value
2025-03-24 19:22:02,989 - INFO - Processed 1 entries from Kaikki.org with 2 errors
2025-03-24 19:22:02,991 - INFO - Starting dictionary cleanup process...
2025-03-24 19:22:02,997 - INFO - Dictionary cleanup complete.
2025-03-24 19:22:02,999 - INFO - Baybayin data cleanup completed successfully
