2025-01-17 01:28:55,011 - WARNING - Starting database purge process
2025-01-17 01:28:58,725 - INFO - Attempting database connection...
2025-01-17 01:28:58,725 - INFO - Database configuration:
2025-01-17 01:28:58,726 - INFO -   Database Name: fil_dict_db
2025-01-17 01:28:58,727 - INFO -   User: postgres
2025-01-17 01:28:58,727 - INFO -   Host: localhost
2025-01-17 01:28:58,728 - INFO -   Password: ********
2025-01-17 01:28:58,857 - INFO - Successfully established database connection
2025-01-17 01:28:58,857 - INFO - Disabling triggers...
2025-01-17 01:28:58,877 - INFO - Deleting data from all tables...
2025-01-17 01:28:58,878 - INFO - Purging table: etymologies
2025-01-17 01:28:58,925 - INFO - Purging table: relations
2025-01-17 01:28:58,942 - INFO - Purging table: definitions
2025-01-17 01:28:58,970 - INFO - Purging table: words
2025-01-17 01:28:59,054 - INFO - Resetting sequences...
2025-01-17 01:28:59,161 - INFO - Resetting Baybayin-related columns...
2025-01-17 01:28:59,182 - INFO - Updating language codes documentation...
2025-01-17 01:28:59,189 - INFO - Re-enabling triggers...
2025-01-17 01:28:59,274 - INFO - Database purge completed successfully
2025-01-17 01:28:59,275 - INFO - Database connection closed
