2025-04-04 20:48:02,772 - INFO - Starting table creation/update process.
2025-04-04 20:48:03,567 - INFO - Tables created or updated successfully.
2025-04-04 20:48:03,573 - INFO - Starting processing for Tagalog Words from ..\data\tagalog-words.json
2025-04-04 20:48:03,573 - INFO - Processing Tagalog words from: ..\data\tagalog-words.json
2025-04-04 20:48:03,574 - INFO - Using standardized source identifier: 'diksiyonaryo.ph'
2025-04-04 20:48:04,465 - INFO - Found 65336 entries to process
2025-04-04 20:48:06,056 - WARNING - Skipping self-relation for word ID 899, type 'synonym', source 'diksiyonaryo.ph'.
2025-04-04 20:48:06,264 - WARNING - Skipping self-relation for word ID 995, type 'synonym', source 'diksiyonaryo.ph'.
2025-04-04 20:48:06,266 - WARNING - Skipping self-relation for word ID 995, type 'synonym', source 'diksiyonaryo.ph'.
2025-04-04 20:48:09,734 - INFO - Finished processing diksiyonaryo.ph
2025-04-04 20:48:09,734 - INFO -   Total entries in file: 65336
2025-04-04 20:48:09,734 - INFO -   Processed successfully: 1644
2025-04-04 20:48:09,734 - INFO -   Skipped (invalid/empty): 0
2025-04-04 20:48:09,735 - INFO -   Errors during processing: 0
2025-04-04 20:48:09,735 - INFO -   Definitions added/updated: 2247
2025-04-04 20:48:09,735 - INFO -   Pronunciations added/updated: 1946
2025-04-04 20:48:09,735 - INFO -   Etymologies added/updated: 1474
2025-04-04 20:48:09,735 - INFO -   Total relations added/updated: 1103
2025-04-04 20:48:09,735 - INFO -     (Deriv: 222, Syn: 674, Var: 52, Ref: 155)
2025-04-04 20:48:09,735 - INFO -   Baybayin forms added/updated: 0
2025-04-04 20:48:09,735 - INFO -   Affixations added/updated: 0
2025-04-04 20:48:09,736 - WARNING - Error closing connection: set_session cannot be used inside a transaction
