2025-01-15 21:19:10,598 - INFO - Starting data migration process
2025-01-15 21:19:10,603 - INFO - Attempting database connection...
2025-01-15 21:19:10,606 - INFO - Database configuration:
2025-01-15 21:19:10,607 - INFO -   Database Name: fil_dict_db
2025-01-15 21:19:10,609 - INFO -   User: postgres
2025-01-15 21:19:10,610 - INFO -   Host: localhost
2025-01-15 21:19:10,612 - INFO -   Password: ********
2025-01-15 21:19:10,903 - INFO - Successfully established database connection
2025-01-15 21:19:10,911 - INFO - Creating/updating database tables
2025-01-15 21:19:10,913 - INFO - Starting table creation/update process
2025-01-15 21:19:10,956 - INFO - Tables created or updated successfully
2025-01-15 21:19:10,958 - INFO - Beginning data processing
2025-01-15 21:19:10,959 - INFO - 1. Processing Tagalog words
2025-01-15 21:19:10,960 - INFO - Starting to process Tagalog words file: data/tagalog-words.json
2025-01-15 21:19:10,962 - INFO - Using source identifier: tagalog-words.json
2025-01-15 21:19:12,217 - INFO - Successfully loaded JSON data with 65328 entries
2025-01-15 21:25:20,545 - INFO - Completed processing Tagalog words file: data/tagalog-words.json
2025-01-15 21:25:22,313 - INFO - 2. Processing Root words
2025-01-15 21:25:22,320 - INFO - Starting to process Root Words file: data/root_words_with_associated_words_cleaned.json
2025-01-15 21:25:22,329 - INFO - Using source identifier: root_words_with_associated_words_cleaned.json
2025-01-15 21:25:22,608 - INFO - Successfully loaded JSON data with 2238 entries
2025-01-15 21:26:30,689 - INFO - Completed processing Root Words file: data/root_words_with_associated_words_cleaned.json
2025-01-15 21:26:30,842 - INFO - 3. Processing KWF Dictionary
2025-01-15 21:26:30,845 - INFO - Starting to process KWF Dictionary: data/kwf_dictionary.json
2025-01-15 21:26:30,852 - INFO - Using source identifier: kwf_dictionary.json
2025-01-15 21:26:31,804 - INFO - Successfully loaded KWF data with 30734 entries
2025-01-15 21:29:29,327 - INFO - Completed processing KWF Dictionary
2025-01-15 21:29:29,644 - INFO - 4. Processing Kaikki (Tagalog)
2025-01-15 21:32:46,190 - INFO - 5. Processing Kaikki (Cebuano)
2025-01-15 21:34:13,370 - INFO - Migration completed successfully
2025-01-15 21:34:13,398 - INFO - Database connection closed
