2025-02-08 18:18:10,233 - INFO - Attempting database connection...
2025-02-08 18:18:10,234 - INFO - Database configuration:
2025-02-08 18:18:10,234 - INFO -   Database Name: fil_dict_db
2025-02-08 18:18:10,234 - INFO -   User: postgres
2025-02-08 18:18:10,234 - INFO -   Host: localhost
2025-02-08 18:18:10,234 - INFO -   Password: ********
2025-02-08 18:18:10,275 - INFO - Successfully established database connection
2025-02-08 18:18:10,275 - INFO - Setting up PostgreSQL extensions...
2025-02-08 18:18:10,276 - INFO - Checking extension: pg_trgm
2025-02-08 18:18:10,308 - INFO - Extension already installed: pg_trgm
2025-02-08 18:18:10,308 - INFO - Checking extension: unaccent
2025-02-08 18:18:10,309 - INFO - Extension already installed: unaccent
2025-02-08 18:18:10,309 - INFO - Checking extension: fuzzystrmatch
2025-02-08 18:18:10,309 - INFO - Extension already installed: fuzzystrmatch
2025-02-08 18:18:10,309 - INFO - Extensions setup completed
2025-02-08 18:18:10,310 - INFO - Starting table creation/update process.
2025-02-08 18:18:10,355 - INFO - Tables created or updated successfully.
2025-02-08 18:18:10,359 - INFO - Processing Tagalog words from: data/tagalog-words.json
2025-02-08 18:21:18,739 - INFO - Processing root words from: data/root_words_with_associated_words_cleaned.json
2025-02-08 18:22:44,120 - INFO - Processing KWF dictionary from: data/kwf_dictionary.json
2025-02-08 18:26:25,403 - INFO - Starting to process Kaikki file: data/kaikki.jsonl
2025-02-08 18:30:23,784 - INFO - Starting to process Kaikki file: data/kaikki-ceb.jsonl
2025-02-08 18:32:08,567 - INFO - Processing Baybayin entries...
2025-02-08 18:32:08,678 - INFO - Updating standalone Baybayin entry (ID: 124212)
2025-02-08 18:32:08,710 - ERROR - Error processing Baybayin entry 124212: duplicate key value violates unique constraint "words_lang_lemma_uniq"
DETAIL:  Key (language_code, normalized_lemma)=(tl, istadus unidus) already exists.

2025-02-08 18:32:08,712 - ERROR - Error processing Baybayin entry 124213: current transaction is aborted, commands ignored until end of transaction block

2025-02-08 18:32:08,713 - ERROR - Error processing Baybayin entry 124214: current transaction is aborted, commands ignored until end of transaction block

2025-02-08 18:32:08,714 - ERROR - Error processing Baybayin entry 124215: current transaction is aborted, commands ignored until end of transaction block

2025-02-08 18:32:08,715 - ERROR - Error processing Baybayin entry 124216: current transaction is aborted, commands ignored until end of transaction block

2025-02-08 18:32:08,716 - ERROR - Error processing Baybayin entry 124217: current transaction is aborted, commands ignored until end of transaction block

2025-02-08 18:32:08,717 - ERROR - Error processing Baybayin entry 124218: current transaction is aborted, commands ignored until end of transaction block

2025-02-08 18:32:08,718 - ERROR - Error processing Baybayin entry 124219: current transaction is aborted, commands ignored until end of transaction block

2025-02-08 18:32:08,719 - ERROR - Error processing Baybayin entry 124220: current transaction is aborted, commands ignored until end of transaction block

2025-02-08 18:32:08,720 - WARNING - Invalid Baybayin text detected: ᜊᜊᜌᜒ — Pre-virama
2025-02-08 18:32:08,721 - WARNING - Invalid Baybayin text detected: -um- ᜓᜋ᜔
2025-02-08 18:32:08,722 - WARNING - Invalid Baybayin text detected: batik ᜊᜆᜒᜃ᜔
2025-02-08 18:32:08,722 - WARNING - Invalid Baybayin text detected: bumatik ᜊᜓᜋᜆᜒᜃ᜔
2025-02-08 18:32:08,723 - WARNING - Invalid Baybayin text detected: bumatik ᜊᜓᜋᜆᜒᜃ᜔ bungmatik1 ᜊᜓᜅ᜔ᜋᜆᜒᜃ᜔
2025-02-08 18:32:08,723 - WARNING - Invalid Baybayin text detected: bumabatikᜊᜓᜋᜊᜆᜒᜃ᜔bungmabatik1 ᜊᜓᜅ᜔ᜋᜊᜆᜒᜃ᜔ nabatik2ᜈ ᜊᜆᜒᜃ᜔
2025-02-08 18:32:08,724 - WARNING - Invalid Baybayin text detected: babatik ᜊᜊᜆᜒᜃ᜔mabatik2 ᜋ ᜊᜆᜒᜃ᜔
2025-02-08 18:32:08,724 - WARNING - Invalid Baybayin text detected: kababatik ᜃᜊᜊᜆᜒᜃ᜔
2025-02-08 18:32:08,725 - WARNING - Invalid Baybayin text detected: bumatik ᜊᜓᜋᜆᜒᜃ᜔batik2 ᜊᜆᜒᜃ᜔
2025-02-08 18:32:08,725 - WARNING - Invalid Baybayin text detected: kakabatikᜃᜃᜊᜆᜒᜃ᜔
2025-02-08 18:32:08,727 - ERROR - Error processing Baybayin entry 95386: current transaction is aborted, commands ignored until end of transaction block

2025-02-08 18:32:08,728 - ERROR - Error processing Baybayin entry 104894: current transaction is aborted, commands ignored until end of transaction block

2025-02-08 18:32:08,729 - ERROR - Error processing Baybayin entry 98927: current transaction is aborted, commands ignored until end of transaction block

2025-02-08 18:32:08,730 - ERROR - Error processing Baybayin entry 107186: current transaction is aborted, commands ignored until end of transaction block

2025-02-08 18:32:08,731 - ERROR - Error processing Baybayin entry 107311: current transaction is aborted, commands ignored until end of transaction block

2025-02-08 18:32:08,732 - ERROR - Error processing Baybayin entry 107473: current transaction is aborted, commands ignored until end of transaction block

2025-02-08 18:32:08,733 - ERROR - Error processing Baybayin entry 123825: current transaction is aborted, commands ignored until end of transaction block

2025-02-08 18:32:08,734 - ERROR - Error processing Baybayin entry 123841: current transaction is aborted, commands ignored until end of transaction block

2025-02-08 18:32:08,736 - ERROR - Error during migration: current transaction is aborted, commands ignored until end of transaction block

