2025-03-28 19:17:49,733 - INFO - Looking up word: Namespace(command='lookup', word='araw', debug=False, format='rich')
2025-03-28 19:17:49,734 - INFO - Word argument value: 'araw'
2025-03-28 19:17:49,881 - INFO - Normalized word: araw
2025-03-28 19:17:49,896 - INFO - Database connection test successful
2025-03-28 19:17:49,945 - INFO - Word data fetched: True
2025-03-28 19:17:49,945 - INFO - Beginning to unpack word data
2025-03-28 19:17:49,946 - INFO - Successfully unpacked word data
2025-03-28 19:17:49,946 - INFO - word_id: 3578, lemma: áraw, language_code: tl
2025-03-28 19:17:49,946 - INFO - has_baybayin: False, baybayin_form: None, romanized_form: None
2025-03-28 19:17:49,946 - INFO - preferred_spelling: None, root_word_id: None
2025-03-28 19:17:49,946 - INFO - def_sources type: <class 'list'>, ety_sources type: <class 'list'>
2025-03-28 19:17:49,947 - INFO - tags type: <class 'NoneType'>, source_info type: <class 'dict'>
2025-03-28 19:17:49,947 - INFO - Building basic information tree
2025-03-28 19:17:49,947 - INFO - Adding preferred spelling if available
2025-03-28 19:17:49,947 - INFO - Adding Baybayin form if available
2025-03-28 19:17:49,947 - INFO - Adding root word if available
2025-03-28 19:17:49,947 - INFO - Gathering sources - starting
2025-03-28 19:17:49,947 - INFO - Processing tags
2025-03-28 19:17:49,947 - INFO - Processing source_info
2025-03-28 19:17:49,947 - INFO - Processing def_sources
2025-03-28 19:17:49,948 - INFO - def_sources content: [None]
2025-03-28 19:17:49,948 - WARNING - Found None value in def_sources
2025-03-28 19:17:49,948 - INFO - Processing ety_sources
2025-03-28 19:17:49,948 - INFO - ety_sources content: [None]
2025-03-28 19:17:49,948 - WARNING - Found None value in ety_sources
