2025-03-30 19:32:10,758 - INFO - Starting lookup for word: 'kabog'
2025-03-30 19:32:10,836 - INFO - pg_trgm extension installed: True
2025-03-30 19:32:10,837 - INFO - Executing exact match query for 'kabog'
2025-03-30 19:32:11,110 - INFO - Found 2 exact matches
2025-03-30 19:32:11,110 - INFO - Processing result 1/2
2025-03-30 19:32:11,110 - INFO - Word ID: 105957
2025-03-30 19:32:11,111 - INFO - Lemma: kabog
2025-03-30 19:32:11,111 - INFO - Language code: tl
2025-03-30 19:32:11,124 - INFO - Querying pronunciations for word_id 105957
2025-03-30 19:32:11,130 - INFO - Found 3 pronunciations
2025-03-30 19:32:11,134 - INFO - Querying etymologies for word_id 105957
2025-03-30 19:32:11,137 - INFO - Found 0 etymologies
2025-03-30 19:32:11,138 - INFO - Querying definitions for word_id 105957
2025-03-30 19:32:11,143 - INFO - Found 3 definitions
2025-03-30 19:32:11,144 - INFO - Processing definition 1/3
2025-03-30 19:32:11,145 - INFO - Processing definition 2/3
2025-03-30 19:32:11,146 - INFO - Processing definition 3/3
2025-03-30 19:32:11,147 - INFO - Querying relations for word_id 105957
2025-03-30 19:32:11,169 - INFO - Found 6 relations
2025-03-30 19:32:11,175 - INFO - Processing result 2/2
2025-03-30 19:32:11,176 - INFO - Word ID: 224653
2025-03-30 19:32:11,176 - INFO - Lemma: kabog
2025-03-30 19:32:11,176 - INFO - Language code: ceb
2025-03-30 19:32:11,178 - INFO - Querying pronunciations for word_id 224653
2025-03-30 19:32:11,180 - INFO - Found 2 pronunciations
2025-03-30 19:32:11,182 - INFO - Querying etymologies for word_id 224653
2025-03-30 19:32:11,183 - INFO - Found 1 etymologies
2025-03-30 19:32:11,184 - INFO - Querying definitions for word_id 224653
2025-03-30 19:32:11,186 - INFO - Found 4 definitions
2025-03-30 19:32:11,187 - INFO - Processing definition 1/4
2025-03-30 19:32:11,188 - INFO - Processing definition 2/4
2025-03-30 19:32:11,189 - INFO - Processing definition 3/4
2025-03-30 19:32:11,190 - INFO - Processing definition 4/4
2025-03-30 19:32:11,191 - INFO - Querying relations for word_id 224653
2025-03-30 19:32:11,193 - INFO - Found 3 relations
2025-03-30 19:32:11,196 - INFO - Database connection closed
