2025-02-09 16:55:20,041 - INFO - Attempting database connection...
2025-02-09 16:55:20,042 - INFO - Database configuration:
2025-02-09 16:55:20,042 - INFO -   Database Name: fil_dict_db
2025-02-09 16:55:20,042 - INFO -   User: postgres
2025-02-09 16:55:20,042 - INFO -   Host: localhost
2025-02-09 16:55:20,043 - INFO -   Password: ********
2025-02-09 16:55:20,183 - INFO - Successfully established database connection
2025-02-09 16:55:20,184 - INFO - Setting up PostgreSQL extensions...
2025-02-09 16:55:20,184 - INFO - Checking extension: pg_trgm
2025-02-09 16:55:20,190 - INFO - Extension already installed: pg_trgm
2025-02-09 16:55:20,190 - INFO - Checking extension: unaccent
2025-02-09 16:55:20,190 - INFO - Extension already installed: unaccent
2025-02-09 16:55:20,190 - INFO - Checking extension: fuzzystrmatch
2025-02-09 16:55:20,191 - INFO - Extension already installed: fuzzystrmatch
2025-02-09 16:55:20,191 - INFO - Extensions setup completed
2025-02-09 16:55:20,191 - INFO - Starting table creation/update process.
2025-02-09 16:55:20,225 - INFO - Standardizing source names...
2025-02-09 16:55:47,021 - INFO - Source names standardization completed
2025-02-09 16:55:47,035 - INFO - Tables created or updated successfully.
2025-02-09 16:55:47,039 - INFO - Processing Tagalog words from: data/tagalog-words.json
2025-02-09 16:56:52,174 - INFO - Processing root words from: data/root_words_with_associated_words_cleaned.json
2025-02-09 16:57:18,334 - INFO - Processing KWF dictionary from: data/kwf_dictionary.json
2025-02-09 16:59:00,866 - INFO - Starting to process Kaikki file: data/kaikki.jsonl
2025-02-09 16:59:00,894 - WARNING - Invalid Baybayin data for word 'lente', clearing baybayin fields.
2025-02-09 16:59:00,905 - WARNING - Invalid Baybayin data for word 'abnormal', clearing baybayin fields.
2025-02-09 16:59:00,906 - WARNING - Invalid Baybayin data for word 'abdominal', clearing baybayin fields.
2025-02-09 16:59:00,911 - WARNING - Invalid Baybayin data for word 'tago', clearing baybayin fields.
2025-02-09 16:59:00,935 - WARNING - Invalid Baybayin data for word 'tago', clearing baybayin fields.
2025-02-09 16:59:00,939 - WARNING - Invalid Baybayin data for word 'abdomen', clearing baybayin fields.
2025-02-09 16:59:00,941 - WARNING - Invalid Baybayin data for word 'absent', clearing baybayin fields.
2025-02-09 16:59:00,946 - WARNING - Invalid Baybayin data for word 'libre', clearing baybayin fields.
2025-02-09 16:59:00,967 - WARNING - Invalid Baybayin data for word 'libre', clearing baybayin fields.
2025-02-09 16:59:00,975 - ERROR - Error processing entry 'may': list index out of range
2025-02-09 16:59:00,977 - ERROR - Error processing entry 'may': list index out of range
2025-02-09 16:59:00,978 - WARNING - Invalid Baybayin data for word 'menos', clearing baybayin fields.
2025-02-09 16:59:00,981 - WARNING - Invalid Baybayin data for word 'abate', clearing baybayin fields.
2025-02-09 16:59:00,984 - WARNING - Invalid Baybayin data for word 'peso', clearing baybayin fields.
2025-02-09 16:59:00,985 - WARNING - Invalid Baybayin data for word 'tao', clearing baybayin fields.
2025-02-09 16:59:01,093 - WARNING - Invalid Baybayin data for word 'tao', clearing baybayin fields.
2025-02-09 16:59:01,105 - WARNING - Invalid Baybayin data for word 'are', clearing baybayin fields.
2025-02-09 16:59:01,107 - WARNING - Invalid Baybayin data for word 'robot', clearing baybayin fields.
2025-02-09 16:59:01,120 - WARNING - Invalid Baybayin data for word 'a-', clearing baybayin fields.
2025-02-09 16:59:01,129 - WARNING - Invalid Baybayin data for word 'also', clearing baybayin fields.
2025-02-09 16:59:01,132 - WARNING - Invalid Baybayin data for word 'mars', clearing baybayin fields.
2025-02-09 16:59:01,138 - WARNING - Invalid Baybayin data for word 'y', clearing baybayin fields.
2025-02-09 16:59:01,140 - WARNING - Invalid Baybayin data for word 'y', clearing baybayin fields.
2025-02-09 16:59:01,143 - WARNING - Invalid Baybayin data for word 'y', clearing baybayin fields.
2025-02-09 16:59:01,145 - WARNING - Invalid Baybayin data for word 'y', clearing baybayin fields.
2025-02-09 16:59:01,176 - WARNING - Invalid Baybayin data for word 'te', clearing baybayin fields.
2025-02-09 16:59:01,177 - WARNING - Invalid Baybayin data for word 'te', clearing baybayin fields.
2025-02-09 16:59:01,183 - WARNING - Invalid Baybayin data for word 'presidente', clearing baybayin fields.
2025-02-09 16:59:01,188 - WARNING - Invalid Baybayin data for word 'A', clearing baybayin fields.
2025-02-09 16:59:01,248 - WARNING - Invalid Baybayin data for word 'on', clearing baybayin fields.
2025-02-09 16:59:01,252 - WARNING - Invalid Baybayin data for word 'tigre', clearing baybayin fields.
2025-02-09 16:59:01,257 - WARNING - Invalid Baybayin data for word 'de', clearing baybayin fields.
2025-02-09 16:59:01,259 - WARNING - Invalid Baybayin data for word 'de', clearing baybayin fields.
2025-02-09 16:59:01,281 - WARNING - Invalid Baybayin data for word 'radar', clearing baybayin fields.
2025-02-09 16:59:01,293 - WARNING - Invalid Baybayin data for word 'ao', clearing baybayin fields.
2025-02-09 16:59:01,294 - WARNING - Invalid Baybayin data for word 'mental', clearing baybayin fields.
2025-02-09 16:59:01,296 - WARNING - Invalid Baybayin data for word 'mental', clearing baybayin fields.
2025-02-09 16:59:01,298 - WARNING - Invalid Baybayin data for word 'be', clearing baybayin fields.
2025-02-09 16:59:01,300 - WARNING - Invalid Baybayin data for word 'noon', clearing baybayin fields.
2025-02-09 16:59:01,303 - WARNING - Invalid Baybayin data for word 'noon', clearing baybayin fields.
2025-02-09 16:59:01,304 - WARNING - Invalid Baybayin data for word 'abandono', clearing baybayin fields.
2025-02-09 16:59:01,306 - WARNING - Invalid Baybayin data for word 'en', clearing baybayin fields.
2025-02-09 16:59:01,308 - WARNING - Invalid Baybayin data for word 'ate', clearing baybayin fields.
2025-02-09 16:59:01,330 - WARNING - Invalid Baybayin data for word 'ate', clearing baybayin fields.
2025-02-09 16:59:01,337 - WARNING - Invalid Baybayin data for word 'o', clearing baybayin fields.
2025-02-09 16:59:01,406 - WARNING - Invalid Baybayin data for word 'o', clearing baybayin fields.
2025-02-09 16:59:01,458 - WARNING - Invalid Baybayin data for word 'o', clearing baybayin fields.
2025-02-09 16:59:01,461 - WARNING - Invalid Baybayin data for word 'o', clearing baybayin fields.
2025-02-09 16:59:01,464 - WARNING - Invalid Baybayin data for word 'o', clearing baybayin fields.
2025-02-09 16:59:01,471 - WARNING - Invalid Baybayin data for word 'i', clearing baybayin fields.
2025-02-09 16:59:01,567 - WARNING - Invalid Baybayin data for word 'mundo', clearing baybayin fields.
2025-02-09 16:59:01,573 - WARNING - Invalid Baybayin data for word 'mundo', clearing baybayin fields.
2025-02-09 16:59:01,586 - WARNING - Invalid Baybayin data for word 'el', clearing baybayin fields.
2025-02-09 16:59:01,587 - ERROR - Error processing entry 'el': list index out of range
2025-02-09 16:59:01,588 - WARNING - Invalid Baybayin data for word 'sombrero', clearing baybayin fields.
2025-02-09 16:59:01,593 - WARNING - Invalid Baybayin data for word 'bold', clearing baybayin fields.
2025-02-09 16:59:01,596 - WARNING - Invalid Baybayin data for word 'bold', clearing baybayin fields.
2025-02-09 16:59:01,608 - WARNING - Invalid Baybayin data for word 'regular', clearing baybayin fields.
2025-02-09 16:59:01,622 - WARNING - Invalid Baybayin data for word 'beso', clearing baybayin fields.
2025-02-09 16:59:01,626 - ERROR - Error processing entry 'balatik': list index out of range
2025-02-09 16:59:01,633 - WARNING - Invalid Baybayin data for word 'PI', clearing baybayin fields.
2025-02-09 16:59:01,635 - WARNING - Invalid Baybayin data for word 'balido', clearing baybayin fields.
2025-02-09 16:59:01,677 - WARNING - Invalid Baybayin data for word 'AP', clearing baybayin fields.
2025-02-09 16:59:01,678 - WARNING - Invalid Baybayin data for word 'grupo', clearing baybayin fields.
2025-02-09 16:59:01,686 - WARNING - Invalid Baybayin data for word 'OA', clearing baybayin fields.
2025-02-09 16:59:01,688 - WARNING - Invalid Baybayin data for word 'baon', clearing baybayin fields.
2025-02-09 16:59:01,689 - ERROR - Error processing entry 'baon': list index out of range
2025-02-09 16:59:01,690 - WARNING - Invalid Baybayin data for word 'baon', clearing baybayin fields.
2025-02-09 16:59:01,695 - WARNING - Invalid Baybayin data for word 'baon', clearing baybayin fields.
2025-02-09 16:59:01,711 - WARNING - Invalid Baybayin data for word 'alo', clearing baybayin fields.
2025-02-09 16:59:01,725 - WARNING - Invalid Baybayin data for word 'barato', clearing baybayin fields.
2025-02-09 16:59:01,847 - WARNING - Invalid Baybayin data for word 'hamster', clearing baybayin fields.
2025-02-09 16:59:01,849 - WARNING - Invalid Baybayin data for word 'boss', clearing baybayin fields.
2025-02-09 16:59:01,850 - WARNING - Invalid Baybayin data for word 'salmon', clearing baybayin fields.
2025-02-09 16:59:01,853 - WARNING - Invalid Baybayin data for word 'granada', clearing baybayin fields.
2025-02-09 16:59:01,857 - WARNING - Invalid Baybayin data for word 'matadero', clearing baybayin fields.
2025-02-09 16:59:01,872 - WARNING - Invalid Baybayin data for word 'pato', clearing baybayin fields.
2025-02-09 16:59:01,879 - WARNING - Invalid Baybayin data for word 'boy', clearing baybayin fields.
2025-02-09 16:59:01,891 - WARNING - Invalid Baybayin data for word 'matador', clearing baybayin fields.
2025-02-09 16:59:01,897 - ERROR - Error processing entry 'saya': list index out of range
2025-02-09 16:59:01,910 - ERROR - Error processing entry 'Sydney': list index out of range
2025-02-09 16:59:01,911 - WARNING - Invalid Baybayin data for word 'torta', clearing baybayin fields.
2025-02-09 16:59:02,002 - ERROR - Error processing entry 'kali': list index out of range
2025-02-09 16:59:02,005 - WARNING - Invalid Baybayin data for word 'ke', clearing baybayin fields.
2025-02-09 16:59:02,008 - WARNING - Invalid Baybayin data for word 'ke', clearing baybayin fields.
2025-02-09 16:59:02,157 - WARNING - Invalid Baybayin data for word 'dodo', clearing baybayin fields.
2025-02-09 16:59:02,159 - WARNING - Invalid Baybayin data for word 'liberal', clearing baybayin fields.
2025-02-09 16:59:02,165 - ERROR - Error processing entry 'ba': list index out of range
2025-02-09 16:59:02,280 - WARNING - Invalid Baybayin data for word 'he', clearing baybayin fields.
2025-02-09 16:59:02,281 - WARNING - Invalid Baybayin data for word 'he', clearing baybayin fields.
2025-02-09 16:59:02,282 - WARNING - Invalid Baybayin data for word 'lingo', clearing baybayin fields.
2025-02-09 16:59:02,286 - ERROR - Error processing entry 'suka': list index out of range
2025-02-09 16:59:02,302 - ERROR - Error processing entry 'pain': list index out of range
2025-02-09 16:59:02,304 - ERROR - Error processing entry 'pula': list index out of range
2025-02-09 16:59:02,306 - ERROR - Error processing entry 'pula': list index out of range
2025-02-09 16:59:02,315 - WARNING - Invalid Baybayin data for word 'among', clearing baybayin fields.
2025-02-09 16:59:02,317 - WARNING - Invalid Baybayin data for word 'look', clearing baybayin fields.
2025-02-09 16:59:02,320 - ERROR - Error processing entry 'look': list index out of range
2025-02-09 16:59:02,321 - WARNING - Invalid Baybayin data for word 'legal', clearing baybayin fields.
2025-02-09 16:59:02,323 - WARNING - Invalid Baybayin data for word 'ye', clearing baybayin fields.
2025-02-09 16:59:02,324 - WARNING - Invalid Baybayin data for word 'bra', clearing baybayin fields.
2025-02-09 16:59:02,351 - WARNING - Invalid Baybayin data for word 'betun', clearing baybayin fields.
2025-02-09 16:59:02,352 - WARNING - Invalid Baybayin data for word 'tore', clearing baybayin fields.
2025-02-09 16:59:02,360 - WARNING - Invalid Baybayin data for word 'ideal', clearing baybayin fields.
2025-02-09 16:59:02,366 - WARNING - Invalid Baybayin data for word 'ideal', clearing baybayin fields.
2025-02-09 16:59:02,371 - WARNING - Invalid Baybayin data for word 'abako', clearing baybayin fields.
2025-02-09 16:59:02,373 - WARNING - Invalid Baybayin data for word 'me', clearing baybayin fields.
2025-02-09 16:59:02,375 - WARNING - Invalid Baybayin data for word 'me', clearing baybayin fields.
2025-02-09 16:59:02,376 - WARNING - Invalid Baybayin data for word 'basket', clearing baybayin fields.
2025-02-09 16:59:02,387 - WARNING - Invalid Baybayin data for word 'basket', clearing baybayin fields.
2025-02-09 16:59:02,390 - WARNING - Invalid Baybayin data for word 'simple', clearing baybayin fields.
2025-02-09 16:59:02,409 - WARNING - Invalid Baybayin data for word 'rumor', clearing baybayin fields.
2025-02-09 16:59:02,412 - WARNING - Invalid Baybayin data for word 'bir', clearing baybayin fields.
2025-02-09 16:59:02,418 - WARNING - Invalid Baybayin data for word '-rin', clearing baybayin fields.
2025-02-09 16:59:02,419 - ERROR - Error processing entry '-rin': list index out of range
2025-02-09 16:59:02,420 - WARNING - Invalid Baybayin data for word 'rin', clearing baybayin fields.
2025-02-09 16:59:02,429 - WARNING - Invalid Baybayin data for word 'baron', clearing baybayin fields.
2025-02-09 16:59:02,434 - WARNING - Invalid Baybayin data for word 'duke', clearing baybayin fields.
2025-02-09 16:59:02,437 - WARNING - Invalid Baybayin data for word 'base', clearing baybayin fields.
2025-02-09 16:59:02,447 - WARNING - Invalid Baybayin data for word 'q', clearing baybayin fields.
2025-02-09 16:59:02,450 - WARNING - Invalid Baybayin data for word 'q', clearing baybayin fields.
2025-02-09 16:59:02,455 - ERROR - Error processing entry 'mana': list index out of range
2025-02-09 16:59:02,455 - WARNING - Invalid Baybayin data for word 'ese', clearing baybayin fields.
2025-02-09 16:59:02,457 - WARNING - Invalid Baybayin data for word 'tanto', clearing baybayin fields.
2025-02-09 16:59:02,459 - WARNING - Invalid Baybayin data for word 'tanto', clearing baybayin fields.
2025-02-09 16:59:02,462 - WARNING - Invalid Baybayin data for word 'tanto', clearing baybayin fields.
2025-02-09 16:59:02,467 - WARNING - Invalid Baybayin data for word 'ano', clearing baybayin fields.
2025-02-09 16:59:02,518 - WARNING - Invalid Baybayin data for word 'ano', clearing baybayin fields.
2025-02-09 16:59:02,521 - WARNING - Invalid Baybayin data for word 'ano', clearing baybayin fields.
2025-02-09 16:59:02,587 - WARNING - Invalid Baybayin data for word 'l', clearing baybayin fields.
2025-02-09 16:59:02,589 - WARNING - Invalid Baybayin data for word 'l', clearing baybayin fields.
2025-02-09 16:59:02,591 - WARNING - Invalid Baybayin data for word 'l', clearing baybayin fields.
2025-02-09 16:59:02,594 - WARNING - Invalid Baybayin data for word 'r', clearing baybayin fields.
2025-02-09 16:59:02,597 - WARNING - Invalid Baybayin data for word 'r', clearing baybayin fields.
2025-02-09 16:59:02,600 - WARNING - Invalid Baybayin data for word 'r', clearing baybayin fields.
2025-02-09 16:59:02,602 - WARNING - Invalid Baybayin data for word 'yon', clearing baybayin fields.
2025-02-09 16:59:02,603 - WARNING - Invalid Baybayin data for word 'yon', clearing baybayin fields.
2025-02-09 16:59:02,604 - WARNING - Invalid Baybayin data for word 'p', clearing baybayin fields.
2025-02-09 16:59:02,607 - WARNING - Invalid Baybayin data for word 'p', clearing baybayin fields.
2025-02-09 16:59:02,610 - WARNING - Invalid Baybayin data for word 'p', clearing baybayin fields.
2025-02-09 16:59:02,612 - ERROR - Error processing entry 'p': list index out of range
2025-02-09 16:59:02,613 - WARNING - Invalid Baybayin data for word 't', clearing baybayin fields.
2025-02-09 16:59:02,672 - WARNING - Invalid Baybayin data for word 't', clearing baybayin fields.
2025-02-09 16:59:02,674 - WARNING - Invalid Baybayin data for word 'b', clearing baybayin fields.
2025-02-09 16:59:02,677 - WARNING - Invalid Baybayin data for word 'b', clearing baybayin fields.
2025-02-09 16:59:02,679 - WARNING - Invalid Baybayin data for word 'k', clearing baybayin fields.
2025-02-09 16:59:02,681 - WARNING - Invalid Baybayin data for word 'k', clearing baybayin fields.
2025-02-09 16:59:02,684 - WARNING - Invalid Baybayin data for word 'k', clearing baybayin fields.
2025-02-09 16:59:02,686 - ERROR - Error processing entry 'k': list index out of range
2025-02-09 16:59:02,687 - WARNING - Invalid Baybayin data for word 'k', clearing baybayin fields.
2025-02-09 16:59:02,687 - ERROR - Error processing entry 'k': list index out of range
2025-02-09 16:59:02,688 - WARNING - Invalid Baybayin data for word 'g', clearing baybayin fields.
2025-02-09 16:59:02,691 - WARNING - Invalid Baybayin data for word 'g', clearing baybayin fields.
2025-02-09 16:59:02,694 - WARNING - Invalid Baybayin data for word 'g', clearing baybayin fields.
2025-02-09 16:59:02,696 - WARNING - Invalid Baybayin data for word 'g', clearing baybayin fields.
2025-02-09 16:59:02,699 - WARNING - Invalid Baybayin data for word 'm', clearing baybayin fields.
2025-02-09 16:59:02,702 - WARNING - Invalid Baybayin data for word 'm', clearing baybayin fields.
2025-02-09 16:59:02,703 - WARNING - Invalid Baybayin data for word 'm', clearing baybayin fields.
2025-02-09 16:59:02,705 - WARNING - Invalid Baybayin data for word 'anime', clearing baybayin fields.
2025-02-09 16:59:02,707 - WARNING - Invalid Baybayin data for word 'w', clearing baybayin fields.
2025-02-09 16:59:02,709 - WARNING - Invalid Baybayin data for word 'w', clearing baybayin fields.
2025-02-09 16:59:02,782 - WARNING - Invalid Baybayin data for word 'h', clearing baybayin fields.
2025-02-09 16:59:02,785 - WARNING - Invalid Baybayin data for word 'h', clearing baybayin fields.
2025-02-09 16:59:02,787 - WARNING - Invalid Baybayin data for word 'h', clearing baybayin fields.
2025-02-09 16:59:02,788 - WARNING - Invalid Baybayin data for word 'd', clearing baybayin fields.
2025-02-09 16:59:02,848 - WARNING - Invalid Baybayin data for word 'd', clearing baybayin fields.
2025-02-09 16:59:02,849 - WARNING - Invalid Baybayin data for word 'd', clearing baybayin fields.
2025-02-09 16:59:02,851 - WARNING - Invalid Baybayin data for word 'mayor', clearing baybayin fields.
2025-02-09 16:59:02,864 - WARNING - Invalid Baybayin data for word 'mayor', clearing baybayin fields.
2025-02-09 16:59:02,866 - WARNING - Invalid Baybayin data for word 'password', clearing baybayin fields.
2025-02-09 16:59:02,868 - WARNING - Invalid Baybayin data for word 'n', clearing baybayin fields.
2025-02-09 16:59:02,925 - WARNING - Invalid Baybayin data for word 'n', clearing baybayin fields.
2025-02-09 16:59:02,927 - WARNING - Invalid Baybayin data for word 'n', clearing baybayin fields.
2025-02-09 16:59:02,980 - WARNING - Invalid Baybayin data for word 'n', clearing baybayin fields.
2025-02-09 16:59:02,982 - ERROR - Error processing entry 'n': list index out of range
2025-02-09 16:59:02,982 - WARNING - Invalid Baybayin data for word 's', clearing baybayin fields.
2025-02-09 16:59:02,984 - WARNING - Invalid Baybayin data for word 's', clearing baybayin fields.
2025-02-09 16:59:02,986 - WARNING - Invalid Baybayin data for word 's', clearing baybayin fields.
2025-02-09 16:59:02,993 - WARNING - Invalid Baybayin data for word 'salt', clearing baybayin fields.
2025-02-09 16:59:02,995 - WARNING - Invalid Baybayin data for word 'key', clearing baybayin fields.
2025-02-09 16:59:02,997 - WARNING - Invalid Baybayin data for word 'e', clearing baybayin fields.
2025-02-09 16:59:03,053 - WARNING - Invalid Baybayin data for word 'e', clearing baybayin fields.
2025-02-09 16:59:03,056 - WARNING - Invalid Baybayin data for word 'e', clearing baybayin fields.
2025-02-09 16:59:03,066 - WARNING - Invalid Baybayin data for word 'u', clearing baybayin fields.
2025-02-09 16:59:03,136 - WARNING - Invalid Baybayin data for word 'hara-kiri', clearing baybayin fields.
2025-02-09 16:59:03,138 - WARNING - Invalid Baybayin data for word 'mare', clearing baybayin fields.
2025-02-09 16:59:03,142 - ERROR - Error processing entry 'aa': list index out of range
2025-02-09 16:59:03,147 - WARNING - Invalid Baybayin data for word 'edit', clearing baybayin fields.
2025-02-09 16:59:03,148 - WARNING - Invalid Baybayin data for word 'hanger', clearing baybayin fields.
2025-02-09 16:59:03,158 - WARNING - Invalid Baybayin data for word 'oh', clearing baybayin fields.
2025-02-09 16:59:03,160 - WARNING - Invalid Baybayin data for word 'oh', clearing baybayin fields.
2025-02-09 16:59:03,162 - WARNING - Invalid Baybayin data for word 'ë', clearing baybayin fields.
2025-02-09 16:59:03,172 - WARNING - Invalid Baybayin data for word 'uno', clearing baybayin fields.
2025-02-09 16:59:03,175 - WARNING - Invalid Baybayin data for word 'uno', clearing baybayin fields.
2025-02-09 16:59:03,176 - WARNING - Invalid Baybayin data for word 'kimono', clearing baybayin fields.
2025-02-09 16:59:03,178 - WARNING - Invalid Baybayin data for word 'tres', clearing baybayin fields.
2025-02-09 16:59:03,194 - WARNING - Invalid Baybayin data for word 'arbor', clearing baybayin fields.
2025-02-09 16:59:03,202 - WARNING - Invalid Baybayin data for word 'libro', clearing baybayin fields.
2025-02-09 16:59:03,222 - ERROR - Error processing entry 'ni': list index out of range
2025-02-09 16:59:03,228 - WARNING - Invalid Baybayin data for word 'talo', clearing baybayin fields.
2025-02-09 16:59:03,257 - WARNING - Invalid Baybayin data for word 'talo', clearing baybayin fields.
2025-02-09 16:59:03,261 - WARNING - Invalid Baybayin data for word 'talo', clearing baybayin fields.
2025-02-09 16:59:03,269 - WARNING - Invalid Baybayin data for word 'talo', clearing baybayin fields.
2025-02-09 16:59:03,277 - WARNING - Invalid Baybayin data for word 'un', clearing baybayin fields.
2025-02-09 16:59:03,278 - ERROR - Error processing entry 'un': list index out of range
2025-02-09 16:59:03,286 - WARNING - Invalid Baybayin data for word 'idea', clearing baybayin fields.
2025-02-09 16:59:03,298 - WARNING - Invalid Baybayin data for word 'natural', clearing baybayin fields.
2025-02-09 16:59:03,301 - WARNING - Invalid Baybayin data for word 'natural', clearing baybayin fields.
2025-02-09 16:59:03,309 - ERROR - Error processing entry 'ta': list index out of range
2025-02-09 16:59:03,315 - WARNING - Invalid Baybayin data for word 'kilo', clearing baybayin fields.
2025-02-09 16:59:03,317 - ERROR - Error processing entry 'kilo': list index out of range
2025-02-09 16:59:03,319 - WARNING - Invalid Baybayin data for word 'kilo', clearing baybayin fields.
2025-02-09 16:59:03,320 - ERROR - Error processing entry 'kilo': list index out of range
2025-02-09 16:59:03,321 - WARNING - Invalid Baybayin data for word 'kilo', clearing baybayin fields.
2025-02-09 16:59:03,329 - WARNING - Invalid Baybayin data for word 'kilo', clearing baybayin fields.
2025-02-09 16:59:03,331 - ERROR - Error processing entry 'Cu': list index out of range
2025-02-09 16:59:03,332 - WARNING - Invalid Baybayin data for word 'PG', clearing baybayin fields.
2025-02-09 16:59:03,334 - WARNING - Invalid Baybayin data for word 'PG', clearing baybayin fields.
2025-02-09 16:59:03,335 - WARNING - Invalid Baybayin data for word 'em', clearing baybayin fields.
2025-02-09 16:59:03,336 - ERROR - Error processing entry 'em': list index out of range
2025-02-09 16:59:03,337 - WARNING - Invalid Baybayin data for word 'ge', clearing baybayin fields.
2025-02-09 16:59:03,339 - WARNING - Invalid Baybayin data for word 'ge', clearing baybayin fields.
2025-02-09 16:59:03,365 - WARNING - Invalid Baybayin data for word 'terminal', clearing baybayin fields.
2025-02-09 16:59:03,368 - WARNING - Invalid Baybayin data for word 'ra', clearing baybayin fields.
2025-02-09 16:59:03,369 - WARNING - Invalid Baybayin data for word 'ne', clearing baybayin fields.
2025-02-09 16:59:03,399 - WARNING - Invalid Baybayin data for word 'pe', clearing baybayin fields.
2025-02-09 16:59:03,401 - WARNING - Invalid Baybayin data for word 'toro', clearing baybayin fields.
2025-02-09 16:59:03,403 - WARNING - Invalid Baybayin data for word 'ho', clearing baybayin fields.
2025-02-09 16:59:03,404 - WARNING - Invalid Baybayin data for word 'ho', clearing baybayin fields.
2025-02-09 16:59:03,427 - WARNING - Invalid Baybayin data for word 'asetilen', clearing baybayin fields.
2025-02-09 16:59:03,428 - WARNING - Invalid Baybayin data for word 'ele', clearing baybayin fields.
2025-02-09 16:59:03,430 - WARNING - Invalid Baybayin data for word 'aspirin', clearing baybayin fields.
2025-02-09 16:59:03,432 - WARNING - Invalid Baybayin data for word 'po', clearing baybayin fields.
2025-02-09 16:59:03,435 - ERROR - Error processing entry 'Tagalog': list index out of range
2025-02-09 16:59:03,437 - ERROR - Error processing entry 'Tagalog': list index out of range
2025-02-09 16:59:03,597 - WARNING - Invalid Baybayin data for word 'es', clearing baybayin fields.
2025-02-09 16:59:03,599 - WARNING - Invalid Baybayin data for word 'sine', clearing baybayin fields.
2025-02-09 16:59:03,613 - WARNING - Invalid Baybayin data for word 'lemur', clearing baybayin fields.
2025-02-09 16:59:03,616 - WARNING - Invalid Baybayin data for word 'ar', clearing baybayin fields.
2025-02-09 16:59:03,648 - WARNING - Invalid Baybayin data for word 'destino', clearing baybayin fields.
2025-02-09 16:59:03,670 - WARNING - Invalid Baybayin data for word 'ola', clearing baybayin fields.
2025-02-09 16:59:03,671 - WARNING - Invalid Baybayin data for word 'ola', clearing baybayin fields.
2025-02-09 16:59:03,675 - WARNING - Invalid Baybayin data for word 'se', clearing baybayin fields.
2025-02-09 16:59:03,677 - WARNING - Invalid Baybayin data for word 'se', clearing baybayin fields.
2025-02-09 16:59:03,695 - WARNING - Invalid Baybayin data for word 'negro', clearing baybayin fields.
2025-02-09 16:59:03,697 - WARNING - Invalid Baybayin data for word 'negro', clearing baybayin fields.
2025-02-09 16:59:03,733 - ERROR - Error processing entry 'Lao': list index out of range
2025-02-09 16:59:03,733 - WARNING - Invalid Baybayin data for word 'mate', clearing baybayin fields.
2025-02-09 16:59:03,837 - WARNING - Invalid Baybayin data for word 'estado', clearing baybayin fields.
2025-02-09 16:59:03,844 - WARNING - Invalid Baybayin data for word 'ordenador', clearing baybayin fields.
2025-02-09 16:59:03,847 - ERROR - Error processing entry 'si': list index out of range
2025-02-09 16:59:03,850 - WARNING - Invalid Baybayin data for word 'altar', clearing baybayin fields.
2025-02-09 16:59:03,860 - WARNING - Invalid Baybayin data for word 'baket', clearing baybayin fields.
2025-02-09 16:59:03,861 - WARNING - Invalid Baybayin data for word 'in-', clearing baybayin fields.
2025-02-09 16:59:03,863 - WARNING - Invalid Baybayin data for word 'real', clearing baybayin fields.
2025-02-09 16:59:03,876 - WARNING - Invalid Baybayin data for word 'real', clearing baybayin fields.
2025-02-09 16:59:03,879 - WARNING - Invalid Baybayin data for word 'real', clearing baybayin fields.
2025-02-09 16:59:03,890 - ERROR - Error processing entry 'na': list index out of range
2025-02-09 16:59:03,893 - ERROR - Error processing entry 'na': list index out of range
2025-02-09 16:59:03,899 - ERROR - Error processing entry 'na': list index out of range
2025-02-09 16:59:03,902 - WARNING - Invalid Baybayin data for word 'dugong', clearing baybayin fields.
2025-02-09 16:59:03,904 - WARNING - Invalid Baybayin data for word 'pare', clearing baybayin fields.
2025-02-09 16:59:03,913 - WARNING - Invalid Baybayin data for word 'pare', clearing baybayin fields.
2025-02-09 16:59:03,920 - WARNING - Invalid Baybayin data for word 'bar', clearing baybayin fields.
2025-02-09 16:59:03,929 - WARNING - Invalid Baybayin data for word 'melon', clearing baybayin fields.
2025-02-09 16:59:03,931 - WARNING - Invalid Baybayin data for word 'bes', clearing baybayin fields.
2025-02-09 16:59:03,933 - WARNING - Invalid Baybayin data for word 'bes', clearing baybayin fields.
2025-02-09 16:59:03,935 - WARNING - Invalid Baybayin data for word 'drama', clearing baybayin fields.
2025-02-09 16:59:03,950 - WARNING - Invalid Baybayin data for word 'gabe', clearing baybayin fields.
2025-02-09 16:59:03,951 - ERROR - Error processing entry 'gabe': list index out of range
2025-02-09 16:59:03,952 - WARNING - Invalid Baybayin data for word 'gabe', clearing baybayin fields.
2025-02-09 16:59:03,954 - WARNING - Invalid Baybayin data for word 'timbre', clearing baybayin fields.
2025-02-09 16:59:03,970 - WARNING - Invalid Baybayin data for word 'ser', clearing baybayin fields.
2025-02-09 16:59:04,004 - WARNING - Invalid Baybayin data for word 'oasis', clearing baybayin fields.
2025-02-09 16:59:04,008 - WARNING - Invalid Baybayin data for word 'aber', clearing baybayin fields.
2025-02-09 16:59:04,012 - WARNING - Invalid Baybayin data for word 'pintig', clearing baybayin fields.
2025-02-09 16:59:04,014 - WARNING - Invalid Baybayin data for word 'libra', clearing baybayin fields.
2025-02-09 16:59:04,055 - WARNING - Invalid Baybayin data for word 'puso', clearing baybayin fields.
2025-02-09 16:59:04,058 - ERROR - Error processing entry 'puso': list index out of range
2025-02-09 16:59:04,062 - WARNING - Invalid Baybayin data for word 'raw', clearing baybayin fields.
2025-02-09 16:59:04,097 - WARNING - Invalid Baybayin data for word 'debate', clearing baybayin fields.
2025-02-09 16:59:04,100 - WARNING - Invalid Baybayin data for word 'ping pong', clearing baybayin fields.
2025-02-09 16:59:04,101 - WARNING - Invalid Baybayin data for word 'iso', clearing baybayin fields.
2025-02-09 16:59:04,103 - WARNING - Invalid Baybayin data for word 'iso', clearing baybayin fields.
2025-02-09 16:59:04,105 - WARNING - Invalid Baybayin data for word 'iso', clearing baybayin fields.
2025-02-09 16:59:04,107 - WARNING - Invalid Baybayin data for word 'mano', clearing baybayin fields.
2025-02-09 16:59:04,135 - WARNING - Invalid Baybayin data for word 'mano', clearing baybayin fields.
2025-02-09 16:59:04,138 - WARNING - Invalid Baybayin data for word 'peg', clearing baybayin fields.
2025-02-09 16:59:04,141 - WARNING - Invalid Baybayin data for word 'pluma', clearing baybayin fields.
2025-02-09 16:59:04,146 - WARNING - Invalid Baybayin data for word 'pero', clearing baybayin fields.
2025-02-09 16:59:04,149 - WARNING - Invalid Baybayin data for word 'adaptable', clearing baybayin fields.
2025-02-09 16:59:04,151 - WARNING - Invalid Baybayin data for word 'lago', clearing baybayin fields.
2025-02-09 16:59:04,152 - ERROR - Error processing entry 'lago': list index out of range
2025-02-09 16:59:04,153 - WARNING - Invalid Baybayin data for word 'lago', clearing baybayin fields.
2025-02-09 16:59:04,156 - WARNING - Invalid Baybayin data for word 'lago', clearing baybayin fields.
2025-02-09 16:59:04,170 - WARNING - Invalid Baybayin data for word 'moderno', clearing baybayin fields.
2025-02-09 16:59:04,172 - WARNING - Invalid Baybayin data for word 'dragon', clearing baybayin fields.
2025-02-09 16:59:04,176 - WARNING - Invalid Baybayin data for word 'admirable', clearing baybayin fields.
2025-02-09 16:59:04,180 - WARNING - Invalid Baybayin data for word 'bos', clearing baybayin fields.
2025-02-09 16:59:04,187 - WARNING - Invalid Baybayin data for word 'mongol', clearing baybayin fields.
2025-02-09 16:59:04,190 - WARNING - Invalid Baybayin data for word 'ritmo', clearing baybayin fields.
2025-02-09 16:59:04,223 - WARNING - Invalid Baybayin data for word 'santo', clearing baybayin fields.
2025-02-09 16:59:04,267 - WARNING - Invalid Baybayin data for word 'santo', clearing baybayin fields.
2025-02-09 16:59:04,272 - WARNING - Invalid Baybayin data for word 'pera', clearing baybayin fields.
2025-02-09 16:59:04,279 - WARNING - Invalid Baybayin data for word 'admiral', clearing baybayin fields.
2025-02-09 16:59:04,282 - ERROR - Error processing entry 'akin': list index out of range
2025-02-09 16:59:04,284 - ERROR - Error processing entry 'akin': list index out of range
2025-02-09 16:59:04,287 - ERROR - Error processing entry 'Amoy': list index out of range
2025-02-09 16:59:04,290 - ERROR - Error processing entry 'balian': list index out of range
2025-02-09 16:59:04,291 - WARNING - Invalid Baybayin data for word 'lobo', clearing baybayin fields.
2025-02-09 16:59:04,292 - WARNING - Invalid Baybayin data for word 'lobo', clearing baybayin fields.
2025-02-09 16:59:04,318 - WARNING - Invalid Baybayin data for word 'tilde', clearing baybayin fields.
2025-02-09 16:59:04,370 - WARNING - Invalid Baybayin data for word 'lira', clearing baybayin fields.
2025-02-09 16:59:04,372 - WARNING - Invalid Baybayin data for word 'lira', clearing baybayin fields.
2025-02-09 16:59:04,375 - WARNING - Invalid Baybayin data for word 'lira', clearing baybayin fields.
2025-02-09 16:59:04,399 - WARNING - Invalid Baybayin data for word 'barat', clearing baybayin fields.
2025-02-09 16:59:04,403 - WARNING - Invalid Baybayin data for word 'barat', clearing baybayin fields.
2025-02-09 16:59:04,440 - WARNING - Invalid Baybayin data for word 'sano', clearing baybayin fields.
2025-02-09 16:59:04,464 - WARNING - Invalid Baybayin data for word 'pong', clearing baybayin fields.
2025-02-09 16:59:04,467 - WARNING - Invalid Baybayin data for word 'ale', clearing baybayin fields.
2025-02-09 16:59:04,553 - WARNING - Invalid Baybayin data for word 'numero', clearing baybayin fields.
2025-02-09 16:59:04,584 - WARNING - Invalid Baybayin data for word 'ayo', clearing baybayin fields.
2025-02-09 16:59:04,586 - WARNING - Invalid Baybayin data for word 'ayo', clearing baybayin fields.
2025-02-09 16:59:04,587 - WARNING - Invalid Baybayin data for word 'ayo', clearing baybayin fields.
2025-02-09 16:59:04,601 - WARNING - Invalid Baybayin data for word 'bodka', clearing baybayin fields.
2025-02-09 16:59:04,604 - WARNING - Invalid Baybayin data for word 'ensayo', clearing baybayin fields.
2025-02-09 16:59:04,620 - WARNING - Invalid Baybayin data for word 'ng', clearing baybayin fields.
2025-02-09 16:59:04,643 - WARNING - Invalid Baybayin data for word 'ng', clearing baybayin fields.
2025-02-09 16:59:04,645 - ERROR - Error processing entry 'ng': list index out of range
2025-02-09 16:59:04,645 - WARNING - Invalid Baybayin data for word 'ng', clearing baybayin fields.
2025-02-09 16:59:04,647 - ERROR - Error processing entry 'ng': list index out of range
2025-02-09 16:59:04,647 - WARNING - Invalid Baybayin data for word 'ng', clearing baybayin fields.
2025-02-09 16:59:04,727 - WARNING - Invalid Baybayin data for word 'raha', clearing baybayin fields.
2025-02-09 16:59:04,732 - WARNING - Invalid Baybayin data for word 'punto', clearing baybayin fields.
2025-02-09 16:59:04,733 - WARNING - Invalid Baybayin data for word 'punto', clearing baybayin fields.
2025-02-09 16:59:04,741 - WARNING - Invalid Baybayin data for word 'gasolina', clearing baybayin fields.
2025-02-09 16:59:04,743 - WARNING - Invalid Baybayin data for word 'andar', clearing baybayin fields.
2025-02-09 16:59:04,759 - WARNING - Invalid Baybayin data for word 'shawarma', clearing baybayin fields.
2025-02-09 16:59:04,762 - WARNING - Invalid Baybayin data for word 'kura', clearing baybayin fields.
2025-02-09 16:59:04,766 - WARNING - Invalid Baybayin data for word 'kura', clearing baybayin fields.
2025-02-09 16:59:04,767 - WARNING - Invalid Baybayin data for word 'amen', clearing baybayin fields.
2025-02-09 16:59:04,769 - WARNING - Invalid Baybayin data for word 'amen', clearing baybayin fields.
2025-02-09 16:59:04,774 - WARNING - Invalid Baybayin data for word 'dos', clearing baybayin fields.
2025-02-09 16:59:04,777 - WARNING - Invalid Baybayin data for word 'dos', clearing baybayin fields.
2025-02-09 16:59:04,778 - WARNING - Invalid Baybayin data for word 'tema', clearing baybayin fields.
2025-02-09 16:59:04,830 - WARNING - Invalid Baybayin data for word 'de-', clearing baybayin fields.
2025-02-09 16:59:04,838 - ERROR - Error processing entry 'di': list index out of range
2025-02-09 16:59:04,873 - WARNING - Invalid Baybayin data for word 'di-', clearing baybayin fields.
2025-02-09 16:59:04,874 - ERROR - Error processing entry 'di-': list index out of range
2025-02-09 16:59:04,882 - WARNING - Invalid Baybayin data for word 'padre', clearing baybayin fields.
2025-02-09 16:59:04,892 - WARNING - Invalid Baybayin data for word 'padre', clearing baybayin fields.
2025-02-09 16:59:04,894 - WARNING - Invalid Baybayin data for word 'abuso', clearing baybayin fields.
2025-02-09 16:59:04,897 - WARNING - Invalid Baybayin data for word 'adenitis', clearing baybayin fields.
2025-02-09 16:59:04,901 - WARNING - Invalid Baybayin data for word 'epistola', clearing baybayin fields.
2025-02-09 16:59:04,911 - WARNING - Invalid Baybayin data for word 'toga', clearing baybayin fields.
2025-02-09 16:59:04,919 - WARNING - Invalid Baybayin data for word 'tong', clearing baybayin fields.
