2025-01-15 21:36:06,208 - INFO - Starting data migration process
2025-01-15 21:36:06,210 - INFO - Attempting database connection...
2025-01-15 21:36:06,210 - INFO - Database configuration:
2025-01-15 21:36:06,211 - INFO -   Database Name: fil_dict_db
2025-01-15 21:36:06,212 - INFO -   User: postgres
2025-01-15 21:36:06,212 - INFO -   Host: localhost
2025-01-15 21:36:06,213 - INFO -   Password: ********
2025-01-15 21:36:06,442 - INFO - Successfully established database connection
2025-01-15 21:36:06,444 - INFO - Setting up PostgreSQL extensions...
2025-01-15 21:36:06,445 - INFO - Checking extension: pg_trgm
2025-01-15 21:36:06,542 - INFO - Installing extension: pg_trgm
2025-01-15 21:36:06,916 - INFO - Successfully installed extension: pg_trgm
2025-01-15 21:36:06,918 - INFO - Checking extension: unaccent
2025-01-15 21:36:06,921 - INFO - Installing extension: unaccent
2025-01-15 21:36:06,968 - INFO - Successfully installed extension: unaccent
2025-01-15 21:36:06,970 - INFO - Checking extension: fuzzystrmatch
2025-01-15 21:36:06,972 - INFO - Installing extension: fuzzystrmatch
2025-01-15 21:36:07,016 - INFO - Successfully installed extension: fuzzystrmatch
2025-01-15 21:36:07,017 - INFO - Extensions setup completed
2025-01-15 21:36:07,018 - INFO - Creating/updating database tables
2025-01-15 21:36:07,020 - INFO - Starting table creation/update process
2025-01-15 21:36:07,025 - INFO - Tables created or updated successfully
2025-01-15 21:36:07,026 - INFO - Beginning data processing
2025-01-15 21:36:07,027 - INFO - 1. Processing Tagalog words
2025-01-15 21:36:07,027 - INFO - Starting to process Tagalog words file: data/tagalog-words.json
2025-01-15 21:36:07,029 - INFO - Using source identifier: tagalog-words.json
2025-01-15 21:36:08,418 - INFO - Successfully loaded JSON data with 65328 entries
2025-01-15 21:36:24,214 - INFO - Database connection closed
