2025-03-30 18:28:13,347 - INFO - Starting lookup for word: 'ngatanan'
2025-03-30 18:28:13,384 - INFO - pg_trgm extension installed: True
2025-03-30 18:28:13,385 - INFO - Executing exact match query for 'ngatanan'
2025-03-30 18:28:13,547 - INFO - Found 0 exact matches
2025-03-30 18:28:13,548 - INFO - No exact matches, trying fuzzy search for 'ngatanan'
2025-03-30 18:28:13,548 - ERROR - Error in fuzzy search query: tuple index out of range
2025-03-30 18:28:13,549 - ERROR - Falling back to ILIKE search due to error
2025-03-30 18:28:13,551 - ERROR - Traceback: Traceback (most recent call last):
  File "C:\fil-relex\backend\dictionary_manager.py", line 7020, in lookup_word
    cur.execute(fuzzy_query, (args.word, args.word))
    ~~~~~~~~~~~^^^^^^^^^^^^^^^^^^^^^^^^^^^^^^^^^^^^^
IndexError: tuple index out of range

2025-03-30 18:28:13,552 - INFO - Trying ILIKE search for 'ngatanan'
2025-03-30 18:28:13,711 - INFO - ILIKE search found 1 matches
2025-03-30 18:28:13,712 - INFO - ILIKE matches: ['lukopngatanan']
2025-03-30 18:28:13,715 - INFO - Processing result 1/1
2025-03-30 18:28:13,715 - INFO - Word ID: 227731
2025-03-30 18:28:13,715 - INFO - Lemma: lukopngatanan
2025-03-30 18:28:13,716 - INFO - Language code: ceb
2025-03-30 18:28:13,719 - INFO - Querying pronunciations for word_id 227731
2025-03-30 18:28:13,722 - INFO - Found 0 pronunciations
2025-03-30 18:28:13,722 - INFO - Querying etymologies for word_id 227731
2025-03-30 18:28:13,727 - INFO - Found 1 etymologies
2025-03-30 18:28:13,730 - INFO - Querying definitions for word_id 227731
2025-03-30 18:28:13,742 - INFO - Found 1 definitions
2025-03-30 18:28:13,744 - INFO - Processing definition 1/1
2025-03-30 18:28:13,747 - INFO - Querying relations for word_id 227731
2025-03-30 18:28:13,755 - INFO - Found 0 relations
2025-03-30 18:28:13,756 - INFO - No relations found for word ID 227731
2025-03-30 18:28:13,758 - INFO - Database connection closed
