2025-04-05 10:25:08,707 - INFO - Database connection pool initialized
2025-04-05 10:25:08,749 - INFO - Starting lookup for word: 'charot'
2025-04-05 10:25:08,802 - INFO - pg_trgm extension installed: True
2025-04-05 10:25:08,802 - INFO - Executing exact match query for 'charot'
2025-04-05 10:25:09,370 - INFO - Found 1 exact matches
2025-04-05 10:25:09,370 - INFO - Processing result 1/1
2025-04-05 10:25:09,370 - INFO - Word ID: 155020
2025-04-05 10:25:09,371 - INFO - Lemma: charot
2025-04-05 10:25:09,371 - INFO - Language code: tl
2025-04-05 10:25:09,375 - INFO - Querying pronunciations for word_id 155020
2025-04-05 10:25:09,380 - INFO - Found 3 pronunciations
2025-04-05 10:25:09,382 - ERROR - Error retrieving pronunciations: not enough values to unpack (expected 5, got 4)
2025-04-05 10:25:09,382 - INFO - Querying etymologies for word_id 155020
2025-04-05 10:25:09,389 - INFO - Found 1 etymologies
2025-04-05 10:25:09,392 - INFO - Querying definitions for word_id 155020
2025-04-05 10:25:09,402 - INFO - Found 6 definitions
2025-04-05 10:25:09,404 - INFO - Processing definition 1/6
2025-04-05 10:25:09,405 - INFO - Processing definition 2/6
2025-04-05 10:25:09,406 - INFO - Processing definition 3/6
2025-04-05 10:25:09,408 - INFO - Processing definition 4/6
2025-04-05 10:25:09,410 - INFO - Processing definition 5/6
2025-04-05 10:25:09,413 - INFO - Processing definition 6/6
2025-04-05 10:25:09,416 - INFO - Querying relations for word_id 155020
2025-04-05 10:25:09,429 - INFO - Found 18 relations
2025-04-05 10:25:09,446 - INFO - Database connection closed
