2025-01-16 02:44:55,362 - WARNING - Starting database purge process
2025-01-16 02:45:11,641 - INFO - Attempting database connection...
2025-01-16 02:45:11,642 - INFO - Database configuration:
2025-01-16 02:45:11,642 - INFO -   Database Name: fil_dict_db
2025-01-16 02:45:11,643 - INFO -   User: postgres
2025-01-16 02:45:11,643 - INFO -   Host: localhost
2025-01-16 02:45:11,644 - INFO -   Password: ********
2025-01-16 02:45:11,820 - INFO - Successfully established database connection
2025-01-16 02:45:11,821 - INFO - Disabling triggers...
2025-01-16 02:45:11,832 - INFO - Deleting data from all tables...
2025-01-16 02:45:11,833 - INFO - Purging table: etymologies
2025-01-16 02:45:11,895 - INFO - Purging table: relations
2025-01-16 02:45:11,910 - INFO - Purging table: definitions
2025-01-16 02:45:11,928 - INFO - Purging table: words
2025-01-16 02:45:11,989 - INFO - Resetting sequences...
2025-01-16 02:45:12,097 - INFO - Resetting Baybayin-related columns...
2025-01-16 02:45:12,121 - INFO - Updating language codes documentation...
2025-01-16 02:45:12,127 - INFO - Re-enabling triggers...
2025-01-16 02:45:12,170 - INFO - Database purge completed successfully
2025-01-16 02:45:12,171 - INFO - Database connection closed
