2025-03-29 11:19:03,192 - INFO - Starting table creation/update process.
2025-03-29 11:19:03,397 - INFO - Tables created or updated successfully.
2025-03-29 11:19:03,402 - INFO - Processing Tagalog words from: ..\data\tagalog-words.json
2025-03-29 11:19:04,088 - INFO - Found 65336 entries to process
2025-03-29 11:19:05,650 - WARNING - Duplicate definition detected for word ID 703: áraw-...
2025-03-29 11:19:05,651 - ERROR - Error processing entry 'adláwon': current transaction is aborted, commands ignored until end of transaction block

2025-03-29 11:19:05,742 - WARNING - Skipping self-relationship for word ID 751
2025-03-29 11:19:05,743 - WARNING - Skipping self-relationship for word ID 751
2025-03-29 11:19:05,870 - WARNING - Skipping self-relationship for word ID 828
2025-03-29 11:19:05,870 - WARNING - Skipping self-relationship for word ID 828
2025-03-29 11:19:05,871 - WARNING - Skipping self-relationship for word ID 828
2025-03-29 11:19:05,871 - WARNING - Skipping self-relationship for word ID 828
2025-03-29 11:19:07,190 - INFO - Processed 1000/65336 entries
2025-03-29 11:19:07,777 - WARNING - Duplicate definition detected for word ID 1541: batà...
2025-03-29 11:19:07,778 - ERROR - Error processing entry 'akíbat': current transaction is aborted, commands ignored until end of transaction block

2025-03-29 11:19:10,339 - WARNING - Skipping self-relationship for word ID 2412
2025-03-29 11:19:10,340 - WARNING - Skipping self-relationship for word ID 2412
2025-03-29 11:19:12,018 - INFO - Processed 2000/65336 entries
2025-03-29 11:19:17,154 - INFO - Processed 3000/65336 entries
2025-03-29 11:19:17,544 - WARNING - Duplicate definition detected for word ID 4328: baybay sa Tagalog ng Anglo-Americano....
2025-03-29 11:19:17,544 - ERROR - Error processing entry 'Anglomania': current transaction is aborted, commands ignored until end of transaction block

2025-03-29 11:19:18,987 - WARNING - Duplicate definition detected for word ID 4777: pisngí....
2025-03-29 11:19:18,988 - ERROR - Error processing entry 'apingpinglís': current transaction is aborted, commands ignored until end of transaction block

2025-03-29 11:19:19,172 - WARNING - Skipping self-relationship for word ID 4834
2025-03-29 11:19:19,173 - WARNING - Skipping self-relationship for word ID 4834
2025-03-29 11:19:21,427 - WARNING - Skipping self-relationship for word ID 5586
2025-03-29 11:19:21,427 - WARNING - Skipping self-relationship for word ID 5586
2025-03-29 11:19:21,470 - INFO - Processed 4000/65336 entries
2025-03-29 11:19:21,637 - WARNING - Duplicate definition detected for word ID 5650: baybay sa Tagalog ng Artico....
2025-03-29 11:19:21,637 - ERROR - Error processing entry 'artikuladór': current transaction is aborted, commands ignored until end of transaction block

2025-03-29 11:19:22,961 - WARNING - Duplicate definition detected for word ID 6120: áso....
2025-03-29 11:19:22,962 - ERROR - Error processing entry 'asúbi': current transaction is aborted, commands ignored until end of transaction block

2025-03-29 11:19:25,229 - INFO - Processed 5000/65336 entries
2025-03-29 11:19:25,393 - WARNING - Skipping self-relationship for word ID 6938
2025-03-29 11:19:25,394 - WARNING - Skipping self-relationship for word ID 6938
2025-03-29 11:19:27,066 - WARNING - Skipping self-relationship for word ID 7478
2025-03-29 11:19:27,067 - WARNING - Skipping self-relationship for word ID 7478
2025-03-29 11:19:27,081 - WARNING - Skipping self-relationship for word ID 7478
2025-03-29 11:19:27,081 - WARNING - Skipping self-relationship for word ID 7478
2025-03-29 11:19:27,092 - WARNING - Skipping self-relationship for word ID 7478
2025-03-29 11:19:27,092 - WARNING - Skipping self-relationship for word ID 7478
2025-03-29 11:19:27,101 - WARNING - Skipping self-relationship for word ID 7478
2025-03-29 11:19:27,102 - WARNING - Skipping self-relationship for word ID 7478
2025-03-29 11:19:27,137 - WARNING - Skipping self-relationship for word ID 7490
2025-03-29 11:19:27,137 - WARNING - Skipping self-relationship for word ID 7490
2025-03-29 11:19:27,166 - WARNING - Skipping self-relationship for word ID 7490
2025-03-29 11:19:27,167 - WARNING - Skipping self-relationship for word ID 7490
2025-03-29 11:19:27,917 - WARNING - Skipping self-relationship for word ID 7711
2025-03-29 11:19:27,917 - WARNING - Skipping self-relationship for word ID 7711
2025-03-29 11:19:28,753 - WARNING - Skipping self-relationship for word ID 7956
2025-03-29 11:19:28,754 - WARNING - Skipping self-relationship for word ID 7956
2025-03-29 11:19:30,535 - WARNING - Skipping self-relationship for word ID 8474
2025-03-29 11:19:30,536 - WARNING - Skipping self-relationship for word ID 8474
2025-03-29 11:19:30,542 - WARNING - Skipping self-relationship for word ID 8474
2025-03-29 11:19:30,543 - WARNING - Skipping self-relationship for word ID 8474
2025-03-29 11:19:30,547 - WARNING - Skipping self-relationship for word ID 8474
2025-03-29 11:19:30,548 - WARNING - Skipping self-relationship for word ID 8474
2025-03-29 11:19:30,553 - WARNING - Skipping self-relationship for word ID 8474
2025-03-29 11:19:30,553 - WARNING - Skipping self-relationship for word ID 8474
2025-03-29 11:19:31,156 - INFO - Processed 6000/65336 entries
2025-03-29 11:19:31,531 - WARNING - Skipping self-relationship for word ID 8706
2025-03-29 11:19:31,532 - WARNING - Skipping self-relationship for word ID 8706
2025-03-29 11:19:33,472 - WARNING - Skipping self-relationship for word ID 7669
2025-03-29 11:19:33,472 - WARNING - Skipping self-relationship for word ID 7669
2025-03-29 11:19:34,053 - WARNING - Skipping self-relationship for word ID 9177
2025-03-29 11:19:34,054 - WARNING - Skipping self-relationship for word ID 9177
2025-03-29 11:19:34,939 - WARNING - Skipping self-relationship for word ID 9284
2025-03-29 11:19:34,939 - WARNING - Skipping self-relationship for word ID 9284
2025-03-29 11:19:35,532 - WARNING - Skipping self-relationship for word ID 9404
2025-03-29 11:19:35,532 - WARNING - Skipping self-relationship for word ID 9404
2025-03-29 11:19:37,103 - WARNING - Skipping self-relationship for word ID 9683
2025-03-29 11:19:37,104 - WARNING - Skipping self-relationship for word ID 9683
2025-03-29 11:19:39,096 - WARNING - Skipping self-relationship for word ID 10037
2025-03-29 11:19:39,096 - WARNING - Skipping self-relationship for word ID 10037
2025-03-29 11:19:40,055 - INFO - Processed 7000/65336 entries
2025-03-29 11:19:40,238 - WARNING - Skipping self-relationship for word ID 10218
2025-03-29 11:19:40,239 - WARNING - Skipping self-relationship for word ID 10218
2025-03-29 11:19:41,774 - WARNING - Skipping self-relationship for word ID 9062
2025-03-29 11:19:41,775 - WARNING - Skipping self-relationship for word ID 9062
2025-03-29 11:19:41,833 - WARNING - Skipping self-relationship for word ID 10444
2025-03-29 11:19:41,833 - WARNING - Skipping self-relationship for word ID 10444
2025-03-29 11:19:44,736 - WARNING - Skipping self-relationship for word ID 10801
2025-03-29 11:19:44,737 - WARNING - Skipping self-relationship for word ID 10801
2025-03-29 11:19:44,740 - WARNING - Skipping self-relationship for word ID 10801
2025-03-29 11:19:44,740 - WARNING - Skipping self-relationship for word ID 10801
2025-03-29 11:19:44,742 - WARNING - Skipping self-relationship for word ID 10801
2025-03-29 11:19:44,743 - WARNING - Skipping self-relationship for word ID 10801
2025-03-29 11:19:44,745 - WARNING - Skipping self-relationship for word ID 10801
2025-03-29 11:19:44,746 - WARNING - Skipping self-relationship for word ID 10801
2025-03-29 11:19:44,748 - WARNING - Skipping self-relationship for word ID 10801
2025-03-29 11:19:44,748 - WARNING - Skipping self-relationship for word ID 10801
2025-03-29 11:19:44,751 - WARNING - Skipping self-relationship for word ID 10801
2025-03-29 11:19:44,752 - WARNING - Skipping self-relationship for word ID 10801
2025-03-29 11:19:44,754 - WARNING - Skipping self-relationship for word ID 10801
2025-03-29 11:19:44,755 - WARNING - Skipping self-relationship for word ID 10801
2025-03-29 11:19:44,757 - WARNING - Skipping self-relationship for word ID 10801
2025-03-29 11:19:44,758 - WARNING - Skipping self-relationship for word ID 10801
2025-03-29 11:19:44,760 - WARNING - Skipping self-relationship for word ID 10801
2025-03-29 11:19:44,761 - WARNING - Skipping self-relationship for word ID 10801
2025-03-29 11:19:47,604 - WARNING - Skipping self-relationship for word ID 11193
2025-03-29 11:19:47,605 - WARNING - Skipping self-relationship for word ID 11193
2025-03-29 11:19:50,313 - INFO - Processed 8000/65336 entries
2025-03-29 11:19:53,925 - WARNING - Skipping self-relationship for word ID 7120
2025-03-29 11:19:53,926 - WARNING - Skipping self-relationship for word ID 7120
2025-03-29 11:19:57,720 - WARNING - Skipping self-relationship for word ID 12520
2025-03-29 11:19:57,721 - WARNING - Skipping self-relationship for word ID 12520
2025-03-29 11:20:00,446 - WARNING - Skipping self-relationship for word ID 12825
2025-03-29 11:20:00,447 - WARNING - Skipping self-relationship for word ID 12825
2025-03-29 11:20:02,171 - WARNING - Skipping self-relationship for word ID 13009
2025-03-29 11:20:02,171 - WARNING - Skipping self-relationship for word ID 13009
2025-03-29 11:20:02,516 - INFO - Processed 9000/65336 entries
2025-03-29 11:20:03,847 - WARNING - Skipping self-relationship for word ID 13192
2025-03-29 11:20:03,848 - WARNING - Skipping self-relationship for word ID 13192
2025-03-29 11:20:04,296 - WARNING - Skipping self-relationship for word ID 13242
2025-03-29 11:20:04,298 - WARNING - Skipping self-relationship for word ID 13242
2025-03-29 11:20:06,493 - WARNING - Skipping self-relationship for word ID 11219
2025-03-29 11:20:06,494 - WARNING - Skipping self-relationship for word ID 11219
2025-03-29 11:20:08,930 - WARNING - Skipping self-relationship for word ID 13873
2025-03-29 11:20:08,931 - WARNING - Skipping self-relationship for word ID 13873
2025-03-29 11:20:10,220 - WARNING - Skipping self-relationship for word ID 14048
2025-03-29 11:20:10,221 - WARNING - Skipping self-relationship for word ID 14048
2025-03-29 11:20:13,494 - INFO - Processed 10000/65336 entries
2025-03-29 11:20:15,053 - WARNING - Duplicate definition detected for word ID 14482: dikyà....
2025-03-29 11:20:15,054 - ERROR - Error processing entry 'bukyéng': current transaction is aborted, commands ignored until end of transaction block

2025-03-29 11:20:17,862 - WARNING - Skipping self-relationship for word ID 15179
2025-03-29 11:20:17,863 - WARNING - Skipping self-relationship for word ID 15179
2025-03-29 11:20:17,881 - WARNING - Skipping self-relationship for word ID 15179
2025-03-29 11:20:17,882 - WARNING - Skipping self-relationship for word ID 15179
2025-03-29 11:20:18,208 - WARNING - Skipping self-relationship for word ID 15248
2025-03-29 11:20:18,208 - WARNING - Skipping self-relationship for word ID 15248
2025-03-29 11:20:21,427 - INFO - Processed 11000/65336 entries
2025-03-29 11:20:28,347 - INFO - Processed 12000/65336 entries
2025-03-29 11:20:30,802 - WARNING - Skipping self-relationship for word ID 17315
2025-03-29 11:20:30,803 - WARNING - Skipping self-relationship for word ID 17315
2025-03-29 11:20:32,121 - WARNING - Duplicate definition detected for word ID 17518: bayaníhan....
2025-03-29 11:20:32,122 - ERROR - Error processing entry 'dahà': current transaction is aborted, commands ignored until end of transaction block

2025-03-29 11:20:34,009 - WARNING - Skipping self-relationship for word ID 17847
2025-03-29 11:20:34,010 - WARNING - Skipping self-relationship for word ID 17847
2025-03-29 11:20:34,012 - WARNING - Skipping self-relationship for word ID 17847
2025-03-29 11:20:34,012 - WARNING - Skipping self-relationship for word ID 17847
2025-03-29 11:20:34,062 - WARNING - Duplicate definition detected for word ID 17847: dagsâ....
2025-03-29 11:20:34,063 - ERROR - Error processing entry 'dagsàan': current transaction is aborted, commands ignored until end of transaction block

2025-03-29 11:20:35,060 - WARNING - Duplicate definition detected for word ID 18006: balakúbak....
2025-03-29 11:20:35,061 - ERROR - Error processing entry 'dalikén': current transaction is aborted, commands ignored until end of transaction block

2025-03-29 11:20:37,670 - WARNING - Skipping self-relationship for word ID 18467
2025-03-29 11:20:37,671 - WARNING - Skipping self-relationship for word ID 18467
2025-03-29 11:20:38,779 - INFO - Processed 13000/65336 entries
2025-03-29 11:20:41,487 - WARNING - Skipping self-relationship for word ID 19117
2025-03-29 11:20:41,488 - WARNING - Skipping self-relationship for word ID 19117
2025-03-29 11:20:42,689 - WARNING - Skipping self-relationship for word ID 19315
2025-03-29 11:20:42,690 - WARNING - Skipping self-relationship for word ID 19315
2025-03-29 11:20:42,702 - WARNING - Skipping self-relationship for word ID 19315
2025-03-29 11:20:42,702 - WARNING - Skipping self-relationship for word ID 19315
2025-03-29 11:20:48,972 - WARNING - Duplicate definition detected for word ID 20123: dipá....
2025-03-29 11:20:48,973 - INFO - Processed 14000/65336 entries
2025-03-29 11:20:48,974 - ERROR - Error processing entry 'deppáag': current transaction is aborted, commands ignored until end of transaction block

2025-03-29 11:20:53,382 - WARNING - Skipping self-relationship for word ID 20798
2025-03-29 11:20:53,383 - WARNING - Skipping self-relationship for word ID 20798
2025-03-29 11:20:53,509 - WARNING - Skipping self-relationship for word ID 20816
2025-03-29 11:20:53,510 - WARNING - Skipping self-relationship for word ID 20816
2025-03-29 11:20:58,077 - INFO - Processed 15000/65336 entries
2025-03-29 11:20:58,141 - WARNING - Duplicate definition detected for word ID 21556: [1] pababâ...
2025-03-29 11:20:58,142 - ERROR - Database error checking word ID 21556: current transaction is aborted, commands ignored until end of transaction block

2025-03-29 11:20:58,142 - ERROR - Error processing entry 'down': Database error: current transaction is aborted, commands ignored until end of transaction block

2025-03-29 11:20:59,768 - WARNING - Skipping self-relationship for word ID 22072
2025-03-29 11:20:59,769 - WARNING - Skipping self-relationship for word ID 22072
2025-03-29 11:20:59,905 - WARNING - Skipping self-relationship for word ID 22105
2025-03-29 11:20:59,905 - WARNING - Skipping self-relationship for word ID 22105
2025-03-29 11:21:01,025 - WARNING - Skipping self-relationship for word ID 22420
2025-03-29 11:21:01,026 - WARNING - Skipping self-relationship for word ID 22420
2025-03-29 11:21:01,488 - WARNING - Skipping self-relationship for word ID 22540
2025-03-29 11:21:01,489 - WARNING - Skipping self-relationship for word ID 22540
2025-03-29 11:21:02,547 - WARNING - Skipping self-relationship for word ID 22816
2025-03-29 11:21:02,548 - WARNING - Skipping self-relationship for word ID 22816
2025-03-29 11:21:03,181 - INFO - Processed 16000/65336 entries
2025-03-29 11:21:04,497 - WARNING - Skipping self-relationship for word ID 23217
2025-03-29 11:21:04,498 - WARNING - Skipping self-relationship for word ID 23217
2025-03-29 11:21:09,176 - INFO - Processed 17000/65336 entries
2025-03-29 11:21:14,976 - INFO - Processed 18000/65336 entries
2025-03-29 11:21:18,619 - WARNING - Skipping self-relationship for word ID 26069
2025-03-29 11:21:18,619 - WARNING - Skipping self-relationship for word ID 26069
2025-03-29 11:21:22,643 - INFO - Processed 19000/65336 entries
2025-03-29 11:21:23,781 - WARNING - Skipping self-relationship for word ID 26880
2025-03-29 11:21:23,781 - WARNING - Skipping self-relationship for word ID 26880
2025-03-29 11:21:23,782 - WARNING - Skipping self-relationship for word ID 26880
2025-03-29 11:21:23,782 - WARNING - Skipping self-relationship for word ID 26880
2025-03-29 11:21:23,813 - WARNING - Duplicate definition detected for word ID 26880: gansâ....
2025-03-29 11:21:23,814 - ERROR - Error processing entry 'gansál': current transaction is aborted, commands ignored until end of transaction block

2025-03-29 11:21:24,573 - WARNING - Skipping self-relationship for word ID 27098
2025-03-29 11:21:24,574 - WARNING - Skipping self-relationship for word ID 27098
2025-03-29 11:21:24,648 - WARNING - Duplicate definition detected for word ID 27138: alupíhan...
2025-03-29 11:21:24,650 - ERROR - Error processing entry 'gayán': current transaction is aborted, commands ignored until end of transaction block

2025-03-29 11:21:24,773 - WARNING - Skipping self-relationship for word ID 27183
2025-03-29 11:21:24,773 - WARNING - Skipping self-relationship for word ID 27183
2025-03-29 11:21:24,775 - WARNING - Skipping self-relationship for word ID 27183
2025-03-29 11:21:24,775 - WARNING - Skipping self-relationship for word ID 27183
2025-03-29 11:21:25,022 - WARNING - Skipping self-relationship for word ID 27264
2025-03-29 11:21:25,023 - WARNING - Skipping self-relationship for word ID 27264
2025-03-29 11:21:25,147 - WARNING - Duplicate definition detected for word ID 27299: katí...
2025-03-29 11:21:25,148 - ERROR - Error processing entry 'gatgát': current transaction is aborted, commands ignored until end of transaction block

2025-03-29 11:21:25,201 - WARNING - Skipping self-relationship for word ID 27313
2025-03-29 11:21:25,201 - WARNING - Skipping self-relationship for word ID 27313
2025-03-29 11:21:25,216 - WARNING - Skipping self-relationship for word ID 27313
2025-03-29 11:21:25,217 - WARNING - Skipping self-relationship for word ID 27313
2025-03-29 11:21:25,229 - WARNING - Skipping self-relationship for word ID 27313
2025-03-29 11:21:25,229 - WARNING - Skipping self-relationship for word ID 27313
2025-03-29 11:21:27,824 - WARNING - Skipping self-relationship for word ID 28061
2025-03-29 11:21:27,825 - WARNING - Skipping self-relationship for word ID 28061
2025-03-29 11:21:28,507 - INFO - Processed 20000/65336 entries
2025-03-29 11:21:32,746 - WARNING - Skipping self-relationship for word ID 29236
2025-03-29 11:21:32,746 - WARNING - Skipping self-relationship for word ID 29236
2025-03-29 11:21:32,983 - WARNING - Skipping self-relationship for word ID 29299
2025-03-29 11:21:32,984 - WARNING - Skipping self-relationship for word ID 29299
2025-03-29 11:21:35,169 - INFO - Processed 21000/65336 entries
2025-03-29 11:21:40,199 - WARNING - Skipping self-relationship for word ID 30650
2025-03-29 11:21:40,200 - WARNING - Skipping self-relationship for word ID 30650
2025-03-29 11:21:40,245 - WARNING - Skipping self-relationship for word ID 30650
2025-03-29 11:21:40,246 - WARNING - Skipping self-relationship for word ID 30650
2025-03-29 11:21:40,260 - WARNING - Skipping self-relationship for word ID 30650
2025-03-29 11:21:40,260 - WARNING - Skipping self-relationship for word ID 30650
2025-03-29 11:21:43,350 - WARNING - Duplicate definition detected for word ID 31227: tagák...
2025-03-29 11:21:43,351 - ERROR - Error processing entry 'herpes': current transaction is aborted, commands ignored until end of transaction block

2025-03-29 11:21:43,687 - INFO - Processed 22000/65336 entries
2025-03-29 11:21:45,914 - WARNING - Duplicate definition detected for word ID 31975: tungháy...
2025-03-29 11:21:45,915 - ERROR - Error processing entry 'himutî': current transaction is aborted, commands ignored until end of transaction block

2025-03-29 11:21:48,717 - WARNING - Duplicate definition detected for word ID 32742: úmis....
2025-03-29 11:21:48,718 - ERROR - Error processing entry 'hiyón-hiyón': current transaction is aborted, commands ignored until end of transaction block

2025-03-29 11:21:49,152 - WARNING - Skipping self-relationship for word ID 32889
2025-03-29 11:21:49,153 - WARNING - Skipping self-relationship for word ID 32889
2025-03-29 11:21:49,842 - INFO - Processed 23000/65336 entries
2025-03-29 11:21:51,691 - WARNING - Skipping self-relationship for word ID 33631
2025-03-29 11:21:51,692 - WARNING - Skipping self-relationship for word ID 33631
2025-03-29 11:21:51,701 - WARNING - Skipping self-relationship for word ID 33631
2025-03-29 11:21:51,701 - WARNING - Skipping self-relationship for word ID 33631
2025-03-29 11:21:54,431 - WARNING - Skipping self-relationship for word ID 34383
2025-03-29 11:21:54,432 - WARNING - Skipping self-relationship for word ID 34383
2025-03-29 11:21:54,437 - WARNING - Skipping self-relationship for word ID 34383
2025-03-29 11:21:54,438 - WARNING - Skipping self-relationship for word ID 34383
2025-03-29 11:21:54,444 - WARNING - Skipping self-relationship for word ID 34383
2025-03-29 11:21:54,444 - WARNING - Skipping self-relationship for word ID 34383
2025-03-29 11:21:56,151 - INFO - Processed 24000/65336 entries
2025-03-29 11:21:56,457 - WARNING - Skipping self-relationship for word ID 34784
2025-03-29 11:21:56,458 - WARNING - Skipping self-relationship for word ID 34784
2025-03-29 11:21:58,657 - WARNING - Skipping self-relationship for word ID 35256
2025-03-29 11:21:58,657 - WARNING - Skipping self-relationship for word ID 35256
2025-03-29 11:22:00,495 - WARNING - Duplicate definition detected for word ID 35580: dalá....
2025-03-29 11:22:00,495 - ERROR - Error processing entry 'inaláan': current transaction is aborted, commands ignored until end of transaction block

2025-03-29 11:22:01,575 - WARNING - Skipping self-relationship for word ID 35919
2025-03-29 11:22:01,576 - WARNING - Skipping self-relationship for word ID 35919
2025-03-29 11:22:01,578 - WARNING - Skipping self-relationship for word ID 35919
2025-03-29 11:22:01,579 - WARNING - Skipping self-relationship for word ID 35919
2025-03-29 11:22:01,771 - WARNING - Skipping self-relationship for word ID 35978
2025-03-29 11:22:01,771 - WARNING - Skipping self-relationship for word ID 35978
2025-03-29 11:22:01,773 - WARNING - Skipping self-relationship for word ID 35978
2025-03-29 11:22:01,774 - WARNING - Skipping self-relationship for word ID 35978
2025-03-29 11:22:01,796 - WARNING - Duplicate definition detected for word ID 35987: lápulápu....
2025-03-29 11:22:01,797 - ERROR - Error processing entry 'ínig': current transaction is aborted, commands ignored until end of transaction block

2025-03-29 11:22:01,826 - WARNING - Skipping self-relationship for word ID 35996
2025-03-29 11:22:01,826 - WARNING - Skipping self-relationship for word ID 35996
2025-03-29 11:22:01,828 - WARNING - Skipping self-relationship for word ID 35996
2025-03-29 11:22:01,829 - WARNING - Skipping self-relationship for word ID 35996
2025-03-29 11:22:02,048 - INFO - Processed 25000/65336 entries
2025-03-29 11:22:04,363 - WARNING - Duplicate definition detected for word ID 36646: [1] iláya...
2025-03-29 11:22:04,364 - ERROR - Database error checking word ID 36646: current transaction is aborted, commands ignored until end of transaction block

2025-03-29 11:22:04,365 - ERROR - Error processing entry 'iráya': Database error: current transaction is aborted, commands ignored until end of transaction block

2025-03-29 11:22:06,924 - INFO - Processed 26000/65336 entries
2025-03-29 11:22:07,658 - WARNING - Skipping self-relationship for word ID 37700
2025-03-29 11:22:07,659 - WARNING - Skipping self-relationship for word ID 37700
2025-03-29 11:22:07,968 - WARNING - Duplicate definition detected for word ID 37805: liwayway....
2025-03-29 11:22:07,969 - ERROR - Error processing entry 'kaágaw': current transaction is aborted, commands ignored until end of transaction block

