2025-02-09 00:23:14,739 - INFO - Attempting database connection...
2025-02-09 00:23:14,739 - INFO - Database configuration:
2025-02-09 00:23:14,740 - INFO -   Database Name: fil_dict_db
2025-02-09 00:23:14,740 - INFO -   User: postgres
2025-02-09 00:23:14,740 - INFO -   Host: localhost
2025-02-09 00:23:14,740 - INFO -   Password: ********
2025-02-09 00:23:14,885 - INFO - Successfully established database connection
2025-02-09 00:23:14,886 - INFO - Setting up PostgreSQL extensions...
2025-02-09 00:23:14,886 - INFO - Checking extension: pg_trgm
2025-02-09 00:23:14,889 - INFO - Extension already installed: pg_trgm
2025-02-09 00:23:14,890 - INFO - Checking extension: unaccent
2025-02-09 00:23:14,890 - INFO - Extension already installed: unaccent
2025-02-09 00:23:14,890 - INFO - Checking extension: fuzzystrmatch
2025-02-09 00:23:14,891 - INFO - Extension already installed: fuzzystrmatch
2025-02-09 00:23:14,891 - INFO - Extensions setup completed
2025-02-09 00:23:14,891 - INFO - Starting table creation/update process.
2025-02-09 00:23:14,901 - INFO - Tables created or updated successfully.
2025-02-09 00:23:14,904 - INFO - Processing Tagalog words from: data/tagalog-words.json
2025-02-09 00:24:26,224 - INFO - Processing root words from: data/root_words_with_associated_words_cleaned.json
2025-02-09 00:24:55,940 - INFO - Processing KWF dictionary from: data/kwf_dictionary.json
2025-02-09 00:26:16,537 - INFO - Starting to process Kaikki file: data/kaikki.jsonl
2025-02-09 00:26:16,559 - WARNING - Invalid Baybayin data for word 'aam', clearing baybayin fields.
2025-02-09 00:26:16,577 - WARNING - Invalid Baybayin data for word 'lente', clearing baybayin fields.
2025-02-09 00:26:16,587 - WARNING - Invalid Baybayin data for word 'abnormal', clearing baybayin fields.
2025-02-09 00:26:16,589 - WARNING - Invalid Baybayin data for word 'abdominal', clearing baybayin fields.
2025-02-09 00:26:16,592 - WARNING - Invalid Baybayin data for word 'June', clearing baybayin fields.
2025-02-09 00:26:16,594 - WARNING - Invalid Baybayin data for word 'tago', clearing baybayin fields.
2025-02-09 00:26:16,610 - WARNING - Invalid Baybayin data for word 'tago', clearing baybayin fields.
2025-02-09 00:26:16,613 - WARNING - Invalid Baybayin data for word 'abdomen', clearing baybayin fields.
2025-02-09 00:26:16,615 - WARNING - Invalid Baybayin data for word 'absent', clearing baybayin fields.
2025-02-09 00:26:16,617 - WARNING - Invalid Baybayin data for word 'Esperanto', clearing baybayin fields.
2025-02-09 00:26:16,619 - WARNING - Invalid Baybayin data for word 'April', clearing baybayin fields.
2025-02-09 00:26:16,621 - WARNING - Invalid Baybayin data for word 'libre', clearing baybayin fields.
2025-02-09 00:26:16,639 - WARNING - Invalid Baybayin data for word 'libre', clearing baybayin fields.
2025-02-09 00:26:16,654 - WARNING - Invalid Baybayin data for word 'menos', clearing baybayin fields.
2025-02-09 00:26:16,657 - WARNING - Invalid Baybayin data for word 'January', clearing baybayin fields.
2025-02-09 00:26:16,661 - WARNING - Invalid Baybayin data for word 'abate', clearing baybayin fields.
2025-02-09 00:26:16,665 - WARNING - Invalid Baybayin data for word 'peso', clearing baybayin fields.
2025-02-09 00:26:16,667 - WARNING - Invalid Baybayin data for word 'tao', clearing baybayin fields.
2025-02-09 00:26:16,759 - WARNING - Invalid Baybayin data for word 'tao', clearing baybayin fields.
2025-02-09 00:26:16,769 - WARNING - Invalid Baybayin data for word 'are', clearing baybayin fields.
2025-02-09 00:26:16,773 - WARNING - Invalid Baybayin data for word 'robot', clearing baybayin fields.
2025-02-09 00:26:16,779 - WARNING - Invalid Baybayin data for word 'Burundi', clearing baybayin fields.
2025-02-09 00:26:16,783 - WARNING - Invalid Baybayin data for word 'Gabon', clearing baybayin fields.
2025-02-09 00:26:16,785 - WARNING - Invalid Baybayin data for word 'Kenya', clearing baybayin fields.
2025-02-09 00:26:16,787 - WARNING - Invalid Baybayin data for word 'f', clearing baybayin fields.
2025-02-09 00:26:16,790 - WARNING - Invalid Baybayin data for word 'f', clearing baybayin fields.
2025-02-09 00:26:16,793 - WARNING - Invalid Baybayin data for word 'a-', clearing baybayin fields.
2025-02-09 00:26:16,795 - WARNING - Invalid Baybayin data for word 'Brasil', clearing baybayin fields.
2025-02-09 00:26:16,800 - WARNING - Invalid Baybayin data for word 'Botswana', clearing baybayin fields.
2025-02-09 00:26:16,804 - WARNING - Invalid Baybayin data for word 'also', clearing baybayin fields.
2025-02-09 00:26:16,806 - WARNING - Invalid Baybayin data for word 'van', clearing baybayin fields.
2025-02-09 00:26:16,808 - WARNING - Invalid Baybayin data for word 'mars', clearing baybayin fields.
2025-02-09 00:26:16,811 - WARNING - Invalid Baybayin data for word 'Oman', clearing baybayin fields.
2025-02-09 00:26:16,813 - WARNING - Invalid Baybayin data for word 'Lebanon', clearing baybayin fields.
2025-02-09 00:26:16,816 - WARNING - Invalid Baybayin data for word 'y', clearing baybayin fields.
2025-02-09 00:26:16,818 - WARNING - Invalid Baybayin data for word 'y', clearing baybayin fields.
2025-02-09 00:26:16,820 - WARNING - Invalid Baybayin data for word 'y', clearing baybayin fields.
2025-02-09 00:26:16,823 - WARNING - Invalid Baybayin data for word 'y', clearing baybayin fields.
2025-02-09 00:26:16,827 - WARNING - Invalid Baybayin data for word 'Israel', clearing baybayin fields.
2025-02-09 00:26:16,831 - WARNING - Invalid Baybayin data for word 'Nepal', clearing baybayin fields.
2025-02-09 00:26:16,834 - WARNING - Invalid Baybayin data for word 'Laos', clearing baybayin fields.
2025-02-09 00:26:16,837 - WARNING - Invalid Baybayin data for word 'Yemen', clearing baybayin fields.
2025-02-09 00:26:16,842 - WARNING - Invalid Baybayin data for word 'Togo', clearing baybayin fields.
2025-02-09 00:26:16,848 - WARNING - Invalid Baybayin data for word 'Senegal', clearing baybayin fields.
2025-02-09 00:26:16,851 - WARNING - Invalid Baybayin data for word 'Peru', clearing baybayin fields.
2025-02-09 00:26:16,853 - WARNING - Invalid Baybayin data for word 'Iran', clearing baybayin fields.
2025-02-09 00:26:16,855 - WARNING - Invalid Baybayin data for word 'Turkmenistan', clearing baybayin fields.
2025-02-09 00:26:16,857 - WARNING - Invalid Baybayin data for word 'Saudi Arabia', clearing baybayin fields.
2025-02-09 00:26:16,860 - WARNING - Invalid Baybayin data for word 'te', clearing baybayin fields.
2025-02-09 00:26:16,861 - WARNING - Invalid Baybayin data for word 'te', clearing baybayin fields.
2025-02-09 00:26:16,866 - WARNING - Invalid Baybayin data for word 'Burma', clearing baybayin fields.
2025-02-09 00:26:16,869 - WARNING - Invalid Baybayin data for word 'presidente', clearing baybayin fields.
2025-02-09 00:26:16,871 - WARNING - Invalid Baybayin data for word 'San Marino', clearing baybayin fields.
2025-02-09 00:26:16,874 - WARNING - Invalid Baybayin data for word 'A', clearing baybayin fields.
2025-02-09 00:26:16,961 - WARNING - Invalid Baybayin data for word 'Portugal', clearing baybayin fields.
2025-02-09 00:26:16,964 - WARNING - Invalid Baybayin data for word 'Portugal', clearing baybayin fields.
2025-02-09 00:26:16,968 - WARNING - Invalid Baybayin data for word 'vi', clearing baybayin fields.
2025-02-09 00:26:16,970 - WARNING - Invalid Baybayin data for word 'Benin', clearing baybayin fields.
2025-02-09 00:26:16,973 - WARNING - Invalid Baybayin data for word 'on', clearing baybayin fields.
2025-02-09 00:26:16,975 - WARNING - Invalid Baybayin data for word 'tigre', clearing baybayin fields.
2025-02-09 00:26:16,980 - WARNING - Invalid Baybayin data for word 'de', clearing baybayin fields.
2025-02-09 00:26:16,982 - WARNING - Invalid Baybayin data for word 'de', clearing baybayin fields.
2025-02-09 00:26:16,984 - WARNING - Invalid Baybayin data for word 'Belarus', clearing baybayin fields.
2025-02-09 00:26:17,002 - WARNING - Invalid Baybayin data for word 'radar', clearing baybayin fields.
2025-02-09 00:26:17,010 - WARNING - Invalid Baybayin data for word 'ao', clearing baybayin fields.
2025-02-09 00:26:17,011 - WARNING - Invalid Baybayin data for word 'mental', clearing baybayin fields.
2025-02-09 00:26:17,013 - WARNING - Invalid Baybayin data for word 'mental', clearing baybayin fields.
2025-02-09 00:26:17,016 - WARNING - Invalid Baybayin data for word 'be', clearing baybayin fields.
2025-02-09 00:26:17,018 - WARNING - Invalid Baybayin data for word 'noon', clearing baybayin fields.
2025-02-09 00:26:17,021 - WARNING - Invalid Baybayin data for word 'noon', clearing baybayin fields.
2025-02-09 00:26:17,023 - WARNING - Invalid Baybayin data for word 'abandono', clearing baybayin fields.
2025-02-09 00:26:17,026 - WARNING - Invalid Baybayin data for word 'en', clearing baybayin fields.
2025-02-09 00:26:17,028 - WARNING - Invalid Baybayin data for word 'ate', clearing baybayin fields.
2025-02-09 00:26:17,053 - WARNING - Invalid Baybayin data for word 'ate', clearing baybayin fields.
2025-02-09 00:26:17,062 - WARNING - Invalid Baybayin data for word 'o', clearing baybayin fields.
2025-02-09 00:26:17,144 - WARNING - Invalid Baybayin data for word 'o', clearing baybayin fields.
2025-02-09 00:26:17,188 - WARNING - Invalid Baybayin data for word 'o', clearing baybayin fields.
2025-02-09 00:26:17,190 - WARNING - Invalid Baybayin data for word 'o', clearing baybayin fields.
2025-02-09 00:26:17,193 - WARNING - Invalid Baybayin data for word 'o', clearing baybayin fields.
2025-02-09 00:26:17,200 - WARNING - Invalid Baybayin data for word 'i', clearing baybayin fields.
2025-02-09 00:26:17,294 - WARNING - Invalid Baybayin data for word 'X', clearing baybayin fields.
2025-02-09 00:26:17,297 - WARNING - Invalid Baybayin data for word 'X', clearing baybayin fields.
2025-02-09 00:26:17,301 - WARNING - Invalid Baybayin data for word 'xerox', clearing baybayin fields.
2025-02-09 00:26:17,321 - WARNING - Invalid Baybayin data for word 'mundo', clearing baybayin fields.
2025-02-09 00:26:17,328 - WARNING - Invalid Baybayin data for word 'mundo', clearing baybayin fields.
2025-02-09 00:26:17,336 - WARNING - Invalid Baybayin data for word 'el', clearing baybayin fields.
2025-02-09 00:26:17,340 - WARNING - Invalid Baybayin data for word 'sombrero', clearing baybayin fields.
2025-02-09 00:26:17,342 - WARNING - Invalid Baybayin data for word 'bold', clearing baybayin fields.
2025-02-09 00:26:17,349 - WARNING - Invalid Baybayin data for word 'bold', clearing baybayin fields.
2025-02-09 00:26:17,351 - WARNING - Invalid Baybayin data for word 'Korea', clearing baybayin fields.
2025-02-09 00:26:17,361 - WARNING - Invalid Baybayin data for word 'regular', clearing baybayin fields.
2025-02-09 00:26:17,378 - WARNING - Invalid Baybayin data for word 'beso', clearing baybayin fields.
2025-02-09 00:26:17,386 - WARNING - Invalid Baybayin data for word 'PI', clearing baybayin fields.
2025-02-09 00:26:17,388 - WARNING - Invalid Baybayin data for word 'balido', clearing baybayin fields.
2025-02-09 00:26:17,430 - WARNING - Invalid Baybayin data for word 'AP', clearing baybayin fields.
2025-02-09 00:26:17,432 - WARNING - Invalid Baybayin data for word 'grupo', clearing baybayin fields.
2025-02-09 00:26:17,442 - WARNING - Invalid Baybayin data for word 'OA', clearing baybayin fields.
2025-02-09 00:26:17,443 - WARNING - Invalid Baybayin data for word 'baon', clearing baybayin fields.
2025-02-09 00:26:17,467 - WARNING - Invalid Baybayin data for word 'baon', clearing baybayin fields.
2025-02-09 00:26:17,472 - WARNING - Invalid Baybayin data for word 'baon', clearing baybayin fields.
2025-02-09 00:26:17,486 - WARNING - Invalid Baybayin data for word 'alo', clearing baybayin fields.
2025-02-09 00:26:17,496 - WARNING - Invalid Baybayin data for word 'barato', clearing baybayin fields.
2025-02-09 00:26:17,499 - WARNING - Invalid Baybayin data for word 'CH', clearing baybayin fields.
2025-02-09 00:26:17,616 - WARNING - Invalid Baybayin data for word 'hamster', clearing baybayin fields.
2025-02-09 00:26:17,619 - WARNING - Invalid Baybayin data for word 'boss', clearing baybayin fields.
2025-02-09 00:26:17,620 - WARNING - Invalid Baybayin data for word 'salmon', clearing baybayin fields.
2025-02-09 00:26:17,622 - WARNING - Invalid Baybayin data for word 'granada', clearing baybayin fields.
2025-02-09 00:26:17,625 - WARNING - Invalid Baybayin data for word 'matadero', clearing baybayin fields.
2025-02-09 00:26:17,649 - WARNING - Invalid Baybayin data for word 'haj', clearing baybayin fields.
2025-02-09 00:26:17,651 - WARNING - Invalid Baybayin data for word 'pato', clearing baybayin fields.
2025-02-09 00:26:17,656 - WARNING - Invalid Baybayin data for word 'boy', clearing baybayin fields.
2025-02-09 00:26:17,673 - WARNING - Invalid Baybayin data for word 'matador', clearing baybayin fields.
2025-02-09 00:26:17,711 - WARNING - Invalid Baybayin data for word 'Salvador', clearing baybayin fields.
2025-02-09 00:26:17,715 - WARNING - Invalid Baybayin data for word 'Darwin', clearing baybayin fields.
2025-02-09 00:26:17,720 - WARNING - Invalid Baybayin data for word 'torta', clearing baybayin fields.
2025-02-09 00:26:17,741 - WARNING - Invalid Baybayin data for word 'Bombay', clearing baybayin fields.
2025-02-09 00:26:17,744 - WARNING - Invalid Baybayin data for word 'Bombay', clearing baybayin fields.
2025-02-09 00:26:17,752 - WARNING - Invalid Baybayin data for word 'Bombay', clearing baybayin fields.
2025-02-09 00:26:17,755 - WARNING - Invalid Baybayin data for word 'leche', clearing baybayin fields.
2025-02-09 00:26:17,758 - WARNING - Invalid Baybayin data for word 'leche', clearing baybayin fields.
2025-02-09 00:26:17,759 - WARNING - Invalid Baybayin data for word 'leche', clearing baybayin fields.
2025-02-09 00:26:17,760 - WARNING - Invalid Baybayin data for word 'Moslem', clearing baybayin fields.
2025-02-09 00:26:17,762 - WARNING - Invalid Baybayin data for word 'Moslem', clearing baybayin fields.
2025-02-09 00:26:17,822 - WARNING - Invalid Baybayin data for word 'ke', clearing baybayin fields.
2025-02-09 00:26:17,824 - WARNING - Invalid Baybayin data for word 'ke', clearing baybayin fields.
2025-02-09 00:26:17,829 - WARNING - Invalid Baybayin data for word 'Hong Kong', clearing baybayin fields.
2025-02-09 00:26:17,984 - WARNING - Invalid Baybayin data for word 'dodo', clearing baybayin fields.
2025-02-09 00:26:17,987 - WARNING - Invalid Baybayin data for word 'liberal', clearing baybayin fields.
2025-02-09 00:26:18,013 - WARNING - Invalid Baybayin data for word 'chat', clearing baybayin fields.
2025-02-09 00:26:18,122 - WARNING - Invalid Baybayin data for word 'he', clearing baybayin fields.
2025-02-09 00:26:18,123 - WARNING - Invalid Baybayin data for word 'he', clearing baybayin fields.
2025-02-09 00:26:18,125 - WARNING - Invalid Baybayin data for word 'lingo', clearing baybayin fields.
2025-02-09 00:26:18,180 - WARNING - Invalid Baybayin data for word 'among', clearing baybayin fields.
2025-02-09 00:26:18,182 - WARNING - Invalid Baybayin data for word 'look', clearing baybayin fields.
2025-02-09 00:26:18,198 - WARNING - Invalid Baybayin data for word 'legal', clearing baybayin fields.
2025-02-09 00:26:18,201 - WARNING - Invalid Baybayin data for word 'ye', clearing baybayin fields.
2025-02-09 00:26:18,203 - WARNING - Invalid Baybayin data for word 'bra', clearing baybayin fields.
2025-02-09 00:26:18,219 - WARNING - Invalid Baybayin data for word 'betun', clearing baybayin fields.
2025-02-09 00:26:18,221 - WARNING - Invalid Baybayin data for word 'tore', clearing baybayin fields.
2025-02-09 00:26:18,227 - WARNING - Invalid Baybayin data for word 'ideal', clearing baybayin fields.
2025-02-09 00:26:18,234 - WARNING - Invalid Baybayin data for word 'ideal', clearing baybayin fields.
2025-02-09 00:26:18,247 - WARNING - Invalid Baybayin data for word 'abako', clearing baybayin fields.
2025-02-09 00:26:18,250 - WARNING - Invalid Baybayin data for word 'me', clearing baybayin fields.
2025-02-09 00:26:18,252 - WARNING - Invalid Baybayin data for word 'me', clearing baybayin fields.
2025-02-09 00:26:18,254 - WARNING - Invalid Baybayin data for word 'basket', clearing baybayin fields.
2025-02-09 00:26:18,263 - WARNING - Invalid Baybayin data for word 'basket', clearing baybayin fields.
2025-02-09 00:26:18,265 - WARNING - Invalid Baybayin data for word 'simple', clearing baybayin fields.
2025-02-09 00:26:18,281 - WARNING - Invalid Baybayin data for word 'rumor', clearing baybayin fields.
2025-02-09 00:26:18,284 - WARNING - Invalid Baybayin data for word 'bir', clearing baybayin fields.
2025-02-09 00:26:18,288 - WARNING - Invalid Baybayin data for word '-rin', clearing baybayin fields.
2025-02-09 00:26:18,291 - WARNING - Invalid Baybayin data for word 'rin', clearing baybayin fields.
2025-02-09 00:26:18,301 - WARNING - Invalid Baybayin data for word 'baron', clearing baybayin fields.
2025-02-09 00:26:18,303 - WARNING - Invalid Baybayin data for word 'duke', clearing baybayin fields.
2025-02-09 00:26:18,306 - WARNING - Invalid Baybayin data for word 'base', clearing baybayin fields.
2025-02-09 00:26:18,318 - WARNING - Invalid Baybayin data for word 'q', clearing baybayin fields.
2025-02-09 00:26:18,320 - WARNING - Invalid Baybayin data for word 'q', clearing baybayin fields.
2025-02-09 00:26:18,324 - WARNING - Invalid Baybayin data for word 'ese', clearing baybayin fields.
2025-02-09 00:26:18,326 - WARNING - Invalid Baybayin data for word 'tanto', clearing baybayin fields.
2025-02-09 00:26:18,328 - WARNING - Invalid Baybayin data for word 'tanto', clearing baybayin fields.
2025-02-09 00:26:18,332 - WARNING - Invalid Baybayin data for word 'tanto', clearing baybayin fields.
2025-02-09 00:26:18,335 - WARNING - Invalid Baybayin data for word 'ano', clearing baybayin fields.
2025-02-09 00:26:18,384 - WARNING - Invalid Baybayin data for word 'ano', clearing baybayin fields.
2025-02-09 00:26:18,386 - WARNING - Invalid Baybayin data for word 'ano', clearing baybayin fields.
2025-02-09 00:26:18,390 - WARNING - Invalid Baybayin data for word 'v', clearing baybayin fields.
2025-02-09 00:26:18,478 - WARNING - Invalid Baybayin data for word 'j', clearing baybayin fields.
2025-02-09 00:26:18,480 - WARNING - Invalid Baybayin data for word 'j', clearing baybayin fields.
2025-02-09 00:26:18,483 - WARNING - Invalid Baybayin data for word 'l', clearing baybayin fields.
2025-02-09 00:26:18,487 - WARNING - Invalid Baybayin data for word 'l', clearing baybayin fields.
2025-02-09 00:26:18,490 - WARNING - Invalid Baybayin data for word 'l', clearing baybayin fields.
2025-02-09 00:26:18,493 - WARNING - Invalid Baybayin data for word 'r', clearing baybayin fields.
2025-02-09 00:26:18,495 - WARNING - Invalid Baybayin data for word 'r', clearing baybayin fields.
2025-02-09 00:26:18,497 - WARNING - Invalid Baybayin data for word 'r', clearing baybayin fields.
2025-02-09 00:26:18,499 - WARNING - Invalid Baybayin data for word 'yon', clearing baybayin fields.
2025-02-09 00:26:18,502 - WARNING - Invalid Baybayin data for word 'yon', clearing baybayin fields.
2025-02-09 00:26:18,503 - WARNING - Invalid Baybayin data for word 'p', clearing baybayin fields.
2025-02-09 00:26:18,506 - WARNING - Invalid Baybayin data for word 'p', clearing baybayin fields.
2025-02-09 00:26:18,509 - WARNING - Invalid Baybayin data for word 'p', clearing baybayin fields.
2025-02-09 00:26:18,511 - WARNING - Invalid Baybayin data for word 't', clearing baybayin fields.
2025-02-09 00:26:18,602 - WARNING - Invalid Baybayin data for word 't', clearing baybayin fields.
2025-02-09 00:26:18,605 - WARNING - Invalid Baybayin data for word 'b', clearing baybayin fields.
2025-02-09 00:26:18,607 - WARNING - Invalid Baybayin data for word 'b', clearing baybayin fields.
2025-02-09 00:26:18,609 - WARNING - Invalid Baybayin data for word 'k', clearing baybayin fields.
2025-02-09 00:26:18,613 - WARNING - Invalid Baybayin data for word 'k', clearing baybayin fields.
2025-02-09 00:26:18,616 - WARNING - Invalid Baybayin data for word 'k', clearing baybayin fields.
2025-02-09 00:26:18,618 - WARNING - Invalid Baybayin data for word 'k', clearing baybayin fields.
2025-02-09 00:26:18,621 - WARNING - Invalid Baybayin data for word 'g', clearing baybayin fields.
2025-02-09 00:26:18,622 - WARNING - Invalid Baybayin data for word 'g', clearing baybayin fields.
2025-02-09 00:26:18,625 - WARNING - Invalid Baybayin data for word 'g', clearing baybayin fields.
2025-02-09 00:26:18,630 - WARNING - Invalid Baybayin data for word 'g', clearing baybayin fields.
2025-02-09 00:26:18,632 - WARNING - Invalid Baybayin data for word 'm', clearing baybayin fields.
2025-02-09 00:26:18,635 - WARNING - Invalid Baybayin data for word 'm', clearing baybayin fields.
2025-02-09 00:26:18,636 - WARNING - Invalid Baybayin data for word 'm', clearing baybayin fields.
2025-02-09 00:26:18,639 - WARNING - Invalid Baybayin data for word 'anime', clearing baybayin fields.
2025-02-09 00:26:18,642 - WARNING - Invalid Baybayin data for word 'w', clearing baybayin fields.
2025-02-09 00:26:18,644 - WARNING - Invalid Baybayin data for word 'w', clearing baybayin fields.
2025-02-09 00:26:18,648 - WARNING - Invalid Baybayin data for word 'c', clearing baybayin fields.
2025-02-09 00:26:18,742 - WARNING - Invalid Baybayin data for word 'c', clearing baybayin fields.
2025-02-09 00:26:18,745 - WARNING - Invalid Baybayin data for word 'h', clearing baybayin fields.
2025-02-09 00:26:18,750 - WARNING - Invalid Baybayin data for word 'h', clearing baybayin fields.
2025-02-09 00:26:18,752 - WARNING - Invalid Baybayin data for word 'h', clearing baybayin fields.
2025-02-09 00:26:18,755 - WARNING - Invalid Baybayin data for word 'd', clearing baybayin fields.
2025-02-09 00:26:18,840 - WARNING - Invalid Baybayin data for word 'd', clearing baybayin fields.
2025-02-09 00:26:18,844 - WARNING - Invalid Baybayin data for word 'd', clearing baybayin fields.
2025-02-09 00:26:18,847 - WARNING - Invalid Baybayin data for word 'mayor', clearing baybayin fields.
2025-02-09 00:26:18,860 - WARNING - Invalid Baybayin data for word 'mayor', clearing baybayin fields.
2025-02-09 00:26:18,862 - WARNING - Invalid Baybayin data for word 'password', clearing baybayin fields.
2025-02-09 00:26:18,865 - WARNING - Invalid Baybayin data for word 'n', clearing baybayin fields.
2025-02-09 00:26:18,962 - WARNING - Invalid Baybayin data for word 'n', clearing baybayin fields.
2025-02-09 00:26:18,964 - WARNING - Invalid Baybayin data for word 'n', clearing baybayin fields.
2025-02-09 00:26:19,052 - WARNING - Invalid Baybayin data for word 'n', clearing baybayin fields.
2025-02-09 00:26:19,054 - WARNING - Invalid Baybayin data for word 's', clearing baybayin fields.
2025-02-09 00:26:19,059 - WARNING - Invalid Baybayin data for word 's', clearing baybayin fields.
2025-02-09 00:26:19,066 - WARNING - Invalid Baybayin data for word 's', clearing baybayin fields.
2025-02-09 00:26:19,068 - WARNING - Invalid Baybayin data for word 'z', clearing baybayin fields.
2025-02-09 00:26:19,071 - WARNING - Invalid Baybayin data for word 'z', clearing baybayin fields.
2025-02-09 00:26:19,072 - WARNING - Invalid Baybayin data for word 'salt', clearing baybayin fields.
2025-02-09 00:26:19,075 - WARNING - Invalid Baybayin data for word 'key', clearing baybayin fields.
2025-02-09 00:26:19,077 - WARNING - Invalid Baybayin data for word 'e', clearing baybayin fields.
2025-02-09 00:26:19,154 - WARNING - Invalid Baybayin data for word 'e', clearing baybayin fields.
2025-02-09 00:26:19,159 - WARNING - Invalid Baybayin data for word 'e', clearing baybayin fields.
2025-02-09 00:26:19,168 - WARNING - Invalid Baybayin data for word 'u', clearing baybayin fields.
2025-02-09 00:26:19,238 - WARNING - Invalid Baybayin data for word 'Ursula', clearing baybayin fields.
2025-02-09 00:26:19,241 - WARNING - Invalid Baybayin data for word 'hara-kiri', clearing baybayin fields.
2025-02-09 00:26:19,245 - WARNING - Invalid Baybayin data for word 'mare', clearing baybayin fields.
2025-02-09 00:26:19,248 - WARNING - Invalid Baybayin data for word 'aa', clearing baybayin fields.
2025-02-09 00:26:19,250 - WARNING - Invalid Baybayin data for word 'aa', clearing baybayin fields.
2025-02-09 00:26:19,252 - WARNING - Invalid Baybayin data for word 'aa', clearing baybayin fields.
2025-02-09 00:26:19,254 - WARNING - Invalid Baybayin data for word 'edit', clearing baybayin fields.
2025-02-09 00:26:19,256 - WARNING - Invalid Baybayin data for word 'hanger', clearing baybayin fields.
2025-02-09 00:26:19,263 - WARNING - Invalid Baybayin data for word 'oh', clearing baybayin fields.
2025-02-09 00:26:19,265 - WARNING - Invalid Baybayin data for word 'oh', clearing baybayin fields.
2025-02-09 00:26:19,267 - WARNING - Invalid Baybayin data for word 'ë', clearing baybayin fields.
2025-02-09 00:26:19,276 - WARNING - Invalid Baybayin data for word 'uno', clearing baybayin fields.
2025-02-09 00:26:19,280 - WARNING - Invalid Baybayin data for word 'uno', clearing baybayin fields.
2025-02-09 00:26:19,283 - WARNING - Invalid Baybayin data for word 'kimono', clearing baybayin fields.
2025-02-09 00:26:19,284 - WARNING - Invalid Baybayin data for word 'tres', clearing baybayin fields.
2025-02-09 00:26:19,306 - WARNING - Invalid Baybayin data for word 'arbor', clearing baybayin fields.
2025-02-09 00:26:19,320 - WARNING - Invalid Baybayin data for word 'libro', clearing baybayin fields.
2025-02-09 00:26:19,352 - WARNING - Invalid Baybayin data for word 'zeta', clearing baybayin fields.
2025-02-09 00:26:19,353 - WARNING - Invalid Baybayin data for word 'talo', clearing baybayin fields.
2025-02-09 00:26:19,386 - WARNING - Invalid Baybayin data for word 'talo', clearing baybayin fields.
2025-02-09 00:26:19,392 - WARNING - Invalid Baybayin data for word 'talo', clearing baybayin fields.
2025-02-09 00:26:19,399 - WARNING - Invalid Baybayin data for word 'talo', clearing baybayin fields.
2025-02-09 00:26:19,406 - WARNING - Invalid Baybayin data for word 'un', clearing baybayin fields.
2025-02-09 00:26:19,413 - WARNING - Invalid Baybayin data for word 'idea', clearing baybayin fields.
2025-02-09 00:26:19,423 - WARNING - Invalid Baybayin data for word 'natural', clearing baybayin fields.
2025-02-09 00:26:19,425 - WARNING - Invalid Baybayin data for word 'natural', clearing baybayin fields.
2025-02-09 00:26:19,438 - WARNING - Invalid Baybayin data for word 'kilo', clearing baybayin fields.
2025-02-09 00:26:19,440 - WARNING - Invalid Baybayin data for word 'kilo', clearing baybayin fields.
2025-02-09 00:26:19,443 - WARNING - Invalid Baybayin data for word 'kilo', clearing baybayin fields.
2025-02-09 00:26:19,449 - WARNING - Invalid Baybayin data for word 'kilo', clearing baybayin fields.
2025-02-09 00:26:19,451 - WARNING - Invalid Baybayin data for word 'Cu', clearing baybayin fields.
2025-02-09 00:26:19,453 - WARNING - Invalid Baybayin data for word 'PG', clearing baybayin fields.
2025-02-09 00:26:19,455 - WARNING - Invalid Baybayin data for word 'PG', clearing baybayin fields.
2025-02-09 00:26:19,457 - WARNING - Invalid Baybayin data for word 'em', clearing baybayin fields.
2025-02-09 00:26:19,461 - WARNING - Invalid Baybayin data for word 'ge', clearing baybayin fields.
2025-02-09 00:26:19,463 - WARNING - Invalid Baybayin data for word 'ge', clearing baybayin fields.
2025-02-09 00:26:19,470 - WARNING - Invalid Baybayin data for word 'FX', clearing baybayin fields.
2025-02-09 00:26:19,473 - WARNING - Invalid Baybayin data for word 'bus', clearing baybayin fields.
2025-02-09 00:26:19,486 - WARNING - Invalid Baybayin data for word 'ce', clearing baybayin fields.
2025-02-09 00:26:19,489 - WARNING - Invalid Baybayin data for word 'terminal', clearing baybayin fields.
2025-02-09 00:26:19,491 - WARNING - Invalid Baybayin data for word 'ra', clearing baybayin fields.
2025-02-09 00:26:19,493 - WARNING - Invalid Baybayin data for word 'ne', clearing baybayin fields.
2025-02-09 00:26:19,525 - WARNING - Invalid Baybayin data for word 'pe', clearing baybayin fields.
2025-02-09 00:26:19,527 - WARNING - Invalid Baybayin data for word 'toro', clearing baybayin fields.
2025-02-09 00:26:19,532 - WARNING - Invalid Baybayin data for word 'ho', clearing baybayin fields.
2025-02-09 00:26:19,534 - WARNING - Invalid Baybayin data for word 'ho', clearing baybayin fields.
2025-02-09 00:26:19,555 - WARNING - Invalid Baybayin data for word 'asetilen', clearing baybayin fields.
2025-02-09 00:26:19,557 - WARNING - Invalid Baybayin data for word 'ele', clearing baybayin fields.
2025-02-09 00:26:19,559 - WARNING - Invalid Baybayin data for word 'aspirin', clearing baybayin fields.
2025-02-09 00:26:19,562 - WARNING - Invalid Baybayin data for word 'po', clearing baybayin fields.
2025-02-09 00:26:19,566 - WARNING - Invalid Baybayin data for word 'Tagalog', clearing baybayin fields.
2025-02-09 00:26:19,570 - WARNING - Invalid Baybayin data for word 'Tagalog', clearing baybayin fields.
2025-02-09 00:26:19,677 - WARNING - Invalid Baybayin data for word 'Quezon City', clearing baybayin fields.
2025-02-09 00:26:19,679 - WARNING - Invalid Baybayin data for word 'Padua', clearing baybayin fields.
2025-02-09 00:26:19,682 - WARNING - Invalid Baybayin data for word 'La Paz', clearing baybayin fields.
2025-02-09 00:26:19,735 - WARNING - Invalid Baybayin data for word 'Trinidad', clearing baybayin fields.
2025-02-09 00:26:19,739 - WARNING - Invalid Baybayin data for word 'Bangkok', clearing baybayin fields.
2025-02-09 00:26:19,741 - WARNING - Invalid Baybayin data for word 'Dublin', clearing baybayin fields.
2025-02-09 00:26:19,743 - WARNING - Invalid Baybayin data for word 'San Francisco', clearing baybayin fields.
2025-02-09 00:26:19,746 - WARNING - Invalid Baybayin data for word 'Barcelona', clearing baybayin fields.
2025-02-09 00:26:19,750 - WARNING - Invalid Baybayin data for word 'es', clearing baybayin fields.
2025-02-09 00:26:19,753 - WARNING - Invalid Baybayin data for word 'sine', clearing baybayin fields.
2025-02-09 00:26:19,762 - WARNING - Invalid Baybayin data for word 'Florence', clearing baybayin fields.
2025-02-09 00:26:19,766 - WARNING - Invalid Baybayin data for word 'lemur', clearing baybayin fields.
2025-02-09 00:26:19,768 - WARNING - Invalid Baybayin data for word 'ar', clearing baybayin fields.
2025-02-09 00:26:19,784 - WARNING - Invalid Baybayin data for word 'Valencia', clearing baybayin fields.
2025-02-09 00:26:19,795 - WARNING - Invalid Baybayin data for word 'destino', clearing baybayin fields.
2025-02-09 00:26:19,816 - WARNING - Invalid Baybayin data for word 'ola', clearing baybayin fields.
2025-02-09 00:26:19,818 - WARNING - Invalid Baybayin data for word 'ola', clearing baybayin fields.
2025-02-09 00:26:19,820 - WARNING - Invalid Baybayin data for word 'Nicolas', clearing baybayin fields.
2025-02-09 00:26:19,823 - WARNING - Invalid Baybayin data for word 'se', clearing baybayin fields.
2025-02-09 00:26:19,829 - WARNING - Invalid Baybayin data for word 'se', clearing baybayin fields.
2025-02-09 00:26:19,843 - WARNING - Invalid Baybayin data for word 'negro', clearing baybayin fields.
2025-02-09 00:26:19,845 - WARNING - Invalid Baybayin data for word 'negro', clearing baybayin fields.
2025-02-09 00:26:19,878 - WARNING - Invalid Baybayin data for word 'Lao', clearing baybayin fields.
2025-02-09 00:26:19,883 - WARNING - Invalid Baybayin data for word 'mate', clearing baybayin fields.
2025-02-09 00:26:19,885 - WARNING - Invalid Baybayin data for word 'Saudi', clearing baybayin fields.
2025-02-09 00:26:19,887 - WARNING - Invalid Baybayin data for word 'Montana', clearing baybayin fields.
2025-02-09 00:26:19,994 - WARNING - Invalid Baybayin data for word 'estado', clearing baybayin fields.
2025-02-09 00:26:20,002 - WARNING - Invalid Baybayin data for word 'ordenador', clearing baybayin fields.
2025-02-09 00:26:20,027 - WARNING - Invalid Baybayin data for word 'altar', clearing baybayin fields.
2025-02-09 00:26:20,030 - WARNING - Invalid Baybayin data for word 'España', clearing baybayin fields.
2025-02-09 00:26:20,035 - WARNING - Invalid Baybayin data for word 'baket', clearing baybayin fields.
2025-02-09 00:26:20,037 - WARNING - Invalid Baybayin data for word 'in-', clearing baybayin fields.
2025-02-09 00:26:20,039 - WARNING - Invalid Baybayin data for word 'real', clearing baybayin fields.
2025-02-09 00:26:20,055 - WARNING - Invalid Baybayin data for word 'real', clearing baybayin fields.
2025-02-09 00:26:20,059 - WARNING - Invalid Baybayin data for word 'real', clearing baybayin fields.
2025-02-09 00:26:20,087 - WARNING - Invalid Baybayin data for word 'dugong', clearing baybayin fields.
2025-02-09 00:26:20,090 - WARNING - Invalid Baybayin data for word 'pare', clearing baybayin fields.
2025-02-09 00:26:20,099 - WARNING - Invalid Baybayin data for word 'pare', clearing baybayin fields.
2025-02-09 00:26:20,105 - WARNING - Invalid Baybayin data for word 'bar', clearing baybayin fields.
2025-02-09 00:26:20,113 - WARNING - Invalid Baybayin data for word 'melon', clearing baybayin fields.
2025-02-09 00:26:20,115 - WARNING - Invalid Baybayin data for word 'bes', clearing baybayin fields.
2025-02-09 00:26:20,118 - WARNING - Invalid Baybayin data for word 'bes', clearing baybayin fields.
2025-02-09 00:26:20,121 - WARNING - Invalid Baybayin data for word 'drama', clearing baybayin fields.
2025-02-09 00:26:20,132 - WARNING - Invalid Baybayin data for word 'Alfredo', clearing baybayin fields.
2025-02-09 00:26:20,135 - WARNING - Invalid Baybayin data for word 'El Niño', clearing baybayin fields.
2025-02-09 00:26:20,138 - WARNING - Invalid Baybayin data for word 'Cebuano', clearing baybayin fields.
2025-02-09 00:26:20,141 - WARNING - Invalid Baybayin data for word 'Cebuano', clearing baybayin fields.
2025-02-09 00:26:20,143 - WARNING - Invalid Baybayin data for word 'gabe', clearing baybayin fields.
2025-02-09 00:26:20,145 - WARNING - Invalid Baybayin data for word 'gabe', clearing baybayin fields.
2025-02-09 00:26:20,148 - WARNING - Invalid Baybayin data for word 'Sarah', clearing baybayin fields.
2025-02-09 00:26:20,154 - WARNING - Invalid Baybayin data for word 'timbre', clearing baybayin fields.
2025-02-09 00:26:20,173 - WARNING - Invalid Baybayin data for word 'ser', clearing baybayin fields.
2025-02-09 00:26:20,207 - WARNING - Invalid Baybayin data for word 'oasis', clearing baybayin fields.
2025-02-09 00:26:20,210 - WARNING - Invalid Baybayin data for word 'vendo', clearing baybayin fields.
2025-02-09 00:26:20,213 - WARNING - Invalid Baybayin data for word 'video', clearing baybayin fields.
2025-02-09 00:26:20,216 - WARNING - Invalid Baybayin data for word 'aber', clearing baybayin fields.
2025-02-09 00:26:20,222 - WARNING - Invalid Baybayin data for word 'libra', clearing baybayin fields.
2025-02-09 00:26:20,268 - WARNING - Invalid Baybayin data for word 'puso', clearing baybayin fields.
2025-02-09 00:26:20,315 - WARNING - Invalid Baybayin data for word 'raw', clearing baybayin fields.
2025-02-09 00:26:20,349 - WARNING - Invalid Baybayin data for word 'debate', clearing baybayin fields.
2025-02-09 00:26:20,352 - WARNING - Invalid Baybayin data for word 'ping pong', clearing baybayin fields.
2025-02-09 00:26:20,354 - WARNING - Invalid Baybayin data for word 'iso', clearing baybayin fields.
2025-02-09 00:26:20,357 - WARNING - Invalid Baybayin data for word 'iso', clearing baybayin fields.
2025-02-09 00:26:20,358 - WARNING - Invalid Baybayin data for word 'iso', clearing baybayin fields.
2025-02-09 00:26:20,361 - WARNING - Invalid Baybayin data for word 'mano', clearing baybayin fields.
2025-02-09 00:26:20,388 - WARNING - Invalid Baybayin data for word 'mano', clearing baybayin fields.
2025-02-09 00:26:20,391 - WARNING - Invalid Baybayin data for word 'peg', clearing baybayin fields.
2025-02-09 00:26:20,394 - WARNING - Invalid Baybayin data for word 'Semana Santa', clearing baybayin fields.
2025-02-09 00:26:20,401 - WARNING - Invalid Baybayin data for word 'pero', clearing baybayin fields.
2025-02-09 00:26:20,403 - WARNING - Invalid Baybayin data for word 'adaptable', clearing baybayin fields.
2025-02-09 00:26:20,406 - WARNING - Invalid Baybayin data for word 'lago', clearing baybayin fields.
2025-02-09 00:26:20,417 - WARNING - Invalid Baybayin data for word 'lago', clearing baybayin fields.
2025-02-09 00:26:20,420 - WARNING - Invalid Baybayin data for word 'lago', clearing baybayin fields.
2025-02-09 00:26:20,431 - WARNING - Invalid Baybayin data for word 'Venus', clearing baybayin fields.
2025-02-09 00:26:20,433 - WARNING - Invalid Baybayin data for word 'moderno', clearing baybayin fields.
2025-02-09 00:26:20,436 - WARNING - Invalid Baybayin data for word 'dragon', clearing baybayin fields.
2025-02-09 00:26:20,440 - WARNING - Invalid Baybayin data for word 'admirable', clearing baybayin fields.
2025-02-09 00:26:20,442 - WARNING - Invalid Baybayin data for word 'bos', clearing baybayin fields.
2025-02-09 00:26:20,446 - WARNING - Invalid Baybayin data for word 'mongol', clearing baybayin fields.
2025-02-09 00:26:20,449 - WARNING - Invalid Baybayin data for word 'Ezra', clearing baybayin fields.
2025-02-09 00:26:20,450 - WARNING - Invalid Baybayin data for word 'ritmo', clearing baybayin fields.
2025-02-09 00:26:20,480 - WARNING - Invalid Baybayin data for word 'santo', clearing baybayin fields.
2025-02-09 00:26:20,554 - WARNING - Invalid Baybayin data for word 'santo', clearing baybayin fields.
2025-02-09 00:26:20,560 - WARNING - Invalid Baybayin data for word 'pera', clearing baybayin fields.
2025-02-09 00:26:20,566 - WARNING - Invalid Baybayin data for word 'Jesus', clearing baybayin fields.
2025-02-09 00:26:20,568 - WARNING - Invalid Baybayin data for word 'admiral', clearing baybayin fields.
2025-02-09 00:26:20,644 - WARNING - Invalid Baybayin data for word 'Amoy', clearing baybayin fields.
2025-02-09 00:26:20,653 - WARNING - Invalid Baybayin data for word 'lobo', clearing baybayin fields.
2025-02-09 00:26:20,657 - WARNING - Invalid Baybayin data for word 'lobo', clearing baybayin fields.
2025-02-09 00:26:20,660 - WARNING - Invalid Baybayin data for word 'uang', clearing baybayin fields.
2025-02-09 00:26:20,683 - WARNING - Invalid Baybayin data for word 'Teresa', clearing baybayin fields.
2025-02-09 00:26:20,684 - WARNING - Invalid Baybayin data for word 'Teresa', clearing baybayin fields.
2025-02-09 00:26:20,686 - WARNING - Invalid Baybayin data for word 'tilde', clearing baybayin fields.
2025-02-09 00:26:20,739 - WARNING - Invalid Baybayin data for word 'lira', clearing baybayin fields.
2025-02-09 00:26:20,742 - WARNING - Invalid Baybayin data for word 'lira', clearing baybayin fields.
2025-02-09 00:26:20,744 - WARNING - Invalid Baybayin data for word 'lira', clearing baybayin fields.
2025-02-09 00:26:20,775 - WARNING - Invalid Baybayin data for word 'barat', clearing baybayin fields.
2025-02-09 00:26:20,779 - WARNING - Invalid Baybayin data for word 'barat', clearing baybayin fields.
2025-02-09 00:26:20,820 - WARNING - Invalid Baybayin data for word 'sano', clearing baybayin fields.
2025-02-09 00:26:20,848 - WARNING - Invalid Baybayin data for word 'pong', clearing baybayin fields.
2025-02-09 00:26:20,851 - WARNING - Invalid Baybayin data for word 'ale', clearing baybayin fields.
2025-02-09 00:26:20,942 - WARNING - Invalid Baybayin data for word 'numero', clearing baybayin fields.
2025-02-09 00:26:20,966 - WARNING - Invalid Baybayin data for word 'ayo', clearing baybayin fields.
2025-02-09 00:26:20,968 - WARNING - Invalid Baybayin data for word 'ayo', clearing baybayin fields.
2025-02-09 00:26:20,970 - WARNING - Invalid Baybayin data for word 'ayo', clearing baybayin fields.
2025-02-09 00:26:20,972 - WARNING - Invalid Baybayin data for word 'Adonis', clearing baybayin fields.
2025-02-09 00:26:20,986 - WARNING - Invalid Baybayin data for word 'bodka', clearing baybayin fields.
2025-02-09 00:26:20,989 - WARNING - Invalid Baybayin data for word 'ensayo', clearing baybayin fields.
2025-02-09 00:26:21,003 - WARNING - Invalid Baybayin data for word 'ng', clearing baybayin fields.
2025-02-09 00:26:21,033 - WARNING - Invalid Baybayin data for word 'ng', clearing baybayin fields.
2025-02-09 00:26:21,036 - WARNING - Invalid Baybayin data for word 'ng', clearing baybayin fields.
2025-02-09 00:26:21,038 - WARNING - Invalid Baybayin data for word 'ng', clearing baybayin fields.
2025-02-09 00:26:21,123 - WARNING - Invalid Baybayin data for word 'raha', clearing baybayin fields.
2025-02-09 00:26:21,126 - WARNING - Invalid Baybayin data for word 'punto', clearing baybayin fields.
2025-02-09 00:26:21,128 - WARNING - Invalid Baybayin data for word 'punto', clearing baybayin fields.
2025-02-09 00:26:21,133 - WARNING - Invalid Baybayin data for word 'gasolina', clearing baybayin fields.
2025-02-09 00:26:21,140 - WARNING - Invalid Baybayin data for word 'andar', clearing baybayin fields.
2025-02-09 00:26:21,156 - WARNING - Invalid Baybayin data for word 'shawarma', clearing baybayin fields.
2025-02-09 00:26:21,159 - WARNING - Invalid Baybayin data for word 'kura', clearing baybayin fields.
2025-02-09 00:26:21,162 - WARNING - Invalid Baybayin data for word 'kura', clearing baybayin fields.
2025-02-09 00:26:21,164 - WARNING - Invalid Baybayin data for word 'amen', clearing baybayin fields.
2025-02-09 00:26:21,168 - WARNING - Invalid Baybayin data for word 'amen', clearing baybayin fields.
2025-02-09 00:26:21,177 - WARNING - Invalid Baybayin data for word 'dos', clearing baybayin fields.
2025-02-09 00:26:21,181 - WARNING - Invalid Baybayin data for word 'dos', clearing baybayin fields.
2025-02-09 00:26:21,185 - WARNING - Invalid Baybayin data for word 'tema', clearing baybayin fields.
2025-02-09 00:26:21,235 - WARNING - Invalid Baybayin data for word 'de-', clearing baybayin fields.
2025-02-09 00:26:21,241 - WARNING - Invalid Baybayin data for word 'Macau', clearing baybayin fields.
2025-02-09 00:26:21,278 - WARNING - Invalid Baybayin data for word 'di-', clearing baybayin fields.
2025-02-09 00:26:21,287 - WARNING - Invalid Baybayin data for word 'aco', clearing baybayin fields.
2025-02-09 00:26:21,290 - WARNING - Invalid Baybayin data for word 'ocho', clearing baybayin fields.
2025-02-09 00:26:21,293 - WARNING - Invalid Baybayin data for word 'padre', clearing baybayin fields.
2025-02-09 00:26:21,308 - WARNING - Invalid Baybayin data for word 'padre', clearing baybayin fields.
2025-02-09 00:26:21,310 - WARNING - Invalid Baybayin data for word 'abuso', clearing baybayin fields.
2025-02-09 00:26:21,313 - WARNING - Invalid Baybayin data for word 'adenitis', clearing baybayin fields.
2025-02-09 00:26:21,318 - WARNING - Invalid Baybayin data for word '-ing', clearing baybayin fields.
2025-02-09 00:26:21,321 - WARNING - Invalid Baybayin data for word 'epistola', clearing baybayin fields.
2025-02-09 00:26:21,329 - WARNING - Invalid Baybayin data for word 'che', clearing baybayin fields.
2025-02-09 00:26:21,332 - WARNING - Invalid Baybayin data for word 'che', clearing baybayin fields.
2025-02-09 00:26:21,335 - WARNING - Invalid Baybayin data for word 'toga', clearing baybayin fields.
2025-02-09 00:26:21,346 - WARNING - Invalid Baybayin data for word 'tong', clearing baybayin fields.
2025-02-09 00:26:21,364 - WARNING - Invalid Baybayin data for word 'tong', clearing baybayin fields.
2025-02-09 00:26:21,372 - WARNING - Invalid Baybayin data for word 'palabra', clearing baybayin fields.
2025-02-09 00:26:21,374 - WARNING - Invalid Baybayin data for word 'adulto', clearing baybayin fields.
2025-02-09 00:26:21,404 - WARNING - Invalid Baybayin data for word 'adagio', clearing baybayin fields.
2025-02-09 00:26:21,406 - WARNING - Invalid Baybayin data for word 'sobre', clearing baybayin fields.
2025-02-09 00:26:21,409 - WARNING - Invalid Baybayin data for word 'emperador', clearing baybayin fields.
2025-02-09 00:26:21,414 - WARNING - Invalid Baybayin data for word 'dale', clearing baybayin fields.
2025-02-09 00:26:21,425 - WARNING - Invalid Baybayin data for word 'dale', clearing baybayin fields.
2025-02-09 00:26:21,432 - WARNING - Invalid Baybayin data for word 'dike', clearing baybayin fields.
2025-02-09 00:26:21,435 - WARNING - Invalid Baybayin data for word 'segundo', clearing baybayin fields.
2025-02-09 00:26:21,451 - WARNING - Invalid Baybayin data for word 'segundo', clearing baybayin fields.
2025-02-09 00:26:21,487 - WARNING - Invalid Baybayin data for word 'listo', clearing baybayin fields.
2025-02-09 00:26:21,490 - WARNING - Invalid Baybayin data for word 'mesa', clearing baybayin fields.
2025-02-09 00:26:21,553 - WARNING - Invalid Baybayin data for word 'moral', clearing baybayin fields.
2025-02-09 00:26:21,556 - WARNING - Invalid Baybayin data for word 'moral', clearing baybayin fields.
2025-02-09 00:26:21,584 - WARNING - Invalid Baybayin data for word 'tenor', clearing baybayin fields.
2025-02-09 00:26:21,588 - WARNING - Invalid Baybayin data for word 'seis', clearing baybayin fields.
2025-02-09 00:26:21,593 - WARNING - Invalid Baybayin data for word 'seis', clearing baybayin fields.
2025-02-09 00:26:21,598 - WARNING - Invalid Baybayin data for word 'pirata', clearing baybayin fields.
2025-02-09 00:26:21,602 - WARNING - Invalid Baybayin data for word 'pirata', clearing baybayin fields.
2025-02-09 00:26:21,605 - WARNING - Invalid Baybayin data for word 'dine', clearing baybayin fields.
2025-02-09 00:26:21,618 - WARNING - Invalid Baybayin data for word 'abra', clearing baybayin fields.
2025-02-09 00:26:21,623 - WARNING - Invalid Baybayin data for word 'ergo', clearing baybayin fields.
2025-02-09 00:26:21,626 - WARNING - Invalid Baybayin data for word 'ergo', clearing baybayin fields.
2025-02-09 00:26:21,636 - WARNING - Invalid Baybayin data for word 'magnate', clearing baybayin fields.
2025-02-09 00:26:21,654 - WARNING - Invalid Baybayin data for word 'ako', clearing baybayin fields.
2025-02-09 00:26:21,668 - WARNING - Invalid Baybayin data for word 'ako', clearing baybayin fields.
2025-02-09 00:26:21,684 - WARNING - Invalid Baybayin data for word 'metro', clearing baybayin fields.
2025-02-09 00:26:21,689 - WARNING - Invalid Baybayin data for word 'ule', clearing baybayin fields.
2025-02-09 00:26:21,692 - WARNING - Invalid Baybayin data for word 'por', clearing baybayin fields.
2025-02-09 00:26:21,721 - WARNING - Invalid Baybayin data for word 'balena', clearing baybayin fields.
2025-02-09 00:26:21,734 - WARNING - Invalid Baybayin data for word 'Hannah', clearing baybayin fields.
2025-02-09 00:26:21,737 - WARNING - Invalid Baybayin data for word 'ire', clearing baybayin fields.
2025-02-09 00:26:21,739 - WARNING - Invalid Baybayin data for word 'kondom', clearing baybayin fields.
2025-02-09 00:26:21,743 - WARNING - Invalid Baybayin data for word 'omelet', clearing baybayin fields.
2025-02-09 00:26:21,745 - WARNING - Invalid Baybayin data for word 'abo', clearing baybayin fields.
2025-02-09 00:26:21,767 - WARNING - Invalid Baybayin data for word 'abo', clearing baybayin fields.
2025-02-09 00:26:21,816 - WARNING - Invalid Baybayin data for word 'loa', clearing baybayin fields.
2025-02-09 00:26:21,820 - WARNING - Invalid Baybayin data for word 'droga', clearing baybayin fields.
2025-02-09 00:26:21,822 - WARNING - Invalid Baybayin data for word 'tumor', clearing baybayin fields.
2025-02-09 00:26:21,854 - WARNING - Invalid Baybayin data for word 'tren', clearing baybayin fields.
2025-02-09 00:26:21,858 - WARNING - Invalid Baybayin data for word 'puke', clearing baybayin fields.
2025-02-09 00:26:21,860 - WARNING - Invalid Baybayin data for word 'ko', clearing baybayin fields.
2025-02-09 00:26:21,925 - WARNING - Invalid Baybayin data for word 'sebra', clearing baybayin fields.
2025-02-09 00:26:22,022 - WARNING - Invalid Baybayin data for word 'maestro', clearing baybayin fields.
2025-02-09 00:26:22,075 - WARNING - Invalid Baybayin data for word 'personal', clearing baybayin fields.
2025-02-09 00:26:22,078 - WARNING - Invalid Baybayin data for word 'kobra', clearing baybayin fields.
2025-02-09 00:26:22,080 - WARNING - Invalid Baybayin data for word 'kobra', clearing baybayin fields.
2025-02-09 00:26:22,084 - WARNING - Invalid Baybayin data for word 'matematika', clearing baybayin fields.
2025-02-09 00:26:22,087 - WARNING - Invalid Baybayin data for word 'kamera', clearing baybayin fields.
2025-02-09 00:26:22,090 - WARNING - Invalid Baybayin data for word 'politika', clearing baybayin fields.
2025-02-09 00:26:22,113 - WARNING - Invalid Baybayin data for word 'virus', clearing baybayin fields.
2025-02-09 00:26:22,137 - WARNING - Invalid Baybayin data for word 'Mary', clearing baybayin fields.
2025-02-09 00:26:22,141 - WARNING - Invalid Baybayin data for word 'para', clearing baybayin fields.
2025-02-09 00:26:22,143 - WARNING - Invalid Baybayin data for word 'para', clearing baybayin fields.
2025-02-09 00:26:22,149 - WARNING - Invalid Baybayin data for word 'para', clearing baybayin fields.
2025-02-09 00:26:22,154 - WARNING - Invalid Baybayin data for word 'para', clearing baybayin fields.
2025-02-09 00:26:22,160 - WARNING - Invalid Baybayin data for word 'par', clearing baybayin fields.
2025-02-09 00:26:22,163 - WARNING - Invalid Baybayin data for word 'sirup', clearing baybayin fields.
2025-02-09 00:26:22,180 - WARNING - Invalid Baybayin data for word 'silo', clearing baybayin fields.
2025-02-09 00:26:22,191 - WARNING - Invalid Baybayin data for word 'ñ', clearing baybayin fields.
2025-02-09 00:26:22,287 - WARNING - Invalid Baybayin data for word 'Alice', clearing baybayin fields.
2025-02-09 00:26:22,295 - WARNING - Invalid Baybayin data for word 'buldog', clearing baybayin fields.
2025-02-09 00:26:22,303 - WARNING - Invalid Baybayin data for word 'buldog', clearing baybayin fields.
2025-02-09 00:26:22,335 - WARNING - Invalid Baybayin data for word 'Kerry', clearing baybayin fields.
2025-02-09 00:26:22,338 - WARNING - Invalid Baybayin data for word 'sate', clearing baybayin fields.
2025-02-09 00:26:22,340 - WARNING - Invalid Baybayin data for word 'sate', clearing baybayin fields.
2025-02-09 00:26:22,341 - WARNING - Invalid Baybayin data for word 'Pamplona', clearing baybayin fields.
2025-02-09 00:26:22,343 - WARNING - Invalid Baybayin data for word 'Pamplona', clearing baybayin fields.
2025-02-09 00:26:22,351 - WARNING - Invalid Baybayin data for word 'page', clearing baybayin fields.
2025-02-09 00:26:22,354 - WARNING - Invalid Baybayin data for word 'barik', clearing baybayin fields.
2025-02-09 00:26:22,365 - WARNING - Invalid Baybayin data for word 'barik', clearing baybayin fields.
2025-02-09 00:26:22,367 - WARNING - Invalid Baybayin data for word 'Ë', clearing baybayin fields.
2025-02-09 00:26:22,369 - WARNING - Invalid Baybayin data for word 'abandonado', clearing baybayin fields.
2025-02-09 00:26:22,376 - WARNING - Invalid Baybayin data for word 'integral', clearing baybayin fields.
2025-02-09 00:26:22,379 - WARNING - Invalid Baybayin data for word 'David', clearing baybayin fields.
2025-02-09 00:26:22,382 - WARNING - Invalid Baybayin data for word 'David', clearing baybayin fields.
2025-02-09 00:26:22,384 - WARNING - Invalid Baybayin data for word 'David', clearing baybayin fields.
2025-02-09 00:26:22,387 - WARNING - Invalid Baybayin data for word 'despertador', clearing baybayin fields.
2025-02-09 00:26:22,390 - WARNING - Invalid Baybayin data for word 'tubo', clearing baybayin fields.
2025-02-09 00:26:22,427 - WARNING - Invalid Baybayin data for word 'tubo', clearing baybayin fields.
2025-02-09 00:26:22,429 - WARNING - Invalid Baybayin data for word 'tubo', clearing baybayin fields.
2025-02-09 00:26:22,432 - WARNING - Invalid Baybayin data for word 'tubo', clearing baybayin fields.
2025-02-09 00:26:22,435 - WARNING - Invalid Baybayin data for word 'tubo', clearing baybayin fields.
2025-02-09 00:26:22,445 - WARNING - Invalid Baybayin data for word 'abece', clearing baybayin fields.
2025-02-09 00:26:22,448 - WARNING - Invalid Baybayin data for word 'ow', clearing baybayin fields.
2025-02-09 00:26:22,450 - WARNING - Invalid Baybayin data for word 'madre', clearing baybayin fields.
2025-02-09 00:26:22,510 - WARNING - Invalid Baybayin data for word 'dose', clearing baybayin fields.
2025-02-09 00:26:22,514 - WARNING - Invalid Baybayin data for word 'abogado', clearing baybayin fields.
2025-02-09 00:26:22,528 - WARNING - Invalid Baybayin data for word 'tonto', clearing baybayin fields.
2025-02-09 00:26:22,530 - WARNING - Invalid Baybayin data for word 'tonto', clearing baybayin fields.
2025-02-09 00:26:22,549 - WARNING - Invalid Baybayin data for word 'normal', clearing baybayin fields.
2025-02-09 00:26:22,551 - WARNING - Invalid Baybayin data for word 'Roberto', clearing baybayin fields.
2025-02-09 00:26:22,554 - WARNING - Invalid Baybayin data for word 'loro', clearing baybayin fields.
2025-02-09 00:26:22,577 - WARNING - Invalid Baybayin data for word 'rumba', clearing baybayin fields.
2025-02-09 00:26:22,627 - WARNING - Invalid Baybayin data for word 'espada', clearing baybayin fields.
2025-02-09 00:26:22,645 - WARNING - Invalid Baybayin data for word '-an', clearing baybayin fields.
2025-02-09 00:26:22,654 - WARNING - Invalid Baybayin data for word '-an', clearing baybayin fields.
2025-02-09 00:26:22,665 - WARNING - Invalid Baybayin data for word '-an', clearing baybayin fields.
2025-02-09 00:26:22,671 - WARNING - Invalid Baybayin data for word 'manirahan', clearing baybayin fields.
2025-02-09 00:26:22,690 - WARNING - Invalid Baybayin data for word 'magkaroon', clearing baybayin fields.
2025-02-09 00:26:22,718 - WARNING - Invalid Baybayin data for word 'uminom', clearing baybayin fields.
2025-02-09 00:26:22,724 - WARNING - Invalid Baybayin data for word 'magtagpo', clearing baybayin fields.
2025-02-09 00:26:22,731 - WARNING - Invalid Baybayin data for word 'mabuhay', clearing baybayin fields.
2025-02-09 00:26:22,737 - WARNING - Invalid Baybayin data for word 'magpatuloy', clearing baybayin fields.
2025-02-09 00:26:22,739 - WARNING - Invalid Baybayin data for word 'magpatuloy', clearing baybayin fields.
2025-02-09 00:26:22,870 - WARNING - Invalid Baybayin data for word 'matira', clearing baybayin fields.
2025-02-09 00:26:22,873 - WARNING - Invalid Baybayin data for word 'matira', clearing baybayin fields.
2025-02-09 00:26:22,879 - WARNING - Invalid Baybayin data for word 'meryenda', clearing baybayin fields.
2025-02-09 00:26:22,902 - WARNING - Invalid Baybayin data for word 'tumira', clearing baybayin fields.
2025-02-09 00:26:22,912 - WARNING - Invalid Baybayin data for word 'tumira', clearing baybayin fields.
2025-02-09 00:26:22,921 - WARNING - Invalid Baybayin data for word 'keso', clearing baybayin fields.
2025-02-09 00:26:23,044 - WARNING - Invalid Baybayin data for word 'Cebu', clearing baybayin fields.
2025-02-09 00:26:23,054 - WARNING - Invalid Baybayin data for word 'distrito', clearing baybayin fields.
2025-02-09 00:26:23,056 - WARNING - Invalid Baybayin data for word 'magnet', clearing baybayin fields.
2025-02-09 00:26:23,059 - WARNING - Invalid Baybayin data for word 'sino', clearing baybayin fields.
2025-02-09 00:26:23,069 - WARNING - Invalid Baybayin data for word '-in', clearing baybayin fields.
2025-02-09 00:26:23,073 - WARNING - Invalid Baybayin data for word '-in', clearing baybayin fields.
2025-02-09 00:26:23,075 - WARNING - Invalid Baybayin data for word '-in', clearing baybayin fields.
2025-02-09 00:26:23,080 - WARNING - Invalid Baybayin data for word 'pook', clearing baybayin fields.
2025-02-09 00:26:23,082 - WARNING - Invalid Baybayin data for word 'kung fu', clearing baybayin fields.
2025-02-09 00:26:23,149 - WARNING - Invalid Baybayin data for word 'pastor', clearing baybayin fields.
2025-02-09 00:26:23,154 - WARNING - Invalid Baybayin data for word 'jologs', clearing baybayin fields.
2025-02-09 00:26:23,155 - WARNING - Invalid Baybayin data for word 'jologs', clearing baybayin fields.
2025-02-09 00:26:23,158 - WARNING - Invalid Baybayin data for word 'bira', clearing baybayin fields.
2025-02-09 00:26:23,166 - WARNING - Invalid Baybayin data for word 'bira', clearing baybayin fields.
2025-02-09 00:26:23,170 - WARNING - Invalid Baybayin data for word 'bira', clearing baybayin fields.
2025-02-09 00:26:23,171 - WARNING - Invalid Baybayin data for word 'hentai', clearing baybayin fields.
2025-02-09 00:26:23,174 - WARNING - Invalid Baybayin data for word 'primera', clearing baybayin fields.
2025-02-09 00:26:23,179 - WARNING - Invalid Baybayin data for word 'primera', clearing baybayin fields.
2025-02-09 00:26:23,185 - WARNING - Invalid Baybayin data for word 'primera', clearing baybayin fields.
2025-02-09 00:26:23,190 - WARNING - Invalid Baybayin data for word 'helmet', clearing baybayin fields.
2025-02-09 00:26:23,193 - WARNING - Invalid Baybayin data for word 'Abe', clearing baybayin fields.
2025-02-09 00:26:23,195 - WARNING - Invalid Baybayin data for word 'polo', clearing baybayin fields.
2025-02-09 00:26:23,202 - WARNING - Invalid Baybayin data for word 'polo', clearing baybayin fields.
2025-02-09 00:26:23,204 - WARNING - Invalid Baybayin data for word 'polo', clearing baybayin fields.
2025-02-09 00:26:23,212 - WARNING - Invalid Baybayin data for word 'polo', clearing baybayin fields.
2025-02-09 00:26:23,215 - WARNING - Invalid Baybayin data for word 'polo', clearing baybayin fields.
2025-02-09 00:26:23,218 - WARNING - Invalid Baybayin data for word '-s', clearing baybayin fields.
2025-02-09 00:26:23,220 - WARNING - Invalid Baybayin data for word 'wari', clearing baybayin fields.
2025-02-09 00:26:23,236 - WARNING - Invalid Baybayin data for word 'wari', clearing baybayin fields.
2025-02-09 00:26:23,241 - WARNING - Invalid Baybayin data for word 'wari', clearing baybayin fields.
2025-02-09 00:26:23,248 - WARNING - Invalid Baybayin data for word 'wari', clearing baybayin fields.
2025-02-09 00:26:23,265 - WARNING - Invalid Baybayin data for word 'oo', clearing baybayin fields.
2025-02-09 00:26:23,269 - WARNING - Invalid Baybayin data for word 'oo', clearing baybayin fields.
2025-02-09 00:26:23,272 - WARNING - Invalid Baybayin data for word 'oo', clearing baybayin fields.
2025-02-09 00:26:23,275 - WARNING - Invalid Baybayin data for word 'chub', clearing baybayin fields.
2025-02-09 00:26:23,278 - WARNING - Invalid Baybayin data for word 'bonito', clearing baybayin fields.
2025-02-09 00:26:23,285 - WARNING - Invalid Baybayin data for word 'adobe', clearing baybayin fields.
2025-02-09 00:26:23,309 - WARNING - Invalid Baybayin data for word 'Europa', clearing baybayin fields.
2025-02-09 00:26:23,320 - WARNING - Invalid Baybayin data for word 'dote', clearing baybayin fields.
2025-02-09 00:26:23,326 - WARNING - Invalid Baybayin data for word 'bolo', clearing baybayin fields.
2025-02-09 00:26:23,328 - WARNING - Invalid Baybayin data for word 'puro', clearing baybayin fields.
2025-02-09 00:26:23,336 - WARNING - Invalid Baybayin data for word 'puro', clearing baybayin fields.
2025-02-09 00:26:23,340 - WARNING - Invalid Baybayin data for word 'puro', clearing baybayin fields.
2025-02-09 00:26:23,342 - WARNING - Invalid Baybayin data for word 'amo', clearing baybayin fields.
2025-02-09 00:26:23,351 - WARNING - Invalid Baybayin data for word 'amo', clearing baybayin fields.
2025-02-09 00:26:23,375 - WARNING - Invalid Baybayin data for word 'amo', clearing baybayin fields.
2025-02-09 00:26:23,379 - WARNING - Invalid Baybayin data for word 'hoy', clearing baybayin fields.
2025-02-09 00:26:23,389 - WARNING - Invalid Baybayin data for word 'kapok', clearing baybayin fields.
2025-02-09 00:26:23,393 - WARNING - Invalid Baybayin data for word 'dram', clearing baybayin fields.
2025-02-09 00:26:23,398 - WARNING - Invalid Baybayin data for word 'brad', clearing baybayin fields.
2025-02-09 00:26:23,401 - WARNING - Invalid Baybayin data for word 'nones', clearing baybayin fields.
2025-02-09 00:26:23,403 - WARNING - Invalid Baybayin data for word 'baton', clearing baybayin fields.
2025-02-09 00:26:23,454 - WARNING - Invalid Baybayin data for word 'taring', clearing baybayin fields.
2025-02-09 00:26:23,489 - WARNING - Invalid Baybayin data for word 'opera', clearing baybayin fields.
2025-02-09 00:26:23,493 - WARNING - Invalid Baybayin data for word 'opera', clearing baybayin fields.
2025-02-09 00:26:23,495 - WARNING - Invalid Baybayin data for word 'ere', clearing baybayin fields.
2025-02-09 00:26:23,499 - WARNING - Invalid Baybayin data for word 'ere', clearing baybayin fields.
2025-02-09 00:26:23,530 - WARNING - Invalid Baybayin data for word 'tapir', clearing baybayin fields.
2025-02-09 00:26:23,538 - WARNING - Invalid Baybayin data for word 'sago', clearing baybayin fields.
2025-02-09 00:26:23,542 - WARNING - Invalid Baybayin data for word 'sago', clearing baybayin fields.
2025-02-09 00:26:23,595 - WARNING - Invalid Baybayin data for word 'bale', clearing baybayin fields.
2025-02-09 00:26:23,600 - WARNING - Invalid Baybayin data for word 'bale', clearing baybayin fields.
2025-02-09 00:26:23,604 - WARNING - Invalid Baybayin data for word 'bale', clearing baybayin fields.
2025-02-09 00:26:23,618 - WARNING - Invalid Baybayin data for word 'hake', clearing baybayin fields.
2025-02-09 00:26:23,647 - WARNING - Invalid Baybayin data for word 'mall', clearing baybayin fields.
2025-02-09 00:26:23,655 - WARNING - Invalid Baybayin data for word 'aap', clearing baybayin fields.
2025-02-09 00:26:23,663 - WARNING - Invalid Baybayin data for word 'Oregon', clearing baybayin fields.
2025-02-09 00:26:23,666 - WARNING - Invalid Baybayin data for word 'bibo', clearing baybayin fields.
2025-02-09 00:26:23,684 - WARNING - Invalid Baybayin data for word 'motel', clearing baybayin fields.
2025-02-09 00:26:23,756 - WARNING - Invalid Baybayin data for word 'harina', clearing baybayin fields.
2025-02-09 00:26:23,758 - WARNING - Invalid Baybayin data for word 'adelantado', clearing baybayin fields.
2025-02-09 00:26:23,764 - WARNING - Invalid Baybayin data for word 'adelantado', clearing baybayin fields.
2025-02-09 00:26:23,767 - WARNING - Invalid Baybayin data for word 'todo', clearing baybayin fields.
2025-02-09 00:26:23,780 - WARNING - Invalid Baybayin data for word 'todo', clearing baybayin fields.
2025-02-09 00:26:23,790 - WARNING - Invalid Baybayin data for word 'Estados Unidos', clearing baybayin fields.
2025-02-09 00:26:23,792 - WARNING - Invalid Baybayin data for word 'nido', clearing baybayin fields.
2025-02-09 00:26:23,794 - WARNING - Invalid Baybayin data for word 'Oklahoma', clearing baybayin fields.
2025-02-09 00:26:23,799 - WARNING - Invalid Baybayin data for word 'biro', clearing baybayin fields.
2025-02-09 00:26:23,823 - WARNING - Invalid Baybayin data for word 'trigo', clearing baybayin fields.
2025-02-09 00:26:23,826 - WARNING - Invalid Baybayin data for word 'trip', clearing baybayin fields.
2025-02-09 00:26:23,841 - WARNING - Invalid Baybayin data for word 'trip', clearing baybayin fields.
2025-02-09 00:26:23,843 - WARNING - Invalid Baybayin data for word 'eh', clearing baybayin fields.
2025-02-09 00:26:23,846 - WARNING - Invalid Baybayin data for word 'karaoke', clearing baybayin fields.
2025-02-09 00:26:23,853 - WARNING - Invalid Baybayin data for word 'Athena', clearing baybayin fields.
2025-02-09 00:26:23,855 - WARNING - Invalid Baybayin data for word 'apela', clearing baybayin fields.
2025-02-09 00:26:23,861 - WARNING - Invalid Baybayin data for word 'harakiri', clearing baybayin fields.
2025-02-09 00:26:23,863 - WARNING - Invalid Baybayin data for word 'lahar', clearing baybayin fields.
2025-02-09 00:26:23,866 - WARNING - Invalid Baybayin data for word 'lahar', clearing baybayin fields.
2025-02-09 00:26:23,868 - WARNING - Invalid Baybayin data for word 'lahar', clearing baybayin fields.
2025-02-09 00:26:23,884 - WARNING - Invalid Baybayin data for word 'logo', clearing baybayin fields.
2025-02-09 00:26:23,935 - WARNING - Invalid Baybayin data for word 'tomboy', clearing baybayin fields.
2025-02-09 00:26:23,954 - WARNING - Invalid Baybayin data for word 'pasko', clearing baybayin fields.
2025-02-09 00:26:23,959 - WARNING - Invalid Baybayin data for word 'Dee', clearing baybayin fields.
2025-02-09 00:26:23,965 - WARNING - Invalid Baybayin data for word 'radyo', clearing baybayin fields.
2025-02-09 00:26:23,974 - WARNING - Invalid Baybayin data for word 'radyo', clearing baybayin fields.
2025-02-09 00:26:23,977 - WARNING - Invalid Baybayin data for word 'tatlo', clearing baybayin fields.
2025-02-09 00:26:23,992 - WARNING - Invalid Baybayin data for word 'seks', clearing baybayin fields.
2025-02-09 00:26:24,005 - WARNING - Invalid Baybayin data for word 'popular', clearing baybayin fields.
2025-02-09 00:26:24,008 - WARNING - Invalid Baybayin data for word 'pok-pok', clearing baybayin fields.
2025-02-09 00:26:24,010 - WARNING - Invalid Baybayin data for word 'sashimi', clearing baybayin fields.
2025-02-09 00:26:24,011 - WARNING - Invalid Baybayin data for word 'Hokkien', clearing baybayin fields.
2025-02-09 00:26:24,014 - WARNING - Invalid Baybayin data for word 'Hokkien', clearing baybayin fields.
2025-02-09 00:26:24,016 - WARNING - Invalid Baybayin data for word 'oda', clearing baybayin fields.
2025-02-09 00:26:24,018 - WARNING - Invalid Baybayin data for word 'walo', clearing baybayin fields.
2025-02-09 00:26:24,020 - WARNING - Invalid Baybayin data for word 'ruler', clearing baybayin fields.
2025-02-09 00:26:24,038 - WARNING - Invalid Baybayin data for word 'Miyerkules', clearing baybayin fields.
2025-02-09 00:26:24,040 - WARNING - Invalid Baybayin data for word 'Linggo', clearing baybayin fields.
2025-02-09 00:26:24,043 - WARNING - Invalid Baybayin data for word 'Hunyo', clearing baybayin fields.
2025-02-09 00:26:24,046 - WARNING - Invalid Baybayin data for word 'Oktubre', clearing baybayin fields.
2025-02-09 00:26:24,049 - WARNING - Invalid Baybayin data for word 'Nobyembre', clearing baybayin fields.
2025-02-09 00:26:24,051 - WARNING - Invalid Baybayin data for word 'Setyembre', clearing baybayin fields.
2025-02-09 00:26:24,054 - WARNING - Invalid Baybayin data for word 'Hulyo', clearing baybayin fields.
2025-02-09 00:26:24,056 - WARNING - Invalid Baybayin data for word 'Huwebes', clearing baybayin fields.
2025-02-09 00:26:24,059 - WARNING - Invalid Baybayin data for word 'Biyernes', clearing baybayin fields.
2025-02-09 00:26:24,062 - WARNING - Invalid Baybayin data for word 'Pebrero', clearing baybayin fields.
2025-02-09 00:26:24,065 - WARNING - Invalid Baybayin data for word 'Disyembre', clearing baybayin fields.
2025-02-09 00:26:24,071 - WARNING - Invalid Baybayin data for word 'sushi', clearing baybayin fields.
2025-02-09 00:26:24,074 - WARNING - Invalid Baybayin data for word 'lunes', clearing baybayin fields.
2025-02-09 00:26:24,077 - WARNING - Invalid Baybayin data for word 'oy', clearing baybayin fields.
2025-02-09 00:26:24,083 - WARNING - Invalid Baybayin data for word 'bloke', clearing baybayin fields.
2025-02-09 00:26:24,088 - WARNING - Invalid Baybayin data for word 'Marso', clearing baybayin fields.
2025-02-09 00:26:24,090 - WARNING - Invalid Baybayin data for word 'Ilokano', clearing baybayin fields.
2025-02-09 00:26:24,094 - WARNING - Invalid Baybayin data for word 'Ilokano', clearing baybayin fields.
2025-02-09 00:26:24,098 - WARNING - Invalid Baybayin data for word 'Sabado', clearing baybayin fields.
2025-02-09 00:26:24,144 - WARNING - Invalid Baybayin data for word 'Gabriel', clearing baybayin fields.
2025-02-09 00:26:24,146 - WARNING - Invalid Baybayin data for word 'pito', clearing baybayin fields.
2025-02-09 00:26:24,150 - WARNING - Invalid Baybayin data for word 'pito', clearing baybayin fields.
2025-02-09 00:26:24,155 - WARNING - Invalid Baybayin data for word 'Oliver', clearing baybayin fields.
2025-02-09 00:26:24,158 - WARNING - Invalid Baybayin data for word 'Wilson', clearing baybayin fields.
2025-02-09 00:26:24,161 - WARNING - Invalid Baybayin data for word 'Filipino', clearing baybayin fields.
2025-02-09 00:26:24,166 - WARNING - Invalid Baybayin data for word 'Filipino', clearing baybayin fields.
2025-02-09 00:26:24,169 - WARNING - Invalid Baybayin data for word 'ii', clearing baybayin fields.
2025-02-09 00:26:24,171 - WARNING - Invalid Baybayin data for word 'ii', clearing baybayin fields.
2025-02-09 00:26:24,176 - WARNING - Invalid Baybayin data for word 'Irak', clearing baybayin fields.
2025-02-09 00:26:24,185 - WARNING - Invalid Baybayin data for word 'Andrea', clearing baybayin fields.
2025-02-09 00:26:24,188 - WARNING - Invalid Baybayin data for word 'aroma', clearing baybayin fields.
2025-02-09 00:26:24,202 - WARNING - Invalid Baybayin data for word 'bobo', clearing baybayin fields.
2025-02-09 00:26:24,206 - WARNING - Invalid Baybayin data for word 'bobo', clearing baybayin fields.
2025-02-09 00:26:24,258 - WARNING - Invalid Baybayin data for word 'yarn', clearing baybayin fields.
2025-02-09 00:26:24,341 - WARNING - Invalid Baybayin data for word 'Nebraska', clearing baybayin fields.
2025-02-09 00:26:24,369 - WARNING - Invalid Baybayin data for word 'tango', clearing baybayin fields.
2025-02-09 00:26:24,384 - WARNING - Invalid Baybayin data for word 'abito', clearing baybayin fields.
2025-02-09 00:26:24,394 - WARNING - Invalid Baybayin data for word 'ora', clearing baybayin fields.
2025-02-09 00:26:24,398 - WARNING - Invalid Baybayin data for word 'motor', clearing baybayin fields.
2025-02-09 00:26:24,400 - WARNING - Invalid Baybayin data for word 'motor', clearing baybayin fields.
2025-02-09 00:26:24,402 - WARNING - Invalid Baybayin data for word 'Megan', clearing baybayin fields.
2025-02-09 00:26:24,409 - WARNING - Invalid Baybayin data for word 'total', clearing baybayin fields.
2025-02-09 00:26:24,411 - WARNING - Invalid Baybayin data for word 'total', clearing baybayin fields.
2025-02-09 00:26:24,414 - WARNING - Invalid Baybayin data for word 'mister', clearing baybayin fields.
2025-02-09 00:26:24,418 - WARNING - Invalid Baybayin data for word 'este', clearing baybayin fields.
2025-02-09 00:26:24,420 - WARNING - Invalid Baybayin data for word 'este', clearing baybayin fields.
2025-02-09 00:26:24,423 - WARNING - Invalid Baybayin data for word 'mens', clearing baybayin fields.
2025-02-09 00:26:24,428 - WARNING - Invalid Baybayin data for word 'dado', clearing baybayin fields.
2025-02-09 00:26:24,432 - WARNING - Invalid Baybayin data for word 'Anastasia', clearing baybayin fields.
2025-02-09 00:26:24,434 - WARNING - Invalid Baybayin data for word 'halo', clearing baybayin fields.
2025-02-09 00:26:24,457 - WARNING - Invalid Baybayin data for word 'halo', clearing baybayin fields.
2025-02-09 00:26:24,459 - WARNING - Invalid Baybayin data for word 'halo', clearing baybayin fields.
2025-02-09 00:26:24,461 - WARNING - Invalid Baybayin data for word 'halo', clearing baybayin fields.
2025-02-09 00:26:24,463 - WARNING - Invalid Baybayin data for word 'Sophie', clearing baybayin fields.
2025-02-09 00:26:24,465 - WARNING - Invalid Baybayin data for word 'penal', clearing baybayin fields.
2025-02-09 00:26:24,466 - WARNING - Invalid Baybayin data for word 'Sophia', clearing baybayin fields.
2025-02-09 00:26:24,468 - WARNING - Invalid Baybayin data for word 'margarita', clearing baybayin fields.
2025-02-09 00:26:24,470 - WARNING - Invalid Baybayin data for word 'yoni', clearing baybayin fields.
2025-02-09 00:26:24,474 - WARNING - Invalid Baybayin data for word 'William', clearing baybayin fields.
2025-02-09 00:26:24,508 - WARNING - Invalid Baybayin data for word 'Irene', clearing baybayin fields.
2025-02-09 00:26:24,512 - WARNING - Invalid Baybayin data for word 'arseniko', clearing baybayin fields.
2025-02-09 00:26:24,516 - WARNING - Invalid Baybayin data for word 'rambutan', clearing baybayin fields.
2025-02-09 00:26:24,525 - WARNING - Invalid Baybayin data for word 'banto', clearing baybayin fields.
2025-02-09 00:26:24,529 - WARNING - Invalid Baybayin data for word 'banto', clearing baybayin fields.
2025-02-09 00:26:24,532 - WARNING - Invalid Baybayin data for word '-um-', clearing baybayin fields.
2025-02-09 00:26:24,552 - WARNING - Invalid Baybayin data for word 'barko', clearing baybayin fields.
2025-02-09 00:26:24,555 - WARNING - Invalid Baybayin data for word 'arko', clearing baybayin fields.
2025-02-09 00:26:24,582 - WARNING - Invalid Baybayin data for word 'yoga', clearing baybayin fields.
2025-02-09 00:26:24,614 - WARNING - Invalid Baybayin data for word 'bulo', clearing baybayin fields.
2025-02-09 00:26:24,618 - WARNING - Invalid Baybayin data for word 'bulo', clearing baybayin fields.
2025-02-09 00:26:24,642 - WARNING - Invalid Baybayin data for word 'burat', clearing baybayin fields.
2025-02-09 00:26:24,650 - WARNING - Invalid Baybayin data for word 'burat', clearing baybayin fields.
2025-02-09 00:26:24,654 - WARNING - Invalid Baybayin data for word 'durian', clearing baybayin fields.
2025-02-09 00:26:24,656 - WARNING - Invalid Baybayin data for word 'jihad', clearing baybayin fields.
2025-02-09 00:26:24,662 - WARNING - Invalid Baybayin data for word 'umano', clearing baybayin fields.
2025-02-09 00:26:24,668 - WARNING - Invalid Baybayin data for word 'umano', clearing baybayin fields.
2025-02-09 00:26:24,675 - WARNING - Invalid Baybayin data for word 'buko', clearing baybayin fields.
2025-02-09 00:26:24,678 - WARNING - Invalid Baybayin data for word 'buko', clearing baybayin fields.
2025-02-09 00:26:24,683 - WARNING - Invalid Baybayin data for word 'buko', clearing baybayin fields.
2025-02-09 00:26:24,705 - WARNING - Invalid Baybayin data for word 'buko', clearing baybayin fields.
2025-02-09 00:26:24,708 - WARNING - Invalid Baybayin data for word 'aso', clearing baybayin fields.
2025-02-09 00:26:24,711 - WARNING - Invalid Baybayin data for word 'aso', clearing baybayin fields.
2025-02-09 00:26:24,721 - WARNING - Invalid Baybayin data for word 'bubo', clearing baybayin fields.
2025-02-09 00:26:24,723 - WARNING - Invalid Baybayin data for word 'bubo', clearing baybayin fields.
2025-02-09 00:26:24,725 - WARNING - Invalid Baybayin data for word 'bubo', clearing baybayin fields.
2025-02-09 00:26:24,727 - WARNING - Invalid Baybayin data for word 'bubo', clearing baybayin fields.
2025-02-09 00:26:24,736 - WARNING - Invalid Baybayin data for word 'bubo', clearing baybayin fields.
2025-02-09 00:26:24,752 - WARNING - Invalid Baybayin data for word 'bubo', clearing baybayin fields.
2025-02-09 00:26:24,756 - WARNING - Invalid Baybayin data for word 'bubo', clearing baybayin fields.
2025-02-09 00:26:24,768 - WARNING - Invalid Baybayin data for word 'Mabel', clearing baybayin fields.
2025-02-09 00:26:24,809 - WARNING - Invalid Baybayin data for word 'boto', clearing baybayin fields.
2025-02-09 00:26:24,820 - WARNING - Invalid Baybayin data for word 'sharia', clearing baybayin fields.
2025-02-09 00:26:24,823 - WARNING - Invalid Baybayin data for word 'ultimo', clearing baybayin fields.
2025-02-09 00:26:24,828 - WARNING - Invalid Baybayin data for word 'ultimo', clearing baybayin fields.
2025-02-09 00:26:24,830 - WARNING - Invalid Baybayin data for word 'ultimo', clearing baybayin fields.
2025-02-09 00:26:24,837 - WARNING - Invalid Baybayin data for word 'sur', clearing baybayin fields.
2025-02-09 00:26:24,840 - WARNING - Invalid Baybayin data for word 'yago', clearing baybayin fields.
2025-02-09 00:26:24,842 - WARNING - Invalid Baybayin data for word 'mufti', clearing baybayin fields.
2025-02-09 00:26:24,846 - WARNING - Invalid Baybayin data for word 'istante', clearing baybayin fields.
2025-02-09 00:26:24,848 - WARNING - Invalid Baybayin data for word 'problema', clearing baybayin fields.
2025-02-09 00:26:24,859 - WARNING - Invalid Baybayin data for word 'brutal', clearing baybayin fields.
2025-02-09 00:26:24,863 - WARNING - Invalid Baybayin data for word 'kamao', clearing baybayin fields.
2025-02-09 00:26:24,879 - WARNING - Invalid Baybayin data for word 'dito', clearing baybayin fields.
2025-02-09 00:26:25,017 - WARNING - Invalid Baybayin data for word 'Francisco', clearing baybayin fields.
2025-02-09 00:26:25,039 - WARNING - Invalid Baybayin data for word 'Jose', clearing baybayin fields.
2025-02-09 00:26:25,042 - WARNING - Invalid Baybayin data for word 'sermon', clearing baybayin fields.
2025-02-09 00:26:25,058 - WARNING - Invalid Baybayin data for word '-i', clearing baybayin fields.
2025-02-09 00:26:25,060 - WARNING - Invalid Baybayin data for word '-in-', clearing baybayin fields.
2025-02-09 00:26:25,064 - WARNING - Invalid Baybayin data for word 'um-', clearing baybayin fields.
2025-02-09 00:26:25,067 - WARNING - Invalid Baybayin data for word 'Mario', clearing baybayin fields.
2025-02-09 00:26:25,068 - WARNING - Invalid Baybayin data for word 'pena', clearing baybayin fields.
2025-02-09 00:26:25,073 - WARNING - Invalid Baybayin data for word 'Crispin', clearing baybayin fields.
2025-02-09 00:26:25,076 - WARNING - Invalid Baybayin data for word 'sereno', clearing baybayin fields.
2025-02-09 00:26:25,078 - WARNING - Invalid Baybayin data for word 'sereno', clearing baybayin fields.
2025-02-09 00:26:25,084 - WARNING - Invalid Baybayin data for word 'metodo', clearing baybayin fields.
2025-02-09 00:26:25,095 - WARNING - Invalid Baybayin data for word 'poka', clearing baybayin fields.
2025-02-09 00:26:25,097 - WARNING - Invalid Baybayin data for word 'lumo', clearing baybayin fields.
2025-02-09 00:26:25,108 - WARNING - Invalid Baybayin data for word 'lumo', clearing baybayin fields.
2025-02-09 00:26:25,111 - WARNING - Invalid Baybayin data for word 'loko', clearing baybayin fields.
2025-02-09 00:26:25,121 - WARNING - Invalid Baybayin data for word 'loko', clearing baybayin fields.
2025-02-09 00:26:25,151 - WARNING - Invalid Baybayin data for word 'loko', clearing baybayin fields.
2025-02-09 00:26:25,167 - WARNING - Invalid Baybayin data for word 'loko', clearing baybayin fields.
2025-02-09 00:26:25,179 - WARNING - Invalid Baybayin data for word 'luno', clearing baybayin fields.
2025-02-09 00:26:25,187 - WARNING - Invalid Baybayin data for word 'luno', clearing baybayin fields.
2025-02-09 00:26:25,195 - WARNING - Invalid Baybayin data for word 'plano', clearing baybayin fields.
2025-02-09 00:26:25,198 - WARNING - Invalid Baybayin data for word 'ronda', clearing baybayin fields.
2025-02-09 00:26:25,205 - WARNING - Invalid Baybayin data for word 'minuto', clearing baybayin fields.
2025-02-09 00:26:25,207 - WARNING - Invalid Baybayin data for word 'elle', clearing baybayin fields.
2025-02-09 00:26:25,210 - WARNING - Invalid Baybayin data for word 'litir', clearing baybayin fields.
2025-02-09 00:26:25,224 - WARNING - Invalid Baybayin data for word 'Samuel', clearing baybayin fields.
2025-02-09 00:26:25,228 - WARNING - Invalid Baybayin data for word 'disko', clearing baybayin fields.
2025-02-09 00:26:25,230 - WARNING - Invalid Baybayin data for word 'disko', clearing baybayin fields.
2025-02-09 00:26:25,234 - WARNING - Invalid Baybayin data for word 'rektor', clearing baybayin fields.
2025-02-09 00:26:25,253 - WARNING - Invalid Baybayin data for word 'oro', clearing baybayin fields.
2025-02-09 00:26:25,262 - WARNING - Invalid Baybayin data for word 'adres', clearing baybayin fields.
2025-02-09 00:26:25,275 - WARNING - Invalid Baybayin data for word 'poste', clearing baybayin fields.
2025-02-09 00:26:25,327 - WARNING - Invalid Baybayin data for word 'Kong', clearing baybayin fields.
2025-02-09 00:26:25,330 - WARNING - Invalid Baybayin data for word 'peninsula', clearing baybayin fields.
2025-02-09 00:26:25,345 - WARNING - Invalid Baybayin data for word 'poster', clearing baybayin fields.
2025-02-09 00:26:25,355 - WARNING - Invalid Baybayin data for word 'karate', clearing baybayin fields.
2025-02-09 00:26:25,359 - WARNING - Invalid Baybayin data for word 'yodo', clearing baybayin fields.
2025-02-09 00:26:25,363 - WARNING - Invalid Baybayin data for word 'suerte', clearing baybayin fields.
2025-02-09 00:26:25,366 - WARNING - Invalid Baybayin data for word 'yeso', clearing baybayin fields.
2025-02-09 00:26:25,371 - WARNING - Invalid Baybayin data for word 'yate', clearing baybayin fields.
2025-02-09 00:26:25,373 - WARNING - Invalid Baybayin data for word 'yarda', clearing baybayin fields.
2025-02-09 00:26:25,387 - WARNING - Invalid Baybayin data for word 'yoyo', clearing baybayin fields.
2025-02-09 00:26:25,390 - WARNING - Invalid Baybayin data for word 'yema', clearing baybayin fields.
2025-02-09 00:26:25,408 - WARNING - Invalid Baybayin data for word 'maldito', clearing baybayin fields.
2025-02-09 00:26:25,410 - WARNING - Invalid Baybayin data for word 'maldito', clearing baybayin fields.
2025-02-09 00:26:25,412 - WARNING - Invalid Baybayin data for word 'Urano', clearing baybayin fields.
2025-02-09 00:26:25,417 - WARNING - Invalid Baybayin data for word 'bartender', clearing baybayin fields.
2025-02-09 00:26:25,420 - WARNING - Invalid Baybayin data for word 'pesante', clearing baybayin fields.
2025-02-09 00:26:25,422 - WARNING - Invalid Baybayin data for word 'primero', clearing baybayin fields.
2025-02-09 00:26:25,425 - WARNING - Invalid Baybayin data for word 'abadesa', clearing baybayin fields.
2025-02-09 00:26:25,433 - WARNING - Invalid Baybayin data for word 'oso', clearing baybayin fields.
2025-02-09 00:26:25,436 - WARNING - Invalid Baybayin data for word 'uso', clearing baybayin fields.
2025-02-09 00:26:25,439 - WARNING - Invalid Baybayin data for word 'uso', clearing baybayin fields.
2025-02-09 00:26:25,441 - WARNING - Invalid Baybayin data for word 'uso', clearing baybayin fields.
2025-02-09 00:26:25,443 - WARNING - Invalid Baybayin data for word 'boro', clearing baybayin fields.
2025-02-09 00:26:25,446 - WARNING - Invalid Baybayin data for word 'Juan', clearing baybayin fields.
2025-02-09 00:26:25,450 - WARNING - Invalid Baybayin data for word 'Juan', clearing baybayin fields.
2025-02-09 00:26:25,455 - WARNING - Invalid Baybayin data for word 'Juan', clearing baybayin fields.
2025-02-09 00:26:25,465 - WARNING - Invalid Baybayin data for word 'primo', clearing baybayin fields.
2025-02-09 00:26:25,506 - WARNING - Invalid Baybayin data for word 'Alvin', clearing baybayin fields.
2025-02-09 00:26:25,508 - WARNING - Invalid Baybayin data for word 'bastardo', clearing baybayin fields.
2025-02-09 00:26:25,511 - WARNING - Invalid Baybayin data for word 'bastardo', clearing baybayin fields.
2025-02-09 00:26:25,518 - WARNING - Invalid Baybayin data for word 'gusto', clearing baybayin fields.
2025-02-09 00:26:25,520 - WARNING - Invalid Baybayin data for word 'gusto', clearing baybayin fields.
2025-02-09 00:26:25,522 - WARNING - Invalid Baybayin data for word 'll', clearing baybayin fields.
2025-02-09 00:26:25,526 - WARNING - Invalid Baybayin data for word 'simbolo', clearing baybayin fields.
2025-02-09 00:26:25,530 - WARNING - Invalid Baybayin data for word 'abogada', clearing baybayin fields.
2025-02-09 00:26:25,532 - WARNING - Invalid Baybayin data for word 'poso', clearing baybayin fields.
2025-02-09 00:26:25,535 - WARNING - Invalid Baybayin data for word 'Filipinas', clearing baybayin fields.
2025-02-09 00:26:25,538 - WARNING - Invalid Baybayin data for word 'ringgit', clearing baybayin fields.
2025-02-09 00:26:25,545 - WARNING - Invalid Baybayin data for word 'Rosales', clearing baybayin fields.
2025-02-09 00:26:25,548 - WARNING - Invalid Baybayin data for word 'desperado', clearing baybayin fields.
2025-02-09 00:26:25,561 - WARNING - Invalid Baybayin data for word 'nosebleed', clearing baybayin fields.
2025-02-09 00:26:25,612 - WARNING - Invalid Baybayin data for word 'arte', clearing baybayin fields.
2025-02-09 00:26:25,671 - WARNING - Invalid Baybayin data for word 'Aprika', clearing baybayin fields.
2025-02-09 00:26:25,673 - WARNING - Invalid Baybayin data for word 'elemento', clearing baybayin fields.
2025-02-09 00:26:25,677 - WARNING - Invalid Baybayin data for word 'hane', clearing baybayin fields.
2025-02-09 00:26:25,678 - WARNING - Invalid Baybayin data for word 'sable', clearing baybayin fields.
2025-02-09 00:26:25,681 - WARNING - Invalid Baybayin data for word 'Neptuno', clearing baybayin fields.
2025-02-09 00:26:25,685 - WARNING - Invalid Baybayin data for word 'oregano', clearing baybayin fields.
2025-02-09 00:26:25,689 - WARNING - Invalid Baybayin data for word 'pedal', clearing baybayin fields.
2025-02-09 00:26:25,700 - WARNING - Invalid Baybayin data for word 'Saturno', clearing baybayin fields.
2025-02-09 00:26:25,703 - WARNING - Invalid Baybayin data for word 'oeste', clearing baybayin fields.
2025-02-09 00:26:25,755 - WARNING - Invalid Baybayin data for word 'esposo', clearing baybayin fields.
2025-02-09 00:26:25,757 - WARNING - Invalid Baybayin data for word 'Ulysses', clearing baybayin fields.
2025-02-09 00:26:25,759 - WARNING - Invalid Baybayin data for word 'Monica', clearing baybayin fields.
2025-02-09 00:26:25,761 - WARNING - Invalid Baybayin data for word 'papel', clearing baybayin fields.
2025-02-09 00:26:25,783 - WARNING - Invalid Baybayin data for word 'siglo', clearing baybayin fields.
2025-02-09 00:26:25,786 - WARNING - Invalid Baybayin data for word 'Marte', clearing baybayin fields.
2025-02-09 00:26:25,792 - WARNING - Invalid Baybayin data for word 'norte', clearing baybayin fields.
2025-02-09 00:26:25,794 - WARNING - Invalid Baybayin data for word 'Shirley', clearing baybayin fields.
2025-02-09 00:26:25,797 - WARNING - Invalid Baybayin data for word 'boba', clearing baybayin fields.
2025-02-09 00:26:25,800 - WARNING - Invalid Baybayin data for word 'boba', clearing baybayin fields.
2025-02-09 00:26:25,802 - WARNING - Invalid Baybayin data for word 'esposa', clearing baybayin fields.
2025-02-09 00:26:25,815 - WARNING - Invalid Baybayin data for word 'jota', clearing baybayin fields.
2025-02-09 00:26:25,819 - WARNING - Invalid Baybayin data for word 'jota', clearing baybayin fields.
2025-02-09 00:26:25,823 - WARNING - Invalid Baybayin data for word 'kota', clearing baybayin fields.
2025-02-09 00:26:25,865 - WARNING - Invalid Baybayin data for word 'blotter', clearing baybayin fields.
2025-02-09 00:26:25,867 - WARNING - Invalid Baybayin data for word 'tol', clearing baybayin fields.
2025-02-09 00:26:25,871 - WARNING - Invalid Baybayin data for word 'palo', clearing baybayin fields.
2025-02-09 00:26:25,873 - WARNING - Invalid Baybayin data for word 'palo', clearing baybayin fields.
2025-02-09 00:26:25,876 - WARNING - Invalid Baybayin data for word 'Ann', clearing baybayin fields.
2025-02-09 00:26:25,881 - WARNING - Invalid Baybayin data for word 'moreno', clearing baybayin fields.
2025-02-09 00:26:25,884 - WARNING - Invalid Baybayin data for word 'moreno', clearing baybayin fields.
2025-02-09 00:26:25,898 - WARNING - Invalid Baybayin data for word 'Carlos', clearing baybayin fields.
2025-02-09 00:26:25,900 - WARNING - Invalid Baybayin data for word 'tomo', clearing baybayin fields.
2025-02-09 00:26:25,902 - WARNING - Invalid Baybayin data for word 'morena', clearing baybayin fields.
2025-02-09 00:26:25,906 - WARNING - Invalid Baybayin data for word 'morena', clearing baybayin fields.
2025-02-09 00:26:25,983 - WARNING - Invalid Baybayin data for word 'seksi', clearing baybayin fields.
2025-02-09 00:26:25,989 - WARNING - Invalid Baybayin data for word 'Allison', clearing baybayin fields.
2025-02-09 00:26:25,997 - WARNING - Invalid Baybayin data for word 'gitara', clearing baybayin fields.
2025-02-09 00:26:26,001 - WARNING - Invalid Baybayin data for word 'Peking', clearing baybayin fields.
2025-02-09 00:26:26,006 - WARNING - Invalid Baybayin data for word 'ilegal', clearing baybayin fields.
2025-02-09 00:26:26,008 - WARNING - Invalid Baybayin data for word 'opis', clearing baybayin fields.
2025-02-09 00:26:26,037 - WARNING - Invalid Baybayin data for word 'ruta', clearing baybayin fields.
2025-02-09 00:26:26,040 - WARNING - Invalid Baybayin data for word 'kau', clearing baybayin fields.
2025-02-09 00:26:26,042 - WARNING - Invalid Baybayin data for word 'Abby', clearing baybayin fields.
2025-02-09 00:26:26,044 - WARNING - Invalid Baybayin data for word 'Abra', clearing baybayin fields.
2025-02-09 00:26:26,046 - WARNING - Invalid Baybayin data for word 'litro', clearing baybayin fields.
2025-02-09 00:26:26,053 - WARNING - Invalid Baybayin data for word 'regalo', clearing baybayin fields.
2025-02-09 00:26:26,056 - WARNING - Invalid Baybayin data for word 'boda', clearing baybayin fields.
2025-02-09 00:26:26,062 - WARNING - Invalid Baybayin data for word 'Autumn', clearing baybayin fields.
2025-02-09 00:26:26,065 - WARNING - Invalid Baybayin data for word 'dato', clearing baybayin fields.
2025-02-09 00:26:26,075 - WARNING - Invalid Baybayin data for word 'dato', clearing baybayin fields.
2025-02-09 00:26:26,082 - WARNING - Invalid Baybayin data for word 'Amber', clearing baybayin fields.
2025-02-09 00:26:26,085 - WARNING - Invalid Baybayin data for word 'Agosto', clearing baybayin fields.
2025-02-09 00:26:26,087 - WARNING - Invalid Baybayin data for word 'Abril', clearing baybayin fields.
2025-02-09 00:26:26,090 - WARNING - Invalid Baybayin data for word 'Beryl', clearing baybayin fields.
2025-02-09 00:26:26,093 - WARNING - Invalid Baybayin data for word 'Betty', clearing baybayin fields.
2025-02-09 00:26:26,098 - WARNING - Invalid Baybayin data for word 'Base', clearing baybayin fields.
2025-02-09 00:26:26,100 - WARNING - Invalid Baybayin data for word 'Abigail', clearing baybayin fields.
2025-02-09 00:26:26,102 - WARNING - Invalid Baybayin data for word 'Bonbon', clearing baybayin fields.
2025-02-09 00:26:26,107 - WARNING - Invalid Baybayin data for word 'Boy', clearing baybayin fields.
2025-02-09 00:26:26,111 - WARNING - Invalid Baybayin data for word 'Cherry', clearing baybayin fields.
2025-02-09 00:26:26,113 - WARNING - Invalid Baybayin data for word 'Charity', clearing baybayin fields.
2025-02-09 00:26:26,116 - WARNING - Invalid Baybayin data for word 'Chow', clearing baybayin fields.
2025-02-09 00:26:26,118 - WARNING - Invalid Baybayin data for word 'Baviera', clearing baybayin fields.
2025-02-09 00:26:26,123 - WARNING - Invalid Baybayin data for word 'Co', clearing baybayin fields.
2025-02-09 00:26:26,126 - WARNING - Invalid Baybayin data for word 'Bravo', clearing baybayin fields.
2025-02-09 00:26:26,128 - WARNING - Invalid Baybayin data for word 'Angel', clearing baybayin fields.
2025-02-09 00:26:26,131 - WARNING - Invalid Baybayin data for word 'Angel', clearing baybayin fields.
2025-02-09 00:26:26,135 - WARNING - Invalid Baybayin data for word 'Dale', clearing baybayin fields.
2025-02-09 00:26:26,137 - WARNING - Invalid Baybayin data for word 'Daisy', clearing baybayin fields.
2025-02-09 00:26:26,140 - WARNING - Invalid Baybayin data for word 'duro', clearing baybayin fields.
2025-02-09 00:26:26,152 - WARNING - Invalid Baybayin data for word 'Chi', clearing baybayin fields.
2025-02-09 00:26:26,155 - WARNING - Invalid Baybayin data for word 'Chan', clearing baybayin fields.
2025-02-09 00:26:26,158 - WARNING - Invalid Baybayin data for word 'Chan', clearing baybayin fields.
2025-02-09 00:26:26,160 - WARNING - Invalid Baybayin data for word 'Faith', clearing baybayin fields.
2025-02-09 00:26:26,162 - WARNING - Invalid Baybayin data for word 'Felicity', clearing baybayin fields.
2025-02-09 00:26:26,165 - WARNING - Invalid Baybayin data for word 'Cruz', clearing baybayin fields.
2025-02-09 00:26:26,168 - WARNING - Invalid Baybayin data for word 'Dy', clearing baybayin fields.
2025-02-09 00:26:26,174 - WARNING - Invalid Baybayin data for word 'Enero', clearing baybayin fields.
2025-02-09 00:26:26,370 - WARNING - Invalid Baybayin data for word 'Dios', clearing baybayin fields.
2025-02-09 00:26:26,372 - WARNING - Invalid Baybayin data for word 'Gay', clearing baybayin fields.
2025-02-09 00:26:26,374 - WARNING - Invalid Baybayin data for word 'Delgado', clearing baybayin fields.
2025-02-09 00:26:26,378 - WARNING - Invalid Baybayin data for word 'Go', clearing baybayin fields.
2025-02-09 00:26:26,381 - WARNING - Invalid Baybayin data for word 'Gallo', clearing baybayin fields.
2025-02-09 00:26:26,384 - WARNING - Invalid Baybayin data for word 'Aries', clearing baybayin fields.
2025-02-09 00:26:26,387 - WARNING - Invalid Baybayin data for word 'Dr.', clearing baybayin fields.
2025-02-09 00:26:26,389 - WARNING - Invalid Baybayin data for word 'Montenegro', clearing baybayin fields.
2025-02-09 00:26:26,391 - WARNING - Invalid Baybayin data for word 'Maria', clearing baybayin fields.
2025-02-09 00:26:26,394 - WARNING - Invalid Baybayin data for word 'Heather', clearing baybayin fields.
2025-02-09 00:26:26,396 - WARNING - Invalid Baybayin data for word 'Hazel', clearing baybayin fields.
2025-02-09 00:26:26,399 - WARNING - Invalid Baybayin data for word 'Grace', clearing baybayin fields.
2025-02-09 00:26:26,401 - WARNING - Invalid Baybayin data for word 'Este', clearing baybayin fields.
2025-02-09 00:26:26,403 - WARNING - Invalid Baybayin data for word 'Ivy', clearing baybayin fields.
2025-02-09 00:26:26,405 - WARNING - Invalid Baybayin data for word 'Gloria', clearing baybayin fields.
2025-02-09 00:26:26,409 - WARNING - Invalid Baybayin data for word 'Joy', clearing baybayin fields.
2025-02-09 00:26:26,412 - WARNING - Invalid Baybayin data for word 'Ho', clearing baybayin fields.
2025-02-09 00:26:26,427 - WARNING - Invalid Baybayin data for word 'Ko', clearing baybayin fields.
2025-02-09 00:26:26,430 - WARNING - Invalid Baybayin data for word 'Love', clearing baybayin fields.
2025-02-09 00:26:26,432 - WARNING - Invalid Baybayin data for word 'Lily', clearing baybayin fields.
2025-02-09 00:26:26,437 - WARNING - Invalid Baybayin data for word 'Don', clearing baybayin fields.
2025-02-09 00:26:26,440 - WARNING - Invalid Baybayin data for word 'Hope', clearing baybayin fields.
2025-02-09 00:26:26,442 - WARNING - Invalid Baybayin data for word 'Amerika', clearing baybayin fields.
2025-02-09 00:26:26,450 - WARNING - Invalid Baybayin data for word 'Mar.', clearing baybayin fields.
2025-02-09 00:26:26,452 - WARNING - Invalid Baybayin data for word 'Merry', clearing baybayin fields.
2025-02-09 00:26:26,455 - WARNING - Invalid Baybayin data for word 'Mercy', clearing baybayin fields.
2025-02-09 00:26:26,463 - WARNING - Invalid Baybayin data for word 'Metro', clearing baybayin fields.
2025-02-09 00:26:26,466 - WARNING - Invalid Baybayin data for word 'Moreno', clearing baybayin fields.
2025-02-09 00:26:26,467 - WARNING - Invalid Baybayin data for word 'Macao', clearing baybayin fields.
2025-02-09 00:26:26,471 - WARNING - Invalid Baybayin data for word 'Flora', clearing baybayin fields.
2025-02-09 00:26:26,473 - WARNING - Invalid Baybayin data for word 'Natividad', clearing baybayin fields.
2025-02-09 00:26:26,475 - WARNING - Invalid Baybayin data for word 'Henry', clearing baybayin fields.
2025-02-09 00:26:26,477 - WARNING - Invalid Baybayin data for word 'Laurel', clearing baybayin fields.
2025-02-09 00:26:26,482 - WARNING - Invalid Baybayin data for word 'Moro', clearing baybayin fields.
2025-02-09 00:26:26,484 - WARNING - Invalid Baybayin data for word 'Padre', clearing baybayin fields.
2025-02-09 00:26:26,488 - WARNING - Invalid Baybayin data for word 'Martes', clearing baybayin fields.
2025-02-09 00:26:26,490 - WARNING - Invalid Baybayin data for word 'Negro', clearing baybayin fields.
2025-02-09 00:26:26,492 - WARNING - Invalid Baybayin data for word 'Patron', clearing baybayin fields.
2025-02-09 00:26:26,494 - WARNING - Invalid Baybayin data for word 'Pearl', clearing baybayin fields.
2025-02-09 00:26:26,497 - WARNING - Invalid Baybayin data for word 'Nancy', clearing baybayin fields.
2025-02-09 00:26:26,499 - WARNING - Invalid Baybayin data for word 'Aurora', clearing baybayin fields.
2025-02-09 00:26:26,622 - WARNING - Invalid Baybayin data for word 'Pasko', clearing baybayin fields.
2025-02-09 00:26:26,626 - WARNING - Invalid Baybayin data for word 'Paz', clearing baybayin fields.
2025-02-09 00:26:26,628 - WARNING - Invalid Baybayin data for word 'Lee', clearing baybayin fields.
2025-02-09 00:26:26,643 - WARNING - Invalid Baybayin data for word 'Pilar', clearing baybayin fields.
2025-02-09 00:26:26,650 - WARNING - Invalid Baybayin data for word 'Mayo', clearing baybayin fields.
2025-02-09 00:26:26,653 - WARNING - Invalid Baybayin data for word 'Que', clearing baybayin fields.
2025-02-09 00:26:26,656 - WARNING - Invalid Baybayin data for word 'Pastor', clearing baybayin fields.
2025-02-09 00:26:26,659 - WARNING - Invalid Baybayin data for word 'Pastor', clearing baybayin fields.
2025-02-09 00:26:26,662 - WARNING - Invalid Baybayin data for word 'Park', clearing baybayin fields.
2025-02-09 00:26:26,667 - WARNING - Invalid Baybayin data for word 'Prince', clearing baybayin fields.
2025-02-09 00:26:26,673 - WARNING - Invalid Baybayin data for word 'Ng', clearing baybayin fields.
2025-02-09 00:26:26,676 - WARNING - Invalid Baybayin data for word 'Ng', clearing baybayin fields.
2025-02-09 00:26:26,681 - WARNING - Invalid Baybayin data for word 'Ng', clearing baybayin fields.
2025-02-09 00:26:26,684 - WARNING - Invalid Baybayin data for word 'Ng', clearing baybayin fields.
2025-02-09 00:26:26,686 - WARNING - Invalid Baybayin data for word 'Sally', clearing baybayin fields.
2025-02-09 00:26:26,688 - WARNING - Invalid Baybayin data for word 'Rosemary', clearing baybayin fields.
2025-02-09 00:26:26,690 - WARNING - Invalid Baybayin data for word 'Ruby', clearing baybayin fields.
2025-02-09 00:26:26,694 - WARNING - Invalid Baybayin data for word 'Sia', clearing baybayin fields.
