2025-03-30 18:31:56,462 - INFO - Starting lookup for word: 'comida'
2025-03-30 18:31:56,494 - INFO - pg_trgm extension installed: True
2025-03-30 18:31:56,494 - INFO - Executing exact match query for 'comida'
2025-03-30 18:31:56,625 - INFO - Found 0 exact matches
2025-03-30 18:31:56,625 - INFO - No exact matches, trying fuzzy search for 'comida'
2025-03-30 18:31:56,735 - INFO - Found 5 fuzzy matches
2025-03-30 18:31:56,735 - INFO - Fuzzy matches: ['Comia', 'komida', 'Comiso', 'Pomida', 'Coming']
2025-03-30 18:31:56,738 - INFO - Processing result 1/5
2025-03-30 18:31:56,740 - INFO - Word ID: 157325
2025-03-30 18:31:56,740 - INFO - Lemma: Comia
2025-03-30 18:31:56,740 - INFO - Language code: tl
2025-03-30 18:31:56,743 - INFO - Querying pronunciations for word_id 157325
2025-03-30 18:31:56,745 - INFO - Found 3 pronunciations
2025-03-30 18:31:56,747 - INFO - Querying etymologies for word_id 157325
2025-03-30 18:31:56,749 - INFO - Found 0 etymologies
2025-03-30 18:31:56,749 - INFO - Querying definitions for word_id 157325
2025-03-30 18:31:56,754 - INFO - Found 1 definitions
2025-03-30 18:31:56,755 - INFO - Processing definition 1/1
2025-03-30 18:31:56,756 - INFO - Querying relations for word_id 157325
2025-03-30 18:31:56,759 - INFO - Found 1 relations
2025-03-30 18:31:56,761 - INFO - Processing result 2/5
2025-03-30 18:31:56,761 - INFO - Word ID: 143056
2025-03-30 18:31:56,761 - INFO - Lemma: komida
2025-03-30 18:31:56,761 - INFO - Language code: tl
2025-03-30 18:31:56,763 - INFO - Querying pronunciations for word_id 143056
2025-03-30 18:31:56,763 - INFO - Found 0 pronunciations
2025-03-30 18:31:56,764 - INFO - Querying etymologies for word_id 143056
2025-03-30 18:31:56,765 - INFO - Found 0 etymologies
2025-03-30 18:31:56,765 - INFO - Querying definitions for word_id 143056
2025-03-30 18:31:56,766 - INFO - Found 0 definitions
2025-03-30 18:31:56,767 - INFO - Querying relations for word_id 143056
2025-03-30 18:31:56,768 - INFO - Found 2 relations
2025-03-30 18:31:56,772 - INFO - Processing result 3/5
2025-03-30 18:31:56,772 - INFO - Word ID: 226853
2025-03-30 18:31:56,772 - INFO - Lemma: Comiso
2025-03-30 18:31:56,772 - INFO - Language code: ceb
2025-03-30 18:31:56,774 - INFO - Querying pronunciations for word_id 226853
2025-03-30 18:31:56,774 - INFO - Found 0 pronunciations
2025-03-30 18:31:56,774 - INFO - Querying etymologies for word_id 226853
2025-03-30 18:31:56,775 - INFO - Found 0 etymologies
2025-03-30 18:31:56,775 - INFO - Querying definitions for word_id 226853
2025-03-30 18:31:56,776 - INFO - Found 1 definitions
2025-03-30 18:31:56,776 - INFO - Processing definition 1/1
2025-03-30 18:31:56,778 - INFO - Querying relations for word_id 226853
2025-03-30 18:31:56,779 - INFO - Found 0 relations
2025-03-30 18:31:56,779 - INFO - No relations found for word ID 226853
2025-03-30 18:31:56,780 - INFO - Processing result 4/5
2025-03-30 18:31:56,780 - INFO - Word ID: 228539
2025-03-30 18:31:56,780 - INFO - Lemma: Pomida
2025-03-30 18:31:56,780 - INFO - Language code: ceb
2025-03-30 18:31:56,781 - INFO - Querying pronunciations for word_id 228539
2025-03-30 18:31:56,782 - INFO - Found 0 pronunciations
2025-03-30 18:31:56,782 - INFO - Querying etymologies for word_id 228539
2025-03-30 18:31:56,782 - INFO - Found 0 etymologies
2025-03-30 18:31:56,783 - INFO - Querying definitions for word_id 228539
2025-03-30 18:31:56,784 - INFO - Found 1 definitions
2025-03-30 18:31:56,784 - INFO - Processing definition 1/1
2025-03-30 18:31:56,786 - INFO - Querying relations for word_id 228539
2025-03-30 18:31:56,787 - INFO - Found 0 relations
2025-03-30 18:31:56,787 - INFO - No relations found for word ID 228539
2025-03-30 18:31:56,788 - INFO - Processing result 5/5
2025-03-30 18:31:56,788 - INFO - Word ID: 232369
2025-03-30 18:31:56,788 - INFO - Lemma: Coming
2025-03-30 18:31:56,788 - INFO - Language code: ceb
2025-03-30 18:31:56,789 - INFO - Querying pronunciations for word_id 232369
2025-03-30 18:31:56,790 - INFO - Found 0 pronunciations
2025-03-30 18:31:56,790 - INFO - Querying etymologies for word_id 232369
2025-03-30 18:31:56,791 - INFO - Found 0 etymologies
2025-03-30 18:31:56,791 - INFO - Querying definitions for word_id 232369
2025-03-30 18:31:56,792 - INFO - Found 1 definitions
2025-03-30 18:31:56,792 - INFO - Processing definition 1/1
2025-03-30 18:31:56,793 - INFO - Querying relations for word_id 232369
2025-03-30 18:31:56,794 - INFO - Found 0 relations
2025-03-30 18:31:56,795 - INFO - No relations found for word ID 232369
2025-03-30 18:31:56,796 - INFO - Database connection closed
