2025-04-14 01:33:02,889 - INFO - Starting table creation/update process.
2025-04-14 01:33:03,474 - INFO - Tables created or updated successfully.
2025-04-14 01:33:03,484 - INFO - Starting processing for Tagalog Words from ..\data\tagalog-words.json
2025-04-14 01:33:03,484 - INFO - Processing Tagalog words file: ..\data\tagalog-words.json
2025-04-14 01:33:03,484 - INFO - Using standardized source identifier: 'diksiyonaryo.ph'
2025-04-14 01:33:03,528 - WARNING - Table pronunciations is missing required columns: pronunciation, source_identifier
2025-04-14 01:33:03,531 - WARNING - Table etymologies is missing required columns: source_identifier, etymology
2025-04-14 01:33:03,534 - WARNING - Table definitions is missing required columns: source_identifier, definition, part_of_speech
2025-04-14 01:33:03,536 - WARNING - Table examples is missing required columns: example, source_identifier, definition_id
2025-04-14 01:33:03,539 - WARNING - Table word_tags is missing required columns: word_id, tag, source_identifier
2025-04-14 01:33:04,594 - INFO - Found 65336 word entries in ..\data\tagalog-words.json
2025-04-14 01:33:04,690 - INFO - Resetting transaction state before entry 0
2025-04-14 01:33:04,724 - INFO - Resetting transaction state before entry 1
2025-04-14 01:33:04,728 - INFO - Resetting transaction state before entry 2
2025-04-14 01:33:04,731 - INFO - Resetting transaction state before entry 3
2025-04-14 01:33:04,738 - INFO - Resetting transaction state before entry 4
2025-04-14 01:33:04,756 - WARNING - Error processing capitalized variant for 'aà': column "word" does not exist
LINE 3:                                         WHERE word = 'Aà'
                                                      ^

2025-04-14 01:33:04,758 - ERROR - Error processing entry at index 4 (word: 'aà'):
2025-04-14 01:33:04,758 - ERROR - Error details: current transaction is aborted, commands ignored until end of transaction block

2025-04-14 01:33:04,759 - INFO - Resetting transaction state before entry 5
2025-04-14 01:33:04,763 - WARNING - Error processing capitalized variant for 'aáb': column "word" does not exist
LINE 3:                                         WHERE word = 'Aáb'
                                                      ^

2025-04-14 01:33:04,764 - ERROR - Error processing entry at index 5 (word: 'aáb'):
2025-04-14 01:33:04,764 - ERROR - Error details: current transaction is aborted, commands ignored until end of transaction block

2025-04-14 01:33:04,765 - INFO - Resetting transaction state before entry 6
2025-04-14 01:33:04,769 - WARNING - Error processing capitalized variant for 'aáda': column "word" does not exist
LINE 3:                                         WHERE word = 'Aáda'
                                                      ^

2025-04-14 01:33:04,770 - ERROR - Error processing entry at index 6 (word: 'aáda'):
2025-04-14 01:33:04,770 - ERROR - Error details: current transaction is aborted, commands ignored until end of transaction block

2025-04-14 01:33:04,771 - INFO - Resetting transaction state before entry 7
2025-04-14 01:33:04,774 - WARNING - Error processing capitalized variant for 'aádto': column "word" does not exist
LINE 3:                                         WHERE word = 'Aádto'
                                                      ^

2025-04-14 01:33:04,774 - ERROR - Error processing entry at index 7 (word: 'aádto'):
2025-04-14 01:33:04,775 - ERROR - Error details: current transaction is aborted, commands ignored until end of transaction block

2025-04-14 01:33:04,776 - INFO - Resetting transaction state before entry 8
2025-04-14 01:33:04,779 - WARNING - Error processing capitalized variant for 'aagáw': column "word" does not exist
LINE 3:                                         WHERE word = 'Aagáw'
                                                      ^

2025-04-14 01:33:04,780 - ERROR - Error processing entry at index 8 (word: 'aagáw'):
2025-04-14 01:33:04,780 - ERROR - Error details: current transaction is aborted, commands ignored until end of transaction block

2025-04-14 01:33:04,781 - INFO - Resetting transaction state before entry 9
2025-04-14 01:33:04,784 - WARNING - Error processing capitalized variant for 'aák': column "word" does not exist
LINE 3:                                         WHERE word = 'Aák'
                                                      ^

2025-04-14 01:33:04,785 - ERROR - Error processing entry at index 9 (word: 'aák'):
2025-04-14 01:33:04,786 - ERROR - Error details: current transaction is aborted, commands ignored until end of transaction block

2025-04-14 01:33:04,788 - INFO - Resetting transaction state before entry 10
2025-04-14 01:33:04,791 - WARNING - Error processing capitalized variant for 'aám': column "word" does not exist
LINE 3:                                         WHERE word = 'Aám'
                                                      ^

2025-04-14 01:33:04,792 - ERROR - Error processing entry at index 10 (word: 'aám'):
2025-04-14 01:33:04,793 - ERROR - Error details: current transaction is aborted, commands ignored until end of transaction block

2025-04-14 01:33:04,797 - INFO - Resetting transaction state before entry 11
2025-04-14 01:33:04,799 - WARNING - Error processing capitalized variant for 'aánhi': column "word" does not exist
LINE 3:                                         WHERE word = 'Aánhi'
                                                      ^

2025-04-14 01:33:04,801 - ERROR - Error processing entry at index 11 (word: 'aánhi'):
2025-04-14 01:33:04,804 - ERROR - Error details: current transaction is aborted, commands ignored until end of transaction block

2025-04-14 01:33:04,805 - INFO - Resetting transaction state before entry 12
2025-04-14 01:33:04,808 - WARNING - Error processing capitalized variant for 'aánhon': column "word" does not exist
LINE 3:                                         WHERE word = 'Aánhon...
                                                      ^

2025-04-14 01:33:04,809 - ERROR - Error processing entry at index 12 (word: 'aánhon'):
2025-04-14 01:33:04,810 - ERROR - Error details: current transaction is aborted, commands ignored until end of transaction block

2025-04-14 01:33:04,811 - INFO - Resetting transaction state before entry 13
2025-04-14 01:33:04,813 - WARNING - Error processing capitalized variant for 'áap': column "word" does not exist
LINE 3:                                         WHERE word = 'Áap'
                                                      ^

2025-04-14 01:33:04,814 - ERROR - Error processing entry at index 13 (word: 'áap'):
2025-04-14 01:33:04,814 - ERROR - Error details: current transaction is aborted, commands ignored until end of transaction block

2025-04-14 01:33:04,815 - INFO - Resetting transaction state before entry 14
2025-04-14 01:33:04,818 - WARNING - Error processing capitalized variant for 'aapúyan': column "word" does not exist
LINE 3:                                         WHERE word = 'Aapúya...
                                                      ^

2025-04-14 01:33:04,820 - ERROR - Error processing entry at index 14 (word: 'aapúyan'):
2025-04-14 01:33:04,820 - ERROR - Error details: current transaction is aborted, commands ignored until end of transaction block

2025-04-14 01:33:04,821 - INFO - Resetting transaction state before entry 15
2025-04-14 01:33:04,824 - INFO - Resetting transaction state before entry 16
2025-04-14 01:33:04,827 - WARNING - Error processing capitalized variant for 'aáto-áto': column "word" does not exist
LINE 3:                                         WHERE word = 'Aáto-á...
                                                      ^

2025-04-14 01:33:04,828 - ERROR - Error processing entry at index 16 (word: 'aáto-áto'):
2025-04-14 01:33:04,828 - ERROR - Error details: current transaction is aborted, commands ignored until end of transaction block

2025-04-14 01:33:04,829 - INFO - Resetting transaction state before entry 17
2025-04-14 01:33:04,831 - INFO - Resetting transaction state before entry 18
2025-04-14 01:33:04,833 - WARNING - Error processing capitalized variant for 'abá': column "word" does not exist
LINE 3:                                         WHERE word = 'Abá'
                                                      ^

2025-04-14 01:33:04,893 - ERROR - Error processing entry at index 18 (word: 'abá'):
2025-04-14 01:33:04,893 - ERROR - Error details: current transaction is aborted, commands ignored until end of transaction block

2025-04-14 01:33:04,894 - INFO - Resetting transaction state before entry 19
2025-04-14 01:33:04,896 - INFO - Resetting transaction state before entry 20
2025-04-14 01:33:04,900 - WARNING - Error processing capitalized variant for 'abâ': column "word" does not exist
LINE 3:                                         WHERE word = 'Abâ'
                                                      ^

2025-04-14 01:33:04,903 - ERROR - Error processing entry at index 20 (word: 'abâ'):
2025-04-14 01:33:04,904 - ERROR - Error details: current transaction is aborted, commands ignored until end of transaction block

2025-04-14 01:33:04,905 - INFO - Resetting transaction state before entry 21
2025-04-14 01:33:04,908 - WARNING - Error processing capitalized variant for 'abaána': column "word" does not exist
LINE 3:                                         WHERE word = 'Abaána...
                                                      ^

2025-04-14 01:33:04,909 - ERROR - Error processing entry at index 21 (word: 'abaána'):
2025-04-14 01:33:04,909 - ERROR - Error details: current transaction is aborted, commands ignored until end of transaction block

2025-04-14 01:33:04,915 - INFO - Resetting transaction state before entry 22
2025-04-14 01:33:04,920 - WARNING - Error processing capitalized variant for 'abáaw': column "word" does not exist
LINE 3:                                         WHERE word = 'Abáaw'
                                                      ^

2025-04-14 01:33:04,921 - ERROR - Error processing entry at index 22 (word: 'abáaw'):
2025-04-14 01:33:04,922 - ERROR - Error details: current transaction is aborted, commands ignored until end of transaction block

2025-04-14 01:33:04,923 - INFO - Resetting transaction state before entry 23
2025-04-14 01:33:04,926 - WARNING - Error processing capitalized variant for 'áb-ab': column "word" does not exist
LINE 3:                                         WHERE word = 'Áb-ab'
                                                      ^

2025-04-14 01:33:04,927 - ERROR - Error processing entry at index 23 (word: 'áb-ab'):
2025-04-14 01:33:04,928 - ERROR - Error details: current transaction is aborted, commands ignored until end of transaction block

2025-04-14 01:33:04,929 - INFO - Resetting transaction state before entry 24
2025-04-14 01:33:04,932 - WARNING - Error processing capitalized variant for 'ábab': column "word" does not exist
LINE 3:                                         WHERE word = 'Ábab'
                                                      ^

2025-04-14 01:33:04,933 - ERROR - Error processing entry at index 24 (word: 'ábab'):
2025-04-14 01:33:04,934 - ERROR - Error details: current transaction is aborted, commands ignored until end of transaction block

2025-04-14 01:33:04,936 - INFO - Resetting transaction state before entry 25
2025-04-14 01:33:04,939 - WARNING - Error processing capitalized variant for 'abába': column "word" does not exist
LINE 3:                                         WHERE word = 'Abába'
                                                      ^

2025-04-14 01:33:04,940 - ERROR - Error processing entry at index 25 (word: 'abába'):
2025-04-14 01:33:04,940 - ERROR - Error details: current transaction is aborted, commands ignored until end of transaction block

2025-04-14 01:33:04,941 - INFO - Resetting transaction state before entry 26
2025-04-14 01:33:04,944 - WARNING - Error processing capitalized variant for 'ababatiyáwan': column "word" does not exist
LINE 3:                                         WHERE word = 'Ababat...
                                                      ^

2025-04-14 01:33:04,945 - ERROR - Error processing entry at index 26 (word: 'ababatiyáwan'):
2025-04-14 01:33:04,945 - ERROR - Error details: current transaction is aborted, commands ignored until end of transaction block

2025-04-14 01:33:04,946 - INFO - Resetting transaction state before entry 27
2025-04-14 01:33:04,948 - WARNING - Error processing capitalized variant for 'abábaw': column "word" does not exist
LINE 3:                                         WHERE word = 'Abábaw...
                                                      ^

2025-04-14 01:33:04,949 - ERROR - Error processing entry at index 27 (word: 'abábaw'):
2025-04-14 01:33:04,949 - ERROR - Error details: current transaction is aborted, commands ignored until end of transaction block

2025-04-14 01:33:04,950 - INFO - Resetting transaction state before entry 28
2025-04-14 01:33:04,954 - WARNING - Error processing capitalized variant for 'abábbaw': column "word" does not exist
LINE 3:                                         WHERE word = 'Abábba...
                                                      ^

2025-04-14 01:33:04,954 - ERROR - Error processing entry at index 28 (word: 'abábbaw'):
2025-04-14 01:33:04,955 - ERROR - Error details: current transaction is aborted, commands ignored until end of transaction block

2025-04-14 01:33:04,956 - INFO - Resetting transaction state before entry 29
2025-04-14 01:33:04,958 - WARNING - Error processing capitalized variant for 'áb-abî-ik': column "word" does not exist
LINE 3:                                         WHERE word = 'Áb-abî...
                                                      ^

2025-04-14 01:33:04,960 - ERROR - Error processing entry at index 29 (word: 'áb-abî-ik'):
2025-04-14 01:33:04,960 - ERROR - Error details: current transaction is aborted, commands ignored until end of transaction block

2025-04-14 01:33:04,961 - INFO - Resetting transaction state before entry 30
2025-04-14 01:33:04,981 - WARNING - Error processing capitalized variant for 'abaciscus': column "word" does not exist
LINE 3:                                         WHERE word = 'Abacis...
                                                      ^

2025-04-14 01:33:04,983 - ERROR - Error processing entry at index 30 (word: 'abaciscus'):
2025-04-14 01:33:04,984 - ERROR - Error details: current transaction is aborted, commands ignored until end of transaction block

2025-04-14 01:33:04,986 - INFO - Resetting transaction state before entry 31
2025-04-14 01:33:04,988 - WARNING - Error processing capitalized variant for 'abád': column "word" does not exist
LINE 3:                                         WHERE word = 'Abád'
                                                      ^

2025-04-14 01:33:04,989 - ERROR - Error processing entry at index 31 (word: 'abád'):
2025-04-14 01:33:04,990 - ERROR - Error details: current transaction is aborted, commands ignored until end of transaction block

2025-04-14 01:33:04,991 - INFO - Resetting transaction state before entry 32
2025-04-14 01:33:04,994 - WARNING - Error processing capitalized variant for 'ábad': column "word" does not exist
LINE 3:                                         WHERE word = 'Ábad'
                                                      ^

2025-04-14 01:33:04,995 - ERROR - Error processing entry at index 32 (word: 'ábad'):
2025-04-14 01:33:04,998 - ERROR - Error details: current transaction is aborted, commands ignored until end of transaction block

2025-04-14 01:33:04,999 - INFO - Resetting transaction state before entry 33
2025-04-14 01:33:05,003 - WARNING - Error processing capitalized variant for 'abáda': column "word" does not exist
LINE 3:                                         WHERE word = 'Abáda'
                                                      ^

2025-04-14 01:33:05,004 - ERROR - Error processing entry at index 33 (word: 'abáda'):
2025-04-14 01:33:05,004 - ERROR - Error details: current transaction is aborted, commands ignored until end of transaction block

2025-04-14 01:33:05,008 - INFO - Resetting transaction state before entry 34
2025-04-14 01:33:05,013 - INFO - Resetting transaction state before entry 35
2025-04-14 01:33:05,015 - INFO - Resetting transaction state before entry 36
2025-04-14 01:33:05,017 - INFO - Resetting transaction state before entry 37
2025-04-14 01:33:05,021 - WARNING - Error processing capitalized variant for 'abadíya': column "word" does not exist
LINE 3:                                         WHERE word = 'Abadíy...
                                                      ^

2025-04-14 01:33:05,022 - ERROR - Error processing entry at index 37 (word: 'abadíya'):
2025-04-14 01:33:05,022 - ERROR - Error details: current transaction is aborted, commands ignored until end of transaction block

2025-04-14 01:33:05,023 - INFO - Resetting transaction state before entry 38
2025-04-14 01:33:05,026 - WARNING - Error processing capitalized variant for 'abadyáto': column "word" does not exist
LINE 3:                                         WHERE word = 'Abadyá...
                                                      ^

2025-04-14 01:33:05,027 - ERROR - Error processing entry at index 38 (word: 'abadyáto'):
2025-04-14 01:33:05,027 - ERROR - Error details: current transaction is aborted, commands ignored until end of transaction block

2025-04-14 01:33:05,028 - INFO - Resetting transaction state before entry 39
2025-04-14 01:33:05,030 - WARNING - Error processing capitalized variant for 'abáfiw': column "word" does not exist
LINE 3:                                         WHERE word = 'Abáfiw...
                                                      ^

2025-04-14 01:33:05,031 - ERROR - Error processing entry at index 39 (word: 'abáfiw'):
2025-04-14 01:33:05,032 - ERROR - Error details: current transaction is aborted, commands ignored until end of transaction block

2025-04-14 01:33:05,032 - INFO - Resetting transaction state before entry 40
2025-04-14 01:33:05,035 - WARNING - Error processing capitalized variant for 'ábag': column "word" does not exist
LINE 3:                                         WHERE word = 'Ábag'
                                                      ^

2025-04-14 01:33:05,036 - ERROR - Error processing entry at index 40 (word: 'ábag'):
2025-04-14 01:33:05,036 - ERROR - Error details: current transaction is aborted, commands ignored until end of transaction block

2025-04-14 01:33:05,037 - INFO - Resetting transaction state before entry 41
2025-04-14 01:33:05,039 - WARNING - Error processing capitalized variant for 'abagá': column "word" does not exist
LINE 3:                                         WHERE word = 'Abagá'
                                                      ^

2025-04-14 01:33:05,040 - ERROR - Error processing entry at index 41 (word: 'abagá'):
2025-04-14 01:33:05,040 - ERROR - Error details: current transaction is aborted, commands ignored until end of transaction block

2025-04-14 01:33:05,041 - INFO - Resetting transaction state before entry 42
2025-04-14 01:33:05,043 - WARNING - Error processing capitalized variant for 'abága': column "word" does not exist
LINE 3:                                         WHERE word = 'Abága'
                                                      ^

2025-04-14 01:33:05,044 - ERROR - Error processing entry at index 42 (word: 'abága'):
2025-04-14 01:33:05,045 - ERROR - Error details: current transaction is aborted, commands ignored until end of transaction block

2025-04-14 01:33:05,045 - INFO - Resetting transaction state before entry 43
2025-04-14 01:33:05,047 - WARNING - Error processing capitalized variant for 'abágat': column "word" does not exist
LINE 3:                                         WHERE word = 'Abágat...
                                                      ^

2025-04-14 01:33:05,047 - ERROR - Error processing entry at index 43 (word: 'abágat'):
2025-04-14 01:33:05,048 - ERROR - Error details: current transaction is aborted, commands ignored until end of transaction block

2025-04-14 01:33:05,048 - INFO - Resetting transaction state before entry 44
2025-04-14 01:33:05,051 - WARNING - Error processing capitalized variant for 'abagbág': column "word" does not exist
LINE 3:                                         WHERE word = 'Abagbá...
                                                      ^

2025-04-14 01:33:05,053 - ERROR - Error processing entry at index 44 (word: 'abagbág'):
2025-04-14 01:33:05,053 - ERROR - Error details: current transaction is aborted, commands ignored until end of transaction block

2025-04-14 01:33:05,054 - INFO - Resetting transaction state before entry 45
2025-04-14 01:33:05,057 - WARNING - Error processing capitalized variant for 'abághan': column "word" does not exist
LINE 3:                                         WHERE word = 'Abágha...
                                                      ^

2025-04-14 01:33:05,057 - ERROR - Error processing entry at index 45 (word: 'abághan'):
2025-04-14 01:33:05,058 - ERROR - Error details: current transaction is aborted, commands ignored until end of transaction block

2025-04-14 01:33:05,058 - INFO - Resetting transaction state before entry 46
2025-04-14 01:33:05,061 - INFO - Resetting transaction state before entry 47
2025-04-14 01:33:05,064 - WARNING - Error processing capitalized variant for 'ábak': column "word" does not exist
LINE 3:                                         WHERE word = 'Ábak'
                                                      ^

2025-04-14 01:33:05,064 - ERROR - Error processing entry at index 47 (word: 'ábak'):
2025-04-14 01:33:05,065 - ERROR - Error details: current transaction is aborted, commands ignored until end of transaction block

2025-04-14 01:33:05,065 - INFO - Resetting transaction state before entry 48
2025-04-14 01:33:05,068 - WARNING - Error processing capitalized variant for 'abaká': column "word" does not exist
LINE 3:                                         WHERE word = 'Abaká'
                                                      ^

2025-04-14 01:33:05,069 - ERROR - Error processing entry at index 48 (word: 'abaká'):
2025-04-14 01:33:05,069 - ERROR - Error details: current transaction is aborted, commands ignored until end of transaction block

2025-04-14 01:33:05,070 - INFO - Resetting transaction state before entry 49
2025-04-14 01:33:05,072 - INFO - Resetting transaction state before entry 50
2025-04-14 01:33:05,074 - WARNING - Error processing capitalized variant for 'abák-abák': column "word" does not exist
LINE 3:                                         WHERE word = 'Abák-a...
                                                      ^

2025-04-14 01:33:05,075 - ERROR - Error processing entry at index 50 (word: 'abák-abák'):
2025-04-14 01:33:05,075 - ERROR - Error details: current transaction is aborted, commands ignored until end of transaction block

2025-04-14 01:33:05,076 - INFO - Resetting transaction state before entry 51
2025-04-14 01:33:05,079 - WARNING - Error processing capitalized variant for 'abakáda': column "word" does not exist
LINE 3:                                         WHERE word = 'Abakád...
                                                      ^

2025-04-14 01:33:05,079 - ERROR - Error processing entry at index 51 (word: 'abakáda'):
2025-04-14 01:33:05,080 - ERROR - Error details: current transaction is aborted, commands ignored until end of transaction block

2025-04-14 01:33:05,081 - INFO - Resetting transaction state before entry 52
2025-04-14 01:33:05,084 - WARNING - Error processing capitalized variant for 'ábakahán': column "word" does not exist
LINE 3:                                         WHERE word = 'Ábakah...
                                                      ^

2025-04-14 01:33:05,085 - ERROR - Error processing entry at index 52 (word: 'ábakahán'):
2025-04-14 01:33:05,085 - ERROR - Error details: current transaction is aborted, commands ignored until end of transaction block

2025-04-14 01:33:05,086 - INFO - Resetting transaction state before entry 53
2025-04-14 01:33:05,088 - INFO - Resetting transaction state before entry 54
2025-04-14 01:33:05,091 - WARNING - Error processing capitalized variant for 'ábakó': column "word" does not exist
LINE 3:                                         WHERE word = 'Ábakó'
                                                      ^

2025-04-14 01:33:05,091 - ERROR - Error processing entry at index 54 (word: 'ábakó'):
2025-04-14 01:33:05,092 - ERROR - Error details: current transaction is aborted, commands ignored until end of transaction block

2025-04-14 01:33:05,093 - INFO - Resetting transaction state before entry 55
2025-04-14 01:33:05,095 - WARNING - Error processing capitalized variant for 'ábakús': column "word" does not exist
LINE 3:                                         WHERE word = 'Ábakús...
                                                      ^

2025-04-14 01:33:05,095 - ERROR - Error processing entry at index 55 (word: 'ábakús'):
2025-04-14 01:33:05,096 - ERROR - Error details: current transaction is aborted, commands ignored until end of transaction block

2025-04-14 01:33:05,096 - INFO - Resetting transaction state before entry 56
2025-04-14 01:33:05,098 - WARNING - Error processing capitalized variant for 'ábal': column "word" does not exist
LINE 3:                                         WHERE word = 'Ábal'
                                                      ^

2025-04-14 01:33:05,099 - ERROR - Error processing entry at index 56 (word: 'ábal'):
2025-04-14 01:33:05,099 - ERROR - Error details: current transaction is aborted, commands ignored until end of transaction block

2025-04-14 01:33:05,100 - INFO - Resetting transaction state before entry 57
2025-04-14 01:33:05,103 - WARNING - Error processing capitalized variant for 'abalá': column "word" does not exist
LINE 3:                                         WHERE word = 'Abalá'
                                                      ^

2025-04-14 01:33:05,103 - ERROR - Error processing entry at index 57 (word: 'abalá'):
2025-04-14 01:33:05,103 - ERROR - Error details: current transaction is aborted, commands ignored until end of transaction block

2025-04-14 01:33:05,104 - INFO - Resetting transaction state before entry 58
2025-04-14 01:33:05,106 - WARNING - Error processing capitalized variant for 'abála': column "word" does not exist
LINE 3:                                         WHERE word = 'Abála'
                                                      ^

2025-04-14 01:33:05,106 - ERROR - Error processing entry at index 58 (word: 'abála'):
2025-04-14 01:33:05,106 - ERROR - Error details: current transaction is aborted, commands ignored until end of transaction block

2025-04-14 01:33:05,107 - INFO - Resetting transaction state before entry 59
2025-04-14 01:33:05,109 - WARNING - Error processing capitalized variant for 'abalábal': column "word" does not exist
LINE 3:                                         WHERE word = 'Abaláb...
                                                      ^

2025-04-14 01:33:05,110 - ERROR - Error processing entry at index 59 (word: 'abalábal'):
2025-04-14 01:33:05,110 - ERROR - Error details: current transaction is aborted, commands ignored until end of transaction block

2025-04-14 01:33:05,113 - INFO - Resetting transaction state before entry 60
2025-04-14 01:33:05,115 - WARNING - Error processing capitalized variant for 'ábal-ábal': column "word" does not exist
LINE 3:                                         WHERE word = 'Ábal-á...
                                                      ^

2025-04-14 01:33:05,116 - ERROR - Error processing entry at index 60 (word: 'ábal-ábal'):
2025-04-14 01:33:05,116 - ERROR - Error details: current transaction is aborted, commands ignored until end of transaction block

2025-04-14 01:33:05,117 - INFO - Resetting transaction state before entry 61
2025-04-14 01:33:05,120 - WARNING - Error processing capitalized variant for 'abálayán': column "word" does not exist
LINE 3:                                         WHERE word = 'Abálay...
                                                      ^

2025-04-14 01:33:05,121 - ERROR - Error processing entry at index 61 (word: 'abálayán'):
2025-04-14 01:33:05,121 - ERROR - Error details: current transaction is aborted, commands ignored until end of transaction block

2025-04-14 01:33:05,122 - INFO - Resetting transaction state before entry 62
2025-04-14 01:33:05,125 - WARNING - Error processing capitalized variant for 'abálo': column "word" does not exist
LINE 3:                                         WHERE word = 'Abálo'
                                                      ^

2025-04-14 01:33:05,126 - ERROR - Error processing entry at index 62 (word: 'abálo'):
2025-04-14 01:33:05,127 - ERROR - Error details: current transaction is aborted, commands ignored until end of transaction block

2025-04-14 01:33:05,127 - INFO - Resetting transaction state before entry 63
2025-04-14 01:33:05,131 - WARNING - Error processing capitalized variant for 'abáloán': column "word" does not exist
LINE 3:                                         WHERE word = 'Abáloá...
                                                      ^

2025-04-14 01:33:05,131 - ERROR - Error processing entry at index 63 (word: 'abáloán'):
2025-04-14 01:33:05,132 - ERROR - Error details: current transaction is aborted, commands ignored until end of transaction block

2025-04-14 01:33:05,132 - INFO - Resetting transaction state before entry 64
2025-04-14 01:33:05,135 - WARNING - Error processing capitalized variant for 'abalone': column "word" does not exist
LINE 3:                                         WHERE word = 'Abalon...
                                                      ^

2025-04-14 01:33:05,136 - ERROR - Error processing entry at index 64 (word: 'abalone'):
2025-04-14 01:33:05,136 - ERROR - Error details: current transaction is aborted, commands ignored until end of transaction block

2025-04-14 01:33:05,137 - INFO - Resetting transaction state before entry 65
2025-04-14 01:33:05,139 - WARNING - Error processing capitalized variant for 'abalone mushroom': column "word" does not exist
LINE 3:                                         WHERE word = 'Abalon...
                                                      ^

2025-04-14 01:33:05,141 - ERROR - Error processing entry at index 65 (word: 'abalone mushroom'):
2025-04-14 01:33:05,151 - ERROR - Error details: current transaction is aborted, commands ignored until end of transaction block

2025-04-14 01:33:05,160 - INFO - Resetting transaction state before entry 66
2025-04-14 01:33:05,164 - WARNING - Error processing capitalized variant for 'abalóryo': column "word" does not exist
LINE 3:                                         WHERE word = 'Abalór...
                                                      ^

2025-04-14 01:33:05,166 - ERROR - Error processing entry at index 66 (word: 'abalóryo'):
2025-04-14 01:33:05,171 - ERROR - Error details: current transaction is aborted, commands ignored until end of transaction block

2025-04-14 01:33:05,172 - INFO - Resetting transaction state before entry 67
2025-04-14 01:33:05,188 - INFO - Resetting transaction state before entry 68
2025-04-14 01:33:05,201 - WARNING - Error processing capitalized variant for 'ábamp': column "word" does not exist
LINE 3:                                         WHERE word = 'Ábamp'
                                                      ^

2025-04-14 01:33:05,204 - ERROR - Error processing entry at index 68 (word: 'ábamp'):
2025-04-14 01:33:05,206 - ERROR - Error details: current transaction is aborted, commands ignored until end of transaction block

2025-04-14 01:33:05,220 - INFO - Resetting transaction state before entry 69
2025-04-14 01:33:05,241 - WARNING - Error processing capitalized variant for 'abampere': column "word" does not exist
LINE 3:                                         WHERE word = 'Abampe...
                                                      ^

2025-04-14 01:33:05,242 - ERROR - Error processing entry at index 69 (word: 'abampere'):
2025-04-14 01:33:05,279 - ERROR - Error details: current transaction is aborted, commands ignored until end of transaction block

2025-04-14 01:33:05,326 - INFO - Resetting transaction state before entry 70
2025-04-14 01:33:05,355 - WARNING - Error processing capitalized variant for 'ában': column "word" does not exist
LINE 3:                                         WHERE word = 'Ában'
                                                      ^

2025-04-14 01:33:05,374 - ERROR - Error processing entry at index 70 (word: 'ában'):
2025-04-14 01:33:05,411 - ERROR - Error details: current transaction is aborted, commands ignored until end of transaction block

2025-04-14 01:33:05,464 - INFO - Resetting transaction state before entry 71
2025-04-14 01:33:05,492 - WARNING - Error processing capitalized variant for 'abanderádo': column "word" does not exist
LINE 3:                                         WHERE word = 'Abande...
                                                      ^

2025-04-14 01:33:05,508 - ERROR - Error processing entry at index 71 (word: 'abanderádo'):
2025-04-14 01:33:05,528 - ERROR - Error details: current transaction is aborted, commands ignored until end of transaction block

2025-04-14 01:33:05,541 - INFO - Resetting transaction state before entry 72
2025-04-14 01:33:05,698 - INFO - Database connection closed.
