2025-03-31 09:19:01,379 - INFO - Starting lookup for word: 'comida'
2025-03-31 09:19:01,432 - INFO - pg_trgm extension installed: True
2025-03-31 09:19:01,432 - INFO - Executing exact match query for 'comida'
2025-03-31 09:19:01,444 - INFO - Found 0 exact matches
2025-03-31 09:19:01,445 - INFO - No exact matches, trying fuzzy search for 'comida'
2025-03-31 09:19:01,450 - INFO - Found 0 fuzzy matches
2025-03-31 09:19:01,451 - INFO - No fuzzy matches, falling back to ILIKE search
2025-03-31 09:19:01,451 - INFO - Trying ILIKE search for 'comida'
2025-03-31 09:19:01,455 - INFO - ILIKE search found 0 matches
2025-03-31 09:19:01,456 - INFO - Diagnostic: checking if word exists in any form
2025-03-31 09:19:01,457 - INFO - Diagnostic result: Word 'comida' exists (partial match): False
2025-03-31 09:19:01,457 - INFO - Diagnostic: verifying database schema
2025-03-31 09:19:01,474 - INFO - Diagnostic: words table has 18 columns
2025-03-31 09:19:01,475 - INFO -   Column: id, Type: integer
2025-03-31 09:19:01,475 - INFO -   Column: lemma, Type: character varying
2025-03-31 09:19:01,476 - INFO -   Column: normalized_lemma, Type: character varying
2025-03-31 09:19:01,476 - INFO -   Column: has_baybayin, Type: boolean
2025-03-31 09:19:01,476 - INFO -   Column: baybayin_form, Type: character varying
2025-03-31 09:19:01,477 - INFO -   Column: romanized_form, Type: character varying
2025-03-31 09:19:01,477 - INFO -   Column: language_code, Type: character varying
2025-03-31 09:19:01,477 - INFO -   Column: root_word_id, Type: integer
2025-03-31 09:19:01,478 - INFO -   Column: preferred_spelling, Type: character varying
2025-03-31 09:19:01,478 - INFO -   Column: tags, Type: text
2025-03-31 09:19:01,478 - INFO -   Column: idioms, Type: jsonb
2025-03-31 09:19:01,479 - INFO -   Column: pronunciation_data, Type: jsonb
2025-03-31 09:19:01,479 - INFO -   Column: source_info, Type: text
2025-03-31 09:19:01,479 - INFO -   Column: word_metadata, Type: jsonb
2025-03-31 09:19:01,480 - INFO -   Column: data_hash, Type: text
2025-03-31 09:19:01,480 - INFO -   Column: created_at, Type: timestamp with time zone
2025-03-31 09:19:01,481 - INFO -   Column: updated_at, Type: timestamp with time zone
2025-03-31 09:19:01,481 - INFO -   Column: search_text, Type: tsvector
2025-03-31 09:19:01,485 - INFO - Database connection closed
