2025-03-30 19:29:02,051 - INFO - Starting lookup for word: 'char'
2025-03-30 19:29:02,135 - INFO - pg_trgm extension installed: True
2025-03-30 19:29:02,135 - INFO - Executing exact match query for 'char'
2025-03-30 19:29:02,325 - INFO - Found 1 exact matches
2025-03-30 19:29:02,325 - INFO - Processing result 1/1
2025-03-30 19:29:02,326 - INFO - Word ID: 218457
2025-03-30 19:29:02,326 - INFO - Lemma: char
2025-03-30 19:29:02,326 - INFO - Language code: ceb
2025-03-30 19:29:02,331 - INFO - Querying pronunciations for word_id 218457
2025-03-30 19:29:02,332 - INFO - Found 0 pronunciations
2025-03-30 19:29:02,333 - INFO - Querying etymologies for word_id 218457
2025-03-30 19:29:02,337 - INFO - Found 0 etymologies
2025-03-30 19:29:02,337 - INFO - Querying definitions for word_id 218457
2025-03-30 19:29:02,342 - INFO - Found 2 definitions
2025-03-30 19:29:02,343 - INFO - Processing definition 1/2
2025-03-30 19:29:02,346 - INFO - Processing definition 2/2
2025-03-30 19:29:02,347 - INFO - Querying relations for word_id 218457
2025-03-30 19:29:02,353 - INFO - Found 0 relations
2025-03-30 19:29:02,354 - INFO - No relations found for word ID 218457
2025-03-30 19:29:02,355 - INFO - Database connection closed
