2025-01-18 17:10:25,753 - INFO - Starting fresh data migration
2025-01-18 17:10:25,754 - INFO - Attempting database connection...
2025-01-18 17:10:25,754 - INFO - Database configuration:
2025-01-18 17:10:25,754 - INFO -   Database Name: fil_dict_db
2025-01-18 17:10:25,754 - INFO -   User: postgres
2025-01-18 17:10:25,754 - INFO -   Host: localhost
2025-01-18 17:10:25,755 - INFO -   Password: ********
2025-01-18 17:10:25,793 - INFO - Successfully established database connection
2025-01-18 17:10:25,833 - INFO - Starting table creation/update process.
2025-01-18 17:10:25,932 - INFO - Tables created or updated successfully.
2025-01-18 17:10:25,932 - INFO - Processing Tagalog words
2025-01-18 17:10:25,933 - INFO - Starting to process Tagalog words file: data/tagalog-words.json
2025-01-18 17:10:25,933 - INFO - Using source identifier: tagalog-words.json
2025-01-18 17:10:26,065 - INFO - Successfully loaded JSON data with 65328 entries
2025-01-18 17:11:53,532 - INFO - Completed processing Tagalog words file: data/tagalog-words.json
2025-01-18 17:11:53,545 - INFO - Processing Root words
2025-01-18 17:11:53,545 - INFO - Starting to process Root Words file: data/root_words_with_associated_words_cleaned.json
2025-01-18 17:11:53,546 - INFO - Using source identifier: root_words_with_associated_words_cleaned.json
2025-01-18 17:11:53,557 - INFO - Successfully loaded JSON data with 2238 entries
2025-01-18 17:12:13,885 - INFO - Completed processing Root Words file: data/root_words_with_associated_words_cleaned.json
2025-01-18 17:12:13,890 - INFO - Processing KWF Dictionary
2025-01-18 17:12:13,890 - INFO - Starting to process KWF Dictionary: data/kwf_dictionary.json
2025-01-18 17:12:13,890 - INFO - Using source identifier: kwf_dictionary.json
2025-01-18 17:12:14,225 - INFO - Successfully loaded KWF data with 30734 entries
2025-01-18 17:12:17,022 - ERROR - Error processing KWF entry 'a•hén•si•yá': Input text cannot be None or empty
2025-01-18 17:12:18,653 - ERROR - Error processing KWF entry 'a•sén•so': Input text cannot be None or empty
2025-01-18 17:12:19,038 - ERROR - Error processing KWF entry 'bak•bák': Input text cannot be None or empty
2025-01-18 17:12:20,581 - ERROR - Error processing KWF entry 'ba•tì': Input text cannot be None or empty
2025-01-18 17:12:20,875 - ERROR - Error processing KWF entry 'be•rán•da': Input text cannot be None or empty
2025-01-18 17:12:26,152 - ERROR - Error processing KWF entry 'dá•los': Input text cannot be None or empty
2025-01-18 17:12:31,533 - ERROR - Error processing KWF entry 'hi•ngá•han': Input text cannot be None or empty
2025-01-18 17:12:35,952 - ERROR - Error processing KWF entry 'ka•im•po•sí•bli•hán': Input text cannot be None or empty
2025-01-18 17:12:42,061 - ERROR - Error processing KWF entry 'lig•líg': Input text cannot be None or empty
2025-01-18 17:12:44,502 - ERROR - Error processing KWF entry 'lí•gaw': Input text cannot be None or empty
2025-01-18 17:12:44,537 - ERROR - Error processing KWF entry 'lí•kaw': Input text cannot be None or empty
2025-01-18 17:12:58,497 - ERROR - Error processing KWF entry 'pa•drí•no': Input text cannot be None or empty
