2025-04-18 16:20:29,392 - INFO - Starting lookup for word: 'es'
2025-04-18 16:20:29,608 - INFO - pg_trgm extension installed: True
2025-04-18 16:20:29,609 - INFO - Executing exact match query for 'es'
2025-04-18 16:20:30,058 - INFO - Found 4 exact matches
2025-04-18 16:20:30,059 - INFO - Processing result 1/4
2025-04-18 16:20:30,060 - INFO - Word ID: 2650
2025-04-18 16:20:30,061 - INFO - Lemma: KSP
2025-04-18 16:20:30,061 - INFO - Language code: tl
2025-04-18 16:20:30,078 - INFO - Querying pronunciations for word_id 2650
2025-04-18 16:20:30,081 - INFO - Found 6 pronunciations
2025-04-18 16:20:30,086 - WARNING - Error parsing pronunciation sources: Expecting value: line 1 column 1 (char 0)
2025-04-18 16:20:30,089 - WARNING - Error parsing pronunciation sources: Expecting value: line 1 column 1 (char 0)
2025-04-18 16:20:30,091 - WARNING - Error parsing pronunciation sources: Expecting value: line 1 column 1 (char 0)
2025-04-18 16:20:30,094 - WARNING - Error parsing pronunciation sources: Expecting value: line 1 column 1 (char 0)
2025-04-18 16:20:30,099 - WARNING - Error parsing pronunciation sources: Expecting value: line 1 column 1 (char 0)
2025-04-18 16:20:30,101 - WARNING - Error parsing pronunciation sources: Expecting value: line 1 column 1 (char 0)
2025-04-18 16:20:30,102 - INFO - Querying etymologies for word_id 2650
2025-04-18 16:20:30,110 - INFO - Found 2 etymologies
2025-04-18 16:20:30,117 - INFO - Querying definitions for word_id 2650
2025-04-18 16:20:30,134 - INFO - Found 9 definitions
2025-04-18 16:20:30,137 - INFO - Processing definition 1/9
2025-04-18 16:20:30,141 - INFO - Processing definition 2/9
2025-04-18 16:20:30,145 - INFO - Processing definition 3/9
2025-04-18 16:20:30,151 - INFO - Processing definition 4/9
2025-04-18 16:20:30,157 - INFO - Processing definition 5/9
2025-04-18 16:20:30,159 - INFO - Processing definition 6/9
2025-04-18 16:20:30,161 - INFO - Processing definition 7/9
2025-04-18 16:20:30,164 - INFO - Processing definition 8/9
2025-04-18 16:20:30,166 - INFO - Processing definition 9/9
2025-04-18 16:20:30,168 - INFO - Querying relations for word_id 2650
2025-04-18 16:20:30,186 - INFO - Found 8 relations
2025-04-18 16:20:30,208 - INFO - Processing result 2/4
2025-04-18 16:20:30,209 - INFO - Word ID: 18754
2025-04-18 16:20:30,209 - INFO - Lemma: Ss
2025-04-18 16:20:30,210 - INFO - Language code: tl
2025-04-18 16:20:30,221 - INFO - Querying pronunciations for word_id 18754
2025-04-18 16:20:30,223 - INFO - Found 1 pronunciations
2025-04-18 16:20:30,227 - WARNING - Error parsing pronunciation sources: Expecting value: line 1 column 1 (char 0)
2025-04-18 16:20:30,228 - INFO - Querying etymologies for word_id 18754
2025-04-18 16:20:30,229 - INFO - Found 0 etymologies
2025-04-18 16:20:30,230 - INFO - Querying definitions for word_id 18754
2025-04-18 16:20:30,232 - INFO - Found 1 definitions
2025-04-18 16:20:30,234 - INFO - Processing definition 1/1
2025-04-18 16:20:30,238 - INFO - Querying relations for word_id 18754
2025-04-18 16:20:30,241 - INFO - Found 0 relations
2025-04-18 16:20:30,242 - INFO - No relations found for word ID 18754
2025-04-18 16:20:30,245 - INFO - Processing result 3/4
2025-04-18 16:20:30,246 - INFO - Word ID: 129539
2025-04-18 16:20:30,246 - INFO - Lemma: Es
2025-04-18 16:20:30,247 - INFO - Language code: tl
2025-04-18 16:20:30,256 - INFO - Querying pronunciations for word_id 129539
2025-04-18 16:20:30,258 - INFO - Found 3 pronunciations
2025-04-18 16:20:30,263 - WARNING - Error parsing pronunciation sources: Expecting value: line 1 column 1 (char 0)
2025-04-18 16:20:30,267 - WARNING - Error parsing pronunciation sources: Expecting value: line 1 column 1 (char 0)
2025-04-18 16:20:30,269 - WARNING - Error parsing pronunciation sources: Expecting value: line 1 column 1 (char 0)
2025-04-18 16:20:30,270 - INFO - Querying etymologies for word_id 129539
2025-04-18 16:20:30,272 - INFO - Found 1 etymologies
2025-04-18 16:20:30,276 - INFO - Querying definitions for word_id 129539
2025-04-18 16:20:30,278 - INFO - Found 1 definitions
2025-04-18 16:20:30,281 - INFO - Processing definition 1/1
2025-04-18 16:20:30,284 - INFO - Querying relations for word_id 129539
2025-04-18 16:20:30,329 - INFO - Found 336 relations
2025-04-18 16:20:30,773 - INFO - Processing result 4/4
2025-04-18 16:20:30,773 - INFO - Word ID: 262705
2025-04-18 16:20:30,774 - INFO - Lemma: es
2025-04-18 16:20:30,775 - INFO - Language code: ceb
2025-04-18 16:20:30,784 - INFO - Querying pronunciations for word_id 262705
2025-04-18 16:20:30,787 - INFO - Found 0 pronunciations
2025-04-18 16:20:30,787 - INFO - Querying etymologies for word_id 262705
2025-04-18 16:20:30,789 - INFO - Found 0 etymologies
2025-04-18 16:20:30,790 - INFO - Querying definitions for word_id 262705
2025-04-18 16:20:30,792 - INFO - Found 0 definitions
2025-04-18 16:20:30,792 - INFO - Querying relations for word_id 262705
2025-04-18 16:20:30,825 - INFO - Found 478 relations
2025-04-18 16:20:31,645 - INFO - Database connection closed
