2025-03-29 10:22:22,435 - INFO - Starting table creation/update process.
2025-03-29 10:22:22,621 - INFO - Tables created or updated successfully.
2025-03-29 10:22:22,625 - INFO - Processing Tagalog words from: ..\data\tagalog-words.json
2025-03-29 10:22:23,311 - INFO - Found 65336 entries to process
2025-03-29 10:22:23,599 - ERROR - Database error in insert_relation: column "bidirectional" of relation "relations" does not exist
LINE 6:                     bidirectional,
                            ^

2025-03-29 10:22:23,620 - ERROR - Database error in insert_relation: column "bidirectional" of relation "relations" does not exist
LINE 6:                     bidirectional,
                            ^

2025-03-29 10:22:23,626 - ERROR - Database error in insert_relation: column "bidirectional" of relation "relations" does not exist
LINE 6:                     bidirectional,
                            ^

2025-03-29 10:22:23,629 - ERROR - Database error in insert_relation: column "bidirectional" of relation "relations" does not exist
LINE 6:                     bidirectional,
                            ^

2025-03-29 10:22:23,633 - ERROR - Database error in insert_relation: column "bidirectional" of relation "relations" does not exist
LINE 6:                     bidirectional,
                            ^

2025-03-29 10:22:23,635 - ERROR - Database error in insert_relation: column "bidirectional" of relation "relations" does not exist
LINE 6:                     bidirectional,
                            ^

2025-03-29 10:22:23,637 - ERROR - Database error in insert_relation: column "bidirectional" of relation "relations" does not exist
LINE 6:                     bidirectional,
                            ^

2025-03-29 10:22:23,639 - ERROR - Database error in insert_relation: column "bidirectional" of relation "relations" does not exist
LINE 6:                     bidirectional,
                            ^

2025-03-29 10:22:23,643 - ERROR - Database error in insert_relation: column "bidirectional" of relation "relations" does not exist
LINE 6:                     bidirectional,
                            ^

2025-03-29 10:22:23,646 - ERROR - Database error in insert_relation: column "bidirectional" of relation "relations" does not exist
LINE 6:                     bidirectional,
                            ^

2025-03-29 10:22:23,649 - ERROR - Database error in insert_relation: column "bidirectional" of relation "relations" does not exist
LINE 6:                     bidirectional,
                            ^

2025-03-29 10:22:23,653 - ERROR - Database error in insert_relation: column "bidirectional" of relation "relations" does not exist
LINE 6:                     bidirectional,
                            ^

2025-03-29 10:22:23,655 - ERROR - Database error in insert_relation: column "bidirectional" of relation "relations" does not exist
LINE 6:                     bidirectional,
                            ^

2025-03-29 10:22:23,676 - ERROR - Database error in insert_relation: column "bidirectional" of relation "relations" does not exist
LINE 6:                     bidirectional,
                            ^

2025-03-29 10:22:23,678 - ERROR - Database error in insert_relation: column "bidirectional" of relation "relations" does not exist
LINE 6:                     bidirectional,
                            ^

2025-03-29 10:22:23,680 - ERROR - Database error in insert_relation: column "bidirectional" of relation "relations" does not exist
LINE 6:                     bidirectional,
                            ^

2025-03-29 10:22:23,689 - ERROR - Database error in insert_relation: column "bidirectional" of relation "relations" does not exist
LINE 6:                     bidirectional,
                            ^

2025-03-29 10:22:23,696 - ERROR - Database error in insert_relation: column "bidirectional" of relation "relations" does not exist
LINE 6:                     bidirectional,
                            ^

2025-03-29 10:22:23,696 - ERROR - Database error in insert_relation: column "bidirectional" of relation "relations" does not exist
LINE 6:                     bidirectional,
                            ^

2025-03-29 10:22:23,705 - ERROR - Database error in insert_relation: column "bidirectional" of relation "relations" does not exist
LINE 6:                     bidirectional,
                            ^

2025-03-29 10:22:23,706 - ERROR - Database error in insert_relation: column "bidirectional" of relation "relations" does not exist
LINE 6:                     bidirectional,
                            ^

2025-03-29 10:22:23,736 - ERROR - Database error in insert_relation: column "bidirectional" of relation "relations" does not exist
LINE 6:                     bidirectional,
                            ^

2025-03-29 10:22:23,737 - ERROR - Database error in insert_relation: column "bidirectional" of relation "relations" does not exist
LINE 6:                     bidirectional,
                            ^

2025-03-29 10:22:23,740 - ERROR - Database error in insert_relation: column "bidirectional" of relation "relations" does not exist
LINE 6:                     bidirectional,
                            ^

2025-03-29 10:22:23,741 - ERROR - Database error in insert_relation: column "bidirectional" of relation "relations" does not exist
LINE 6:                     bidirectional,
                            ^

2025-03-29 10:22:23,744 - ERROR - Database error in insert_relation: column "bidirectional" of relation "relations" does not exist
LINE 6:                     bidirectional,
                            ^

2025-03-29 10:22:23,745 - ERROR - Database error in insert_relation: column "bidirectional" of relation "relations" does not exist
LINE 6:                     bidirectional,
                            ^

2025-03-29 10:22:23,754 - ERROR - Database error in insert_relation: column "bidirectional" of relation "relations" does not exist
LINE 6:                     bidirectional,
                            ^

2025-03-29 10:22:23,754 - ERROR - Database error in insert_relation: column "bidirectional" of relation "relations" does not exist
LINE 6:                     bidirectional,
                            ^

2025-03-29 10:22:23,766 - ERROR - Database error in insert_relation: column "bidirectional" of relation "relations" does not exist
LINE 6:                     bidirectional,
                            ^

2025-03-29 10:22:23,767 - ERROR - Database error in insert_relation: column "bidirectional" of relation "relations" does not exist
LINE 6:                     bidirectional,
                            ^

2025-03-29 10:22:23,769 - ERROR - Database error in insert_relation: column "bidirectional" of relation "relations" does not exist
LINE 6:                     bidirectional,
                            ^

2025-03-29 10:22:23,770 - ERROR - Database error in insert_relation: column "bidirectional" of relation "relations" does not exist
LINE 6:                     bidirectional,
                            ^

2025-03-29 10:22:23,772 - ERROR - Database error in insert_relation: column "bidirectional" of relation "relations" does not exist
LINE 6:                     bidirectional,
                            ^

2025-03-29 10:22:23,775 - ERROR - Database error in insert_relation: column "bidirectional" of relation "relations" does not exist
LINE 6:                     bidirectional,
                            ^

2025-03-29 10:22:23,781 - ERROR - Database error in insert_relation: column "bidirectional" of relation "relations" does not exist
LINE 6:                     bidirectional,
                            ^

2025-03-29 10:22:23,783 - ERROR - Database error in insert_relation: column "bidirectional" of relation "relations" does not exist
LINE 6:                     bidirectional,
                            ^

2025-03-29 10:22:23,785 - ERROR - Database error in insert_relation: column "bidirectional" of relation "relations" does not exist
LINE 6:                     bidirectional,
                            ^

2025-03-29 10:22:23,786 - ERROR - Database error in insert_relation: column "bidirectional" of relation "relations" does not exist
LINE 6:                     bidirectional,
                            ^

2025-03-29 10:22:23,788 - ERROR - Database error in insert_relation: column "bidirectional" of relation "relations" does not exist
LINE 6:                     bidirectional,
                            ^

2025-03-29 10:22:23,788 - ERROR - Database error in insert_relation: column "bidirectional" of relation "relations" does not exist
LINE 6:                     bidirectional,
                            ^

2025-03-29 10:22:23,817 - ERROR - Database error in insert_relation: column "bidirectional" of relation "relations" does not exist
LINE 6:                     bidirectional,
                            ^

2025-03-29 10:22:23,817 - ERROR - Database error in insert_relation: column "bidirectional" of relation "relations" does not exist
LINE 6:                     bidirectional,
                            ^

2025-03-29 10:22:23,819 - ERROR - Database error in insert_relation: column "bidirectional" of relation "relations" does not exist
LINE 6:                     bidirectional,
                            ^

2025-03-29 10:22:23,820 - ERROR - Database error in insert_relation: column "bidirectional" of relation "relations" does not exist
LINE 6:                     bidirectional,
                            ^

2025-03-29 10:22:23,822 - ERROR - Database error in insert_relation: column "bidirectional" of relation "relations" does not exist
LINE 6:                     bidirectional,
                            ^

2025-03-29 10:22:23,824 - ERROR - Database error in insert_relation: column "bidirectional" of relation "relations" does not exist
LINE 6:                     bidirectional,
                            ^

2025-03-29 10:22:23,826 - ERROR - Database error in insert_relation: column "bidirectional" of relation "relations" does not exist
LINE 6:                     bidirectional,
                            ^

2025-03-29 10:22:23,827 - ERROR - Database error in insert_relation: column "bidirectional" of relation "relations" does not exist
LINE 6:                     bidirectional,
                            ^

2025-03-29 10:22:23,828 - ERROR - Database error in insert_relation: column "bidirectional" of relation "relations" does not exist
LINE 6:                     bidirectional,
                            ^

2025-03-29 10:22:23,829 - ERROR - Database error in insert_relation: column "bidirectional" of relation "relations" does not exist
LINE 6:                     bidirectional,
                            ^

2025-03-29 10:22:23,831 - ERROR - Database error in insert_relation: column "bidirectional" of relation "relations" does not exist
LINE 6:                     bidirectional,
                            ^

2025-03-29 10:22:23,832 - ERROR - Database error in insert_relation: column "bidirectional" of relation "relations" does not exist
LINE 6:                     bidirectional,
                            ^

2025-03-29 10:22:23,834 - ERROR - Database error in insert_relation: column "bidirectional" of relation "relations" does not exist
LINE 6:                     bidirectional,
                            ^

2025-03-29 10:22:23,835 - ERROR - Database error in insert_relation: column "bidirectional" of relation "relations" does not exist
LINE 6:                     bidirectional,
                            ^

2025-03-29 10:22:23,836 - ERROR - Database error in insert_relation: column "bidirectional" of relation "relations" does not exist
LINE 6:                     bidirectional,
                            ^

2025-03-29 10:22:23,837 - ERROR - Database error in insert_relation: column "bidirectional" of relation "relations" does not exist
LINE 6:                     bidirectional,
                            ^

2025-03-29 10:22:23,838 - ERROR - Database error in insert_relation: column "bidirectional" of relation "relations" does not exist
LINE 6:                     bidirectional,
                            ^

2025-03-29 10:22:23,846 - ERROR - Database error in insert_relation: column "bidirectional" of relation "relations" does not exist
LINE 6:                     bidirectional,
                            ^

2025-03-29 10:22:23,849 - ERROR - Database error in insert_relation: column "bidirectional" of relation "relations" does not exist
LINE 6:                     bidirectional,
                            ^

2025-03-29 10:22:23,852 - ERROR - Database error in insert_relation: column "bidirectional" of relation "relations" does not exist
LINE 6:                     bidirectional,
                            ^

2025-03-29 10:22:23,853 - ERROR - Database error in insert_relation: column "bidirectional" of relation "relations" does not exist
LINE 6:                     bidirectional,
                            ^

2025-03-29 10:22:23,855 - ERROR - Database error in insert_relation: column "bidirectional" of relation "relations" does not exist
LINE 6:                     bidirectional,
                            ^

2025-03-29 10:22:23,859 - ERROR - Database error in insert_relation: column "bidirectional" of relation "relations" does not exist
LINE 6:                     bidirectional,
                            ^

2025-03-29 10:22:23,860 - ERROR - Database error in insert_relation: column "bidirectional" of relation "relations" does not exist
LINE 6:                     bidirectional,
                            ^

2025-03-29 10:22:23,864 - ERROR - Database error in insert_relation: column "bidirectional" of relation "relations" does not exist
LINE 6:                     bidirectional,
                            ^

2025-03-29 10:22:23,871 - ERROR - Database error in insert_relation: column "bidirectional" of relation "relations" does not exist
LINE 6:                     bidirectional,
                            ^

2025-03-29 10:22:23,872 - ERROR - Database error in insert_relation: column "bidirectional" of relation "relations" does not exist
LINE 6:                     bidirectional,
                            ^

2025-03-29 10:22:23,880 - ERROR - Database error in insert_relation: column "bidirectional" of relation "relations" does not exist
LINE 6:                     bidirectional,
                            ^

2025-03-29 10:22:23,881 - ERROR - Database error in insert_relation: column "bidirectional" of relation "relations" does not exist
LINE 6:                     bidirectional,
                            ^

2025-03-29 10:22:23,884 - ERROR - Database error in insert_relation: column "bidirectional" of relation "relations" does not exist
LINE 6:                     bidirectional,
                            ^

2025-03-29 10:22:23,884 - ERROR - Database error in insert_relation: column "bidirectional" of relation "relations" does not exist
LINE 6:                     bidirectional,
                            ^

2025-03-29 10:22:23,886 - ERROR - Database error in insert_relation: column "bidirectional" of relation "relations" does not exist
LINE 6:                     bidirectional,
                            ^

2025-03-29 10:22:23,887 - ERROR - Database error in insert_relation: column "bidirectional" of relation "relations" does not exist
LINE 6:                     bidirectional,
                            ^

2025-03-29 10:22:23,889 - ERROR - Database error in insert_relation: column "bidirectional" of relation "relations" does not exist
LINE 6:                     bidirectional,
                            ^

2025-03-29 10:22:23,890 - ERROR - Database error in insert_relation: column "bidirectional" of relation "relations" does not exist
LINE 6:                     bidirectional,
                            ^

2025-03-29 10:22:23,892 - ERROR - Database error in insert_relation: column "bidirectional" of relation "relations" does not exist
LINE 6:                     bidirectional,
                            ^

2025-03-29 10:22:23,893 - ERROR - Database error in insert_relation: column "bidirectional" of relation "relations" does not exist
LINE 6:                     bidirectional,
                            ^

2025-03-29 10:22:23,895 - ERROR - Database error in insert_relation: column "bidirectional" of relation "relations" does not exist
LINE 6:                     bidirectional,
                            ^

2025-03-29 10:22:23,896 - ERROR - Database error in insert_relation: column "bidirectional" of relation "relations" does not exist
LINE 6:                     bidirectional,
                            ^

2025-03-29 10:22:23,898 - ERROR - Database error in insert_relation: column "bidirectional" of relation "relations" does not exist
LINE 6:                     bidirectional,
                            ^

2025-03-29 10:22:23,899 - ERROR - Database error in insert_relation: column "bidirectional" of relation "relations" does not exist
LINE 6:                     bidirectional,
                            ^

2025-03-29 10:22:23,901 - ERROR - Database error in insert_relation: column "bidirectional" of relation "relations" does not exist
LINE 6:                     bidirectional,
                            ^

2025-03-29 10:22:23,902 - ERROR - Database error in insert_relation: column "bidirectional" of relation "relations" does not exist
LINE 6:                     bidirectional,
                            ^

2025-03-29 10:22:23,903 - ERROR - Database error in insert_relation: column "bidirectional" of relation "relations" does not exist
LINE 6:                     bidirectional,
                            ^

2025-03-29 10:22:23,904 - ERROR - Database error in insert_relation: column "bidirectional" of relation "relations" does not exist
LINE 6:                     bidirectional,
                            ^

2025-03-29 10:22:23,908 - ERROR - Database error in insert_relation: column "bidirectional" of relation "relations" does not exist
LINE 6:                     bidirectional,
                            ^

2025-03-29 10:22:23,909 - ERROR - Database error in insert_relation: column "bidirectional" of relation "relations" does not exist
LINE 6:                     bidirectional,
                            ^

2025-03-29 10:22:23,911 - ERROR - Database error in insert_relation: column "bidirectional" of relation "relations" does not exist
LINE 6:                     bidirectional,
                            ^

2025-03-29 10:22:23,911 - ERROR - Database error in insert_relation: column "bidirectional" of relation "relations" does not exist
LINE 6:                     bidirectional,
                            ^

2025-03-29 10:22:23,914 - ERROR - Database error in insert_relation: column "bidirectional" of relation "relations" does not exist
LINE 6:                     bidirectional,
                            ^

2025-03-29 10:22:23,916 - ERROR - Database error in insert_relation: column "bidirectional" of relation "relations" does not exist
LINE 6:                     bidirectional,
                            ^

2025-03-29 10:22:23,918 - ERROR - Database error in insert_relation: column "bidirectional" of relation "relations" does not exist
LINE 6:                     bidirectional,
                            ^

2025-03-29 10:22:23,919 - ERROR - Database error in insert_relation: column "bidirectional" of relation "relations" does not exist
LINE 6:                     bidirectional,
                            ^

2025-03-29 10:22:23,921 - ERROR - Database error in insert_relation: column "bidirectional" of relation "relations" does not exist
LINE 6:                     bidirectional,
                            ^

2025-03-29 10:22:23,921 - ERROR - Database error in insert_relation: column "bidirectional" of relation "relations" does not exist
LINE 6:                     bidirectional,
                            ^

2025-03-29 10:22:23,924 - ERROR - Database error in insert_relation: column "bidirectional" of relation "relations" does not exist
LINE 6:                     bidirectional,
                            ^

2025-03-29 10:22:23,925 - ERROR - Database error in insert_relation: column "bidirectional" of relation "relations" does not exist
LINE 6:                     bidirectional,
                            ^

2025-03-29 10:22:23,927 - ERROR - Database error in insert_relation: column "bidirectional" of relation "relations" does not exist
LINE 6:                     bidirectional,
                            ^

2025-03-29 10:22:23,929 - ERROR - Database error in insert_relation: column "bidirectional" of relation "relations" does not exist
LINE 6:                     bidirectional,
                            ^

2025-03-29 10:22:23,932 - ERROR - Database error in insert_relation: column "bidirectional" of relation "relations" does not exist
LINE 6:                     bidirectional,
                            ^

2025-03-29 10:22:23,935 - ERROR - Database error in insert_relation: column "bidirectional" of relation "relations" does not exist
LINE 6:                     bidirectional,
                            ^

2025-03-29 10:22:23,938 - ERROR - Database error in insert_relation: column "bidirectional" of relation "relations" does not exist
LINE 6:                     bidirectional,
                            ^

2025-03-29 10:22:23,941 - ERROR - Database error in insert_relation: column "bidirectional" of relation "relations" does not exist
LINE 6:                     bidirectional,
                            ^

2025-03-29 10:22:23,942 - ERROR - Database error in insert_relation: column "bidirectional" of relation "relations" does not exist
LINE 6:                     bidirectional,
                            ^

2025-03-29 10:22:23,944 - ERROR - Database error in insert_relation: column "bidirectional" of relation "relations" does not exist
LINE 6:                     bidirectional,
                            ^

2025-03-29 10:22:23,945 - ERROR - Database error in insert_relation: column "bidirectional" of relation "relations" does not exist
LINE 6:                     bidirectional,
                            ^

2025-03-29 10:22:23,947 - ERROR - Database error in insert_relation: column "bidirectional" of relation "relations" does not exist
LINE 6:                     bidirectional,
                            ^

2025-03-29 10:22:23,958 - ERROR - Database error in insert_relation: column "bidirectional" of relation "relations" does not exist
LINE 6:                     bidirectional,
                            ^

2025-03-29 10:22:23,965 - ERROR - Database error in insert_relation: column "bidirectional" of relation "relations" does not exist
LINE 6:                     bidirectional,
                            ^

2025-03-29 10:22:23,966 - ERROR - Database error in insert_relation: column "bidirectional" of relation "relations" does not exist
LINE 6:                     bidirectional,
                            ^

2025-03-29 10:22:23,973 - ERROR - Database error in insert_relation: column "bidirectional" of relation "relations" does not exist
LINE 6:                     bidirectional,
                            ^

2025-03-29 10:22:23,974 - ERROR - Database error in insert_relation: column "bidirectional" of relation "relations" does not exist
LINE 6:                     bidirectional,
                            ^

2025-03-29 10:22:23,977 - ERROR - Database error in insert_relation: column "bidirectional" of relation "relations" does not exist
LINE 6:                     bidirectional,
                            ^

2025-03-29 10:22:23,977 - ERROR - Database error in insert_relation: column "bidirectional" of relation "relations" does not exist
LINE 6:                     bidirectional,
                            ^

2025-03-29 10:22:23,979 - ERROR - Database error in insert_relation: column "bidirectional" of relation "relations" does not exist
LINE 6:                     bidirectional,
                            ^

2025-03-29 10:22:23,980 - ERROR - Database error in insert_relation: column "bidirectional" of relation "relations" does not exist
LINE 6:                     bidirectional,
                            ^

2025-03-29 10:22:23,983 - ERROR - Database error in insert_relation: column "bidirectional" of relation "relations" does not exist
LINE 6:                     bidirectional,
                            ^

2025-03-29 10:22:23,984 - ERROR - Database error in insert_relation: column "bidirectional" of relation "relations" does not exist
LINE 6:                     bidirectional,
                            ^

2025-03-29 10:22:23,995 - ERROR - Database error in insert_relation: column "bidirectional" of relation "relations" does not exist
LINE 6:                     bidirectional,
                            ^

2025-03-29 10:22:23,996 - ERROR - Database error in insert_relation: column "bidirectional" of relation "relations" does not exist
LINE 6:                     bidirectional,
                            ^

2025-03-29 10:22:24,004 - ERROR - Database error in insert_relation: column "bidirectional" of relation "relations" does not exist
LINE 6:                     bidirectional,
                            ^

2025-03-29 10:22:24,012 - ERROR - Database error in insert_relation: column "bidirectional" of relation "relations" does not exist
LINE 6:                     bidirectional,
                            ^

2025-03-29 10:22:24,014 - ERROR - Database error in insert_relation: column "bidirectional" of relation "relations" does not exist
LINE 6:                     bidirectional,
                            ^

2025-03-29 10:22:24,017 - ERROR - Database error in insert_relation: column "bidirectional" of relation "relations" does not exist
LINE 6:                     bidirectional,
                            ^

2025-03-29 10:22:24,022 - ERROR - Database error in insert_relation: column "bidirectional" of relation "relations" does not exist
LINE 6:                     bidirectional,
                            ^

2025-03-29 10:22:24,025 - ERROR - Database error in insert_relation: column "bidirectional" of relation "relations" does not exist
LINE 6:                     bidirectional,
                            ^

2025-03-29 10:22:24,028 - ERROR - Database error in insert_relation: column "bidirectional" of relation "relations" does not exist
LINE 6:                     bidirectional,
                            ^

2025-03-29 10:22:24,031 - ERROR - Database error in insert_relation: column "bidirectional" of relation "relations" does not exist
LINE 6:                     bidirectional,
                            ^

2025-03-29 10:22:24,034 - ERROR - Database error in insert_relation: column "bidirectional" of relation "relations" does not exist
LINE 6:                     bidirectional,
                            ^

2025-03-29 10:22:24,039 - ERROR - Database error in insert_relation: column "bidirectional" of relation "relations" does not exist
LINE 6:                     bidirectional,
                            ^

2025-03-29 10:22:24,041 - ERROR - Database error in insert_relation: column "bidirectional" of relation "relations" does not exist
LINE 6:                     bidirectional,
                            ^

2025-03-29 10:22:24,058 - ERROR - Database error in insert_relation: column "bidirectional" of relation "relations" does not exist
LINE 6:                     bidirectional,
                            ^

2025-03-29 10:22:24,059 - ERROR - Database error in insert_relation: column "bidirectional" of relation "relations" does not exist
LINE 6:                     bidirectional,
                            ^

2025-03-29 10:22:24,061 - ERROR - Database error in insert_relation: column "bidirectional" of relation "relations" does not exist
LINE 6:                     bidirectional,
                            ^

2025-03-29 10:22:24,063 - ERROR - Database error in insert_relation: column "bidirectional" of relation "relations" does not exist
LINE 6:                     bidirectional,
                            ^

2025-03-29 10:22:24,067 - ERROR - Database error in insert_relation: column "bidirectional" of relation "relations" does not exist
LINE 6:                     bidirectional,
                            ^

2025-03-29 10:22:24,068 - ERROR - Database error in insert_relation: column "bidirectional" of relation "relations" does not exist
LINE 6:                     bidirectional,
                            ^

2025-03-29 10:22:24,079 - ERROR - Database error in insert_relation: column "bidirectional" of relation "relations" does not exist
LINE 6:                     bidirectional,
                            ^

2025-03-29 10:22:24,081 - ERROR - Database error in insert_relation: column "bidirectional" of relation "relations" does not exist
LINE 6:                     bidirectional,
                            ^

2025-03-29 10:22:24,086 - ERROR - Database error in insert_relation: column "bidirectional" of relation "relations" does not exist
LINE 6:                     bidirectional,
                            ^

2025-03-29 10:22:24,087 - ERROR - Database error in insert_relation: column "bidirectional" of relation "relations" does not exist
LINE 6:                     bidirectional,
                            ^

2025-03-29 10:22:24,091 - ERROR - Database error in insert_relation: column "bidirectional" of relation "relations" does not exist
LINE 6:                     bidirectional,
                            ^

2025-03-29 10:22:24,094 - ERROR - Database error in insert_relation: column "bidirectional" of relation "relations" does not exist
LINE 6:                     bidirectional,
                            ^

2025-03-29 10:22:24,096 - ERROR - Database error in insert_relation: column "bidirectional" of relation "relations" does not exist
LINE 6:                     bidirectional,
                            ^

2025-03-29 10:22:24,119 - ERROR - Database error in insert_relation: column "bidirectional" of relation "relations" does not exist
LINE 6:                     bidirectional,
                            ^

2025-03-29 10:22:24,121 - ERROR - Database error in insert_relation: column "bidirectional" of relation "relations" does not exist
LINE 6:                     bidirectional,
                            ^

2025-03-29 10:22:24,123 - ERROR - Database error in insert_relation: column "bidirectional" of relation "relations" does not exist
LINE 6:                     bidirectional,
                            ^

2025-03-29 10:22:24,140 - ERROR - Database error in insert_relation: column "bidirectional" of relation "relations" does not exist
LINE 6:                     bidirectional,
                            ^

2025-03-29 10:22:24,141 - ERROR - Database error in insert_relation: column "bidirectional" of relation "relations" does not exist
LINE 6:                     bidirectional,
                            ^

2025-03-29 10:22:24,162 - ERROR - Database error in insert_relation: column "bidirectional" of relation "relations" does not exist
LINE 6:                     bidirectional,
                            ^

2025-03-29 10:22:24,168 - ERROR - Database error in insert_relation: column "bidirectional" of relation "relations" does not exist
LINE 6:                     bidirectional,
                            ^

2025-03-29 10:22:24,183 - ERROR - Database error in insert_relation: column "bidirectional" of relation "relations" does not exist
LINE 6:                     bidirectional,
                            ^

2025-03-29 10:22:24,184 - ERROR - Database error in insert_relation: column "bidirectional" of relation "relations" does not exist
LINE 6:                     bidirectional,
                            ^

2025-03-29 10:22:24,186 - ERROR - Database error in insert_relation: column "bidirectional" of relation "relations" does not exist
LINE 6:                     bidirectional,
                            ^

2025-03-29 10:22:24,187 - ERROR - Database error in insert_relation: column "bidirectional" of relation "relations" does not exist
LINE 6:                     bidirectional,
                            ^

2025-03-29 10:22:24,189 - ERROR - Database error in insert_relation: column "bidirectional" of relation "relations" does not exist
LINE 6:                     bidirectional,
                            ^

2025-03-29 10:22:24,191 - ERROR - Database error in insert_relation: column "bidirectional" of relation "relations" does not exist
LINE 6:                     bidirectional,
                            ^

2025-03-29 10:22:24,194 - ERROR - Database error in insert_relation: column "bidirectional" of relation "relations" does not exist
LINE 6:                     bidirectional,
                            ^

2025-03-29 10:22:24,195 - ERROR - Database error in insert_relation: column "bidirectional" of relation "relations" does not exist
LINE 6:                     bidirectional,
                            ^

2025-03-29 10:22:24,198 - ERROR - Database error in insert_relation: column "bidirectional" of relation "relations" does not exist
LINE 6:                     bidirectional,
                            ^

2025-03-29 10:22:24,199 - ERROR - Database error in insert_relation: column "bidirectional" of relation "relations" does not exist
LINE 6:                     bidirectional,
                            ^

2025-03-29 10:22:24,201 - ERROR - Database error in insert_relation: column "bidirectional" of relation "relations" does not exist
LINE 6:                     bidirectional,
                            ^

2025-03-29 10:22:24,202 - ERROR - Database error in insert_relation: column "bidirectional" of relation "relations" does not exist
LINE 6:                     bidirectional,
                            ^

2025-03-29 10:22:24,205 - ERROR - Database error in insert_relation: column "bidirectional" of relation "relations" does not exist
LINE 6:                     bidirectional,
                            ^

2025-03-29 10:22:24,206 - ERROR - Database error in insert_relation: column "bidirectional" of relation "relations" does not exist
LINE 6:                     bidirectional,
                            ^

2025-03-29 10:22:24,208 - ERROR - Database error in insert_relation: column "bidirectional" of relation "relations" does not exist
LINE 6:                     bidirectional,
                            ^

2025-03-29 10:22:24,210 - ERROR - Database error in insert_relation: column "bidirectional" of relation "relations" does not exist
LINE 6:                     bidirectional,
                            ^

2025-03-29 10:22:24,216 - ERROR - Database error in insert_relation: column "bidirectional" of relation "relations" does not exist
LINE 6:                     bidirectional,
                            ^

2025-03-29 10:22:24,219 - ERROR - Database error in insert_relation: column "bidirectional" of relation "relations" does not exist
LINE 6:                     bidirectional,
                            ^

2025-03-29 10:22:24,230 - ERROR - Database error in insert_relation: column "bidirectional" of relation "relations" does not exist
LINE 6:                     bidirectional,
                            ^

2025-03-29 10:22:24,232 - ERROR - Database error in insert_relation: column "bidirectional" of relation "relations" does not exist
LINE 6:                     bidirectional,
                            ^

2025-03-29 10:22:24,235 - ERROR - Database error in insert_relation: column "bidirectional" of relation "relations" does not exist
LINE 6:                     bidirectional,
                            ^

2025-03-29 10:22:24,240 - ERROR - Database error in insert_relation: column "bidirectional" of relation "relations" does not exist
LINE 6:                     bidirectional,
                            ^

2025-03-29 10:22:24,243 - ERROR - Database error in insert_relation: column "bidirectional" of relation "relations" does not exist
LINE 6:                     bidirectional,
                            ^

2025-03-29 10:22:24,248 - ERROR - Database error in insert_relation: column "bidirectional" of relation "relations" does not exist
LINE 6:                     bidirectional,
                            ^

2025-03-29 10:22:24,249 - ERROR - Database error in insert_relation: column "bidirectional" of relation "relations" does not exist
LINE 6:                     bidirectional,
                            ^

2025-03-29 10:22:24,262 - ERROR - Database error in insert_relation: column "bidirectional" of relation "relations" does not exist
LINE 6:                     bidirectional,
                            ^

2025-03-29 10:22:24,265 - ERROR - Database error in insert_relation: column "bidirectional" of relation "relations" does not exist
LINE 6:                     bidirectional,
                            ^

2025-03-29 10:22:24,274 - ERROR - Database error in insert_relation: column "bidirectional" of relation "relations" does not exist
LINE 6:                     bidirectional,
                            ^

2025-03-29 10:22:24,276 - ERROR - Database error in insert_relation: column "bidirectional" of relation "relations" does not exist
LINE 6:                     bidirectional,
                            ^

2025-03-29 10:22:24,282 - ERROR - Database error in insert_relation: column "bidirectional" of relation "relations" does not exist
LINE 6:                     bidirectional,
                            ^

2025-03-29 10:22:24,301 - ERROR - Database error in insert_relation: column "bidirectional" of relation "relations" does not exist
LINE 6:                     bidirectional,
                            ^

2025-03-29 10:22:24,309 - ERROR - Database error in insert_relation: column "bidirectional" of relation "relations" does not exist
LINE 6:                     bidirectional,
                            ^

2025-03-29 10:22:24,311 - ERROR - Database error in insert_relation: column "bidirectional" of relation "relations" does not exist
LINE 6:                     bidirectional,
                            ^

2025-03-29 10:22:24,313 - ERROR - Database error in insert_relation: column "bidirectional" of relation "relations" does not exist
LINE 6:                     bidirectional,
                            ^

2025-03-29 10:22:24,328 - ERROR - Database error in insert_relation: column "bidirectional" of relation "relations" does not exist
LINE 6:                     bidirectional,
                            ^

2025-03-29 10:22:24,330 - ERROR - Database error in insert_relation: column "bidirectional" of relation "relations" does not exist
LINE 6:                     bidirectional,
                            ^

2025-03-29 10:22:24,338 - ERROR - Database error in insert_relation: column "bidirectional" of relation "relations" does not exist
LINE 6:                     bidirectional,
                            ^

2025-03-29 10:22:24,339 - ERROR - Database error in insert_relation: column "bidirectional" of relation "relations" does not exist
LINE 6:                     bidirectional,
                            ^

2025-03-29 10:22:24,352 - ERROR - Database error in insert_relation: column "bidirectional" of relation "relations" does not exist
LINE 6:                     bidirectional,
                            ^

2025-03-29 10:22:24,353 - ERROR - Database error in insert_relation: column "bidirectional" of relation "relations" does not exist
LINE 6:                     bidirectional,
                            ^

2025-03-29 10:22:24,355 - ERROR - Database error in insert_relation: column "bidirectional" of relation "relations" does not exist
LINE 6:                     bidirectional,
                            ^

2025-03-29 10:22:24,356 - ERROR - Database error in insert_relation: column "bidirectional" of relation "relations" does not exist
LINE 6:                     bidirectional,
                            ^

2025-03-29 10:22:24,358 - ERROR - Database error in insert_relation: column "bidirectional" of relation "relations" does not exist
LINE 6:                     bidirectional,
                            ^

2025-03-29 10:22:24,359 - ERROR - Database error in insert_relation: column "bidirectional" of relation "relations" does not exist
LINE 6:                     bidirectional,
                            ^

2025-03-29 10:22:24,360 - ERROR - Database error in insert_relation: column "bidirectional" of relation "relations" does not exist
LINE 6:                     bidirectional,
                            ^

2025-03-29 10:22:24,361 - ERROR - Database error in insert_relation: column "bidirectional" of relation "relations" does not exist
LINE 6:                     bidirectional,
                            ^

2025-03-29 10:22:24,363 - ERROR - Database error in insert_relation: column "bidirectional" of relation "relations" does not exist
LINE 6:                     bidirectional,
                            ^

2025-03-29 10:22:24,364 - ERROR - Database error in insert_relation: column "bidirectional" of relation "relations" does not exist
LINE 6:                     bidirectional,
                            ^

2025-03-29 10:22:24,366 - ERROR - Database error in insert_relation: column "bidirectional" of relation "relations" does not exist
LINE 6:                     bidirectional,
                            ^

2025-03-29 10:22:24,367 - ERROR - Database error in insert_relation: column "bidirectional" of relation "relations" does not exist
LINE 6:                     bidirectional,
                            ^

2025-03-29 10:22:24,369 - ERROR - Database error in insert_relation: column "bidirectional" of relation "relations" does not exist
LINE 6:                     bidirectional,
                            ^

2025-03-29 10:22:24,370 - ERROR - Database error in insert_relation: column "bidirectional" of relation "relations" does not exist
LINE 6:                     bidirectional,
                            ^

2025-03-29 10:22:24,372 - ERROR - Database error in insert_relation: column "bidirectional" of relation "relations" does not exist
LINE 6:                     bidirectional,
                            ^

2025-03-29 10:22:24,372 - ERROR - Database error in insert_relation: column "bidirectional" of relation "relations" does not exist
LINE 6:                     bidirectional,
                            ^

2025-03-29 10:22:24,376 - ERROR - Database error in insert_relation: column "bidirectional" of relation "relations" does not exist
LINE 6:                     bidirectional,
                            ^

2025-03-29 10:22:24,376 - ERROR - Database error in insert_relation: column "bidirectional" of relation "relations" does not exist
LINE 6:                     bidirectional,
                            ^

2025-03-29 10:22:24,378 - ERROR - Database error in insert_relation: column "bidirectional" of relation "relations" does not exist
LINE 6:                     bidirectional,
                            ^

2025-03-29 10:22:24,379 - ERROR - Database error in insert_relation: column "bidirectional" of relation "relations" does not exist
LINE 6:                     bidirectional,
                            ^

2025-03-29 10:22:24,380 - ERROR - Database error in insert_relation: column "bidirectional" of relation "relations" does not exist
LINE 6:                     bidirectional,
                            ^

2025-03-29 10:22:24,381 - ERROR - Database error in insert_relation: column "bidirectional" of relation "relations" does not exist
LINE 6:                     bidirectional,
                            ^

2025-03-29 10:22:24,383 - ERROR - Database error in insert_relation: column "bidirectional" of relation "relations" does not exist
LINE 6:                     bidirectional,
                            ^

2025-03-29 10:22:24,384 - ERROR - Database error in insert_relation: column "bidirectional" of relation "relations" does not exist
LINE 6:                     bidirectional,
                            ^

2025-03-29 10:22:24,386 - ERROR - Database error in insert_relation: column "bidirectional" of relation "relations" does not exist
LINE 6:                     bidirectional,
                            ^

2025-03-29 10:22:24,387 - ERROR - Database error in insert_relation: column "bidirectional" of relation "relations" does not exist
LINE 6:                     bidirectional,
                            ^

2025-03-29 10:22:24,388 - ERROR - Database error in insert_relation: column "bidirectional" of relation "relations" does not exist
LINE 6:                     bidirectional,
                            ^

2025-03-29 10:22:24,389 - ERROR - Database error in insert_relation: column "bidirectional" of relation "relations" does not exist
LINE 6:                     bidirectional,
                            ^

2025-03-29 10:22:24,390 - ERROR - Database error in insert_relation: column "bidirectional" of relation "relations" does not exist
LINE 6:                     bidirectional,
                            ^

2025-03-29 10:22:24,391 - ERROR - Database error in insert_relation: column "bidirectional" of relation "relations" does not exist
LINE 6:                     bidirectional,
                            ^

2025-03-29 10:22:24,393 - ERROR - Database error in insert_relation: column "bidirectional" of relation "relations" does not exist
LINE 6:                     bidirectional,
                            ^

2025-03-29 10:22:24,393 - ERROR - Database error in insert_relation: column "bidirectional" of relation "relations" does not exist
LINE 6:                     bidirectional,
                            ^

2025-03-29 10:22:24,396 - ERROR - Database error in insert_relation: column "bidirectional" of relation "relations" does not exist
LINE 6:                     bidirectional,
                            ^

2025-03-29 10:22:24,396 - ERROR - Database error in insert_relation: column "bidirectional" of relation "relations" does not exist
LINE 6:                     bidirectional,
                            ^

2025-03-29 10:22:24,398 - ERROR - Database error in insert_relation: column "bidirectional" of relation "relations" does not exist
LINE 6:                     bidirectional,
                            ^

2025-03-29 10:22:24,399 - ERROR - Database error in insert_relation: column "bidirectional" of relation "relations" does not exist
LINE 6:                     bidirectional,
                            ^

2025-03-29 10:22:24,401 - ERROR - Database error in insert_relation: column "bidirectional" of relation "relations" does not exist
LINE 6:                     bidirectional,
                            ^

2025-03-29 10:22:24,402 - ERROR - Database error in insert_relation: column "bidirectional" of relation "relations" does not exist
LINE 6:                     bidirectional,
                            ^

2025-03-29 10:22:24,403 - ERROR - Database error in insert_relation: column "bidirectional" of relation "relations" does not exist
LINE 6:                     bidirectional,
                            ^

2025-03-29 10:22:24,404 - ERROR - Database error in insert_relation: column "bidirectional" of relation "relations" does not exist
LINE 6:                     bidirectional,
                            ^

2025-03-29 10:22:24,405 - ERROR - Database error in insert_relation: column "bidirectional" of relation "relations" does not exist
LINE 6:                     bidirectional,
                            ^

2025-03-29 10:22:24,406 - ERROR - Database error in insert_relation: column "bidirectional" of relation "relations" does not exist
LINE 6:                     bidirectional,
                            ^

2025-03-29 10:22:24,408 - ERROR - Database error in insert_relation: column "bidirectional" of relation "relations" does not exist
LINE 6:                     bidirectional,
                            ^

2025-03-29 10:22:24,409 - ERROR - Database error in insert_relation: column "bidirectional" of relation "relations" does not exist
LINE 6:                     bidirectional,
                            ^

2025-03-29 10:22:24,410 - ERROR - Database error in insert_relation: column "bidirectional" of relation "relations" does not exist
LINE 6:                     bidirectional,
                            ^

2025-03-29 10:22:24,411 - ERROR - Database error in insert_relation: column "bidirectional" of relation "relations" does not exist
LINE 6:                     bidirectional,
                            ^

2025-03-29 10:22:24,413 - ERROR - Database error in insert_relation: column "bidirectional" of relation "relations" does not exist
LINE 6:                     bidirectional,
                            ^

2025-03-29 10:22:24,414 - ERROR - Database error in insert_relation: column "bidirectional" of relation "relations" does not exist
LINE 6:                     bidirectional,
                            ^

2025-03-29 10:22:24,421 - ERROR - Database error in insert_relation: column "bidirectional" of relation "relations" does not exist
LINE 6:                     bidirectional,
                            ^

2025-03-29 10:22:24,422 - ERROR - Database error in insert_relation: column "bidirectional" of relation "relations" does not exist
LINE 6:                     bidirectional,
                            ^

2025-03-29 10:22:24,433 - ERROR - Database error in insert_relation: column "bidirectional" of relation "relations" does not exist
LINE 6:                     bidirectional,
                            ^

2025-03-29 10:22:24,435 - ERROR - Database error in insert_relation: column "bidirectional" of relation "relations" does not exist
LINE 6:                     bidirectional,
                            ^

2025-03-29 10:22:24,437 - ERROR - Database error in insert_relation: column "bidirectional" of relation "relations" does not exist
LINE 6:                     bidirectional,
                            ^

2025-03-29 10:22:24,443 - ERROR - Database error in insert_relation: column "bidirectional" of relation "relations" does not exist
LINE 6:                     bidirectional,
                            ^

2025-03-29 10:22:24,444 - ERROR - Database error in insert_relation: column "bidirectional" of relation "relations" does not exist
LINE 6:                     bidirectional,
                            ^

2025-03-29 10:22:24,446 - ERROR - Database error in insert_relation: column "bidirectional" of relation "relations" does not exist
LINE 6:                     bidirectional,
                            ^

2025-03-29 10:22:24,446 - ERROR - Database error in insert_relation: column "bidirectional" of relation "relations" does not exist
LINE 6:                     bidirectional,
                            ^

2025-03-29 10:22:24,448 - ERROR - Database error in insert_relation: column "bidirectional" of relation "relations" does not exist
LINE 6:                     bidirectional,
                            ^

2025-03-29 10:22:24,449 - ERROR - Database error in insert_relation: column "bidirectional" of relation "relations" does not exist
LINE 6:                     bidirectional,
                            ^

2025-03-29 10:22:24,451 - ERROR - Database error in insert_relation: column "bidirectional" of relation "relations" does not exist
LINE 6:                     bidirectional,
                            ^

2025-03-29 10:22:24,452 - ERROR - Database error in insert_relation: column "bidirectional" of relation "relations" does not exist
LINE 6:                     bidirectional,
                            ^

2025-03-29 10:22:24,453 - ERROR - Database error in insert_relation: column "bidirectional" of relation "relations" does not exist
LINE 6:                     bidirectional,
                            ^

2025-03-29 10:22:24,454 - ERROR - Database error in insert_relation: column "bidirectional" of relation "relations" does not exist
LINE 6:                     bidirectional,
                            ^

2025-03-29 10:22:24,456 - ERROR - Database error in insert_relation: column "bidirectional" of relation "relations" does not exist
LINE 6:                     bidirectional,
                            ^

2025-03-29 10:22:24,457 - ERROR - Database error in insert_relation: column "bidirectional" of relation "relations" does not exist
LINE 6:                     bidirectional,
                            ^

2025-03-29 10:22:24,461 - ERROR - Database error in insert_relation: column "bidirectional" of relation "relations" does not exist
LINE 6:                     bidirectional,
                            ^

2025-03-29 10:22:24,462 - ERROR - Database error in insert_relation: column "bidirectional" of relation "relations" does not exist
LINE 6:                     bidirectional,
                            ^

2025-03-29 10:22:24,469 - ERROR - Database error in insert_relation: column "bidirectional" of relation "relations" does not exist
LINE 6:                     bidirectional,
                            ^

2025-03-29 10:22:24,470 - ERROR - Database error in insert_relation: column "bidirectional" of relation "relations" does not exist
LINE 6:                     bidirectional,
                            ^

2025-03-29 10:22:24,473 - ERROR - Database error in insert_relation: column "bidirectional" of relation "relations" does not exist
LINE 6:                     bidirectional,
                            ^

2025-03-29 10:22:24,474 - ERROR - Database error in insert_relation: column "bidirectional" of relation "relations" does not exist
LINE 6:                     bidirectional,
                            ^

2025-03-29 10:22:24,478 - ERROR - Database error in insert_relation: column "bidirectional" of relation "relations" does not exist
LINE 6:                     bidirectional,
                            ^

2025-03-29 10:22:24,479 - ERROR - Database error in insert_relation: column "bidirectional" of relation "relations" does not exist
LINE 6:                     bidirectional,
                            ^

2025-03-29 10:22:24,482 - ERROR - Database error in insert_relation: column "bidirectional" of relation "relations" does not exist
LINE 6:                     bidirectional,
                            ^

2025-03-29 10:22:24,484 - ERROR - Database error in insert_relation: column "bidirectional" of relation "relations" does not exist
LINE 6:                     bidirectional,
                            ^

2025-03-29 10:22:24,486 - ERROR - Database error in insert_relation: column "bidirectional" of relation "relations" does not exist
LINE 6:                     bidirectional,
                            ^

2025-03-29 10:22:24,487 - ERROR - Database error in insert_relation: column "bidirectional" of relation "relations" does not exist
LINE 6:                     bidirectional,
                            ^

2025-03-29 10:22:24,500 - ERROR - Database error in insert_relation: column "bidirectional" of relation "relations" does not exist
LINE 6:                     bidirectional,
                            ^

2025-03-29 10:22:24,500 - ERROR - Database error in insert_relation: column "bidirectional" of relation "relations" does not exist
LINE 6:                     bidirectional,
                            ^

2025-03-29 10:22:24,511 - ERROR - Database error in insert_relation: column "bidirectional" of relation "relations" does not exist
LINE 6:                     bidirectional,
                            ^

2025-03-29 10:22:24,512 - ERROR - Database error in insert_relation: column "bidirectional" of relation "relations" does not exist
LINE 6:                     bidirectional,
                            ^

2025-03-29 10:22:24,515 - ERROR - Database error in insert_relation: column "bidirectional" of relation "relations" does not exist
LINE 6:                     bidirectional,
                            ^

2025-03-29 10:22:24,516 - ERROR - Database error in insert_relation: column "bidirectional" of relation "relations" does not exist
LINE 6:                     bidirectional,
                            ^

2025-03-29 10:22:24,534 - ERROR - Database error in insert_relation: column "bidirectional" of relation "relations" does not exist
LINE 6:                     bidirectional,
                            ^

2025-03-29 10:22:24,535 - ERROR - Database error in insert_relation: column "bidirectional" of relation "relations" does not exist
LINE 6:                     bidirectional,
                            ^

2025-03-29 10:22:24,537 - ERROR - Database error in insert_relation: column "bidirectional" of relation "relations" does not exist
LINE 6:                     bidirectional,
                            ^

2025-03-29 10:22:24,538 - ERROR - Database error in insert_relation: column "bidirectional" of relation "relations" does not exist
LINE 6:                     bidirectional,
                            ^

2025-03-29 10:22:24,557 - ERROR - Database error in insert_relation: column "bidirectional" of relation "relations" does not exist
LINE 6:                     bidirectional,
                            ^

2025-03-29 10:22:24,558 - ERROR - Database error in insert_relation: column "bidirectional" of relation "relations" does not exist
LINE 6:                     bidirectional,
                            ^

2025-03-29 10:22:24,560 - ERROR - Database error in insert_relation: column "bidirectional" of relation "relations" does not exist
LINE 6:                     bidirectional,
                            ^

2025-03-29 10:22:24,561 - ERROR - Database error in insert_relation: column "bidirectional" of relation "relations" does not exist
LINE 6:                     bidirectional,
                            ^

2025-03-29 10:22:24,571 - ERROR - Database error in insert_relation: column "bidirectional" of relation "relations" does not exist
LINE 6:                     bidirectional,
                            ^

2025-03-29 10:22:24,571 - ERROR - Database error in insert_relation: column "bidirectional" of relation "relations" does not exist
LINE 6:                     bidirectional,
                            ^

2025-03-29 10:22:24,580 - ERROR - Database error in insert_relation: column "bidirectional" of relation "relations" does not exist
LINE 6:                     bidirectional,
                            ^

2025-03-29 10:22:24,581 - ERROR - Database error in insert_relation: column "bidirectional" of relation "relations" does not exist
LINE 6:                     bidirectional,
                            ^

2025-03-29 10:22:24,584 - ERROR - Database error in insert_relation: column "bidirectional" of relation "relations" does not exist
LINE 6:                     bidirectional,
                            ^

2025-03-29 10:22:24,585 - ERROR - Database error in insert_relation: column "bidirectional" of relation "relations" does not exist
LINE 6:                     bidirectional,
                            ^

2025-03-29 10:22:24,587 - ERROR - Database error in insert_relation: column "bidirectional" of relation "relations" does not exist
LINE 6:                     bidirectional,
                            ^

2025-03-29 10:22:24,587 - ERROR - Database error in insert_relation: column "bidirectional" of relation "relations" does not exist
LINE 6:                     bidirectional,
                            ^

2025-03-29 10:22:24,589 - ERROR - Database error in insert_relation: column "bidirectional" of relation "relations" does not exist
LINE 6:                     bidirectional,
                            ^

2025-03-29 10:22:24,590 - ERROR - Database error in insert_relation: column "bidirectional" of relation "relations" does not exist
LINE 6:                     bidirectional,
                            ^

2025-03-29 10:22:24,594 - ERROR - Database error in insert_relation: column "bidirectional" of relation "relations" does not exist
LINE 6:                     bidirectional,
                            ^

2025-03-29 10:22:24,596 - ERROR - Database error in insert_relation: column "bidirectional" of relation "relations" does not exist
LINE 6:                     bidirectional,
                            ^

2025-03-29 10:22:24,598 - ERROR - Database error in insert_relation: column "bidirectional" of relation "relations" does not exist
LINE 6:                     bidirectional,
                            ^

2025-03-29 10:22:24,600 - ERROR - Database error in insert_relation: column "bidirectional" of relation "relations" does not exist
LINE 6:                     bidirectional,
                            ^

2025-03-29 10:22:24,602 - ERROR - Database error in insert_relation: column "bidirectional" of relation "relations" does not exist
LINE 6:                     bidirectional,
                            ^

2025-03-29 10:22:24,608 - ERROR - Database error in insert_relation: column "bidirectional" of relation "relations" does not exist
LINE 6:                     bidirectional,
                            ^

2025-03-29 10:22:24,609 - ERROR - Database error in insert_relation: column "bidirectional" of relation "relations" does not exist
LINE 6:                     bidirectional,
                            ^

2025-03-29 10:22:24,612 - ERROR - Database error in insert_relation: column "bidirectional" of relation "relations" does not exist
LINE 6:                     bidirectional,
                            ^

2025-03-29 10:22:24,613 - ERROR - Database error in insert_relation: column "bidirectional" of relation "relations" does not exist
LINE 6:                     bidirectional,
                            ^

2025-03-29 10:22:24,625 - ERROR - Database error in insert_relation: column "bidirectional" of relation "relations" does not exist
LINE 6:                     bidirectional,
                            ^

2025-03-29 10:22:24,626 - ERROR - Database error in insert_relation: column "bidirectional" of relation "relations" does not exist
LINE 6:                     bidirectional,
                            ^

2025-03-29 10:22:24,641 - ERROR - Database error in insert_relation: column "bidirectional" of relation "relations" does not exist
LINE 6:                     bidirectional,
                            ^

2025-03-29 10:22:24,643 - ERROR - Database error in insert_relation: column "bidirectional" of relation "relations" does not exist
LINE 6:                     bidirectional,
                            ^

2025-03-29 10:22:24,645 - ERROR - Database error in insert_relation: column "bidirectional" of relation "relations" does not exist
LINE 6:                     bidirectional,
                            ^

2025-03-29 10:22:24,646 - ERROR - Database error in insert_relation: column "bidirectional" of relation "relations" does not exist
LINE 6:                     bidirectional,
                            ^

2025-03-29 10:22:24,648 - ERROR - Database error in insert_relation: column "bidirectional" of relation "relations" does not exist
LINE 6:                     bidirectional,
                            ^

2025-03-29 10:22:24,649 - ERROR - Database error in insert_relation: column "bidirectional" of relation "relations" does not exist
LINE 6:                     bidirectional,
                            ^

2025-03-29 10:22:24,652 - ERROR - Database error in insert_relation: column "bidirectional" of relation "relations" does not exist
LINE 6:                     bidirectional,
                            ^

2025-03-29 10:22:24,652 - ERROR - Database error in insert_relation: column "bidirectional" of relation "relations" does not exist
LINE 6:                     bidirectional,
                            ^

2025-03-29 10:22:24,654 - ERROR - Database error in insert_relation: column "bidirectional" of relation "relations" does not exist
LINE 6:                     bidirectional,
                            ^

2025-03-29 10:22:24,655 - ERROR - Database error in insert_relation: column "bidirectional" of relation "relations" does not exist
LINE 6:                     bidirectional,
                            ^

2025-03-29 10:22:24,661 - ERROR - Database error in insert_relation: column "bidirectional" of relation "relations" does not exist
LINE 6:                     bidirectional,
                            ^

2025-03-29 10:22:24,662 - ERROR - Database error in insert_relation: column "bidirectional" of relation "relations" does not exist
LINE 6:                     bidirectional,
                            ^

2025-03-29 10:22:24,675 - ERROR - Database error in insert_relation: column "bidirectional" of relation "relations" does not exist
LINE 6:                     bidirectional,
                            ^

2025-03-29 10:22:24,678 - ERROR - Database error in insert_relation: column "bidirectional" of relation "relations" does not exist
LINE 6:                     bidirectional,
                            ^

2025-03-29 10:22:24,680 - ERROR - Database error in insert_relation: column "bidirectional" of relation "relations" does not exist
LINE 6:                     bidirectional,
                            ^

2025-03-29 10:22:24,696 - ERROR - Database error in insert_relation: column "bidirectional" of relation "relations" does not exist
LINE 6:                     bidirectional,
                            ^

2025-03-29 10:22:24,697 - ERROR - Database error in insert_relation: column "bidirectional" of relation "relations" does not exist
LINE 6:                     bidirectional,
                            ^

2025-03-29 10:22:24,708 - ERROR - Database error in insert_relation: column "bidirectional" of relation "relations" does not exist
LINE 6:                     bidirectional,
                            ^

2025-03-29 10:22:24,709 - ERROR - Database error in insert_relation: column "bidirectional" of relation "relations" does not exist
LINE 6:                     bidirectional,
                            ^

2025-03-29 10:22:24,711 - ERROR - Database error in insert_relation: column "bidirectional" of relation "relations" does not exist
LINE 6:                     bidirectional,
                            ^

2025-03-29 10:22:24,713 - ERROR - Database error in insert_relation: column "bidirectional" of relation "relations" does not exist
LINE 6:                     bidirectional,
                            ^

2025-03-29 10:22:24,715 - ERROR - Database error in insert_relation: column "bidirectional" of relation "relations" does not exist
LINE 6:                     bidirectional,
                            ^

2025-03-29 10:22:24,719 - ERROR - Database error in insert_relation: column "bidirectional" of relation "relations" does not exist
LINE 6:                     bidirectional,
                            ^

2025-03-29 10:22:24,726 - ERROR - Database error in insert_relation: column "bidirectional" of relation "relations" does not exist
LINE 6:                     bidirectional,
                            ^

2025-03-29 10:22:24,727 - ERROR - Database error in insert_relation: column "bidirectional" of relation "relations" does not exist
LINE 6:                     bidirectional,
                            ^

2025-03-29 10:22:24,733 - ERROR - Database error in insert_relation: column "bidirectional" of relation "relations" does not exist
LINE 6:                     bidirectional,
                            ^

2025-03-29 10:22:24,734 - ERROR - Database error in insert_relation: column "bidirectional" of relation "relations" does not exist
LINE 6:                     bidirectional,
                            ^

2025-03-29 10:22:24,747 - ERROR - Database error in insert_relation: column "bidirectional" of relation "relations" does not exist
LINE 6:                     bidirectional,
                            ^

