2025-03-30 18:25:12,080 - INFO - Starting lookup for word: 'ngatanan'
2025-03-30 18:25:12,125 - INFO - Executing exact match query for 'ngatanan'
2025-03-30 18:25:12,306 - INFO - Found 0 exact matches
2025-03-30 18:25:12,306 - INFO - No exact matches, trying fuzzy search for 'ngatanan'
2025-03-30 18:25:12,306 - ERROR - Error in fuzzy search query: tuple index out of range
2025-03-30 18:25:12,307 - ERROR - Query: 
                SELECT DISTINCT w.id, w.lemma, w.language_code, w.normalized_lemma, 
                       w.preferred_spelling, w.has_baybayin, w.baybayin_form, 
                       w.romanized_form, w.tags, w.source_info,
                       similarity(w.lemma, %s) as sim_score
                FROM words w
                WHERE w.lemma % %s
                ORDER BY sim_score DESC
                LIMIT 5
            
2025-03-30 18:25:12,307 - ERROR - Parameters: ('ngatanan', 'ngatanan')
2025-03-30 18:25:12,310 - ERROR - Traceback: Traceback (most recent call last):
  File "C:\fil-relex\backend\dictionary_manager.py", line 7010, in lookup_word
    cur.execute(fuzzy_query, (args.word, args.word))
    ~~~~~~~~~~~^^^^^^^^^^^^^^^^^^^^^^^^^^^^^^^^^^^^^
IndexError: tuple index out of range

2025-03-30 18:25:12,310 - ERROR - Error looking up word: tuple index out of range
2025-03-30 18:25:12,311 - ERROR - Word: ngatanan
2025-03-30 18:25:12,311 - ERROR - Traceback: Traceback (most recent call last):
  File "C:\fil-relex\backend\dictionary_manager.py", line 7010, in lookup_word
    cur.execute(fuzzy_query, (args.word, args.word))
    ~~~~~~~~~~~^^^^^^^^^^^^^^^^^^^^^^^^^^^^^^^^^^^^^
IndexError: tuple index out of range

2025-03-30 18:25:12,342 - INFO - Diagnostic: checking if word 'ngatanan' exists in any form
2025-03-30 18:25:12,419 - INFO - Diagnostic result: Word 'ngatanan' exists (partial match): True
2025-03-30 18:25:12,420 - INFO - Diagnostic: verifying database schema
2025-03-30 18:25:12,435 - INFO - Diagnostic: words table has 23 columns
2025-03-30 18:25:12,436 - INFO -   Column: id, Type: integer
2025-03-30 18:25:12,436 - INFO -   Column: lemma, Type: character varying
2025-03-30 18:25:12,436 - INFO -   Column: normalized_lemma, Type: character varying
2025-03-30 18:25:12,436 - INFO -   Column: has_baybayin, Type: boolean
2025-03-30 18:25:12,437 - INFO -   Column: baybayin_form, Type: character varying
2025-03-30 18:25:12,437 - INFO -   Column: romanized_form, Type: character varying
2025-03-30 18:25:12,437 - INFO -   Column: language_code, Type: character varying
2025-03-30 18:25:12,437 - INFO -   Column: root_word_id, Type: integer
2025-03-30 18:25:12,438 - INFO -   Column: preferred_spelling, Type: character varying
2025-03-30 18:25:12,438 - INFO -   Column: tags, Type: text
2025-03-30 18:25:12,438 - INFO -   Column: idioms, Type: jsonb
2025-03-30 18:25:12,438 - INFO -   Column: pronunciation_data, Type: jsonb
2025-03-30 18:25:12,438 - INFO -   Column: source_info, Type: text
2025-03-30 18:25:12,439 - INFO -   Column: metadata, Type: jsonb
2025-03-30 18:25:12,439 - INFO -   Column: data_hash, Type: text
2025-03-30 18:25:12,439 - INFO -   Column: created_at, Type: timestamp with time zone
2025-03-30 18:25:12,439 - INFO -   Column: updated_at, Type: timestamp with time zone
2025-03-30 18:25:12,439 - INFO -   Column: search_text, Type: tsvector
2025-03-30 18:25:12,439 - INFO -   Column: badlit_form, Type: text
2025-03-30 18:25:12,439 - INFO -   Column: hyphenation, Type: jsonb
2025-03-30 18:25:12,439 - INFO -   Column: is_proper_noun, Type: boolean
2025-03-30 18:25:12,439 - INFO -   Column: is_abbreviation, Type: boolean
2025-03-30 18:25:12,439 - INFO -   Column: is_initialism, Type: boolean
2025-03-30 18:25:12,442 - INFO - Database connection closed
