2025-03-30 19:32:20,130 - INFO - Starting lookup for word: 'sinetch'
2025-03-30 19:32:20,162 - INFO - pg_trgm extension installed: True
2025-03-30 19:32:20,162 - INFO - Executing exact match query for 'sinetch'
2025-03-30 19:32:20,295 - INFO - Found 0 exact matches
2025-03-30 19:32:20,296 - INFO - No exact matches, trying fuzzy search for 'sinetch'
2025-03-30 19:32:20,432 - INFO - Found 5 fuzzy matches
2025-03-30 19:32:20,433 - INFO - Fuzzy matches: ['sinech', 'sine', 'sine', 'siney', 'sinehan']
2025-03-30 19:32:20,436 - INFO - Processing result 1/5
2025-03-30 19:32:20,436 - INFO - Word ID: 113178
2025-03-30 19:32:20,437 - INFO - Lemma: sinech
2025-03-30 19:32:20,437 - INFO - Language code: tl
2025-03-30 19:32:20,438 - INFO - Querying pronunciations for word_id 113178
2025-03-30 19:32:20,440 - INFO - Found 0 pronunciations
2025-03-30 19:32:20,440 - INFO - Querying etymologies for word_id 113178
2025-03-30 19:32:20,443 - INFO - Found 0 etymologies
2025-03-30 19:32:20,444 - INFO - Querying definitions for word_id 113178
2025-03-30 19:32:20,448 - INFO - Found 0 definitions
2025-03-30 19:32:20,449 - INFO - Querying relations for word_id 113178
2025-03-30 19:32:20,453 - INFO - Found 0 relations
2025-03-30 19:32:20,453 - INFO - No relations found for word ID 113178
2025-03-30 19:32:20,454 - INFO - Processing result 2/5
2025-03-30 19:32:20,455 - INFO - Word ID: 109729
2025-03-30 19:32:20,455 - INFO - Lemma: sine
2025-03-30 19:32:20,455 - INFO - Language code: tl
2025-03-30 19:32:20,456 - INFO - Querying pronunciations for word_id 109729
2025-03-30 19:32:20,457 - INFO - Found 3 pronunciations
2025-03-30 19:32:20,460 - INFO - Querying etymologies for word_id 109729
2025-03-30 19:32:20,461 - INFO - Found 1 etymologies
2025-03-30 19:32:20,463 - INFO - Querying definitions for word_id 109729
2025-03-30 19:32:20,464 - INFO - Found 2 definitions
2025-03-30 19:32:20,465 - INFO - Processing definition 1/2
2025-03-30 19:32:20,466 - INFO - Processing definition 2/2
2025-03-30 19:32:20,467 - INFO - Querying relations for word_id 109729
2025-03-30 19:32:20,471 - INFO - Found 8 relations
2025-03-30 19:32:20,475 - INFO - Processing result 3/5
2025-03-30 19:32:20,476 - INFO - Word ID: 218005
2025-03-30 19:32:20,476 - INFO - Lemma: sine
2025-03-30 19:32:20,476 - INFO - Language code: ceb
2025-03-30 19:32:20,477 - INFO - Querying pronunciations for word_id 218005
2025-03-30 19:32:20,478 - INFO - Found 0 pronunciations
2025-03-30 19:32:20,478 - INFO - Querying etymologies for word_id 218005
2025-03-30 19:32:20,479 - INFO - Found 1 etymologies
2025-03-30 19:32:20,481 - INFO - Querying definitions for word_id 218005
2025-03-30 19:32:20,483 - INFO - Found 2 definitions
2025-03-30 19:32:20,483 - INFO - Processing definition 1/2
2025-03-30 19:32:20,484 - INFO - Processing definition 2/2
2025-03-30 19:32:20,485 - INFO - Querying relations for word_id 218005
2025-03-30 19:32:20,486 - INFO - Found 1 relations
2025-03-30 19:32:20,488 - INFO - Processing result 4/5
2025-03-30 19:32:20,488 - INFO - Word ID: 113179
2025-03-30 19:32:20,488 - INFO - Lemma: siney
2025-03-30 19:32:20,488 - INFO - Language code: tl
2025-03-30 19:32:20,489 - INFO - Querying pronunciations for word_id 113179
2025-03-30 19:32:20,489 - INFO - Found 0 pronunciations
2025-03-30 19:32:20,490 - INFO - Querying etymologies for word_id 113179
2025-03-30 19:32:20,490 - INFO - Found 0 etymologies
2025-03-30 19:32:20,490 - INFO - Querying definitions for word_id 113179
2025-03-30 19:32:20,490 - INFO - Found 0 definitions
2025-03-30 19:32:20,490 - INFO - Querying relations for word_id 113179
2025-03-30 19:32:20,491 - INFO - Found 0 relations
2025-03-30 19:32:20,491 - INFO - No relations found for word ID 113179
2025-03-30 19:32:20,492 - INFO - Processing result 5/5
2025-03-30 19:32:20,492 - INFO - Word ID: 109732
2025-03-30 19:32:20,492 - INFO - Lemma: sinehan
2025-03-30 19:32:20,492 - INFO - Language code: tl
2025-03-30 19:32:20,493 - INFO - Querying pronunciations for word_id 109732
2025-03-30 19:32:20,495 - INFO - Found 3 pronunciations
2025-03-30 19:32:20,497 - INFO - Querying etymologies for word_id 109732
2025-03-30 19:32:20,498 - INFO - Found 1 etymologies
2025-03-30 19:32:20,499 - INFO - Querying definitions for word_id 109732
2025-03-30 19:32:20,501 - INFO - Found 1 definitions
2025-03-30 19:32:20,501 - INFO - Processing definition 1/1
2025-03-30 19:32:20,502 - INFO - Querying relations for word_id 109732
2025-03-30 19:32:20,503 - INFO - Found 3 relations
2025-03-30 19:32:20,506 - INFO - Database connection closed
