2025-01-29 13:01:06,627 - INFO - Attempting database connection...
2025-01-29 13:01:06,628 - INFO - Database configuration:
2025-01-29 13:01:06,628 - INFO -   Database Name: fil_dict_db
2025-01-29 13:01:06,629 - INFO -   User: postgres
2025-01-29 13:01:06,629 - INFO -   Host: localhost
2025-01-29 13:01:06,630 - INFO -   Password: ********
2025-01-29 13:01:06,707 - INFO - Successfully established database connection
2025-01-29 13:01:09,458 - INFO - Setting up PostgreSQL extensions...
2025-01-29 13:01:09,459 - INFO - Checking extension: pg_trgm
2025-01-29 13:01:09,497 - INFO - Extension already installed: pg_trgm
2025-01-29 13:01:09,498 - INFO - Checking extension: unaccent
2025-01-29 13:01:09,499 - INFO - Extension already installed: unaccent
2025-01-29 13:01:09,500 - INFO - Checking extension: fuzzystrmatch
2025-01-29 13:01:09,501 - INFO - Extension already installed: fuzzystrmatch
2025-01-29 13:01:09,501 - INFO - Extensions setup completed
2025-01-29 13:01:09,502 - INFO - Starting table creation/update process.
2025-01-29 13:01:09,517 - ERROR - Schema creation error: syntax error at or near "BEGIN"
LINE 130:         BEGIN
                  ^

2025-01-29 13:01:09,518 - ERROR - Error during migration: syntax error at or near "BEGIN"
LINE 130:         BEGIN
                  ^

