2025-04-03 05:31:10,730 - INFO - Starting lookup for word: 'kompyuteran'
2025-04-03 05:31:10,818 - INFO - pg_trgm extension installed: True
2025-04-03 05:31:10,819 - INFO - Executing exact match query for 'kompyuteran'
2025-04-03 05:31:11,297 - INFO - Found 2 exact matches
2025-04-03 05:31:11,297 - INFO - Processing result 1/2
2025-04-03 05:31:11,298 - INFO - Word ID: 103481
2025-04-03 05:31:11,299 - INFO - Lemma: kompyuteran
2025-04-03 05:31:11,299 - INFO - Language code: tl
2025-04-03 05:31:11,309 - INFO - Querying pronunciations for word_id 103481
2025-04-03 05:31:11,311 - INFO - Found 0 pronunciations
2025-04-03 05:31:11,312 - INFO - Querying etymologies for word_id 103481
2025-04-03 05:31:11,318 - INFO - Found 0 etymologies
2025-04-03 05:31:11,319 - INFO - Querying definitions for word_id 103481
2025-04-03 05:31:11,339 - INFO - Found 1 definitions
2025-04-03 05:31:11,342 - INFO - Processing definition 1/1
2025-04-03 05:31:11,346 - INFO - Querying relations for word_id 103481
2025-04-03 05:31:11,363 - INFO - Found 2 relations
2025-04-03 05:31:11,370 - INFO - Processing result 2/2
2025-04-03 05:31:11,371 - INFO - Word ID: 181690
2025-04-03 05:31:11,371 - INFO - Lemma: kompyuteran
2025-04-03 05:31:11,372 - INFO - Language code: ceb
2025-04-03 05:31:11,374 - INFO - Querying pronunciations for word_id 181690
2025-04-03 05:31:11,375 - INFO - Found 0 pronunciations
2025-04-03 05:31:11,376 - INFO - Querying etymologies for word_id 181690
2025-04-03 05:31:11,377 - INFO - Found 1 etymologies
2025-04-03 05:31:11,380 - INFO - Querying definitions for word_id 181690
2025-04-03 05:31:11,382 - INFO - Found 3 definitions
2025-04-03 05:31:11,384 - INFO - Processing definition 1/3
2025-04-03 05:31:11,387 - INFO - Processing definition 2/3
2025-04-03 05:31:11,390 - INFO - Processing definition 3/3
2025-04-03 05:31:11,391 - INFO - Querying relations for word_id 181690
2025-04-03 05:31:11,393 - INFO - Found 0 relations
2025-04-03 05:31:11,394 - INFO - No relations found for word ID 181690
2025-04-03 05:31:11,396 - INFO - Database connection closed
