2025-03-30 19:27:31,559 - INFO - Starting lookup for word: 'abaga'
2025-03-30 19:27:31,605 - INFO - pg_trgm extension installed: True
2025-03-30 19:27:31,606 - INFO - Executing exact match query for 'abaga'
2025-03-30 19:27:31,794 - INFO - Found 4 exact matches
2025-03-30 19:27:31,794 - INFO - Processing result 1/4
2025-03-30 19:27:31,795 - INFO - Word ID: 221368
2025-03-30 19:27:31,795 - INFO - Lemma: abaga
2025-03-30 19:27:31,795 - INFO - Language code: ceb
2025-03-30 19:27:31,801 - INFO - Querying pronunciations for word_id 221368
2025-03-30 19:27:31,806 - INFO - Found 2 pronunciations
2025-03-30 19:27:31,812 - INFO - Querying etymologies for word_id 221368
2025-03-30 19:27:31,819 - INFO - Found 1 etymologies
2025-03-30 19:27:31,821 - INFO - Querying definitions for word_id 221368
2025-03-30 19:27:31,826 - INFO - Found 3 definitions
2025-03-30 19:27:31,828 - INFO - Processing definition 1/3
2025-03-30 19:27:31,831 - INFO - Processing definition 2/3
2025-03-30 19:27:31,832 - INFO - Processing definition 3/3
2025-03-30 19:27:31,834 - INFO - Querying relations for word_id 221368
2025-03-30 19:27:31,841 - INFO - Found 0 relations
2025-03-30 19:27:31,841 - INFO - No relations found for word ID 221368
2025-03-30 19:27:31,842 - INFO - Processing result 2/4
2025-03-30 19:27:31,843 - INFO - Word ID: 237145
2025-03-30 19:27:31,843 - INFO - Lemma: abaga
2025-03-30 19:27:31,843 - INFO - Language code: hil
2025-03-30 19:27:31,846 - INFO - Querying pronunciations for word_id 237145
2025-03-30 19:27:31,847 - INFO - Found 1 pronunciations
2025-03-30 19:27:31,849 - INFO - Querying etymologies for word_id 237145
2025-03-30 19:27:31,850 - INFO - Found 0 etymologies
2025-03-30 19:27:31,851 - INFO - Querying definitions for word_id 237145
2025-03-30 19:27:31,851 - INFO - Found 1 definitions
2025-03-30 19:27:31,853 - INFO - Processing definition 1/1
2025-03-30 19:27:31,855 - INFO - Querying relations for word_id 237145
2025-03-30 19:27:31,856 - INFO - Found 0 relations
2025-03-30 19:27:31,857 - INFO - No relations found for word ID 237145
2025-03-30 19:27:31,857 - INFO - Processing result 3/4
2025-03-30 19:27:31,857 - INFO - Word ID: 237704
2025-03-30 19:27:31,858 - INFO - Lemma: abaga
2025-03-30 19:27:31,858 - INFO - Language code: kin
2025-03-30 19:27:31,860 - INFO - Querying pronunciations for word_id 237704
2025-03-30 19:27:31,860 - INFO - Found 1 pronunciations
2025-03-30 19:27:31,862 - INFO - Querying etymologies for word_id 237704
2025-03-30 19:27:31,862 - INFO - Found 0 etymologies
2025-03-30 19:27:31,863 - INFO - Querying definitions for word_id 237704
2025-03-30 19:27:31,864 - INFO - Found 1 definitions
2025-03-30 19:27:31,864 - INFO - Processing definition 1/1
2025-03-30 19:27:31,865 - INFO - Querying relations for word_id 237704
2025-03-30 19:27:31,866 - INFO - Found 0 relations
2025-03-30 19:27:31,866 - INFO - No relations found for word ID 237704
2025-03-30 19:27:31,867 - INFO - Processing result 4/4
2025-03-30 19:27:31,867 - INFO - Word ID: 238304
2025-03-30 19:27:31,867 - INFO - Lemma: abaga
2025-03-30 19:27:31,867 - INFO - Language code: mas
2025-03-30 19:27:31,868 - INFO - Querying pronunciations for word_id 238304
2025-03-30 19:27:31,868 - INFO - Found 1 pronunciations
2025-03-30 19:27:31,870 - INFO - Querying etymologies for word_id 238304
2025-03-30 19:27:31,871 - INFO - Found 0 etymologies
2025-03-30 19:27:31,871 - INFO - Querying definitions for word_id 238304
2025-03-30 19:27:31,872 - INFO - Found 1 definitions
2025-03-30 19:27:31,873 - INFO - Processing definition 1/1
2025-03-30 19:27:31,876 - INFO - Querying relations for word_id 238304
2025-03-30 19:27:31,877 - INFO - Found 0 relations
2025-03-30 19:27:31,877 - INFO - No relations found for word ID 238304
2025-03-30 19:27:31,878 - INFO - Database connection closed
