2025-03-24 19:22:10,518 - INFO - Starting table creation/update process.
2025-03-24 19:22:10,695 - INFO - Tables created or updated successfully.
2025-03-24 19:22:10,696 - INFO - Setting up PostgreSQL extensions...
2025-03-24 19:22:10,699 - INFO - Extension pg_trgm already installed
2025-03-24 19:22:10,700 - INFO - Extension unaccent already installed
2025-03-24 19:22:10,700 - INFO - Extension fuzzystrmatch already installed
2025-03-24 19:22:10,701 - INFO - Extension dict_xsyn already installed
2025-03-24 19:22:10,701 - INFO - Cleared any existing transactions
2025-03-24 19:22:10,703 - ERROR - Error processing source root-words-cleaned: 'list' object has no attribute 'items'
2025-03-24 19:22:10,706 - INFO - Processing Tagalog words from: ../data\tagalog-words.json
2025-03-24 19:22:10,707 - INFO - Found 3 dictionary-style entries
2025-03-24 19:22:10,707 - INFO - Creating 3 words...
2025-03-24 19:22:10,720 - INFO - Successfully created/found 3 words
2025-03-24 19:22:10,745 - ERROR - Error inserting definition for word 'abaniko' (ID: 1): set_session cannot be used inside a transaction
2025-03-24 19:22:10,746 - ERROR - Error inserting etymology for word 'abaniko': set_session cannot be used inside a transaction
2025-03-24 19:22:10,748 - ERROR - Error inserting definition for word 'aklat' (ID: 2): set_session cannot be used inside a transaction
2025-03-24 19:22:10,749 - ERROR - Error inserting definition for word 'aklat' (ID: 2): set_session cannot be used inside a transaction
2025-03-24 19:22:10,750 - ERROR - Error inserting definition for word 'bahay' (ID: 3): set_session cannot be used inside a transaction
2025-03-24 19:22:10,750 - ERROR - Error inserting definition for word 'bahay' (ID: 3): set_session cannot be used inside a transaction
2025-03-24 19:22:10,751 - ERROR - Error processing affixation for 'bahay': set_session cannot be used inside a transaction
2025-03-24 19:22:10,751 - ERROR - Error processing affixation for 'bahay': set_session cannot be used inside a transaction
2025-03-24 19:22:10,752 - ERROR - Failed to process ../data\tagalog-words.json: set_session cannot be used inside a transaction
2025-03-24 19:22:10,753 - ERROR - Error processing source tagalog-words: set_session cannot be used inside a transaction
2025-03-24 19:22:10,755 - ERROR - Error processing source kwf-dictionary: string indices must be integers, not 'str'
2025-03-24 19:22:10,761 - INFO - Processing Kaikki entries from: ../data\kaikki-tl.jsonl
2025-03-24 19:22:10,763 - ERROR - Error in get_or_create_word_id for lemma 'aso': set_session cannot be used inside a transaction
2025-03-24 19:22:10,763 - ERROR - Failed to process entry: cannot access local variable 'word' where it is not associated with a value
2025-03-24 19:22:10,763 - ERROR - Failed to process entry: cannot access local variable 'word' where it is not associated with a value
2025-03-24 19:22:10,764 - INFO - Processed 1 entries from Kaikki.org with 2 errors
2025-03-24 19:22:10,765 - INFO - Starting dictionary cleanup process...
2025-03-24 19:22:10,771 - INFO - Dictionary cleanup complete.
2025-03-24 19:22:10,774 - INFO - Baybayin data cleanup completed successfully
