2025-01-16 02:46:57,175 - INFO - Starting fresh data migration process
2025-01-16 02:46:57,176 - INFO - Attempting database connection...
2025-01-16 02:46:57,176 - INFO - Database configuration:
2025-01-16 02:46:57,177 - INFO -   Database Name: fil_dict_db
2025-01-16 02:46:57,177 - INFO -   User: postgres
2025-01-16 02:46:57,178 - INFO -   Host: localhost
2025-01-16 02:46:57,178 - INFO -   Password: ********
2025-01-16 02:46:57,268 - INFO - Successfully established database connection
2025-01-16 02:46:57,268 - INFO - Dropping all existing tables...
2025-01-16 02:46:57,313 - INFO - Setting up PostgreSQL extensions...
2025-01-16 02:46:57,313 - INFO - Checking extension: pg_trgm
2025-01-16 02:46:57,329 - INFO - Extension already installed: pg_trgm
2025-01-16 02:46:57,330 - INFO - Checking extension: unaccent
2025-01-16 02:46:57,331 - INFO - Extension already installed: unaccent
2025-01-16 02:46:57,331 - INFO - Checking extension: fuzzystrmatch
2025-01-16 02:46:57,333 - INFO - Extension already installed: fuzzystrmatch
2025-01-16 02:46:57,333 - INFO - Extensions setup completed
2025-01-16 02:46:57,333 - INFO - Creating new database tables
2025-01-16 02:46:57,334 - INFO - Starting table creation/update process
2025-01-16 02:46:57,424 - INFO - Tables created or updated successfully
2025-01-16 02:46:57,424 - INFO - Beginning data processing
2025-01-16 02:46:57,424 - ERROR - Error during migration: name 'process_kaikki_jsonl_new' is not defined
2025-01-16 02:46:57,425 - INFO - Database connection closed
