2025-02-09 11:21:45,360 - INFO - Attempting database connection...
2025-02-09 11:21:45,361 - INFO - Database configuration:
2025-02-09 11:21:45,362 - INFO -   Database Name: fil_dict_db
2025-02-09 11:21:45,362 - INFO -   User: postgres
2025-02-09 11:21:45,363 - INFO -   Host: localhost
2025-02-09 11:21:45,363 - INFO -   Password: ********
2025-02-09 11:21:45,457 - INFO - Successfully established database connection
2025-02-09 11:21:45,458 - INFO - Setting up PostgreSQL extensions...
2025-02-09 11:21:45,459 - INFO - Checking extension: pg_trgm
2025-02-09 11:21:45,467 - INFO - Extension already installed: pg_trgm
2025-02-09 11:21:45,467 - INFO - Checking extension: unaccent
2025-02-09 11:21:45,468 - INFO - Extension already installed: unaccent
2025-02-09 11:21:45,469 - INFO - Checking extension: fuzzystrmatch
2025-02-09 11:21:45,470 - INFO - Extension already installed: fuzzystrmatch
2025-02-09 11:21:45,470 - INFO - Extensions setup completed
2025-02-09 11:21:45,471 - INFO - Starting table creation/update process.
2025-02-09 11:21:45,543 - INFO - Tables created or updated successfully.
2025-02-09 11:21:45,550 - INFO - Processing Tagalog words from: data/tagalog-words.json
2025-02-09 11:21:45,917 - ERROR - Error processing Tagalog words file: Unsupported data format in tagalog-words.json
2025-02-09 11:21:45,918 - ERROR - Error processing file data/tagalog-words.json: Unsupported data format in tagalog-words.json
2025-02-09 11:21:45,919 - WARNING - Skipping file data/tagalog-words.json due to errors.
2025-02-09 11:21:45,945 - INFO - Processing root words from: data/root_words_with_associated_words_cleaned.json
