2025-04-05 11:15:02,187 - INFO - Starting lookup for word: 'harot'
2025-04-05 11:15:02,266 - INFO - pg_trgm extension installed: True
2025-04-05 11:15:02,267 - INFO - Executing exact match query for 'harot'
2025-04-05 11:15:02,661 - INFO - Found 1 exact matches
2025-04-05 11:15:02,662 - INFO - Processing result 1/1
2025-04-05 11:15:02,662 - INFO - Word ID: 38587
2025-04-05 11:15:02,662 - INFO - Lemma: harot
2025-04-05 11:15:02,663 - INFO - Language code: tl
2025-04-05 11:15:02,674 - INFO - Querying pronunciations for word_id 38587
2025-04-05 11:15:02,676 - INFO - Found 4 pronunciations
2025-04-05 11:15:02,678 - WARNING - Error parsing pronunciation sources: Expecting value: line 1 column 1 (char 0)
2025-04-05 11:15:02,680 - WARNING - Error parsing pronunciation sources: Expecting value: line 1 column 1 (char 0)
2025-04-05 11:15:02,682 - WARNING - Error parsing pronunciation sources: Expecting value: line 1 column 1 (char 0)
2025-04-05 11:15:02,684 - WARNING - Error parsing pronunciation sources: Expecting value: line 1 column 1 (char 0)
2025-04-05 11:15:02,685 - INFO - Querying etymologies for word_id 38587
2025-04-05 11:15:02,691 - INFO - Found 0 etymologies
2025-04-05 11:15:02,692 - INFO - Querying definitions for word_id 38587
2025-04-05 11:15:02,702 - INFO - Found 10 definitions
2025-04-05 11:15:02,704 - INFO - Processing definition 1/10
2025-04-05 11:15:02,706 - INFO - Processing definition 2/10
2025-04-05 11:15:02,707 - INFO - Processing definition 3/10
2025-04-05 11:15:02,708 - INFO - Processing definition 4/10
2025-04-05 11:15:02,712 - INFO - Processing definition 5/10
2025-04-05 11:15:02,713 - INFO - Processing definition 6/10
2025-04-05 11:15:02,714 - INFO - Processing definition 7/10
2025-04-05 11:15:02,715 - INFO - Processing definition 8/10
2025-04-05 11:15:02,716 - INFO - Processing definition 9/10
2025-04-05 11:15:02,718 - INFO - Processing definition 10/10
2025-04-05 11:15:02,720 - INFO - Querying relations for word_id 38587
2025-04-05 11:15:02,729 - INFO - Found 27 relations
2025-04-05 11:15:02,752 - INFO - Database connection closed
