2025-04-14 18:32:31,928 - INFO - Starting table creation/update process.
2025-04-14 18:32:32,328 - INFO - Tables created or updated successfully.
2025-04-14 18:32:32,333 - INFO - Starting processing for Tagalog Words from ..\data\tagalog-words.json
2025-04-14 18:32:32,334 - INFO - Processing Tagalog words file: ..\data\tagalog-words.json with entry-level transactions.
2025-04-14 18:32:32,385 - ERROR - Critical error processing file ..\data\tagalog-words.json: No module named 'ijson'
Traceback (most recent call last):
  File "C:\fil-relex\backend\dictionary_manager.py", line 6704, in process_tagalog_words
    import ijson # Consider adding ijson to requirements.txt
    ^^^^^^^^^^^^
ModuleNotFoundError: No module named 'ijson'
2025-04-14 18:32:32,389 - INFO - Finished processing ..\data\tagalog-words.json
2025-04-14 18:32:32,389 - INFO -   Entries processed successfully: 0
2025-04-14 18:32:32,390 - INFO -   Entries skipped (invalid format/empty word): 0
2025-04-14 18:32:32,390 - INFO -   Entries failed (critical errors): 1
2025-04-14 18:32:32,390 - INFO -   Definitions added: 0
2025-04-14 18:32:32,390 - INFO -   Pronunciations added: 0
2025-04-14 18:32:32,391 - INFO -   Etymologies added: 0
2025-04-14 18:32:32,391 - INFO -   Relations added: 0
2025-04-14 18:32:32,391 - WARNING - Error Summary (..\data\tagalog-words.json): {'CriticalFileError: ModuleNotFoundError': 1}
2025-04-14 18:32:32,391 - INFO - Successfully processed source: Tagalog Words
2025-04-14 18:32:32,393 - INFO - All sources processed successfully. Committing transaction...
2025-04-14 18:32:32,394 - INFO - Database connection closed.
