2025-04-05 10:23:21,830 - INFO - Starting lookup for word: 'charot'
2025-04-05 10:23:21,911 - INFO - pg_trgm extension installed: True
2025-04-05 10:23:21,912 - INFO - Executing exact match query for 'charot'
2025-04-05 10:23:22,336 - INFO - Found 1 exact matches
2025-04-05 10:23:22,337 - INFO - Processing result 1/1
2025-04-05 10:23:22,337 - INFO - Word ID: 155020
2025-04-05 10:23:22,338 - INFO - Lemma: charot
2025-04-05 10:23:22,338 - INFO - Language code: tl
2025-04-05 10:23:22,346 - INFO - Querying pronunciations for word_id 155020
2025-04-05 10:23:22,351 - ERROR - Error retrieving pronunciations: column "pronounciation_metadata" does not exist
LINE 2:                         SELECT type, value, tags, pronouncia...
                                                          ^
HINT:  Perhaps you meant to reference the column "pronunciations.pronunciation_metadata".

2025-04-05 10:23:22,352 - INFO - Querying etymologies for word_id 155020
2025-04-05 10:23:22,354 - ERROR - Error retrieving etymologies: current transaction is aborted, commands ignored until end of transaction block

2025-04-05 10:23:22,355 - INFO - Querying definitions for word_id 155020
2025-04-05 10:23:22,357 - ERROR - Error retrieving definitions: current transaction is aborted, commands ignored until end of transaction block

2025-04-05 10:23:22,357 - INFO - Querying relations for word_id 155020
2025-04-05 10:23:22,358 - ERROR - Error retrieving relations: current transaction is aborted, commands ignored until end of transaction block

2025-04-05 10:23:22,359 - INFO - Database connection closed
