2025-03-31 09:10:18,817 - INFO - Starting lookup for word: 'comida'
2025-03-31 09:10:18,879 - INFO - pg_trgm extension installed: True
2025-03-31 09:10:18,880 - INFO - Executing exact match query for 'comida'
2025-03-31 09:10:18,896 - INFO - Found 0 exact matches
2025-03-31 09:10:18,897 - INFO - No exact matches, trying fuzzy search for 'comida'
2025-03-31 09:10:18,905 - INFO - Found 0 fuzzy matches
2025-03-31 09:10:18,906 - INFO - No fuzzy matches, falling back to ILIKE search
2025-03-31 09:10:18,907 - INFO - Trying ILIKE search for 'comida'
2025-03-31 09:10:18,910 - INFO - ILIKE search found 0 matches
2025-03-31 09:10:18,910 - INFO - Diagnostic: checking if word exists in any form
2025-03-31 09:10:18,912 - INFO - Diagnostic result: Word 'comida' exists (partial match): False
2025-03-31 09:10:18,912 - INFO - Diagnostic: verifying database schema
2025-03-31 09:10:18,938 - INFO - Diagnostic: words table has 18 columns
2025-03-31 09:10:18,939 - INFO -   Column: id, Type: integer
2025-03-31 09:10:18,939 - INFO -   Column: lemma, Type: character varying
2025-03-31 09:10:18,940 - INFO -   Column: normalized_lemma, Type: character varying
2025-03-31 09:10:18,940 - INFO -   Column: has_baybayin, Type: boolean
2025-03-31 09:10:18,941 - INFO -   Column: baybayin_form, Type: character varying
2025-03-31 09:10:18,941 - INFO -   Column: romanized_form, Type: character varying
2025-03-31 09:10:18,941 - INFO -   Column: language_code, Type: character varying
2025-03-31 09:10:18,942 - INFO -   Column: root_word_id, Type: integer
2025-03-31 09:10:18,942 - INFO -   Column: preferred_spelling, Type: character varying
2025-03-31 09:10:18,942 - INFO -   Column: tags, Type: text
2025-03-31 09:10:18,943 - INFO -   Column: idioms, Type: jsonb
2025-03-31 09:10:18,943 - INFO -   Column: pronunciation_data, Type: jsonb
2025-03-31 09:10:18,943 - INFO -   Column: source_info, Type: text
2025-03-31 09:10:18,944 - INFO -   Column: word_metadata, Type: jsonb
2025-03-31 09:10:18,944 - INFO -   Column: data_hash, Type: text
2025-03-31 09:10:18,945 - INFO -   Column: created_at, Type: timestamp with time zone
2025-03-31 09:10:18,945 - INFO -   Column: updated_at, Type: timestamp with time zone
2025-03-31 09:10:18,945 - INFO -   Column: search_text, Type: tsvector
2025-03-31 09:10:18,950 - INFO - Database connection closed
