2025-02-09 11:28:59,048 - INFO - Attempting database connection...
2025-02-09 11:28:59,050 - INFO - Database configuration:
2025-02-09 11:28:59,051 - INFO -   Database Name: fil_dict_db
2025-02-09 11:28:59,051 - INFO -   User: postgres
2025-02-09 11:28:59,052 - INFO -   Host: localhost
2025-02-09 11:28:59,053 - INFO -   Password: ********
2025-02-09 11:28:59,163 - INFO - Successfully established database connection
2025-02-09 11:28:59,163 - INFO - Setting up PostgreSQL extensions...
2025-02-09 11:28:59,164 - INFO - Checking extension: pg_trgm
2025-02-09 11:28:59,177 - INFO - Extension already installed: pg_trgm
2025-02-09 11:28:59,178 - INFO - Checking extension: unaccent
2025-02-09 11:28:59,179 - INFO - Extension already installed: unaccent
2025-02-09 11:28:59,180 - INFO - Checking extension: fuzzystrmatch
2025-02-09 11:28:59,181 - INFO - Extension already installed: fuzzystrmatch
2025-02-09 11:28:59,182 - INFO - Extensions setup completed
2025-02-09 11:28:59,183 - INFO - Starting table creation/update process.
2025-02-09 11:28:59,275 - INFO - Tables created or updated successfully.
2025-02-09 11:28:59,280 - WARNING - Source file not found: backend/data/tagalog-words.json
2025-02-09 11:28:59,281 - WARNING - Source file not found: backend/data/root_words_with_associated_words_cleaned.json
2025-02-09 11:28:59,282 - WARNING - Source file not found: backend/data/kwf_dictionary.json
2025-02-09 11:28:59,282 - WARNING - Source file not found: backend/data/kaikki.jsonl
2025-02-09 11:28:59,283 - WARNING - Source file not found: backend/data/kaikki-ceb.jsonl
2025-02-09 11:28:59,287 - INFO - Processing Baybayin entries...
2025-02-09 11:28:59,363 - INFO - Baybayin data cleanup completed successfully
2025-02-09 11:28:59,364 - INFO - Migration completed successfully
