2025-04-05 11:08:21,298 - INFO - Starting lookup for word: 'harot'
2025-04-05 11:08:21,369 - INFO - pg_trgm extension installed: True
2025-04-05 11:08:21,370 - INFO - Executing exact match query for 'harot'
2025-04-05 11:08:21,713 - INFO - Found 1 exact matches
2025-04-05 11:08:21,713 - INFO - Processing result 1/1
2025-04-05 11:08:21,714 - INFO - Word ID: 38587
2025-04-05 11:08:21,714 - INFO - Lemma: harot
2025-04-05 11:08:21,714 - INFO - Language code: tl
2025-04-05 11:08:21,721 - INFO - Querying pronunciations for word_id 38587
2025-04-05 11:08:21,722 - INFO - Found 4 pronunciations
2025-04-05 11:08:21,724 - WARNING - Error parsing pronunciation sources: Expecting value: line 1 column 1 (char 0)
2025-04-05 11:08:21,726 - WARNING - Error parsing pronunciation sources: Expecting value: line 1 column 1 (char 0)
2025-04-05 11:08:21,727 - WARNING - Error parsing pronunciation sources: Expecting value: line 1 column 1 (char 0)
2025-04-05 11:08:21,728 - WARNING - Error parsing pronunciation sources: Expecting value: line 1 column 1 (char 0)
2025-04-05 11:08:21,728 - INFO - Querying etymologies for word_id 38587
2025-04-05 11:08:21,732 - INFO - Found 0 etymologies
2025-04-05 11:08:21,733 - INFO - Querying definitions for word_id 38587
2025-04-05 11:08:21,741 - INFO - Found 10 definitions
2025-04-05 11:08:21,742 - INFO - Processing definition 1/10
2025-04-05 11:08:21,744 - INFO - Processing definition 2/10
2025-04-05 11:08:21,745 - INFO - Processing definition 3/10
2025-04-05 11:08:21,746 - INFO - Processing definition 4/10
2025-04-05 11:08:21,750 - INFO - Processing definition 5/10
2025-04-05 11:08:21,752 - INFO - Processing definition 6/10
2025-04-05 11:08:21,753 - INFO - Processing definition 7/10
2025-04-05 11:08:21,754 - INFO - Processing definition 8/10
2025-04-05 11:08:21,754 - INFO - Processing definition 9/10
2025-04-05 11:08:21,755 - INFO - Processing definition 10/10
2025-04-05 11:08:21,756 - INFO - Querying relations for word_id 38587
2025-04-05 11:08:21,761 - INFO - Found 27 relations
2025-04-05 11:08:21,779 - INFO - Database connection closed
