2025-03-24 20:23:53,790 - INFO - Starting table creation/update process.
2025-03-24 20:23:55,173 - INFO - Tables created or updated successfully.
2025-03-24 20:23:55,185 - INFO - Processing Tagalog words from: ../data\tagalog-words.json
2025-03-24 20:23:55,453 - INFO - Found 65328 dictionary-style entries
2025-03-24 20:23:55,486 - INFO - Creating word entries...
2025-03-24 20:25:15,243 - INFO - Created/found 65328 words
2025-03-24 20:31:20,962 - INFO - Completed processing tagalog-words.json
2025-03-24 20:31:21,260 - WARNING - Could not create savepoint sp_get_or_create_word_id: SAVEPOINT can only be used in transaction blocks
. Rolling back entire transaction.
2025-03-24 20:32:48,673 - ERROR - Error processing KWF Dictionary: string indices must be integers, not 'str'
2025-03-24 20:32:52,099 - WARNING - Invalid Baybayin form for word_id 73148: ᜒᜅ᜔
2025-03-24 20:32:53,352 - WARNING - Invalid Baybayin form for word_id 22909: ᜒᜈ᜔
2025-03-24 20:32:53,361 - WARNING - Invalid Baybayin form for word_id 22909: ᜒᜈ᜔
2025-03-24 20:32:53,364 - WARNING - Invalid Baybayin form for word_id 22909: ᜒᜈ᜔
2025-03-24 20:32:53,852 - ERROR - Error in insert_definition for word_id 30292, definition: ten thousand...: duplicate key value violates unique constraint "definitions_unique"
DETAIL:  Key (word_id, definition_text, standardized_pos_id)=(30292, ten thousand, 19) already exists.

2025-03-24 20:32:53,855 - WARNING - Could not release savepoint sp_insert_definition: current transaction is aborted, commands ignored until end of transaction block

2025-03-24 20:32:54,697 - WARNING - Invalid Baybayin form for word_id 73199: ᜓᜋ᜔
2025-03-24 20:32:55,033 - WARNING - Invalid Baybayin form for word_id 73204: ᜒ
2025-03-24 20:32:55,037 - WARNING - Invalid Baybayin form for word_id 22908: ᜒᜈ᜔
2025-03-24 20:32:59,402 - WARNING - Invalid Baybayin form for word_id 24152: ᜒᜐ᜔ᜆ
2025-03-24 20:33:05,258 - WARNING - Invalid Baybayin form for word_id 24260: ᜒᜆᜓ
2025-03-24 20:33:05,271 - WARNING - Invalid Baybayin form for word_id 73512: ᜒᜆ
2025-03-24 20:33:07,699 - WARNING - Invalid Baybayin form for word_id 73592: ᜒᜐ᜔ᜋᜓ
2025-03-24 20:33:08,607 - WARNING - Invalid Baybayin form for word_id 15694: ᜒᜇᜓ
2025-03-24 20:33:13,222 - WARNING - Invalid Baybayin form for word_id 73719: ᜒᜇ
2025-03-24 20:33:19,779 - WARNING - Invalid Baybayin form for word_id 73949: ᜒᜌ᜔
2025-03-24 20:34:13,997 - WARNING - Invalid Baybayin form for word_id 38866: ᜓᜌ᜔
2025-03-24 20:34:17,427 - WARNING - Invalid Baybayin form for word_id 77077: ᜉ ᜒᜈ᜔
2025-03-24 20:34:17,744 - ERROR - Error in insert_definition for word_id 29734, definition: forty...: duplicate key value violates unique constraint "definitions_unique"
DETAIL:  Key (word_id, definition_text, standardized_pos_id)=(29734, forty, 19) already exists.

2025-03-24 20:34:17,745 - WARNING - Could not release savepoint sp_insert_definition: current transaction is aborted, commands ignored until end of transaction block

2025-03-24 20:34:19,361 - ERROR - Error in insert_definition for word_id 49635, definition: one thousand...: duplicate key value violates unique constraint "definitions_unique"
DETAIL:  Key (word_id, definition_text, standardized_pos_id)=(49635, one thousand, 19) already exists.

2025-03-24 20:34:19,362 - WARNING - Could not release savepoint sp_insert_definition: current transaction is aborted, commands ignored until end of transaction block

2025-03-24 20:34:22,325 - WARNING - Invalid Baybayin form for word_id 77319: ᜒᜎ᜔ᜌᜓ
2025-03-24 20:34:49,218 - WARNING - Invalid Baybayin form for word_id 78890: ᜋ ᜒᜈ᜔
2025-03-24 20:34:49,221 - WARNING - Invalid Baybayin form for word_id 15726: ᜒᜇ᜔ᜌ
2025-03-24 20:34:49,225 - WARNING - Invalid Baybayin form for word_id 15687: ᜒᜇᜒᜌ
