2025-04-02 19:41:58,064 - INFO - Starting table creation/update process.
2025-04-02 19:41:58,494 - INFO - Tables created or updated successfully.
2025-04-02 19:41:58,498 - INFO - Processing Tagalog words from: ..\data\tagalog-words.json
2025-04-02 19:41:58,498 - INFO - Using standardized source identifier: 'diksiyonaryo.ph'
2025-04-02 19:41:59,309 - INFO - Found 65336 entries to process
2025-04-02 19:41:59,341 - INFO - Word '-a' (tl) created (ID: 1) from source 'diksiyonaryo.ph'.
2025-04-02 19:41:59,364 - INFO - Word '-O' (tl) created (ID: 2) from source 'diksiyonaryo.ph'.
2025-04-02 19:41:59,372 - INFO - Word 'A' (tl) created (ID: 3) from source 'diksiyonaryo.ph'.
2025-04-02 19:41:59,383 - INFO - Word 'A!' (tl) created (ID: 4) from source 'diksiyonaryo.ph'.
2025-04-02 19:41:59,392 - INFO - Word 'aà' (tl) created (ID: 5) from source 'diksiyonaryo.ph'.
2025-04-02 19:41:59,396 - INFO - Word 'OÒ' (tl) created (ID: 6) from source 'diksiyonaryo.ph'.
2025-04-02 19:41:59,402 - INFO - Word 'aáb' (tl) created (ID: 7) from source 'diksiyonaryo.ph'.
2025-04-02 19:41:59,406 - INFO - Word 'HÁKHAK' (tl) created (ID: 8) from source 'diksiyonaryo.ph'.
2025-04-02 19:41:59,411 - INFO - Word 'HUKÁD' (tl) created (ID: 9) from source 'diksiyonaryo.ph'.
2025-04-02 19:41:59,414 - INFO - Word 'KÚTAB' (tl) created (ID: 10) from source 'diksiyonaryo.ph'.
2025-04-02 19:41:59,416 - INFO - Word 'PÚNIT' (tl) created (ID: 11) from source 'diksiyonaryo.ph'.
2025-04-02 19:41:59,418 - INFO - Word 'ÚKIT' (tl) created (ID: 12) from source 'diksiyonaryo.ph'.
2025-04-02 19:41:59,420 - INFO - Word 'ÚTAB' (tl) created (ID: 13) from source 'diksiyonaryo.ph'.
2025-04-02 19:41:59,423 - INFO - Word 'aáda' (tl) created (ID: 14) from source 'diksiyonaryo.ph'.
2025-04-02 19:41:59,428 - INFO - Word 'aádto' (tl) created (ID: 15) from source 'diksiyonaryo.ph'.
2025-04-02 19:41:59,432 - INFO - Word 'aagáw' (tl) created (ID: 16) from source 'diksiyonaryo.ph'.
2025-04-02 19:41:59,438 - INFO - Word 'aák' (tl) created (ID: 17) from source 'diksiyonaryo.ph'.
2025-04-02 19:41:59,440 - INFO - Word 'a·a·kín' (tl) created (ID: 18) from source 'diksiyonaryo.ph'.
2025-04-02 19:41:59,442 - INFO - Word 'mag-a·ák' (tl) created (ID: 19) from source 'diksiyonaryo.ph'.
2025-04-02 19:41:59,443 - INFO - Word 'u·ma·ák' (tl) created (ID: 20) from source 'diksiyonaryo.ph'.
2025-04-02 19:41:59,448 - INFO - Word 'aám' (tl) created (ID: 21) from source 'diksiyonaryo.ph'.
2025-04-02 19:41:59,454 - INFO - Word 'aánhi' (tl) created (ID: 22) from source 'diksiyonaryo.ph'.
2025-04-02 19:41:59,458 - INFO - Word 'aánhon' (tl) created (ID: 23) from source 'diksiyonaryo.ph'.
2025-04-02 19:41:59,461 - INFO - Word 'áap' (tl) created (ID: 24) from source 'diksiyonaryo.ph'.
2025-04-02 19:41:59,465 - INFO - Word 'aapúyan' (tl) created (ID: 25) from source 'diksiyonaryo.ph'.
2025-04-02 19:41:59,468 - INFO - Word 'Aaron' (tl) created (ID: 26) from source 'diksiyonaryo.ph'.
2025-04-02 19:41:59,471 - INFO - Word 'aáto-áto' (tl) created (ID: 27) from source 'diksiyonaryo.ph'.
2025-04-02 19:41:59,474 - INFO - Word 'ÁTO' (tl) created (ID: 28) from source 'diksiyonaryo.ph'.
2025-04-02 19:41:59,476 - INFO - Word 'AB' (tl) created (ID: 29) from source 'diksiyonaryo.ph'.
2025-04-02 19:41:59,481 - INFO - Word 'BA' (tl) created (ID: 30) from source 'diksiyonaryo.ph'.
2025-04-02 19:41:59,483 - INFO - Word 'abá' (tl) created (ID: 31) from source 'diksiyonaryo.ph'.
2025-04-02 19:41:59,485 - INFO - Word 'Abá!' (tl) created (ID: 32) from source 'diksiyonaryo.ph'.
2025-04-02 19:41:59,487 - INFO - Word 'ABADÁW!' (tl) created (ID: 33) from source 'diksiyonaryo.ph'.
2025-04-02 19:41:59,489 - INFO - Word 'a·ba·ín' (tl) created (ID: 34) from source 'diksiyonaryo.ph'.
2025-04-02 19:41:59,490 - INFO - Word 'mang-a·bâ' (tl) created (ID: 35) from source 'diksiyonaryo.ph'.
2025-04-02 19:41:59,493 - INFO - Word 'abaána' (tl) created (ID: 36) from source 'diksiyonaryo.ph'.
2025-04-02 19:41:59,495 - INFO - Word 'abáaw' (tl) created (ID: 37) from source 'diksiyonaryo.ph'.
2025-04-02 19:41:59,498 - INFO - Word 'áb-ab' (tl) created (ID: 38) from source 'diksiyonaryo.ph'.
2025-04-02 19:41:59,499 - INFO - Word 'ab-á·bin' (tl) created (ID: 39) from source 'diksiyonaryo.ph'.
2025-04-02 19:41:59,501 - INFO - Word 'i·áb-ab' (tl) created (ID: 40) from source 'diksiyonaryo.ph'.
2025-04-02 19:41:59,502 - INFO - Word 'mag-áb-ab' (tl) created (ID: 41) from source 'diksiyonaryo.ph'.
2025-04-02 19:41:59,506 - INFO - Word 'ábab' (tl) created (ID: 42) from source 'diksiyonaryo.ph'.
2025-04-02 19:41:59,509 - INFO - Word 'abába' (tl) created (ID: 43) from source 'diksiyonaryo.ph'.
2025-04-02 19:41:59,511 - INFO - Word 'ababatiyáwan' (tl) created (ID: 44) from source 'diksiyonaryo.ph'.
2025-04-02 19:41:59,514 - INFO - Word 'abábaw' (tl) created (ID: 45) from source 'diksiyonaryo.ph'.
2025-04-02 19:41:59,517 - INFO - Word 'abábbaw' (tl) created (ID: 46) from source 'diksiyonaryo.ph'.
2025-04-02 19:41:59,521 - INFO - Word 'áb-abî-ik' (tl) created (ID: 47) from source 'diksiyonaryo.ph'.
2025-04-02 19:41:59,523 - INFO - Word 'abaciscus' (tl) created (ID: 48) from source 'diksiyonaryo.ph'.
2025-04-02 19:41:59,526 - INFO - Word 'abád' (tl) created (ID: 49) from source 'diksiyonaryo.ph'.
2025-04-02 19:41:59,528 - INFO - Word 'ÁBBESS' (tl) created (ID: 50) from source 'diksiyonaryo.ph'.
2025-04-02 19:41:59,530 - INFO - Word 'ÁBBOT' (tl) created (ID: 51) from source 'diksiyonaryo.ph'.
2025-04-02 19:41:59,531 - INFO - Word 'PRELATE' (tl) created (ID: 52) from source 'diksiyonaryo.ph'.
2025-04-02 19:41:59,534 - INFO - Word 'abáda' (tl) created (ID: 53) from source 'diksiyonaryo.ph'.
2025-04-02 19:41:59,541 - INFO - Word 'Abudáw!' (tl) created (ID: 54) from source 'diksiyonaryo.ph'.
2025-04-02 19:41:59,543 - INFO - Word 'Abaddon' (tl) created (ID: 55) from source 'diksiyonaryo.ph'.
2025-04-02 19:41:59,546 - INFO - Word 'Abadéha' (tl) created (ID: 56) from source 'diksiyonaryo.ph'.
2025-04-02 19:41:59,549 - INFO - Word 'abadíya' (tl) created (ID: 57) from source 'diksiyonaryo.ph'.
2025-04-02 19:41:59,552 - INFO - Word 'ABBEY' (tl) created (ID: 58) from source 'diksiyonaryo.ph'.
2025-04-02 19:41:59,553 - INFO - Word 'BÁHAY-PARÌ' (tl) created (ID: 59) from source 'diksiyonaryo.ph'.
2025-04-02 19:41:59,555 - INFO - Word 'ERMÍTA' (tl) created (ID: 60) from source 'diksiyonaryo.ph'.
2025-04-02 19:41:59,556 - INFO - Word 'KUMBÉNTO' (tl) created (ID: 61) from source 'diksiyonaryo.ph'.
2025-04-02 19:41:59,557 - INFO - Word 'MONASTÉRYO' (tl) created (ID: 62) from source 'diksiyonaryo.ph'.
2025-04-02 19:41:59,558 - INFO - Word 'abadyáto' (tl) created (ID: 63) from source 'diksiyonaryo.ph'.
2025-04-02 19:41:59,560 - INFO - Word 'abáfiw' (tl) created (ID: 64) from source 'diksiyonaryo.ph'.
2025-04-02 19:41:59,563 - INFO - Word 'AWEDÉNG' (tl) created (ID: 65) from source 'diksiyonaryo.ph'.
2025-04-02 19:41:59,564 - INFO - Word 'KÓDING' (tl) created (ID: 66) from source 'diksiyonaryo.ph'.
2025-04-02 19:41:59,565 - INFO - Word 'afiw' (tl) created (ID: 67) from source 'diksiyonaryo.ph'.
2025-04-02 19:41:59,567 - INFO - Word 'ábag' (tl) created (ID: 68) from source 'diksiyonaryo.ph'.
2025-04-02 19:41:59,571 - INFO - Word 'abagá' (tl) created (ID: 69) from source 'diksiyonaryo.ph'.
2025-04-02 19:41:59,572 - INFO - Word 'a·ba·ga·hín' (tl) created (ID: 70) from source 'diksiyonaryo.ph'.
2025-04-02 19:41:59,573 - INFO - Word 'ma·a·ba·gá' (tl) created (ID: 71) from source 'diksiyonaryo.ph'.
2025-04-02 19:41:59,575 - INFO - Word 'ma·ka·a·ba·gá' (tl) created (ID: 72) from source 'diksiyonaryo.ph'.
2025-04-02 19:41:59,579 - INFO - Word 'abágat' (tl) created (ID: 73) from source 'diksiyonaryo.ph'.
2025-04-02 19:41:59,583 - INFO - Word 'abagbág' (tl) created (ID: 74) from source 'diksiyonaryo.ph'.
2025-04-02 19:41:59,585 - INFO - Word 'abághan' (tl) created (ID: 75) from source 'diksiyonaryo.ph'.
2025-04-02 19:41:59,587 - INFO - Word 'Abá Ginoóng María' (tl) created (ID: 76) from source 'diksiyonaryo.ph'.
2025-04-02 19:41:59,590 - INFO - Word 'ábak' (tl) created (ID: 77) from source 'diksiyonaryo.ph'.
2025-04-02 19:41:59,592 - INFO - Word 'abaká' (tl) created (ID: 78) from source 'diksiyonaryo.ph'.
2025-04-02 19:41:59,594 - INFO - Word 'IBÍLAW' (tl) created (ID: 79) from source 'diksiyonaryo.ph'.
2025-04-02 19:41:59,596 - INFO - Word 'LABÁYO' (tl) created (ID: 80) from source 'diksiyonaryo.ph'.
2025-04-02 19:41:59,599 - INFO - Word 'LÁIN' (tl) created (ID: 81) from source 'diksiyonaryo.ph'.
2025-04-02 19:41:59,601 - INFO - Word 'PAGÚWA' (tl) created (ID: 82) from source 'diksiyonaryo.ph'.
2025-04-02 19:41:59,609 - INFO - Word 'LÁNOT' (tl) created (ID: 83) from source 'diksiyonaryo.ph'.
2025-04-02 19:41:59,613 - INFO - Word 'abák-abák' (tl) created (ID: 84) from source 'diksiyonaryo.ph'.
2025-04-02 19:41:59,616 - INFO - Word 'abakáda' (tl) created (ID: 85) from source 'diksiyonaryo.ph'.
2025-04-02 19:41:59,618 - INFO - Word 'ALPABÉTO' (tl) created (ID: 86) from source 'diksiyonaryo.ph'.
2025-04-02 19:41:59,620 - INFO - Word 'BAYBÁYIN' (tl) created (ID: 87) from source 'diksiyonaryo.ph'.
2025-04-02 19:41:59,622 - INFO - Word 'ABC' (tl) created (ID: 88) from source 'diksiyonaryo.ph'.
2025-04-02 19:41:59,624 - INFO - Word 'ábakahán' (tl) created (ID: 89) from source 'diksiyonaryo.ph'.
2025-04-02 19:41:59,627 - INFO - Word 'KÁABAKHÁN' (tl) created (ID: 90) from source 'diksiyonaryo.ph'.
2025-04-02 19:41:59,629 - INFO - Word 'Abáknon' (tl) created (ID: 91) from source 'diksiyonaryo.ph'.
2025-04-02 19:41:59,631 - INFO - Word 'INABÁKNON' (tl) created (ID: 92) from source 'diksiyonaryo.ph'.
2025-04-02 19:41:59,632 - INFO - Word 'ábakó' (tl) created (ID: 93) from source 'diksiyonaryo.ph'.
2025-04-02 19:41:59,634 - INFO - Word 'ábakús' (tl) created (ID: 94) from source 'diksiyonaryo.ph'.
2025-04-02 19:41:59,640 - INFO - Word 'ábal' (tl) created (ID: 95) from source 'diksiyonaryo.ph'.
2025-04-02 19:41:59,644 - INFO - Word 'abalá' (tl) created (ID: 96) from source 'diksiyonaryo.ph'.
2025-04-02 19:41:59,647 - INFO - Word 'ALIGAGÂ' (tl) created (ID: 97) from source 'diksiyonaryo.ph'.
2025-04-02 19:41:59,648 - INFO - Word 'BUSY' (tl) created (ID: 98) from source 'diksiyonaryo.ph'.
2025-04-02 19:41:59,650 - INFO - Word 'ENGAGED' (tl) created (ID: 99) from source 'diksiyonaryo.ph'.
2025-04-02 19:41:59,652 - INFO - Word 'LINGÁ' (tl) created (ID: 100) from source 'diksiyonaryo.ph'.
2025-04-02 19:41:59,654 - INFO - Word 'MASAKÒ' (tl) created (ID: 101) from source 'diksiyonaryo.ph'.
2025-04-02 19:41:59,655 - INFO - Word 'OKUPÁDO' (tl) created (ID: 102) from source 'diksiyonaryo.ph'.
2025-04-02 19:41:59,657 - INFO - Word 'SIBÓT' (tl) created (ID: 103) from source 'diksiyonaryo.ph'.
2025-04-02 19:41:59,662 - INFO - Word 'ÁBAL-ÁBAL' (tl) created (ID: 104) from source 'diksiyonaryo.ph'.
2025-04-02 19:41:59,664 - INFO - Word 'ANTÁLA' (tl) created (ID: 105) from source 'diksiyonaryo.ph'.
2025-04-02 19:41:59,666 - INFO - Word 'HOLD-UP1' (tl) created (ID: 106) from source 'diksiyonaryo.ph'.
2025-04-02 19:41:59,667 - INFO - Word 'INTERUPSIYÓN' (tl) created (ID: 107) from source 'diksiyonaryo.ph'.
2025-04-02 19:41:59,668 - INFO - Word 'MOLÉSTIYÁ' (tl) created (ID: 108) from source 'diksiyonaryo.ph'.
2025-04-02 19:41:59,670 - INFO - Word 'RETRÁSO' (tl) created (ID: 109) from source 'diksiyonaryo.ph'.
2025-04-02 19:41:59,671 - INFO - Word 'GAMBÁLA' (tl) created (ID: 110) from source 'diksiyonaryo.ph'.
2025-04-02 19:41:59,673 - INFO - Word 'abalábal' (tl) created (ID: 111) from source 'diksiyonaryo.ph'.
2025-04-02 19:41:59,675 - INFO - Word 'ABÚBOT' (tl) created (ID: 112) from source 'diksiyonaryo.ph'.
2025-04-02 19:41:59,676 - INFO - Word 'KARGÁDA' (tl) created (ID: 113) from source 'diksiyonaryo.ph'.
2025-04-02 19:41:59,678 - INFO - Word 'ABÁSTO' (tl) created (ID: 114) from source 'diksiyonaryo.ph'.
2025-04-02 19:41:59,682 - INFO - Word 'abálayán' (tl) created (ID: 115) from source 'diksiyonaryo.ph'.
2025-04-02 19:41:59,686 - INFO - Word 'abálo' (tl) created (ID: 116) from source 'diksiyonaryo.ph'.
2025-04-02 19:41:59,689 - INFO - Word 'PÁTAW' (tl) created (ID: 117) from source 'diksiyonaryo.ph'.
2025-04-02 19:41:59,691 - INFO - Word 'abáloán' (tl) created (ID: 118) from source 'diksiyonaryo.ph'.
2025-04-02 19:41:59,694 - INFO - Word 'abalone' (tl) created (ID: 119) from source 'diksiyonaryo.ph'.
2025-04-02 19:41:59,696 - INFO - Word 'ABULÓN' (tl) created (ID: 120) from source 'diksiyonaryo.ph'.
2025-04-02 19:41:59,697 - INFO - Word 'abalone mushroom' (tl) created (ID: 121) from source 'diksiyonaryo.ph'.
2025-04-02 19:41:59,700 - INFO - Word 'abalóryo' (tl) created (ID: 122) from source 'diksiyonaryo.ph'.
2025-04-02 19:41:59,702 - INFO - Word 'BATÉK' (tl) created (ID: 123) from source 'diksiyonaryo.ph'.
2025-04-02 19:41:59,704 - INFO - Word 'BEAD' (tl) created (ID: 124) from source 'diksiyonaryo.ph'.
2025-04-02 19:41:59,706 - INFO - Word 'BÚTIL' (tl) created (ID: 125) from source 'diksiyonaryo.ph'.
2025-04-02 19:41:59,708 - INFO - Word 'LUSÓK' (tl) created (ID: 126) from source 'diksiyonaryo.ph'.
2025-04-02 19:41:59,710 - INFO - Word 'Abá mo nganí!' (tl) created (ID: 127) from source 'diksiyonaryo.ph'.
2025-04-02 19:41:59,713 - INFO - Word 'ábamp' (tl) created (ID: 128) from source 'diksiyonaryo.ph'.
2025-04-02 19:41:59,715 - INFO - Word 'abampere' (tl) created (ID: 129) from source 'diksiyonaryo.ph'.
2025-04-02 19:41:59,720 - INFO - Word 'ában' (tl) created (ID: 130) from source 'diksiyonaryo.ph'.
2025-04-02 19:41:59,722 - INFO - Word 'a·bá·nin' (tl) created (ID: 131) from source 'diksiyonaryo.ph'.
2025-04-02 19:41:59,723 - INFO - Word 'mag-á·ban' (tl) created (ID: 132) from source 'diksiyonaryo.ph'.
2025-04-02 19:41:59,725 - INFO - Word 'u·má·ban' (tl) created (ID: 133) from source 'diksiyonaryo.ph'.
2025-04-02 19:41:59,729 - INFO - Word 'abanderádo' (tl) created (ID: 134) from source 'diksiyonaryo.ph'.
2025-04-02 19:41:59,731 - INFO - Word 'FLAGMAN' (tl) created (ID: 135) from source 'diksiyonaryo.ph'.
2025-04-02 19:41:59,733 - INFO - Word 'abándon' (tl) created (ID: 136) from source 'diksiyonaryo.ph'.
2025-04-02 19:41:59,735 - INFO - Word 'abandoná' (tl) created (ID: 137) from source 'diksiyonaryo.ph'.
2025-04-02 19:41:59,739 - INFO - Word 'a·ban·do·na·hín' (tl) created (ID: 138) from source 'diksiyonaryo.ph'.
2025-04-02 19:41:59,740 - INFO - Word 'mag-a·ban·do·ná' (tl) created (ID: 139) from source 'diksiyonaryo.ph'.
2025-04-02 19:41:59,743 - INFO - Word 'abáng' (tl) created (ID: 140) from source 'diksiyonaryo.ph'.
2025-04-02 19:41:59,746 - INFO - Word 'BÁKAY' (tl) created (ID: 141) from source 'diksiyonaryo.ph'.
2025-04-02 19:41:59,748 - INFO - Word 'BANTÁY' (tl) created (ID: 142) from source 'diksiyonaryo.ph'.
2025-04-02 19:41:59,753 - INFO - Word 'ábang-ábang' (tl) created (ID: 143) from source 'diksiyonaryo.ph'.
2025-04-02 19:41:59,757 - INFO - Word 'ábángan' (tl) created (ID: 144) from source 'diksiyonaryo.ph'.
2025-04-02 19:41:59,759 - INFO - Word 'abanglës' (tl) created (ID: 145) from source 'diksiyonaryo.ph'.
2025-04-02 19:41:59,762 - INFO - Word 'abaníd' (tl) created (ID: 146) from source 'diksiyonaryo.ph'.
2025-04-02 19:41:59,766 - INFO - Word 'abaníko' (tl) created (ID: 147) from source 'diksiyonaryo.ph'.
2025-04-02 19:41:59,768 - INFO - Word 'YÁBYAB' (tl) created (ID: 148) from source 'diksiyonaryo.ph'.
2025-04-02 19:41:59,770 - INFO - Word 'CHINESE BLACKBERRY LILY' (tl) created (ID: 149) from source 'diksiyonaryo.ph'.
2025-04-02 19:41:59,772 - INFO - Word 'abáno' (tl) created (ID: 150) from source 'diksiyonaryo.ph'.
2025-04-02 19:41:59,775 - INFO - Word 'abansádo' (tl) created (ID: 151) from source 'diksiyonaryo.ph'.
2025-04-02 19:41:59,779 - INFO - Word 'abánse' (tl) created (ID: 152) from source 'diksiyonaryo.ph'.
2025-04-02 19:41:59,783 - INFO - Word 'abánte' (tl) created (ID: 153) from source 'diksiyonaryo.ph'.
2025-04-02 19:41:59,785 - INFO - Word 'ARYÁ' (tl) created (ID: 154) from source 'diksiyonaryo.ph'.
2025-04-02 19:41:59,787 - INFO - Word 'ÚNA' (tl) created (ID: 155) from source 'diksiyonaryo.ph'.
2025-04-02 19:41:59,789 - INFO - Word 'abantéro' (tl) created (ID: 156) from source 'diksiyonaryo.ph'.
2025-04-02 19:41:59,791 - INFO - Word 'abánto' (tl) created (ID: 157) from source 'diksiyonaryo.ph'.
2025-04-02 19:41:59,793 - INFO - Word 'abár' (tl) created (ID: 158) from source 'diksiyonaryo.ph'.
2025-04-02 19:41:59,795 - INFO - Word 'a·ba·rín' (tl) created (ID: 159) from source 'diksiyonaryo.ph'.
2025-04-02 19:41:59,796 - INFO - Word 'u·ma·bár' (tl) created (ID: 160) from source 'diksiyonaryo.ph'.
2025-04-02 19:41:59,800 - INFO - Word 'ma·á·bar' (tl) created (ID: 161) from source 'diksiyonaryo.ph'.
2025-04-02 19:41:59,804 - INFO - Word 'abaráy' (tl) created (ID: 162) from source 'diksiyonaryo.ph'.
2025-04-02 19:41:59,807 - INFO - Word 'abarísya' (tl) created (ID: 163) from source 'diksiyonaryo.ph'.
2025-04-02 19:41:59,809 - INFO - Word 'abarisyósa' (tl) created (ID: 164) from source 'diksiyonaryo.ph'.
2025-04-02 19:41:59,810 - INFO - Word 'abarká' (tl) created (ID: 165) from source 'diksiyonaryo.ph'.
2025-04-02 19:41:59,813 - INFO - Word 'abáro' (tl) created (ID: 166) from source 'diksiyonaryo.ph'.
2025-04-02 19:41:59,816 - INFO - Word 'abintestáto' (tl) created (ID: 167) from source 'diksiyonaryo.ph'.
2025-04-02 19:41:59,819 - INFO - Word 'ab íntra' (tl) created (ID: 168) from source 'diksiyonaryo.ph'.
2025-04-02 19:41:59,823 - INFO - Word 'abinulók' (tl) created (ID: 169) from source 'diksiyonaryo.ph'.
2025-04-02 19:41:59,825 - INFO - Word 'abiogenesis' (tl) created (ID: 170) from source 'diksiyonaryo.ph'.
2025-04-02 19:41:59,829 - INFO - Word 'SPONTANEOUS GENERATION' (tl) created (ID: 171) from source 'diksiyonaryo.ph'.
2025-04-02 19:41:59,831 - INFO - Word 'abiotrophy' (tl) created (ID: 172) from source 'diksiyonaryo.ph'.
2025-04-02 19:41:59,834 - INFO - Word 'abirritant' (tl) created (ID: 173) from source 'diksiyonaryo.ph'.
2025-04-02 19:41:59,838 - INFO - Word 'abisádo' (tl) created (ID: 174) from source 'diksiyonaryo.ph'.
2025-04-02 19:41:59,841 - INFO - Word 'Abisinia' (tl) created (ID: 175) from source 'diksiyonaryo.ph'.
2025-04-02 19:41:59,844 - INFO - Word 'ABISÍNYA' (tl) created (ID: 176) from source 'diksiyonaryo.ph'.
2025-04-02 19:41:59,846 - INFO - Word 'Abisinio' (tl) created (ID: 177) from source 'diksiyonaryo.ph'.
2025-04-02 19:41:59,851 - INFO - Word 'ABISÍNYO' (tl) created (ID: 178) from source 'diksiyonaryo.ph'.
2025-04-02 19:41:59,860 - INFO - Word 'abismál' (tl) created (ID: 179) from source 'diksiyonaryo.ph'.
2025-04-02 19:41:59,863 - INFO - Word 'abísmo' (tl) created (ID: 180) from source 'diksiyonaryo.ph'.
2025-04-02 19:41:59,866 - INFO - Word 'ABYSS' (tl) created (ID: 181) from source 'diksiyonaryo.ph'.
2025-04-02 19:41:59,868 - INFO - Word 'DALÁMA' (tl) created (ID: 182) from source 'diksiyonaryo.ph'.
2025-04-02 19:41:59,870 - INFO - Word 'KAILALÍMAN' (tl) created (ID: 183) from source 'diksiyonaryo.ph'.
2025-04-02 19:41:59,873 - INFO - Word 'KULÁTAD' (tl) created (ID: 184) from source 'diksiyonaryo.ph'.
2025-04-02 19:41:59,879 - INFO - Word 'abíso' (tl) created (ID: 185) from source 'diksiyonaryo.ph'.
2025-04-02 19:41:59,883 - INFO - Word 'SUBPOENA' (tl) created (ID: 186) from source 'diksiyonaryo.ph'.
2025-04-02 19:41:59,885 - INFO - Word 'abít' (tl) created (ID: 187) from source 'diksiyonaryo.ph'.
2025-04-02 19:41:59,891 - INFO - Word 'ábitó' (tl) created (ID: 188) from source 'diksiyonaryo.ph'.
2025-04-02 19:41:59,894 - INFO - Word 'HÁBIT' (tl) created (ID: 189) from source 'diksiyonaryo.ph'.
2025-04-02 19:41:59,896 - INFO - Word 'SOTÁNA' (tl) created (ID: 190) from source 'diksiyonaryo.ph'.
2025-04-02 19:41:59,899 - INFO - Word 'abitsuwélas' (tl) created (ID: 191) from source 'diksiyonaryo.ph'.
2025-04-02 19:41:59,902 - INFO - Word 'bitsuwélas' (tl) created (ID: 192) from source 'diksiyonaryo.ph'.
2025-04-02 19:41:59,904 - INFO - Word 'abítug' (tl) created (ID: 193) from source 'diksiyonaryo.ph'.
2025-04-02 19:41:59,907 - INFO - Word 'abíyo' (tl) created (ID: 194) from source 'diksiyonaryo.ph'.
2025-04-02 19:41:59,910 - INFO - Word 'abkël' (tl) created (ID: 195) from source 'diksiyonaryo.ph'.
2025-04-02 19:41:59,913 - INFO - Word 'ábla' (tl) created (ID: 196) from source 'diksiyonaryo.ph'.
2025-04-02 19:41:59,916 - INFO - Word 'DALDÁL' (tl) created (ID: 197) from source 'diksiyonaryo.ph'.
2025-04-02 19:41:59,918 - INFO - Word 'SATSÁT' (tl) created (ID: 198) from source 'diksiyonaryo.ph'.
2025-04-02 19:41:59,919 - INFO - Word 'ablád' (tl) created (ID: 199) from source 'diksiyonaryo.ph'.
2025-04-02 19:41:59,922 - INFO - Word 'abláda' (tl) created (ID: 200) from source 'diksiyonaryo.ph'.
2025-04-02 19:41:59,925 - INFO - Word 'abládo' (tl) created (ID: 201) from source 'diksiyonaryo.ph'.
2025-04-02 19:41:59,927 - INFO - Word 'KANTÁDAS' (tl) created (ID: 202) from source 'diksiyonaryo.ph'.
2025-04-02 19:41:59,928 - INFO - Word 'RESÁDA' (tl) created (ID: 203) from source 'diksiyonaryo.ph'.
2025-04-02 19:41:59,930 - INFO - Word 'áblang' (tl) created (ID: 204) from source 'diksiyonaryo.ph'.
2025-04-02 19:41:59,932 - INFO - Word 'ÁNTAD' (tl) created (ID: 205) from source 'diksiyonaryo.ph'.
2025-04-02 19:41:59,934 - INFO - Word 'áblas' (tl) created (ID: 206) from source 'diksiyonaryo.ph'.
2025-04-02 19:41:59,936 - INFO - Word 'ablatíbo' (tl) created (ID: 207) from source 'diksiyonaryo.ph'.
2025-04-02 19:41:59,938 - INFO - Word 'áblaw' (tl) created (ID: 208) from source 'diksiyonaryo.ph'.
2025-04-02 19:41:59,939 - INFO - Word 'mag-áb·law' (tl) created (ID: 209) from source 'diksiyonaryo.ph'.
2025-04-02 19:41:59,941 - INFO - Word 'u·máb·law' (tl) created (ID: 210) from source 'diksiyonaryo.ph'.
2025-04-02 19:41:59,943 - INFO - Word 'abláy' (tl) created (ID: 211) from source 'diksiyonaryo.ph'.
2025-04-02 19:41:59,946 - INFO - Word 'able' (tl) created (ID: 212) from source 'diksiyonaryo.ph'.
2025-04-02 19:41:59,949 - INFO - Word 'able-bodied seaman' (tl) created (ID: 213) from source 'diksiyonaryo.ph'.
2025-04-02 19:41:59,951 - INFO - Word 'AB1' (tl) created (ID: 214) from source 'diksiyonaryo.ph'.
2025-04-02 19:41:59,952 - INFO - Word 'ablepsia' (tl) created (ID: 215) from source 'diksiyonaryo.ph'.
2025-04-02 19:41:59,956 - INFO - Word 'ablí' (tl) created (ID: 216) from source 'diksiyonaryo.ph'.
2025-04-02 19:41:59,961 - INFO - Word 'Ablíg Saligsíg' (tl) created (ID: 217) from source 'diksiyonaryo.ph'.
2025-04-02 19:41:59,963 - INFO - Word 'áblon' (tl) created (ID: 218) from source 'diksiyonaryo.ph'.
2025-04-02 19:41:59,965 - INFO - Word 'áblong' (tl) created (ID: 219) from source 'diksiyonaryo.ph'.
2025-04-02 19:41:59,967 - INFO - Word 'ablusyón' (tl) created (ID: 220) from source 'diksiyonaryo.ph'.
2025-04-02 19:41:59,970 - INFO - Word 'abnegasyón' (tl) created (ID: 221) from source 'diksiyonaryo.ph'.
2025-04-02 19:41:59,972 - INFO - Word 'PAGPAPAKASÁKIT' (tl) created (ID: 222) from source 'diksiyonaryo.ph'.
2025-04-02 19:41:59,973 - INFO - Word 'SAKRIPÍSYO' (tl) created (ID: 223) from source 'diksiyonaryo.ph'.
2025-04-02 19:41:59,975 - INFO - Word 'abnórmal' (tl) created (ID: 224) from source 'diksiyonaryo.ph'.
2025-04-02 19:41:59,977 - INFO - Word 'ANORMÁL' (tl) created (ID: 225) from source 'diksiyonaryo.ph'.
2025-04-02 19:41:59,979 - INFO - Word 'abnormalidád' (tl) created (ID: 226) from source 'diksiyonaryo.ph'.
2025-04-02 19:41:59,982 - INFO - Word 'abnúg' (tl) created (ID: 227) from source 'diksiyonaryo.ph'.
2025-04-02 19:41:59,984 - INFO - Word 'ábnut' (tl) created (ID: 228) from source 'diksiyonaryo.ph'.
2025-04-02 19:41:59,987 - INFO - Word 'abó' (tl) created (ID: 229) from source 'diksiyonaryo.ph'.
2025-04-02 19:41:59,989 - INFO - Word 'ABÓK' (tl) created (ID: 230) from source 'diksiyonaryo.ph'.
2025-04-02 19:41:59,991 - INFO - Word 'AGBÓN' (tl) created (ID: 231) from source 'diksiyonaryo.ph'.
2025-04-02 19:41:59,992 - INFO - Word 'ASH' (tl) created (ID: 232) from source 'diksiyonaryo.ph'.
2025-04-02 19:41:59,994 - INFO - Word 'AVÚ' (tl) created (ID: 233) from source 'diksiyonaryo.ph'.
2025-04-02 19:41:59,995 - INFO - Word 'DAPÓL' (tl) created (ID: 234) from source 'diksiyonaryo.ph'.
2025-04-02 19:41:59,996 - INFO - Word 'HABÚ' (tl) created (ID: 235) from source 'diksiyonaryo.ph'.
2025-04-02 19:41:59,998 - INFO - Word 'ÓMBI' (tl) created (ID: 236) from source 'diksiyonaryo.ph'.
2025-04-02 19:41:59,999 - INFO - Word 'SENÍSA' (tl) created (ID: 237) from source 'diksiyonaryo.ph'.
2025-04-02 19:42:00,013 - INFO - Word 'áboábo' (tl) created (ID: 238) from source 'diksiyonaryo.ph'.
2025-04-02 19:42:00,016 - INFO - Word 'BALÁNG-BALÁNG' (tl) created (ID: 239) from source 'diksiyonaryo.ph'.
2025-04-02 19:42:00,018 - INFO - Word 'abóbor' (tl) created (ID: 240) from source 'diksiyonaryo.ph'.
2025-04-02 19:42:00,021 - INFO - Word 'abóg' (tl) created (ID: 241) from source 'diksiyonaryo.ph'.
2025-04-02 19:42:00,026 - INFO - Word 'abogadílyo' (tl) created (ID: 242) from source 'diksiyonaryo.ph'.
2025-04-02 19:42:00,028 - INFO - Word 'abogádo' (tl) created (ID: 243) from source 'diksiyonaryo.ph'.
2025-04-02 19:42:00,030 - INFO - Word 'ATTORNEY' (tl) created (ID: 244) from source 'diksiyonaryo.ph'.
2025-04-02 19:42:00,032 - INFO - Word 'BARRISTER' (tl) created (ID: 245) from source 'diksiyonaryo.ph'.
2025-04-02 19:42:00,033 - INFO - Word 'COUNSEL' (tl) created (ID: 246) from source 'diksiyonaryo.ph'.
2025-04-02 19:42:00,034 - INFO - Word 'HURÍSKONSÚLTO' (tl) created (ID: 247) from source 'diksiyonaryo.ph'.
2025-04-02 19:42:00,036 - INFO - Word 'LAWYER' (tl) created (ID: 248) from source 'diksiyonaryo.ph'.
2025-04-02 19:42:00,044 - INFO - Word 'MANANANGGÓL' (tl) created (ID: 249) from source 'diksiyonaryo.ph'.
2025-04-02 19:42:00,046 - INFO - Word 'abugádo' (tl) created (ID: 250) from source 'diksiyonaryo.ph'.
2025-04-02 19:42:00,048 - INFO - Word 'abogasyá' (tl) created (ID: 251) from source 'diksiyonaryo.ph'.
2025-04-02 19:42:00,050 - INFO - Word 'BACHELOR OF LAWS' (tl) created (ID: 252) from source 'diksiyonaryo.ph'.
2025-04-02 19:42:00,051 - INFO - Word 'BAR' (tl) created (ID: 253) from source 'diksiyonaryo.ph'.
2025-04-02 19:42:00,052 - INFO - Word 'DERÉTSO' (tl) created (ID: 254) from source 'diksiyonaryo.ph'.
2025-04-02 19:42:00,053 - INFO - Word 'LAW' (tl) created (ID: 255) from source 'diksiyonaryo.ph'.
2025-04-02 19:42:00,055 - INFO - Word 'abugasyá' (tl) created (ID: 256) from source 'diksiyonaryo.ph'.
2025-04-02 19:42:00,057 - INFO - Word 'abógong' (tl) created (ID: 257) from source 'diksiyonaryo.ph'.
2025-04-02 19:42:00,062 - INFO - Word 'abokádo' (tl) created (ID: 258) from source 'diksiyonaryo.ph'.
2025-04-02 19:42:00,067 - INFO - Word 'ALLIGATOR PEAR' (tl) created (ID: 259) from source 'diksiyonaryo.ph'.
2025-04-02 19:42:00,068 - INFO - Word 'aból' (tl) created (ID: 260) from source 'diksiyonaryo.ph'.
2025-04-02 19:42:00,073 - INFO - Word 'abolish' (tl) created (ID: 261) from source 'diksiyonaryo.ph'.
2025-04-02 19:42:00,078 - INFO - Word 'abolisyón' (tl) created (ID: 262) from source 'diksiyonaryo.ph'.
2025-04-02 19:42:00,081 - INFO - Word 'ABOLITION' (tl) created (ID: 263) from source 'diksiyonaryo.ph'.
2025-04-02 19:42:00,084 - INFO - Word 'abolisyonísta' (tl) created (ID: 264) from source 'diksiyonaryo.ph'.
2025-04-02 19:42:00,090 - INFO - Word 'abomásum' (tl) created (ID: 265) from source 'diksiyonaryo.ph'.
2025-04-02 19:42:00,093 - INFO - Word 'A bomb' (tl) created (ID: 266) from source 'diksiyonaryo.ph'.
2025-04-02 19:42:00,097 - INFO - Word 'Abominable Snowman' (tl) created (ID: 267) from source 'diksiyonaryo.ph'.
2025-04-02 19:42:00,101 - INFO - Word 'abonádo' (tl) created (ID: 268) from source 'diksiyonaryo.ph'.
2025-04-02 19:42:00,103 - INFO - Word 'ÉMBOLSÁDO' (tl) created (ID: 269) from source 'diksiyonaryo.ph'.
2025-04-02 19:42:00,105 - INFO - Word 'abunádo' (tl) created (ID: 270) from source 'diksiyonaryo.ph'.
2025-04-02 19:42:00,107 - INFO - Word 'ábong' (tl) created (ID: 271) from source 'diksiyonaryo.ph'.
2025-04-02 19:42:00,115 - INFO - Word 'ábor' (tl) created (ID: 272) from source 'diksiyonaryo.ph'.
2025-04-02 19:42:00,118 - INFO - Word 'abór-abór' (tl) created (ID: 273) from source 'diksiyonaryo.ph'.
2025-04-02 19:42:00,122 - INFO - Word 'aborigine' (tl) created (ID: 274) from source 'diksiyonaryo.ph'.
2025-04-02 19:42:00,127 - INFO - Word 'ab origine' (tl) created (ID: 275) from source 'diksiyonaryo.ph'.
2025-04-02 19:42:00,130 - INFO - Word 'abórsiyón' (tl) created (ID: 276) from source 'diksiyonaryo.ph'.
2025-04-02 19:42:00,133 - INFO - Word 'ABÓRTO' (tl) created (ID: 277) from source 'diksiyonaryo.ph'.
2025-04-02 19:42:00,134 - INFO - Word 'PÁKPAK' (tl) created (ID: 278) from source 'diksiyonaryo.ph'.
2025-04-02 19:42:00,136 - INFO - Word 'abortifacient' (tl) created (ID: 279) from source 'diksiyonaryo.ph'.
2025-04-02 19:42:00,140 - INFO - Word 'abortionist' (tl) created (ID: 280) from source 'diksiyonaryo.ph'.
2025-04-02 19:42:00,142 - INFO - Word 'ABÓRTÍSTA' (tl) created (ID: 281) from source 'diksiyonaryo.ph'.
2025-04-02 19:42:00,148 - INFO - Word 'abót' (tl) created (ID: 282) from source 'diksiyonaryo.ph'.
2025-04-02 19:42:00,151 - INFO - Word 'KÁW-A' (tl) created (ID: 283) from source 'diksiyonaryo.ph'.
2025-04-02 19:42:00,152 - INFO - Word 'KAB-ÓT' (tl) created (ID: 284) from source 'diksiyonaryo.ph'.
2025-04-02 19:42:00,154 - INFO - Word 'MAGÁW-AT' (tl) created (ID: 285) from source 'diksiyonaryo.ph'.
2025-04-02 19:42:00,156 - INFO - Word 'NAGÁWAT' (tl) created (ID: 286) from source 'diksiyonaryo.ph'.
2025-04-02 19:42:00,159 - INFO - Word 'a·bú·tan' (tl) created (ID: 287) from source 'diksiyonaryo.ph'.
2025-04-02 19:42:00,160 - INFO - Word 'mag·pang-á·bot' (tl) created (ID: 288) from source 'diksiyonaryo.ph'.
2025-04-02 19:42:00,162 - INFO - Word 'ma·ka·á·bot' (tl) created (ID: 289) from source 'diksiyonaryo.ph'.
2025-04-02 19:42:00,164 - INFO - Word 'u·má·bot' (tl) created (ID: 290) from source 'diksiyonaryo.ph'.
2025-04-02 19:42:00,168 - INFO - Word 'ÁBUT' (tl) created (ID: 291) from source 'diksiyonaryo.ph'.
2025-04-02 19:42:00,172 - INFO - Word 'abót-abót' (tl) created (ID: 292) from source 'diksiyonaryo.ph'.
2025-04-02 19:42:00,177 - INFO - Word 'abót-agáwin' (tl) created (ID: 293) from source 'diksiyonaryo.ph'.
2025-04-02 19:42:00,181 - INFO - Word 'ábot-balíta' (tl) created (ID: 294) from source 'diksiyonaryo.ph'.
2025-04-02 19:42:00,183 - INFO - Word 'abotdán' (tl) created (ID: 295) from source 'diksiyonaryo.ph'.
2025-04-02 19:42:00,186 - INFO - Word 'ábot-hiyáw' (tl) created (ID: 296) from source 'diksiyonaryo.ph'.
2025-04-02 19:42:00,188 - INFO - Word 'ábot-sigáw' (tl) created (ID: 297) from source 'diksiyonaryo.ph'.
2025-04-02 19:42:00,190 - INFO - Word 'ábot-kamáy' (tl) created (ID: 298) from source 'diksiyonaryo.ph'.
2025-04-02 19:42:00,192 - INFO - Word 'ábot-kisáp' (tl) created (ID: 299) from source 'diksiyonaryo.ph'.
2025-04-02 19:42:00,195 - INFO - Word 'ábot-kuráp' (tl) created (ID: 300) from source 'diksiyonaryo.ph'.
2025-04-02 19:42:00,198 - INFO - Word 'ábot-sábi' (tl) created (ID: 301) from source 'diksiyonaryo.ph'.
2025-04-02 19:42:00,202 - INFO - Word 'ábot-síko' (tl) created (ID: 302) from source 'diksiyonaryo.ph'.
2025-04-02 19:42:00,204 - INFO - Word 'ábot-tanáw' (tl) created (ID: 303) from source 'diksiyonaryo.ph'.
2025-04-02 19:42:00,207 - INFO - Word 'GINTAÍPAN' (tl) created (ID: 304) from source 'diksiyonaryo.ph'.
2025-04-02 19:42:00,208 - INFO - Word 'HORIZON' (tl) created (ID: 305) from source 'diksiyonaryo.ph'.
2025-04-02 19:42:00,209 - INFO - Word 'KAPUNÁW-PUNÁWAN' (tl) created (ID: 306) from source 'diksiyonaryo.ph'.
2025-04-02 19:42:00,211 - INFO - Word 'ORISÓNTE' (tl) created (ID: 307) from source 'diksiyonaryo.ph'.
2025-04-02 19:42:00,212 - INFO - Word 'PANGANÓRIN' (tl) created (ID: 308) from source 'diksiyonaryo.ph'.
2025-04-02 19:42:00,214 - INFO - Word 'ábot-táwag' (tl) created (ID: 309) from source 'diksiyonaryo.ph'.
2025-04-02 19:42:00,216 - INFO - Word 'ábot-tingín' (tl) created (ID: 310) from source 'diksiyonaryo.ph'.
2025-04-02 19:42:00,219 - INFO - Word 'ábot-tubò' (tl) created (ID: 311) from source 'diksiyonaryo.ph'.
2025-04-02 19:42:00,221 - INFO - Word 'ab ovo' (tl) created (ID: 312) from source 'diksiyonaryo.ph'.
2025-04-02 19:42:00,224 - INFO - Word 'abóy' (tl) created (ID: 313) from source 'diksiyonaryo.ph'.
2025-04-02 19:42:00,227 - INFO - Word 'abóy-abóy' (tl) created (ID: 314) from source 'diksiyonaryo.ph'.
2025-04-02 19:42:00,228 - INFO - Word 'abpá' (tl) created (ID: 315) from source 'diksiyonaryo.ph'.
2025-04-02 19:42:00,231 - INFO - Word 'abarúray' (tl) created (ID: 316) from source 'diksiyonaryo.ph'.
2025-04-02 19:42:00,233 - INFO - Word 'abás' (tl) created (ID: 317) from source 'diksiyonaryo.ph'.
2025-04-02 19:42:00,234 - INFO - Word 'a·bá·sin' (tl) created (ID: 318) from source 'diksiyonaryo.ph'.
2025-04-02 19:42:00,235 - INFO - Word 'i·á·bas' (tl) created (ID: 319) from source 'diksiyonaryo.ph'.
2025-04-02 19:42:00,236 - INFO - Word 'mag-á·bas' (tl) created (ID: 320) from source 'diksiyonaryo.ph'.
2025-04-02 19:42:00,240 - INFO - Word 'abaseríya' (tl) created (ID: 321) from source 'diksiyonaryo.ph'.
2025-04-02 19:42:00,242 - INFO - Word 'abáseryá' (tl) created (ID: 322) from source 'diksiyonaryo.ph'.
2025-04-02 19:42:00,245 - INFO - Word 'abasia' (tl) created (ID: 323) from source 'diksiyonaryo.ph'.
2025-04-02 19:42:00,249 - INFO - Word 'abát' (tl) created (ID: 324) from source 'diksiyonaryo.ph'.
2025-04-02 19:42:00,251 - INFO - Word 'ARÁGBAT' (tl) created (ID: 325) from source 'diksiyonaryo.ph'.
2025-04-02 19:42:00,255 - INFO - Word 'a·bá·tan' (tl) created (ID: 326) from source 'diksiyonaryo.ph'.
2025-04-02 19:42:00,256 - INFO - Word 'mang-á·bat' (tl) created (ID: 327) from source 'diksiyonaryo.ph'.
2025-04-02 19:42:00,257 - INFO - Word 'u· má·bat' (tl) created (ID: 328) from source 'diksiyonaryo.ph'.
2025-04-02 19:42:00,262 - INFO - Word 'abáte' (tl) created (ID: 329) from source 'diksiyonaryo.ph'.
2025-04-02 19:42:00,264 - INFO - Word 'ABBE' (tl) created (ID: 330) from source 'diksiyonaryo.ph'.
2025-04-02 19:42:00,265 - INFO - Word 'abaték' (tl) created (ID: 331) from source 'diksiyonaryo.ph'.
2025-04-02 19:42:00,267 - INFO - Word 'abatík' (tl) created (ID: 332) from source 'diksiyonaryo.ph'.
2025-04-02 19:42:00,268 - INFO - Word 'A battery' (tl) created (ID: 333) from source 'diksiyonaryo.ph'.
2025-04-02 19:42:00,271 - INFO - Word 'abattoir' (tl) created (ID: 334) from source 'diksiyonaryo.ph'.
2025-04-02 19:42:00,274 - INFO - Word 'Abáw!' (tl) created (ID: 335) from source 'diksiyonaryo.ph'.
2025-04-02 19:42:00,276 - INFO - Word 'abáw-abáw' (tl) created (ID: 336) from source 'diksiyonaryo.ph'.
2025-04-02 19:42:00,278 - INFO - Word 'abáy' (tl) created (ID: 337) from source 'diksiyonaryo.ph'.
2025-04-02 19:42:00,279 - INFO - Word 'a·ba·yán' (tl) created (ID: 338) from source 'diksiyonaryo.ph'.
2025-04-02 19:42:00,280 - INFO - Word 'mag-a·báy' (tl) created (ID: 339) from source 'diksiyonaryo.ph'.
2025-04-02 19:42:00,281 - INFO - Word 'u· ma·báy' (tl) created (ID: 340) from source 'diksiyonaryo.ph'.
2025-04-02 19:42:00,284 - INFO - Word 'DIRÍG' (tl) created (ID: 341) from source 'diksiyonaryo.ph'.
2025-04-02 19:42:00,286 - INFO - Word 'DORÓG' (tl) created (ID: 342) from source 'diksiyonaryo.ph'.
2025-04-02 19:42:00,291 - INFO - Word 'BAYÁBAY' (tl) created (ID: 343) from source 'diksiyonaryo.ph'.
2025-04-02 19:42:00,293 - INFO - Word 'TÁID' (tl) created (ID: 344) from source 'diksiyonaryo.ph'.
2025-04-02 19:42:00,294 - INFO - Word 'UPÓD' (tl) created (ID: 345) from source 'diksiyonaryo.ph'.
2025-04-02 19:42:00,295 - INFO - Word 'MAID-OF-HONOR' (tl) created (ID: 346) from source 'diksiyonaryo.ph'.
2025-04-02 19:42:00,296 - INFO - Word 'DÁMA' (tl) created (ID: 347) from source 'diksiyonaryo.ph'.
2025-04-02 19:42:00,297 - INFO - Word 'PÁHE' (tl) created (ID: 348) from source 'diksiyonaryo.ph'.
2025-04-02 19:42:00,299 - INFO - Word 'abáya' (tl) created (ID: 349) from source 'diksiyonaryo.ph'.
2025-04-02 19:42:00,302 - INFO - Word 'abáy-abáy' (tl) created (ID: 350) from source 'diksiyonaryo.ph'.
2025-04-02 19:42:00,303 - INFO - Word 'mag-a·báy-a·báy' (tl) created (ID: 351) from source 'diksiyonaryo.ph'.
2025-04-02 19:42:00,304 - INFO - Word 'u·ma·báy-a·báy' (tl) created (ID: 352) from source 'diksiyonaryo.ph'.
2025-04-02 19:42:00,308 - INFO - Word 'Abáyan' (tl) created (ID: 353) from source 'diksiyonaryo.ph'.
2025-04-02 19:42:00,310 - INFO - Word 'Abayarí!' (tl) created (ID: 354) from source 'diksiyonaryo.ph'.
2025-04-02 19:42:00,313 - INFO - Word 'Abba' (tl) created (ID: 355) from source 'diksiyonaryo.ph'.
2025-04-02 19:42:00,315 - INFO - Word 'ELOHIM' (tl) created (ID: 356) from source 'diksiyonaryo.ph'.
2025-04-02 19:42:00,316 - INFO - Word 'YAHWEH' (tl) created (ID: 357) from source 'diksiyonaryo.ph'.
2025-04-02 19:42:00,319 - INFO - Word 'Ábbas' (tl) created (ID: 358) from source 'diksiyonaryo.ph'.
2025-04-02 19:42:00,321 - INFO - Word 'Abbásíd' (tl) created (ID: 359) from source 'diksiyonaryo.ph'.
2025-04-02 19:42:00,325 - INFO - Word 'abbéng' (tl) created (ID: 360) from source 'diksiyonaryo.ph'.
2025-04-02 19:42:00,329 - INFO - Word 'abbíang' (tl) created (ID: 361) from source 'diksiyonaryo.ph'.
2025-04-02 19:42:00,331 - INFO - Word 'abbíra' (tl) created (ID: 362) from source 'diksiyonaryo.ph'.
2025-04-02 19:42:00,333 - INFO - Word 'abbóg' (tl) created (ID: 363) from source 'diksiyonaryo.ph'.
2025-04-02 19:42:00,336 - INFO - Word 'abbreviate' (tl) created (ID: 364) from source 'diksiyonaryo.ph'.
2025-04-02 19:42:00,339 - INFO - Word 'abbreviation' (tl) created (ID: 365) from source 'diksiyonaryo.ph'.
2025-04-02 19:42:00,343 - INFO - Word 'abcoulomb' (tl) created (ID: 366) from source 'diksiyonaryo.ph'.
2025-04-02 19:42:00,346 - INFO - Word 'abdikasyón' (tl) created (ID: 367) from source 'diksiyonaryo.ph'.
2025-04-02 19:42:00,349 - INFO - Word 'ábdis' (tl) created (ID: 368) from source 'diksiyonaryo.ph'.
2025-04-02 19:42:00,351 - INFO - Word 'abdómen' (tl) created (ID: 369) from source 'diksiyonaryo.ph'.
2025-04-02 19:42:00,354 - INFO - Word 'abducens' (tl) created (ID: 370) from source 'diksiyonaryo.ph'.
2025-04-02 19:42:00,357 - INFO - Word 'abducens nerve' (tl) created (ID: 371) from source 'diksiyonaryo.ph'.
2025-04-02 19:42:00,360 - INFO - Word 'ábe' (tl) created (ID: 372) from source 'diksiyonaryo.ph'.
2025-04-02 19:42:00,363 - INFO - Word 'Abédnegó' (tl) created (ID: 373) from source 'diksiyonaryo.ph'.
2025-04-02 19:42:00,365 - INFO - Word 'abéha' (tl) created (ID: 374) from source 'diksiyonaryo.ph'.
2025-04-02 19:42:00,367 - INFO - Word 'abéha réyna' (tl) created (ID: 375) from source 'diksiyonaryo.ph'.
2025-04-02 19:42:00,369 - INFO - Word 'abehéra' (tl) created (ID: 376) from source 'diksiyonaryo.ph'.
2025-04-02 19:42:00,370 - INFO - Word 'abehéro' (tl) created (ID: 377) from source 'diksiyonaryo.ph'.
2025-04-02 19:42:00,373 - INFO - Word 'MÁMUMUKYÓT' (tl) created (ID: 378) from source 'diksiyonaryo.ph'.
2025-04-02 19:42:00,374 - INFO - Word 'abék' (tl) created (ID: 379) from source 'diksiyonaryo.ph'.
2025-04-02 19:42:00,377 - INFO - Word 'Abél' (tl) created (ID: 380) from source 'diksiyonaryo.ph'.
2025-04-02 19:42:00,381 - INFO - Word 'abelláw' (tl) created (ID: 381) from source 'diksiyonaryo.ph'.
2025-04-02 19:42:00,383 - INFO - Word 'abiláw' (tl) created (ID: 382) from source 'diksiyonaryo.ph'.
2025-04-02 19:42:00,385 - INFO - Word 'abelyána' (tl) created (ID: 383) from source 'diksiyonaryo.ph'.
2025-04-02 19:42:00,389 - INFO - Word 'abelyáno' (tl) created (ID: 384) from source 'diksiyonaryo.ph'.
2025-04-02 19:42:00,393 - INFO - Word 'abelyánu' (tl) created (ID: 385) from source 'diksiyonaryo.ph'.
2025-04-02 19:42:00,395 - INFO - Word 'abenída' (tl) created (ID: 386) from source 'diksiyonaryo.ph'.
2025-04-02 19:42:00,398 - INFO - Word 'AVENUE' (tl) created (ID: 387) from source 'diksiyonaryo.ph'.
2025-04-02 19:42:00,399 - INFO - Word 'PASÉO' (tl) created (ID: 388) from source 'diksiyonaryo.ph'.
2025-04-02 19:42:00,400 - INFO - Word 'LANSÁNGAN' (tl) created (ID: 389) from source 'diksiyonaryo.ph'.
2025-04-02 19:42:00,402 - INFO - Word 'abentúra' (tl) created (ID: 390) from source 'diksiyonaryo.ph'.
2025-04-02 19:42:00,404 - INFO - Word 'abenturéro' (tl) created (ID: 391) from source 'diksiyonaryo.ph'.
2025-04-02 19:42:00,407 - INFO - Word 'ADVENTURER' (tl) created (ID: 392) from source 'diksiyonaryo.ph'.
2025-04-02 19:42:00,408 - INFO - Word 'abenturóso' (tl) created (ID: 393) from source 'diksiyonaryo.ph'.
2025-04-02 19:42:00,411 - INFO - Word 'abe-paraíso' (tl) created (ID: 394) from source 'diksiyonaryo.ph'.
2025-04-02 19:42:00,414 - INFO - Word 'abér' (tl) created (ID: 395) from source 'diksiyonaryo.ph'.
2025-04-02 19:42:00,416 - INFO - Word 'Abér!' (tl) created (ID: 396) from source 'diksiyonaryo.ph'.
2025-04-02 19:42:00,419 - INFO - Word 'aberasyón' (tl) created (ID: 397) from source 'diksiyonaryo.ph'.
2025-04-02 19:42:00,423 - INFO - Word 'Abérno' (tl) created (ID: 398) from source 'diksiyonaryo.ph'.
2025-04-02 19:42:00,426 - INFO - Word 'aberyá' (tl) created (ID: 399) from source 'diksiyonaryo.ph'.
2025-04-02 19:42:00,429 - INFO - Word 'ábése' (tl) created (ID: 400) from source 'diksiyonaryo.ph'.
2025-04-02 19:42:00,431 - INFO - Word 'abesedáryo' (tl) created (ID: 401) from source 'diksiyonaryo.ph'.
2025-04-02 19:42:00,434 - INFO - Word 'abestrús' (tl) created (ID: 402) from source 'diksiyonaryo.ph'.
2025-04-02 19:42:00,437 - INFO - Word 'abët' (tl) created (ID: 403) from source 'diksiyonaryo.ph'.
2025-04-02 19:42:00,441 - INFO - Word 'ábëtën' (tl) created (ID: 404) from source 'diksiyonaryo.ph'.
2025-04-02 19:42:00,443 - INFO - Word 'ábetín' (tl) created (ID: 405) from source 'diksiyonaryo.ph'.
2025-04-02 19:42:00,445 - INFO - Word 'ab éxtra' (tl) created (ID: 406) from source 'diksiyonaryo.ph'.
2025-04-02 19:42:00,448 - INFO - Word 'ábhas' (tl) created (ID: 407) from source 'diksiyonaryo.ph'.
2025-04-02 19:42:00,451 - INFO - Word 'ábhong' (tl) created (ID: 408) from source 'diksiyonaryo.ph'.
2025-04-02 19:42:00,454 - INFO - Word 'abí' (tl) created (ID: 409) from source 'diksiyonaryo.ph'.
2025-04-02 19:42:00,458 - INFO - Word 'abibbá' (tl) created (ID: 410) from source 'diksiyonaryo.ph'.
2025-04-02 19:42:00,460 - INFO - Word 'abíday' (tl) created (ID: 411) from source 'diksiyonaryo.ph'.
2025-04-02 19:42:00,461 - INFO - Word 'À bientôt!' (tl) created (ID: 412) from source 'diksiyonaryo.ph'.
2025-04-02 19:42:00,465 - INFO - Word 'abietate' (tl) created (ID: 413) from source 'diksiyonaryo.ph'.
2025-04-02 19:42:00,467 - INFO - Word 'abietic acid' (tl) created (ID: 414) from source 'diksiyonaryo.ph'.
2025-04-02 19:42:00,470 - INFO - Word 'ábig' (tl) created (ID: 415) from source 'diksiyonaryo.ph'.
2025-04-02 19:42:00,474 - INFO - Word 'abígay' (tl) created (ID: 416) from source 'diksiyonaryo.ph'.
2025-04-02 19:42:00,476 - INFO - Word 'abígi' (tl) created (ID: 417) from source 'diksiyonaryo.ph'.
2025-04-02 19:42:00,478 - INFO - Word 'abî-ik' (tl) created (ID: 418) from source 'diksiyonaryo.ph'.
2025-04-02 19:42:00,481 - INFO - Word 'abikúltor' (tl) created (ID: 419) from source 'diksiyonaryo.ph'.
2025-04-02 19:42:00,484 - INFO - Word 'abikultúra' (tl) created (ID: 420) from source 'diksiyonaryo.ph'.
2025-04-02 19:42:00,486 - INFO - Word 'abíl' (tl) created (ID: 421) from source 'diksiyonaryo.ph'.
2025-04-02 19:42:00,492 - INFO - Word 'a·bí·lin' (tl) created (ID: 422) from source 'diksiyonaryo.ph'.
2025-04-02 19:42:00,494 - INFO - Word 'mag-á·bil' (tl) created (ID: 423) from source 'diksiyonaryo.ph'.
2025-04-02 19:42:00,496 - INFO - Word 'u·má·bil' (tl) created (ID: 424) from source 'diksiyonaryo.ph'.
2025-04-02 19:42:00,500 - INFO - Word 'ábil-ábil' (tl) created (ID: 425) from source 'diksiyonaryo.ph'.
2025-04-02 19:42:00,502 - INFO - Word 'abilidád' (tl) created (ID: 426) from source 'diksiyonaryo.ph'.
2025-04-02 19:42:00,506 - INFO - Word 'abílin' (tl) created (ID: 427) from source 'diksiyonaryo.ph'.
2025-04-02 19:42:00,509 - INFO - Word 'ability' (tl) created (ID: 428) from source 'diksiyonaryo.ph'.
2025-04-02 19:42:00,511 - INFO - Word 'abín' (tl) created (ID: 429) from source 'diksiyonaryo.ph'.
2025-04-02 19:42:00,517 - INFO - Word 'ab inítio' (tl) created (ID: 430) from source 'diksiyonaryo.ph'.
2025-04-02 19:42:00,520 - INFO - Word 'Abunnáwas' (tl) created (ID: 431) from source 'diksiyonaryo.ph'.
2025-04-02 19:42:00,524 - INFO - Word 'ab urbe condita' (tl) created (ID: 432) from source 'diksiyonaryo.ph'.
2025-04-02 19:42:00,526 - INFO - Word 'aburído' (tl) created (ID: 433) from source 'diksiyonaryo.ph'.
2025-04-02 19:42:00,529 - INFO - Word 'abúroy' (tl) created (ID: 434) from source 'diksiyonaryo.ph'.
2025-04-02 19:42:00,532 - INFO - Word 'abusádo' (tl) created (ID: 435) from source 'diksiyonaryo.ph'.
2025-04-02 19:42:00,534 - INFO - Word 'abuse' (tl) created (ID: 436) from source 'diksiyonaryo.ph'.
2025-04-02 19:42:00,537 - INFO - Word 'abuséro' (tl) created (ID: 437) from source 'diksiyonaryo.ph'.
2025-04-02 19:42:00,540 - INFO - Word 'abusíbo' (tl) created (ID: 438) from source 'diksiyonaryo.ph'.
2025-04-02 19:42:00,544 - INFO - Word 'abusíng' (tl) created (ID: 439) from source 'diksiyonaryo.ph'.
2025-04-02 19:42:00,547 - INFO - Word 'abúso' (tl) created (ID: 440) from source 'diksiyonaryo.ph'.
2025-04-02 19:42:00,556 - INFO - Word 'mag·pang-á·but' (tl) created (ID: 441) from source 'diksiyonaryo.ph'.
2025-04-02 19:42:00,558 - INFO - Word 'u·má·but' (tl) created (ID: 442) from source 'diksiyonaryo.ph'.
2025-04-02 19:42:00,560 - INFO - Word 'abutilí' (tl) created (ID: 443) from source 'diksiyonaryo.ph'.
2025-04-02 19:42:00,563 - INFO - Word 'abutít' (tl) created (ID: 444) from source 'diksiyonaryo.ph'.
2025-04-02 19:42:00,565 - INFO - Word 'abútra' (tl) created (ID: 445) from source 'diksiyonaryo.ph'.
2025-04-02 19:42:00,567 - INFO - Word 'abúwek' (tl) created (ID: 446) from source 'diksiyonaryo.ph'.
2025-04-02 19:42:00,569 - INFO - Word 'abúyak' (tl) created (ID: 447) from source 'diksiyonaryo.ph'.
2025-04-02 19:42:00,572 - INFO - Word 'abúyan' (tl) created (ID: 448) from source 'diksiyonaryo.ph'.
2025-04-02 19:42:00,575 - INFO - Word 'abúyon' (tl) created (ID: 449) from source 'diksiyonaryo.ph'.
2025-04-02 19:42:00,577 - INFO - Word 'abwáb' (tl) created (ID: 450) from source 'diksiyonaryo.ph'.
2025-04-02 19:42:00,579 - INFO - Word 'abwáng' (tl) created (ID: 451) from source 'diksiyonaryo.ph'.
2025-04-02 19:42:00,583 - INFO - Word 'abwéla' (tl) created (ID: 452) from source 'diksiyonaryo.ph'.
2025-04-02 19:42:00,586 - INFO - Word 'agwéla' (tl) created (ID: 453) from source 'diksiyonaryo.ph'.
2025-04-02 19:42:00,588 - INFO - Word 'abyád' (tl) created (ID: 454) from source 'diksiyonaryo.ph'.
2025-04-02 19:42:00,591 - INFO - Word 'abyadór' (tl) created (ID: 455) from source 'diksiyonaryo.ph'.
2025-04-02 19:42:00,596 - INFO - Finished processing diksiyonaryo.ph
2025-04-02 19:42:00,596 - INFO -   Total entries in file: 65336
2025-04-02 19:42:00,596 - INFO -   Processed successfully: 309
2025-04-02 19:42:00,596 - INFO -   Skipped (invalid/empty): 0
2025-04-02 19:42:00,596 - INFO -   Errors during processing: 0
2025-04-02 19:42:00,596 - INFO -   Definitions added/updated: 417
2025-04-02 19:42:00,596 - INFO -   Pronunciations added/updated: 353
2025-04-02 19:42:00,596 - INFO -   Etymologies added/updated: 274
2025-04-02 19:42:00,596 - INFO -   Total relations added/updated: 226
2025-04-02 19:42:00,597 - INFO -     (Deriv: 44, Syn: 131, Var: 11, Ref: 40)
2025-04-02 19:42:00,597 - INFO -   Baybayin forms added/updated: 0
2025-04-02 19:42:00,597 - INFO -   Affixations added/updated: 0
