2025-04-18 16:25:14,340 - INFO - Starting lookup for word: 'tulog'
2025-04-18 16:25:14,397 - INFO - pg_trgm extension installed: True
2025-04-18 16:25:14,398 - INFO - Executing exact match query for 'tulog'
2025-04-18 16:25:14,734 - INFO - Found 3 exact matches
2025-04-18 16:25:14,734 - INFO - Processing result 1/3
2025-04-18 16:25:14,734 - INFO - Word ID: 2117
2025-04-18 16:25:14,735 - INFO - Lemma: túlog
2025-04-18 16:25:14,735 - INFO - Language code: tl
2025-04-18 16:25:14,746 - INFO - Querying pronunciations for word_id 2117
2025-04-18 16:25:14,747 - INFO - Found 6 pronunciations
2025-04-18 16:25:14,749 - WARNING - Error parsing pronunciation sources: Expecting value: line 1 column 1 (char 0)
2025-04-18 16:25:14,751 - WARNING - Error parsing pronunciation sources: Expecting value: line 1 column 1 (char 0)
2025-04-18 16:25:14,752 - WARNING - Error parsing pronunciation sources: Expecting value: line 1 column 1 (char 0)
2025-04-18 16:25:14,754 - WARNING - Error parsing pronunciation sources: Expecting value: line 1 column 1 (char 0)
2025-04-18 16:25:14,755 - WARNING - Error parsing pronunciation sources: Expecting value: line 1 column 1 (char 0)
2025-04-18 16:25:14,756 - WARNING - Error parsing pronunciation sources: Expecting value: line 1 column 1 (char 0)
2025-04-18 16:25:14,756 - INFO - Querying etymologies for word_id 2117
2025-04-18 16:25:14,761 - INFO - Found 1 etymologies
2025-04-18 16:25:14,764 - INFO - Querying definitions for word_id 2117
2025-04-18 16:25:14,773 - INFO - Found 9 definitions
2025-04-18 16:25:14,774 - INFO - Processing definition 1/9
2025-04-18 16:25:14,776 - INFO - Processing definition 2/9
2025-04-18 16:25:14,777 - INFO - Processing definition 3/9
2025-04-18 16:25:14,778 - INFO - Processing definition 4/9
2025-04-18 16:25:14,778 - INFO - Processing definition 5/9
2025-04-18 16:25:14,779 - INFO - Processing definition 6/9
2025-04-18 16:25:14,780 - INFO - Processing definition 7/9
2025-04-18 16:25:14,783 - INFO - Processing definition 8/9
2025-04-18 16:25:14,784 - INFO - Processing definition 9/9
2025-04-18 16:25:14,784 - INFO - Querying relations for word_id 2117
2025-04-18 16:25:14,794 - INFO - Found 43 relations
2025-04-18 16:25:14,822 - INFO - Processing result 2/3
2025-04-18 16:25:14,822 - INFO - Word ID: 269397
2025-04-18 16:25:14,823 - INFO - Lemma: tulog
2025-04-18 16:25:14,823 - INFO - Language code: ceb
2025-04-18 16:25:14,827 - INFO - Querying pronunciations for word_id 269397
2025-04-18 16:25:14,828 - INFO - Found 2 pronunciations
2025-04-18 16:25:14,830 - WARNING - Error parsing pronunciation sources: Expecting value: line 1 column 1 (char 0)
2025-04-18 16:25:14,831 - WARNING - Error parsing pronunciation sources: Expecting value: line 1 column 1 (char 0)
2025-04-18 16:25:14,831 - INFO - Querying etymologies for word_id 269397
2025-04-18 16:25:14,833 - INFO - Found 1 etymologies
2025-04-18 16:25:14,835 - INFO - Querying definitions for word_id 269397
2025-04-18 16:25:14,837 - INFO - Found 1 definitions
2025-04-18 16:25:14,838 - INFO - Processing definition 1/1
2025-04-18 16:25:14,839 - INFO - Querying relations for word_id 269397
2025-04-18 16:25:14,841 - INFO - Found 10 relations
2025-04-18 16:25:14,852 - INFO - Processing result 3/3
2025-04-18 16:25:14,853 - INFO - Word ID: 284406
2025-04-18 16:25:14,853 - INFO - Lemma: tulog
2025-04-18 16:25:14,853 - INFO - Language code: hil
2025-04-18 16:25:14,857 - INFO - Querying pronunciations for word_id 284406
2025-04-18 16:25:14,859 - INFO - Found 1 pronunciations
2025-04-18 16:25:14,861 - WARNING - Error parsing pronunciation sources: Expecting value: line 1 column 1 (char 0)
2025-04-18 16:25:14,862 - INFO - Querying etymologies for word_id 284406
2025-04-18 16:25:14,863 - INFO - Found 0 etymologies
2025-04-18 16:25:14,863 - INFO - Querying definitions for word_id 284406
2025-04-18 16:25:14,864 - INFO - Found 1 definitions
2025-04-18 16:25:14,866 - INFO - Processing definition 1/1
2025-04-18 16:25:14,881 - INFO - Querying relations for word_id 284406
2025-04-18 16:25:14,883 - INFO - Found 0 relations
2025-04-18 16:25:14,883 - INFO - No relations found for word ID 284406
2025-04-18 16:25:14,885 - INFO - Database connection closed
