2025-04-14 16:04:35,477 - INFO - Starting table creation/update process.
2025-04-14 16:04:35,947 - INFO - Tables created or updated successfully.
2025-04-14 16:04:35,951 - INFO - Starting processing for Root Words from ..\data\root_words_with_associated_words_cleaned.json
2025-04-14 16:04:35,951 - INFO - Processing Root Words (tagalog.com cleaned) file: ..\data\root_words_with_associated_words_cleaned.json
2025-04-14 16:04:35,952 - INFO - Using standardized source identifier: 'tagalog.com'
2025-04-14 16:04:35,986 - INFO - Found 2238 root word entries in dictionary format in ..\data\root_words_with_associated_words_cleaned.json
2025-04-14 16:04:36,033 - WARNING - Skipping self-relation for word ID 6, type 'derived_from', source 'tagalog.com'.
2025-04-14 16:04:36,042 - WARNING - Skipping self-relation for word ID 12, type 'derived_from', source 'tagalog.com'.
2025-04-14 16:04:36,051 - WARNING - Skipping self-relation for word ID 22, type 'derived_from', source 'tagalog.com'.
2025-04-14 16:04:36,078 - WARNING - Skipping self-relation for word ID 45, type 'derived_from', source 'tagalog.com'.
2025-04-14 16:04:36,095 - WARNING - Skipping self-relation for word ID 59, type 'derived_from', source 'tagalog.com'.
2025-04-14 16:04:36,103 - WARNING - Skipping self-relation for word ID 65, type 'derived_from', source 'tagalog.com'.
2025-04-14 16:04:36,124 - WARNING - Skipping self-relation for word ID 84, type 'derived_from', source 'tagalog.com'.
2025-04-14 16:04:36,147 - WARNING - Skipping self-relation for word ID 103, type 'derived_from', source 'tagalog.com'.
2025-04-14 16:04:36,163 - WARNING - Skipping self-relation for word ID 114, type 'derived_from', source 'tagalog.com'.
2025-04-14 16:04:36,205 - WARNING - Skipping self-relation for word ID 144, type 'derived_from', source 'tagalog.com'.
2025-04-14 16:04:36,233 - WARNING - Skipping self-relation for word ID 169, type 'derived_from', source 'tagalog.com'.
2025-04-14 16:04:36,275 - WARNING - Skipping self-relation for word ID 206, type 'derived_from', source 'tagalog.com'.
2025-04-14 16:04:36,276 - WARNING - Skipping self-relation for word ID 206, type 'derived_from', source 'tagalog.com'.
2025-04-14 16:04:36,287 - WARNING - Skipping self-relation for word ID 215, type 'derived_from', source 'tagalog.com'.
2025-04-14 16:04:36,302 - WARNING - Skipping self-relation for word ID 223, type 'derived_from', source 'tagalog.com'.
2025-04-14 16:04:36,334 - WARNING - Skipping self-relation for word ID 255, type 'derived_from', source 'tagalog.com'.
2025-04-14 16:04:36,373 - WARNING - Skipping self-relation for word ID 292, type 'derived_from', source 'tagalog.com'.
2025-04-14 16:04:36,379 - WARNING - Skipping self-relation for word ID 297, type 'derived_from', source 'tagalog.com'.
2025-04-14 16:04:36,411 - WARNING - Skipping self-relation for word ID 324, type 'derived_from', source 'tagalog.com'.
2025-04-14 16:04:36,425 - WARNING - Skipping self-relation for word ID 337, type 'derived_from', source 'tagalog.com'.
2025-04-14 16:04:36,470 - WARNING - Skipping self-relation for word ID 374, type 'derived_from', source 'tagalog.com'.
2025-04-14 16:04:36,515 - WARNING - Skipping self-relation for word ID 405, type 'derived_from', source 'tagalog.com'.
2025-04-14 16:04:36,529 - WARNING - Skipping self-relation for word ID 416, type 'derived_from', source 'tagalog.com'.
2025-04-14 16:04:36,566 - WARNING - Skipping self-relation for word ID 446, type 'derived_from', source 'tagalog.com'.
2025-04-14 16:04:36,595 - WARNING - Skipping self-relation for word ID 474, type 'derived_from', source 'tagalog.com'.
2025-04-14 16:04:36,644 - WARNING - Skipping self-relation for word ID 515, type 'derived_from', source 'tagalog.com'.
2025-04-14 16:04:36,729 - WARNING - Skipping self-relation for word ID 600, type 'derived_from', source 'tagalog.com'.
2025-04-14 16:04:36,738 - WARNING - Skipping self-relation for word ID 608, type 'derived_from', source 'tagalog.com'.
2025-04-14 16:04:36,746 - WARNING - Skipping self-relation for word ID 614, type 'derived_from', source 'tagalog.com'.
2025-04-14 16:04:36,772 - WARNING - Skipping self-relation for word ID 634, type 'derived_from', source 'tagalog.com'.
2025-04-14 16:04:36,801 - WARNING - Skipping self-relation for word ID 666, type 'derived_from', source 'tagalog.com'.
2025-04-14 16:04:36,815 - WARNING - Skipping self-relation for word ID 679, type 'derived_from', source 'tagalog.com'.
2025-04-14 16:04:36,921 - WARNING - Skipping self-relation for word ID 783, type 'derived_from', source 'tagalog.com'.
2025-04-14 16:04:36,950 - WARNING - Skipping self-relation for word ID 812, type 'derived_from', source 'tagalog.com'.
2025-04-14 16:04:36,996 - WARNING - Skipping self-relation for word ID 857, type 'derived_from', source 'tagalog.com'.
2025-04-14 16:04:37,021 - WARNING - Skipping self-relation for word ID 882, type 'derived_from', source 'tagalog.com'.
2025-04-14 16:04:37,035 - WARNING - Skipping self-relation for word ID 889, type 'derived_from', source 'tagalog.com'.
2025-04-14 16:04:37,154 - WARNING - Skipping self-relation for word ID 995, type 'derived_from', source 'tagalog.com'.
2025-04-14 16:04:37,185 - WARNING - Skipping self-relation for word ID 1021, type 'derived_from', source 'tagalog.com'.
2025-04-14 16:04:37,226 - WARNING - Skipping self-relation for word ID 1065, type 'derived_from', source 'tagalog.com'.
2025-04-14 16:04:37,233 - WARNING - Skipping self-relation for word ID 1070, type 'derived_from', source 'tagalog.com'.
2025-04-14 16:04:37,322 - WARNING - Skipping self-relation for word ID 1124, type 'derived_from', source 'tagalog.com'.
2025-04-14 16:04:37,339 - WARNING - Skipping self-relation for word ID 1133, type 'derived_from', source 'tagalog.com'.
2025-04-14 16:04:37,411 - WARNING - Skipping self-relation for word ID 1172, type 'derived_from', source 'tagalog.com'.
2025-04-14 16:04:37,474 - WARNING - Skipping self-relation for word ID 1207, type 'derived_from', source 'tagalog.com'.
2025-04-14 16:04:37,508 - WARNING - Skipping self-relation for word ID 1234, type 'derived_from', source 'tagalog.com'.
2025-04-14 16:04:37,569 - WARNING - Skipping self-relation for word ID 1271, type 'derived_from', source 'tagalog.com'.
2025-04-14 16:04:37,572 - WARNING - Skipping self-relation for word ID 1271, type 'derived_from', source 'tagalog.com'.
2025-04-14 16:04:37,672 - WARNING - Skipping self-relation for word ID 1338, type 'derived_from', source 'tagalog.com'.
2025-04-14 16:04:37,730 - WARNING - Skipping self-relation for word ID 1375, type 'derived_from', source 'tagalog.com'.
2025-04-14 16:04:37,754 - WARNING - Skipping self-relation for word ID 1398, type 'derived_from', source 'tagalog.com'.
2025-04-14 16:04:37,796 - WARNING - Skipping self-relation for word ID 1436, type 'derived_from', source 'tagalog.com'.
2025-04-14 16:04:37,852 - WARNING - Skipping self-relation for word ID 1470, type 'derived_from', source 'tagalog.com'.
2025-04-14 16:04:37,896 - WARNING - Skipping self-relation for word ID 1496, type 'derived_from', source 'tagalog.com'.
2025-04-14 16:04:37,924 - WARNING - Skipping self-relation for word ID 1520, type 'derived_from', source 'tagalog.com'.
2025-04-14 16:04:37,935 - WARNING - Skipping self-relation for word ID 1528, type 'derived_from', source 'tagalog.com'.
2025-04-14 16:04:37,964 - WARNING - Skipping self-relation for word ID 1557, type 'derived_from', source 'tagalog.com'.
2025-04-14 16:04:37,986 - WARNING - Skipping self-relation for word ID 1578, type 'derived_from', source 'tagalog.com'.
2025-04-14 16:04:38,040 - WARNING - Skipping self-relation for word ID 1631, type 'derived_from', source 'tagalog.com'.
2025-04-14 16:04:38,041 - WARNING - Skipping self-relation for word ID 1631, type 'derived_from', source 'tagalog.com'.
2025-04-14 16:04:38,067 - WARNING - Skipping self-relation for word ID 1653, type 'derived_from', source 'tagalog.com'.
2025-04-14 16:04:38,087 - WARNING - Error closing connection: set_session cannot be used inside a transaction
