2025-02-08 23:35:25,518 - INFO - Attempting database connection...
2025-02-08 23:35:25,519 - INFO - Database configuration:
2025-02-08 23:35:25,519 - INFO -   Database Name: fil_dict_db
2025-02-08 23:35:25,519 - INFO -   User: postgres
2025-02-08 23:35:25,519 - INFO -   Host: localhost
2025-02-08 23:35:25,519 - INFO -   Password: ********
2025-02-08 23:35:25,552 - INFO - Successfully established database connection
2025-02-08 23:35:25,553 - INFO - Setting up PostgreSQL extensions...
2025-02-08 23:35:25,553 - INFO - Checking extension: pg_trgm
2025-02-08 23:35:25,562 - INFO - Extension already installed: pg_trgm
2025-02-08 23:35:25,563 - INFO - Checking extension: unaccent
2025-02-08 23:35:25,563 - INFO - Extension already installed: unaccent
2025-02-08 23:35:25,563 - INFO - Checking extension: fuzzystrmatch
2025-02-08 23:35:25,564 - INFO - Extension already installed: fuzzystrmatch
2025-02-08 23:35:25,564 - INFO - Extensions setup completed
2025-02-08 23:35:25,564 - INFO - Starting table creation/update process.
2025-02-08 23:35:25,580 - INFO - Tables created or updated successfully.
2025-02-08 23:35:25,583 - INFO - Processing Tagalog words from: data/tagalog-words.json
2025-02-08 23:37:10,452 - INFO - Processing root words from: data/root_words_with_associated_words_cleaned.json
2025-02-08 23:37:46,792 - INFO - Processing KWF dictionary from: data/kwf_dictionary.json
2025-02-08 23:39:30,706 - INFO - Starting to process Kaikki file: data/kaikki.jsonl
2025-02-08 23:41:21,829 - INFO - Starting to process Kaikki file: data/kaikki-ceb.jsonl
2025-02-08 23:42:02,440 - INFO - Processing Baybayin entries...
2025-02-08 23:42:02,501 - INFO - Updating Baybayin entry (ID: 95386) with cleaned form
2025-02-08 23:42:02,511 - INFO - Updating Baybayin entry (ID: 98927) with cleaned form
2025-02-08 23:42:02,516 - INFO - Updating Baybayin entry (ID: 103713) with cleaned form
2025-02-08 23:42:02,517 - INFO - Updating Baybayin entry (ID: 103785) with cleaned form
2025-02-08 23:42:02,520 - INFO - Updating Baybayin entry (ID: 103786) with cleaned form
2025-02-08 23:42:02,521 - INFO - Updating Baybayin entry (ID: 103788) with cleaned form
2025-02-08 23:42:02,522 - INFO - Updating Baybayin entry (ID: 103789) with cleaned form
2025-02-08 23:42:02,524 - INFO - Updating Baybayin entry (ID: 103790) with cleaned form
2025-02-08 23:42:02,526 - INFO - Updating Baybayin entry (ID: 103791) with cleaned form
2025-02-08 23:42:02,527 - INFO - Updating Baybayin entry (ID: 103792) with cleaned form
2025-02-08 23:42:02,529 - INFO - Updating Baybayin entry (ID: 103793) with cleaned form
2025-02-08 23:42:02,530 - INFO - Updating Baybayin entry (ID: 103794) with cleaned form
2025-02-08 23:42:02,531 - INFO - Updating Baybayin entry (ID: 104894) with cleaned form
2025-02-08 23:42:02,532 - INFO - Updating Baybayin entry (ID: 107186) with cleaned form
2025-02-08 23:42:02,533 - INFO - Updating Baybayin entry (ID: 107311) with cleaned form
2025-02-08 23:42:02,535 - INFO - Updating Baybayin entry (ID: 107473) with cleaned form
2025-02-08 23:42:02,537 - INFO - Updating Baybayin entry (ID: 123825) with cleaned form
2025-02-08 23:42:02,538 - INFO - Updating Baybayin entry (ID: 123841) with cleaned form
2025-02-08 23:42:02,539 - INFO - Updating Baybayin entry (ID: 124212) with cleaned form
2025-02-08 23:42:02,541 - INFO - Updating Baybayin entry (ID: 124214) with cleaned form
2025-02-08 23:42:02,542 - INFO - Updating Baybayin entry (ID: 124215) with cleaned form
2025-02-08 23:42:02,544 - INFO - Updating Baybayin entry (ID: 124216) with cleaned form
2025-02-08 23:42:02,545 - INFO - Updating Baybayin entry (ID: 124217) with cleaned form
2025-02-08 23:42:02,545 - INFO - Updating Baybayin entry (ID: 124219) with cleaned form
2025-02-08 23:42:02,547 - INFO - Updating Baybayin entry (ID: 124220) with cleaned form
2025-02-08 23:42:02,548 - INFO - Updating Baybayin entry (ID: 124224) with cleaned form
2025-02-08 23:42:02,550 - INFO - Updating Baybayin entry (ID: 124225) with cleaned form
2025-02-08 23:42:05,797 - INFO - Baybayin data cleanup completed successfully
2025-02-08 23:42:05,798 - INFO - Migration completed successfully
