2025-02-09 11:30:09,545 - INFO - Attempting database connection...
2025-02-09 11:30:09,546 - INFO - Database configuration:
2025-02-09 11:30:09,547 - INFO -   Database Name: fil_dict_db
2025-02-09 11:30:09,548 - INFO -   User: postgres
2025-02-09 11:30:09,548 - INFO -   Host: localhost
2025-02-09 11:30:09,549 - INFO -   Password: ********
2025-02-09 11:30:09,682 - INFO - Successfully established database connection
2025-02-09 11:30:09,683 - INFO - Setting up PostgreSQL extensions...
2025-02-09 11:30:09,683 - INFO - Checking extension: pg_trgm
2025-02-09 11:30:09,696 - INFO - Extension already installed: pg_trgm
2025-02-09 11:30:09,697 - INFO - Checking extension: unaccent
2025-02-09 11:30:09,698 - INFO - Extension already installed: unaccent
2025-02-09 11:30:09,699 - INFO - Checking extension: fuzzystrmatch
2025-02-09 11:30:09,700 - INFO - Extension already installed: fuzzystrmatch
2025-02-09 11:30:09,701 - INFO - Extensions setup completed
2025-02-09 11:30:09,701 - INFO - Starting table creation/update process.
2025-02-09 11:30:09,786 - INFO - Tables created or updated successfully.
2025-02-09 11:30:09,796 - INFO - Processing Tagalog words from: data/tagalog-words.json
2025-02-09 11:30:10,313 - ERROR - Error processing Tagalog words file: Unsupported data format in tagalog-words.json
2025-02-09 11:30:10,315 - ERROR - Error processing file data/tagalog-words.json: Unsupported data format in tagalog-words.json
2025-02-09 11:30:10,316 - WARNING - Skipping file data/tagalog-words.json due to errors.
2025-02-09 11:30:10,365 - INFO - Processing root words from: data/root_words_with_associated_words_cleaned.json
