2025-04-04 16:16:25,140 - INFO - Starting lookup for word: 'google'
2025-04-04 16:16:25,303 - INFO - pg_trgm extension installed: True
2025-04-04 16:16:25,304 - INFO - Executing exact match query for 'google'
2025-04-04 16:16:25,552 - INFO - Found 1 exact matches
2025-04-04 16:16:25,553 - INFO - Processing result 1/1
2025-04-04 16:16:25,553 - INFO - Word ID: 79869
2025-04-04 16:16:25,554 - INFO - Lemma: Google
2025-04-04 16:16:25,554 - INFO - Language code: tl
2025-04-04 16:16:25,560 - INFO - Querying pronunciations for word_id 79869
2025-04-04 16:16:25,562 - INFO - Found 0 pronunciations
2025-04-04 16:16:25,563 - INFO - Querying etymologies for word_id 79869
2025-04-04 16:16:25,573 - INFO - Found 0 etymologies
2025-04-04 16:16:25,574 - INFO - Querying definitions for word_id 79869
2025-04-04 16:16:25,587 - INFO - Found 2 definitions
2025-04-04 16:16:25,588 - INFO - Processing definition 1/2
2025-04-04 16:16:25,592 - INFO - Processing definition 2/2
2025-04-04 16:16:25,594 - INFO - Querying relations for word_id 79869
2025-04-04 16:16:25,607 - INFO - Found 0 relations
2025-04-04 16:16:25,608 - INFO - No relations found for word ID 79869
2025-04-04 16:16:25,610 - INFO - Database connection closed
