2025-03-31 09:13:56,515 - INFO - Starting lookup for word: 'comida'
2025-03-31 09:13:56,669 - INFO - pg_trgm extension installed: True
2025-03-31 09:13:56,669 - INFO - Executing exact match query for 'comida'
2025-03-31 09:13:56,679 - INFO - Found 0 exact matches
2025-03-31 09:13:56,680 - INFO - No exact matches, trying fuzzy search for 'comida'
2025-03-31 09:13:56,684 - INFO - Found 0 fuzzy matches
2025-03-31 09:13:56,685 - INFO - No fuzzy matches, falling back to ILIKE search
2025-03-31 09:13:56,685 - INFO - Trying ILIKE search for 'comida'
2025-03-31 09:13:56,687 - INFO - ILIKE search found 0 matches
2025-03-31 09:13:56,687 - INFO - Diagnostic: checking if word exists in any form
2025-03-31 09:13:56,688 - INFO - Diagnostic result: Word 'comida' exists (partial match): False
2025-03-31 09:13:56,688 - INFO - Diagnostic: verifying database schema
2025-03-31 09:13:56,707 - INFO - Diagnostic: words table has 18 columns
2025-03-31 09:13:56,708 - INFO -   Column: id, Type: integer
2025-03-31 09:13:56,708 - INFO -   Column: lemma, Type: character varying
2025-03-31 09:13:56,709 - INFO -   Column: normalized_lemma, Type: character varying
2025-03-31 09:13:56,709 - INFO -   Column: has_baybayin, Type: boolean
2025-03-31 09:13:56,709 - INFO -   Column: baybayin_form, Type: character varying
2025-03-31 09:13:56,710 - INFO -   Column: romanized_form, Type: character varying
2025-03-31 09:13:56,710 - INFO -   Column: language_code, Type: character varying
2025-03-31 09:13:56,710 - INFO -   Column: root_word_id, Type: integer
2025-03-31 09:13:56,711 - INFO -   Column: preferred_spelling, Type: character varying
2025-03-31 09:13:56,711 - INFO -   Column: tags, Type: text
2025-03-31 09:13:56,711 - INFO -   Column: idioms, Type: jsonb
2025-03-31 09:13:56,711 - INFO -   Column: pronunciation_data, Type: jsonb
2025-03-31 09:13:56,711 - INFO -   Column: source_info, Type: text
2025-03-31 09:13:56,712 - INFO -   Column: word_metadata, Type: jsonb
2025-03-31 09:13:56,712 - INFO -   Column: data_hash, Type: text
2025-03-31 09:13:56,712 - INFO -   Column: created_at, Type: timestamp with time zone
2025-03-31 09:13:56,712 - INFO -   Column: updated_at, Type: timestamp with time zone
2025-03-31 09:13:56,713 - INFO -   Column: search_text, Type: tsvector
2025-03-31 09:13:56,716 - INFO - Database connection closed
