2025-03-30 19:50:33,491 - INFO - Starting lookup for word: 'law-ay'
2025-03-30 19:50:33,541 - INFO - pg_trgm extension installed: True
2025-03-30 19:50:33,542 - INFO - Executing exact match query for 'law-ay'
2025-03-30 19:50:33,723 - INFO - Found 2 exact matches
2025-03-30 19:50:33,724 - INFO - Processing result 1/2
2025-03-30 19:50:33,724 - INFO - Word ID: 228493
2025-03-30 19:50:33,725 - INFO - Lemma: law-ay
2025-03-30 19:50:33,725 - INFO - Language code: ceb
2025-03-30 19:50:33,728 - INFO - Querying pronunciations for word_id 228493
2025-03-30 19:50:33,730 - INFO - Found 0 pronunciations
2025-03-30 19:50:33,730 - INFO - Querying etymologies for word_id 228493
2025-03-30 19:50:33,735 - INFO - Found 0 etymologies
2025-03-30 19:50:33,735 - INFO - Querying definitions for word_id 228493
2025-03-30 19:50:33,744 - INFO - Found 2 definitions
2025-03-30 19:50:33,745 - INFO - Processing definition 1/2
2025-03-30 19:50:33,747 - INFO - Processing definition 2/2
2025-03-30 19:50:33,748 - INFO - Querying relations for word_id 228493
2025-03-30 19:50:33,754 - INFO - Found 0 relations
2025-03-30 19:50:33,754 - INFO - No relations found for word ID 228493
2025-03-30 19:50:33,755 - INFO - Processing result 2/2
2025-03-30 19:50:33,755 - INFO - Word ID: 237458
2025-03-30 19:50:33,756 - INFO - Lemma: law-ay
2025-03-30 19:50:33,756 - INFO - Language code: hil
2025-03-30 19:50:33,757 - INFO - Querying pronunciations for word_id 237458
2025-03-30 19:50:33,757 - INFO - Found 1 pronunciations
2025-03-30 19:50:33,759 - INFO - Querying etymologies for word_id 237458
2025-03-30 19:50:33,760 - INFO - Found 0 etymologies
2025-03-30 19:50:33,760 - INFO - Querying definitions for word_id 237458
2025-03-30 19:50:33,761 - INFO - Found 1 definitions
2025-03-30 19:50:33,762 - INFO - Processing definition 1/1
2025-03-30 19:50:33,764 - INFO - Querying relations for word_id 237458
2025-03-30 19:50:33,765 - INFO - Found 0 relations
2025-03-30 19:50:33,766 - INFO - No relations found for word ID 237458
2025-03-30 19:50:33,767 - INFO - Database connection closed
