2025-03-31 08:59:08,387 - INFO - Starting lookup for word: 'comida'
2025-03-31 08:59:08,422 - INFO - pg_trgm extension installed: True
2025-03-31 08:59:08,423 - INFO - Executing exact match query for 'comida'
2025-03-31 08:59:08,570 - INFO - Found 0 exact matches
2025-03-31 08:59:08,570 - INFO - No exact matches, trying fuzzy search for 'comida'
2025-03-31 08:59:08,679 - INFO - Found 5 fuzzy matches
2025-03-31 08:59:08,679 - INFO - Fuzzy matches: ['Comia', 'komida', 'Comiso', 'Pomida', 'Coming']
2025-03-31 08:59:08,681 - INFO - Processing result 1/5
2025-03-31 08:59:08,682 - INFO - Word ID: 157372
2025-03-31 08:59:08,682 - INFO - Lemma: Comia
2025-03-31 08:59:08,682 - INFO - Language code: tl
2025-03-31 08:59:08,684 - INFO - Querying pronunciations for word_id 157372
2025-03-31 08:59:08,685 - INFO - Found 3 pronunciations
2025-03-31 08:59:08,687 - INFO - Querying etymologies for word_id 157372
2025-03-31 08:59:08,689 - INFO - Found 0 etymologies
2025-03-31 08:59:08,690 - INFO - Querying definitions for word_id 157372
2025-03-31 08:59:08,694 - INFO - Found 1 definitions
2025-03-31 08:59:08,695 - INFO - Processing definition 1/1
2025-03-31 08:59:08,696 - INFO - Querying relations for word_id 157372
2025-03-31 08:59:08,700 - INFO - Found 1 relations
2025-03-31 08:59:08,701 - INFO - Processing result 2/5
2025-03-31 08:59:08,701 - INFO - Word ID: 143083
2025-03-31 08:59:08,701 - INFO - Lemma: komida
2025-03-31 08:59:08,701 - INFO - Language code: tl
2025-03-31 08:59:08,702 - INFO - Querying pronunciations for word_id 143083
2025-03-31 08:59:08,703 - INFO - Found 0 pronunciations
2025-03-31 08:59:08,703 - INFO - Querying etymologies for word_id 143083
2025-03-31 08:59:08,703 - INFO - Found 0 etymologies
2025-03-31 08:59:08,703 - INFO - Querying definitions for word_id 143083
2025-03-31 08:59:08,703 - INFO - Found 0 definitions
2025-03-31 08:59:08,704 - INFO - Querying relations for word_id 143083
2025-03-31 08:59:08,705 - INFO - Found 2 relations
2025-03-31 08:59:08,707 - INFO - Processing result 3/5
2025-03-31 08:59:08,708 - INFO - Word ID: 226912
2025-03-31 08:59:08,708 - INFO - Lemma: Comiso
2025-03-31 08:59:08,708 - INFO - Language code: ceb
2025-03-31 08:59:08,709 - INFO - Querying pronunciations for word_id 226912
2025-03-31 08:59:08,709 - INFO - Found 0 pronunciations
2025-03-31 08:59:08,709 - INFO - Querying etymologies for word_id 226912
2025-03-31 08:59:08,709 - INFO - Found 0 etymologies
2025-03-31 08:59:08,709 - INFO - Querying definitions for word_id 226912
2025-03-31 08:59:08,710 - INFO - Found 1 definitions
2025-03-31 08:59:08,710 - INFO - Processing definition 1/1
2025-03-31 08:59:08,711 - INFO - Querying relations for word_id 226912
2025-03-31 08:59:08,711 - INFO - Found 0 relations
2025-03-31 08:59:08,712 - INFO - No relations found for word ID 226912
2025-03-31 08:59:08,712 - INFO - Processing result 4/5
2025-03-31 08:59:08,712 - INFO - Word ID: 228598
2025-03-31 08:59:08,712 - INFO - Lemma: Pomida
2025-03-31 08:59:08,712 - INFO - Language code: ceb
2025-03-31 08:59:08,713 - INFO - Querying pronunciations for word_id 228598
2025-03-31 08:59:08,713 - INFO - Found 0 pronunciations
2025-03-31 08:59:08,714 - INFO - Querying etymologies for word_id 228598
2025-03-31 08:59:08,714 - INFO - Found 0 etymologies
2025-03-31 08:59:08,714 - INFO - Querying definitions for word_id 228598
2025-03-31 08:59:08,715 - INFO - Found 1 definitions
2025-03-31 08:59:08,715 - INFO - Processing definition 1/1
2025-03-31 08:59:08,716 - INFO - Querying relations for word_id 228598
2025-03-31 08:59:08,716 - INFO - Found 0 relations
2025-03-31 08:59:08,716 - INFO - No relations found for word ID 228598
2025-03-31 08:59:08,717 - INFO - Processing result 5/5
2025-03-31 08:59:08,717 - INFO - Word ID: 232428
2025-03-31 08:59:08,717 - INFO - Lemma: Coming
2025-03-31 08:59:08,717 - INFO - Language code: ceb
2025-03-31 08:59:08,718 - INFO - Querying pronunciations for word_id 232428
2025-03-31 08:59:08,718 - INFO - Found 0 pronunciations
2025-03-31 08:59:08,718 - INFO - Querying etymologies for word_id 232428
2025-03-31 08:59:08,719 - INFO - Found 0 etymologies
2025-03-31 08:59:08,719 - INFO - Querying definitions for word_id 232428
2025-03-31 08:59:08,719 - INFO - Found 1 definitions
2025-03-31 08:59:08,719 - INFO - Processing definition 1/1
2025-03-31 08:59:08,720 - INFO - Querying relations for word_id 232428
2025-03-31 08:59:08,721 - INFO - Found 0 relations
2025-03-31 08:59:08,721 - INFO - No relations found for word ID 232428
2025-03-31 08:59:08,721 - INFO - Database connection closed
