2025-04-04 17:52:21,019 - INFO - Starting table creation/update process.
2025-04-04 17:52:21,886 - INFO - Tables created or updated successfully.
2025-04-04 17:52:21,896 - INFO - Starting processing for KWF Dictionary from ..\data\kwf_dictionary.json
2025-04-04 17:52:21,896 - INFO - Processing KWF Dictionary: ..\data\kwf_dictionary.json
2025-04-04 17:52:21,896 - INFO - Using standardized source identifier: 'KWF Diksiyonaryo ng Wikang Filipino'
2025-04-04 17:52:23,086 - INFO - Found 51237 word entries in ..\data\kwf_dictionary.json
2025-04-04 17:52:23,145 - INFO - Word ''t' (tl) created (ID: 1) from source 'KWF Diksiyonaryo ng Wikang Filipino'.
2025-04-04 17:52:23,166 - INFO - Word '-an' (tl) created (ID: 2) from source 'KWF Diksiyonaryo ng Wikang Filipino'.
2025-04-04 17:52:23,169 - INFO - Word '-in' (tl) created (ID: 3) from source 'KWF Diksiyonaryo ng Wikang Filipino'.
2025-04-04 17:52:23,175 - INFO - Word '-ísta' (tl) created (ID: 4) from source 'KWF Diksiyonaryo ng Wikang Filipino'.
2025-04-04 17:52:23,177 - INFO - Word '-ng' (tl) created (ID: 5) from source 'KWF Diksiyonaryo ng Wikang Filipino'.
2025-04-04 17:52:23,186 - INFO - Word 'A!' (tl) created (ID: 6) from source 'KWF Diksiyonaryo ng Wikang Filipino'.
2025-04-04 17:52:23,187 - INFO - Word 'A.D.' (tl) created (ID: 7) from source 'KWF Diksiyonaryo ng Wikang Filipino'.
2025-04-04 17:52:23,189 - INFO - Word 'Anno Domini' (tl) created (ID: 8) from source 'KWF Diksiyonaryo ng Wikang Filipino'.
2025-04-04 17:52:23,195 - INFO - Word 'Aa' (tl) created (ID: 9) from source 'KWF Diksiyonaryo ng Wikang Filipino'.
2025-04-04 17:52:23,197 - INFO - Word 'Adbiyénto' (tl) created (ID: 10) from source 'KWF Diksiyonaryo ng Wikang Filipino'.
2025-04-04 17:52:23,199 - INFO - Word 'Adyós!' (tl) created (ID: 11) from source 'KWF Diksiyonaryo ng Wikang Filipino'.
2025-04-04 17:52:23,202 - INFO - Word 'PAÁLAM' (tl) created (ID: 12) from source 'KWF Diksiyonaryo ng Wikang Filipino'.
2025-04-04 17:52:23,205 - INFO - Word 'Aeta' (tl) created (ID: 13) from source 'KWF Diksiyonaryo ng Wikang Filipino'.
2025-04-04 17:52:23,206 - INFO - Word 'AGTÁ' (tl) created (ID: 14) from source 'KWF Diksiyonaryo ng Wikang Filipino'.
2025-04-04 17:52:23,209 - INFO - Word 'Africa' (tl) created (ID: 15) from source 'KWF Diksiyonaryo ng Wikang Filipino'.
2025-04-04 17:52:23,212 - INFO - Word 'Agnus Dei' (tl) created (ID: 16) from source 'KWF Diksiyonaryo ng Wikang Filipino'.
2025-04-04 17:52:23,213 - INFO - Word 'Aglípay' (tl) created (ID: 17) from source 'KWF Diksiyonaryo ng Wikang Filipino'.
2025-04-04 17:52:23,216 - INFO - Word 'Agtâ Dumágat Casigúran' (tl) created (ID: 18) from source 'KWF Diksiyonaryo ng Wikang Filipino'.
2025-04-04 17:52:23,221 - INFO - Word 'Agtâ Dumágat Umíray' (tl) created (ID: 19) from source 'KWF Diksiyonaryo ng Wikang Filipino'.
2025-04-04 17:52:23,222 - INFO - Word 'Agtâ Irayá' (tl) created (ID: 20) from source 'KWF Diksiyonaryo ng Wikang Filipino'.
2025-04-04 17:52:23,227 - INFO - Word 'Agtâ Irigá' (tl) created (ID: 21) from source 'KWF Diksiyonaryo ng Wikang Filipino'.
2025-04-04 17:52:23,233 - INFO - Word 'Agtâ Isaróg' (tl) created (ID: 22) from source 'KWF Diksiyonaryo ng Wikang Filipino'.
2025-04-04 17:52:23,236 - INFO - Word 'Agtâ Isirígan' (tl) created (ID: 23) from source 'KWF Diksiyonaryo ng Wikang Filipino'.
2025-04-04 17:52:23,238 - INFO - Word 'Aklán' (tl) created (ID: 24) from source 'KWF Diksiyonaryo ng Wikang Filipino'.
2025-04-04 17:52:23,239 - INFO - Word 'Aklánon' (tl) created (ID: 25) from source 'KWF Diksiyonaryo ng Wikang Filipino'.
2025-04-04 17:52:23,241 - INFO - Word 'Allah' (tl) created (ID: 26) from source 'KWF Diksiyonaryo ng Wikang Filipino'.
2025-04-04 17:52:23,243 - INFO - Word 'Albáy' (tl) created (ID: 27) from source 'KWF Diksiyonaryo ng Wikang Filipino'.
2025-04-04 17:52:23,245 - INFO - Word 'Arabia' (tl) created (ID: 28) from source 'KWF Diksiyonaryo ng Wikang Filipino'.
2025-04-04 17:52:23,246 - INFO - Word 'Asyáno' (tl) created (ID: 29) from source 'KWF Diksiyonaryo ng Wikang Filipino'.
2025-04-04 17:52:23,248 - INFO - Word 'ASYÁTIKÓ' (tl) created (ID: 30) from source 'KWF Diksiyonaryo ng Wikang Filipino'.
2025-04-04 17:52:23,251 - INFO - Word 'Asyátik' (tl) created (ID: 31) from source 'KWF Diksiyonaryo ng Wikang Filipino'.
2025-04-04 17:52:23,255 - INFO - Word 'Atlántikó' (tl) created (ID: 32) from source 'KWF Diksiyonaryo ng Wikang Filipino'.
2025-04-04 17:52:23,256 - INFO - Word 'Australia' (tl) created (ID: 33) from source 'KWF Diksiyonaryo ng Wikang Filipino'.
2025-04-04 17:52:23,259 - INFO - Word 'Ay!' (tl) created (ID: 34) from source 'KWF Diksiyonaryo ng Wikang Filipino'.
2025-04-04 17:52:23,261 - INFO - Word 'Abaknón' (tl) created (ID: 35) from source 'KWF Diksiyonaryo ng Wikang Filipino'.
2025-04-04 17:52:23,262 - INFO - Word 'Abríl' (tl) created (ID: 36) from source 'KWF Diksiyonaryo ng Wikang Filipino'.
2025-04-04 17:52:23,264 - INFO - Word 'Abá Ginoóng María' (tl) created (ID: 37) from source 'KWF Diksiyonaryo ng Wikang Filipino'.
2025-04-04 17:52:23,265 - INFO - Word 'Abérno' (tl) created (ID: 38) from source 'KWF Diksiyonaryo ng Wikang Filipino'.
2025-04-04 17:52:23,267 - INFO - Word 'Abúlog' (tl) created (ID: 39) from source 'KWF Diksiyonaryo ng Wikang Filipino'.
2025-04-04 17:52:23,268 - INFO - Word 'Adilús!' (tl) created (ID: 40) from source 'KWF Diksiyonaryo ng Wikang Filipino'.
2025-04-04 17:52:23,270 - INFO - Word 'Adán' (tl) created (ID: 41) from source 'KWF Diksiyonaryo ng Wikang Filipino'.
2025-04-04 17:52:23,271 - INFO - Word 'Adónis' (tl) created (ID: 42) from source 'KWF Diksiyonaryo ng Wikang Filipino'.
2025-04-04 17:52:23,272 - INFO - Word 'Agutaynë́n' (tl) created (ID: 43) from source 'KWF Diksiyonaryo ng Wikang Filipino'.
2025-04-04 17:52:23,274 - INFO - Word 'Agósto' (tl) created (ID: 44) from source 'KWF Diksiyonaryo ng Wikang Filipino'.
2025-04-04 17:52:23,276 - INFO - Word 'Agúsan del Norte' (tl) created (ID: 45) from source 'KWF Diksiyonaryo ng Wikang Filipino'.
2025-04-04 17:52:23,277 - INFO - Word 'Agúsan del Sur' (tl) created (ID: 46) from source 'KWF Diksiyonaryo ng Wikang Filipino'.
2025-04-04 17:52:23,279 - INFO - Word 'Ahá!' (tl) created (ID: 47) from source 'KWF Diksiyonaryo ng Wikang Filipino'.
2025-04-04 17:52:23,281 - INFO - Word 'Alahóy!' (tl) created (ID: 48) from source 'KWF Diksiyonaryo ng Wikang Filipino'.
2025-04-04 17:52:23,282 - INFO - Word 'Alangán Mangyán' (tl) created (ID: 49) from source 'KWF Diksiyonaryo ng Wikang Filipino'.
2025-04-04 17:52:23,284 - INFO - Word 'Alelúya!' (tl) created (ID: 50) from source 'KWF Diksiyonaryo ng Wikang Filipino'.
2025-04-04 17:52:23,286 - INFO - Word 'HALLELUJAH!' (tl) created (ID: 51) from source 'KWF Diksiyonaryo ng Wikang Filipino'.
2025-04-04 17:52:23,288 - INFO - Word 'Alemán' (tl) created (ID: 52) from source 'KWF Diksiyonaryo ng Wikang Filipino'.
2025-04-04 17:52:23,289 - INFO - Word 'German' (tl) created (ID: 53) from source 'KWF Diksiyonaryo ng Wikang Filipino'.
2025-04-04 17:52:23,290 - INFO - Word 'Alemánya' (tl) created (ID: 54) from source 'KWF Diksiyonaryo ng Wikang Filipino'.
2025-04-04 17:52:23,291 - INFO - Word 'Germany' (tl) created (ID: 55) from source 'KWF Diksiyonaryo ng Wikang Filipino'.
2025-04-04 17:52:23,293 - INFO - Word 'Alá!' (tl) created (ID: 56) from source 'KWF Diksiyonaryo ng Wikang Filipino'.
2025-04-04 17:52:23,295 - INFO - Word 'Aláska' (tl) created (ID: 57) from source 'KWF Diksiyonaryo ng Wikang Filipino'.
2025-04-04 17:52:23,296 - INFO - Word 'Alís!' (tl) created (ID: 58) from source 'KWF Diksiyonaryo ng Wikang Filipino'.
2025-04-04 17:52:23,300 - INFO - Word 'Amerikanísmo' (tl) created (ID: 59) from source 'KWF Diksiyonaryo ng Wikang Filipino'.
2025-04-04 17:52:23,302 - INFO - Word 'Amerikáno' (tl) created (ID: 60) from source 'KWF Diksiyonaryo ng Wikang Filipino'.
2025-04-04 17:52:23,304 - INFO - Word 'Amá Námin' (tl) created (ID: 61) from source 'KWF Diksiyonaryo ng Wikang Filipino'.
2025-04-04 17:52:23,310 - INFO - Word 'Amériká' (tl) created (ID: 62) from source 'KWF Diksiyonaryo ng Wikang Filipino'.
2025-04-04 17:52:23,313 - INFO - Word 'Estádos Unídos' (tl) created (ID: 63) from source 'KWF Diksiyonaryo ng Wikang Filipino'.
2025-04-04 17:52:23,314 - INFO - Word 'Anunsiyasyón' (tl) created (ID: 64) from source 'KWF Diksiyonaryo ng Wikang Filipino'.
2025-04-04 17:52:23,316 - INFO - Word 'Anó!' (tl) created (ID: 65) from source 'KWF Diksiyonaryo ng Wikang Filipino'.
2025-04-04 17:52:23,318 - INFO - Word 'Apólo' (tl) created (ID: 66) from source 'KWF Diksiyonaryo ng Wikang Filipino'.
2025-04-04 17:52:23,321 - INFO - Word 'Ariwánas' (tl) created (ID: 67) from source 'KWF Diksiyonaryo ng Wikang Filipino'.
2025-04-04 17:52:23,322 - INFO - Word 'Ariyá!' (tl) created (ID: 68) from source 'KWF Diksiyonaryo ng Wikang Filipino'.
2025-04-04 17:52:23,329 - INFO - Word 'Arábe' (tl) created (ID: 69) from source 'KWF Diksiyonaryo ng Wikang Filipino'.
2025-04-04 17:52:23,330 - INFO - Word 'ARÁBO' (tl) created (ID: 70) from source 'KWF Diksiyonaryo ng Wikang Filipino'.
2025-04-04 17:52:23,331 - INFO - Word 'ÁRAB' (tl) created (ID: 71) from source 'KWF Diksiyonaryo ng Wikang Filipino'.
2025-04-04 17:52:23,337 - INFO - Word 'Arabic' (tl) created (ID: 72) from source 'KWF Diksiyonaryo ng Wikang Filipino'.
2025-04-04 17:52:23,338 - INFO - Word 'Arábikó' (tl) created (ID: 73) from source 'KWF Diksiyonaryo ng Wikang Filipino'.
2025-04-04 17:52:23,345 - INFO - Word 'Arúy!' (tl) created (ID: 74) from source 'KWF Diksiyonaryo ng Wikang Filipino'.
2025-04-04 17:52:23,346 - INFO - Word 'Aráy!' (tl) created (ID: 75) from source 'KWF Diksiyonaryo ng Wikang Filipino'.
2025-04-04 17:52:23,347 - INFO - Word 'Asensiyón' (tl) created (ID: 76) from source 'KWF Diksiyonaryo ng Wikang Filipino'.
2025-04-04 17:52:23,349 - INFO - Word 'Asunsiyón' (tl) created (ID: 77) from source 'KWF Diksiyonaryo ng Wikang Filipino'.
2025-04-04 17:52:23,351 - INFO - Word 'Asús!' (tl) created (ID: 78) from source 'KWF Diksiyonaryo ng Wikang Filipino'.
2025-04-04 17:52:23,353 - INFO - Word 'Atí-atíhan' (tl) created (ID: 79) from source 'KWF Diksiyonaryo ng Wikang Filipino'.
2025-04-04 17:52:23,355 - INFO - Word 'Ayán!' (tl) created (ID: 80) from source 'KWF Diksiyonaryo ng Wikang Filipino'.
2025-04-04 17:52:23,356 - INFO - Word 'B.C.' (tl) created (ID: 81) from source 'KWF Diksiyonaryo ng Wikang Filipino'.
2025-04-04 17:52:23,359 - INFO - Word 'Ba!' (tl) created (ID: 82) from source 'KWF Diksiyonaryo ng Wikang Filipino'.
2025-04-04 17:52:23,361 - INFO - Word 'Abá!' (tl) created (ID: 83) from source 'KWF Diksiyonaryo ng Wikang Filipino'.
2025-04-04 17:52:23,362 - INFO - Word 'Bang!' (tl) created (ID: 84) from source 'KWF Diksiyonaryo ng Wikang Filipino'.
2025-04-04 17:52:23,363 - INFO - Word 'Bastá!' (tl) created (ID: 85) from source 'KWF Diksiyonaryo ng Wikang Filipino'.
2025-04-04 17:52:23,365 - INFO - Word 'Batangas' (tl) created (ID: 86) from source 'KWF Diksiyonaryo ng Wikang Filipino'.
2025-04-04 17:52:23,366 - INFO - Word 'BATÁNGAN' (tl) created (ID: 87) from source 'KWF Diksiyonaryo ng Wikang Filipino'.
2025-04-04 17:52:23,368 - INFO - Word 'Bathalà' (tl) created (ID: 88) from source 'KWF Diksiyonaryo ng Wikang Filipino'.
2025-04-04 17:52:23,370 - INFO - Word 'Babúyan' (tl) created (ID: 89) from source 'KWF Diksiyonaryo ng Wikang Filipino'.
2025-04-04 17:52:23,371 - INFO - Word 'Bagumbáyan' (tl) created (ID: 90) from source 'KWF Diksiyonaryo ng Wikang Filipino'.
2025-04-04 17:52:23,376 - INFO - Word 'Bagóbo' (tl) created (ID: 91) from source 'KWF Diksiyonaryo ng Wikang Filipino'.
2025-04-04 17:52:23,378 - INFO - Word 'Bagóbo Kláta' (tl) created (ID: 92) from source 'KWF Diksiyonaryo ng Wikang Filipino'.
2025-04-04 17:52:23,379 - INFO - Word 'Bahása Sug' (tl) created (ID: 93) from source 'KWF Diksiyonaryo ng Wikang Filipino'.
2025-04-04 17:52:23,381 - INFO - Word 'Balagtás' (tl) created (ID: 94) from source 'KWF Diksiyonaryo ng Wikang Filipino'.
2025-04-04 17:52:23,382 - INFO - Word 'Balangáw' (tl) created (ID: 95) from source 'KWF Diksiyonaryo ng Wikang Filipino'.
2025-04-04 17:52:23,384 - INFO - Word 'Balarâ' (tl) created (ID: 96) from source 'KWF Diksiyonaryo ng Wikang Filipino'.
2025-04-04 17:52:23,386 - INFO - Word 'Balintawák' (tl) created (ID: 97) from source 'KWF Diksiyonaryo ng Wikang Filipino'.
2025-04-04 17:52:23,388 - INFO - Word 'Banál na Santatló' (tl) created (ID: 98) from source 'KWF Diksiyonaryo ng Wikang Filipino'.
2025-04-04 17:52:23,390 - INFO - Word 'SANTÍSIMÁ TRINIDÁD' (tl) created (ID: 99) from source 'KWF Diksiyonaryo ng Wikang Filipino'.
2025-04-04 17:52:23,392 - INFO - Word 'Bataán' (tl) created (ID: 100) from source 'KWF Diksiyonaryo ng Wikang Filipino'.
2025-04-04 17:52:23,394 - INFO - Word 'Batikáno' (tl) created (ID: 101) from source 'KWF Diksiyonaryo ng Wikang Filipino'.
2025-04-04 17:52:23,395 - INFO - Word 'Vatican' (tl) created (ID: 102) from source 'KWF Diksiyonaryo ng Wikang Filipino'.
2025-04-04 17:52:23,397 - INFO - Word 'Bb' (tl) created (ID: 103) from source 'KWF Diksiyonaryo ng Wikang Filipino'.
2025-04-04 17:52:23,399 - INFO - Word 'Bb.' (tl) created (ID: 104) from source 'KWF Diksiyonaryo ng Wikang Filipino'.
2025-04-04 17:52:23,400 - INFO - Word 'Benguet' (tl) created (ID: 105) from source 'KWF Diksiyonaryo ng Wikang Filipino'.
2025-04-04 17:52:23,403 - INFO - Word 'Belén' (tl) created (ID: 106) from source 'KWF Diksiyonaryo ng Wikang Filipino'.
2025-04-04 17:52:23,404 - INFO - Word 'Big Dipper' (tl) created (ID: 107) from source 'KWF Diksiyonaryo ng Wikang Filipino'.
2025-04-04 17:52:23,406 - INFO - Word 'Daóng-Daúngan' (tl) created (ID: 108) from source 'KWF Diksiyonaryo ng Wikang Filipino'.
2025-04-04 17:52:23,406 - INFO - Word 'Binaták' (tl) created (ID: 109) from source 'KWF Diksiyonaryo ng Wikang Filipino'.
2025-04-04 17:52:23,408 - INFO - Word 'Biniráyan' (tl) created (ID: 110) from source 'KWF Diksiyonaryo ng Wikang Filipino'.
2025-04-04 17:52:23,410 - INFO - Word 'Binúkid' (tl) created (ID: 111) from source 'KWF Diksiyonaryo ng Wikang Filipino'.
2025-04-04 17:52:23,411 - INFO - Word 'Biríngan' (tl) created (ID: 112) from source 'KWF Diksiyonaryo ng Wikang Filipino'.
2025-04-04 17:52:23,413 - INFO - Word 'Biyénbenída!' (tl) created (ID: 113) from source 'KWF Diksiyonaryo ng Wikang Filipino'.
2025-04-04 17:52:23,414 - INFO - Word 'Biyérnes' (tl) created (ID: 114) from source 'KWF Diksiyonaryo ng Wikang Filipino'.
2025-04-04 17:52:23,415 - INFO - Word 'Bláan' (tl) created (ID: 115) from source 'KWF Diksiyonaryo ng Wikang Filipino'.
2025-04-04 17:52:23,417 - INFO - Word 'Bombay' (tl) created (ID: 116) from source 'KWF Diksiyonaryo ng Wikang Filipino'.
2025-04-04 17:52:23,421 - INFO - Word 'Bon voyage!' (tl) created (ID: 117) from source 'KWF Diksiyonaryo ng Wikang Filipino'.
2025-04-04 17:52:23,425 - INFO - Word 'Bohól' (tl) created (ID: 118) from source 'KWF Diksiyonaryo ng Wikang Filipino'.
2025-04-04 17:52:23,427 - INFO - Word 'Bolináw' (tl) created (ID: 119) from source 'KWF Diksiyonaryo ng Wikang Filipino'.
2025-04-04 17:52:23,429 - INFO - Word 'Boînën' (tl) created (ID: 120) from source 'KWF Diksiyonaryo ng Wikang Filipino'.
2025-04-04 17:52:23,433 - INFO - Word 'Britain' (tl) created (ID: 121) from source 'KWF Diksiyonaryo ng Wikang Filipino'.
2025-04-04 17:52:23,435 - INFO - Word 'Great Britain' (tl) created (ID: 122) from source 'KWF Diksiyonaryo ng Wikang Filipino'.
2025-04-04 17:52:23,440 - INFO - Word 'United Kingdom' (tl) created (ID: 123) from source 'KWF Diksiyonaryo ng Wikang Filipino'.
2025-04-04 17:52:23,442 - INFO - Word 'Bugkalút' (tl) created (ID: 124) from source 'KWF Diksiyonaryo ng Wikang Filipino'.
2025-04-04 17:52:23,443 - INFO - Word 'Bureau of Quarantine' (tl) created (ID: 125) from source 'KWF Diksiyonaryo ng Wikang Filipino'.
2025-04-04 17:52:23,444 - INFO - Word 'Káwanihán ng Kuwáranténa' (tl) created (ID: 126) from source 'KWF Diksiyonaryo ng Wikang Filipino'.
2025-04-04 17:52:23,445 - INFO - Word 'Butwánon' (tl) created (ID: 127) from source 'KWF Diksiyonaryo ng Wikang Filipino'.
2025-04-04 17:52:23,446 - INFO - Word 'Bukidnón' (tl) created (ID: 128) from source 'KWF Diksiyonaryo ng Wikang Filipino'.
2025-04-04 17:52:23,448 - INFO - Word 'Bulacan' (tl) created (ID: 129) from source 'KWF Diksiyonaryo ng Wikang Filipino'.
2025-04-04 17:52:23,449 - INFO - Word 'Bulíng-Bulíng' (tl) created (ID: 130) from source 'KWF Diksiyonaryo ng Wikang Filipino'.
2025-04-04 17:52:23,453 - INFO - Word 'Butúan' (tl) created (ID: 131) from source 'KWF Diksiyonaryo ng Wikang Filipino'.
2025-04-04 17:52:23,455 - INFO - Word 'Bábay!' (tl) created (ID: 132) from source 'KWF Diksiyonaryo ng Wikang Filipino'.
2025-04-04 17:52:23,456 - INFO - Word 'Bángon Mangyán' (tl) created (ID: 133) from source 'KWF Diksiyonaryo ng Wikang Filipino'.
2025-04-04 17:52:23,458 - INFO - Word 'Bégnas de Sasáad' (tl) created (ID: 134) from source 'KWF Diksiyonaryo ng Wikang Filipino'.
2025-04-04 17:52:23,460 - INFO - Word 'Bégnas de Yábyan' (tl) created (ID: 135) from source 'KWF Diksiyonaryo ng Wikang Filipino'.
2025-04-04 17:52:23,462 - INFO - Word 'Bégnas dei Tángeb di Babáye' (tl) created (ID: 136) from source 'KWF Diksiyonaryo ng Wikang Filipino'.
2025-04-04 17:52:23,463 - INFO - Word 'Bégnas di Dóok' (tl) created (ID: 137) from source 'KWF Diksiyonaryo ng Wikang Filipino'.
2025-04-04 17:52:23,464 - INFO - Word 'Bíbliyá' (tl) created (ID: 138) from source 'KWF Diksiyonaryo ng Wikang Filipino'.
2025-04-04 17:52:23,465 - INFO - Word 'Bírheng María' (tl) created (ID: 139) from source 'KWF Diksiyonaryo ng Wikang Filipino'.
2025-04-04 17:52:23,467 - INFO - Word 'Bíkol' (tl) created (ID: 140) from source 'KWF Diksiyonaryo ng Wikang Filipino'.
2025-04-04 17:52:23,469 - INFO - Word 'Búhid Mangyán' (tl) created (ID: 141) from source 'KWF Diksiyonaryo ng Wikang Filipino'.
2025-04-04 17:52:23,471 - INFO - Word 'CD' (tl) created (ID: 142) from source 'KWF Diksiyonaryo ng Wikang Filipino'.
2025-04-04 17:52:23,472 - INFO - Word 'disk' (tl) created (ID: 143) from source 'KWF Diksiyonaryo ng Wikang Filipino'.
2025-04-04 17:52:23,473 - INFO - Word 'COD' (tl) created (ID: 144) from source 'KWF Diksiyonaryo ng Wikang Filipino'.
2025-04-04 17:52:23,474 - INFO - Word 'CR' (tl) created (ID: 145) from source 'KWF Diksiyonaryo ng Wikang Filipino'.
2025-04-04 17:52:23,476 - INFO - Word 'palikúran' (tl) created (ID: 146) from source 'KWF Diksiyonaryo ng Wikang Filipino'.
2025-04-04 17:52:23,477 - INFO - Word 'CV' (tl) created (ID: 147) from source 'KWF Diksiyonaryo ng Wikang Filipino'.
2025-04-04 17:52:23,478 - INFO - Word 'curriculum vitae' (tl) created (ID: 148) from source 'KWF Diksiyonaryo ng Wikang Filipino'.
2025-04-04 17:52:23,479 - INFO - Word 'Camiguin' (tl) created (ID: 149) from source 'KWF Diksiyonaryo ng Wikang Filipino'.
2025-04-04 17:52:23,481 - INFO - Word 'Camp Crame' (tl) created (ID: 150) from source 'KWF Diksiyonaryo ng Wikang Filipino'.
2025-04-04 17:52:23,483 - INFO - Word 'Capiz' (tl) created (ID: 151) from source 'KWF Diksiyonaryo ng Wikang Filipino'.
2025-04-04 17:52:23,484 - INFO - Word 'Catholicism' (tl) created (ID: 152) from source 'KWF Diksiyonaryo ng Wikang Filipino'.
2025-04-04 17:52:23,486 - INFO - Word 'Katolisísmo' (tl) created (ID: 153) from source 'KWF Diksiyonaryo ng Wikang Filipino'.
2025-04-04 17:52:23,487 - INFO - Word 'Cc' (tl) created (ID: 154) from source 'KWF Diksiyonaryo ng Wikang Filipino'.
2025-04-04 17:52:23,489 - INFO - Word 'Charíng!' (tl) created (ID: 155) from source 'KWF Diksiyonaryo ng Wikang Filipino'.
2025-04-04 17:52:23,490 - INFO - Word 'Charót!' (tl) created (ID: 156) from source 'KWF Diksiyonaryo ng Wikang Filipino'.
2025-04-04 17:52:23,494 - INFO - Word 'Chinese' (tl) created (ID: 157) from source 'KWF Diksiyonaryo ng Wikang Filipino'.
2025-04-04 17:52:23,495 - INFO - Word 'Tsíno' (tl) created (ID: 158) from source 'KWF Diksiyonaryo ng Wikang Filipino'.
2025-04-04 17:52:23,496 - INFO - Word 'Christmas' (tl) created (ID: 159) from source 'KWF Diksiyonaryo ng Wikang Filipino'.
2025-04-04 17:52:23,498 - INFO - Word 'Paskó' (tl) created (ID: 160) from source 'KWF Diksiyonaryo ng Wikang Filipino'.
2025-04-04 17:52:23,499 - INFO - Word 'Congrats!' (tl) created (ID: 161) from source 'KWF Diksiyonaryo ng Wikang Filipino'.
2025-04-04 17:52:23,501 - INFO - Word 'ENHORABUENA!' (tl) created (ID: 162) from source 'KWF Diksiyonaryo ng Wikang Filipino'.
2025-04-04 17:52:23,503 - INFO - Word 'Cordillera' (tl) created (ID: 163) from source 'KWF Diksiyonaryo ng Wikang Filipino'.
2025-04-04 17:52:23,504 - INFO - Word 'Dalî!' (tl) created (ID: 164) from source 'KWF Diksiyonaryo ng Wikang Filipino'.
2025-04-04 17:52:23,505 - INFO - Word 'Dapítan' (tl) created (ID: 165) from source 'KWF Diksiyonaryo ng Wikang Filipino'.
2025-04-04 17:52:23,506 - INFO - Word 'Darángën' (tl) created (ID: 166) from source 'KWF Diksiyonaryo ng Wikang Filipino'.
2025-04-04 17:52:23,510 - INFO - Word 'Dd' (tl) created (ID: 167) from source 'KWF Diksiyonaryo ng Wikang Filipino'.
2025-04-04 17:52:23,513 - INFO - Word 'Department of Health (DOH)' (tl) created (ID: 168) from source 'KWF Diksiyonaryo ng Wikang Filipino'.
2025-04-04 17:52:23,515 - INFO - Word 'Kágawarán ng Kalusúgan' (tl) created (ID: 169) from source 'KWF Diksiyonaryo ng Wikang Filipino'.
2025-04-04 17:52:23,516 - INFO - Word 'Dekálogó' (tl) created (ID: 170) from source 'KWF Diksiyonaryo ng Wikang Filipino'.
2025-04-04 17:52:23,518 - INFO - Word 'Sampúng Útos' (tl) created (ID: 171) from source 'KWF Diksiyonaryo ng Wikang Filipino'.
2025-04-04 17:52:23,520 - INFO - Word 'Disyémbre' (tl) created (ID: 172) from source 'KWF Diksiyonaryo ng Wikang Filipino'.
2025-04-04 17:52:23,521 - INFO - Word 'Dinágyang' (tl) created (ID: 173) from source 'KWF Diksiyonaryo ng Wikang Filipino'.
2025-04-04 17:52:23,522 - INFO - Word 'Diyaskí!' (tl) created (ID: 174) from source 'KWF Diksiyonaryo ng Wikang Filipino'.
2025-04-04 17:52:23,526 - INFO - Word 'Diyáblo!' (tl) created (ID: 175) from source 'KWF Diksiyonaryo ng Wikang Filipino'.
2025-04-04 17:52:23,528 - INFO - Word 'Diyós' (tl) created (ID: 176) from source 'KWF Diksiyonaryo ng Wikang Filipino'.
2025-04-04 17:52:23,529 - INFO - Word 'MANLILIKHÂ' (tl) created (ID: 177) from source 'KWF Diksiyonaryo ng Wikang Filipino'.
2025-04-04 17:52:23,533 - INFO - Word 'MAYKAPÁL' (tl) created (ID: 178) from source 'KWF Diksiyonaryo ng Wikang Filipino'.
2025-04-04 17:52:23,536 - INFO - Word 'Don' (tl) created (ID: 179) from source 'KWF Diksiyonaryo ng Wikang Filipino'.
2025-04-04 17:52:23,538 - INFO - Word 'GAT' (tl) created (ID: 180) from source 'KWF Diksiyonaryo ng Wikang Filipino'.
2025-04-04 17:52:23,540 - INFO - Word 'Doppler radar' (tl) created (ID: 181) from source 'KWF Diksiyonaryo ng Wikang Filipino'.
2025-04-04 17:52:23,541 - INFO - Word 'Dolorósa' (tl) created (ID: 182) from source 'KWF Diksiyonaryo ng Wikang Filipino'.
2025-04-04 17:52:23,544 - INFO - Word 'Mádre Dolorósa' (tl) created (ID: 183) from source 'KWF Diksiyonaryo ng Wikang Filipino'.
2025-04-04 17:52:23,545 - INFO - Word 'Domínggo' (tl) created (ID: 184) from source 'KWF Diksiyonaryo ng Wikang Filipino'.
2025-04-04 17:52:23,546 - INFO - Word 'Linggó' (tl) created (ID: 185) from source 'KWF Diksiyonaryo ng Wikang Filipino'.
2025-04-04 17:52:23,547 - INFO - Word 'Domínikó' (tl) created (ID: 186) from source 'KWF Diksiyonaryo ng Wikang Filipino'.
2025-04-04 17:52:23,549 - INFO - Word 'Dumágat' (tl) created (ID: 187) from source 'KWF Diksiyonaryo ng Wikang Filipino'.
2025-04-04 17:52:23,550 - INFO - Word 'Dágit' (tl) created (ID: 188) from source 'KWF Diksiyonaryo ng Wikang Filipino'.
2025-04-04 17:52:23,552 - INFO - Word 'Dónya' (tl) created (ID: 189) from source 'KWF Diksiyonaryo ng Wikang Filipino'.
2025-04-04 17:52:23,554 - INFO - Word 'SENYÓRA' (tl) created (ID: 190) from source 'KWF Diksiyonaryo ng Wikang Filipino'.
2025-04-04 17:52:23,558 - INFO - Word 'EDSA' (tl) created (ID: 191) from source 'KWF Diksiyonaryo ng Wikang Filipino'.
2025-04-04 17:52:23,559 - INFO - Word 'Epifanio de los Santos Avenue' (tl) created (ID: 192) from source 'KWF Diksiyonaryo ng Wikang Filipino'.
2025-04-04 17:52:23,561 - INFO - Word 'Ee' (tl) created (ID: 193) from source 'KWF Diksiyonaryo ng Wikang Filipino'.
2025-04-04 17:52:23,563 - INFO - Word 'Egypt' (tl) created (ID: 194) from source 'KWF Diksiyonaryo ng Wikang Filipino'.
2025-04-04 17:52:23,565 - INFO - Word 'EHÍPTO' (tl) created (ID: 195) from source 'KWF Diksiyonaryo ng Wikang Filipino'.
2025-04-04 17:52:23,568 - INFO - Word 'El Niño' (tl) created (ID: 196) from source 'KWF Diksiyonaryo ng Wikang Filipino'.
2025-04-04 17:52:23,569 - INFO - Word 'English' (tl) created (ID: 197) from source 'KWF Diksiyonaryo ng Wikang Filipino'.
2025-04-04 17:52:23,571 - INFO - Word 'Inglés' (tl) created (ID: 198) from source 'KWF Diksiyonaryo ng Wikang Filipino'.
2025-04-04 17:52:23,575 - INFO - Word 'Espanyól' (tl) created (ID: 199) from source 'KWF Diksiyonaryo ng Wikang Filipino'.
2025-04-04 17:52:23,577 - INFO - Word 'KASTILÀ' (tl) created (ID: 200) from source 'KWF Diksiyonaryo ng Wikang Filipino'.
2025-04-04 17:52:23,579 - INFO - Word 'Espanyóla' (tl) created (ID: 201) from source 'KWF Diksiyonaryo ng Wikang Filipino'.
2025-04-04 17:52:23,580 - INFO - Word 'Espánya' (tl) created (ID: 202) from source 'KWF Diksiyonaryo ng Wikang Filipino'.
2025-04-04 17:52:23,581 - INFO - Word 'Estiyágansánto!' (tl) created (ID: 203) from source 'KWF Diksiyonaryo ng Wikang Filipino'.
2025-04-04 17:52:23,584 - INFO - Word 'UNITED STATES' (tl) created (ID: 204) from source 'KWF Diksiyonaryo ng Wikang Filipino'.
2025-04-04 17:52:23,586 - INFO - Word 'Eukaristíya' (tl) created (ID: 205) from source 'KWF Diksiyonaryo ng Wikang Filipino'.
2025-04-04 17:52:23,587 - INFO - Word 'óstiyá' (tl) created (ID: 206) from source 'KWF Diksiyonaryo ng Wikang Filipino'.
2025-04-04 17:52:23,588 - INFO - Word 'Eureka!' (tl) created (ID: 207) from source 'KWF Diksiyonaryo ng Wikang Filipino'.
2025-04-04 17:52:23,589 - INFO - Word 'Europe' (tl) created (ID: 208) from source 'KWF Diksiyonaryo ng Wikang Filipino'.
2025-04-04 17:52:23,590 - INFO - Word 'EURÓPA' (tl) created (ID: 209) from source 'KWF Diksiyonaryo ng Wikang Filipino'.
2025-04-04 17:52:23,593 - INFO - Word 'Eve' (tl) created (ID: 210) from source 'KWF Diksiyonaryo ng Wikang Filipino'.
2025-04-04 17:52:23,595 - INFO - Word 'Éba' (tl) created (ID: 211) from source 'KWF Diksiyonaryo ng Wikang Filipino'.
2025-04-04 17:52:23,596 - INFO - Word 'Ebanghélyo' (tl) created (ID: 212) from source 'KWF Diksiyonaryo ng Wikang Filipino'.
2025-04-04 17:52:23,598 - INFO - Word 'Edén' (tl) created (ID: 213) from source 'KWF Diksiyonaryo ng Wikang Filipino'.
2025-04-04 17:52:23,600 - INFO - Word 'PARAÍSO' (tl) created (ID: 214) from source 'KWF Diksiyonaryo ng Wikang Filipino'.
2025-04-04 17:52:23,602 - INFO - Word 'Ehém!' (tl) created (ID: 215) from source 'KWF Diksiyonaryo ng Wikang Filipino'.
2025-04-04 17:52:23,604 - INFO - Word 'Enéro' (tl) created (ID: 216) from source 'KWF Diksiyonaryo ng Wikang Filipino'.
2025-04-04 17:52:23,606 - INFO - Word 'Facebook' (tl) created (ID: 217) from source 'KWF Diksiyonaryo ng Wikang Filipino'.
2025-04-04 17:52:23,607 - INFO - Word 'Fahrenheit' (tl) created (ID: 218) from source 'KWF Diksiyonaryo ng Wikang Filipino'.
2025-04-04 17:52:23,609 - INFO - Word 'Ferdinand Magellan' (tl) created (ID: 219) from source 'KWF Diksiyonaryo ng Wikang Filipino'.
2025-04-04 17:52:23,611 - INFO - Word 'Ff' (tl) created (ID: 220) from source 'KWF Diksiyonaryo ng Wikang Filipino'.
2025-04-04 17:52:23,612 - INFO - Word 'Filipino Sign Language' (tl) created (ID: 221) from source 'KWF Diksiyonaryo ng Wikang Filipino'.
2025-04-04 17:52:23,613 - INFO - Word 'Filipíno' (tl) created (ID: 222) from source 'KWF Diksiyonaryo ng Wikang Filipino'.
2025-04-04 17:52:23,614 - INFO - Word 'Finallíg' (tl) created (ID: 223) from source 'KWF Diksiyonaryo ng Wikang Filipino'.
2025-04-04 17:52:23,615 - INFO - Word 'Finontók' (tl) created (ID: 224) from source 'KWF Diksiyonaryo ng Wikang Filipino'.
2025-04-04 17:52:23,617 - INFO - Word 'Florante at Laura' (tl) created (ID: 225) from source 'KWF Diksiyonaryo ng Wikang Filipino'.
2025-04-04 17:52:23,619 - INFO - Word 'Flóres de Máyo' (tl) created (ID: 226) from source 'KWF Diksiyonaryo ng Wikang Filipino'.
2025-04-04 17:52:23,620 - INFO - Word 'Friendster' (tl) created (ID: 227) from source 'KWF Diksiyonaryo ng Wikang Filipino'.
2025-04-04 17:52:23,621 - INFO - Word 'Fágad' (tl) created (ID: 228) from source 'KWF Diksiyonaryo ng Wikang Filipino'.
2025-04-04 17:52:23,622 - INFO - Word 'Game!' (tl) created (ID: 229) from source 'KWF Diksiyonaryo ng Wikang Filipino'.
2025-04-04 17:52:23,632 - INFO - Word 'Gg' (tl) created (ID: 230) from source 'KWF Diksiyonaryo ng Wikang Filipino'.
2025-04-04 17:52:23,634 - INFO - Word 'Gitnáng Luzón' (tl) created (ID: 231) from source 'KWF Diksiyonaryo ng Wikang Filipino'.
2025-04-04 17:52:23,636 - INFO - Word 'Gitnáng Silángan' (tl) created (ID: 232) from source 'KWF Diksiyonaryo ng Wikang Filipino'.
2025-04-04 17:52:23,638 - INFO - Word 'Glórya Pátri' (tl) created (ID: 233) from source 'KWF Diksiyonaryo ng Wikang Filipino'.
2025-04-04 17:52:23,640 - INFO - Word 'Luwalhatì sa Amá' (tl) created (ID: 234) from source 'KWF Diksiyonaryo ng Wikang Filipino'.
2025-04-04 17:52:23,642 - INFO - Word 'Gmail' (tl) created (ID: 235) from source 'KWF Diksiyonaryo ng Wikang Filipino'.
2025-04-04 17:52:23,644 - INFO - Word 'Google' (tl) created (ID: 236) from source 'KWF Diksiyonaryo ng Wikang Filipino'.
2025-04-04 17:52:23,646 - INFO - Word 'Gran Británya' (tl) created (ID: 237) from source 'KWF Diksiyonaryo ng Wikang Filipino'.
2025-04-04 17:52:23,653 - INFO - Word 'Greece' (tl) created (ID: 238) from source 'KWF Diksiyonaryo ng Wikang Filipino'.
2025-04-04 17:52:23,655 - INFO - Word 'GRÉSYA' (tl) created (ID: 239) from source 'KWF Diksiyonaryo ng Wikang Filipino'.
2025-04-04 17:52:23,657 - INFO - Word 'Greek' (tl) created (ID: 240) from source 'KWF Diksiyonaryo ng Wikang Filipino'.
2025-04-04 17:52:23,659 - INFO - Word 'Griyégo' (tl) created (ID: 241) from source 'KWF Diksiyonaryo ng Wikang Filipino'.
2025-04-04 17:52:23,664 - INFO - Word 'Grecia' (tl) created (ID: 242) from source 'KWF Diksiyonaryo ng Wikang Filipino'.
2025-04-04 17:52:23,665 - INFO - Word 'Gubatnón Mangyan' (tl) created (ID: 243) from source 'KWF Diksiyonaryo ng Wikang Filipino'.
2025-04-04 17:52:23,668 - INFO - Word 'Gáddang' (tl) created (ID: 244) from source 'KWF Diksiyonaryo ng Wikang Filipino'.
2025-04-04 17:52:23,670 - INFO - Word 'Ha!' (tl) created (ID: 245) from source 'KWF Diksiyonaryo ng Wikang Filipino'.
2025-04-04 17:52:23,673 - INFO - Word 'Hamtikánon' (tl) created (ID: 246) from source 'KWF Diksiyonaryo ng Wikang Filipino'.
2025-04-04 17:52:23,676 - INFO - Word 'Halá!' (tl) created (ID: 247) from source 'KWF Diksiyonaryo ng Wikang Filipino'.
2025-04-04 17:52:23,678 - INFO - Word 'Halína!' (tl) created (ID: 248) from source 'KWF Diksiyonaryo ng Wikang Filipino'.
2025-04-04 17:52:23,680 - INFO - Word 'Haló!' (tl) created (ID: 249) from source 'KWF Diksiyonaryo ng Wikang Filipino'.
2025-04-04 17:52:23,681 - INFO - Word 'Hello' (tl) created (ID: 250) from source 'KWF Diksiyonaryo ng Wikang Filipino'.
2025-04-04 17:52:23,684 - INFO - Word 'Hanunoó' (tl) created (ID: 251) from source 'KWF Diksiyonaryo ng Wikang Filipino'.
2025-04-04 17:52:23,686 - INFO - Word 'Hanunoó Mangyan' (tl) created (ID: 252) from source 'KWF Diksiyonaryo ng Wikang Filipino'.
2025-04-04 17:52:23,689 - INFO - Word 'Haponés' (tl) created (ID: 253) from source 'KWF Diksiyonaryo ng Wikang Filipino'.
2025-04-04 17:52:23,690 - INFO - Word 'Japanese' (tl) created (ID: 254) from source 'KWF Diksiyonaryo ng Wikang Filipino'.
2025-04-04 17:52:23,692 - INFO - Word 'Hapón' (tl) created (ID: 255) from source 'KWF Diksiyonaryo ng Wikang Filipino'.
2025-04-04 17:52:23,695 - INFO - Word 'Japán' (tl) created (ID: 256) from source 'KWF Diksiyonaryo ng Wikang Filipino'.
2025-04-04 17:52:23,698 - INFO - Word 'Hari Ráya Puása' (tl) created (ID: 257) from source 'KWF Diksiyonaryo ng Wikang Filipino'.
2025-04-04 17:52:23,701 - INFO - Word 'Hayán!' (tl) created (ID: 258) from source 'KWF Diksiyonaryo ng Wikang Filipino'.
2025-04-04 17:52:23,704 - INFO - Word 'Hebrew' (tl) created (ID: 259) from source 'KWF Diksiyonaryo ng Wikang Filipino'.
2025-04-04 17:52:23,708 - INFO - Word 'Hello!' (tl) created (ID: 260) from source 'KWF Diksiyonaryo ng Wikang Filipino'.
2025-04-04 17:52:23,711 - INFO - Word 'ÓLA!' (tl) created (ID: 261) from source 'KWF Diksiyonaryo ng Wikang Filipino'.
2025-04-04 17:52:23,715 - INFO - Word 'Heswíta' (tl) created (ID: 262) from source 'KWF Diksiyonaryo ng Wikang Filipino'.
2025-04-04 17:52:23,718 - INFO - Word 'Hh' (tl) created (ID: 263) from source 'KWF Diksiyonaryo ng Wikang Filipino'.
2025-04-04 17:52:23,720 - INFO - Word 'Hindót!' (tl) created (ID: 264) from source 'KWF Diksiyonaryo ng Wikang Filipino'.
2025-04-04 17:52:23,722 - INFO - Word 'Hibók-hibók' (tl) created (ID: 265) from source 'KWF Diksiyonaryo ng Wikang Filipino'.
2025-04-04 17:52:23,725 - INFO - Word 'Higaúnon' (tl) created (ID: 266) from source 'KWF Diksiyonaryo ng Wikang Filipino'.
2025-04-04 17:52:23,728 - INFO - Word 'Hikán!' (tl) created (ID: 267) from source 'KWF Diksiyonaryo ng Wikang Filipino'.
2025-04-04 17:52:23,729 - INFO - Word 'Ikán!' (tl) created (ID: 268) from source 'KWF Diksiyonaryo ng Wikang Filipino'.
2025-04-04 17:52:23,731 - INFO - Word 'Hiligaynón' (tl) created (ID: 269) from source 'KWF Diksiyonaryo ng Wikang Filipino'.
2025-04-04 17:52:23,733 - INFO - Word 'Ho!' (tl) created (ID: 270) from source 'KWF Diksiyonaryo ng Wikang Filipino'.
2025-04-04 17:52:23,736 - INFO - Word 'Hudyó' (tl) created (ID: 271) from source 'KWF Diksiyonaryo ng Wikang Filipino'.
2025-04-04 17:52:23,739 - INFO - Word 'Hukbalaháp' (tl) created (ID: 272) from source 'KWF Diksiyonaryo ng Wikang Filipino'.
2025-04-04 17:52:23,742 - INFO - Word 'Hudaísmo' (tl) created (ID: 273) from source 'KWF Diksiyonaryo ng Wikang Filipino'.
2025-04-04 17:52:23,746 - INFO - Word 'Huwébes' (tl) created (ID: 274) from source 'KWF Diksiyonaryo ng Wikang Filipino'.
2025-04-04 17:52:23,751 - INFO - Word 'Huwébes Sánto' (tl) created (ID: 275) from source 'KWF Diksiyonaryo ng Wikang Filipino'.
2025-04-04 17:52:23,753 - INFO - Word 'Hátang Kayê' (tl) created (ID: 276) from source 'KWF Diksiyonaryo ng Wikang Filipino'.
2025-04-04 17:52:23,755 - INFO - Word 'Háyo!' (tl) created (ID: 277) from source 'KWF Diksiyonaryo ng Wikang Filipino'.
2025-04-04 17:52:23,756 - INFO - Word 'Hílat!' (tl) created (ID: 278) from source 'KWF Diksiyonaryo ng Wikang Filipino'.
2025-04-04 17:52:23,758 - INFO - Word 'Bélat!' (tl) created (ID: 279) from source 'KWF Diksiyonaryo ng Wikang Filipino'.
2025-04-04 17:52:23,759 - INFO - Word 'Húlyo' (tl) created (ID: 280) from source 'KWF Diksiyonaryo ng Wikang Filipino'.
2025-04-04 17:52:23,761 - INFO - Word 'Húnyo' (tl) created (ID: 281) from source 'KWF Diksiyonaryo ng Wikang Filipino'.
2025-04-04 17:52:23,762 - INFO - Word 'Húdas' (tl) created (ID: 282) from source 'KWF Diksiyonaryo ng Wikang Filipino'.
2025-04-04 17:52:23,764 - INFO - Word 'ID card' (tl) created (ID: 283) from source 'KWF Diksiyonaryo ng Wikang Filipino'.
2025-04-04 17:52:23,765 - INFO - Word 'identification card' (tl) created (ID: 284) from source 'KWF Diksiyonaryo ng Wikang Filipino'.
2025-04-04 17:52:23,767 - INFO - Word 'Ii' (tl) created (ID: 285) from source 'KWF Diksiyonaryo ng Wikang Filipino'.
2025-04-04 17:52:23,770 - INFO - Word 'Ilocos' (tl) created (ID: 286) from source 'KWF Diksiyonaryo ng Wikang Filipino'.
2025-04-04 17:52:23,772 - INFO - Word 'Indio' (tl) created (ID: 287) from source 'KWF Diksiyonaryo ng Wikang Filipino'.
2025-04-04 17:52:23,779 - INFO - Word 'Intertropical Convergence Zone' (tl) created (ID: 288) from source 'KWF Diksiyonaryo ng Wikang Filipino'.
2025-04-04 17:52:23,780 - INFO - Word 'Intsík' (tl) created (ID: 289) from source 'KWF Diksiyonaryo ng Wikang Filipino'.
2025-04-04 17:52:23,782 - INFO - Word 'Islám' (tl) created (ID: 290) from source 'KWF Diksiyonaryo ng Wikang Filipino'.
2025-04-04 17:52:23,784 - INFO - Word 'Isnë́g' (tl) created (ID: 291) from source 'KWF Diksiyonaryo ng Wikang Filipino'.
2025-04-04 17:52:23,786 - INFO - Word 'Israelíta' (tl) created (ID: 292) from source 'KWF Diksiyonaryo ng Wikang Filipino'.
2025-04-04 17:52:23,787 - INFO - Word 'Italian' (tl) created (ID: 293) from source 'KWF Diksiyonaryo ng Wikang Filipino'.
2025-04-04 17:52:23,789 - INFO - Word 'Italy' (tl) created (ID: 294) from source 'KWF Diksiyonaryo ng Wikang Filipino'.
2025-04-04 17:52:23,790 - INFO - Word 'Itnë́g' (tl) created (ID: 295) from source 'KWF Diksiyonaryo ng Wikang Filipino'.
2025-04-04 17:52:23,792 - INFO - Word 'Ibalóy' (tl) created (ID: 296) from source 'KWF Diksiyonaryo ng Wikang Filipino'.
2025-04-04 17:52:23,794 - INFO - Word 'Ibanág' (tl) created (ID: 297) from source 'KWF Diksiyonaryo ng Wikang Filipino'.
2025-04-04 17:52:23,796 - INFO - Word 'Ifugáw' (tl) created (ID: 298) from source 'KWF Diksiyonaryo ng Wikang Filipino'.
2025-04-04 17:52:23,799 - INFO - Word 'Igorót' (tl) created (ID: 299) from source 'KWF Diksiyonaryo ng Wikang Filipino'.
2025-04-04 17:52:23,800 - INFO - Word 'Ilokáno' (tl) created (ID: 300) from source 'KWF Diksiyonaryo ng Wikang Filipino'.
2025-04-04 17:52:23,802 - INFO - Word 'Ilongót' (tl) created (ID: 301) from source 'KWF Diksiyonaryo ng Wikang Filipino'.
2025-04-04 17:52:23,804 - INFO - Word 'Ilónggo' (tl) created (ID: 302) from source 'KWF Diksiyonaryo ng Wikang Filipino'.
2025-04-04 17:52:23,806 - INFO - Word 'Inabaknón' (tl) created (ID: 303) from source 'KWF Diksiyonaryo ng Wikang Filipino'.
2025-04-04 17:52:23,807 - INFO - Word 'Inatá' (tl) created (ID: 304) from source 'KWF Diksiyonaryo ng Wikang Filipino'.
2025-04-04 17:52:23,809 - INFO - Word 'Inéte' (tl) created (ID: 305) from source 'KWF Diksiyonaryo ng Wikang Filipino'.
2025-04-04 17:52:23,811 - INFO - Word 'Iní' (tl) created (ID: 306) from source 'KWF Diksiyonaryo ng Wikang Filipino'.
2025-04-04 17:52:23,812 - INFO - Word 'Irayá Mangyán' (tl) created (ID: 307) from source 'KWF Diksiyonaryo ng Wikang Filipino'.
2025-04-04 17:52:23,814 - INFO - Word 'Irungdúngan' (tl) created (ID: 308) from source 'KWF Diksiyonaryo ng Wikang Filipino'.
2025-04-04 17:52:23,816 - INFO - Word 'Irán' (tl) created (ID: 309) from source 'KWF Diksiyonaryo ng Wikang Filipino'.
2025-04-04 17:52:23,819 - INFO - Word 'Iránun' (tl) created (ID: 310) from source 'KWF Diksiyonaryo ng Wikang Filipino'.
2025-04-04 17:52:23,821 - INFO - Word 'Iráya' (tl) created (ID: 311) from source 'KWF Diksiyonaryo ng Wikang Filipino'.
2025-04-04 17:52:23,823 - INFO - Word 'Isadánga' (tl) created (ID: 312) from source 'KWF Diksiyonaryo ng Wikang Filipino'.
2025-04-04 17:52:23,825 - INFO - Word 'Isaróg' (tl) created (ID: 313) from source 'KWF Diksiyonaryo ng Wikang Filipino'.
2025-04-04 17:52:23,827 - INFO - Word 'Isináy' (tl) created (ID: 314) from source 'KWF Diksiyonaryo ng Wikang Filipino'.
2025-04-04 17:52:23,829 - INFO - Word 'Itáwit' (tl) created (ID: 315) from source 'KWF Diksiyonaryo ng Wikang Filipino'.
2025-04-04 17:52:23,831 - INFO - Word 'Itím' (tl) created (ID: 316) from source 'KWF Diksiyonaryo ng Wikang Filipino'.
2025-04-04 17:52:23,833 - INFO - Word 'NÉGRO' (tl) created (ID: 317) from source 'KWF Diksiyonaryo ng Wikang Filipino'.
2025-04-04 17:52:23,835 - INFO - Word 'Ivatán' (tl) created (ID: 318) from source 'KWF Diksiyonaryo ng Wikang Filipino'.
2025-04-04 17:52:23,838 - INFO - Word 'Jacob' (tl) created (ID: 319) from source 'KWF Diksiyonaryo ng Wikang Filipino'.
2025-04-04 17:52:23,840 - INFO - Word 'NIHONGO' (tl) created (ID: 320) from source 'KWF Diksiyonaryo ng Wikang Filipino'.
2025-04-04 17:52:23,844 - INFO - Word 'NIPÓNGGO' (tl) created (ID: 321) from source 'KWF Diksiyonaryo ng Wikang Filipino'.
2025-04-04 17:52:23,853 - INFO - Word 'Jesus' (tl) created (ID: 322) from source 'KWF Diksiyonaryo ng Wikang Filipino'.
2025-04-04 17:52:23,855 - INFO - Word 'Hesús' (tl) created (ID: 323) from source 'KWF Diksiyonaryo ng Wikang Filipino'.
2025-04-04 17:52:23,856 - INFO - Word 'Jj' (tl) created (ID: 324) from source 'KWF Diksiyonaryo ng Wikang Filipino'.
2025-04-04 17:52:23,860 - INFO - Word 'Jose Rizal' (tl) created (ID: 325) from source 'KWF Diksiyonaryo ng Wikang Filipino'.
2025-04-04 17:52:23,862 - INFO - Word 'Juvéntas' (tl) created (ID: 326) from source 'KWF Diksiyonaryo ng Wikang Filipino'.
2025-04-04 17:52:23,864 - INFO - Word 'Jáma Mapún' (tl) created (ID: 327) from source 'KWF Diksiyonaryo ng Wikang Filipino'.
2025-04-04 17:52:23,867 - INFO - Word 'Júpitér' (tl) created (ID: 328) from source 'KWF Diksiyonaryo ng Wikang Filipino'.
2025-04-04 17:52:23,870 - INFO - Word 'KKB' (tl) created (ID: 329) from source 'KWF Diksiyonaryo ng Wikang Filipino'.
2025-04-04 17:52:23,872 - INFO - Word 'KSP' (tl) created (ID: 330) from source 'KWF Diksiyonaryo ng Wikang Filipino'.
2025-04-04 17:52:23,873 - INFO - Word 'Ka' (tl) created (ID: 331) from source 'KWF Diksiyonaryo ng Wikang Filipino'.
2025-04-04 17:52:23,876 - INFO - Word 'Kalinga' (tl) created (ID: 332) from source 'KWF Diksiyonaryo ng Wikang Filipino'.
2025-04-04 17:52:23,878 - INFO - Word 'Kalbáryo' (tl) created (ID: 333) from source 'KWF Diksiyonaryo ng Wikang Filipino'.
2025-04-04 17:52:23,880 - INFO - Word 'Kankanáëy' (tl) created (ID: 334) from source 'KWF Diksiyonaryo ng Wikang Filipino'.
2025-04-04 17:52:23,885 - INFO - Word 'Kabaliánon' (tl) created (ID: 335) from source 'KWF Diksiyonaryo ng Wikang Filipino'.
2025-04-04 17:52:23,887 - INFO - Word 'Kabugwasón' (tl) created (ID: 336) from source 'KWF Diksiyonaryo ng Wikang Filipino'.
2025-04-04 17:52:23,889 - INFO - Word 'Kabulówan' (tl) created (ID: 337) from source 'KWF Diksiyonaryo ng Wikang Filipino'.
2025-04-04 17:52:23,891 - INFO - Word 'Kagayánën' (tl) created (ID: 338) from source 'KWF Diksiyonaryo ng Wikang Filipino'.
2025-04-04 17:52:23,893 - INFO - Word 'Kalakháng Maynilà' (tl) created (ID: 339) from source 'KWF Diksiyonaryo ng Wikang Filipino'.
2025-04-04 17:52:23,898 - INFO - Word 'Kalamyánën' (tl) created (ID: 340) from source 'KWF Diksiyonaryo ng Wikang Filipino'.
2025-04-04 17:52:23,901 - INFO - Word 'Kalagán' (tl) created (ID: 341) from source 'KWF Diksiyonaryo ng Wikang Filipino'.
2025-04-04 17:52:23,904 - INFO - Word 'Kalangúya' (tl) created (ID: 342) from source 'KWF Diksiyonaryo ng Wikang Filipino'.
2025-04-04 17:52:23,907 - INFO - Word 'Kalibúgan' (tl) created (ID: 343) from source 'KWF Diksiyonaryo ng Wikang Filipino'.
2025-04-04 17:52:23,910 - INFO - Word 'Kalíngga' (tl) created (ID: 344) from source 'KWF Diksiyonaryo ng Wikang Filipino'.
2025-04-04 17:52:23,913 - INFO - Word 'Kamayú' (tl) created (ID: 345) from source 'KWF Diksiyonaryo ng Wikang Filipino'.
2025-04-04 17:52:23,915 - INFO - Word 'Kanô' (tl) created (ID: 346) from source 'KWF Diksiyonaryo ng Wikang Filipino'.
2025-04-04 17:52:23,918 - INFO - Word 'Kapampángan' (tl) created (ID: 347) from source 'KWF Diksiyonaryo ng Wikang Filipino'.
2025-04-04 17:52:23,922 - INFO - Word 'Kapulungán ng mga Kinatawán' (tl) created (ID: 348) from source 'KWF Diksiyonaryo ng Wikang Filipino'.
2025-04-04 17:52:23,924 - INFO - Word 'KONGRÉSO' (tl) created (ID: 349) from source 'KWF Diksiyonaryo ng Wikang Filipino'.
2025-04-04 17:52:23,927 - INFO - Word 'KÁMARÁ DE REPRESENTÁNTES' (tl) created (ID: 350) from source 'KWF Diksiyonaryo ng Wikang Filipino'.
2025-04-04 17:52:23,931 - INFO - Word 'Kapulényo' (tl) created (ID: 351) from source 'KWF Diksiyonaryo ng Wikang Filipino'.
2025-04-04 17:52:23,935 - INFO - Word 'Karoláno' (tl) created (ID: 352) from source 'KWF Diksiyonaryo ng Wikang Filipino'.
2025-04-04 17:52:23,938 - INFO - Word 'Karámba!' (tl) created (ID: 353) from source 'KWF Diksiyonaryo ng Wikang Filipino'.
2025-04-04 17:52:23,941 - INFO - Word 'Karáw' (tl) created (ID: 354) from source 'KWF Diksiyonaryo ng Wikang Filipino'.
2025-04-04 17:52:23,945 - INFO - Word 'Karáy-a' (tl) created (ID: 355) from source 'KWF Diksiyonaryo ng Wikang Filipino'.
2025-04-04 17:52:23,947 - INFO - Word 'Kasiguránin' (tl) created (ID: 356) from source 'KWF Diksiyonaryo ng Wikang Filipino'.
2025-04-04 17:52:23,949 - INFO - Word 'Katagalúgan' (tl) created (ID: 357) from source 'KWF Diksiyonaryo ng Wikang Filipino'.
2025-04-04 17:52:23,951 - INFO - Word 'Katipunéro' (tl) created (ID: 358) from source 'KWF Diksiyonaryo ng Wikang Filipino'.
2025-04-04 17:52:23,953 - INFO - Word 'Katipúnan' (tl) created (ID: 359) from source 'KWF Diksiyonaryo ng Wikang Filipino'.
2025-04-04 17:52:23,958 - INFO - Word 'Katóliko' (tl) created (ID: 360) from source 'KWF Diksiyonaryo ng Wikang Filipino'.
2025-04-04 17:52:23,961 - INFO - Word 'Katólikó Románo' (tl) created (ID: 361) from source 'KWF Diksiyonaryo ng Wikang Filipino'.
2025-04-04 17:52:23,963 - INFO - Word 'Kayákas Boholáno' (tl) created (ID: 362) from source 'KWF Diksiyonaryo ng Wikang Filipino'.
2025-04-04 17:52:23,964 - INFO - Word 'Kinamayú' (tl) created (ID: 363) from source 'KWF Diksiyonaryo ng Wikang Filipino'.
2025-04-04 17:52:23,966 - INFO - Word 'Kinamigíng' (tl) created (ID: 364) from source 'KWF Diksiyonaryo ng Wikang Filipino'.
2025-04-04 17:52:23,969 - INFO - Word 'Kinaról-an' (tl) created (ID: 365) from source 'KWF Diksiyonaryo ng Wikang Filipino'.
2025-04-04 17:52:23,972 - INFO - Word 'Kiniráy-a' (tl) created (ID: 366) from source 'KWF Diksiyonaryo ng Wikang Filipino'.
2025-04-04 17:52:23,973 - INFO - Word 'Kk' (tl) created (ID: 367) from source 'KWF Diksiyonaryo ng Wikang Filipino'.
2025-04-04 17:52:23,974 - INFO - Word 'Kláta' (tl) created (ID: 368) from source 'KWF Diksiyonaryo ng Wikang Filipino'.
2025-04-04 17:52:23,977 - INFO - Word 'Korea' (tl) created (ID: 369) from source 'KWF Diksiyonaryo ng Wikang Filipino'.
2025-04-04 17:52:23,979 - INFO - Word 'Korean' (tl) created (ID: 370) from source 'KWF Diksiyonaryo ng Wikang Filipino'.
2025-04-04 17:52:23,980 - INFO - Word 'Koreáno' (tl) created (ID: 371) from source 'KWF Diksiyonaryo ng Wikang Filipino'.
2025-04-04 17:52:23,981 - INFO - Word 'Kolibúgan' (tl) created (ID: 372) from source 'KWF Diksiyonaryo ng Wikang Filipino'.
2025-04-04 17:52:23,986 - INFO - Word 'Korán' (tl) created (ID: 373) from source 'KWF Diksiyonaryo ng Wikang Filipino'.
2025-04-04 17:52:23,987 - INFO - Word 'Qur'an' (tl) created (ID: 374) from source 'KWF Diksiyonaryo ng Wikang Filipino'.
2025-04-04 17:52:23,989 - INFO - Word 'Kristiyanísmo' (tl) created (ID: 375) from source 'KWF Diksiyonaryo ng Wikang Filipino'.
2025-04-04 17:52:23,990 - INFO - Word 'Kristiyáno' (tl) created (ID: 376) from source 'KWF Diksiyonaryo ng Wikang Filipino'.
2025-04-04 17:52:23,992 - INFO - Word 'Krísmas' (tl) created (ID: 377) from source 'KWF Diksiyonaryo ng Wikang Filipino'.
2025-04-04 17:52:23,994 - INFO - Word 'Kuwarésma' (tl) created (ID: 378) from source 'KWF Diksiyonaryo ng Wikang Filipino'.
2025-04-04 17:52:23,996 - INFO - Word 'Kuyunón' (tl) created (ID: 379) from source 'KWF Diksiyonaryo ng Wikang Filipino'.
2025-04-04 17:52:23,999 - INFO - Word 'DEPARTMENT OF HEALTH' (tl) created (ID: 380) from source 'KWF Diksiyonaryo ng Wikang Filipino'.
2025-04-04 17:52:24,005 - INFO - Word 'LRT' (tl) created (ID: 381) from source 'KWF Diksiyonaryo ng Wikang Filipino'.
2025-04-04 17:52:24,007 - INFO - Word 'La' (tl) created (ID: 382) from source 'KWF Diksiyonaryo ng Wikang Filipino'.
2025-04-04 17:52:24,009 - INFO - Word 'La Niña' (tl) created (ID: 383) from source 'KWF Diksiyonaryo ng Wikang Filipino'.
2025-04-04 17:52:24,011 - INFO - Word 'La!' (tl) created (ID: 384) from source 'KWF Diksiyonaryo ng Wikang Filipino'.
2025-04-04 17:52:24,013 - INFO - Word 'Lam-áng' (tl) created (ID: 385) from source 'KWF Diksiyonaryo ng Wikang Filipino'.
2025-04-04 17:52:24,016 - INFO - Word 'Linggó de Rámos' (tl) created (ID: 386) from source 'KWF Diksiyonaryo ng Wikang Filipino'.
2025-04-04 17:52:24,019 - INFO - Word 'Linggó ng Palaspás' (tl) created (ID: 387) from source 'KWF Diksiyonaryo ng Wikang Filipino'.
2025-04-04 17:52:24,021 - INFO - Word 'Ll' (tl) created (ID: 388) from source 'KWF Diksiyonaryo ng Wikang Filipino'.
2025-04-04 17:52:24,023 - INFO - Word 'Low Pressure Area' (tl) created (ID: 389) from source 'KWF Diksiyonaryo ng Wikang Filipino'.
2025-04-04 17:52:24,024 - INFO - Word 'Lucifer' (tl) created (ID: 390) from source 'KWF Diksiyonaryo ng Wikang Filipino'.
2025-04-04 17:52:24,027 - INFO - Word 'Lunéta' (tl) created (ID: 391) from source 'KWF Diksiyonaryo ng Wikang Filipino'.
2025-04-04 17:52:24,030 - INFO - Word 'Lupà' (tl) created (ID: 392) from source 'KWF Diksiyonaryo ng Wikang Filipino'.
2025-04-04 17:52:24,031 - INFO - Word 'daigdíg' (tl) created (ID: 393) from source 'KWF Diksiyonaryo ng Wikang Filipino'.
2025-04-04 17:52:24,035 - INFO - Word 'Luzón' (tl) created (ID: 394) from source 'KWF Diksiyonaryo ng Wikang Filipino'.
2025-04-04 17:52:24,037 - INFO - Word 'Létse!' (tl) created (ID: 395) from source 'KWF Diksiyonaryo ng Wikang Filipino'.
2025-04-04 17:52:24,039 - INFO - Word 'Líbra' (tl) created (ID: 396) from source 'KWF Diksiyonaryo ng Wikang Filipino'.
2025-04-04 17:52:24,041 - INFO - Word 'Lúnes' (tl) created (ID: 397) from source 'KWF Diksiyonaryo ng Wikang Filipino'.
2025-04-04 17:52:24,043 - INFO - Word 'Mactan' (tl) created (ID: 398) from source 'KWF Diksiyonaryo ng Wikang Filipino'.
2025-04-04 17:52:24,045 - INFO - Word 'Madhî' (tl) created (ID: 399) from source 'KWF Diksiyonaryo ng Wikang Filipino'.
2025-04-04 17:52:24,047 - INFO - Word 'Mafia' (tl) created (ID: 400) from source 'KWF Diksiyonaryo ng Wikang Filipino'.
2025-04-04 17:52:24,049 - INFO - Word 'Mam' (tl) created (ID: 401) from source 'KWF Diksiyonaryo ng Wikang Filipino'.
2025-04-04 17:52:24,051 - INFO - Word 'Mamanwá' (tl) created (ID: 402) from source 'KWF Diksiyonaryo ng Wikang Filipino'.
2025-04-04 17:52:24,054 - INFO - Word 'Manchu' (tl) created (ID: 403) from source 'KWF Diksiyonaryo ng Wikang Filipino'.
2025-04-04 17:52:24,057 - INFO - Word 'Mangyán' (tl) created (ID: 404) from source 'KWF Diksiyonaryo ng Wikang Filipino'.
2025-04-04 17:52:24,060 - INFO - Word 'Mandayá' (tl) created (ID: 405) from source 'KWF Diksiyonaryo ng Wikang Filipino'.
2025-04-04 17:52:24,062 - INFO - Word 'Mansáka' (tl) created (ID: 406) from source 'KWF Diksiyonaryo ng Wikang Filipino'.
2025-04-04 17:52:24,063 - INFO - Word 'Martial Law' (tl) created (ID: 407) from source 'KWF Diksiyonaryo ng Wikang Filipino'.
2025-04-04 17:52:24,065 - INFO - Word 'Martés' (tl) created (ID: 408) from source 'KWF Diksiyonaryo ng Wikang Filipino'.
2025-04-04 17:52:24,067 - INFO - Word 'Masjid Al Aqsa' (tl) created (ID: 409) from source 'KWF Diksiyonaryo ng Wikang Filipino'.
2025-04-04 17:52:24,070 - INFO - Word 'Masbatényo' (tl) created (ID: 410) from source 'KWF Diksiyonaryo ng Wikang Filipino'.
2025-04-04 17:52:24,072 - INFO - Word 'Maulid un-Nabi' (tl) created (ID: 411) from source 'KWF Diksiyonaryo ng Wikang Filipino'.
2025-04-04 17:52:24,075 - INFO - Word 'Maynilà' (tl) created (ID: 412) from source 'KWF Diksiyonaryo ng Wikang Filipino'.
2025-04-04 17:52:24,076 - INFO - Word 'Mabúhay!' (tl) created (ID: 413) from source 'KWF Diksiyonaryo ng Wikang Filipino'.
2025-04-04 17:52:24,078 - INFO - Word 'Magahát' (tl) created (ID: 414) from source 'KWF Diksiyonaryo ng Wikang Filipino'.
2025-04-04 17:52:24,081 - INFO - Word 'Magindanáwon' (tl) created (ID: 415) from source 'KWF Diksiyonaryo ng Wikang Filipino'.
2025-04-04 17:52:24,084 - INFO - Word 'Maguindanaó' (tl) created (ID: 416) from source 'KWF Diksiyonaryo ng Wikang Filipino'.
2025-04-04 17:52:24,086 - INFO - Word 'Mahál na Áraw' (tl) created (ID: 417) from source 'KWF Diksiyonaryo ng Wikang Filipino'.
2025-04-04 17:52:24,087 - INFO - Word 'SEMÁNA SÁNTA' (tl) created (ID: 418) from source 'KWF Diksiyonaryo ng Wikang Filipino'.
2025-04-04 17:52:24,089 - INFO - Word 'Makíling' (tl) created (ID: 419) from source 'KWF Diksiyonaryo ng Wikang Filipino'.
2025-04-04 17:52:24,092 - INFO - Word 'Malaynón' (tl) created (ID: 420) from source 'KWF Diksiyonaryo ng Wikang Filipino'.
2025-04-04 17:52:24,093 - INFO - Word 'Malawég' (tl) created (ID: 421) from source 'KWF Diksiyonaryo ng Wikang Filipino'.
2025-04-04 17:52:24,095 - INFO - Word 'Manidé' (tl) created (ID: 422) from source 'KWF Diksiyonaryo ng Wikang Filipino'.
2025-04-04 17:52:24,096 - INFO - Word 'Manilényo' (tl) created (ID: 423) from source 'KWF Diksiyonaryo ng Wikang Filipino'.
2025-04-04 17:52:24,097 - INFO - Word 'Manóbo' (tl) created (ID: 424) from source 'KWF Diksiyonaryo ng Wikang Filipino'.
2025-04-04 17:52:24,099 - INFO - Word 'Manóbo Agúsan' (tl) created (ID: 425) from source 'KWF Diksiyonaryo ng Wikang Filipino'.
2025-04-04 17:52:24,101 - INFO - Word 'Manóbo Arománën' (tl) created (ID: 426) from source 'KWF Diksiyonaryo ng Wikang Filipino'.
2025-04-04 17:52:24,104 - INFO - Word 'Manóbo Dibabawón' (tl) created (ID: 427) from source 'KWF Diksiyonaryo ng Wikang Filipino'.
2025-04-04 17:52:24,105 - INFO - Word 'Manóbo Dulángan' (tl) created (ID: 428) from source 'KWF Diksiyonaryo ng Wikang Filipino'.
2025-04-04 17:52:24,106 - INFO - Word 'Manóbo Ilyánen' (tl) created (ID: 429) from source 'KWF Diksiyonaryo ng Wikang Filipino'.
2025-04-04 17:52:24,108 - INFO - Word 'Manóbo Kalamansíg' (tl) created (ID: 430) from source 'KWF Diksiyonaryo ng Wikang Filipino'.
2025-04-04 17:52:24,110 - INFO - Word 'Manóbo Kinamigín' (tl) created (ID: 431) from source 'KWF Diksiyonaryo ng Wikang Filipino'.
2025-04-04 17:52:24,112 - INFO - Word 'Manóbo Matigsálug' (tl) created (ID: 432) from source 'KWF Diksiyonaryo ng Wikang Filipino'.
2025-04-04 17:52:24,113 - INFO - Word 'Manóbo Saranggáni' (tl) created (ID: 433) from source 'KWF Diksiyonaryo ng Wikang Filipino'.
2025-04-04 17:52:24,115 - INFO - Word 'Manóbo Áta' (tl) created (ID: 434) from source 'KWF Diksiyonaryo ng Wikang Filipino'.
2025-04-04 17:52:24,117 - INFO - Word 'Mayón' (tl) created (ID: 435) from source 'KWF Diksiyonaryo ng Wikang Filipino'.
2025-04-04 17:52:24,119 - INFO - Word 'Mecca' (tl) created (ID: 436) from source 'KWF Diksiyonaryo ng Wikang Filipino'.
2025-04-04 17:52:24,120 - INFO - Word 'Mesopotamia' (tl) created (ID: 437) from source 'KWF Diksiyonaryo ng Wikang Filipino'.
2025-04-04 17:52:24,122 - INFO - Word 'Messiah' (tl) created (ID: 438) from source 'KWF Diksiyonaryo ng Wikang Filipino'.
2025-04-04 17:52:24,123 - INFO - Word 'Mesíyas' (tl) created (ID: 439) from source 'KWF Diksiyonaryo ng Wikang Filipino'.
2025-04-04 17:52:24,124 - INFO - Word 'Messianic' (tl) created (ID: 440) from source 'KWF Diksiyonaryo ng Wikang Filipino'.
2025-04-04 17:52:24,125 - INFO - Word 'Mediteráneó' (tl) created (ID: 441) from source 'KWF Diksiyonaryo ng Wikang Filipino'.
2025-04-04 17:52:24,127 - INFO - Word 'Menuvú' (tl) created (ID: 442) from source 'KWF Diksiyonaryo ng Wikang Filipino'.
2025-04-04 17:52:24,130 - INFO - Word 'MANUNUBÓS' (tl) created (ID: 443) from source 'KWF Diksiyonaryo ng Wikang Filipino'.
2025-04-04 17:52:24,133 - INFO - Word 'Metodistá' (tl) created (ID: 444) from source 'KWF Diksiyonaryo ng Wikang Filipino'.
2025-04-04 17:52:24,135 - INFO - Word 'Mindanao' (tl) created (ID: 445) from source 'KWF Diksiyonaryo ng Wikang Filipino'.
2025-04-04 17:52:24,136 - INFO - Word 'Mindóro' (tl) created (ID: 446) from source 'KWF Diksiyonaryo ng Wikang Filipino'.
2025-04-04 17:52:24,138 - INFO - Word 'Mikádo' (tl) created (ID: 447) from source 'KWF Diksiyonaryo ng Wikang Filipino'.
2025-04-04 17:52:24,139 - INFO - Word 'Miyerkolés de Senísa' (tl) created (ID: 448) from source 'KWF Diksiyonaryo ng Wikang Filipino'.
2025-04-04 17:52:24,140 - INFO - Word 'Miyérkolés' (tl) created (ID: 449) from source 'KWF Diksiyonaryo ng Wikang Filipino'.
2025-04-04 17:52:24,143 - INFO - Word 'Mm' (tl) created (ID: 450) from source 'KWF Diksiyonaryo ng Wikang Filipino'.
2025-04-04 17:52:24,145 - INFO - Word 'Moises' (tl) created (ID: 451) from source 'KWF Diksiyonaryo ng Wikang Filipino'.
2025-04-04 17:52:24,147 - INFO - Word 'Molbóg' (tl) created (ID: 452) from source 'KWF Diksiyonaryo ng Wikang Filipino'.
2025-04-04 17:52:24,149 - INFO - Word 'Muslím' (tl) created (ID: 453) from source 'KWF Diksiyonaryo ng Wikang Filipino'.
2025-04-04 17:52:24,151 - INFO - Word 'Mágna Kárta' (tl) created (ID: 454) from source 'KWF Diksiyonaryo ng Wikang Filipino'.
2025-04-04 17:52:24,153 - INFO - Word 'Márso' (tl) created (ID: 455) from source 'KWF Diksiyonaryo ng Wikang Filipino'.
2025-04-04 17:52:24,154 - INFO - Word 'Márte' (tl) created (ID: 456) from source 'KWF Diksiyonaryo ng Wikang Filipino'.
2025-04-04 17:52:24,161 - INFO - Word 'Máyo' (tl) created (ID: 457) from source 'KWF Diksiyonaryo ng Wikang Filipino'.
2025-04-04 17:52:24,162 - INFO - Word 'Mënuvú Úbo' (tl) created (ID: 458) from source 'KWF Diksiyonaryo ng Wikang Filipino'.
2025-04-04 17:52:24,164 - INFO - Word 'Mëranáw' (tl) created (ID: 459) from source 'KWF Diksiyonaryo ng Wikang Filipino'.
2025-04-04 17:52:24,166 - INFO - Word 'Mísa de Agináldo' (tl) created (ID: 460) from source 'KWF Diksiyonaryo ng Wikang Filipino'.
2025-04-04 17:52:24,168 - INFO - Word 'Móro' (tl) created (ID: 461) from source 'KWF Diksiyonaryo ng Wikang Filipino'.
2025-04-04 17:52:24,171 - INFO - Word 'N95-respirator' (tl) created (ID: 462) from source 'KWF Diksiyonaryo ng Wikang Filipino'.
2025-04-04 17:52:24,172 - INFO - Word 'Nazi' (tl) created (ID: 463) from source 'KWF Diksiyonaryo ng Wikang Filipino'.
2025-04-04 17:52:24,174 - INFO - Word 'Nakú!' (tl) created (ID: 464) from source 'KWF Diksiyonaryo ng Wikang Filipino'.
2025-04-04 17:52:24,176 - INFO - Word 'Negríto' (tl) created (ID: 465) from source 'KWF Diksiyonaryo ng Wikang Filipino'.
2025-04-04 17:52:24,177 - INFO - Word 'Ng' (tl) created (ID: 466) from source 'KWF Diksiyonaryo ng Wikang Filipino'.
2025-04-04 17:52:24,180 - INFO - Word 'Nn' (tl) created (ID: 467) from source 'KWF Diksiyonaryo ng Wikang Filipino'.
2025-04-04 17:52:24,182 - INFO - Word 'Nobyémbre' (tl) created (ID: 468) from source 'KWF Diksiyonaryo ng Wikang Filipino'.
2025-04-04 17:52:24,183 - INFO - Word 'Noche Buena' (tl) created (ID: 469) from source 'KWF Diksiyonaryo ng Wikang Filipino'.
2025-04-04 17:52:24,186 - INFO - Word 'Noe' (tl) created (ID: 470) from source 'KWF Diksiyonaryo ng Wikang Filipino'.
2025-04-04 17:52:24,187 - INFO - Word 'Noli Me Tangere' (tl) created (ID: 471) from source 'KWF Diksiyonaryo ng Wikang Filipino'.
2025-04-04 17:52:24,191 - INFO - Word 'O!' (tl) created (ID: 472) from source 'KWF Diksiyonaryo ng Wikang Filipino'.
2025-04-04 17:52:24,193 - INFO - Word 'OFW' (tl) created (ID: 473) from source 'KWF Diksiyonaryo ng Wikang Filipino'.
2025-04-04 17:52:24,195 - INFO - Word 'Occidental Mindoro' (tl) created (ID: 474) from source 'KWF Diksiyonaryo ng Wikang Filipino'.
2025-04-04 17:52:24,196 - INFO - Word 'Oktúbre' (tl) created (ID: 475) from source 'KWF Diksiyonaryo ng Wikang Filipino'.
2025-04-04 17:52:24,198 - INFO - Word 'Onhán' (tl) created (ID: 476) from source 'KWF Diksiyonaryo ng Wikang Filipino'.
2025-04-04 17:52:24,200 - INFO - Word 'Oo' (tl) created (ID: 477) from source 'KWF Diksiyonaryo ng Wikang Filipino'.
2025-04-04 17:52:24,202 - INFO - Word 'Oriental Mindoro' (tl) created (ID: 478) from source 'KWF Diksiyonaryo ng Wikang Filipino'.
2025-04-04 17:52:24,203 - INFO - Word 'Oy!' (tl) created (ID: 479) from source 'KWF Diksiyonaryo ng Wikang Filipino'.
2025-04-04 17:52:24,205 - INFO - Word 'Hoy!' (tl) created (ID: 480) from source 'KWF Diksiyonaryo ng Wikang Filipino'.
2025-04-04 17:52:24,206 - INFO - Word 'Olimpiyáda' (tl) created (ID: 481) from source 'KWF Diksiyonaryo ng Wikang Filipino'.
2025-04-04 17:52:24,208 - INFO - Word 'Olímpiks' (tl) created (ID: 482) from source 'KWF Diksiyonaryo ng Wikang Filipino'.
2025-04-04 17:52:24,212 - INFO - Word 'P' (tl) created (ID: 483) from source 'KWF Diksiyonaryo ng Wikang Filipino'.
2025-04-04 17:52:24,214 - INFO - Word 'PAR' (tl) created (ID: 484) from source 'KWF Diksiyonaryo ng Wikang Filipino'.
2025-04-04 17:52:24,215 - INFO - Word 'Panggasinán' (tl) created (ID: 485) from source 'KWF Diksiyonaryo ng Wikang Filipino'.
2025-04-04 17:52:24,217 - INFO - Word 'Pandaigdígang Organisasyón sa Kalusúgan' (tl) created (ID: 486) from source 'KWF Diksiyonaryo ng Wikang Filipino'.
2025-04-04 17:52:24,224 - INFO - Word 'Pasyón' (tl) created (ID: 487) from source 'KWF Diksiyonaryo ng Wikang Filipino'.
2025-04-04 17:52:24,227 - INFO - Word 'Pahiyás' (tl) created (ID: 488) from source 'KWF Diksiyonaryo ng Wikang Filipino'.
2025-04-04 17:52:24,229 - INFO - Word 'Pahánan Ágta' (tl) created (ID: 489) from source 'KWF Diksiyonaryo ng Wikang Filipino'.
2025-04-04 17:52:24,231 - INFO - Word 'Palestína' (tl) created (ID: 490) from source 'KWF Diksiyonaryo ng Wikang Filipino'.
2025-04-04 17:52:24,233 - INFO - Word 'Paláw-an' (tl) created (ID: 491) from source 'KWF Diksiyonaryo ng Wikang Filipino'.
2025-04-04 17:52:24,235 - INFO - Word 'Paláwan' (tl) created (ID: 492) from source 'KWF Diksiyonaryo ng Wikang Filipino'.
2025-04-04 17:52:24,237 - INFO - Word 'Paláyan' (tl) created (ID: 493) from source 'KWF Diksiyonaryo ng Wikang Filipino'.
2025-04-04 17:52:24,239 - INFO - Word 'Panginoón' (tl) created (ID: 494) from source 'KWF Diksiyonaryo ng Wikang Filipino'.
2025-04-04 17:52:24,241 - INFO - Word 'POÓN' (tl) created (ID: 495) from source 'KWF Diksiyonaryo ng Wikang Filipino'.
2025-04-04 17:52:24,244 - INFO - Word 'Pariyán!' (tl) created (ID: 496) from source 'KWF Diksiyonaryo ng Wikang Filipino'.
2025-04-04 17:52:24,245 - INFO - Word 'Paránan' (tl) created (ID: 497) from source 'KWF Diksiyonaryo ng Wikang Filipino'.
2025-04-04 17:52:24,247 - INFO - Word 'Paríto!' (tl) created (ID: 498) from source 'KWF Diksiyonaryo ng Wikang Filipino'.
2025-04-04 17:52:24,249 - INFO - Word 'PARÍNI!' (tl) created (ID: 499) from source 'KWF Diksiyonaryo ng Wikang Filipino'.
2025-04-04 17:52:24,253 - INFO - Word 'Pasípikó' (tl) created (ID: 500) from source 'KWF Diksiyonaryo ng Wikang Filipino'.
2025-04-04 17:52:24,255 - INFO - Word 'Paálam!' (tl) created (ID: 501) from source 'KWF Diksiyonaryo ng Wikang Filipino'.
2025-04-04 17:52:24,260 - INFO - Word 'Pebréro' (tl) created (ID: 502) from source 'KWF Diksiyonaryo ng Wikang Filipino'.
2025-04-04 17:52:24,262 - INFO - Word 'Pentecost' (tl) created (ID: 503) from source 'KWF Diksiyonaryo ng Wikang Filipino'.
2025-04-04 17:52:24,264 - INFO - Word 'Person Under Investigation (PUI)' (tl) created (ID: 504) from source 'KWF Diksiyonaryo ng Wikang Filipino'.
2025-04-04 17:52:24,265 - INFO - Word 'Person Under Monitoring (PUM)' (tl) created (ID: 505) from source 'KWF Diksiyonaryo ng Wikang Filipino'.
2025-04-04 17:52:24,268 - INFO - Word 'Philippine Genome Center (PGC)' (tl) created (ID: 506) from source 'KWF Diksiyonaryo ng Wikang Filipino'.
2025-04-04 17:52:24,272 - INFO - Word 'Pilipína' (tl) created (ID: 507) from source 'KWF Diksiyonaryo ng Wikang Filipino'.
2025-04-04 17:52:24,274 - INFO - Word 'Pilipínas' (tl) created (ID: 508) from source 'KWF Diksiyonaryo ng Wikang Filipino'.
2025-04-04 17:52:24,276 - INFO - Word 'Pilipíno' (tl) created (ID: 509) from source 'KWF Diksiyonaryo ng Wikang Filipino'.
2025-04-04 17:52:24,279 - INFO - Word 'Pináy' (tl) created (ID: 510) from source 'KWF Diksiyonaryo ng Wikang Filipino'.
2025-04-04 17:52:24,281 - INFO - Word 'Pinóy' (tl) created (ID: 511) from source 'KWF Diksiyonaryo ng Wikang Filipino'.
2025-04-04 17:52:24,283 - INFO - Word 'Porohánon' (tl) created (ID: 512) from source 'KWF Diksiyonaryo ng Wikang Filipino'.
2025-04-04 17:52:24,286 - INFO - Word 'Pp' (tl) created (ID: 513) from source 'KWF Diksiyonaryo ng Wikang Filipino'.
2025-04-04 17:52:24,288 - INFO - Word 'Protestánte' (tl) created (ID: 514) from source 'KWF Diksiyonaryo ng Wikang Filipino'.
2025-04-04 17:52:24,291 - INFO - Word 'Public Health Emergency (PHE)' (tl) created (ID: 515) from source 'KWF Diksiyonaryo ng Wikang Filipino'.
2025-04-04 17:52:24,293 - INFO - Word 'Pánnon' (tl) created (ID: 516) from source 'KWF Diksiyonaryo ng Wikang Filipino'.
2025-04-04 17:52:24,295 - INFO - Word 'Páskuwá' (tl) created (ID: 517) from source 'KWF Diksiyonaryo ng Wikang Filipino'.
2025-04-04 17:52:24,296 - INFO - Word 'EASTER' (tl) created (ID: 518) from source 'KWF Diksiyonaryo ng Wikang Filipino'.
2025-04-04 17:52:24,299 - INFO - Word 'Pápa' (tl) created (ID: 519) from source 'KWF Diksiyonaryo ng Wikang Filipino'.
2025-04-04 17:52:24,302 - INFO - Word 'Sánto Pápa' (tl) created (ID: 520) from source 'KWF Diksiyonaryo ng Wikang Filipino'.
2025-04-04 17:52:24,304 - INFO - Word 'Pílipinísmo' (tl) created (ID: 521) from source 'KWF Diksiyonaryo ng Wikang Filipino'.
2025-04-04 17:52:24,306 - INFO - Word 'Pólo Nórte' (tl) created (ID: 522) from source 'KWF Diksiyonaryo ng Wikang Filipino'.
2025-04-04 17:52:24,309 - INFO - Word 'Pólo Sur' (tl) created (ID: 523) from source 'KWF Diksiyonaryo ng Wikang Filipino'.
2025-04-04 17:52:24,311 - INFO - Word 'Púta!' (tl) created (ID: 524) from source 'KWF Diksiyonaryo ng Wikang Filipino'.
2025-04-04 17:52:24,313 - INFO - Word 'Qq' (tl) created (ID: 525) from source 'KWF Diksiyonaryo ng Wikang Filipino'.
2025-04-04 17:52:24,320 - INFO - Word 'KURAÁN' (tl) created (ID: 526) from source 'KWF Diksiyonaryo ng Wikang Filipino'.
2025-04-04 17:52:24,323 - INFO - Word 'Rajab' (tl) created (ID: 527) from source 'KWF Diksiyonaryo ng Wikang Filipino'.
2025-04-04 17:52:24,327 - INFO - Word 'Ramadán' (tl) created (ID: 528) from source 'KWF Diksiyonaryo ng Wikang Filipino'.
2025-04-04 17:52:24,329 - INFO - Word 'Ratagnón Mangyán' (tl) created (ID: 529) from source 'KWF Diksiyonaryo ng Wikang Filipino'.
2025-04-04 17:52:24,331 - INFO - Word 'Renaissance' (tl) created (ID: 530) from source 'KWF Diksiyonaryo ng Wikang Filipino'.
2025-04-04 17:52:24,334 - INFO - Word 'RENASIMYÉNTO' (tl) created (ID: 531) from source 'KWF Diksiyonaryo ng Wikang Filipino'.
2025-04-04 17:52:24,336 - INFO - Word 'Rekoléto' (tl) created (ID: 532) from source 'KWF Diksiyonaryo ng Wikang Filipino'.
2025-04-04 17:52:24,339 - INFO - Word 'Remontádo' (tl) created (ID: 533) from source 'KWF Diksiyonaryo ng Wikang Filipino'.
2025-04-04 17:52:24,342 - INFO - Word 'Rinkonáda' (tl) created (ID: 534) from source 'KWF Diksiyonaryo ng Wikang Filipino'.
2025-04-04 17:52:24,344 - INFO - Word 'Rizál' (tl) created (ID: 535) from source 'KWF Diksiyonaryo ng Wikang Filipino'.
2025-04-04 17:52:24,346 - INFO - Word 'Rome' (tl) created (ID: 536) from source 'KWF Diksiyonaryo ng Wikang Filipino'.
2025-04-04 17:52:24,349 - INFO - Word 'RÓMA' (tl) created (ID: 537) from source 'KWF Diksiyonaryo ng Wikang Filipino'.
2025-04-04 17:52:24,351 - INFO - Committed batch after 500 KWF entries.
2025-04-04 17:52:24,660 - INFO - Word 'Románo' (tl) created (ID: 538) from source 'KWF Diksiyonaryo ng Wikang Filipino'.
2025-04-04 17:52:24,662 - INFO - Word 'Rr' (tl) created (ID: 539) from source 'KWF Diksiyonaryo ng Wikang Filipino'.
2025-04-04 17:52:24,663 - INFO - Word 'Russian roulette' (tl) created (ID: 540) from source 'KWF Diksiyonaryo ng Wikang Filipino'.
2025-04-04 17:52:24,667 - INFO - Word 'Salonpas' (tl) created (ID: 541) from source 'KWF Diksiyonaryo ng Wikang Filipino'.
2025-04-04 17:52:24,670 - INFO - Word 'Sambál' (tl) created (ID: 542) from source 'KWF Diksiyonaryo ng Wikang Filipino'.
2025-04-04 17:52:24,673 - INFO - Word 'San' (tl) created (ID: 543) from source 'KWF Diksiyonaryo ng Wikang Filipino'.
2025-04-04 17:52:24,675 - INFO - Word 'Santa Claus' (tl) created (ID: 544) from source 'KWF Diksiyonaryo ng Wikang Filipino'.
2025-04-04 17:52:24,679 - INFO - Word 'Saudi Arabia' (tl) created (ID: 545) from source 'KWF Diksiyonaryo ng Wikang Filipino'.
2025-04-04 17:52:24,681 - INFO - Word 'Sangirë' (tl) created (ID: 546) from source 'KWF Diksiyonaryo ng Wikang Filipino'.
2025-04-04 17:52:24,682 - INFO - Word 'Satanás' (tl) created (ID: 547) from source 'KWF Diksiyonaryo ng Wikang Filipino'.
2025-04-04 17:52:24,684 - INFO - Word 'demónyo' (tl) created (ID: 548) from source 'KWF Diksiyonaryo ng Wikang Filipino'.
2025-04-04 17:52:24,686 - INFO - Word 'Satúrno' (tl) created (ID: 549) from source 'KWF Diksiyonaryo ng Wikang Filipino'.
2025-04-04 17:52:24,688 - INFO - Word 'Sebwáno' (tl) created (ID: 550) from source 'KWF Diksiyonaryo ng Wikang Filipino'.
2025-04-04 17:52:24,690 - INFO - Word 'Setyémbre' (tl) created (ID: 551) from source 'KWF Diksiyonaryo ng Wikang Filipino'.
2025-04-04 17:52:24,694 - INFO - Word 'Sha’ban' (tl) created (ID: 552) from source 'KWF Diksiyonaryo ng Wikang Filipino'.
2025-04-04 17:52:24,696 - INFO - Word 'Sigé!' (tl) created (ID: 553) from source 'KWF Diksiyonaryo ng Wikang Filipino'.
2025-04-04 17:52:24,698 - INFO - Word 'Sinadánga' (tl) created (ID: 554) from source 'KWF Diksiyonaryo ng Wikang Filipino'.
2025-04-04 17:52:24,701 - INFO - Word 'Ss' (tl) created (ID: 555) from source 'KWF Diksiyonaryo ng Wikang Filipino'.
2025-04-04 17:52:24,703 - INFO - Word 'Sus!' (tl) created (ID: 556) from source 'KWF Diksiyonaryo ng Wikang Filipino'.
2025-04-04 17:52:24,705 - INFO - Word 'Subánën' (tl) created (ID: 557) from source 'KWF Diksiyonaryo ng Wikang Filipino'.
2025-04-04 17:52:24,709 - INFO - Word 'Surigawnón' (tl) created (ID: 558) from source 'KWF Diksiyonaryo ng Wikang Filipino'.
2025-04-04 17:52:24,713 - INFO - Word 'Sánskrit' (tl) created (ID: 559) from source 'KWF Diksiyonaryo ng Wikang Filipino'.
2025-04-04 17:52:24,715 - INFO - Word 'Sánta Eléna' (tl) created (ID: 560) from source 'KWF Diksiyonaryo ng Wikang Filipino'.
2025-04-04 17:52:24,717 - INFO - Word 'Sánto Níño' (tl) created (ID: 561) from source 'KWF Diksiyonaryo ng Wikang Filipino'.
2025-04-04 17:52:24,721 - INFO - Word 'PONTÍPISÉ' (tl) created (ID: 562) from source 'KWF Diksiyonaryo ng Wikang Filipino'.
2025-04-04 17:52:24,724 - INFO - Word 'Sábadó' (tl) created (ID: 563) from source 'KWF Diksiyonaryo ng Wikang Filipino'.
2025-04-04 17:52:24,727 - INFO - Word 'Sáma' (tl) created (ID: 564) from source 'KWF Diksiyonaryo ng Wikang Filipino'.
2025-04-04 17:52:24,730 - INFO - Word 'Sáyang!' (tl) created (ID: 565) from source 'KWF Diksiyonaryo ng Wikang Filipino'.
2025-04-04 17:52:24,732 - INFO - Word 'Sângil' (tl) created (ID: 566) from source 'KWF Diksiyonaryo ng Wikang Filipino'.
2025-04-04 17:52:24,736 - WARNING - Error closing connection: set_session cannot be used inside a transaction
