2025-04-03 23:38:59,034 - INFO - Starting table creation/update process.
2025-04-03 23:39:00,202 - INFO - Tables created or updated successfully.
2025-04-03 23:39:00,225 - INFO - Processing Marayum dictionaries from directory: ..\data\marayum_dictionaries
2025-04-03 23:39:00,234 - INFO - Processing Marayum file: ..\data\marayum_dictionaries\onhan-english_processed.json with source: Project Marayum
2025-04-03 23:39:00,237 - INFO - Found 0 word entries in ..\data\marayum_dictionaries\onhan-english_processed.json. Skipping file.
2025-04-03 23:39:00,238 - WARNING - No entries processed from onhan-english_processed.json
2025-04-03 23:39:00,240 - INFO - Processing Marayum file: ..\data\marayum_dictionaries\waray-english_processed.json with source: Project Marayum
2025-04-03 23:39:00,242 - INFO - Found 0 word entries in ..\data\marayum_dictionaries\waray-english_processed.json. Skipping file.
2025-04-03 23:39:00,243 - WARNING - No entries processed from waray-english_processed.json
2025-04-03 23:39:00,244 - INFO - Processing Marayum file: ..\data\marayum_dictionaries\ibanag-english_processed.json with source: Project Marayum
2025-04-03 23:39:00,247 - INFO - Found 0 word entries in ..\data\marayum_dictionaries\ibanag-english_processed.json. Skipping file.
2025-04-03 23:39:00,248 - WARNING - No entries processed from ibanag-english_processed.json
2025-04-03 23:39:00,249 - INFO - Processing Marayum file: ..\data\marayum_dictionaries\iranon-english_processed.json with source: Project Marayum
2025-04-03 23:39:00,251 - INFO - Found 0 word entries in ..\data\marayum_dictionaries\iranon-english_processed.json. Skipping file.
2025-04-03 23:39:00,252 - WARNING - No entries processed from iranon-english_processed.json
2025-04-03 23:39:00,253 - INFO - Processing Marayum file: ..\data\marayum_dictionaries\itawis-english_processed.json with source: Project Marayum
2025-04-03 23:39:00,255 - INFO - Found 0 word entries in ..\data\marayum_dictionaries\itawis-english_processed.json. Skipping file.
2025-04-03 23:39:00,256 - WARNING - No entries processed from itawis-english_processed.json
2025-04-03 23:39:00,258 - INFO - Processing Marayum file: ..\data\marayum_dictionaries\ivatan-english_processed.json with source: Project Marayum
2025-04-03 23:39:00,260 - INFO - Found 0 word entries in ..\data\marayum_dictionaries\ivatan-english_processed.json. Skipping file.
2025-04-03 23:39:00,261 - WARNING - No entries processed from ivatan-english_processed.json
2025-04-03 23:39:00,262 - INFO - Processing Marayum file: ..\data\marayum_dictionaries\manide-english_processed.json with source: Project Marayum
2025-04-03 23:39:00,264 - INFO - Found 0 word entries in ..\data\marayum_dictionaries\manide-english_processed.json. Skipping file.
2025-04-03 23:39:00,264 - WARNING - No entries processed from manide-english_processed.json
2025-04-03 23:39:00,265 - INFO - Processing Marayum file: ..\data\marayum_dictionaries\gaddang-english_processed.json with source: Project Marayum
2025-04-03 23:39:00,267 - INFO - Found 0 word entries in ..\data\marayum_dictionaries\gaddang-english_processed.json. Skipping file.
2025-04-03 23:39:00,268 - WARNING - No entries processed from gaddang-english_processed.json
2025-04-03 23:39:00,269 - INFO - Processing Marayum file: ..\data\marayum_dictionaries\cuyonon-english_processed.json with source: Project Marayum
2025-04-03 23:39:00,271 - INFO - Found 0 word entries in ..\data\marayum_dictionaries\cuyonon-english_processed.json. Skipping file.
2025-04-03 23:39:00,273 - WARNING - No entries processed from cuyonon-english_processed.json
2025-04-03 23:39:00,274 - INFO - Processing Marayum file: ..\data\marayum_dictionaries\ilocano-english_processed.json with source: Project Marayum
2025-04-03 23:39:00,276 - INFO - Found 0 word entries in ..\data\marayum_dictionaries\ilocano-english_processed.json. Skipping file.
2025-04-03 23:39:00,277 - WARNING - No entries processed from ilocano-english_processed.json
2025-04-03 23:39:00,278 - INFO - Processing Marayum file: ..\data\marayum_dictionaries\pangasinan-english_processed.json with source: Project Marayum
2025-04-03 23:39:00,280 - INFO - Found 0 word entries in ..\data\marayum_dictionaries\pangasinan-english_processed.json. Skipping file.
2025-04-03 23:39:00,282 - WARNING - No entries processed from pangasinan-english_processed.json
2025-04-03 23:39:00,283 - INFO - Processing Marayum file: ..\data\marayum_dictionaries\bikol-albay-english_processed.json with source: Project Marayum
2025-04-03 23:39:00,286 - INFO - Found 0 word entries in ..\data\marayum_dictionaries\bikol-albay-english_processed.json. Skipping file.
2025-04-03 23:39:00,287 - WARNING - No entries processed from bikol-albay-english_processed.json
2025-04-03 23:39:00,288 - INFO - Processing Marayum file: ..\data\marayum_dictionaries\bikol-libon-english_processed.json with source: Project Marayum
2025-04-03 23:39:00,290 - INFO - Found 0 word entries in ..\data\marayum_dictionaries\bikol-libon-english_processed.json. Skipping file.
2025-04-03 23:39:00,291 - WARNING - No entries processed from bikol-libon-english_processed.json
2025-04-03 23:39:00,292 - INFO - Processing Marayum file: ..\data\marayum_dictionaries\kapampangan-english_processed.json with source: Project Marayum
2025-04-03 23:39:00,294 - INFO - Found 0 word entries in ..\data\marayum_dictionaries\kapampangan-english_processed.json. Skipping file.
2025-04-03 23:39:00,295 - WARNING - No entries processed from kapampangan-english_processed.json
2025-04-03 23:39:00,296 - INFO - Processing Marayum file: ..\data\marayum_dictionaries\bikol-miraya-english_processed.json with source: Project Marayum
2025-04-03 23:39:00,298 - INFO - Found 0 word entries in ..\data\marayum_dictionaries\bikol-miraya-english_processed.json. Skipping file.
2025-04-03 23:39:00,299 - WARNING - No entries processed from bikol-miraya-english_processed.json
2025-04-03 23:39:00,300 - INFO - Processing Marayum file: ..\data\marayum_dictionaries\maguindanaon-english_processed.json with source: Project Marayum
2025-04-03 23:39:00,302 - INFO - Found 0 word entries in ..\data\marayum_dictionaries\maguindanaon-english_processed.json. Skipping file.
2025-04-03 23:39:00,303 - WARNING - No entries processed from maguindanaon-english_processed.json
2025-04-03 23:39:00,304 - INFO - Processing Marayum file: ..\data\marayum_dictionaries\bikol-partido-english_processed.json with source: Project Marayum
2025-04-03 23:39:00,306 - INFO - Found 0 word entries in ..\data\marayum_dictionaries\bikol-partido-english_processed.json. Skipping file.
2025-04-03 23:39:00,307 - WARNING - No entries processed from bikol-partido-english_processed.json
2025-04-03 23:39:00,310 - INFO - Processing Marayum file: ..\data\marayum_dictionaries\isneg-yapayao-english_processed.json with source: Project Marayum
2025-04-03 23:39:00,312 - INFO - Found 0 word entries in ..\data\marayum_dictionaries\isneg-yapayao-english_processed.json. Skipping file.
2025-04-03 23:39:00,313 - WARNING - No entries processed from isneg-yapayao-english_processed.json
2025-04-03 23:39:00,314 - INFO - Processing Marayum file: ..\data\marayum_dictionaries\bikol-rinconada-english_processed.json with source: Project Marayum
2025-04-03 23:39:00,317 - INFO - Found 0 word entries in ..\data\marayum_dictionaries\bikol-rinconada-english_processed.json. Skipping file.
2025-04-03 23:39:00,317 - WARNING - No entries processed from bikol-rinconada-english_processed.json
2025-04-03 23:39:00,321 - INFO - Processing Marayum file: ..\data\marayum_dictionaries\blaan-koronadal-english_processed.json with source: Project Marayum
2025-04-03 23:39:00,323 - INFO - Found 0 word entries in ..\data\marayum_dictionaries\blaan-koronadal-english_processed.json. Skipping file.
2025-04-03 23:39:00,323 - WARNING - No entries processed from blaan-koronadal-english_processed.json
2025-04-03 23:39:00,324 - INFO - Processing Marayum file: ..\data\marayum_dictionaries\blaan-sarangani-english_processed.json with source: Project Marayum
2025-04-03 23:39:00,326 - INFO - Found 0 word entries in ..\data\marayum_dictionaries\blaan-sarangani-english_processed.json. Skipping file.
2025-04-03 23:39:00,328 - WARNING - No entries processed from blaan-sarangani-english_processed.json
2025-04-03 23:39:00,329 - INFO - Processing Marayum file: ..\data\marayum_dictionaries\bikol-west-albay-english_processed.json with source: Project Marayum
2025-04-03 23:39:00,337 - INFO - Found 0 word entries in ..\data\marayum_dictionaries\bikol-west-albay-english_processed.json. Skipping file.
2025-04-03 23:39:00,337 - WARNING - No entries processed from bikol-west-albay-english_processed.json
2025-04-03 23:39:00,338 - INFO - Processing Marayum file: ..\data\marayum_dictionaries\manobo-erumanen-english_processed.json with source: Project Marayum
2025-04-03 23:39:00,340 - INFO - Found 0 word entries in ..\data\marayum_dictionaries\manobo-erumanen-english_processed.json. Skipping file.
2025-04-03 23:39:00,341 - WARNING - No entries processed from manobo-erumanen-english_processed.json
2025-04-03 23:39:00,343 - INFO - Processing Marayum file: ..\data\marayum_dictionaries\cebuano-cotabato-english_processed.json with source: Project Marayum
2025-04-03 23:39:00,345 - INFO - Found 0 word entries in ..\data\marayum_dictionaries\cebuano-cotabato-english_processed.json. Skipping file.
2025-04-03 23:39:00,345 - WARNING - No entries processed from cebuano-cotabato-english_processed.json
2025-04-03 23:39:00,346 - INFO - Processing Marayum file: ..\data\marayum_dictionaries\tagalog-marinduque-english_processed.json with source: Project Marayum
2025-04-03 23:39:00,348 - INFO - Found 0 word entries in ..\data\marayum_dictionaries\tagalog-marinduque-english_processed.json. Skipping file.
2025-04-03 23:39:00,349 - WARNING - No entries processed from tagalog-marinduque-english_processed.json
2025-04-03 23:39:00,351 - INFO - Processing Marayum file: ..\data\marayum_dictionaries\hiligaynon-cotabato-english_processed.json with source: Project Marayum
2025-04-03 23:39:00,352 - INFO - Found 0 word entries in ..\data\marayum_dictionaries\hiligaynon-cotabato-english_processed.json. Skipping file.
2025-04-03 23:39:00,353 - WARNING - No entries processed from hiligaynon-cotabato-english_processed.json
2025-04-03 23:39:00,354 - INFO - Processing Marayum file: ..\data\marayum_dictionaries\ifugao-tuwali-ihapo-english_processed.json with source: Project Marayum
2025-04-03 23:39:00,355 - INFO - Found 0 word entries in ..\data\marayum_dictionaries\ifugao-tuwali-ihapo-english_processed.json. Skipping file.
2025-04-03 23:39:00,356 - WARNING - No entries processed from ifugao-tuwali-ihapo-english_processed.json
2025-04-03 23:39:00,357 - INFO - Processing Marayum file: ..\data\marayum_dictionaries\bikol-northern-catanduanes-english_processed.json with source: Project Marayum
2025-04-03 23:39:00,359 - INFO - Found 0 word entries in ..\data\marayum_dictionaries\bikol-northern-catanduanes-english_processed.json. Skipping file.
2025-04-03 23:39:00,360 - WARNING - No entries processed from bikol-northern-catanduanes-english_processed.json
2025-04-03 23:39:00,361 - INFO - Processing Marayum file: ..\data\marayum_dictionaries\bikol-southern-catanduanes-english_processed.json with source: Project Marayum
2025-04-03 23:39:00,362 - INFO - Found 0 word entries in ..\data\marayum_dictionaries\bikol-southern-catanduanes-english_processed.json. Skipping file.
2025-04-03 23:39:00,364 - WARNING - No entries processed from bikol-southern-catanduanes-english_processed.json
2025-04-03 23:39:00,365 - INFO - Processing Marayum file: ..\data\marayum_dictionaries\chavacano-english_processed.json with source: Project Marayum
2025-04-03 23:39:00,368 - INFO - Found 1 word entries in ..\data\marayum_dictionaries\chavacano-english_processed.json
2025-04-03 23:39:00,368 - INFO - Determined language code 'cbk' for ..\data\marayum_dictionaries\chavacano-english_processed.json from base language 'Chavacano'.
2025-04-03 23:39:00,526 - INFO - Word 'comida' (cbk) created (ID: 1) from source 'Project Marayum'.
2025-04-03 23:39:00,615 - INFO - Finished processing ..\data\marayum_dictionaries\chavacano-english_processed.json. Final commit successful.
2025-04-03 23:39:00,616 - INFO - Stats for ..\data\marayum_dictionaries\chavacano-english_processed.json: Processed: 1, Definitions: 1, Relations: 0, Pronunciations: 0, Etymologies: 0, Credits: 1, Skipped: 0, Errors: 0
2025-04-03 23:39:00,617 - INFO - Processing Marayum file: ..\data\marayum_dictionaries\masbatenyo-english_processed.json with source: Project Marayum
2025-04-03 23:39:00,620 - INFO - Found 3 word entries in ..\data\marayum_dictionaries\masbatenyo-english_processed.json
2025-04-03 23:39:00,621 - INFO - Determined language code 'msb' for ..\data\marayum_dictionaries\masbatenyo-english_processed.json from base language 'Masbatenyo'.
2025-04-03 23:39:00,634 - INFO - Word 'abaga' (msb) created (ID: 2) from source 'Project Marayum'.
2025-04-03 23:39:00,665 - INFO - Word 'gipad' (msb) created (ID: 3) from source 'Project Marayum'.
2025-04-03 23:39:00,677 - INFO - Word 'piko' (msb) created (ID: 4) from source 'Project Marayum'.
2025-04-03 23:39:00,691 - INFO - Finished processing ..\data\marayum_dictionaries\masbatenyo-english_processed.json. Final commit successful.
2025-04-03 23:39:00,692 - INFO - Stats for ..\data\marayum_dictionaries\masbatenyo-english_processed.json: Processed: 3, Definitions: 3, Relations: 0, Pronunciations: 3, Etymologies: 0, Credits: 3, Skipped: 0, Errors: 0
2025-04-03 23:39:00,694 - INFO - Processing Marayum file: ..\data\marayum_dictionaries\bikol-central-english_processed.json with source: Project Marayum
2025-04-03 23:39:00,697 - INFO - Found 4 word entries in ..\data\marayum_dictionaries\bikol-central-english_processed.json
2025-04-03 23:39:00,698 - WARNING - No language code mapping found for: bikol-central
2025-04-03 23:39:00,699 - INFO - Determined language code 'bik' for ..\data\marayum_dictionaries\bikol-central-english_processed.json from base language 'Bikol-Central'.
2025-04-03 23:39:00,725 - INFO - Word 'gir치ray' (bik) created (ID: 5) from source 'Project Marayum'.
2025-04-03 23:39:00,736 - INFO - Word 'kud치l' (bik) created (ID: 6) from source 'Project Marayum'.
2025-04-03 23:39:00,745 - INFO - Word 'pal치s' (bik) created (ID: 7) from source 'Project Marayum'.
2025-04-03 23:39:00,752 - INFO - Word 'pam치lit' (bik) created (ID: 8) from source 'Project Marayum'.
2025-04-03 23:39:00,763 - INFO - Finished processing ..\data\marayum_dictionaries\bikol-central-english_processed.json. Final commit successful.
2025-04-03 23:39:00,764 - INFO - Stats for ..\data\marayum_dictionaries\bikol-central-english_processed.json: Processed: 4, Definitions: 4, Relations: 0, Pronunciations: 0, Etymologies: 0, Credits: 4, Skipped: 0, Errors: 0
2025-04-03 23:39:00,769 - INFO - Processing Marayum file: ..\data\marayum_dictionaries\aklanon-english_processed.json with source: Project Marayum
2025-04-03 23:39:00,772 - INFO - Found 7 word entries in ..\data\marayum_dictionaries\aklanon-english_processed.json
2025-04-03 23:39:00,773 - INFO - Determined language code 'akl' for ..\data\marayum_dictionaries\aklanon-english_processed.json from base language 'Aklanon'.
2025-04-03 23:39:00,787 - INFO - Word 'apa' (akl) created (ID: 9) from source 'Project Marayum'.
2025-04-03 23:39:00,795 - INFO - Word 'baeatian' (akl) created (ID: 10) from source 'Project Marayum'.
2025-04-03 23:39:00,804 - INFO - Word 'bulag' (akl) created (ID: 11) from source 'Project Marayum'.
2025-04-03 23:39:00,812 - INFO - Word 'bungoe' (akl) created (ID: 12) from source 'Project Marayum'.
2025-04-03 23:39:00,821 - INFO - Word 'kindat' (akl) created (ID: 13) from source 'Project Marayum'.
2025-04-03 23:39:00,830 - INFO - Word 'matimsog' (akl) created (ID: 14) from source 'Project Marayum'.
2025-04-03 23:39:00,838 - INFO - Word 'pana' (akl) created (ID: 15) from source 'Project Marayum'.
2025-04-03 23:39:00,848 - INFO - Finished processing ..\data\marayum_dictionaries\aklanon-english_processed.json. Final commit successful.
2025-04-03 23:39:00,849 - INFO - Stats for ..\data\marayum_dictionaries\aklanon-english_processed.json: Processed: 7, Definitions: 7, Relations: 0, Pronunciations: 0, Etymologies: 0, Credits: 7, Skipped: 0, Errors: 0
2025-04-03 23:39:00,851 - INFO - Processing Marayum file: ..\data\marayum_dictionaries\surigaonon-english_processed.json with source: Project Marayum
2025-04-03 23:39:00,854 - INFO - Found 18 word entries in ..\data\marayum_dictionaries\surigaonon-english_processed.json
2025-04-03 23:39:00,855 - INFO - Determined language code 'sgd' for ..\data\marayum_dictionaries\surigaonon-english_processed.json from base language 'Surigaonon'.
2025-04-03 23:39:00,868 - INFO - Word 'aban' (sgd) created (ID: 16) from source 'Project Marayum'.
2025-04-03 23:39:00,883 - INFO - Word 'adlip' (sgd) created (ID: 17) from source 'Project Marayum'.
2025-04-03 23:39:00,894 - INFO - Word 'agtang' (sgd) created (ID: 18) from source 'Project Marayum'.
2025-04-03 23:39:00,904 - INFO - Word 'alibuybuy' (sgd) created (ID: 19) from source 'Project Marayum'.
2025-04-03 23:39:00,914 - INFO - Word 'aling' (sgd) created (ID: 20) from source 'Project Marayum'.
2025-04-03 23:39:00,928 - INFO - Word 'ambaw' (sgd) created (ID: 21) from source 'Project Marayum'.
2025-04-03 23:39:00,938 - INFO - Word 'apiki' (sgd) created (ID: 22) from source 'Project Marayum'.
2025-04-03 23:39:00,949 - INFO - Word 'ayum-um' (sgd) created (ID: 23) from source 'Project Marayum'.
2025-04-03 23:39:00,965 - INFO - Word 'badjhu' (sgd) created (ID: 24) from source 'Project Marayum'.
2025-04-03 23:39:00,984 - INFO - Word 'bagyay' (sgd) created (ID: 25) from source 'Project Marayum'.
2025-04-03 23:39:01,000 - INFO - Word 'bala' (sgd) created (ID: 26) from source 'Project Marayum'.
2025-04-03 23:39:01,010 - INFO - Word 'bang-ug' (sgd) created (ID: 27) from source 'Project Marayum'.
2025-04-03 23:39:01,020 - INFO - Word 'baung' (sgd) created (ID: 28) from source 'Project Marayum'.
2025-04-03 23:39:01,030 - INFO - Word 'bija' (sgd) created (ID: 29) from source 'Project Marayum'.
2025-04-03 23:39:01,040 - INFO - Word 'biliting' (sgd) created (ID: 30) from source 'Project Marayum'.
2025-04-03 23:39:01,049 - INFO - Word 'buwahan' (sgd) created (ID: 31) from source 'Project Marayum'.
2025-04-03 23:39:01,059 - INFO - Word 'buyubud' (sgd) created (ID: 32) from source 'Project Marayum'.
2025-04-03 23:39:01,068 - INFO - Word 'buyus' (sgd) created (ID: 33) from source 'Project Marayum'.
2025-04-03 23:39:01,085 - INFO - Finished processing ..\data\marayum_dictionaries\surigaonon-english_processed.json. Final commit successful.
2025-04-03 23:39:01,086 - INFO - Stats for ..\data\marayum_dictionaries\surigaonon-english_processed.json: Processed: 18, Definitions: 18, Relations: 0, Pronunciations: 18, Etymologies: 0, Credits: 18, Skipped: 0, Errors: 0
2025-04-03 23:39:01,088 - INFO - Processing Marayum file: ..\data\marayum_dictionaries\bikol-boienen-english_processed.json with source: Project Marayum
2025-04-03 23:39:01,098 - INFO - Found 88 word entries in ..\data\marayum_dictionaries\bikol-boienen-english_processed.json
2025-04-03 23:39:01,100 - WARNING - No language code mapping found for: bikol-boie&#x27;nen
2025-04-03 23:39:01,100 - INFO - Determined language code 'bik' for ..\data\marayum_dictionaries\bikol-boienen-english_processed.json from base language 'Bikol-Boie&#x27;nen'.
2025-04-03 23:39:01,115 - INFO - Word 'agran' (bik) created (ID: 34) from source 'Project Marayum'.
2025-04-03 23:39:01,125 - INFO - Word 'alangaang' (bik) created (ID: 35) from source 'Project Marayum'.
2025-04-03 23:39:01,134 - INFO - Word 'arasa-as' (bik) created (ID: 36) from source 'Project Marayum'.
2025-04-03 23:39:01,168 - INFO - Word 'ewrasa' (bik) created (ID: 37) from source 'Project Marayum'.
2025-04-03 23:39:01,187 - INFO - Word 'atep' (bik) created (ID: 38) from source 'Project Marayum'.
2025-04-03 23:39:01,207 - INFO - Word 'axad' (bik) created (ID: 39) from source 'Project Marayum'.
2025-04-03 23:39:01,224 - INFO - Word 'balde'' (bik) created (ID: 40) from source 'Project Marayum'.
2025-04-03 23:39:01,234 - INFO - Word 'gasa'' (bik) created (ID: 41) from source 'Project Marayum'.
2025-04-03 23:39:01,241 - INFO - Word 'bangbangan' (bik) created (ID: 42) from source 'Project Marayum'.
2025-04-03 23:39:01,252 - INFO - Word 'rapog' (bik) created (ID: 43) from source 'Project Marayum'.
2025-04-03 23:39:01,258 - INFO - Word 'songo' (bik) created (ID: 44) from source 'Project Marayum'.
2025-04-03 23:39:01,264 - INFO - Word 'banggeraan' (bik) created (ID: 45) from source 'Project Marayum'.
2025-04-03 23:39:01,276 - INFO - Word 'banig' (bik) created (ID: 46) from source 'Project Marayum'.
2025-04-03 23:39:01,286 - INFO - Word 'baxey' (bik) created (ID: 47) from source 'Project Marayum'.
2025-04-03 23:39:01,307 - INFO - Word 'be-ew' (bik) created (ID: 48) from source 'Project Marayum'.
2025-04-03 23:39:01,320 - INFO - Word 'boko-boko' (bik) created (ID: 49) from source 'Project Marayum'.
2025-04-03 23:39:01,331 - INFO - Word 'begkes1' (bik) created (ID: 50) from source 'Project Marayum'.
2025-04-03 23:39:01,341 - INFO - Word 'begkes2' (bik) created (ID: 51) from source 'Project Marayum'.
2025-04-03 23:39:01,349 - INFO - Word 'begkes' (bik) created (ID: 52) from source 'Project Marayum'.
2025-04-03 23:39:01,359 - INFO - Word 'bexa'' (bik) created (ID: 53) from source 'Project Marayum'.
2025-04-03 23:39:01,370 - INFO - Word 'biga'' (bik) created (ID: 54) from source 'Project Marayum'.
2025-04-03 23:39:01,379 - INFO - Word 'potnay' (bik) created (ID: 55) from source 'Project Marayum'.
2025-04-03 23:39:01,388 - INFO - Word 'potnayen' (bik) created (ID: 56) from source 'Project Marayum'.
2025-04-03 23:39:01,395 - INFO - Word 'boie'nen' (bik) created (ID: 57) from source 'Project Marayum'.
2025-04-03 23:39:01,428 - INFO - Word 'bolong' (bik) created (ID: 58) from source 'Project Marayum'.
2025-04-03 23:39:01,447 - INFO - Word 'dake-xe'' (bik) created (ID: 59) from source 'Project Marayum'.
2025-04-03 23:39:01,457 - INFO - Word 'e-ket' (bik) created (ID: 60) from source 'Project Marayum'.
2025-04-03 23:39:01,467 - INFO - Word 'pokot' (bik) created (ID: 61) from source 'Project Marayum'.
2025-04-03 23:39:01,475 - INFO - Word 'elka' (bik) created (ID: 62) from source 'Project Marayum'.
2025-04-03 23:39:01,505 - INFO - Word 'e-xa'' (bik) created (ID: 63) from source 'Project Marayum'.
2025-04-03 23:39:01,517 - INFO - Word 'ex-ex' (bik) created (ID: 64) from source 'Project Marayum'.
2025-04-03 23:39:01,554 - INFO - Word 'gere'gede'' (bik) created (ID: 65) from source 'Project Marayum'.
2025-04-03 23:39:01,570 - INFO - Word 'gobing' (bik) created (ID: 66) from source 'Project Marayum'.
2025-04-03 23:39:01,587 - INFO - Word 'porao' (bik) created (ID: 67) from source 'Project Marayum'.
2025-04-03 23:39:01,598 - INFO - Word 'inang' (bik) created (ID: 68) from source 'Project Marayum'.
2025-04-03 23:39:01,610 - INFO - Word 'kabeg' (bik) created (ID: 69) from source 'Project Marayum'.
2025-04-03 23:39:01,619 - INFO - Word 'kakabgan' (bik) created (ID: 70) from source 'Project Marayum'.
2025-04-03 23:39:01,628 - INFO - Word 'kabelbegan' (bik) created (ID: 71) from source 'Project Marayum'.
2025-04-03 23:39:01,639 - INFO - Word 'ka-esad' (bik) created (ID: 72) from source 'Project Marayum'.
2025-04-03 23:39:01,658 - INFO - Word 'sexed' (bik) created (ID: 73) from source 'Project Marayum'.
2025-04-03 23:39:01,689 - INFO - Word 'kambang' (bik) created (ID: 74) from source 'Project Marayum'.
2025-04-03 23:39:01,702 - INFO - Word 'kilot' (bik) created (ID: 75) from source 'Project Marayum'.
2025-04-03 23:39:01,714 - INFO - Word 'kaponawan' (bik) created (ID: 76) from source 'Project Marayum'.
2025-04-03 23:39:01,724 - INFO - Word 'ponaw' (bik) created (ID: 77) from source 'Project Marayum'.
2025-04-03 23:39:01,734 - INFO - Word 'karaba' (bik) created (ID: 78) from source 'Project Marayum'.
2025-04-03 23:39:01,747 - INFO - Word 'katabang' (bik) created (ID: 79) from source 'Project Marayum'.
2025-04-03 23:39:01,763 - INFO - Word 'katig' (bik) created (ID: 80) from source 'Project Marayum'.
2025-04-03 23:39:01,799 - INFO - Word 'kinatigan' (bik) created (ID: 81) from source 'Project Marayum'.
2025-04-03 23:39:01,820 - INFO - Word 'koyomad' (bik) created (ID: 82) from source 'Project Marayum'.
2025-04-03 23:39:01,833 - INFO - Word 'kwintas' (bik) created (ID: 83) from source 'Project Marayum'.
2025-04-03 23:39:01,843 - INFO - Word 'lagwerta' (bik) created (ID: 84) from source 'Project Marayum'.
2025-04-03 23:39:01,855 - INFO - Word 'lapok' (bik) created (ID: 85) from source 'Project Marayum'.
2025-04-03 23:39:01,874 - INFO - Word 'lawed' (bik) created (ID: 86) from source 'Project Marayum'.
2025-04-03 23:39:01,884 - INFO - Word 'sowong' (bik) created (ID: 87) from source 'Project Marayum'.
2025-04-03 23:39:01,897 - INFO - Word 'lemay' (bik) created (ID: 88) from source 'Project Marayum'.
2025-04-03 23:39:01,908 - INFO - Word 'lobid' (bik) created (ID: 89) from source 'Project Marayum'.
2025-04-03 23:39:01,918 - INFO - Word 'lokaba' (bik) created (ID: 90) from source 'Project Marayum'.
2025-04-03 23:39:01,931 - INFO - Word 'lo-og' (bik) created (ID: 91) from source 'Project Marayum'.
2025-04-03 23:39:01,940 - INFO - Word 'to'wang' (bik) created (ID: 92) from source 'Project Marayum'.
2025-04-03 23:39:01,946 - INFO - Word 'mare'gen' (bik) created (ID: 93) from source 'Project Marayum'.
2025-04-03 23:39:01,956 - INFO - Word 'meya' (bik) created (ID: 94) from source 'Project Marayum'.
2025-04-03 23:39:01,966 - INFO - Word 'meya-meya' (bik) created (ID: 95) from source 'Project Marayum'.
2025-04-03 23:39:01,977 - INFO - Word 'nameme'yan' (bik) created (ID: 96) from source 'Project Marayum'.
2025-04-03 23:39:02,014 - INFO - Word 'moara' (bik) created (ID: 97) from source 'Project Marayum'.
2025-04-03 23:39:02,037 - INFO - Word 'ngi'ngi'' (bik) created (ID: 98) from source 'Project Marayum'.
2025-04-03 23:39:02,052 - INFO - Word 'opaw' (bik) created (ID: 99) from source 'Project Marayum'.
2025-04-03 23:39:02,063 - INFO - Word 'oripen' (bik) created (ID: 100) from source 'Project Marayum'.
2025-04-03 23:39:02,080 - INFO - Word 'owonan' (bik) created (ID: 101) from source 'Project Marayum'.
2025-04-03 23:39:02,095 - INFO - Word 'pinaowonan' (bik) created (ID: 102) from source 'Project Marayum'.
2025-04-03 23:39:02,101 - INFO - Word 'pana'' (bik) created (ID: 103) from source 'Project Marayum'.
2025-04-03 23:39:02,115 - INFO - Word 'paso'' (bik) created (ID: 104) from source 'Project Marayum'.
2025-04-03 23:39:02,124 - INFO - Word 'sirob' (bik) created (ID: 105) from source 'Project Marayum'.
2025-04-03 23:39:02,142 - INFO - Word 'pingig' (bik) created (ID: 106) from source 'Project Marayum'.
2025-04-03 23:39:02,152 - INFO - Word 'pinto'' (bik) created (ID: 107) from source 'Project Marayum'.
2025-04-03 23:39:02,161 - INFO - Word 'pinto'an' (bik) created (ID: 108) from source 'Project Marayum'.
2025-04-03 23:39:02,238 - INFO - Word 'ragom' (bik) created (ID: 109) from source 'Project Marayum'.
2025-04-03 23:39:02,276 - INFO - Word 'retrato' (bik) created (ID: 110) from source 'Project Marayum'.
2025-04-03 23:39:02,289 - INFO - Word 'roeda' (bik) created (ID: 111) from source 'Project Marayum'.
