2025-04-04 15:02:51,047 - INFO - Starting lookup for word: 'charot'
2025-04-04 15:02:51,090 - INFO - pg_trgm extension installed: True
2025-04-04 15:02:51,090 - INFO - Executing exact match query for 'charot'
2025-04-04 15:02:51,299 - INFO - Found 1 exact matches
2025-04-04 15:02:51,300 - INFO - Processing result 1/1
2025-04-04 15:02:51,300 - INFO - Word ID: 80821
2025-04-04 15:02:51,301 - INFO - Lemma: CHARÓT
2025-04-04 15:02:51,301 - INFO - Language code: tl
2025-04-04 15:02:51,306 - INFO - Querying pronunciations for word_id 80821
2025-04-04 15:02:51,307 - INFO - Found 0 pronunciations
2025-04-04 15:02:51,308 - INFO - Querying etymologies for word_id 80821
2025-04-04 15:02:51,313 - INFO - Found 1 etymologies
2025-04-04 15:02:51,315 - INFO - Querying definitions for word_id 80821
2025-04-04 15:02:51,328 - INFO - Found 6 definitions
2025-04-04 15:02:51,330 - INFO - Processing definition 1/6
2025-04-04 15:02:51,331 - INFO - Processing definition 2/6
2025-04-04 15:02:51,332 - INFO - Processing definition 3/6
2025-04-04 15:02:51,332 - INFO - Processing definition 4/6
2025-04-04 15:02:51,333 - INFO - Processing definition 5/6
2025-04-04 15:02:51,333 - INFO - Processing definition 6/6
2025-04-04 15:02:51,334 - INFO - Querying relations for word_id 80821
2025-04-04 15:02:51,342 - INFO - Found 20 relations
2025-04-04 15:02:51,351 - INFO - Database connection closed
