2025-02-08 21:00:17,866 - INFO - Attempting database connection...
2025-02-08 21:00:17,867 - INFO - Database configuration:
2025-02-08 21:00:17,868 - INFO -   Database Name: fil_dict_db
2025-02-08 21:00:17,869 - INFO -   User: postgres
2025-02-08 21:00:17,870 - INFO -   Host: localhost
2025-02-08 21:00:17,871 - INFO -   Password: ********
2025-02-08 21:00:17,960 - INFO - Successfully established database connection
2025-02-08 21:00:17,961 - INFO - Setting up PostgreSQL extensions...
2025-02-08 21:00:17,962 - INFO - Checking extension: pg_trgm
2025-02-08 21:00:18,002 - INFO - Extension already installed: pg_trgm
2025-02-08 21:00:18,003 - INFO - Checking extension: unaccent
2025-02-08 21:00:18,004 - INFO - Extension already installed: unaccent
2025-02-08 21:00:18,004 - INFO - Checking extension: fuzzystrmatch
2025-02-08 21:00:18,005 - INFO - Extension already installed: fuzzystrmatch
2025-02-08 21:00:18,005 - INFO - Extensions setup completed
2025-02-08 21:00:18,005 - INFO - Starting table creation/update process.
2025-02-08 21:00:18,056 - INFO - Tables created or updated successfully.
2025-02-08 21:00:18,061 - INFO - Processing Tagalog words from: data/tagalog-words.json
2025-02-08 21:04:25,377 - INFO - Processing root words from: data/root_words_with_associated_words_cleaned.json
2025-02-08 21:05:42,661 - INFO - Processing KWF dictionary from: data/kwf_dictionary.json
2025-02-08 21:09:29,325 - INFO - Starting to process Kaikki file: data/kaikki.jsonl
2025-02-08 21:43:02,880 - INFO - Starting to process Kaikki file: data/kaikki-ceb.jsonl
2025-02-08 21:43:48,308 - INFO - Processing Baybayin entries...
2025-02-08 21:43:48,360 - INFO - Updating Baybayin entry (ID: 95386)
2025-02-08 21:43:48,372 - INFO - Updating Baybayin entry (ID: 98927)
2025-02-08 21:43:48,374 - WARNING - Invalid Baybayin text detected: ᜊᜊᜌᜒ — Pre-virama
2025-02-08 21:43:48,377 - WARNING - Invalid Baybayin text detected: -um- ᜓᜋ᜔
2025-02-08 21:43:48,378 - WARNING - Invalid Baybayin text detected: batik ᜊᜆᜒᜃ᜔
2025-02-08 21:43:48,380 - WARNING - Invalid Baybayin text detected: bumatik ᜊᜓᜋᜆᜒᜃ᜔
2025-02-08 21:43:48,381 - WARNING - Invalid Baybayin text detected: bumatik ᜊᜓᜋᜆᜒᜃ᜔ bungmatik1 ᜊᜓᜅ᜔ᜋᜆᜒᜃ᜔
2025-02-08 21:43:48,382 - WARNING - Invalid Baybayin text detected: bumabatikᜊᜓᜋᜊᜆᜒᜃ᜔bungmabatik1 ᜊᜓᜅ᜔ᜋᜊᜆᜒᜃ᜔ nabatik2ᜈ ᜊᜆᜒᜃ᜔
2025-02-08 21:43:48,384 - WARNING - Invalid Baybayin text detected: babatik ᜊᜊᜆᜒᜃ᜔mabatik2 ᜋ ᜊᜆᜒᜃ᜔
2025-02-08 21:43:48,385 - WARNING - Invalid Baybayin text detected: kababatik ᜃᜊᜊᜆᜒᜃ᜔
2025-02-08 21:43:48,386 - WARNING - Invalid Baybayin text detected: bumatik ᜊᜓᜋᜆᜒᜃ᜔batik2 ᜊᜆᜒᜃ᜔
2025-02-08 21:43:48,388 - WARNING - Invalid Baybayin text detected: kakabatikᜃᜃᜊᜆᜒᜃ᜔
2025-02-08 21:43:48,390 - INFO - Updating Baybayin entry (ID: 104894)
2025-02-08 21:43:48,393 - INFO - Updating Baybayin entry (ID: 107186)
2025-02-08 21:43:48,395 - INFO - Updating Baybayin entry (ID: 107311)
2025-02-08 21:43:48,398 - INFO - Updating Baybayin entry (ID: 107473)
2025-02-08 21:43:48,400 - INFO - Updating Baybayin entry (ID: 123825)
2025-02-08 21:43:48,402 - INFO - Updating Baybayin entry (ID: 123841)
2025-02-08 21:43:48,405 - INFO - Updating Baybayin entry (ID: 124212)
2025-02-08 21:43:48,409 - INFO - Updating Baybayin entry (ID: 124214)
2025-02-08 21:43:48,411 - INFO - Updating Baybayin entry (ID: 124215)
2025-02-08 21:43:48,413 - INFO - Updating Baybayin entry (ID: 124216)
2025-02-08 21:43:48,414 - INFO - Updating Baybayin entry (ID: 124217)
2025-02-08 21:43:48,417 - INFO - Updating Baybayin entry (ID: 124219)
2025-02-08 21:43:48,419 - INFO - Updating Baybayin entry (ID: 124220)
2025-02-08 21:43:48,421 - INFO - Updating Baybayin entry (ID: 124224)
2025-02-08 21:43:48,423 - INFO - Updating Baybayin entry (ID: 124225)
2025-02-08 21:43:51,031 - INFO - Baybayin data cleanup completed successfully
2025-02-08 21:43:51,033 - INFO - Migration completed successfully
