2025-04-04 14:18:05,162 - INFO - Starting table creation/update process.
2025-04-04 14:18:05,569 - INFO - Tables created or updated successfully.
2025-04-04 14:18:05,575 - INFO - Starting processing for Tagalog Words from ..\data\tagalog-words.json
2025-04-04 14:18:05,575 - INFO - Processing Tagalog words from: ..\data\tagalog-words.json
2025-04-04 14:18:05,576 - INFO - Using standardized source identifier: 'diksiyonaryo.ph'
2025-04-04 14:18:06,337 - INFO - Found 65336 entries to process
2025-04-04 14:18:06,369 - INFO - Word '-a' (tl) created (ID: 1) from source 'diksiyonaryo.ph'.
2025-04-04 14:18:06,387 - INFO - Word '-O' (tl) created (ID: 2) from source 'diksiyonaryo.ph'.
2025-04-04 14:18:06,394 - INFO - Word 'A' (tl) created (ID: 3) from source 'diksiyonaryo.ph'.
2025-04-04 14:18:06,404 - INFO - Word 'A!' (tl) created (ID: 4) from source 'diksiyonaryo.ph'.
2025-04-04 14:18:06,412 - INFO - Word 'aà' (tl) created (ID: 5) from source 'diksiyonaryo.ph'.
2025-04-04 14:18:06,414 - INFO - Word 'OÒ' (tl) created (ID: 6) from source 'diksiyonaryo.ph'.
2025-04-04 14:18:06,416 - INFO - Word 'aáb' (tl) created (ID: 7) from source 'diksiyonaryo.ph'.
2025-04-04 14:18:06,418 - INFO - Word 'HÁKHAK' (tl) created (ID: 8) from source 'diksiyonaryo.ph'.
2025-04-04 14:18:06,420 - INFO - Word 'HUKÁD' (tl) created (ID: 9) from source 'diksiyonaryo.ph'.
2025-04-04 14:18:06,422 - INFO - Word 'KÚTAB' (tl) created (ID: 10) from source 'diksiyonaryo.ph'.
2025-04-04 14:18:06,423 - INFO - Word 'PÚNIT' (tl) created (ID: 11) from source 'diksiyonaryo.ph'.
2025-04-04 14:18:06,424 - INFO - Word 'ÚKIT' (tl) created (ID: 12) from source 'diksiyonaryo.ph'.
2025-04-04 14:18:06,426 - INFO - Word 'ÚTAB' (tl) created (ID: 13) from source 'diksiyonaryo.ph'.
2025-04-04 14:18:06,428 - INFO - Word 'aáda' (tl) created (ID: 14) from source 'diksiyonaryo.ph'.
2025-04-04 14:18:06,430 - INFO - Word 'aádto' (tl) created (ID: 15) from source 'diksiyonaryo.ph'.
2025-04-04 14:18:06,433 - INFO - Word 'aagáw' (tl) created (ID: 16) from source 'diksiyonaryo.ph'.
2025-04-04 14:18:06,435 - INFO - Word 'aák' (tl) created (ID: 17) from source 'diksiyonaryo.ph'.
2025-04-04 14:18:06,437 - INFO - Word 'a·a·kín' (tl) created (ID: 18) from source 'diksiyonaryo.ph'.
2025-04-04 14:18:06,438 - INFO - Word 'mag-a·ák' (tl) created (ID: 19) from source 'diksiyonaryo.ph'.
2025-04-04 14:18:06,439 - INFO - Word 'u·ma·ák' (tl) created (ID: 20) from source 'diksiyonaryo.ph'.
2025-04-04 14:18:06,443 - INFO - Word 'aám' (tl) created (ID: 21) from source 'diksiyonaryo.ph'.
2025-04-04 14:18:06,445 - INFO - Word 'aánhi' (tl) created (ID: 22) from source 'diksiyonaryo.ph'.
2025-04-04 14:18:06,448 - INFO - Word 'aánhon' (tl) created (ID: 23) from source 'diksiyonaryo.ph'.
2025-04-04 14:18:06,451 - INFO - Word 'áap' (tl) created (ID: 24) from source 'diksiyonaryo.ph'.
2025-04-04 14:18:06,454 - INFO - Word 'aapúyan' (tl) created (ID: 25) from source 'diksiyonaryo.ph'.
2025-04-04 14:18:06,456 - INFO - Word 'Aaron' (tl) created (ID: 26) from source 'diksiyonaryo.ph'.
2025-04-04 14:18:06,459 - INFO - Word 'aáto-áto' (tl) created (ID: 27) from source 'diksiyonaryo.ph'.
2025-04-04 14:18:06,461 - INFO - Word 'ÁTO' (tl) created (ID: 28) from source 'diksiyonaryo.ph'.
2025-04-04 14:18:06,464 - INFO - Word 'AB' (tl) created (ID: 29) from source 'diksiyonaryo.ph'.
2025-04-04 14:18:06,468 - INFO - Word 'BA' (tl) created (ID: 30) from source 'diksiyonaryo.ph'.
2025-04-04 14:18:06,469 - INFO - Word 'abá' (tl) created (ID: 31) from source 'diksiyonaryo.ph'.
2025-04-04 14:18:06,472 - INFO - Word 'Abá!' (tl) created (ID: 32) from source 'diksiyonaryo.ph'.
2025-04-04 14:18:06,474 - INFO - Word 'ABADÁW!' (tl) created (ID: 33) from source 'diksiyonaryo.ph'.
2025-04-04 14:18:06,477 - INFO - Word 'a·ba·ín' (tl) created (ID: 34) from source 'diksiyonaryo.ph'.
2025-04-04 14:18:06,478 - INFO - Word 'mang-a·bâ' (tl) created (ID: 35) from source 'diksiyonaryo.ph'.
2025-04-04 14:18:06,480 - INFO - Word 'abaána' (tl) created (ID: 36) from source 'diksiyonaryo.ph'.
2025-04-04 14:18:06,483 - INFO - Word 'abáaw' (tl) created (ID: 37) from source 'diksiyonaryo.ph'.
2025-04-04 14:18:06,486 - INFO - Word 'áb-ab' (tl) created (ID: 38) from source 'diksiyonaryo.ph'.
2025-04-04 14:18:06,488 - INFO - Word 'ab-á·bin' (tl) created (ID: 39) from source 'diksiyonaryo.ph'.
2025-04-04 14:18:06,489 - INFO - Word 'i·áb-ab' (tl) created (ID: 40) from source 'diksiyonaryo.ph'.
2025-04-04 14:18:06,490 - INFO - Word 'mag-áb-ab' (tl) created (ID: 41) from source 'diksiyonaryo.ph'.
2025-04-04 14:18:06,493 - INFO - Word 'ábab' (tl) created (ID: 42) from source 'diksiyonaryo.ph'.
2025-04-04 14:18:06,495 - INFO - Word 'abába' (tl) created (ID: 43) from source 'diksiyonaryo.ph'.
2025-04-04 14:18:06,498 - INFO - Word 'ababatiyáwan' (tl) created (ID: 44) from source 'diksiyonaryo.ph'.
2025-04-04 14:18:06,502 - INFO - Word 'abábaw' (tl) created (ID: 45) from source 'diksiyonaryo.ph'.
2025-04-04 14:18:06,504 - INFO - Word 'abábbaw' (tl) created (ID: 46) from source 'diksiyonaryo.ph'.
2025-04-04 14:18:06,506 - INFO - Word 'áb-abî-ik' (tl) created (ID: 47) from source 'diksiyonaryo.ph'.
2025-04-04 14:18:06,510 - INFO - Word 'abaciscus' (tl) created (ID: 48) from source 'diksiyonaryo.ph'.
2025-04-04 14:18:06,513 - INFO - Word 'abád' (tl) created (ID: 49) from source 'diksiyonaryo.ph'.
2025-04-04 14:18:06,515 - INFO - Word 'ÁBBESS' (tl) created (ID: 50) from source 'diksiyonaryo.ph'.
2025-04-04 14:18:06,517 - INFO - Word 'ÁBBOT' (tl) created (ID: 51) from source 'diksiyonaryo.ph'.
2025-04-04 14:18:06,518 - INFO - Word 'PRELATE' (tl) created (ID: 52) from source 'diksiyonaryo.ph'.
2025-04-04 14:18:06,521 - INFO - Word 'abáda' (tl) created (ID: 53) from source 'diksiyonaryo.ph'.
2025-04-04 14:18:06,526 - INFO - Word 'Abudáw!' (tl) created (ID: 54) from source 'diksiyonaryo.ph'.
2025-04-04 14:18:06,528 - INFO - Word 'Abaddon' (tl) created (ID: 55) from source 'diksiyonaryo.ph'.
2025-04-04 14:18:06,532 - INFO - Word 'Abadéha' (tl) created (ID: 56) from source 'diksiyonaryo.ph'.
2025-04-04 14:18:06,539 - INFO - Word 'abadíya' (tl) created (ID: 57) from source 'diksiyonaryo.ph'.
2025-04-04 14:18:06,546 - INFO - Word 'ABBEY' (tl) created (ID: 58) from source 'diksiyonaryo.ph'.
2025-04-04 14:18:06,548 - INFO - Word 'BÁHAY-PARÌ' (tl) created (ID: 59) from source 'diksiyonaryo.ph'.
2025-04-04 14:18:06,551 - INFO - Word 'ERMÍTA' (tl) created (ID: 60) from source 'diksiyonaryo.ph'.
2025-04-04 14:18:06,553 - INFO - Word 'KUMBÉNTO' (tl) created (ID: 61) from source 'diksiyonaryo.ph'.
2025-04-04 14:18:06,556 - INFO - Word 'MONASTÉRYO' (tl) created (ID: 62) from source 'diksiyonaryo.ph'.
2025-04-04 14:18:06,559 - INFO - Word 'abadyáto' (tl) created (ID: 63) from source 'diksiyonaryo.ph'.
2025-04-04 14:18:06,567 - INFO - Word 'abáfiw' (tl) created (ID: 64) from source 'diksiyonaryo.ph'.
2025-04-04 14:18:06,571 - INFO - Word 'AWEDÉNG' (tl) created (ID: 65) from source 'diksiyonaryo.ph'.
2025-04-04 14:18:06,574 - INFO - Word 'KÓDING' (tl) created (ID: 66) from source 'diksiyonaryo.ph'.
2025-04-04 14:18:06,576 - INFO - Word 'afiw' (tl) created (ID: 67) from source 'diksiyonaryo.ph'.
2025-04-04 14:18:06,579 - INFO - Word 'ábag' (tl) created (ID: 68) from source 'diksiyonaryo.ph'.
2025-04-04 14:18:06,585 - INFO - Word 'abagá' (tl) created (ID: 69) from source 'diksiyonaryo.ph'.
2025-04-04 14:18:06,587 - INFO - Word 'a·ba·ga·hín' (tl) created (ID: 70) from source 'diksiyonaryo.ph'.
2025-04-04 14:18:06,589 - INFO - Word 'ma·a·ba·gá' (tl) created (ID: 71) from source 'diksiyonaryo.ph'.
2025-04-04 14:18:06,592 - INFO - Word 'ma·ka·a·ba·gá' (tl) created (ID: 72) from source 'diksiyonaryo.ph'.
2025-04-04 14:18:06,597 - INFO - Word 'abágat' (tl) created (ID: 73) from source 'diksiyonaryo.ph'.
2025-04-04 14:18:06,602 - INFO - Word 'abagbág' (tl) created (ID: 74) from source 'diksiyonaryo.ph'.
2025-04-04 14:18:06,607 - INFO - Word 'abághan' (tl) created (ID: 75) from source 'diksiyonaryo.ph'.
2025-04-04 14:18:06,611 - INFO - Word 'Abá Ginoóng María' (tl) created (ID: 76) from source 'diksiyonaryo.ph'.
2025-04-04 14:18:06,617 - INFO - Word 'ábak' (tl) created (ID: 77) from source 'diksiyonaryo.ph'.
2025-04-04 14:18:06,622 - INFO - Word 'abaká' (tl) created (ID: 78) from source 'diksiyonaryo.ph'.
2025-04-04 14:18:06,625 - INFO - Word 'IBÍLAW' (tl) created (ID: 79) from source 'diksiyonaryo.ph'.
2025-04-04 14:18:06,627 - INFO - Word 'LABÁYO' (tl) created (ID: 80) from source 'diksiyonaryo.ph'.
2025-04-04 14:18:06,629 - INFO - Word 'LÁIN' (tl) created (ID: 81) from source 'diksiyonaryo.ph'.
2025-04-04 14:18:06,631 - INFO - Word 'PAGÚWA' (tl) created (ID: 82) from source 'diksiyonaryo.ph'.
2025-04-04 14:18:06,638 - INFO - Word 'LÁNOT' (tl) created (ID: 83) from source 'diksiyonaryo.ph'.
2025-04-04 14:18:06,645 - INFO - Word 'abák-abák' (tl) created (ID: 84) from source 'diksiyonaryo.ph'.
2025-04-04 14:18:06,648 - INFO - Word 'abakáda' (tl) created (ID: 85) from source 'diksiyonaryo.ph'.
2025-04-04 14:18:06,653 - INFO - Word 'ALPABÉTO' (tl) created (ID: 86) from source 'diksiyonaryo.ph'.
2025-04-04 14:18:06,655 - INFO - Word 'BAYBÁYIN' (tl) created (ID: 87) from source 'diksiyonaryo.ph'.
2025-04-04 14:18:06,658 - INFO - Word 'ABC' (tl) created (ID: 88) from source 'diksiyonaryo.ph'.
2025-04-04 14:18:06,660 - INFO - Word 'ábakahán' (tl) created (ID: 89) from source 'diksiyonaryo.ph'.
2025-04-04 14:18:06,663 - INFO - Word 'KÁABAKHÁN' (tl) created (ID: 90) from source 'diksiyonaryo.ph'.
2025-04-04 14:18:06,667 - INFO - Word 'Abáknon' (tl) created (ID: 91) from source 'diksiyonaryo.ph'.
2025-04-04 14:18:06,670 - INFO - Word 'INABÁKNON' (tl) created (ID: 92) from source 'diksiyonaryo.ph'.
2025-04-04 14:18:06,672 - INFO - Word 'ábakó' (tl) created (ID: 93) from source 'diksiyonaryo.ph'.
2025-04-04 14:18:06,677 - INFO - Word 'ábakús' (tl) created (ID: 94) from source 'diksiyonaryo.ph'.
2025-04-04 14:18:06,682 - INFO - Word 'ábal' (tl) created (ID: 95) from source 'diksiyonaryo.ph'.
2025-04-04 14:18:06,688 - INFO - Word 'abalá' (tl) created (ID: 96) from source 'diksiyonaryo.ph'.
2025-04-04 14:18:06,692 - INFO - Word 'ALIGAGÂ' (tl) created (ID: 97) from source 'diksiyonaryo.ph'.
2025-04-04 14:18:06,694 - INFO - Word 'BUSY' (tl) created (ID: 98) from source 'diksiyonaryo.ph'.
2025-04-04 14:18:06,696 - INFO - Word 'ENGAGED' (tl) created (ID: 99) from source 'diksiyonaryo.ph'.
2025-04-04 14:18:06,698 - INFO - Word 'LINGÁ' (tl) created (ID: 100) from source 'diksiyonaryo.ph'.
2025-04-04 14:18:06,700 - INFO - Word 'MASAKÒ' (tl) created (ID: 101) from source 'diksiyonaryo.ph'.
2025-04-04 14:18:06,701 - INFO - Word 'OKUPÁDO' (tl) created (ID: 102) from source 'diksiyonaryo.ph'.
2025-04-04 14:18:06,703 - INFO - Word 'SIBÓT' (tl) created (ID: 103) from source 'diksiyonaryo.ph'.
2025-04-04 14:18:06,713 - INFO - Word 'ÁBAL-ÁBAL' (tl) created (ID: 104) from source 'diksiyonaryo.ph'.
2025-04-04 14:18:06,715 - INFO - Word 'ANTÁLA' (tl) created (ID: 105) from source 'diksiyonaryo.ph'.
2025-04-04 14:18:06,717 - INFO - Word 'HOLD-UP1' (tl) created (ID: 106) from source 'diksiyonaryo.ph'.
2025-04-04 14:18:06,718 - INFO - Word 'INTERUPSIYÓN' (tl) created (ID: 107) from source 'diksiyonaryo.ph'.
2025-04-04 14:18:06,720 - INFO - Word 'MOLÉSTIYÁ' (tl) created (ID: 108) from source 'diksiyonaryo.ph'.
2025-04-04 14:18:06,722 - INFO - Word 'RETRÁSO' (tl) created (ID: 109) from source 'diksiyonaryo.ph'.
2025-04-04 14:18:06,724 - INFO - Word 'GAMBÁLA' (tl) created (ID: 110) from source 'diksiyonaryo.ph'.
2025-04-04 14:18:06,728 - INFO - Word 'abalábal' (tl) created (ID: 111) from source 'diksiyonaryo.ph'.
2025-04-04 14:18:06,731 - INFO - Word 'ABÚBOT' (tl) created (ID: 112) from source 'diksiyonaryo.ph'.
2025-04-04 14:18:06,733 - INFO - Word 'KARGÁDA' (tl) created (ID: 113) from source 'diksiyonaryo.ph'.
2025-04-04 14:18:06,736 - INFO - Word 'ABÁSTO' (tl) created (ID: 114) from source 'diksiyonaryo.ph'.
2025-04-04 14:18:06,743 - INFO - Word 'abálayán' (tl) created (ID: 115) from source 'diksiyonaryo.ph'.
2025-04-04 14:18:06,747 - INFO - Word 'abálo' (tl) created (ID: 116) from source 'diksiyonaryo.ph'.
2025-04-04 14:18:06,750 - INFO - Word 'PÁTAW' (tl) created (ID: 117) from source 'diksiyonaryo.ph'.
2025-04-04 14:18:06,752 - INFO - Word 'abáloán' (tl) created (ID: 118) from source 'diksiyonaryo.ph'.
2025-04-04 14:18:06,754 - INFO - Word 'abalone' (tl) created (ID: 119) from source 'diksiyonaryo.ph'.
2025-04-04 14:18:06,756 - INFO - Word 'ABULÓN' (tl) created (ID: 120) from source 'diksiyonaryo.ph'.
2025-04-04 14:18:06,758 - INFO - Word 'abalone mushroom' (tl) created (ID: 121) from source 'diksiyonaryo.ph'.
2025-04-04 14:18:06,763 - INFO - Word 'abalóryo' (tl) created (ID: 122) from source 'diksiyonaryo.ph'.
2025-04-04 14:18:06,765 - INFO - Word 'BATÉK' (tl) created (ID: 123) from source 'diksiyonaryo.ph'.
2025-04-04 14:18:06,767 - INFO - Word 'BEAD' (tl) created (ID: 124) from source 'diksiyonaryo.ph'.
2025-04-04 14:18:06,768 - INFO - Word 'BÚTIL' (tl) created (ID: 125) from source 'diksiyonaryo.ph'.
2025-04-04 14:18:06,769 - INFO - Word 'LUSÓK' (tl) created (ID: 126) from source 'diksiyonaryo.ph'.
2025-04-04 14:18:06,771 - INFO - Word 'Abá mo nganí!' (tl) created (ID: 127) from source 'diksiyonaryo.ph'.
2025-04-04 14:18:06,774 - INFO - Word 'ábamp' (tl) created (ID: 128) from source 'diksiyonaryo.ph'.
2025-04-04 14:18:06,776 - INFO - Word 'abampere' (tl) created (ID: 129) from source 'diksiyonaryo.ph'.
2025-04-04 14:18:06,779 - INFO - Word 'ában' (tl) created (ID: 130) from source 'diksiyonaryo.ph'.
2025-04-04 14:18:06,780 - INFO - Word 'a·bá·nin' (tl) created (ID: 131) from source 'diksiyonaryo.ph'.
2025-04-04 14:18:06,782 - INFO - Word 'mag-á·ban' (tl) created (ID: 132) from source 'diksiyonaryo.ph'.
2025-04-04 14:18:06,784 - INFO - Word 'u·má·ban' (tl) created (ID: 133) from source 'diksiyonaryo.ph'.
2025-04-04 14:18:06,789 - INFO - Word 'abanderádo' (tl) created (ID: 134) from source 'diksiyonaryo.ph'.
2025-04-04 14:18:06,793 - INFO - Word 'FLAGMAN' (tl) created (ID: 135) from source 'diksiyonaryo.ph'.
2025-04-04 14:18:06,796 - INFO - Word 'abándon' (tl) created (ID: 136) from source 'diksiyonaryo.ph'.
2025-04-04 14:18:06,800 - INFO - Word 'abandoná' (tl) created (ID: 137) from source 'diksiyonaryo.ph'.
2025-04-04 14:18:06,804 - INFO - Word 'a·ban·do·na·hín' (tl) created (ID: 138) from source 'diksiyonaryo.ph'.
2025-04-04 14:18:06,806 - INFO - Word 'mag-a·ban·do·ná' (tl) created (ID: 139) from source 'diksiyonaryo.ph'.
2025-04-04 14:18:06,810 - INFO - Word 'abáng' (tl) created (ID: 140) from source 'diksiyonaryo.ph'.
2025-04-04 14:18:06,814 - INFO - Word 'BÁKAY' (tl) created (ID: 141) from source 'diksiyonaryo.ph'.
2025-04-04 14:18:06,816 - INFO - Word 'BANTÁY' (tl) created (ID: 142) from source 'diksiyonaryo.ph'.
2025-04-04 14:18:06,824 - INFO - Word 'ábang-ábang' (tl) created (ID: 143) from source 'diksiyonaryo.ph'.
2025-04-04 14:18:06,831 - INFO - Word 'ábángan' (tl) created (ID: 144) from source 'diksiyonaryo.ph'.
2025-04-04 14:18:06,836 - INFO - Word 'abanglës' (tl) created (ID: 145) from source 'diksiyonaryo.ph'.
2025-04-04 14:18:06,839 - INFO - Word 'abaníd' (tl) created (ID: 146) from source 'diksiyonaryo.ph'.
2025-04-04 14:18:06,843 - INFO - Word 'abaníko' (tl) created (ID: 147) from source 'diksiyonaryo.ph'.
2025-04-04 14:18:06,845 - INFO - Word 'YÁBYAB' (tl) created (ID: 148) from source 'diksiyonaryo.ph'.
2025-04-04 14:18:06,848 - INFO - Word 'CHINESE BLACKBERRY LILY' (tl) created (ID: 149) from source 'diksiyonaryo.ph'.
2025-04-04 14:18:06,850 - INFO - Word 'abáno' (tl) created (ID: 150) from source 'diksiyonaryo.ph'.
2025-04-04 14:18:06,853 - INFO - Word 'abansádo' (tl) created (ID: 151) from source 'diksiyonaryo.ph'.
2025-04-04 14:18:06,858 - INFO - Word 'abánse' (tl) created (ID: 152) from source 'diksiyonaryo.ph'.
2025-04-04 14:18:06,862 - INFO - Word 'abánte' (tl) created (ID: 153) from source 'diksiyonaryo.ph'.
2025-04-04 14:18:06,863 - INFO - Word 'ARYÁ' (tl) created (ID: 154) from source 'diksiyonaryo.ph'.
2025-04-04 14:18:06,866 - INFO - Word 'ÚNA' (tl) created (ID: 155) from source 'diksiyonaryo.ph'.
2025-04-04 14:18:06,868 - INFO - Word 'abantéro' (tl) created (ID: 156) from source 'diksiyonaryo.ph'.
2025-04-04 14:18:06,871 - INFO - Word 'abánto' (tl) created (ID: 157) from source 'diksiyonaryo.ph'.
2025-04-04 14:18:06,874 - INFO - Word 'abár' (tl) created (ID: 158) from source 'diksiyonaryo.ph'.
2025-04-04 14:18:06,876 - INFO - Word 'a·ba·rín' (tl) created (ID: 159) from source 'diksiyonaryo.ph'.
2025-04-04 14:18:06,877 - INFO - Word 'u·ma·bár' (tl) created (ID: 160) from source 'diksiyonaryo.ph'.
2025-04-04 14:18:06,881 - INFO - Word 'ma·á·bar' (tl) created (ID: 161) from source 'diksiyonaryo.ph'.
2025-04-04 14:18:06,885 - INFO - Word 'abaráy' (tl) created (ID: 162) from source 'diksiyonaryo.ph'.
2025-04-04 14:18:06,887 - INFO - Word 'abarísya' (tl) created (ID: 163) from source 'diksiyonaryo.ph'.
2025-04-04 14:18:06,889 - INFO - Word 'abarisyósa' (tl) created (ID: 164) from source 'diksiyonaryo.ph'.
2025-04-04 14:18:06,892 - INFO - Word 'abarká' (tl) created (ID: 165) from source 'diksiyonaryo.ph'.
2025-04-04 14:18:06,895 - INFO - Word 'abáro' (tl) created (ID: 166) from source 'diksiyonaryo.ph'.
2025-04-04 14:18:06,897 - INFO - Word 'abintestáto' (tl) created (ID: 167) from source 'diksiyonaryo.ph'.
2025-04-04 14:18:06,901 - INFO - Word 'ab íntra' (tl) created (ID: 168) from source 'diksiyonaryo.ph'.
2025-04-04 14:18:06,904 - INFO - Word 'abinulók' (tl) created (ID: 169) from source 'diksiyonaryo.ph'.
2025-04-04 14:18:06,907 - INFO - Word 'abiogenesis' (tl) created (ID: 170) from source 'diksiyonaryo.ph'.
2025-04-04 14:18:06,911 - INFO - Word 'SPONTANEOUS GENERATION' (tl) created (ID: 171) from source 'diksiyonaryo.ph'.
2025-04-04 14:18:06,913 - INFO - Word 'abiotrophy' (tl) created (ID: 172) from source 'diksiyonaryo.ph'.
2025-04-04 14:18:06,917 - INFO - Word 'abirritant' (tl) created (ID: 173) from source 'diksiyonaryo.ph'.
2025-04-04 14:18:06,922 - INFO - Word 'abisádo' (tl) created (ID: 174) from source 'diksiyonaryo.ph'.
2025-04-04 14:18:06,924 - INFO - Word 'Abisinia' (tl) created (ID: 175) from source 'diksiyonaryo.ph'.
2025-04-04 14:18:06,926 - INFO - Word 'ABISÍNYA' (tl) created (ID: 176) from source 'diksiyonaryo.ph'.
2025-04-04 14:18:06,927 - INFO - Word 'Abisinio' (tl) created (ID: 177) from source 'diksiyonaryo.ph'.
2025-04-04 14:18:06,930 - INFO - Word 'ABISÍNYO' (tl) created (ID: 178) from source 'diksiyonaryo.ph'.
2025-04-04 14:18:06,937 - INFO - Word 'abismál' (tl) created (ID: 179) from source 'diksiyonaryo.ph'.
2025-04-04 14:18:06,940 - INFO - Word 'abísmo' (tl) created (ID: 180) from source 'diksiyonaryo.ph'.
2025-04-04 14:18:06,942 - INFO - Word 'ABYSS' (tl) created (ID: 181) from source 'diksiyonaryo.ph'.
2025-04-04 14:18:06,944 - INFO - Word 'DALÁMA' (tl) created (ID: 182) from source 'diksiyonaryo.ph'.
2025-04-04 14:18:06,945 - INFO - Word 'KAILALÍMAN' (tl) created (ID: 183) from source 'diksiyonaryo.ph'.
2025-04-04 14:18:06,946 - INFO - Word 'KULÁTAD' (tl) created (ID: 184) from source 'diksiyonaryo.ph'.
2025-04-04 14:18:06,951 - INFO - Word 'abíso' (tl) created (ID: 185) from source 'diksiyonaryo.ph'.
2025-04-04 14:18:06,954 - INFO - Word 'SUBPOENA' (tl) created (ID: 186) from source 'diksiyonaryo.ph'.
2025-04-04 14:18:06,956 - INFO - Word 'abít' (tl) created (ID: 187) from source 'diksiyonaryo.ph'.
2025-04-04 14:18:06,959 - INFO - Word 'ábitó' (tl) created (ID: 188) from source 'diksiyonaryo.ph'.
2025-04-04 14:18:06,962 - INFO - Word 'HÁBIT' (tl) created (ID: 189) from source 'diksiyonaryo.ph'.
2025-04-04 14:18:06,964 - INFO - Word 'SOTÁNA' (tl) created (ID: 190) from source 'diksiyonaryo.ph'.
2025-04-04 14:18:06,966 - INFO - Word 'abitsuwélas' (tl) created (ID: 191) from source 'diksiyonaryo.ph'.
2025-04-04 14:18:06,969 - INFO - Word 'bitsuwélas' (tl) created (ID: 192) from source 'diksiyonaryo.ph'.
2025-04-04 14:18:06,970 - INFO - Word 'abítug' (tl) created (ID: 193) from source 'diksiyonaryo.ph'.
2025-04-04 14:18:06,973 - INFO - Word 'abíyo' (tl) created (ID: 194) from source 'diksiyonaryo.ph'.
2025-04-04 14:18:06,976 - INFO - Word 'abkël' (tl) created (ID: 195) from source 'diksiyonaryo.ph'.
2025-04-04 14:18:06,978 - INFO - Word 'ábla' (tl) created (ID: 196) from source 'diksiyonaryo.ph'.
2025-04-04 14:18:06,980 - INFO - Word 'DALDÁL' (tl) created (ID: 197) from source 'diksiyonaryo.ph'.
2025-04-04 14:18:06,982 - INFO - Word 'SATSÁT' (tl) created (ID: 198) from source 'diksiyonaryo.ph'.
2025-04-04 14:18:06,984 - INFO - Word 'ablád' (tl) created (ID: 199) from source 'diksiyonaryo.ph'.
2025-04-04 14:18:06,987 - INFO - Word 'abláda' (tl) created (ID: 200) from source 'diksiyonaryo.ph'.
2025-04-04 14:18:06,989 - INFO - Word 'abládo' (tl) created (ID: 201) from source 'diksiyonaryo.ph'.
2025-04-04 14:18:06,991 - INFO - Word 'KANTÁDAS' (tl) created (ID: 202) from source 'diksiyonaryo.ph'.
2025-04-04 14:18:06,993 - INFO - Word 'RESÁDA' (tl) created (ID: 203) from source 'diksiyonaryo.ph'.
2025-04-04 14:18:06,995 - INFO - Word 'áblang' (tl) created (ID: 204) from source 'diksiyonaryo.ph'.
2025-04-04 14:18:06,997 - INFO - Word 'ÁNTAD' (tl) created (ID: 205) from source 'diksiyonaryo.ph'.
2025-04-04 14:18:06,999 - INFO - Word 'áblas' (tl) created (ID: 206) from source 'diksiyonaryo.ph'.
2025-04-04 14:18:07,001 - INFO - Word 'ablatíbo' (tl) created (ID: 207) from source 'diksiyonaryo.ph'.
2025-04-04 14:18:07,004 - INFO - Word 'áblaw' (tl) created (ID: 208) from source 'diksiyonaryo.ph'.
2025-04-04 14:18:07,005 - INFO - Word 'mag-áb·law' (tl) created (ID: 209) from source 'diksiyonaryo.ph'.
2025-04-04 14:18:07,007 - INFO - Word 'u·máb·law' (tl) created (ID: 210) from source 'diksiyonaryo.ph'.
2025-04-04 14:18:07,010 - INFO - Word 'abláy' (tl) created (ID: 211) from source 'diksiyonaryo.ph'.
2025-04-04 14:18:07,013 - INFO - Word 'able' (tl) created (ID: 212) from source 'diksiyonaryo.ph'.
2025-04-04 14:18:07,016 - INFO - Word 'able-bodied seaman' (tl) created (ID: 213) from source 'diksiyonaryo.ph'.
2025-04-04 14:18:07,019 - INFO - Word 'AB1' (tl) created (ID: 214) from source 'diksiyonaryo.ph'.
2025-04-04 14:18:07,021 - INFO - Word 'ablepsia' (tl) created (ID: 215) from source 'diksiyonaryo.ph'.
2025-04-04 14:18:07,023 - INFO - Word 'ablí' (tl) created (ID: 216) from source 'diksiyonaryo.ph'.
2025-04-04 14:18:07,027 - INFO - Word 'Ablíg Saligsíg' (tl) created (ID: 217) from source 'diksiyonaryo.ph'.
2025-04-04 14:18:07,030 - INFO - Word 'áblon' (tl) created (ID: 218) from source 'diksiyonaryo.ph'.
2025-04-04 14:18:07,034 - INFO - Word 'áblong' (tl) created (ID: 219) from source 'diksiyonaryo.ph'.
2025-04-04 14:18:07,037 - INFO - Word 'ablusyón' (tl) created (ID: 220) from source 'diksiyonaryo.ph'.
2025-04-04 14:18:07,040 - INFO - Word 'abnegasyón' (tl) created (ID: 221) from source 'diksiyonaryo.ph'.
2025-04-04 14:18:07,043 - INFO - Word 'PAGPAPAKASÁKIT' (tl) created (ID: 222) from source 'diksiyonaryo.ph'.
2025-04-04 14:18:07,044 - INFO - Word 'SAKRIPÍSYO' (tl) created (ID: 223) from source 'diksiyonaryo.ph'.
2025-04-04 14:18:07,045 - INFO - Word 'abnórmal' (tl) created (ID: 224) from source 'diksiyonaryo.ph'.
2025-04-04 14:18:07,047 - INFO - Word 'ANORMÁL' (tl) created (ID: 225) from source 'diksiyonaryo.ph'.
2025-04-04 14:18:07,049 - INFO - Word 'abnormalidád' (tl) created (ID: 226) from source 'diksiyonaryo.ph'.
2025-04-04 14:18:07,052 - INFO - Word 'abnúg' (tl) created (ID: 227) from source 'diksiyonaryo.ph'.
2025-04-04 14:18:07,054 - INFO - Word 'ábnut' (tl) created (ID: 228) from source 'diksiyonaryo.ph'.
2025-04-04 14:18:07,056 - INFO - Word 'abó' (tl) created (ID: 229) from source 'diksiyonaryo.ph'.
2025-04-04 14:18:07,058 - INFO - Word 'ABÓK' (tl) created (ID: 230) from source 'diksiyonaryo.ph'.
2025-04-04 14:18:07,060 - INFO - Word 'AGBÓN' (tl) created (ID: 231) from source 'diksiyonaryo.ph'.
2025-04-04 14:18:07,061 - INFO - Word 'ASH' (tl) created (ID: 232) from source 'diksiyonaryo.ph'.
2025-04-04 14:18:07,063 - INFO - Word 'AVÚ' (tl) created (ID: 233) from source 'diksiyonaryo.ph'.
2025-04-04 14:18:07,064 - INFO - Word 'DAPÓL' (tl) created (ID: 234) from source 'diksiyonaryo.ph'.
2025-04-04 14:18:07,065 - INFO - Word 'HABÚ' (tl) created (ID: 235) from source 'diksiyonaryo.ph'.
2025-04-04 14:18:07,066 - INFO - Word 'ÓMBI' (tl) created (ID: 236) from source 'diksiyonaryo.ph'.
2025-04-04 14:18:07,067 - INFO - Word 'SENÍSA' (tl) created (ID: 237) from source 'diksiyonaryo.ph'.
2025-04-04 14:18:07,083 - INFO - Word 'áboábo' (tl) created (ID: 238) from source 'diksiyonaryo.ph'.
2025-04-04 14:18:07,086 - INFO - Word 'BALÁNG-BALÁNG' (tl) created (ID: 239) from source 'diksiyonaryo.ph'.
2025-04-04 14:18:07,087 - INFO - Word 'abóbor' (tl) created (ID: 240) from source 'diksiyonaryo.ph'.
2025-04-04 14:18:07,090 - INFO - Word 'abóg' (tl) created (ID: 241) from source 'diksiyonaryo.ph'.
2025-04-04 14:18:07,096 - INFO - Word 'abogadílyo' (tl) created (ID: 242) from source 'diksiyonaryo.ph'.
2025-04-04 14:18:07,098 - INFO - Word 'abogádo' (tl) created (ID: 243) from source 'diksiyonaryo.ph'.
2025-04-04 14:18:07,101 - INFO - Word 'ATTORNEY' (tl) created (ID: 244) from source 'diksiyonaryo.ph'.
2025-04-04 14:18:07,102 - INFO - Word 'BARRISTER' (tl) created (ID: 245) from source 'diksiyonaryo.ph'.
2025-04-04 14:18:07,103 - INFO - Word 'COUNSEL' (tl) created (ID: 246) from source 'diksiyonaryo.ph'.
2025-04-04 14:18:07,104 - INFO - Word 'HURÍSKONSÚLTO' (tl) created (ID: 247) from source 'diksiyonaryo.ph'.
2025-04-04 14:18:07,105 - INFO - Word 'LAWYER' (tl) created (ID: 248) from source 'diksiyonaryo.ph'.
2025-04-04 14:18:07,106 - INFO - Word 'MANANANGGÓL' (tl) created (ID: 249) from source 'diksiyonaryo.ph'.
2025-04-04 14:18:07,107 - INFO - Word 'abugádo' (tl) created (ID: 250) from source 'diksiyonaryo.ph'.
2025-04-04 14:18:07,109 - INFO - Word 'abogasyá' (tl) created (ID: 251) from source 'diksiyonaryo.ph'.
2025-04-04 14:18:07,111 - INFO - Word 'BACHELOR OF LAWS' (tl) created (ID: 252) from source 'diksiyonaryo.ph'.
2025-04-04 14:18:07,113 - INFO - Word 'BAR' (tl) created (ID: 253) from source 'diksiyonaryo.ph'.
2025-04-04 14:18:07,114 - INFO - Word 'DERÉTSO' (tl) created (ID: 254) from source 'diksiyonaryo.ph'.
2025-04-04 14:18:07,115 - INFO - Word 'LAW' (tl) created (ID: 255) from source 'diksiyonaryo.ph'.
2025-04-04 14:18:07,117 - INFO - Word 'abugasyá' (tl) created (ID: 256) from source 'diksiyonaryo.ph'.
2025-04-04 14:18:07,118 - INFO - Word 'abógong' (tl) created (ID: 257) from source 'diksiyonaryo.ph'.
2025-04-04 14:18:07,122 - INFO - Word 'abokádo' (tl) created (ID: 258) from source 'diksiyonaryo.ph'.
2025-04-04 14:18:07,125 - INFO - Word 'ALLIGATOR PEAR' (tl) created (ID: 259) from source 'diksiyonaryo.ph'.
2025-04-04 14:18:07,127 - INFO - Word 'aból' (tl) created (ID: 260) from source 'diksiyonaryo.ph'.
2025-04-04 14:18:07,129 - INFO - Word 'abolish' (tl) created (ID: 261) from source 'diksiyonaryo.ph'.
2025-04-04 14:18:07,134 - INFO - Word 'abolisyón' (tl) created (ID: 262) from source 'diksiyonaryo.ph'.
2025-04-04 14:18:07,137 - INFO - Word 'ABOLITION' (tl) created (ID: 263) from source 'diksiyonaryo.ph'.
2025-04-04 14:18:07,139 - INFO - Word 'abolisyonísta' (tl) created (ID: 264) from source 'diksiyonaryo.ph'.
2025-04-04 14:18:07,145 - INFO - Word 'abomásum' (tl) created (ID: 265) from source 'diksiyonaryo.ph'.
2025-04-04 14:18:07,147 - INFO - Word 'A bomb' (tl) created (ID: 266) from source 'diksiyonaryo.ph'.
2025-04-04 14:18:07,150 - INFO - Word 'Abominable Snowman' (tl) created (ID: 267) from source 'diksiyonaryo.ph'.
2025-04-04 14:18:07,153 - INFO - Word 'abonádo' (tl) created (ID: 268) from source 'diksiyonaryo.ph'.
2025-04-04 14:18:07,155 - INFO - Word 'ÉMBOLSÁDO' (tl) created (ID: 269) from source 'diksiyonaryo.ph'.
2025-04-04 14:18:07,156 - INFO - Word 'abunádo' (tl) created (ID: 270) from source 'diksiyonaryo.ph'.
2025-04-04 14:18:07,158 - INFO - Word 'ábong' (tl) created (ID: 271) from source 'diksiyonaryo.ph'.
2025-04-04 14:18:07,164 - INFO - Word 'ábor' (tl) created (ID: 272) from source 'diksiyonaryo.ph'.
2025-04-04 14:18:07,166 - INFO - Word 'abór-abór' (tl) created (ID: 273) from source 'diksiyonaryo.ph'.
2025-04-04 14:18:07,168 - INFO - Word 'aborigine' (tl) created (ID: 274) from source 'diksiyonaryo.ph'.
2025-04-04 14:18:07,172 - INFO - Word 'ab origine' (tl) created (ID: 275) from source 'diksiyonaryo.ph'.
2025-04-04 14:18:07,174 - INFO - Word 'abórsiyón' (tl) created (ID: 276) from source 'diksiyonaryo.ph'.
2025-04-04 14:18:07,177 - INFO - Word 'ABÓRTO' (tl) created (ID: 277) from source 'diksiyonaryo.ph'.
2025-04-04 14:18:07,178 - INFO - Word 'PÁKPAK' (tl) created (ID: 278) from source 'diksiyonaryo.ph'.
2025-04-04 14:18:07,179 - INFO - Word 'abortifacient' (tl) created (ID: 279) from source 'diksiyonaryo.ph'.
2025-04-04 14:18:07,182 - INFO - Word 'abortionist' (tl) created (ID: 280) from source 'diksiyonaryo.ph'.
2025-04-04 14:18:07,185 - INFO - Word 'ABÓRTÍSTA' (tl) created (ID: 281) from source 'diksiyonaryo.ph'.
2025-04-04 14:18:07,189 - INFO - Word 'abót' (tl) created (ID: 282) from source 'diksiyonaryo.ph'.
2025-04-04 14:18:07,193 - INFO - Word 'KÁW-A' (tl) created (ID: 283) from source 'diksiyonaryo.ph'.
2025-04-04 14:18:07,195 - INFO - Word 'KAB-ÓT' (tl) created (ID: 284) from source 'diksiyonaryo.ph'.
2025-04-04 14:18:07,197 - INFO - Word 'MAGÁW-AT' (tl) created (ID: 285) from source 'diksiyonaryo.ph'.
2025-04-04 14:18:07,200 - INFO - Word 'NAGÁWAT' (tl) created (ID: 286) from source 'diksiyonaryo.ph'.
2025-04-04 14:18:07,204 - INFO - Word 'a·bú·tan' (tl) created (ID: 287) from source 'diksiyonaryo.ph'.
2025-04-04 14:18:07,206 - INFO - Word 'mag·pang-á·bot' (tl) created (ID: 288) from source 'diksiyonaryo.ph'.
2025-04-04 14:18:07,208 - INFO - Word 'ma·ka·á·bot' (tl) created (ID: 289) from source 'diksiyonaryo.ph'.
2025-04-04 14:18:07,209 - INFO - Word 'u·má·bot' (tl) created (ID: 290) from source 'diksiyonaryo.ph'.
2025-04-04 14:18:07,212 - INFO - Word 'ÁBUT' (tl) created (ID: 291) from source 'diksiyonaryo.ph'.
2025-04-04 14:18:07,214 - INFO - Word 'abót-abót' (tl) created (ID: 292) from source 'diksiyonaryo.ph'.
2025-04-04 14:18:07,217 - INFO - Word 'abót-agáwin' (tl) created (ID: 293) from source 'diksiyonaryo.ph'.
2025-04-04 14:18:07,220 - INFO - Word 'ábot-balíta' (tl) created (ID: 294) from source 'diksiyonaryo.ph'.
2025-04-04 14:18:07,222 - INFO - Word 'abotdán' (tl) created (ID: 295) from source 'diksiyonaryo.ph'.
2025-04-04 14:18:07,225 - INFO - Word 'ábot-hiyáw' (tl) created (ID: 296) from source 'diksiyonaryo.ph'.
2025-04-04 14:18:07,226 - INFO - Word 'ábot-sigáw' (tl) created (ID: 297) from source 'diksiyonaryo.ph'.
2025-04-04 14:18:07,228 - INFO - Word 'ábot-kamáy' (tl) created (ID: 298) from source 'diksiyonaryo.ph'.
2025-04-04 14:18:07,230 - INFO - Word 'ábot-kisáp' (tl) created (ID: 299) from source 'diksiyonaryo.ph'.
2025-04-04 14:18:07,233 - INFO - Word 'ábot-kuráp' (tl) created (ID: 300) from source 'diksiyonaryo.ph'.
2025-04-04 14:18:07,235 - INFO - Word 'ábot-sábi' (tl) created (ID: 301) from source 'diksiyonaryo.ph'.
2025-04-04 14:18:07,239 - INFO - Word 'ábot-síko' (tl) created (ID: 302) from source 'diksiyonaryo.ph'.
2025-04-04 14:18:07,241 - INFO - Word 'ábot-tanáw' (tl) created (ID: 303) from source 'diksiyonaryo.ph'.
2025-04-04 14:18:07,244 - INFO - Word 'GINTAÍPAN' (tl) created (ID: 304) from source 'diksiyonaryo.ph'.
2025-04-04 14:18:07,245 - INFO - Word 'HORIZON' (tl) created (ID: 305) from source 'diksiyonaryo.ph'.
2025-04-04 14:18:07,247 - INFO - Word 'KAPUNÁW-PUNÁWAN' (tl) created (ID: 306) from source 'diksiyonaryo.ph'.
2025-04-04 14:18:07,247 - INFO - Word 'ORISÓNTE' (tl) created (ID: 307) from source 'diksiyonaryo.ph'.
2025-04-04 14:18:07,249 - INFO - Word 'PANGANÓRIN' (tl) created (ID: 308) from source 'diksiyonaryo.ph'.
2025-04-04 14:18:07,253 - INFO - Word 'ábot-táwag' (tl) created (ID: 309) from source 'diksiyonaryo.ph'.
2025-04-04 14:18:07,255 - INFO - Word 'ábot-tingín' (tl) created (ID: 310) from source 'diksiyonaryo.ph'.
2025-04-04 14:18:07,258 - INFO - Word 'ábot-tubò' (tl) created (ID: 311) from source 'diksiyonaryo.ph'.
2025-04-04 14:18:07,260 - INFO - Word 'ab ovo' (tl) created (ID: 312) from source 'diksiyonaryo.ph'.
2025-04-04 14:18:07,264 - INFO - Word 'abóy' (tl) created (ID: 313) from source 'diksiyonaryo.ph'.
2025-04-04 14:18:07,267 - INFO - Word 'abóy-abóy' (tl) created (ID: 314) from source 'diksiyonaryo.ph'.
2025-04-04 14:18:07,269 - INFO - Word 'abpá' (tl) created (ID: 315) from source 'diksiyonaryo.ph'.
2025-04-04 14:18:07,271 - INFO - Word 'abarúray' (tl) created (ID: 316) from source 'diksiyonaryo.ph'.
2025-04-04 14:18:07,274 - INFO - Word 'abás' (tl) created (ID: 317) from source 'diksiyonaryo.ph'.
2025-04-04 14:18:07,275 - INFO - Word 'a·bá·sin' (tl) created (ID: 318) from source 'diksiyonaryo.ph'.
2025-04-04 14:18:07,277 - INFO - Word 'i·á·bas' (tl) created (ID: 319) from source 'diksiyonaryo.ph'.
2025-04-04 14:18:07,278 - INFO - Word 'mag-á·bas' (tl) created (ID: 320) from source 'diksiyonaryo.ph'.
2025-04-04 14:18:07,281 - INFO - Word 'abaseríya' (tl) created (ID: 321) from source 'diksiyonaryo.ph'.
2025-04-04 14:18:07,283 - INFO - Word 'abáseryá' (tl) created (ID: 322) from source 'diksiyonaryo.ph'.
2025-04-04 14:18:07,286 - INFO - Word 'abasia' (tl) created (ID: 323) from source 'diksiyonaryo.ph'.
2025-04-04 14:18:07,291 - INFO - Word 'abát' (tl) created (ID: 324) from source 'diksiyonaryo.ph'.
2025-04-04 14:18:07,294 - INFO - Word 'ARÁGBAT' (tl) created (ID: 325) from source 'diksiyonaryo.ph'.
2025-04-04 14:18:07,297 - INFO - Word 'a·bá·tan' (tl) created (ID: 326) from source 'diksiyonaryo.ph'.
2025-04-04 14:18:07,299 - INFO - Word 'mang-á·bat' (tl) created (ID: 327) from source 'diksiyonaryo.ph'.
2025-04-04 14:18:07,300 - INFO - Word 'u· má·bat' (tl) created (ID: 328) from source 'diksiyonaryo.ph'.
2025-04-04 14:18:07,304 - INFO - Word 'abáte' (tl) created (ID: 329) from source 'diksiyonaryo.ph'.
2025-04-04 14:18:07,306 - INFO - Word 'ABBE' (tl) created (ID: 330) from source 'diksiyonaryo.ph'.
2025-04-04 14:18:07,308 - INFO - Word 'abaték' (tl) created (ID: 331) from source 'diksiyonaryo.ph'.
2025-04-04 14:18:07,311 - INFO - Word 'abatík' (tl) created (ID: 332) from source 'diksiyonaryo.ph'.
2025-04-04 14:18:07,313 - INFO - Word 'A battery' (tl) created (ID: 333) from source 'diksiyonaryo.ph'.
2025-04-04 14:18:07,316 - INFO - Word 'abattoir' (tl) created (ID: 334) from source 'diksiyonaryo.ph'.
2025-04-04 14:18:07,319 - INFO - Word 'Abáw!' (tl) created (ID: 335) from source 'diksiyonaryo.ph'.
2025-04-04 14:18:07,321 - INFO - Word 'abáw-abáw' (tl) created (ID: 336) from source 'diksiyonaryo.ph'.
2025-04-04 14:18:07,323 - INFO - Word 'abáy' (tl) created (ID: 337) from source 'diksiyonaryo.ph'.
2025-04-04 14:18:07,325 - INFO - Word 'a·ba·yán' (tl) created (ID: 338) from source 'diksiyonaryo.ph'.
2025-04-04 14:18:07,327 - INFO - Word 'mag-a·báy' (tl) created (ID: 339) from source 'diksiyonaryo.ph'.
2025-04-04 14:18:07,328 - INFO - Word 'u· ma·báy' (tl) created (ID: 340) from source 'diksiyonaryo.ph'.
2025-04-04 14:18:07,331 - INFO - Word 'DIRÍG' (tl) created (ID: 341) from source 'diksiyonaryo.ph'.
2025-04-04 14:18:07,332 - INFO - Word 'DORÓG' (tl) created (ID: 342) from source 'diksiyonaryo.ph'.
2025-04-04 14:18:07,335 - INFO - Word 'BAYÁBAY' (tl) created (ID: 343) from source 'diksiyonaryo.ph'.
2025-04-04 14:18:07,337 - INFO - Word 'TÁID' (tl) created (ID: 344) from source 'diksiyonaryo.ph'.
2025-04-04 14:18:07,339 - INFO - Word 'UPÓD' (tl) created (ID: 345) from source 'diksiyonaryo.ph'.
2025-04-04 14:18:07,340 - INFO - Word 'MAID-OF-HONOR' (tl) created (ID: 346) from source 'diksiyonaryo.ph'.
2025-04-04 14:18:07,342 - INFO - Word 'DÁMA' (tl) created (ID: 347) from source 'diksiyonaryo.ph'.
2025-04-04 14:18:07,344 - INFO - Word 'PÁHE' (tl) created (ID: 348) from source 'diksiyonaryo.ph'.
2025-04-04 14:18:07,346 - INFO - Word 'abáya' (tl) created (ID: 349) from source 'diksiyonaryo.ph'.
2025-04-04 14:18:07,349 - INFO - Word 'abáy-abáy' (tl) created (ID: 350) from source 'diksiyonaryo.ph'.
2025-04-04 14:18:07,351 - INFO - Word 'mag-a·báy-a·báy' (tl) created (ID: 351) from source 'diksiyonaryo.ph'.
2025-04-04 14:18:07,352 - INFO - Word 'u·ma·báy-a·báy' (tl) created (ID: 352) from source 'diksiyonaryo.ph'.
2025-04-04 14:18:07,357 - INFO - Word 'Abáyan' (tl) created (ID: 353) from source 'diksiyonaryo.ph'.
2025-04-04 14:18:07,360 - INFO - Word 'Abayarí!' (tl) created (ID: 354) from source 'diksiyonaryo.ph'.
2025-04-04 14:18:07,362 - INFO - Word 'Abba' (tl) created (ID: 355) from source 'diksiyonaryo.ph'.
2025-04-04 14:18:07,364 - INFO - Word 'ELOHIM' (tl) created (ID: 356) from source 'diksiyonaryo.ph'.
2025-04-04 14:18:07,365 - INFO - Word 'YAHWEH' (tl) created (ID: 357) from source 'diksiyonaryo.ph'.
2025-04-04 14:18:07,369 - INFO - Word 'Ábbas' (tl) created (ID: 358) from source 'diksiyonaryo.ph'.
2025-04-04 14:18:07,372 - INFO - Word 'Abbásíd' (tl) created (ID: 359) from source 'diksiyonaryo.ph'.
2025-04-04 14:18:07,376 - INFO - Word 'abbéng' (tl) created (ID: 360) from source 'diksiyonaryo.ph'.
2025-04-04 14:18:07,383 - INFO - Word 'abbíang' (tl) created (ID: 361) from source 'diksiyonaryo.ph'.
2025-04-04 14:18:07,386 - INFO - Word 'abbíra' (tl) created (ID: 362) from source 'diksiyonaryo.ph'.
2025-04-04 14:18:07,387 - INFO - Word 'abbóg' (tl) created (ID: 363) from source 'diksiyonaryo.ph'.
2025-04-04 14:18:07,393 - INFO - Word 'abbreviate' (tl) created (ID: 364) from source 'diksiyonaryo.ph'.
2025-04-04 14:18:07,396 - INFO - Word 'abbreviation' (tl) created (ID: 365) from source 'diksiyonaryo.ph'.
2025-04-04 14:18:07,401 - INFO - Word 'abcoulomb' (tl) created (ID: 366) from source 'diksiyonaryo.ph'.
2025-04-04 14:18:07,404 - INFO - Word 'abdikasyón' (tl) created (ID: 367) from source 'diksiyonaryo.ph'.
2025-04-04 14:18:07,408 - INFO - Word 'ábdis' (tl) created (ID: 368) from source 'diksiyonaryo.ph'.
2025-04-04 14:18:07,410 - INFO - Word 'abdómen' (tl) created (ID: 369) from source 'diksiyonaryo.ph'.
2025-04-04 14:18:07,413 - INFO - Word 'abducens' (tl) created (ID: 370) from source 'diksiyonaryo.ph'.
2025-04-04 14:18:07,417 - INFO - Word 'abducens nerve' (tl) created (ID: 371) from source 'diksiyonaryo.ph'.
2025-04-04 14:18:07,421 - INFO - Word 'ábe' (tl) created (ID: 372) from source 'diksiyonaryo.ph'.
2025-04-04 14:18:07,425 - INFO - Word 'Abédnegó' (tl) created (ID: 373) from source 'diksiyonaryo.ph'.
2025-04-04 14:18:07,429 - INFO - Word 'abéha' (tl) created (ID: 374) from source 'diksiyonaryo.ph'.
2025-04-04 14:18:07,431 - INFO - Word 'abéha réyna' (tl) created (ID: 375) from source 'diksiyonaryo.ph'.
2025-04-04 14:18:07,433 - INFO - Word 'abehéra' (tl) created (ID: 376) from source 'diksiyonaryo.ph'.
2025-04-04 14:18:07,435 - INFO - Word 'abehéro' (tl) created (ID: 377) from source 'diksiyonaryo.ph'.
2025-04-04 14:18:07,437 - INFO - Word 'MÁMUMUKYÓT' (tl) created (ID: 378) from source 'diksiyonaryo.ph'.
2025-04-04 14:18:07,439 - INFO - Word 'abék' (tl) created (ID: 379) from source 'diksiyonaryo.ph'.
2025-04-04 14:18:07,442 - INFO - Word 'Abél' (tl) created (ID: 380) from source 'diksiyonaryo.ph'.
2025-04-04 14:18:07,446 - INFO - Word 'abelláw' (tl) created (ID: 381) from source 'diksiyonaryo.ph'.
2025-04-04 14:18:07,448 - INFO - Word 'abiláw' (tl) created (ID: 382) from source 'diksiyonaryo.ph'.
2025-04-04 14:18:07,450 - INFO - Word 'abelyána' (tl) created (ID: 383) from source 'diksiyonaryo.ph'.
2025-04-04 14:18:07,453 - INFO - Word 'abelyáno' (tl) created (ID: 384) from source 'diksiyonaryo.ph'.
2025-04-04 14:18:07,457 - INFO - Word 'abelyánu' (tl) created (ID: 385) from source 'diksiyonaryo.ph'.
2025-04-04 14:18:07,459 - INFO - Word 'abenída' (tl) created (ID: 386) from source 'diksiyonaryo.ph'.
2025-04-04 14:18:07,462 - INFO - Word 'AVENUE' (tl) created (ID: 387) from source 'diksiyonaryo.ph'.
2025-04-04 14:18:07,463 - INFO - Word 'PASÉO' (tl) created (ID: 388) from source 'diksiyonaryo.ph'.
2025-04-04 14:18:07,465 - INFO - Word 'LANSÁNGAN' (tl) created (ID: 389) from source 'diksiyonaryo.ph'.
2025-04-04 14:18:07,466 - INFO - Word 'abentúra' (tl) created (ID: 390) from source 'diksiyonaryo.ph'.
2025-04-04 14:18:07,468 - INFO - Word 'abenturéro' (tl) created (ID: 391) from source 'diksiyonaryo.ph'.
2025-04-04 14:18:07,470 - INFO - Word 'ADVENTURER' (tl) created (ID: 392) from source 'diksiyonaryo.ph'.
2025-04-04 14:18:07,472 - INFO - Word 'abenturóso' (tl) created (ID: 393) from source 'diksiyonaryo.ph'.
2025-04-04 14:18:07,475 - INFO - Word 'abe-paraíso' (tl) created (ID: 394) from source 'diksiyonaryo.ph'.
2025-04-04 14:18:07,478 - INFO - Word 'abér' (tl) created (ID: 395) from source 'diksiyonaryo.ph'.
2025-04-04 14:18:07,480 - INFO - Word 'Abér!' (tl) created (ID: 396) from source 'diksiyonaryo.ph'.
2025-04-04 14:18:07,483 - INFO - Word 'aberasyón' (tl) created (ID: 397) from source 'diksiyonaryo.ph'.
2025-04-04 14:18:07,488 - INFO - Word 'Abérno' (tl) created (ID: 398) from source 'diksiyonaryo.ph'.
2025-04-04 14:18:07,490 - INFO - Word 'aberyá' (tl) created (ID: 399) from source 'diksiyonaryo.ph'.
2025-04-04 14:18:07,493 - INFO - Word 'ábése' (tl) created (ID: 400) from source 'diksiyonaryo.ph'.
2025-04-04 14:18:07,496 - INFO - Word 'abesedáryo' (tl) created (ID: 401) from source 'diksiyonaryo.ph'.
2025-04-04 14:18:07,500 - INFO - Word 'abestrús' (tl) created (ID: 402) from source 'diksiyonaryo.ph'.
2025-04-04 14:18:07,502 - INFO - Word 'abët' (tl) created (ID: 403) from source 'diksiyonaryo.ph'.
2025-04-04 14:18:07,507 - INFO - Word 'ábëtën' (tl) created (ID: 404) from source 'diksiyonaryo.ph'.
2025-04-04 14:18:07,509 - INFO - Word 'ábetín' (tl) created (ID: 405) from source 'diksiyonaryo.ph'.
2025-04-04 14:18:07,511 - INFO - Word 'ab éxtra' (tl) created (ID: 406) from source 'diksiyonaryo.ph'.
2025-04-04 14:18:07,514 - INFO - Word 'ábhas' (tl) created (ID: 407) from source 'diksiyonaryo.ph'.
2025-04-04 14:18:07,517 - INFO - Word 'ábhong' (tl) created (ID: 408) from source 'diksiyonaryo.ph'.
2025-04-04 14:18:07,520 - INFO - Word 'abí' (tl) created (ID: 409) from source 'diksiyonaryo.ph'.
2025-04-04 14:18:07,523 - INFO - Word 'abibbá' (tl) created (ID: 410) from source 'diksiyonaryo.ph'.
2025-04-04 14:18:07,526 - INFO - Word 'abíday' (tl) created (ID: 411) from source 'diksiyonaryo.ph'.
2025-04-04 14:18:07,530 - INFO - Word 'À bientôt!' (tl) created (ID: 412) from source 'diksiyonaryo.ph'.
2025-04-04 14:18:07,532 - INFO - Word 'abietate' (tl) created (ID: 413) from source 'diksiyonaryo.ph'.
2025-04-04 14:18:07,534 - INFO - Word 'abietic acid' (tl) created (ID: 414) from source 'diksiyonaryo.ph'.
2025-04-04 14:18:07,537 - INFO - Word 'ábig' (tl) created (ID: 415) from source 'diksiyonaryo.ph'.
2025-04-04 14:18:07,540 - INFO - Word 'abígay' (tl) created (ID: 416) from source 'diksiyonaryo.ph'.
2025-04-04 14:18:07,542 - INFO - Word 'abígi' (tl) created (ID: 417) from source 'diksiyonaryo.ph'.
2025-04-04 14:18:07,545 - INFO - Word 'abî-ik' (tl) created (ID: 418) from source 'diksiyonaryo.ph'.
2025-04-04 14:18:07,547 - INFO - Word 'abikúltor' (tl) created (ID: 419) from source 'diksiyonaryo.ph'.
2025-04-04 14:18:07,550 - INFO - Word 'abikultúra' (tl) created (ID: 420) from source 'diksiyonaryo.ph'.
2025-04-04 14:18:07,553 - INFO - Word 'abíl' (tl) created (ID: 421) from source 'diksiyonaryo.ph'.
2025-04-04 14:18:07,563 - INFO - Word 'a·bí·lin' (tl) created (ID: 422) from source 'diksiyonaryo.ph'.
2025-04-04 14:18:07,565 - INFO - Word 'mag-á·bil' (tl) created (ID: 423) from source 'diksiyonaryo.ph'.
2025-04-04 14:18:07,566 - INFO - Word 'u·má·bil' (tl) created (ID: 424) from source 'diksiyonaryo.ph'.
2025-04-04 14:18:07,569 - INFO - Word 'ábil-ábil' (tl) created (ID: 425) from source 'diksiyonaryo.ph'.
2025-04-04 14:18:07,572 - INFO - Word 'abilidád' (tl) created (ID: 426) from source 'diksiyonaryo.ph'.
2025-04-04 14:18:07,575 - INFO - Word 'abílin' (tl) created (ID: 427) from source 'diksiyonaryo.ph'.
2025-04-04 14:18:07,578 - INFO - Word 'ability' (tl) created (ID: 428) from source 'diksiyonaryo.ph'.
2025-04-04 14:18:07,580 - INFO - Word 'abín' (tl) created (ID: 429) from source 'diksiyonaryo.ph'.
2025-04-04 14:18:07,586 - INFO - Word 'ab inítio' (tl) created (ID: 430) from source 'diksiyonaryo.ph'.
2025-04-04 14:18:07,588 - INFO - Word 'Abunnáwas' (tl) created (ID: 431) from source 'diksiyonaryo.ph'.
2025-04-04 14:18:07,591 - INFO - Word 'ab urbe condita' (tl) created (ID: 432) from source 'diksiyonaryo.ph'.
2025-04-04 14:18:07,594 - INFO - Word 'aburído' (tl) created (ID: 433) from source 'diksiyonaryo.ph'.
2025-04-04 14:18:07,597 - INFO - Word 'abúroy' (tl) created (ID: 434) from source 'diksiyonaryo.ph'.
2025-04-04 14:18:07,599 - INFO - Word 'abusádo' (tl) created (ID: 435) from source 'diksiyonaryo.ph'.
2025-04-04 14:18:07,603 - INFO - Word 'abuse' (tl) created (ID: 436) from source 'diksiyonaryo.ph'.
2025-04-04 14:18:07,606 - INFO - Word 'abuséro' (tl) created (ID: 437) from source 'diksiyonaryo.ph'.
2025-04-04 14:18:07,608 - INFO - Word 'abusíbo' (tl) created (ID: 438) from source 'diksiyonaryo.ph'.
2025-04-04 14:18:07,611 - INFO - Word 'abusíng' (tl) created (ID: 439) from source 'diksiyonaryo.ph'.
2025-04-04 14:18:07,614 - INFO - Word 'abúso' (tl) created (ID: 440) from source 'diksiyonaryo.ph'.
2025-04-04 14:18:07,624 - INFO - Word 'mag·pang-á·but' (tl) created (ID: 441) from source 'diksiyonaryo.ph'.
2025-04-04 14:18:07,625 - INFO - Word 'u·má·but' (tl) created (ID: 442) from source 'diksiyonaryo.ph'.
2025-04-04 14:18:07,628 - INFO - Word 'abutilí' (tl) created (ID: 443) from source 'diksiyonaryo.ph'.
2025-04-04 14:18:07,630 - INFO - Word 'abutít' (tl) created (ID: 444) from source 'diksiyonaryo.ph'.
2025-04-04 14:18:07,633 - INFO - Word 'abútra' (tl) created (ID: 445) from source 'diksiyonaryo.ph'.
2025-04-04 14:18:07,636 - INFO - Word 'abúwek' (tl) created (ID: 446) from source 'diksiyonaryo.ph'.
2025-04-04 14:18:07,639 - INFO - Word 'abúyak' (tl) created (ID: 447) from source 'diksiyonaryo.ph'.
2025-04-04 14:18:07,642 - INFO - Word 'abúyan' (tl) created (ID: 448) from source 'diksiyonaryo.ph'.
2025-04-04 14:18:07,645 - INFO - Word 'abúyon' (tl) created (ID: 449) from source 'diksiyonaryo.ph'.
2025-04-04 14:18:07,647 - INFO - Word 'abwáb' (tl) created (ID: 450) from source 'diksiyonaryo.ph'.
2025-04-04 14:18:07,650 - INFO - Word 'abwáng' (tl) created (ID: 451) from source 'diksiyonaryo.ph'.
2025-04-04 14:18:07,652 - INFO - Word 'abwéla' (tl) created (ID: 452) from source 'diksiyonaryo.ph'.
2025-04-04 14:18:07,654 - INFO - Word 'agwéla' (tl) created (ID: 453) from source 'diksiyonaryo.ph'.
2025-04-04 14:18:07,656 - INFO - Word 'abyád' (tl) created (ID: 454) from source 'diksiyonaryo.ph'.
2025-04-04 14:18:07,658 - INFO - Word 'abyadór' (tl) created (ID: 455) from source 'diksiyonaryo.ph'.
2025-04-04 14:18:07,663 - INFO - Word 'ábyan' (tl) created (ID: 456) from source 'diksiyonaryo.ph'.
2025-04-04 14:18:07,665 - INFO - Word 'abyáryo' (tl) created (ID: 457) from source 'diksiyonaryo.ph'.
2025-04-04 14:18:07,668 - INFO - Word 'AVIARY' (tl) created (ID: 458) from source 'diksiyonaryo.ph'.
2025-04-04 14:18:07,669 - INFO - Word 'abyás' (tl) created (ID: 459) from source 'diksiyonaryo.ph'.
2025-04-04 14:18:07,672 - INFO - Word 'abyasyón' (tl) created (ID: 460) from source 'diksiyonaryo.ph'.
2025-04-04 14:18:07,673 - INFO - Word 'AVIATION' (tl) created (ID: 461) from source 'diksiyonaryo.ph'.
2025-04-04 14:18:07,676 - INFO - Word 'abyérta' (tl) created (ID: 462) from source 'diksiyonaryo.ph'.
2025-04-04 14:18:07,680 - INFO - Word 'abyérto' (tl) created (ID: 463) from source 'diksiyonaryo.ph'.
2025-04-04 14:18:07,683 - INFO - Word 'ábyo' (tl) created (ID: 464) from source 'diksiyonaryo.ph'.
2025-04-04 14:18:07,685 - INFO - Word 'abyóg' (tl) created (ID: 465) from source 'diksiyonaryo.ph'.
2025-04-04 14:18:07,691 - INFO - Word 'LABYÓG' (tl) created (ID: 466) from source 'diksiyonaryo.ph'.
2025-04-04 14:18:07,692 - INFO - Word 'abyogá' (tl) created (ID: 467) from source 'diksiyonaryo.ph'.
2025-04-04 14:18:07,695 - INFO - Word 'abyón' (tl) created (ID: 468) from source 'diksiyonaryo.ph'.
2025-04-04 14:18:07,701 - INFO - Word 'Abyssinia' (tl) created (ID: 469) from source 'diksiyonaryo.ph'.
2025-04-04 14:18:07,704 - INFO - Word 'Abyssinian' (tl) created (ID: 470) from source 'diksiyonaryo.ph'.
2025-04-04 14:18:07,707 - INFO - Word 'AC' (tl) created (ID: 471) from source 'diksiyonaryo.ph'.
2025-04-04 14:18:07,710 - INFO - Word 'DC' (tl) created (ID: 472) from source 'diksiyonaryo.ph'.
2025-04-04 14:18:07,713 - INFO - Word 'acacia' (tl) created (ID: 473) from source 'diksiyonaryo.ph'.
2025-04-04 14:18:07,715 - INFO - Word 'academe' (tl) created (ID: 474) from source 'diksiyonaryo.ph'.
2025-04-04 14:18:07,718 - INFO - Word 'AKADÉMYA' (tl) created (ID: 475) from source 'diksiyonaryo.ph'.
2025-04-04 14:18:07,723 - INFO - Word 'academic' (tl) created (ID: 476) from source 'diksiyonaryo.ph'.
2025-04-04 14:18:07,726 - INFO - Word 'academician' (tl) created (ID: 477) from source 'diksiyonaryo.ph'.
2025-04-04 14:18:07,728 - INFO - Word 'academy' (tl) created (ID: 478) from source 'diksiyonaryo.ph'.
2025-04-04 14:18:07,731 - INFO - Word 'acalypha' (tl) created (ID: 479) from source 'diksiyonaryo.ph'.
2025-04-04 14:18:07,735 - INFO - Word 'acanthus' (tl) created (ID: 480) from source 'diksiyonaryo.ph'.
2025-04-04 14:18:07,738 - INFO - Word 'a cappella' (tl) created (ID: 481) from source 'diksiyonaryo.ph'.
2025-04-04 14:18:07,740 - INFO - Word 'LÚGU' (tl) created (ID: 482) from source 'diksiyonaryo.ph'.
2025-04-04 14:18:07,741 - INFO - Word 'SÁYIL' (tl) created (ID: 483) from source 'diksiyonaryo.ph'.
2025-04-04 14:18:07,743 - INFO - Word 'Acapulco' (tl) created (ID: 484) from source 'diksiyonaryo.ph'.
2025-04-04 14:18:07,745 - INFO - Word 'accelerando' (tl) created (ID: 485) from source 'diksiyonaryo.ph'.
2025-04-04 14:18:07,748 - INFO - Word 'acceleration' (tl) created (ID: 486) from source 'diksiyonaryo.ph'.
2025-04-04 14:18:07,751 - INFO - Word 'accelerator' (tl) created (ID: 487) from source 'diksiyonaryo.ph'.
2025-04-04 14:18:07,756 - INFO - Word 'accelerometer' (tl) created (ID: 488) from source 'diksiyonaryo.ph'.
2025-04-04 14:18:07,760 - INFO - Word 'accent' (tl) created (ID: 489) from source 'diksiyonaryo.ph'.
2025-04-04 14:18:07,763 - INFO - Word 'access' (tl) created (ID: 490) from source 'diksiyonaryo.ph'.
2025-04-04 14:18:07,772 - INFO - Word 'accessit' (tl) created (ID: 491) from source 'diksiyonaryo.ph'.
2025-04-04 14:18:07,775 - INFO - Word 'KARANGÁLANG-BANGGÍT' (tl) created (ID: 492) from source 'diksiyonaryo.ph'.
2025-04-04 14:18:07,777 - INFO - Word 'accessory' (tl) created (ID: 493) from source 'diksiyonaryo.ph'.
2025-04-04 14:18:07,781 - INFO - Word 'KASABWÁT' (tl) created (ID: 494) from source 'diksiyonaryo.ph'.
2025-04-04 14:18:07,783 - INFO - Word 'acciacatura' (tl) created (ID: 495) from source 'diksiyonaryo.ph'.
2025-04-04 14:18:07,787 - INFO - Word 'accident' (tl) created (ID: 496) from source 'diksiyonaryo.ph'.
2025-04-04 14:18:07,791 - INFO - Word 'accommodate' (tl) created (ID: 497) from source 'diksiyonaryo.ph'.
2025-04-04 14:18:07,796 - INFO - Word 'accommodation' (tl) created (ID: 498) from source 'diksiyonaryo.ph'.
2025-04-04 14:18:07,800 - INFO - Word 'accompanist' (tl) created (ID: 499) from source 'diksiyonaryo.ph'.
2025-04-04 14:18:07,803 - INFO - Word 'accomplice' (tl) created (ID: 500) from source 'diksiyonaryo.ph'.
2025-04-04 14:18:07,805 - INFO - Word 'accord' (tl) created (ID: 501) from source 'diksiyonaryo.ph'.
2025-04-04 14:18:07,808 - INFO - Word 'accordion' (tl) created (ID: 502) from source 'diksiyonaryo.ph'.
2025-04-04 14:18:07,812 - INFO - Word 'accountancy' (tl) created (ID: 503) from source 'diksiyonaryo.ph'.
2025-04-04 14:18:07,814 - INFO - Word 'KONTADURÍYA' (tl) created (ID: 504) from source 'diksiyonaryo.ph'.
2025-04-04 14:18:07,816 - INFO - Word 'accoutre' (tl) created (ID: 505) from source 'diksiyonaryo.ph'.
2025-04-04 14:18:07,819 - INFO - Word 'accredit' (tl) created (ID: 506) from source 'diksiyonaryo.ph'.
2025-04-04 14:18:07,824 - INFO - Word 'accuse' (tl) created (ID: 507) from source 'diksiyonaryo.ph'.
2025-04-04 14:18:07,828 - INFO - Word 'AC/DC' (tl) created (ID: 508) from source 'diksiyonaryo.ph'.
2025-04-04 14:18:07,831 - INFO - Word 'ace' (tl) created (ID: 509) from source 'diksiyonaryo.ph'.
2025-04-04 14:18:07,835 - INFO - Word 'Aceldama' (tl) created (ID: 510) from source 'diksiyonaryo.ph'.
2025-04-04 14:18:07,839 - INFO - Word 'acellular' (tl) created (ID: 511) from source 'diksiyonaryo.ph'.
2025-04-04 14:18:07,842 - INFO - Word 'acephalous' (tl) created (ID: 512) from source 'diksiyonaryo.ph'.
2025-04-04 14:18:07,847 - INFO - Word 'acetabulum' (tl) created (ID: 513) from source 'diksiyonaryo.ph'.
2025-04-04 14:18:07,851 - INFO - Word 'acetal' (tl) created (ID: 514) from source 'diksiyonaryo.ph'.
2025-04-04 14:18:07,853 - INFO - Word 'DIETHYLACETAL' (tl) created (ID: 515) from source 'diksiyonaryo.ph'.
2025-04-04 14:18:07,855 - INFO - Word 'acetaldehyde' (tl) created (ID: 516) from source 'diksiyonaryo.ph'.
2025-04-04 14:18:07,859 - INFO - Word 'acetate' (tl) created (ID: 517) from source 'diksiyonaryo.ph'.
2025-04-04 14:18:07,862 - INFO - Word 'ASETÁTO' (tl) created (ID: 518) from source 'diksiyonaryo.ph'.
2025-04-04 14:18:07,863 - INFO - Word 'acetic' (tl) created (ID: 519) from source 'diksiyonaryo.ph'.
2025-04-04 14:18:07,866 - INFO - Word 'acetic acid' (tl) created (ID: 520) from source 'diksiyonaryo.ph'.
2025-04-04 14:18:07,870 - INFO - Word 'acetone' (tl) created (ID: 521) from source 'diksiyonaryo.ph'.
2025-04-04 14:18:07,872 - INFO - Word 'ÁSETÓNA' (tl) created (ID: 522) from source 'diksiyonaryo.ph'.
2025-04-04 14:18:07,873 - INFO - Word 'acetylide' (tl) created (ID: 523) from source 'diksiyonaryo.ph'.
2025-04-04 14:18:07,876 - INFO - Word 'acetylsalicylate' (tl) created (ID: 524) from source 'diksiyonaryo.ph'.
2025-04-04 14:18:07,880 - INFO - Word 'acetylsalicylic acid' (tl) created (ID: 525) from source 'diksiyonaryo.ph'.
2025-04-04 14:18:07,885 - INFO - Word 'Achaea' (tl) created (ID: 526) from source 'diksiyonaryo.ph'.
2025-04-04 14:18:07,887 - INFO - Word 'Achaean' (tl) created (ID: 527) from source 'diksiyonaryo.ph'.
2025-04-04 14:18:07,890 - INFO - Word 'achievement' (tl) created (ID: 528) from source 'diksiyonaryo.ph'.
2025-04-04 14:18:07,894 - INFO - Word 'Achilles' (tl) created (ID: 529) from source 'diksiyonaryo.ph'.
2025-04-04 14:18:07,896 - INFO - Word 'achondroplasia' (tl) created (ID: 530) from source 'diksiyonaryo.ph'.
2025-04-04 14:18:07,899 - INFO - Word 'achromatic' (tl) created (ID: 531) from source 'diksiyonaryo.ph'.
2025-04-04 14:18:07,903 - INFO - Word 'achromatize' (tl) created (ID: 532) from source 'diksiyonaryo.ph'.
2025-04-04 14:18:07,907 - INFO - Word 'acid' (tl) created (ID: 533) from source 'diksiyonaryo.ph'.
2025-04-04 14:18:07,912 - INFO - Word 'acid rain' (tl) created (ID: 534) from source 'diksiyonaryo.ph'.
2025-04-04 14:18:07,916 - INFO - Word 'acknowledgement' (tl) created (ID: 535) from source 'diksiyonaryo.ph'.
2025-04-04 14:18:07,920 - INFO - Word 'acknowledgment' (tl) created (ID: 536) from source 'diksiyonaryo.ph'.
2025-04-04 14:18:07,921 - INFO - Word 'acme' (tl) created (ID: 537) from source 'diksiyonaryo.ph'.
2025-04-04 14:18:07,924 - INFO - Word 'acorn' (tl) created (ID: 538) from source 'diksiyonaryo.ph'.
2025-04-04 14:18:07,927 - INFO - Word 'acoustic' (tl) created (ID: 539) from source 'diksiyonaryo.ph'.
2025-04-04 14:18:07,931 - INFO - Word 'AKÚSTIKÓ' (tl) created (ID: 540) from source 'diksiyonaryo.ph'.
2025-04-04 14:18:07,933 - INFO - Word 'acoustics' (tl) created (ID: 541) from source 'diksiyonaryo.ph'.
2025-04-04 14:18:07,936 - INFO - Word 'AKÚSTIKÁ' (tl) created (ID: 542) from source 'diksiyonaryo.ph'.
2025-04-04 14:18:07,937 - INFO - Word 'Acquired Immune Deficiency Syndrome' (tl) created (ID: 543) from source 'diksiyonaryo.ph'.
2025-04-04 14:18:07,940 - INFO - Word 'AIDS' (tl) created (ID: 544) from source 'diksiyonaryo.ph'.
2025-04-04 14:18:07,942 - INFO - Word 'ábra' (tl) created (ID: 545) from source 'diksiyonaryo.ph'.
2025-04-04 14:18:07,947 - INFO - Word 'Ábrahám' (tl) created (ID: 546) from source 'diksiyonaryo.ph'.
2025-04-04 14:18:07,950 - INFO - Word 'ábrakadábra' (tl) created (ID: 547) from source 'diksiyonaryo.ph'.
2025-04-04 14:18:07,954 - INFO - Word 'abrám' (tl) created (ID: 548) from source 'diksiyonaryo.ph'.
2025-04-04 14:18:07,957 - INFO - Word 'abrása' (tl) created (ID: 549) from source 'diksiyonaryo.ph'.
2025-04-04 14:18:07,960 - INFO - Word 'abrasadór' (tl) created (ID: 550) from source 'diksiyonaryo.ph'.
2025-04-04 14:18:07,962 - INFO - Word 'abrasiyéte' (tl) created (ID: 551) from source 'diksiyonaryo.ph'.
2025-04-04 14:18:07,964 - INFO - Word 'abraséte' (tl) created (ID: 552) from source 'diksiyonaryo.ph'.
2025-04-04 14:18:07,966 - INFO - Word 'abráso' (tl) created (ID: 553) from source 'diksiyonaryo.ph'.
2025-04-04 14:18:07,970 - INFO - Word 'abráw' (tl) created (ID: 554) from source 'diksiyonaryo.ph'.
2025-04-04 14:18:07,972 - INFO - Word 'abré' (tl) created (ID: 555) from source 'diksiyonaryo.ph'.
2025-04-04 14:18:07,973 - INFO - Word 'a·bre·hin' (tl) created (ID: 556) from source 'diksiyonaryo.ph'.
2025-04-04 14:18:07,975 - INFO - Word 'mag-a·bré' (tl) created (ID: 557) from source 'diksiyonaryo.ph'.
2025-04-04 14:18:07,977 - INFO - Word 'abrí .' (tl) created (ID: 558) from source 'diksiyonaryo.ph'.
2025-04-04 14:18:07,979 - INFO - Word 'abrebyádo' (tl) created (ID: 559) from source 'diksiyonaryo.ph'.
2025-04-04 14:18:07,981 - INFO - Word 'abrebyasyón' (tl) created (ID: 560) from source 'diksiyonaryo.ph'.
2025-04-04 14:18:07,985 - INFO - Word 'abrebyatúra' (tl) created (ID: 561) from source 'diksiyonaryo.ph'.
2025-04-04 14:18:07,988 - INFO - Word 'abreláta' (tl) created (ID: 562) from source 'diksiyonaryo.ph'.
2025-04-04 14:18:07,991 - INFO - Word 'ABRIDÓR' (tl) created (ID: 563) from source 'diksiyonaryo.ph'.
2025-04-04 14:18:07,992 - INFO - Word 'CAN-OPENER' (tl) created (ID: 564) from source 'diksiyonaryo.ph'.
2025-04-04 14:18:07,994 - INFO - Word 'abrí' (tl) created (ID: 565) from source 'diksiyonaryo.ph'.
2025-04-04 14:18:07,995 - INFO - Word 'a·bri·hín' (tl) created (ID: 566) from source 'diksiyonaryo.ph'.
2025-04-04 14:18:07,996 - INFO - Word 'mag-a·brí' (tl) created (ID: 567) from source 'diksiyonaryo.ph'.
2025-04-04 14:18:08,001 - INFO - Word 'abrigána' (tl) created (ID: 568) from source 'diksiyonaryo.ph'.
2025-04-04 14:18:08,004 - INFO - Word 'abrigáwo' (tl) created (ID: 569) from source 'diksiyonaryo.ph'.
2025-04-04 14:18:08,007 - INFO - Word 'abrígo' (tl) created (ID: 570) from source 'diksiyonaryo.ph'.
2025-04-04 14:18:08,011 - INFO - Word 'Abríl' (tl) created (ID: 571) from source 'diksiyonaryo.ph'.
2025-04-04 14:18:08,014 - INFO - Word 'APRIL' (tl) created (ID: 572) from source 'diksiyonaryo.ph'.
2025-04-04 14:18:08,016 - INFO - Word 'abroad' (tl) created (ID: 573) from source 'diksiyonaryo.ph'.
2025-04-04 14:18:08,019 - INFO - Word 'abrodísta' (tl) created (ID: 574) from source 'diksiyonaryo.ph'.
2025-04-04 14:18:08,022 - INFO - Word 'OVERSEAS CONTRACT WORKER' (tl) created (ID: 575) from source 'diksiyonaryo.ph'.
2025-04-04 14:18:08,024 - INFO - Word 'abrótanó' (tl) created (ID: 576) from source 'diksiyonaryo.ph'.
2025-04-04 14:18:08,027 - INFO - Word 'abrupt' (tl) created (ID: 577) from source 'diksiyonaryo.ph'.
2025-04-04 14:18:08,029 - INFO - Word 'absám' (tl) created (ID: 578) from source 'diksiyonaryo.ph'.
2025-04-04 14:18:08,030 - INFO - Word 'i·ab·sám' (tl) created (ID: 579) from source 'diksiyonaryo.ph'.
2025-04-04 14:18:08,032 - INFO - Word 'mag-ab·sám' (tl) created (ID: 580) from source 'diksiyonaryo.ph'.
2025-04-04 14:18:08,035 - INFO - Word 'abscess' (tl) created (ID: 581) from source 'diksiyonaryo.ph'.
2025-04-04 14:18:08,038 - INFO - Word 'abscissa' (tl) created (ID: 582) from source 'diksiyonaryo.ph'.
2025-04-04 14:18:08,040 - INFO - Word 'abscissic acid' (tl) created (ID: 583) from source 'diksiyonaryo.ph'.
2025-04-04 14:18:08,043 - INFO - Word 'ábsent' (tl) created (ID: 584) from source 'diksiyonaryo.ph'.
2025-04-04 14:18:08,046 - INFO - Word 'AWSÉNTE' (tl) created (ID: 585) from source 'diksiyonaryo.ph'.
2025-04-04 14:18:08,047 - INFO - Word 'HUWÁT' (tl) created (ID: 586) from source 'diksiyonaryo.ph'.
2025-04-04 14:18:08,053 - INFO - Word 'absentísmo' (tl) created (ID: 587) from source 'diksiyonaryo.ph'.
2025-04-04 14:18:08,056 - INFO - Word 'absent-minded' (tl) created (ID: 588) from source 'diksiyonaryo.ph'.
2025-04-04 14:18:08,059 - INFO - Word 'absent without official leave' (tl) created (ID: 589) from source 'diksiyonaryo.ph'.
2025-04-04 14:18:08,062 - INFO - Word 'AWOL' (tl) created (ID: 590) from source 'diksiyonaryo.ph'.
2025-04-04 14:18:08,063 - INFO - Word 'abséso' (tl) created (ID: 591) from source 'diksiyonaryo.ph'.
2025-04-04 14:18:08,066 - INFO - Word 'MAGÂ' (tl) created (ID: 592) from source 'diksiyonaryo.ph'.
2025-04-04 14:18:08,068 - INFO - Word 'PIGSÁ' (tl) created (ID: 593) from source 'diksiyonaryo.ph'.
2025-04-04 14:18:08,070 - INFO - Word 'absî' (tl) created (ID: 594) from source 'diksiyonaryo.ph'.
2025-04-04 14:18:08,072 - INFO - Word 'absík' (tl) created (ID: 595) from source 'diksiyonaryo.ph'.
2025-04-04 14:18:08,074 - INFO - Word 'ab·si·kán' (tl) created (ID: 596) from source 'diksiyonaryo.ph'.
2025-04-04 14:18:08,075 - INFO - Word 'i·ab·sík' (tl) created (ID: 597) from source 'diksiyonaryo.ph'.
2025-04-04 14:18:08,077 - INFO - Word 'mag-ab·sík' (tl) created (ID: 598) from source 'diksiyonaryo.ph'.
2025-04-04 14:18:08,079 - INFO - Word 'u·mab·sík' (tl) created (ID: 599) from source 'diksiyonaryo.ph'.
2025-04-04 14:18:08,084 - INFO - Word 'absíng' (tl) created (ID: 600) from source 'diksiyonaryo.ph'.
2025-04-04 14:18:08,086 - INFO - Word 'absinth' (tl) created (ID: 601) from source 'diksiyonaryo.ph'.
2025-04-04 14:18:08,090 - INFO - Word 'absíntiyó' (tl) created (ID: 602) from source 'diksiyonaryo.ph'.
2025-04-04 14:18:08,093 - INFO - Word 'absisyón' (tl) created (ID: 603) from source 'diksiyonaryo.ph'.
2025-04-04 14:18:08,096 - INFO - Word 'Ábsit ómen!' (tl) created (ID: 604) from source 'diksiyonaryo.ph'.
2025-04-04 14:18:08,101 - INFO - Word 'absolusyón' (tl) created (ID: 605) from source 'diksiyonaryo.ph'.
2025-04-04 14:18:08,104 - INFO - Word 'absolute' (tl) created (ID: 606) from source 'diksiyonaryo.ph'.
2025-04-04 14:18:08,106 - INFO - Word 'absolutism' (tl) created (ID: 607) from source 'diksiyonaryo.ph'.
2025-04-04 14:18:08,109 - INFO - Word 'absolutísmo' (tl) created (ID: 608) from source 'diksiyonaryo.ph'.
2025-04-04 14:18:08,115 - INFO - Word 'absolutísta' (tl) created (ID: 609) from source 'diksiyonaryo.ph'.
2025-04-04 14:18:08,117 - INFO - Word 'absolúto' (tl) created (ID: 610) from source 'diksiyonaryo.ph'.
2025-04-04 14:18:08,120 - INFO - Word 'GANÁP' (tl) created (ID: 611) from source 'diksiyonaryo.ph'.
2025-04-04 14:18:08,121 - INFO - Word 'absórb' (tl) created (ID: 612) from source 'diksiyonaryo.ph'.
2025-04-04 14:18:08,123 - INFO - Word 'ab·sór·bin' (tl) created (ID: 613) from source 'diksiyonaryo.ph'.
2025-04-04 14:18:08,124 - INFO - Word 'i·ab·sórb' (tl) created (ID: 614) from source 'diksiyonaryo.ph'.
2025-04-04 14:18:08,126 - INFO - Word 'mag-ab·sórb' (tl) created (ID: 615) from source 'diksiyonaryo.ph'.
2025-04-04 14:18:08,132 - INFO - Word 'absórbent' (tl) created (ID: 616) from source 'diksiyonaryo.ph'.
2025-04-04 14:18:08,134 - INFO - Word 'absorbénte' (tl) created (ID: 617) from source 'diksiyonaryo.ph'.
2025-04-04 14:18:08,137 - INFO - Word 'absorsiyón' (tl) created (ID: 618) from source 'diksiyonaryo.ph'.
2025-04-04 14:18:08,142 - INFO - Word 'abstain' (tl) created (ID: 619) from source 'diksiyonaryo.ph'.
2025-04-04 14:18:08,145 - INFO - Word 'abstensiyón' (tl) created (ID: 620) from source 'diksiyonaryo.ph'.
2025-04-04 14:18:08,148 - INFO - Word 'abstinence' (tl) created (ID: 621) from source 'diksiyonaryo.ph'.
2025-04-04 14:18:08,151 - INFO - Word 'abstinénsiyá' (tl) created (ID: 622) from source 'diksiyonaryo.ph'.
2025-04-04 14:18:08,153 - INFO - Word 'abstract noun' (tl) created (ID: 623) from source 'diksiyonaryo.ph'.
2025-04-04 14:18:08,156 - INFO - Word 'ábstrak' (tl) created (ID: 624) from source 'diksiyonaryo.ph'.
2025-04-04 14:18:08,158 - INFO - Word 'ABSTRÁKTO' (tl) created (ID: 625) from source 'diksiyonaryo.ph'.
2025-04-04 14:18:08,160 - INFO - Word 'BÁSAL' (tl) created (ID: 626) from source 'diksiyonaryo.ph'.
2025-04-04 14:18:08,165 - INFO - Word 'absúrd' (tl) created (ID: 627) from source 'diksiyonaryo.ph'.
2025-04-04 14:18:08,167 - INFO - Word 'absúrdo' (tl) created (ID: 628) from source 'diksiyonaryo.ph'.
2025-04-04 14:18:08,170 - INFO - Word 'absuwélto' (tl) created (ID: 629) from source 'diksiyonaryo.ph'.
2025-04-04 14:18:08,173 - INFO - Word 'ábtik' (tl) created (ID: 630) from source 'diksiyonaryo.ph'.
2025-04-04 14:18:08,176 - INFO - Word 'abú' (tl) created (ID: 631) from source 'diksiyonaryo.ph'.
2025-04-04 14:18:08,178 - INFO - Word 'abuáb' (tl) created (ID: 632) from source 'diksiyonaryo.ph'.
2025-04-04 14:18:08,181 - INFO - Word 'DITÂ' (tl) created (ID: 633) from source 'diksiyonaryo.ph'.
2025-04-04 14:18:08,189 - INFO - Word 'abúabó' (tl) created (ID: 634) from source 'diksiyonaryo.ph'.
2025-04-04 14:18:08,191 - INFO - Word 'a·bú·a·bu·án' (tl) created (ID: 635) from source 'diksiyonaryo.ph'.
2025-04-04 14:18:08,192 - INFO - Word 'i·a·bú·a·bó' (tl) created (ID: 636) from source 'diksiyonaryo.ph'.
2025-04-04 14:18:08,193 - INFO - Word 'mag-a·bú·a·bó' (tl) created (ID: 637) from source 'diksiyonaryo.ph'.
2025-04-04 14:18:08,197 - INFO - Word 'abúbho' (tl) created (ID: 638) from source 'diksiyonaryo.ph'.
2025-04-04 14:18:08,199 - INFO - Word 'abúbo' (tl) created (ID: 639) from source 'diksiyonaryo.ph'.
2025-04-04 14:18:08,204 - INFO - Word 'abúbor' (tl) created (ID: 640) from source 'diksiyonaryo.ph'.
2025-04-04 14:18:08,211 - INFO - Word 'BAKÚKUT' (tl) created (ID: 641) from source 'diksiyonaryo.ph'.
2025-04-04 14:18:08,213 - INFO - Word 'KALANDRÁKAS' (tl) created (ID: 642) from source 'diksiyonaryo.ph'.
2025-04-04 14:18:08,214 - INFO - Word 'DALÁ-DALÁHAN' (tl) created (ID: 643) from source 'diksiyonaryo.ph'.
2025-04-04 14:18:08,216 - INFO - Word 'GAGÁOT' (tl) created (ID: 644) from source 'diksiyonaryo.ph'.
2025-04-04 14:18:08,218 - INFO - Word 'ábud' (tl) created (ID: 645) from source 'diksiyonaryo.ph'.
2025-04-04 14:18:08,220 - INFO - Word 'abúgong' (tl) created (ID: 646) from source 'diksiyonaryo.ph'.
2025-04-04 14:18:08,223 - INFO - Word 'abúhin' (tl) created (ID: 647) from source 'diksiyonaryo.ph'.
2025-04-04 14:18:08,226 - INFO - Word 'MALAMÁYA' (tl) created (ID: 648) from source 'diksiyonaryo.ph'.
2025-04-04 14:18:08,227 - INFO - Word 'SENISÁDO' (tl) created (ID: 649) from source 'diksiyonaryo.ph'.
2025-04-04 14:18:08,229 - INFO - Word 'abukánin' (tl) created (ID: 650) from source 'diksiyonaryo.ph'.
2025-04-04 14:18:08,231 - INFO - Word 'abukáy' (tl) created (ID: 651) from source 'diksiyonaryo.ph'.
2025-04-04 14:18:08,236 - INFO - Word 'BULILÍSING' (tl) created (ID: 652) from source 'diksiyonaryo.ph'.
2025-04-04 14:18:08,238 - INFO - Word 'KALÁNGAY' (tl) created (ID: 653) from source 'diksiyonaryo.ph'.
2025-04-04 14:18:08,239 - INFO - Word 'KATALÀ' (tl) created (ID: 654) from source 'diksiyonaryo.ph'.
2025-04-04 14:18:08,240 - INFO - Word 'PHILIPPINE COCKATOO' (tl) created (ID: 655) from source 'diksiyonaryo.ph'.
2025-04-04 14:18:08,242 - INFO - Word 'abukót' (tl) created (ID: 656) from source 'diksiyonaryo.ph'.
2025-04-04 14:18:08,244 - INFO - Word 'ábul' (tl) created (ID: 657) from source 'diksiyonaryo.ph'.
2025-04-04 14:18:08,247 - INFO - Word 'abuládo' (tl) created (ID: 658) from source 'diksiyonaryo.ph'.
2025-04-04 14:18:08,249 - INFO - Word 'abulóg' (tl) created (ID: 659) from source 'diksiyonaryo.ph'.
2025-04-04 14:18:08,258 - INFO - Word 'abulók' (tl) created (ID: 660) from source 'diksiyonaryo.ph'.
2025-04-04 14:18:08,265 - INFO - Word 'abúlong' (tl) created (ID: 661) from source 'diksiyonaryo.ph'.
2025-04-04 14:18:08,268 - INFO - Word 'abúloy' (tl) created (ID: 662) from source 'diksiyonaryo.ph'.
2025-04-04 14:18:08,274 - INFO - Word 'abúlud' (tl) created (ID: 663) from source 'diksiyonaryo.ph'.
2025-04-04 14:18:08,277 - INFO - Word 'ábuluyán' (tl) created (ID: 664) from source 'diksiyonaryo.ph'.
2025-04-04 14:18:08,280 - INFO - Word 'AMBÁGAN' (tl) created (ID: 665) from source 'diksiyonaryo.ph'.
2025-04-04 14:18:08,281 - INFO - Word 'BUTÁWAN' (tl) created (ID: 666) from source 'diksiyonaryo.ph'.
2025-04-04 14:18:08,283 - INFO - Word 'abúnda' (tl) created (ID: 667) from source 'diksiyonaryo.ph'.
2025-04-04 14:18:08,286 - INFO - Word 'abundance' (tl) created (ID: 668) from source 'diksiyonaryo.ph'.
2025-04-04 14:18:08,288 - INFO - Word 'abundánsiyá' (tl) created (ID: 669) from source 'diksiyonaryo.ph'.
2025-04-04 14:18:08,291 - INFO - Word 'abúndant' (tl) created (ID: 670) from source 'diksiyonaryo.ph'.
2025-04-04 14:18:08,293 - INFO - Word 'abundánte' (tl) created (ID: 671) from source 'diksiyonaryo.ph'.
2025-04-04 14:18:08,297 - INFO - Word 'abúngal' (tl) created (ID: 672) from source 'diksiyonaryo.ph'.
2025-04-04 14:18:08,299 - INFO - Word 'abúngaw' (tl) created (ID: 673) from source 'diksiyonaryo.ph'.
2025-04-04 14:18:08,302 - INFO - Word 'abunkolókal' (tl) created (ID: 674) from source 'diksiyonaryo.ph'.
2025-04-04 14:18:08,306 - INFO - Word 'adíng' (tl) created (ID: 675) from source 'diksiyonaryo.ph'.
2025-04-04 14:18:08,310 - INFO - Word 'NENÈ' (tl) created (ID: 676) from source 'diksiyonaryo.ph'.
2025-04-04 14:18:08,311 - INFO - Word 'TÓTOY' (tl) created (ID: 677) from source 'diksiyonaryo.ph'.
2025-04-04 14:18:08,313 - INFO - Word 'adín kaíla' (tl) created (ID: 678) from source 'diksiyonaryo.ph'.
2025-04-04 14:18:08,315 - INFO - Word 'adíno' (tl) created (ID: 679) from source 'diksiyonaryo.ph'.
2025-04-04 14:18:08,318 - INFO - Word 'ad ínterím' (tl) created (ID: 680) from source 'diksiyonaryo.ph'.
2025-04-04 14:18:08,320 - INFO - Word 'adípen' (tl) created (ID: 681) from source 'diksiyonaryo.ph'.
2025-04-04 14:18:08,322 - INFO - Word 'adisyón' (tl) created (ID: 682) from source 'diksiyonaryo.ph'.
2025-04-04 14:18:08,325 - INFO - Word 'ADDITION' (tl) created (ID: 683) from source 'diksiyonaryo.ph'.
2025-04-04 14:18:08,329 - INFO - Word 'adisyonál' (tl) created (ID: 684) from source 'diksiyonaryo.ph'.
2025-04-04 14:18:08,331 - INFO - Word 'ádit' (tl) created (ID: 685) from source 'diksiyonaryo.ph'.
2025-04-04 14:18:08,335 - INFO - Word 'aditíbo' (tl) created (ID: 686) from source 'diksiyonaryo.ph'.
2025-04-04 14:18:08,338 - INFO - Word 'adíwas' (tl) created (ID: 687) from source 'diksiyonaryo.ph'.
2025-04-04 14:18:08,340 - INFO - Word 'i·a·dí·was' (tl) created (ID: 688) from source 'diksiyonaryo.ph'.
2025-04-04 14:18:08,341 - INFO - Word 'mag-a·dí· was' (tl) created (ID: 689) from source 'diksiyonaryo.ph'.
2025-04-04 14:18:08,342 - INFO - Word 'u·ma·dí·was' (tl) created (ID: 690) from source 'diksiyonaryo.ph'.
2025-04-04 14:18:08,345 - INFO - Word 'adiyá' (tl) created (ID: 691) from source 'diksiyonaryo.ph'.
2025-04-04 14:18:08,347 - INFO - Word 'i·a·di·yá' (tl) created (ID: 692) from source 'diksiyonaryo.ph'.
2025-04-04 14:18:08,348 - INFO - Word 'i·pag-a·di·yá' (tl) created (ID: 693) from source 'diksiyonaryo.ph'.
2025-04-04 14:18:08,349 - INFO - Word 'mag-a·di·yá' (tl) created (ID: 694) from source 'diksiyonaryo.ph'.
2025-04-04 14:18:08,351 - INFO - Word 'adyâ' (tl) created (ID: 695) from source 'diksiyonaryo.ph'.
2025-04-04 14:18:08,355 - INFO - Word 'adíyadí' (tl) created (ID: 696) from source 'diksiyonaryo.ph'.
2025-04-04 14:18:08,358 - INFO - Word 'adiyó' (tl) created (ID: 697) from source 'diksiyonaryo.ph'.
2025-04-04 14:18:08,361 - INFO - Word 'adiyós' (tl) created (ID: 698) from source 'diksiyonaryo.ph'.
2025-04-04 14:18:08,363 - INFO - Word 'Adiyós!' (tl) created (ID: 699) from source 'diksiyonaryo.ph'.
2025-04-04 14:18:08,365 - INFO - Word 'adjacent' (tl) created (ID: 700) from source 'diksiyonaryo.ph'.
2025-04-04 14:18:08,368 - INFO - Word 'adjective' (tl) created (ID: 701) from source 'diksiyonaryo.ph'.
2025-04-04 14:18:08,371 - INFO - Word 'adjourn' (tl) created (ID: 702) from source 'diksiyonaryo.ph'.
2025-04-04 14:18:08,374 - INFO - Word 'adjutant' (tl) created (ID: 703) from source 'diksiyonaryo.ph'.
2025-04-04 14:18:08,378 - INFO - Word 'adkisisyón' (tl) created (ID: 704) from source 'diksiyonaryo.ph'.
2025-04-04 14:18:08,380 - INFO - Word 'ACQUISITION' (tl) created (ID: 705) from source 'diksiyonaryo.ph'.
2025-04-04 14:18:08,383 - INFO - Word 'adláw' (tl) created (ID: 706) from source 'diksiyonaryo.ph'.
2025-04-04 14:18:08,387 - INFO - Word 'adláwon' (tl) created (ID: 707) from source 'diksiyonaryo.ph'.
2025-04-04 14:18:08,390 - INFO - Word 'adláy' (tl) created (ID: 708) from source 'diksiyonaryo.ph'.
2025-04-04 14:18:08,394 - INFO - Word 'ádlib' (tl) created (ID: 709) from source 'diksiyonaryo.ph'.
2025-04-04 14:18:08,396 - INFO - Word 'ad líbitúm' (tl) created (ID: 710) from source 'diksiyonaryo.ph'.
2025-04-04 14:18:08,400 - INFO - Word 'ádlip' (tl) created (ID: 711) from source 'diksiyonaryo.ph'.
2025-04-04 14:18:08,404 - INFO - Finished processing diksiyonaryo.ph
2025-04-04 14:18:08,404 - INFO -   Total entries in file: 65336
2025-04-04 14:18:08,404 - INFO -   Processed successfully: 510
2025-04-04 14:18:08,404 - INFO -   Skipped (invalid/empty): 0
2025-04-04 14:18:08,404 - INFO -   Errors during processing: 0
2025-04-04 14:18:08,404 - INFO -   Definitions added/updated: 702
2025-04-04 14:18:08,405 - INFO -   Pronunciations added/updated: 635
2025-04-04 14:18:08,405 - INFO -   Etymologies added/updated: 468
2025-04-04 14:18:08,405 - INFO -   Total relations added/updated: 320
2025-04-04 14:18:08,405 - INFO -     (Deriv: 66, Syn: 186, Var: 16, Ref: 52)
2025-04-04 14:18:08,406 - INFO -   Baybayin forms added/updated: 0
2025-04-04 14:18:08,406 - INFO -   Affixations added/updated: 0
2025-04-04 14:18:08,407 - WARNING - Error closing connection: set_session cannot be used inside a transaction
