2025-01-18 17:21:03,664 - INFO - Starting fresh data migration
2025-01-18 17:21:03,665 - INFO - Attempting database connection...
2025-01-18 17:21:03,665 - INFO - Database configuration:
2025-01-18 17:21:03,665 - INFO -   Database Name: fil_dict_db
2025-01-18 17:21:03,665 - INFO -   User: postgres
2025-01-18 17:21:03,666 - INFO -   Host: localhost
2025-01-18 17:21:03,666 - INFO -   Password: ********
2025-01-18 17:21:03,699 - INFO - Successfully established database connection
2025-01-18 17:21:03,729 - INFO - Starting table creation/update process.
2025-01-18 17:21:03,820 - INFO - Tables created or updated successfully.
2025-01-18 17:21:03,821 - INFO - Processing Tagalog words
2025-01-18 17:21:03,821 - INFO - Starting to process Tagalog words file: data/tagalog-words.json
2025-01-18 17:21:03,821 - INFO - Using source identifier: tagalog-words.json
2025-01-18 17:21:03,971 - INFO - Successfully loaded JSON data with 65328 entries
2025-01-18 17:22:30,679 - INFO - Completed processing Tagalog words file: data/tagalog-words.json
2025-01-18 17:22:30,692 - INFO - Processing Root words
2025-01-18 17:22:30,692 - INFO - Starting to process Root Words file: data/root_words_with_associated_words_cleaned.json
2025-01-18 17:22:30,692 - INFO - Using source identifier: root_words_with_associated_words_cleaned.json
2025-01-18 17:22:30,706 - INFO - Successfully loaded JSON data with 2238 entries
2025-01-18 17:22:50,386 - INFO - Completed processing Root Words file: data/root_words_with_associated_words_cleaned.json
2025-01-18 17:22:50,389 - INFO - Processing KWF Dictionary
2025-01-18 17:22:50,389 - INFO - Starting to process KWF Dictionary: data/kwf_dictionary.json
2025-01-18 17:22:50,390 - INFO - Using source identifier: kwf_dictionary.json
2025-01-18 17:22:50,700 - INFO - Successfully loaded KWF data with 30734 entries
2025-01-18 17:23:51,888 - INFO - Completed processing KWF Dictionary
2025-01-18 17:23:51,908 - INFO - Processing Kaikki (Tagalog)
2025-01-18 17:23:51,909 - INFO - Starting to process Kaikki file: data/kaikki.jsonl
2025-01-18 17:24:46,414 - INFO - Processing Kaikki (Cebuano)
2025-01-18 17:24:46,414 - INFO - Starting to process Kaikki file: data/kaikki-ceb.jsonl
2025-01-18 17:25:10,779 - WARNING - Found 185 Baybayin forms with multiple entries
2025-01-18 17:25:10,780 - WARNING - Baybayin form ᜀᜂᜈᜓ appears 2 times
2025-01-18 17:25:10,780 - WARNING - Baybayin form ᜀᜃᜓᜇ᜔ᜇᜒᜌᜓᜈᜒᜐ᜔ᜆ appears 2 times
2025-01-18 17:25:10,780 - WARNING - Baybayin form ᜀᜃᜓᜇ᜔ᜇ᜔ᜌᜓᜈᜒᜐ᜔ᜆ appears 2 times
2025-01-18 17:25:10,781 - WARNING - Baybayin form ᜀᜃᜓᜇ᜔ᜇ᜔ᜌᜓᜈ᜔ appears 2 times
2025-01-18 17:25:10,781 - WARNING - Baybayin form ᜀᜃ᜔ᜐ᜔ᜌᜓᜈᜒᜐ᜔ᜆ appears 2 times
2025-01-18 17:25:10,781 - WARNING - Baybayin form ᜀᜄᜓᜑᜓ appears 2 times
2025-01-18 17:25:10,781 - WARNING - Baybayin form ᜀᜆ᜔ᜇᜒᜊᜒᜇ appears 2 times
2025-01-18 17:25:10,781 - WARNING - Baybayin form ᜀᜇ᜔ᜌᜓᜎ appears 2 times
2025-01-18 17:25:10,782 - WARNING - Baybayin form ᜀᜈᜐ᜔ᜆᜐ᜔ᜌ appears 2 times
2025-01-18 17:25:10,782 - WARNING - Baybayin form ᜀᜈ᜔ᜆ᜔ᜐ appears 2 times
2025-01-18 17:25:10,782 - WARNING - Baybayin form ᜀᜊᜒᜎᜏ᜔ appears 2 times
2025-01-18 17:25:10,782 - WARNING - Baybayin form ᜀᜊᜓᜎᜒ appears 2 times
2025-01-18 17:25:10,782 - WARNING - Baybayin form ᜀᜎ ᜁ appears 2 times
2025-01-18 17:25:10,782 - WARNING - Baybayin form ᜀᜎᜑᜒᜊᜒ appears 2 times
2025-01-18 17:25:10,782 - WARNING - Baybayin form ᜀᜎᜒᜊᜓᜆ᜔ᜇᜈ᜔ appears 2 times
2025-01-18 17:25:10,783 - WARNING - Baybayin form ᜀᜏ᜔ᜐ᜔ᜆ᜔ᜇᜎ᜔ᜌ appears 2 times
2025-01-18 17:25:10,783 - WARNING - Baybayin form ᜀᜏ᜔ᜐ᜔ᜆ᜔ᜇᜒᜌ appears 2 times
2025-01-18 17:25:10,783 - WARNING - Baybayin form ᜀᜏ᜔ᜐ᜔ᜆ᜔ᜇᜒᜌᜂᜅ᜔ᜄ᜔ᜇᜒᜌ appears 2 times
2025-01-18 17:25:10,783 - WARNING - Baybayin form ᜀᜐᜁᜐ᜔ appears 2 times
2025-01-18 17:25:10,783 - WARNING - Baybayin form ᜀᜐᜌ᜔ᜈ᜔ᜋᜒᜈ᜔ᜆ᜔ appears 2 times
2025-01-18 17:25:10,783 - WARNING - Baybayin form ᜀᜐᜒᜁᜐ᜔ appears 2 times
2025-01-18 17:25:10,783 - WARNING - Baybayin form ᜁᜆᜓᜇᜎ᜔ᜇᜒ appears 2 times
2025-01-18 17:25:10,783 - WARNING - Baybayin form ᜁᜈ᜔ᜌᜒᜄᜒᜐ᜔ appears 2 times
2025-01-18 17:25:10,783 - WARNING - Baybayin form ᜁᜉᜓᜁᜉᜓ appears 2 times
2025-01-18 17:25:10,783 - WARNING - Baybayin form ᜁᜊᜅ᜔ᜐᜒᜎ᜔ᜌᜓ appears 2 times
2025-01-18 17:25:10,784 - WARNING - Baybayin form ᜁᜊᜈ᜔ᜌᜒᜐ᜔ appears 2 times
2025-01-18 17:25:10,784 - WARNING - Baybayin form ᜁᜎᜒᜐᜒ appears 2 times
2025-01-18 17:25:10,784 - WARNING - Baybayin form ᜁᜎᜒᜑᜈ᜔ appears 2 times
2025-01-18 17:25:10,784 - WARNING - Baybayin form ᜁᜐ᜔ᜃᜓᜊᜒᜇᜓ appears 2 times
2025-01-18 17:25:10,784 - WARNING - Baybayin form ᜁᜐ᜔ᜆᜎᜉᜆ appears 2 times
2025-01-18 17:25:10,784 - WARNING - Baybayin form ᜁᜐ᜔ᜆᜒᜇᜒᜇ appears 3 times
2025-01-18 17:25:10,784 - WARNING - Baybayin form ᜁᜐ᜔ᜉᜒᜈᜓᜐ appears 2 times
2025-01-18 17:25:10,784 - WARNING - Baybayin form ᜁᜐ᜔ᜉᜒᜌ᜔ᜇ᜔ appears 2 times
2025-01-18 17:25:10,784 - WARNING - Baybayin form ᜁᜐ᜔ᜎᜓᜊᜒᜈ᜔ᜌ appears 2 times
2025-01-18 17:25:10,784 - WARNING - Baybayin form ᜂᜅ᜔ᜄ᜔ᜇᜒᜌ appears 2 times
2025-01-18 17:25:10,785 - WARNING - Baybayin form ᜂᜆᜈᜒ appears 2 times
2025-01-18 17:25:10,785 - WARNING - Baybayin form ᜂᜆ᜔ᜐᜓ appears 2 times
2025-01-18 17:25:10,785 - WARNING - Baybayin form ᜃᜆᜓᜎᜓᜈᜈ᜔ appears 2 times
2025-01-18 17:25:10,785 - WARNING - Baybayin form ᜃᜆ᜔ᜐᜃᜑᜈ᜔ appears 2 times
2025-01-18 17:25:10,785 - WARNING - Baybayin form ᜃᜇᜒᜎ᜔ᜌᜓ appears 2 times
2025-01-18 17:25:10,785 - WARNING - Baybayin form ᜃᜈ᜔ᜌᜒᜇᜓ appears 2 times
2025-01-18 17:25:10,785 - WARNING - Baybayin form ᜃᜉᜄ᜔ ᜊᜒᜈᜆᜓ ᜃ ᜈᜅ᜔ ᜊᜆᜓ ᜵ ᜊᜆᜓᜑᜒᜈ᜔ ᜋᜓ ᜈᜅ᜔ ᜆᜒᜈᜉᜌ᜔ appears 2 times
2025-01-18 17:25:10,785 - WARNING - Baybayin form ᜃᜊᜒᜎᜒᜅ᜔ appears 2 times
2025-01-18 17:25:10,785 - WARNING - Baybayin form ᜃᜊᜓᜆᜒ appears 2 times
2025-01-18 17:25:10,785 - WARNING - Baybayin form ᜃᜋᜒ appears 2 times
2025-01-18 17:25:10,785 - WARNING - Baybayin form ᜃᜒᜆᜓᜅᜈ᜔ appears 2 times
2025-01-18 17:25:10,786 - WARNING - Baybayin form ᜃᜒᜇᜒ appears 2 times
2025-01-18 17:25:10,786 - WARNING - Baybayin form ᜃᜒᜌᜋᜓᜌ᜔ appears 2 times
2025-01-18 17:25:10,786 - WARNING - Baybayin form ᜃᜒᜌᜓᜅ᜔ ᜑᜒ ᜑᜓᜏᜆ᜔ ᜆ᜔ᜐᜌ᜔ appears 2 times
2025-01-18 17:25:10,786 - WARNING - Baybayin form ᜃᜒᜎᜒᜃᜒᜎᜒ appears 2 times
2025-01-18 17:25:10,786 - WARNING - Baybayin form ᜃᜓ appears 3 times
2025-01-18 17:25:10,786 - WARNING - Baybayin form ᜃᜓᜇ appears 2 times
2025-01-18 17:25:10,786 - WARNING - Baybayin form ᜃᜓᜇ᜔ᜉᜓᜐ᜔ appears 2 times
2025-01-18 17:25:10,786 - WARNING - Baybayin form ᜃᜓᜈᜒᜃ᜔ᜐ᜔ᜌᜓᜈ᜔ appears 2 times
2025-01-18 17:25:10,786 - WARNING - Baybayin form ᜃᜓᜈ᜔ᜆ᜔ᜐᜊ appears 2 times
2025-01-18 17:25:10,787 - WARNING - Baybayin form ᜃᜓᜈ᜔ᜆ᜔ᜐᜊᜑᜈ᜔ appears 2 times
2025-01-18 17:25:10,787 - WARNING - Baybayin form ᜃᜓᜉᜓᜅ᜔ appears 2 times
2025-01-18 17:25:10,787 - WARNING - Baybayin form ᜃᜓᜋᜒᜈ᜔ᜆᜓ appears 2 times
2025-01-18 17:25:10,787 - WARNING - Baybayin form ᜃᜓᜋ᜔ᜉ᜔ᜇᜒᜈ᜔ᜐᜒᜊᜓ appears 2 times
2025-01-18 17:25:10,787 - WARNING - Baybayin form ᜃᜓᜏ appears 3 times
2025-01-18 17:25:10,788 - WARNING - Baybayin form ᜃᜓᜏᜓᜌ᜔ᜈ᜔ appears 2 times
2025-01-18 17:25:10,788 - WARNING - Baybayin form ᜃ᜔ᜎᜒᜊᜒ appears 2 times
2025-01-18 17:25:10,788 - WARNING - Baybayin form ᜄᜊ᜔ᜁ appears 2 times
2025-01-18 17:25:10,789 - WARNING - Baybayin form ᜄᜒᜊᜇ appears 2 times
2025-01-18 17:25:10,789 - WARNING - Baybayin form ᜆᜐ᜔ appears 2 times
2025-01-18 17:25:10,790 - WARNING - Baybayin form ᜆᜒᜃ᜔ᜐᜓᜈ᜔ appears 2 times
2025-01-18 17:25:10,790 - WARNING - Baybayin form ᜆᜒᜌᜓᜇᜒᜐᜒᜌ appears 2 times
2025-01-18 17:25:10,790 - WARNING - Baybayin form ᜆᜒᜌᜓᜊᜒᜊᜓ appears 2 times
2025-01-18 17:25:10,791 - WARNING - Baybayin form ᜆᜒᜑᜒᜇᜐ᜔ appears 2 times
2025-01-18 17:25:10,791 - WARNING - Baybayin form ᜆᜓᜇᜎ᜔ᜊ appears 2 times
2025-01-18 17:25:10,791 - WARNING - Baybayin form ᜆ᜔ᜇᜈ᜔ᜐ᜔ᜎᜐ᜔ᜌᜓᜈ᜔ appears 2 times
2025-01-18 17:25:10,791 - WARNING - Baybayin form ᜆ᜔ᜐᜅ᜔ appears 2 times
2025-01-18 17:25:10,792 - WARNING - Baybayin form ᜆ᜔ᜐᜋᜒ appears 2 times
2025-01-18 17:25:10,792 - WARNING - Baybayin form ᜆ᜔ᜐᜒ appears 3 times
2025-01-18 17:25:10,792 - WARNING - Baybayin form ᜆ᜔ᜐᜒᜃᜒᜈᜒᜈᜒ appears 2 times
2025-01-18 17:25:10,792 - WARNING - Baybayin form ᜆ᜔ᜐᜒᜃᜓ appears 3 times
2025-01-18 17:25:10,792 - WARNING - Baybayin form ᜆ᜔ᜐᜒᜃ᜔ᜊᜓᜌ᜔ appears 2 times
2025-01-18 17:25:10,793 - WARNING - Baybayin form ᜆ᜔ᜐᜓ appears 2 times
2025-01-18 17:25:10,793 - WARNING - Baybayin form ᜆ᜔ᜐᜓᜋᜃ appears 2 times
2025-01-18 17:25:10,793 - WARNING - Baybayin form ᜆ᜔ᜐᜓᜎ appears 2 times
2025-01-18 17:25:10,793 - WARNING - Baybayin form ᜇᜇᜀᜈ᜔ appears 2 times
2025-01-18 17:25:10,793 - WARNING - Baybayin form ᜇᜒ appears 2 times
2025-01-18 17:25:10,794 - WARNING - Baybayin form ᜇᜒᜃᜇ ᜐᜒᜐᜒᜈ᜔ᜆ appears 2 times
2025-01-18 17:25:10,794 - WARNING - Baybayin form ᜇᜒᜃ᜔ᜐ᜔ᜌᜓᜈᜇ᜔ᜌᜓ appears 2 times
2025-01-18 17:25:10,794 - WARNING - Baybayin form ᜇᜒᜈᜒ appears 2 times
2025-01-18 17:25:10,794 - WARNING - Baybayin form ᜇᜒᜉ᜔ᜎᜌᜈ᜔ appears 2 times
2025-01-18 17:25:10,794 - WARNING - Baybayin form ᜇᜒᜊ᜔ᜌᜓ appears 2 times
2025-01-18 17:25:10,794 - WARNING - Baybayin form ᜇᜒᜊ᜔ᜌᜓᜑᜒᜈ᜔ appears 2 times
2025-01-18 17:25:10,795 - WARNING - Baybayin form ᜇᜒᜋᜃᜓᜑ appears 2 times
2025-01-18 17:25:10,795 - WARNING - Baybayin form ᜇᜒᜋᜉᜒᜎᜒᜐ᜔ appears 2 times
2025-01-18 17:25:10,795 - WARNING - Baybayin form ᜇᜒᜐ᜔ᜃᜓᜋ᜔ᜉᜒᜌᜇᜓ appears 2 times
2025-01-18 17:25:10,795 - WARNING - Baybayin form ᜇᜓᜃ᜔ᜆᜓᜇ appears 2 times
2025-01-18 17:25:10,795 - WARNING - Baybayin form ᜇᜓᜇᜓᜃᜓᜆ᜔ appears 2 times
2025-01-18 17:25:10,795 - WARNING - Baybayin form ᜇᜓᜇᜓᜅᜏ᜔ appears 2 times
2025-01-18 17:25:10,796 - WARNING - Baybayin form ᜇᜓᜋᜈ appears 2 times
2025-01-18 17:25:10,796 - WARNING - Baybayin form ᜇᜓᜋᜓᜇᜓᜃᜓᜆ᜔ appears 2 times
2025-01-18 17:25:10,796 - WARNING - Baybayin form ᜇᜓᜋᜓᜇᜓᜅᜏ᜔ appears 2 times
2025-01-18 17:25:10,796 - WARNING - Baybayin form ᜇᜓᜎᜒ appears 2 times
2025-01-18 17:25:10,796 - WARNING - Baybayin form ᜇ᜔ᜌᜓᜋᜇ᜔ appears 2 times
2025-01-18 17:25:10,796 - WARNING - Baybayin form ᜈᜃ᜔ᜉᜒᜎ᜔ appears 2 times
2025-01-18 17:25:10,797 - WARNING - Baybayin form ᜈᜊᜓᜃᜓᜇᜓᜈᜓᜐᜓᜇ᜔ appears 2 times
2025-01-18 17:25:10,797 - WARNING - Baybayin form ᜈᜌ᜔ᜆ᜔ ᜃ᜔ᜎᜊ᜔ appears 2 times
2025-01-18 17:25:10,797 - WARNING - Baybayin form ᜈᜌ᜔ᜆ᜔ᜄᜏ᜔ᜈ᜔ appears 3 times
2025-01-18 17:25:10,797 - WARNING - Baybayin form ᜈᜌ᜔ᜈ᜔ᜆᜒᜈ᜔ ᜃᜓᜉᜓᜅ᜔ᜃᜓᜉᜓᜅ᜔ appears 2 times
2025-01-18 17:25:10,797 - WARNING - Baybayin form ᜈᜐᜇᜒᜆ᜔ appears 2 times
2025-01-18 17:25:10,797 - WARNING - Baybayin form ᜈᜐᜈ᜔ appears 2 times
2025-01-18 17:25:10,798 - WARNING - Baybayin form ᜈᜓᜂᜇ᜔ appears 2 times
2025-01-18 17:25:10,798 - WARNING - Baybayin form ᜉᜇᜒᜈ᜔ᜌᜓ appears 2 times
2025-01-18 17:25:10,798 - WARNING - Baybayin form ᜉᜇᜒᜎ᜔ᜌ appears 2 times
2025-01-18 17:25:10,798 - WARNING - Baybayin form ᜉᜉᜎᜒᜆᜇᜑᜈ᜔ appears 2 times
2025-01-18 17:25:10,798 - WARNING - Baybayin form ᜉᜎᜒᜆᜇᜑᜈ᜔ appears 2 times
2025-01-18 17:25:10,798 - WARNING - Baybayin form ᜉᜏ᜔ᜈ᜔ᜆᜒᜌ᜔ᜈ᜔ appears 2 times
2025-01-18 17:25:10,799 - WARNING - Baybayin form ᜉᜒᜈᜉᜎᜒᜆᜇᜑᜈ᜔ appears 2 times
2025-01-18 17:25:10,799 - WARNING - Baybayin form ᜉᜒᜈᜎᜒᜆᜇᜑᜈ᜔ appears 2 times
2025-01-18 17:25:10,799 - WARNING - Baybayin form ᜉᜒᜌᜌ appears 2 times
2025-01-18 17:25:10,799 - WARNING - Baybayin form ᜉᜓᜆᜓᜊᜋ᜔ appears 2 times
2025-01-18 17:25:10,799 - WARNING - Baybayin form ᜉ᜔ᜇᜓᜉᜌ᜔ᜎ᜔ appears 2 times
2025-01-18 17:25:10,800 - WARNING - Baybayin form ᜉ᜔ᜐᜒ appears 2 times
2025-01-18 17:25:10,800 - WARNING - Baybayin form ᜊᜆᜓᜊᜎᜈᜒ appears 2 times
2025-01-18 17:25:10,800 - WARNING - Baybayin form ᜊᜈ᜔ᜇᜒᜇᜒᜆ appears 2 times
2025-01-18 17:25:10,800 - WARNING - Baybayin form ᜊᜋᜓᜐ᜔ appears 2 times
2025-01-18 17:25:10,800 - WARNING - Baybayin form ᜊᜎᜑᜇ᜔ᜌ appears 2 times
2025-01-18 17:25:10,800 - WARNING - Baybayin form ᜊᜎᜒᜈ appears 2 times
2025-01-18 17:25:10,800 - WARNING - Baybayin form ᜊᜎᜒᜐ᜔ᜆᜒᜇᜓᜐ᜔ appears 2 times
2025-01-18 17:25:10,801 - WARNING - Baybayin form ᜊᜒ appears 2 times
2025-01-18 17:25:10,801 - WARNING - Baybayin form ᜊᜒᜃᜒ appears 4 times
2025-01-18 17:25:10,801 - WARNING - Baybayin form ᜊᜒᜆᜎᜒᜐ᜔ appears 2 times
2025-01-18 17:25:10,801 - WARNING - Baybayin form ᜊᜒᜆᜓᜈ᜔ appears 2 times
2025-01-18 17:25:10,801 - WARNING - Baybayin form ᜊᜒᜇ᜔ᜆᜓᜐ᜔ᜌᜓ appears 2 times
2025-01-18 17:25:10,801 - WARNING - Baybayin form ᜊᜒᜇ᜔ᜌᜓᜃᜒ appears 2 times
2025-01-18 17:25:10,802 - WARNING - Baybayin form ᜊᜒᜇ᜔ᜐᜒᜈ᜔ appears 2 times
2025-01-18 17:25:10,802 - WARNING - Baybayin form ᜊᜒᜈᜓᜌ appears 2 times
2025-01-18 17:25:10,802 - WARNING - Baybayin form ᜊᜒᜋ᜔ᜊᜒ appears 2 times
2025-01-18 17:25:10,802 - WARNING - Baybayin form ᜊᜒᜐ᜔ᜃᜓᜈ᜔ᜇᜒ appears 2 times
2025-01-18 17:25:10,802 - WARNING - Baybayin form ᜊᜓᜆᜒᜑ appears 2 times
2025-01-18 17:25:10,802 - WARNING - Baybayin form ᜊᜓᜆᜓᜋᜒᜐ appears 2 times
2025-01-18 17:25:10,802 - WARNING - Baybayin form ᜊᜓᜇᜒᜎ᜔ ᜉᜌ᜔ᜆ᜔ appears 2 times
2025-01-18 17:25:10,802 - WARNING - Baybayin form ᜊᜓᜎ᜔ᜆ appears 2 times
2025-01-18 17:25:10,803 - WARNING - Baybayin form ᜋᜃᜇᜁᜄ᜔ appears 2 times
2025-01-18 17:25:10,803 - WARNING - Baybayin form ᜋᜃᜎᜒᜈ᜔ᜆᜎ᜔ appears 2 times
2025-01-18 17:25:10,803 - WARNING - Baybayin form ᜋᜃᜓᜈ᜔ᜆᜒᜈ᜔ᜆᜓ appears 2 times
2025-01-18 17:25:10,803 - WARNING - Baybayin form ᜋᜃ᜔ᜇᜓ appears 3 times
2025-01-18 17:25:10,803 - WARNING - Baybayin form ᜋᜄ᜔ᜆᜓᜎᜓᜄ᜔ᜆᜓᜎᜓᜄᜈ᜔ appears 2 times
2025-01-18 17:25:10,803 - WARNING - Baybayin form ᜋᜄ᜔ᜆ᜔ᜇᜌ᜔ᜐᜒᜃᜒᜎ᜔ appears 2 times
2025-01-18 17:25:10,803 - WARNING - Baybayin form ᜋᜄ᜔ᜐᜓᜋ᜔ᜊᜓᜎ᜔ appears 2 times
2025-01-18 17:25:10,804 - WARNING - Baybayin form ᜋᜌᜓᜎ᜔ᜇᜓᜋᜓ appears 2 times
2025-01-18 17:25:10,804 - WARNING - Baybayin form ᜋᜎᜒᜃ᜔ᜇᜒᜋ᜔ appears 2 times
2025-01-18 17:25:10,804 - WARNING - Baybayin form ᜋᜎᜒᜃ᜔ᜐᜒ appears 3 times
2025-01-18 17:25:10,804 - WARNING - Baybayin form ᜋᜎᜒᜑᜈ᜔ appears 2 times
2025-01-18 17:25:10,804 - WARNING - Baybayin form ᜋᜎ᜔ᜌᜇᜒ appears 2 times
2025-01-18 17:25:10,804 - WARNING - Baybayin form ᜋᜐᜅ᜔ᜃᜌ᜔ appears 2 times
2025-01-18 17:25:10,804 - WARNING - Baybayin form ᜋᜒᜆᜒᜅ᜔ ᜇᜒ ᜀᜊᜈ᜔ᜐᜒ appears 2 times
2025-01-18 17:25:10,805 - WARNING - Baybayin form ᜋᜓᜆ᜔ᜐᜅ᜔ᜋᜓᜆ᜔ᜐᜅ᜔ appears 2 times
2025-01-18 17:25:10,805 - WARNING - Baybayin form ᜋᜓᜋᜓ appears 2 times
2025-01-18 17:25:10,805 - WARNING - Baybayin form ᜋᜓᜎᜒᜈᜒᜎ᜔ᜌᜓ appears 2 times
2025-01-18 17:25:10,805 - WARNING - Baybayin form ᜌᜓᜈ᜔ appears 2 times
2025-01-18 17:25:10,805 - WARNING - Baybayin form ᜌᜓᜐᜓᜈ᜔ appears 2 times
2025-01-18 17:25:10,805 - WARNING - Baybayin form ᜎᜃ᜔ᜐᜋᜈ appears 2 times
2025-01-18 17:25:10,806 - WARNING - Baybayin form ᜎᜏ᜔ᜇ᜔ᜁᜐ᜔ᜉᜒᜃᜒᜇ᜔ appears 2 times
2025-01-18 17:25:10,806 - WARNING - Baybayin form ᜎᜐᜒᜅ᜔ᜄᜒᜇ appears 2 times
2025-01-18 17:25:10,806 - WARNING - Baybayin form ᜎᜒᜌᜓᜅ᜔ appears 2 times
2025-01-18 17:25:10,806 - WARNING - Baybayin form ᜎᜓᜊᜏ᜔ appears 2 times
2025-01-18 17:25:10,806 - WARNING - Baybayin form ᜎᜓᜏᜎ᜔ᜑᜆᜒ appears 2 times
2025-01-18 17:25:10,806 - WARNING - Baybayin form ᜏᜒᜎᜒ appears 2 times
2025-01-18 17:25:10,806 - WARNING - Baybayin form ᜐᜅ᜔ appears 2 times
2025-01-18 17:25:10,807 - WARNING - Baybayin form ᜐᜅ᜔ᜃᜒ appears 2 times
2025-01-18 17:25:10,807 - WARNING - Baybayin form ᜐᜌ᜔ᜇ᜔ᜎᜌ᜔ᜈ᜔ appears 2 times
2025-01-18 17:25:10,807 - WARNING - Baybayin form ᜐᜒ appears 3 times
2025-01-18 17:25:10,807 - WARNING - Baybayin form ᜐᜒᜅ᜔ᜃᜓ appears 2 times
2025-01-18 17:25:10,807 - WARNING - Baybayin form ᜐᜒᜈᜒᜉᜒᜆᜒ appears 2 times
2025-01-18 17:25:10,807 - WARNING - Baybayin form ᜐᜒᜈ᜔ᜆᜒᜈᜓ appears 2 times
2025-01-18 17:25:10,808 - WARNING - Baybayin form ᜐᜒᜊ᜔ᜏᜈ appears 2 times
2025-01-18 17:25:10,808 - WARNING - Baybayin form ᜐᜒᜌ appears 2 times
2025-01-18 17:25:10,808 - WARNING - Baybayin form ᜐᜒᜐᜓᜐ᜔ appears 2 times
2025-01-18 17:25:10,808 - WARNING - Baybayin form ᜐᜓᜂᜊᜈ᜔ appears 2 times
2025-01-18 17:25:10,809 - WARNING - Baybayin form ᜐᜓᜊᜒᜃ᜔ appears 2 times
2025-01-18 17:25:10,809 - WARNING - Baybayin form ᜐ᜔ᜌᜏ᜔ appears 4 times
2025-01-18 17:25:10,809 - WARNING - Baybayin form ᜐ᜔ᜌᜒᜊᜓᜎᜒ appears 2 times
2025-01-18 17:25:10,810 - WARNING - Baybayin form ᜐ᜔ᜌᜓᜆ appears 2 times
2025-01-18 17:25:10,810 - WARNING - Baybayin form ᜑᜎᜑᜎ appears 2 times
2025-01-18 17:25:10,810 - WARNING - Baybayin form ᜑᜏ᜔ appears 2 times
2025-01-18 17:25:10,810 - WARNING - Baybayin form ᜑᜒᜇᜓᜈ᜔ appears 2 times
2025-01-18 17:25:10,811 - WARNING - Baybayin form ᜑᜒᜌᜓᜇ᜔ᜑᜒᜌ appears 2 times
2025-01-18 17:25:10,811 - WARNING - Baybayin form ᜑᜓᜅ᜔ appears 2 times
2025-01-18 17:25:10,811 - WARNING - Baybayin form ᜑᜓᜏᜈ appears 2 times
2025-01-18 17:25:10,816 - INFO - Merging duplicate Baybayin entries: 109166 and 110983
2025-01-18 17:25:10,907 - INFO - Merging duplicate Baybayin entries: 111580 and 111581
2025-01-18 17:25:11,035 - INFO - Merging duplicate Baybayin entries: 111578 and 111579
2025-01-18 17:25:11,179 - INFO - Merging duplicate Baybayin entries: 111574 and 111576
2025-01-18 17:25:11,318 - INFO - Merging duplicate Baybayin entries: 111377 and 111378
2025-01-18 17:25:11,430 - INFO - Merging duplicate Baybayin entries: 103185 and 104005
2025-01-18 17:25:11,537 - INFO - Merging duplicate Baybayin entries: 101794 and 108386
2025-01-18 17:25:11,662 - INFO - Merging duplicate Baybayin entries: 102824 and 103038
2025-01-18 17:25:11,804 - INFO - Merging duplicate Baybayin entries: 95419 and 97318
2025-01-18 17:25:11,952 - INFO - Merging duplicate Baybayin entries: 98870 and 99985
2025-01-18 17:25:12,096 - INFO - Merging duplicate Baybayin entries: 100090 and 108406
2025-01-18 17:25:12,214 - INFO - Merging duplicate Baybayin entries: 98162 and 111229
2025-01-18 17:25:12,359 - INFO - Merging duplicate Baybayin entries: 110873 and 110936
2025-01-18 17:25:12,497 - INFO - Merging duplicate Baybayin entries: 111170 and 111397
2025-01-18 17:25:12,642 - INFO - Merging duplicate Baybayin entries: 110879 and 110882
2025-01-18 17:25:12,751 - INFO - Merging duplicate Baybayin entries: 99442 and 103202
2025-01-18 17:25:12,861 - INFO - Merging duplicate Baybayin entries: 107090 and 107905
2025-01-18 17:25:13,005 - INFO - Merging duplicate Baybayin entries: 111634 and 111636
2025-01-18 17:25:13,140 - INFO - Merging duplicate Baybayin entries: 100107 and 111174
2025-01-18 17:25:13,276 - INFO - Merging duplicate Baybayin entries: 105867 and 111429
2025-01-18 17:25:13,395 - INFO - Merging duplicate Baybayin entries: 106146 and 111176
2025-01-18 17:25:13,505 - INFO - Merging duplicate Baybayin entries: 103068 and 103198
2025-01-18 17:25:13,635 - INFO - Merging duplicate Baybayin entries: 103197 and 104950
2025-01-18 17:25:13,769 - INFO - Merging duplicate Baybayin entries: 105210 and 105229
2025-01-18 17:25:13,901 - INFO - Merging duplicate Baybayin entries: 110090 and 110091
2025-01-18 17:25:14,017 - INFO - Merging duplicate Baybayin entries: 103675 and 104359
2025-01-18 17:25:14,106 - INFO - Merging duplicate Baybayin entries: 97695 and 110002
2025-01-18 17:25:14,249 - INFO - Merging duplicate Baybayin entries: 110541 and 110639
2025-01-18 17:25:14,392 - INFO - Merging duplicate Baybayin entries: 106312 and 106313
2025-01-18 17:25:14,530 - INFO - Merging duplicate Baybayin entries: 110410 and 111211
2025-01-18 17:25:14,664 - INFO - Merging duplicate Baybayin entries: 111466 and 111471, 111472
2025-01-18 17:25:14,873 - INFO - Merging duplicate Baybayin entries: 99830 and 100790
2025-01-18 17:25:15,005 - INFO - Merging duplicate Baybayin entries: 111373 and 111379
2025-01-18 17:25:15,139 - INFO - Merging duplicate Baybayin entries: 107096 and 107105
2025-01-18 17:25:15,275 - INFO - Merging duplicate Baybayin entries: 102482 and 108873
2025-01-18 17:25:15,367 - INFO - Merging duplicate Baybayin entries: 106493 and 106494
2025-01-18 17:25:15,498 - INFO - Merging duplicate Baybayin entries: 95050 and 108595
2025-01-18 17:25:15,648 - INFO - Merging duplicate Baybayin entries: 109359 and 109926
2025-01-18 17:25:15,791 - INFO - Merging duplicate Baybayin entries: 106175 and 108937
2025-01-18 17:25:15,938 - INFO - Merging duplicate Baybayin entries: 100878 and 102849
2025-01-18 17:25:16,031 - INFO - Merging duplicate Baybayin entries: 106344 and 106345
2025-01-18 17:25:16,178 - INFO - Merging duplicate Baybayin entries: 110251 and 110713
2025-01-18 17:25:16,315 - INFO - Merging duplicate Baybayin entries: 104601 and 104603
2025-01-18 17:25:16,450 - INFO - Merging duplicate Baybayin entries: 99254 and 108197
2025-01-18 17:25:16,589 - INFO - Merging duplicate Baybayin entries: 95865 and 106013
2025-01-18 17:25:16,685 - INFO - Merging duplicate Baybayin entries: 106915 and 111102
2025-01-18 17:25:16,818 - INFO - Merging duplicate Baybayin entries: 95153 and 96761
2025-01-18 17:25:16,961 - INFO - Merging duplicate Baybayin entries: 107653 and 111028
2025-01-18 17:25:17,110 - INFO - Merging duplicate Baybayin entries: 109908 and 109954
2025-01-18 17:25:17,242 - INFO - Merging duplicate Baybayin entries: 108259 and 109333
2025-01-18 17:25:17,329 - INFO - Merging duplicate Baybayin entries: 99145 and 101432, 102200
2025-01-18 17:25:17,529 - INFO - Merging duplicate Baybayin entries: 94973 and 97496
2025-01-18 17:25:17,667 - INFO - Merging duplicate Baybayin entries: 102842 and 104775
2025-01-18 17:25:17,801 - INFO - Merging duplicate Baybayin entries: 105320 and 108247
2025-01-18 17:25:17,913 - INFO - Merging duplicate Baybayin entries: 109695 and 109696
2025-01-18 17:25:18,028 - INFO - Merging duplicate Baybayin entries: 109697 and 109698
2025-01-18 17:25:18,161 - INFO - Merging duplicate Baybayin entries: 100927 and 109679
2025-01-18 17:25:18,296 - INFO - Merging duplicate Baybayin entries: 98034 and 109998
2025-01-18 17:25:18,393 - INFO - Merging duplicate Baybayin entries: 111829 and 111831
2025-01-18 17:25:18,526 - INFO - Merging duplicate Baybayin entries: 99136 and 99166, 102211
2025-01-18 17:25:18,687 - INFO - Merging duplicate Baybayin entries: 111692 and 111696
2025-01-18 17:25:18,825 - INFO - Merging duplicate Baybayin entries: 99542 and 111765
2025-01-18 17:25:18,938 - INFO - Merging duplicate Baybayin entries: 98755 and 104180
2025-01-18 17:25:19,043 - INFO - Merging duplicate Baybayin entries: 102744 and 102913
2025-01-18 17:25:19,137 - INFO - Merging duplicate Baybayin entries: 95300 and 111619
2025-01-18 17:25:19,257 - INFO - Merging duplicate Baybayin entries: 103107 and 104649
2025-01-18 17:25:19,365 - INFO - Merging duplicate Baybayin entries: 109502 and 109504
2025-01-18 17:25:19,480 - INFO - Merging duplicate Baybayin entries: 101021 and 102261
2025-01-18 17:25:19,570 - INFO - Merging duplicate Baybayin entries: 109265 and 109266
2025-01-18 17:25:19,655 - INFO - Merging duplicate Baybayin entries: 103015 and 105772
2025-01-18 17:25:19,734 - INFO - Merging duplicate Baybayin entries: 100991 and 105324
2025-01-18 17:25:19,808 - INFO - Merging duplicate Baybayin entries: 100248 and 109899
2025-01-18 17:25:19,882 - INFO - Merging duplicate Baybayin entries: 110729 and 110730
2025-01-18 17:25:19,973 - INFO - Merging duplicate Baybayin entries: 94594 and 95053, 95675
2025-01-18 17:25:20,195 - INFO - Merging duplicate Baybayin entries: 106793 and 111294
2025-01-18 17:25:20,290 - INFO - Merging duplicate Baybayin entries: 96014 and 99817, 107103
2025-01-18 17:25:20,519 - INFO - Merging duplicate Baybayin entries: 106059 and 111485
2025-01-18 17:25:20,671 - INFO - Merging duplicate Baybayin entries: 98788 and 102790
2025-01-18 17:25:20,810 - INFO - Merging duplicate Baybayin entries: 106174 and 108939
2025-01-18 17:25:20,920 - INFO - Merging duplicate Baybayin entries: 95775 and 98950
2025-01-18 17:25:21,052 - INFO - Merging duplicate Baybayin entries: 111409 and 111411
2025-01-18 17:25:21,189 - INFO - Merging duplicate Baybayin entries: 94538 and 95350
2025-01-18 17:25:21,337 - INFO - Merging duplicate Baybayin entries: 110229 and 110230
2025-01-18 17:25:21,476 - INFO - Merging duplicate Baybayin entries: 105525 and 107298
2025-01-18 17:25:21,595 - INFO - Merging duplicate Baybayin entries: 97723 and 99922
2025-01-18 17:25:21,727 - INFO - Merging duplicate Baybayin entries: 108605 and 110674
2025-01-18 17:25:21,868 - INFO - Merging duplicate Baybayin entries: 106413 and 108868
2025-01-18 17:25:22,013 - INFO - Merging duplicate Baybayin entries: 106415 and 108872
2025-01-18 17:25:22,137 - INFO - Merging duplicate Baybayin entries: 104060 and 109473
2025-01-18 17:25:22,252 - INFO - Merging duplicate Baybayin entries: 104490 and 111625
2025-01-18 17:25:22,369 - INFO - Merging duplicate Baybayin entries: 108094 and 110573
2025-01-18 17:25:22,497 - INFO - Merging duplicate Baybayin entries: 99338 and 100992
2025-01-18 17:25:22,622 - INFO - Merging duplicate Baybayin entries: 108163 and 110834
2025-01-18 17:25:22,734 - INFO - Merging duplicate Baybayin entries: 107574 and 110787
2025-01-18 17:25:22,863 - INFO - Merging duplicate Baybayin entries: 98029 and 109555
2025-01-18 17:25:22,979 - INFO - Merging duplicate Baybayin entries: 108173 and 110835
2025-01-18 17:25:23,075 - INFO - Merging duplicate Baybayin entries: 107573 and 110788
2025-01-18 17:25:23,199 - INFO - Merging duplicate Baybayin entries: 106030 and 106783
2025-01-18 17:25:23,312 - INFO - Merging duplicate Baybayin entries: 105522 and 109453
2025-01-18 17:25:23,416 - INFO - Merging duplicate Baybayin entries: 104513 and 104514
2025-01-18 17:25:23,518 - INFO - Merging duplicate Baybayin entries: 97481 and 111315
2025-01-18 17:25:23,623 - INFO - Merging duplicate Baybayin entries: 102440 and 111420
2025-01-18 17:25:23,756 - INFO - Merging duplicate Baybayin entries: 111422 and 111425, 111426
2025-01-18 17:25:23,938 - INFO - Merging duplicate Baybayin entries: 109675 and 110875
2025-01-18 17:25:24,043 - INFO - Merging duplicate Baybayin entries: 98035 and 105796
2025-01-18 17:25:24,148 - INFO - Merging duplicate Baybayin entries: 109081 and 111512
2025-01-18 17:25:24,272 - INFO - Merging duplicate Baybayin entries: 99540 and 108774
2025-01-18 17:25:24,387 - INFO - Merging duplicate Baybayin entries: 104763 and 105039
2025-01-18 17:25:24,517 - INFO - Merging duplicate Baybayin entries: 100890 and 104473
2025-01-18 17:25:24,670 - INFO - Merging duplicate Baybayin entries: 107476 and 110840
2025-01-18 17:25:24,812 - INFO - Merging duplicate Baybayin entries: 106859 and 109862
2025-01-18 17:25:24,940 - INFO - Merging duplicate Baybayin entries: 111708 and 111710
2025-01-18 17:25:25,090 - INFO - Merging duplicate Baybayin entries: 107484 and 110841
2025-01-18 17:25:25,229 - INFO - Merging duplicate Baybayin entries: 107485 and 110839
2025-01-18 17:25:25,367 - INFO - Merging duplicate Baybayin entries: 101338 and 109910
2025-01-18 17:25:25,472 - INFO - Merging duplicate Baybayin entries: 110188 and 111311
2025-01-18 17:25:25,584 - INFO - Merging duplicate Baybayin entries: 111648 and 111651
2025-01-18 17:25:25,733 - INFO - Merging duplicate Baybayin entries: 106891 and 111832
2025-01-18 17:25:25,874 - INFO - Merging duplicate Baybayin entries: 98506 and 99315
2025-01-18 17:25:26,022 - INFO - Merging duplicate Baybayin entries: 100996 and 109563
2025-01-18 17:25:26,141 - INFO - Merging duplicate Baybayin entries: 108308 and 108318
2025-01-18 17:25:26,261 - INFO - Merging duplicate Baybayin entries: 109471 and 109472
2025-01-18 17:25:26,408 - INFO - Merging duplicate Baybayin entries: 95093 and 98829
2025-01-18 17:25:26,552 - INFO - Merging duplicate Baybayin entries: 104023 and 109474
2025-01-18 17:25:26,694 - INFO - Merging duplicate Baybayin entries: 94536 and 96040
2025-01-18 17:25:26,822 - INFO - Merging duplicate Baybayin entries: 96949 and 97261, 97262, 97263
2025-01-18 17:25:27,091 - INFO - Merging duplicate Baybayin entries: 97607 and 105657
2025-01-18 17:25:27,233 - INFO - Merging duplicate Baybayin entries: 94687 and 107396
2025-01-18 17:25:27,378 - INFO - Merging duplicate Baybayin entries: 106349 and 106350
2025-01-18 17:25:27,489 - INFO - Merging duplicate Baybayin entries: 104838 and 104839
2025-01-18 17:25:27,609 - INFO - Merging duplicate Baybayin entries: 100545 and 110334
2025-01-18 17:25:27,757 - INFO - Merging duplicate Baybayin entries: 104584 and 104753
2025-01-18 17:25:27,896 - INFO - Merging duplicate Baybayin entries: 100975 and 111041
2025-01-18 17:25:28,023 - INFO - Merging duplicate Baybayin entries: 104407 and 107996
2025-01-18 17:25:28,094 - WARNING - Update failed (continuing): duplicate key value violates unique constraint "etymologies_wordid_etymtext_uniq"
DETAIL:  Key (word_id, etymology_text)=(104407, Borrowed from Spanish vizconde (“viscount”).) already exists.

2025-01-18 17:25:28,095 - WARNING - Update failed (continuing): current transaction is aborted, commands ignored until end of transaction block

2025-01-18 17:25:28,095 - WARNING - Update failed (continuing): current transaction is aborted, commands ignored until end of transaction block

2025-01-18 17:25:28,096 - WARNING - Update failed (continuing): current transaction is aborted, commands ignored until end of transaction block

2025-01-18 17:25:28,096 - WARNING - Update failed (continuing): current transaction is aborted, commands ignored until end of transaction block

2025-01-18 17:25:28,097 - ERROR - Failed to delete duplicates [107996]: current transaction is aborted, commands ignored until end of transaction block

2025-01-18 17:25:28,097 - INFO - Merging duplicate Baybayin entries: 111476 and 111478
2025-01-18 17:25:28,197 - INFO - Merging duplicate Baybayin entries: 108329 and 108333
2025-01-18 17:25:28,318 - INFO - Merging duplicate Baybayin entries: 104528 and 111502
2025-01-18 17:25:28,465 - INFO - Merging duplicate Baybayin entries: 100235 and 100726
2025-01-18 17:25:28,576 - INFO - Merging duplicate Baybayin entries: 103151 and 104273
2025-01-18 17:25:28,689 - INFO - Merging duplicate Baybayin entries: 104055 and 104393
2025-01-18 17:25:28,786 - INFO - Merging duplicate Baybayin entries: 106879 and 107577
2025-01-18 17:25:28,884 - INFO - Merging duplicate Baybayin entries: 102219 and 107200, 110471
2025-01-18 17:25:29,022 - INFO - Merging duplicate Baybayin entries: 106169 and 106695
2025-01-18 17:25:29,112 - INFO - Merging duplicate Baybayin entries: 107059 and 111260
2025-01-18 17:25:29,237 - INFO - Merging duplicate Baybayin entries: 104071 and 104072
2025-01-18 17:25:29,347 - INFO - Merging duplicate Baybayin entries: 110285 and 110286
2025-01-18 17:25:29,466 - INFO - Merging duplicate Baybayin entries: 104335 and 105676
2025-01-18 17:25:29,584 - INFO - Merging duplicate Baybayin entries: 104372 and 109470, 111310
2025-01-18 17:25:29,708 - INFO - Merging duplicate Baybayin entries: 104781 and 109396
2025-01-18 17:25:29,777 - INFO - Merging duplicate Baybayin entries: 103098 and 105127
2025-01-18 17:25:29,871 - INFO - Merging duplicate Baybayin entries: 104345 and 104548
2025-01-18 17:25:29,956 - INFO - Merging duplicate Baybayin entries: 108844 and 111185
2025-01-18 17:25:30,038 - INFO - Merging duplicate Baybayin entries: 111530 and 111531
2025-01-18 17:25:30,116 - INFO - Merging duplicate Baybayin entries: 98070 and 98402
2025-01-18 17:25:30,194 - INFO - Merging duplicate Baybayin entries: 110154 and 110292
2025-01-18 17:25:30,322 - INFO - Merging duplicate Baybayin entries: 94726 and 97457
2025-01-18 17:25:30,463 - INFO - Merging duplicate Baybayin entries: 104050 and 105790
2025-01-18 17:25:30,607 - INFO - Merging duplicate Baybayin entries: 103146 and 104642
2025-01-18 17:25:30,752 - INFO - Merging duplicate Baybayin entries: 111298 and 111303
2025-01-18 17:25:30,880 - INFO - Merging duplicate Baybayin entries: 108540 and 108541
2025-01-18 17:25:31,012 - INFO - Merging duplicate Baybayin entries: 102809 and 107115
2025-01-18 17:25:31,153 - INFO - Merging duplicate Baybayin entries: 109455 and 110563
2025-01-18 17:25:31,274 - INFO - Merging duplicate Baybayin entries: 102583 and 110143
2025-01-18 17:25:31,411 - INFO - Merging duplicate Baybayin entries: 95739 and 95740
2025-01-18 17:25:31,540 - INFO - Merging duplicate Baybayin entries: 94688 and 99946
2025-01-18 17:25:31,640 - INFO - Merging duplicate Baybayin entries: 98072 and 100249
2025-01-18 17:25:31,762 - INFO - Merging duplicate Baybayin entries: 109924 and 111042
2025-01-18 17:25:31,894 - INFO - Merging duplicate Baybayin entries: 95732 and 103013, 109621
2025-01-18 17:25:32,111 - INFO - Merging duplicate Baybayin entries: 103114 and 104443
2025-01-18 17:25:32,249 - INFO - Merging duplicate Baybayin entries: 111240 and 111633
2025-01-18 17:25:32,337 - INFO - Merging duplicate Baybayin entries: 102791 and 104376
2025-01-18 17:25:32,453 - INFO - Merging duplicate Baybayin entries: 109551 and 109573
2025-01-18 17:25:32,585 - INFO - Merging duplicate Baybayin entries: 95730 and 96376
2025-01-18 17:25:32,715 - INFO - Merging duplicate Baybayin entries: 109524 and 109536
2025-01-18 17:25:32,831 - INFO - Merging duplicate Baybayin entries: 103716 and 110543
2025-01-18 17:25:32,971 - INFO - Merging duplicate Baybayin entries: 111296 and 111739
2025-01-18 17:25:33,063 - INFO - Merging duplicate Baybayin entries: 95731 and 102866, 107113, 107121
2025-01-18 17:25:33,124 - WARNING - Update failed (continuing): duplicate key value violates unique constraint "etymologies_wordid_etymtext_uniq"
DETAIL:  Key (word_id, etymology_text)=(95731, Borrowed from Hokkien 蕭／萧  or 邵 .) already exists.

2025-01-18 17:25:33,125 - WARNING - Update failed (continuing): current transaction is aborted, commands ignored until end of transaction block

2025-01-18 17:25:33,125 - WARNING - Update failed (continuing): current transaction is aborted, commands ignored until end of transaction block

2025-01-18 17:25:33,125 - WARNING - Update failed (continuing): current transaction is aborted, commands ignored until end of transaction block

2025-01-18 17:25:33,126 - WARNING - Update failed (continuing): current transaction is aborted, commands ignored until end of transaction block

2025-01-18 17:25:33,126 - ERROR - Failed to delete duplicates [102866, 107113, 107121]: current transaction is aborted, commands ignored until end of transaction block

2025-01-18 17:25:33,126 - INFO - Merging duplicate Baybayin entries: 105562 and 110783
2025-01-18 17:25:33,261 - INFO - Merging duplicate Baybayin entries: 101209 and 103153
2025-01-18 17:25:33,399 - INFO - Merging duplicate Baybayin entries: 109362 and 109373
2025-01-18 17:25:33,524 - INFO - Merging duplicate Baybayin entries: 95253 and 102879
2025-01-18 17:25:33,647 - INFO - Merging duplicate Baybayin entries: 100842 and 105150
2025-01-18 17:25:33,767 - INFO - Merging duplicate Baybayin entries: 109960 and 109965
2025-01-18 17:25:33,865 - INFO - Merging duplicate Baybayin entries: 99864 and 102830
2025-01-18 17:25:33,961 - INFO - Merging duplicate Baybayin entries: 98205 and 109680
2025-01-18 17:25:34,010 - WARNING - Update failed (continuing): duplicate key value violates unique constraint "etymologies_wordid_etymtext_uniq"
DETAIL:  Key (word_id, etymology_text)=(98205, Borrowed from Spanish Juana.) already exists.

2025-01-18 17:25:34,010 - WARNING - Update failed (continuing): current transaction is aborted, commands ignored until end of transaction block

2025-01-18 17:25:34,011 - WARNING - Update failed (continuing): current transaction is aborted, commands ignored until end of transaction block

2025-01-18 17:25:34,012 - WARNING - Update failed (continuing): current transaction is aborted, commands ignored until end of transaction block

2025-01-18 17:25:34,012 - WARNING - Update failed (continuing): current transaction is aborted, commands ignored until end of transaction block

2025-01-18 17:25:34,013 - ERROR - Failed to delete duplicates [109680]: current transaction is aborted, commands ignored until end of transaction block

2025-01-18 17:25:34,014 - INFO - Migration completed successfully
