2025-03-29 09:31:06,609 - INFO - Starting table creation/update process.
2025-03-29 09:31:07,004 - INFO - Tables created or updated successfully.
2025-03-29 09:31:07,011 - INFO - Processing Tagalog words from: ..\data\tagalog-words.json
2025-03-29 09:31:08,145 - INFO - Found 65336 entries to process
2025-03-29 09:31:08,206 - ERROR - Database error in insert_definition for word ID 1: column "category" of relation "definitions" does not exist
LINE 8:                 category, 
                        ^

2025-03-29 09:31:08,210 - ERROR - Database error in insert_definition for word ID 2: column "category" of relation "definitions" does not exist
LINE 8:                 category, 
                        ^

2025-03-29 09:31:08,212 - ERROR - Database error in insert_definition for word ID 2: column "category" of relation "definitions" does not exist
LINE 8:                 category, 
                        ^

2025-03-29 09:31:08,214 - ERROR - Database error in insert_definition for word ID 2: column "category" of relation "definitions" does not exist
LINE 8:                 category, 
                        ^

2025-03-29 09:31:08,216 - ERROR - Database error in insert_definition for word ID 2: column "category" of relation "definitions" does not exist
LINE 8:                 category, 
                        ^

2025-03-29 09:31:08,218 - ERROR - Database error in insert_definition for word ID 2: column "category" of relation "definitions" does not exist
LINE 8:                 category, 
                        ^

2025-03-29 09:31:08,220 - ERROR - Database error in insert_definition for word ID 2: column "category" of relation "definitions" does not exist
LINE 8:                 category, 
                        ^

2025-03-29 09:31:08,221 - ERROR - Database error in insert_definition for word ID 2: column "category" of relation "definitions" does not exist
LINE 8:                 category, 
                        ^

2025-03-29 09:31:08,223 - ERROR - Database error in insert_definition for word ID 2: column "category" of relation "definitions" does not exist
LINE 8:                 category, 
                        ^

2025-03-29 09:31:08,225 - ERROR - Database error in insert_definition for word ID 2: column "category" of relation "definitions" does not exist
LINE 8:                 category, 
                        ^

2025-03-29 09:31:08,227 - ERROR - Database error in insert_definition for word ID 2: column "category" of relation "definitions" does not exist
LINE 8:                 category, 
                        ^

2025-03-29 09:31:08,230 - ERROR - Database error in insert_definition for word ID 3: column "category" of relation "definitions" does not exist
LINE 8:                 category, 
                        ^

2025-03-29 09:31:08,239 - ERROR - Database error in insert_definition for word ID 2: column "category" of relation "definitions" does not exist
LINE 8:                 category, 
                        ^

2025-03-29 09:31:08,242 - ERROR - Database error in insert_definition for word ID 4: column "category" of relation "definitions" does not exist
LINE 8:                 category, 
                        ^

2025-03-29 09:31:08,246 - ERROR - Database error in insert_definition for word ID 5: column "category" of relation "definitions" does not exist
LINE 8:                 category, 
                        ^

2025-03-29 09:31:08,249 - ERROR - Database error in insert_definition for word ID 6: column "category" of relation "definitions" does not exist
LINE 8:                 category, 
                        ^

2025-03-29 09:31:08,254 - ERROR - Database error in insert_definition for word ID 7: column "category" of relation "definitions" does not exist
LINE 8:                 category, 
                        ^

2025-03-29 09:31:08,258 - ERROR - Database error in insert_definition for word ID 8: column "category" of relation "definitions" does not exist
LINE 8:                 category, 
                        ^

2025-03-29 09:31:08,263 - ERROR - Database error in insert_definition for word ID 9: column "category" of relation "definitions" does not exist
LINE 8:                 category, 
                        ^

2025-03-29 09:31:08,264 - ERROR - Database error in insert_definition for word ID 9: column "category" of relation "definitions" does not exist
LINE 8:                 category, 
                        ^

2025-03-29 09:31:08,268 - ERROR - Database error in insert_definition for word ID 10: column "category" of relation "definitions" does not exist
LINE 8:                 category, 
                        ^

2025-03-29 09:31:08,271 - ERROR - Database error in insert_definition for word ID 11: column "category" of relation "definitions" does not exist
LINE 8:                 category, 
                        ^

2025-03-29 09:31:08,274 - ERROR - Database error in insert_definition for word ID 12: column "category" of relation "definitions" does not exist
LINE 8:                 category, 
                        ^

2025-03-29 09:31:08,278 - ERROR - Database error in insert_definition for word ID 13: column "category" of relation "definitions" does not exist
LINE 8:                 category, 
                        ^

2025-03-29 09:31:08,282 - ERROR - Database error in insert_definition for word ID 14: column "category" of relation "definitions" does not exist
LINE 8:                 category, 
                        ^

2025-03-29 09:31:08,288 - ERROR - Database error in insert_definition for word ID 15: column "category" of relation "definitions" does not exist
LINE 8:                 category, 
                        ^

2025-03-29 09:31:08,292 - ERROR - Database error in insert_definition for word ID 16: column "category" of relation "definitions" does not exist
LINE 8:                 category, 
                        ^

2025-03-29 09:31:08,297 - ERROR - Database error in insert_definition for word ID 17: column "category" of relation "definitions" does not exist
LINE 8:                 category, 
                        ^

2025-03-29 09:31:08,298 - ERROR - Database error in insert_definition for word ID 17: column "category" of relation "definitions" does not exist
LINE 8:                 category, 
                        ^

2025-03-29 09:31:08,300 - ERROR - Database error in insert_definition for word ID 17: column "category" of relation "definitions" does not exist
LINE 8:                 category, 
                        ^

2025-03-29 09:31:08,304 - ERROR - Database error in insert_definition for word ID 18: column "category" of relation "definitions" does not exist
LINE 8:                 category, 
                        ^

2025-03-29 09:31:08,308 - ERROR - Database error in insert_definition for word ID 19: column "category" of relation "definitions" does not exist
LINE 8:                 category, 
                        ^

2025-03-29 09:31:08,312 - ERROR - Database error in insert_definition for word ID 18: column "category" of relation "definitions" does not exist
LINE 8:                 category, 
                        ^

2025-03-29 09:31:08,314 - ERROR - Database error in insert_definition for word ID 18: column "category" of relation "definitions" does not exist
LINE 8:                 category, 
                        ^

2025-03-29 09:31:08,317 - ERROR - Database error in insert_definition for word ID 20: column "category" of relation "definitions" does not exist
LINE 8:                 category, 
                        ^

2025-03-29 09:31:08,320 - ERROR - Database error in insert_definition for word ID 21: column "category" of relation "definitions" does not exist
LINE 8:                 category, 
                        ^

2025-03-29 09:31:08,325 - ERROR - Database error in insert_definition for word ID 22: column "category" of relation "definitions" does not exist
LINE 8:                 category, 
                        ^

2025-03-29 09:31:08,326 - ERROR - Database error in insert_definition for word ID 22: column "category" of relation "definitions" does not exist
LINE 8:                 category, 
                        ^

2025-03-29 09:31:08,330 - ERROR - Database error in insert_definition for word ID 23: column "category" of relation "definitions" does not exist
LINE 8:                 category, 
                        ^

2025-03-29 09:31:08,334 - ERROR - Database error in insert_definition for word ID 24: column "category" of relation "definitions" does not exist
LINE 8:                 category, 
                        ^

2025-03-29 09:31:08,337 - ERROR - Database error in insert_definition for word ID 25: column "category" of relation "definitions" does not exist
LINE 8:                 category, 
                        ^

2025-03-29 09:31:08,342 - ERROR - Database error in insert_definition for word ID 26: column "category" of relation "definitions" does not exist
LINE 8:                 category, 
                        ^

2025-03-29 09:31:08,346 - ERROR - Database error in insert_definition for word ID 27: column "category" of relation "definitions" does not exist
LINE 8:                 category, 
                        ^

2025-03-29 09:31:08,350 - ERROR - Database error in insert_definition for word ID 28: column "category" of relation "definitions" does not exist
LINE 8:                 category, 
                        ^

2025-03-29 09:31:08,353 - ERROR - Database error in insert_definition for word ID 29: column "category" of relation "definitions" does not exist
LINE 8:                 category, 
                        ^

2025-03-29 09:31:08,356 - ERROR - Database error in insert_definition for word ID 30: column "category" of relation "definitions" does not exist
LINE 8:                 category, 
                        ^

2025-03-29 09:31:08,358 - ERROR - Database error in insert_definition for word ID 30: column "category" of relation "definitions" does not exist
LINE 8:                 category, 
                        ^

2025-03-29 09:31:08,362 - ERROR - Database error in insert_definition for word ID 31: column "category" of relation "definitions" does not exist
LINE 8:                 category, 
                        ^

2025-03-29 09:31:08,365 - ERROR - Database error in insert_definition for word ID 32: column "category" of relation "definitions" does not exist
LINE 8:                 category, 
                        ^

2025-03-29 09:31:08,369 - ERROR - Database error in insert_definition for word ID 33: column "category" of relation "definitions" does not exist
LINE 8:                 category, 
                        ^

2025-03-29 09:31:08,372 - ERROR - Database error in insert_definition for word ID 34: column "category" of relation "definitions" does not exist
LINE 8:                 category, 
                        ^

2025-03-29 09:31:08,376 - ERROR - Database error in insert_definition for word ID 35: column "category" of relation "definitions" does not exist
LINE 8:                 category, 
                        ^

2025-03-29 09:31:08,377 - ERROR - Database error in insert_definition for word ID 35: column "category" of relation "definitions" does not exist
LINE 8:                 category, 
                        ^

2025-03-29 09:31:08,381 - ERROR - Database error in insert_definition for word ID 36: column "category" of relation "definitions" does not exist
LINE 8:                 category, 
                        ^

2025-03-29 09:31:08,384 - ERROR - Database error in insert_definition for word ID 37: column "category" of relation "definitions" does not exist
LINE 8:                 category, 
                        ^

2025-03-29 09:31:08,388 - ERROR - Database error in insert_definition for word ID 38: column "category" of relation "definitions" does not exist
LINE 8:                 category, 
                        ^

2025-03-29 09:31:08,393 - ERROR - Database error in insert_definition for word ID 39: column "category" of relation "definitions" does not exist
LINE 8:                 category, 
                        ^

2025-03-29 09:31:08,397 - ERROR - Database error in insert_definition for word ID 39: column "category" of relation "definitions" does not exist
LINE 8:                 category, 
                        ^

2025-03-29 09:31:08,400 - ERROR - Database error in insert_definition for word ID 40: column "category" of relation "definitions" does not exist
LINE 8:                 category, 
                        ^

2025-03-29 09:31:08,402 - ERROR - Database error in insert_definition for word ID 40: column "category" of relation "definitions" does not exist
LINE 8:                 category, 
                        ^

2025-03-29 09:31:08,403 - ERROR - Database error in insert_definition for word ID 40: column "category" of relation "definitions" does not exist
LINE 8:                 category, 
                        ^

2025-03-29 09:31:08,406 - ERROR - Database error in insert_definition for word ID 41: column "category" of relation "definitions" does not exist
LINE 8:                 category, 
                        ^

2025-03-29 09:31:08,410 - ERROR - Database error in insert_definition for word ID 42: column "category" of relation "definitions" does not exist
LINE 8:                 category, 
                        ^

2025-03-29 09:31:08,413 - ERROR - Database error in insert_definition for word ID 43: column "category" of relation "definitions" does not exist
LINE 8:                 category, 
                        ^

2025-03-29 09:31:08,416 - ERROR - Database error in insert_definition for word ID 44: column "category" of relation "definitions" does not exist
LINE 8:                 category, 
                        ^

2025-03-29 09:31:08,420 - ERROR - Database error in insert_definition for word ID 45: column "category" of relation "definitions" does not exist
LINE 8:                 category, 
                        ^

2025-03-29 09:31:08,422 - ERROR - Database error in insert_definition for word ID 45: column "category" of relation "definitions" does not exist
LINE 8:                 category, 
                        ^

2025-03-29 09:31:08,424 - ERROR - Database error in insert_definition for word ID 45: column "category" of relation "definitions" does not exist
LINE 8:                 category, 
                        ^

2025-03-29 09:31:08,426 - ERROR - Database error in insert_definition for word ID 45: column "category" of relation "definitions" does not exist
LINE 8:                 category, 
                        ^

2025-03-29 09:31:08,429 - ERROR - Database error in insert_definition for word ID 46: column "category" of relation "definitions" does not exist
LINE 8:                 category, 
                        ^

2025-03-29 09:31:08,433 - ERROR - Database error in insert_definition for word ID 47: column "category" of relation "definitions" does not exist
LINE 8:                 category, 
                        ^

2025-03-29 09:31:08,434 - ERROR - Database error in insert_definition for word ID 47: column "category" of relation "definitions" does not exist
LINE 8:                 category, 
                        ^

2025-03-29 09:31:08,439 - ERROR - Database error in insert_definition for word ID 48: column "category" of relation "definitions" does not exist
LINE 8:                 category, 
                        ^

2025-03-29 09:31:08,440 - ERROR - Database error in insert_definition for word ID 48: column "category" of relation "definitions" does not exist
LINE 8:                 category, 
                        ^

2025-03-29 09:31:08,443 - ERROR - Database error in insert_definition for word ID 49: column "category" of relation "definitions" does not exist
LINE 8:                 category, 
                        ^

2025-03-29 09:31:08,447 - ERROR - Database error in insert_definition for word ID 50: column "category" of relation "definitions" does not exist
LINE 8:                 category, 
                        ^

2025-03-29 09:31:08,451 - ERROR - Database error in insert_definition for word ID 51: column "category" of relation "definitions" does not exist
LINE 8:                 category, 
                        ^

2025-03-29 09:31:08,452 - ERROR - Database error in insert_definition for word ID 51: column "category" of relation "definitions" does not exist
LINE 8:                 category, 
                        ^

2025-03-29 09:31:08,456 - ERROR - Database error in insert_definition for word ID 52: column "category" of relation "definitions" does not exist
LINE 8:                 category, 
                        ^

2025-03-29 09:31:08,457 - ERROR - Database error in insert_definition for word ID 52: column "category" of relation "definitions" does not exist
LINE 8:                 category, 
                        ^

2025-03-29 09:31:08,460 - ERROR - Database error in insert_definition for word ID 53: column "category" of relation "definitions" does not exist
LINE 8:                 category, 
                        ^

2025-03-29 09:31:08,461 - ERROR - Database error in insert_definition for word ID 53: column "category" of relation "definitions" does not exist
LINE 8:                 category, 
                        ^

2025-03-29 09:31:08,463 - ERROR - Database error in insert_definition for word ID 53: column "category" of relation "definitions" does not exist
LINE 8:                 category, 
                        ^

2025-03-29 09:31:08,465 - ERROR - Database error in insert_definition for word ID 54: column "category" of relation "definitions" does not exist
LINE 8:                 category, 
                        ^

2025-03-29 09:31:08,469 - ERROR - Database error in insert_definition for word ID 55: column "category" of relation "definitions" does not exist
LINE 8:                 category, 
                        ^

2025-03-29 09:31:08,472 - ERROR - Database error in insert_definition for word ID 56: column "category" of relation "definitions" does not exist
LINE 8:                 category, 
                        ^

2025-03-29 09:31:08,476 - ERROR - Database error in insert_definition for word ID 57: column "category" of relation "definitions" does not exist
LINE 8:                 category, 
                        ^

2025-03-29 09:31:08,479 - ERROR - Database error in insert_definition for word ID 58: column "category" of relation "definitions" does not exist
LINE 8:                 category, 
                        ^

2025-03-29 09:31:08,484 - ERROR - Database error in insert_definition for word ID 59: column "category" of relation "definitions" does not exist
LINE 8:                 category, 
                        ^

2025-03-29 09:31:08,488 - ERROR - Database error in insert_definition for word ID 60: column "category" of relation "definitions" does not exist
LINE 8:                 category, 
                        ^

2025-03-29 09:31:08,493 - ERROR - Database error in insert_definition for word ID 61: column "category" of relation "definitions" does not exist
LINE 8:                 category, 
                        ^

2025-03-29 09:31:08,494 - ERROR - Database error in insert_definition for word ID 61: column "category" of relation "definitions" does not exist
LINE 8:                 category, 
                        ^

2025-03-29 09:31:08,497 - ERROR - Database error in insert_definition for word ID 62: column "category" of relation "definitions" does not exist
LINE 8:                 category, 
                        ^

2025-03-29 09:31:08,501 - ERROR - Database error in insert_definition for word ID 63: column "category" of relation "definitions" does not exist
LINE 8:                 category, 
                        ^

2025-03-29 09:31:08,504 - ERROR - Database error in insert_definition for word ID 64: column "category" of relation "definitions" does not exist
LINE 8:                 category, 
                        ^

2025-03-29 09:31:08,508 - ERROR - Database error in insert_definition for word ID 65: column "category" of relation "definitions" does not exist
LINE 8:                 category, 
                        ^

2025-03-29 09:31:08,509 - ERROR - Database error in insert_definition for word ID 65: column "category" of relation "definitions" does not exist
LINE 8:                 category, 
                        ^

2025-03-29 09:31:08,513 - ERROR - Database error in insert_definition for word ID 66: column "category" of relation "definitions" does not exist
LINE 8:                 category, 
                        ^

2025-03-29 09:31:08,516 - ERROR - Database error in insert_definition for word ID 67: column "category" of relation "definitions" does not exist
LINE 8:                 category, 
                        ^

2025-03-29 09:31:08,519 - ERROR - Database error in insert_definition for word ID 68: column "category" of relation "definitions" does not exist
LINE 8:                 category, 
                        ^

2025-03-29 09:31:08,523 - ERROR - Database error in insert_definition for word ID 69: column "category" of relation "definitions" does not exist
LINE 8:                 category, 
                        ^

2025-03-29 09:31:08,524 - ERROR - Database error in insert_definition for word ID 69: column "category" of relation "definitions" does not exist
LINE 8:                 category, 
                        ^

2025-03-29 09:31:08,525 - ERROR - Database error in insert_definition for word ID 69: column "category" of relation "definitions" does not exist
LINE 8:                 category, 
                        ^

2025-03-29 09:31:08,527 - ERROR - Database error in insert_definition for word ID 69: column "category" of relation "definitions" does not exist
LINE 8:                 category, 
                        ^

2025-03-29 09:31:08,530 - ERROR - Database error in insert_definition for word ID 70: column "category" of relation "definitions" does not exist
LINE 8:                 category, 
                        ^

2025-03-29 09:31:08,533 - ERROR - Database error in insert_definition for word ID 70: column "category" of relation "definitions" does not exist
LINE 8:                 category, 
                        ^

2025-03-29 09:31:08,536 - ERROR - Database error in insert_definition for word ID 71: column "category" of relation "definitions" does not exist
LINE 8:                 category, 
                        ^

2025-03-29 09:31:08,539 - ERROR - Database error in insert_definition for word ID 72: column "category" of relation "definitions" does not exist
LINE 8:                 category, 
                        ^

2025-03-29 09:31:08,543 - ERROR - Database error in insert_definition for word ID 73: column "category" of relation "definitions" does not exist
LINE 8:                 category, 
                        ^

2025-03-29 09:31:08,547 - ERROR - Database error in insert_definition for word ID 74: column "category" of relation "definitions" does not exist
LINE 8:                 category, 
                        ^

2025-03-29 09:31:08,548 - ERROR - Database error in insert_definition for word ID 74: column "category" of relation "definitions" does not exist
LINE 8:                 category, 
                        ^

2025-03-29 09:31:08,550 - ERROR - Database error in insert_definition for word ID 74: column "category" of relation "definitions" does not exist
LINE 8:                 category, 
                        ^

2025-03-29 09:31:08,557 - ERROR - Database error in insert_definition for word ID 75: column "category" of relation "definitions" does not exist
LINE 8:                 category, 
                        ^

2025-03-29 09:31:08,561 - ERROR - Database error in insert_definition for word ID 76: column "category" of relation "definitions" does not exist
LINE 8:                 category, 
                        ^

2025-03-29 09:31:08,563 - ERROR - Database error in insert_definition for word ID 76: column "category" of relation "definitions" does not exist
LINE 8:                 category, 
                        ^

2025-03-29 09:31:08,569 - ERROR - Database error in insert_definition for word ID 77: column "category" of relation "definitions" does not exist
LINE 8:                 category, 
                        ^

2025-03-29 09:31:08,571 - ERROR - Database error in insert_definition for word ID 77: column "category" of relation "definitions" does not exist
LINE 8:                 category, 
                        ^

2025-03-29 09:31:08,577 - ERROR - Database error in insert_definition for word ID 78: column "category" of relation "definitions" does not exist
LINE 8:                 category, 
                        ^

2025-03-29 09:31:08,579 - ERROR - Database error in insert_definition for word ID 78: column "category" of relation "definitions" does not exist
LINE 8:                 category, 
                        ^

2025-03-29 09:31:08,580 - ERROR - Database error in insert_definition for word ID 78: column "category" of relation "definitions" does not exist
LINE 8:                 category, 
                        ^

2025-03-29 09:31:08,582 - ERROR - Database error in insert_definition for word ID 78: column "category" of relation "definitions" does not exist
LINE 8:                 category, 
                        ^

2025-03-29 09:31:08,585 - ERROR - Database error in insert_definition for word ID 79: column "category" of relation "definitions" does not exist
LINE 8:                 category, 
                        ^

2025-03-29 09:31:08,589 - ERROR - Database error in insert_definition for word ID 80: column "category" of relation "definitions" does not exist
LINE 8:                 category, 
                        ^

2025-03-29 09:31:08,593 - ERROR - Database error in insert_definition for word ID 81: column "category" of relation "definitions" does not exist
LINE 8:                 category, 
                        ^

2025-03-29 09:31:08,597 - ERROR - Database error in insert_definition for word ID 81: column "category" of relation "definitions" does not exist
LINE 8:                 category, 
                        ^

2025-03-29 09:31:08,602 - ERROR - Database error in insert_definition for word ID 82: column "category" of relation "definitions" does not exist
LINE 8:                 category, 
                        ^

2025-03-29 09:31:08,605 - ERROR - Database error in insert_definition for word ID 83: column "category" of relation "definitions" does not exist
LINE 8:                 category, 
                        ^

2025-03-29 09:31:08,609 - ERROR - Database error in insert_definition for word ID 84: column "category" of relation "definitions" does not exist
LINE 8:                 category, 
                        ^

2025-03-29 09:31:08,612 - ERROR - Database error in insert_definition for word ID 85: column "category" of relation "definitions" does not exist
LINE 8:                 category, 
                        ^

2025-03-29 09:31:08,616 - ERROR - Database error in insert_definition for word ID 86: column "category" of relation "definitions" does not exist
LINE 8:                 category, 
                        ^

2025-03-29 09:31:08,619 - ERROR - Database error in insert_definition for word ID 87: column "category" of relation "definitions" does not exist
LINE 8:                 category, 
                        ^

2025-03-29 09:31:08,620 - ERROR - Database error in insert_definition for word ID 87: column "category" of relation "definitions" does not exist
LINE 8:                 category, 
                        ^

2025-03-29 09:31:08,625 - ERROR - Database error in insert_definition for word ID 88: column "category" of relation "definitions" does not exist
LINE 8:                 category, 
                        ^

2025-03-29 09:31:08,628 - ERROR - Database error in insert_definition for word ID 89: column "category" of relation "definitions" does not exist
LINE 8:                 category, 
                        ^

2025-03-29 09:31:08,631 - ERROR - Database error in insert_definition for word ID 90: column "category" of relation "definitions" does not exist
LINE 8:                 category, 
                        ^

2025-03-29 09:31:08,635 - ERROR - Database error in insert_definition for word ID 91: column "category" of relation "definitions" does not exist
LINE 8:                 category, 
                        ^

2025-03-29 09:31:08,639 - ERROR - Database error in insert_definition for word ID 92: column "category" of relation "definitions" does not exist
LINE 8:                 category, 
                        ^

2025-03-29 09:31:08,641 - ERROR - Database error in insert_definition for word ID 92: column "category" of relation "definitions" does not exist
LINE 8:                 category, 
                        ^

2025-03-29 09:31:08,644 - ERROR - Database error in insert_definition for word ID 93: column "category" of relation "definitions" does not exist
LINE 8:                 category, 
                        ^

2025-03-29 09:31:08,647 - ERROR - Database error in insert_definition for word ID 94: column "category" of relation "definitions" does not exist
LINE 8:                 category, 
                        ^

2025-03-29 09:31:08,651 - ERROR - Database error in insert_definition for word ID 95: column "category" of relation "definitions" does not exist
LINE 8:                 category, 
                        ^

2025-03-29 09:31:08,654 - ERROR - Database error in insert_definition for word ID 96: column "category" of relation "definitions" does not exist
LINE 8:                 category, 
                        ^

2025-03-29 09:31:08,657 - ERROR - Database error in insert_definition for word ID 97: column "category" of relation "definitions" does not exist
LINE 8:                 category, 
                        ^

2025-03-29 09:31:08,660 - ERROR - Database error in insert_definition for word ID 98: column "category" of relation "definitions" does not exist
LINE 8:                 category, 
                        ^

2025-03-29 09:31:08,663 - ERROR - Database error in insert_definition for word ID 99: column "category" of relation "definitions" does not exist
LINE 8:                 category, 
                        ^

2025-03-29 09:31:08,664 - ERROR - Database error in insert_definition for word ID 99: column "category" of relation "definitions" does not exist
LINE 8:                 category, 
                        ^

2025-03-29 09:31:08,667 - ERROR - Database error in insert_definition for word ID 100: column "category" of relation "definitions" does not exist
LINE 8:                 category, 
                        ^

2025-03-29 09:31:08,669 - ERROR - Database error in insert_definition for word ID 100: column "category" of relation "definitions" does not exist
LINE 8:                 category, 
                        ^

2025-03-29 09:31:08,672 - ERROR - Database error in insert_definition for word ID 101: column "category" of relation "definitions" does not exist
LINE 8:                 category, 
                        ^

2025-03-29 09:31:08,675 - ERROR - Database error in insert_definition for word ID 101: column "category" of relation "definitions" does not exist
LINE 8:                 category, 
                        ^

2025-03-29 09:31:08,676 - ERROR - Database error in insert_definition for word ID 101: column "category" of relation "definitions" does not exist
LINE 8:                 category, 
                        ^

2025-03-29 09:31:08,679 - ERROR - Database error in insert_definition for word ID 102: column "category" of relation "definitions" does not exist
LINE 8:                 category, 
                        ^

2025-03-29 09:31:08,685 - ERROR - Database error in insert_definition for word ID 103: column "category" of relation "definitions" does not exist
LINE 8:                 category, 
                        ^

2025-03-29 09:31:08,688 - ERROR - Database error in insert_definition for word ID 104: column "category" of relation "definitions" does not exist
LINE 8:                 category, 
                        ^

2025-03-29 09:31:08,692 - ERROR - Database error in insert_definition for word ID 105: column "category" of relation "definitions" does not exist
LINE 8:                 category, 
                        ^

2025-03-29 09:31:08,696 - ERROR - Database error in insert_definition for word ID 106: column "category" of relation "definitions" does not exist
LINE 8:                 category, 
                        ^

2025-03-29 09:31:08,700 - ERROR - Database error in insert_definition for word ID 107: column "category" of relation "definitions" does not exist
LINE 8:                 category, 
                        ^

2025-03-29 09:31:08,705 - ERROR - Database error in insert_definition for word ID 108: column "category" of relation "definitions" does not exist
LINE 8:                 category, 
                        ^

2025-03-29 09:31:08,709 - ERROR - Database error in insert_definition for word ID 109: column "category" of relation "definitions" does not exist
LINE 8:                 category, 
                        ^

2025-03-29 09:31:08,712 - ERROR - Database error in insert_definition for word ID 110: column "category" of relation "definitions" does not exist
LINE 8:                 category, 
                        ^

2025-03-29 09:31:08,716 - ERROR - Database error in insert_definition for word ID 111: column "category" of relation "definitions" does not exist
LINE 8:                 category, 
                        ^

2025-03-29 09:31:08,719 - ERROR - Database error in insert_definition for word ID 112: column "category" of relation "definitions" does not exist
LINE 8:                 category, 
                        ^

2025-03-29 09:31:08,722 - ERROR - Database error in insert_definition for word ID 113: column "category" of relation "definitions" does not exist
LINE 8:                 category, 
                        ^

2025-03-29 09:31:08,726 - ERROR - Database error in insert_definition for word ID 114: column "category" of relation "definitions" does not exist
LINE 8:                 category, 
                        ^

2025-03-29 09:31:08,728 - ERROR - Database error in insert_definition for word ID 115: column "category" of relation "definitions" does not exist
LINE 8:                 category, 
                        ^

2025-03-29 09:31:08,732 - ERROR - Database error in insert_definition for word ID 115: column "category" of relation "definitions" does not exist
LINE 8:                 category, 
                        ^

2025-03-29 09:31:08,735 - ERROR - Database error in insert_definition for word ID 116: column "category" of relation "definitions" does not exist
LINE 8:                 category, 
                        ^

2025-03-29 09:31:08,739 - ERROR - Database error in insert_definition for word ID 117: column "category" of relation "definitions" does not exist
LINE 8:                 category, 
                        ^

2025-03-29 09:31:08,742 - ERROR - Database error in insert_definition for word ID 118: column "category" of relation "definitions" does not exist
LINE 8:                 category, 
                        ^

2025-03-29 09:31:08,745 - ERROR - Database error in insert_definition for word ID 119: column "category" of relation "definitions" does not exist
LINE 8:                 category, 
                        ^

2025-03-29 09:31:08,749 - ERROR - Database error in insert_definition for word ID 119: column "category" of relation "definitions" does not exist
LINE 8:                 category, 
                        ^

2025-03-29 09:31:08,752 - ERROR - Database error in insert_definition for word ID 120: column "category" of relation "definitions" does not exist
LINE 8:                 category, 
                        ^

2025-03-29 09:31:08,755 - ERROR - Database error in insert_definition for word ID 121: column "category" of relation "definitions" does not exist
LINE 8:                 category, 
                        ^

2025-03-29 09:31:08,758 - ERROR - Database error in insert_definition for word ID 122: column "category" of relation "definitions" does not exist
LINE 8:                 category, 
                        ^

2025-03-29 09:31:08,762 - ERROR - Database error in insert_definition for word ID 123: column "category" of relation "definitions" does not exist
LINE 8:                 category, 
                        ^

2025-03-29 09:31:08,763 - ERROR - Database error in insert_definition for word ID 123: column "category" of relation "definitions" does not exist
LINE 8:                 category, 
                        ^

2025-03-29 09:31:08,766 - ERROR - Database error in insert_definition for word ID 124: column "category" of relation "definitions" does not exist
LINE 8:                 category, 
                        ^

2025-03-29 09:31:08,769 - ERROR - Database error in insert_definition for word ID 125: column "category" of relation "definitions" does not exist
LINE 8:                 category, 
                        ^

2025-03-29 09:31:08,772 - ERROR - Database error in insert_definition for word ID 126: column "category" of relation "definitions" does not exist
LINE 8:                 category, 
                        ^

2025-03-29 09:31:08,776 - ERROR - Database error in insert_definition for word ID 127: column "category" of relation "definitions" does not exist
LINE 8:                 category, 
                        ^

2025-03-29 09:31:08,780 - ERROR - Database error in insert_definition for word ID 128: column "category" of relation "definitions" does not exist
LINE 8:                 category, 
                        ^

2025-03-29 09:31:08,784 - ERROR - Database error in insert_definition for word ID 129: column "category" of relation "definitions" does not exist
LINE 8:                 category, 
                        ^

2025-03-29 09:31:08,785 - ERROR - Database error in insert_definition for word ID 129: column "category" of relation "definitions" does not exist
LINE 8:                 category, 
                        ^

2025-03-29 09:31:08,787 - ERROR - Database error in insert_definition for word ID 129: column "category" of relation "definitions" does not exist
LINE 8:                 category, 
                        ^

2025-03-29 09:31:08,788 - ERROR - Database error in insert_definition for word ID 129: column "category" of relation "definitions" does not exist
LINE 8:                 category, 
                        ^

2025-03-29 09:31:08,791 - ERROR - Database error in insert_definition for word ID 129: column "category" of relation "definitions" does not exist
LINE 8:                 category, 
                        ^

2025-03-29 09:31:08,792 - ERROR - Database error in insert_definition for word ID 129: column "category" of relation "definitions" does not exist
LINE 8:                 category, 
                        ^

2025-03-29 09:31:08,795 - ERROR - Database error in insert_definition for word ID 130: column "category" of relation "definitions" does not exist
LINE 8:                 category, 
                        ^

2025-03-29 09:31:08,799 - ERROR - Database error in insert_definition for word ID 131: column "category" of relation "definitions" does not exist
LINE 8:                 category, 
                        ^

2025-03-29 09:31:08,800 - ERROR - Database error in insert_definition for word ID 131: column "category" of relation "definitions" does not exist
LINE 8:                 category, 
                        ^

2025-03-29 09:31:08,802 - ERROR - Database error in insert_definition for word ID 132: column "category" of relation "definitions" does not exist
LINE 8:                 category, 
                        ^

2025-03-29 09:31:08,803 - ERROR - Database error in insert_definition for word ID 132: column "category" of relation "definitions" does not exist
LINE 8:                 category, 
                        ^

2025-03-29 09:31:08,805 - ERROR - Database error in insert_definition for word ID 132: column "category" of relation "definitions" does not exist
LINE 8:                 category, 
                        ^

2025-03-29 09:31:08,811 - ERROR - Database error in insert_definition for word ID 132: column "category" of relation "definitions" does not exist
LINE 8:                 category, 
                        ^

2025-03-29 09:31:08,815 - ERROR - Database error in insert_definition for word ID 133: column "category" of relation "definitions" does not exist
LINE 8:                 category, 
                        ^

2025-03-29 09:31:08,819 - ERROR - Database error in insert_definition for word ID 134: column "category" of relation "definitions" does not exist
LINE 8:                 category, 
                        ^

2025-03-29 09:31:08,825 - ERROR - Database error in insert_definition for word ID 135: column "category" of relation "definitions" does not exist
LINE 8:                 category, 
                        ^

2025-03-29 09:31:08,829 - ERROR - Database error in insert_definition for word ID 136: column "category" of relation "definitions" does not exist
LINE 8:                 category, 
                        ^

2025-03-29 09:31:08,833 - ERROR - Database error in insert_definition for word ID 137: column "category" of relation "definitions" does not exist
LINE 8:                 category, 
                        ^

2025-03-29 09:31:08,835 - ERROR - Database error in insert_definition for word ID 137: column "category" of relation "definitions" does not exist
LINE 8:                 category, 
                        ^

2025-03-29 09:31:08,840 - ERROR - Database error in insert_definition for word ID 138: column "category" of relation "definitions" does not exist
LINE 8:                 category, 
                        ^

2025-03-29 09:31:08,844 - ERROR - Database error in insert_definition for word ID 139: column "category" of relation "definitions" does not exist
LINE 8:                 category, 
                        ^

2025-03-29 09:31:08,847 - ERROR - Database error in insert_definition for word ID 140: column "category" of relation "definitions" does not exist
LINE 8:                 category, 
                        ^

2025-03-29 09:31:08,848 - ERROR - Database error in insert_definition for word ID 140: column "category" of relation "definitions" does not exist
LINE 8:                 category, 
                        ^

2025-03-29 09:31:08,850 - ERROR - Database error in insert_definition for word ID 140: column "category" of relation "definitions" does not exist
LINE 8:                 category, 
                        ^

2025-03-29 09:31:08,855 - ERROR - Database error in insert_definition for word ID 141: column "category" of relation "definitions" does not exist
LINE 8:                 category, 
                        ^

2025-03-29 09:31:08,857 - ERROR - Database error in insert_definition for word ID 141: column "category" of relation "definitions" does not exist
LINE 8:                 category, 
                        ^

2025-03-29 09:31:08,860 - ERROR - Database error in insert_definition for word ID 142: column "category" of relation "definitions" does not exist
LINE 8:                 category, 
                        ^

2025-03-29 09:31:08,865 - ERROR - Database error in insert_definition for word ID 143: column "category" of relation "definitions" does not exist
LINE 8:                 category, 
                        ^

2025-03-29 09:31:08,870 - ERROR - Database error in insert_definition for word ID 144: column "category" of relation "definitions" does not exist
LINE 8:                 category, 
                        ^

2025-03-29 09:31:08,875 - ERROR - Database error in insert_definition for word ID 145: column "category" of relation "definitions" does not exist
LINE 8:                 category, 
                        ^

2025-03-29 09:31:08,879 - ERROR - Database error in insert_definition for word ID 146: column "category" of relation "definitions" does not exist
LINE 8:                 category, 
                        ^

2025-03-29 09:31:08,885 - ERROR - Database error in insert_definition for word ID 147: column "category" of relation "definitions" does not exist
LINE 8:                 category, 
                        ^

2025-03-29 09:31:08,889 - ERROR - Database error in insert_definition for word ID 148: column "category" of relation "definitions" does not exist
LINE 8:                 category, 
                        ^

2025-03-29 09:31:08,891 - ERROR - Database error in insert_definition for word ID 148: column "category" of relation "definitions" does not exist
LINE 8:                 category, 
                        ^

2025-03-29 09:31:08,892 - ERROR - Database error in insert_definition for word ID 148: column "category" of relation "definitions" does not exist
LINE 8:                 category, 
                        ^

2025-03-29 09:31:08,893 - ERROR - Database error in insert_definition for word ID 148: column "category" of relation "definitions" does not exist
LINE 8:                 category, 
                        ^

2025-03-29 09:31:08,895 - ERROR - Database error in insert_definition for word ID 148: column "category" of relation "definitions" does not exist
LINE 8:                 category, 
                        ^

2025-03-29 09:31:08,898 - ERROR - Database error in insert_definition for word ID 148: column "category" of relation "definitions" does not exist
LINE 8:                 category, 
                        ^

2025-03-29 09:31:08,899 - ERROR - Database error in insert_definition for word ID 148: column "category" of relation "definitions" does not exist
LINE 8:                 category, 
                        ^

2025-03-29 09:31:08,904 - ERROR - Database error in insert_definition for word ID 149: column "category" of relation "definitions" does not exist
LINE 8:                 category, 
                        ^

2025-03-29 09:31:08,908 - ERROR - Database error in insert_definition for word ID 150: column "category" of relation "definitions" does not exist
LINE 8:                 category, 
                        ^

2025-03-29 09:31:08,912 - ERROR - Database error in insert_definition for word ID 151: column "category" of relation "definitions" does not exist
LINE 8:                 category, 
                        ^

2025-03-29 09:31:08,913 - ERROR - Database error in insert_definition for word ID 151: column "category" of relation "definitions" does not exist
LINE 8:                 category, 
                        ^

2025-03-29 09:31:08,918 - ERROR - Database error in insert_definition for word ID 152: column "category" of relation "definitions" does not exist
LINE 8:                 category, 
                        ^

2025-03-29 09:31:08,923 - ERROR - Database error in insert_definition for word ID 153: column "category" of relation "definitions" does not exist
LINE 8:                 category, 
                        ^

2025-03-29 09:31:08,928 - ERROR - Database error in insert_definition for word ID 154: column "category" of relation "definitions" does not exist
LINE 8:                 category, 
                        ^

2025-03-29 09:31:08,930 - ERROR - Database error in insert_definition for word ID 154: column "category" of relation "definitions" does not exist
LINE 8:                 category, 
                        ^

2025-03-29 09:31:08,933 - ERROR - Database error in insert_definition for word ID 155: column "category" of relation "definitions" does not exist
LINE 8:                 category, 
                        ^

2025-03-29 09:31:08,937 - ERROR - Database error in insert_definition for word ID 156: column "category" of relation "definitions" does not exist
LINE 8:                 category, 
                        ^

2025-03-29 09:31:08,943 - ERROR - Database error in insert_definition for word ID 157: column "category" of relation "definitions" does not exist
LINE 8:                 category, 
                        ^

2025-03-29 09:31:08,948 - ERROR - Database error in insert_definition for word ID 158: column "category" of relation "definitions" does not exist
LINE 8:                 category, 
                        ^

2025-03-29 09:31:08,950 - ERROR - Database error in insert_definition for word ID 158: column "category" of relation "definitions" does not exist
LINE 8:                 category, 
                        ^

2025-03-29 09:31:08,952 - ERROR - Database error in insert_definition for word ID 158: column "category" of relation "definitions" does not exist
LINE 8:                 category, 
                        ^

2025-03-29 09:31:08,956 - ERROR - Database error in insert_definition for word ID 158: column "category" of relation "definitions" does not exist
LINE 8:                 category, 
                        ^

2025-03-29 09:31:08,958 - ERROR - Database error in insert_definition for word ID 158: column "category" of relation "definitions" does not exist
LINE 8:                 category, 
                        ^

2025-03-29 09:31:08,959 - ERROR - Database error in insert_definition for word ID 158: column "category" of relation "definitions" does not exist
LINE 8:                 category, 
                        ^

2025-03-29 09:31:08,963 - ERROR - Database error in insert_definition for word ID 159: column "category" of relation "definitions" does not exist
LINE 8:                 category, 
                        ^

2025-03-29 09:31:08,967 - ERROR - Database error in insert_definition for word ID 160: column "category" of relation "definitions" does not exist
LINE 8:                 category, 
                        ^

2025-03-29 09:31:08,969 - ERROR - Database error in insert_definition for word ID 161: column "category" of relation "definitions" does not exist
LINE 8:                 category, 
                        ^

2025-03-29 09:31:08,974 - ERROR - Database error in insert_definition for word ID 162: column "category" of relation "definitions" does not exist
LINE 8:                 category, 
                        ^

2025-03-29 09:31:08,976 - ERROR - Database error in insert_definition for word ID 163: column "category" of relation "definitions" does not exist
LINE 8:                 category, 
                        ^

2025-03-29 09:31:08,979 - ERROR - Database error in insert_definition for word ID 164: column "category" of relation "definitions" does not exist
LINE 8:                 category, 
                        ^

2025-03-29 09:31:08,983 - ERROR - Database error in insert_definition for word ID 165: column "category" of relation "definitions" does not exist
LINE 8:                 category, 
                        ^

2025-03-29 09:31:08,985 - ERROR - Database error in insert_definition for word ID 166: column "category" of relation "definitions" does not exist
LINE 8:                 category, 
                        ^

2025-03-29 09:31:08,988 - ERROR - Database error in insert_definition for word ID 167: column "category" of relation "definitions" does not exist
LINE 8:                 category, 
                        ^

2025-03-29 09:31:08,992 - ERROR - Database error in insert_definition for word ID 168: column "category" of relation "definitions" does not exist
LINE 8:                 category, 
                        ^

2025-03-29 09:31:08,994 - ERROR - Database error in insert_definition for word ID 169: column "category" of relation "definitions" does not exist
LINE 8:                 category, 
                        ^

2025-03-29 09:31:08,997 - ERROR - Database error in insert_definition for word ID 170: column "category" of relation "definitions" does not exist
LINE 8:                 category, 
                        ^

2025-03-29 09:31:08,999 - ERROR - Database error in insert_definition for word ID 170: column "category" of relation "definitions" does not exist
LINE 8:                 category, 
                        ^

2025-03-29 09:31:09,002 - ERROR - Database error in insert_definition for word ID 171: column "category" of relation "definitions" does not exist
LINE 8:                 category, 
                        ^

2025-03-29 09:31:09,006 - ERROR - Database error in insert_definition for word ID 172: column "category" of relation "definitions" does not exist
LINE 8:                 category, 
                        ^

2025-03-29 09:31:09,010 - ERROR - Database error in insert_definition for word ID 173: column "category" of relation "definitions" does not exist
LINE 8:                 category, 
                        ^

2025-03-29 09:31:09,013 - ERROR - Database error in insert_definition for word ID 174: column "category" of relation "definitions" does not exist
LINE 8:                 category, 
                        ^

2025-03-29 09:31:09,016 - ERROR - Database error in insert_definition for word ID 175: column "category" of relation "definitions" does not exist
LINE 8:                 category, 
                        ^

2025-03-29 09:31:09,018 - ERROR - Database error in insert_definition for word ID 175: column "category" of relation "definitions" does not exist
LINE 8:                 category, 
                        ^

2025-03-29 09:31:09,022 - ERROR - Database error in insert_definition for word ID 176: column "category" of relation "definitions" does not exist
LINE 8:                 category, 
                        ^

2025-03-29 09:31:09,025 - ERROR - Database error in insert_definition for word ID 177: column "category" of relation "definitions" does not exist
LINE 8:                 category, 
                        ^

2025-03-29 09:31:09,028 - ERROR - Database error in insert_definition for word ID 178: column "category" of relation "definitions" does not exist
LINE 8:                 category, 
                        ^

2025-03-29 09:31:09,032 - ERROR - Database error in insert_definition for word ID 179: column "category" of relation "definitions" does not exist
LINE 8:                 category, 
                        ^

2025-03-29 09:31:09,034 - ERROR - Database error in insert_definition for word ID 179: column "category" of relation "definitions" does not exist
LINE 8:                 category, 
                        ^

2025-03-29 09:31:09,035 - ERROR - Database error in insert_definition for word ID 179: column "category" of relation "definitions" does not exist
LINE 8:                 category, 
                        ^

2025-03-29 09:31:09,037 - ERROR - Database error in insert_definition for word ID 180: column "category" of relation "definitions" does not exist
LINE 8:                 category, 
                        ^

2025-03-29 09:31:09,042 - ERROR - Database error in insert_definition for word ID 181: column "category" of relation "definitions" does not exist
LINE 8:                 category, 
                        ^

2025-03-29 09:31:09,045 - ERROR - Database error in insert_definition for word ID 182: column "category" of relation "definitions" does not exist
LINE 8:                 category, 
                        ^

2025-03-29 09:31:09,049 - ERROR - Database error in insert_definition for word ID 183: column "category" of relation "definitions" does not exist
LINE 8:                 category, 
                        ^

2025-03-29 09:31:09,054 - ERROR - Database error in insert_definition for word ID 184: column "category" of relation "definitions" does not exist
LINE 8:                 category, 
                        ^

2025-03-29 09:31:09,056 - ERROR - Database error in insert_definition for word ID 184: column "category" of relation "definitions" does not exist
LINE 8:                 category, 
                        ^

2025-03-29 09:31:09,058 - ERROR - Database error in insert_definition for word ID 184: column "category" of relation "definitions" does not exist
LINE 8:                 category, 
                        ^

2025-03-29 09:31:09,065 - ERROR - Database error in insert_relation: relation "word_relations" does not exist
LINE 2:             INSERT INTO word_relations 
                                ^

2025-03-29 09:31:09,068 - ERROR - Database error in insert_definition for word ID 184: column "category" of relation "definitions" does not exist
LINE 8:                 category, 
                        ^

2025-03-29 09:31:09,069 - ERROR - Database error in insert_definition for word ID 184: column "category" of relation "definitions" does not exist
LINE 8:                 category, 
                        ^

2025-03-29 09:31:09,072 - ERROR - Database error in insert_definition for word ID 184: column "category" of relation "definitions" does not exist
LINE 8:                 category, 
                        ^

2025-03-29 09:31:09,074 - ERROR - Database error in insert_definition for word ID 184: column "category" of relation "definitions" does not exist
LINE 8:                 category, 
                        ^

2025-03-29 09:31:09,078 - ERROR - Database error in insert_definition for word ID 186: column "category" of relation "definitions" does not exist
LINE 8:                 category, 
                        ^

2025-03-29 09:31:09,082 - ERROR - Database error in insert_definition for word ID 187: column "category" of relation "definitions" does not exist
LINE 8:                 category, 
                        ^

2025-03-29 09:31:09,085 - ERROR - Database error in insert_definition for word ID 188: column "category" of relation "definitions" does not exist
LINE 8:                 category, 
                        ^

2025-03-29 09:31:09,089 - ERROR - Database error in insert_definition for word ID 189: column "category" of relation "definitions" does not exist
LINE 8:                 category, 
                        ^

2025-03-29 09:31:09,092 - ERROR - Database error in insert_definition for word ID 190: column "category" of relation "definitions" does not exist
LINE 8:                 category, 
                        ^

2025-03-29 09:31:09,095 - ERROR - Database error in insert_definition for word ID 191: column "category" of relation "definitions" does not exist
LINE 8:                 category, 
                        ^

2025-03-29 09:31:09,099 - ERROR - Database error in insert_relation: relation "word_relations" does not exist
LINE 2:             INSERT INTO word_relations 
                                ^

2025-03-29 09:31:09,101 - ERROR - Database error in insert_definition for word ID 192: column "category" of relation "definitions" does not exist
LINE 8:                 category, 
                        ^

2025-03-29 09:31:09,102 - ERROR - Database error in insert_definition for word ID 192: column "category" of relation "definitions" does not exist
LINE 8:                 category, 
                        ^

2025-03-29 09:31:09,102 - ERROR - Database error in insert_definition for word ID 192: column "category" of relation "definitions" does not exist
LINE 8:                 category, 
                        ^

2025-03-29 09:31:09,106 - ERROR - Database error in insert_definition for word ID 192: column "category" of relation "definitions" does not exist
LINE 8:                 category, 
                        ^

2025-03-29 09:31:09,107 - ERROR - Database error in insert_definition for word ID 192: column "category" of relation "definitions" does not exist
LINE 8:                 category, 
                        ^

2025-03-29 09:31:09,108 - ERROR - Database error in insert_definition for word ID 192: column "category" of relation "definitions" does not exist
LINE 8:                 category, 
                        ^

2025-03-29 09:31:09,109 - ERROR - Database error in insert_definition for word ID 192: column "category" of relation "definitions" does not exist
LINE 8:                 category, 
                        ^

2025-03-29 09:31:09,110 - ERROR - Database error in insert_definition for word ID 192: column "category" of relation "definitions" does not exist
LINE 8:                 category, 
                        ^

2025-03-29 09:31:09,115 - ERROR - Database error in insert_definition for word ID 194: column "category" of relation "definitions" does not exist
LINE 8:                 category, 
                        ^

2025-03-29 09:31:09,118 - ERROR - Database error in insert_definition for word ID 195: column "category" of relation "definitions" does not exist
LINE 8:                 category, 
                        ^

2025-03-29 09:31:09,121 - ERROR - Database error in insert_definition for word ID 195: column "category" of relation "definitions" does not exist
LINE 8:                 category, 
                        ^

2025-03-29 09:31:09,125 - ERROR - Database error in insert_definition for word ID 196: column "category" of relation "definitions" does not exist
LINE 8:                 category, 
                        ^

2025-03-29 09:31:09,130 - ERROR - Database error in insert_definition for word ID 197: column "category" of relation "definitions" does not exist
LINE 8:                 category, 
                        ^

2025-03-29 09:31:09,133 - ERROR - Database error in insert_definition for word ID 198: column "category" of relation "definitions" does not exist
LINE 8:                 category, 
                        ^

2025-03-29 09:31:09,136 - ERROR - Database error in insert_definition for word ID 198: column "category" of relation "definitions" does not exist
LINE 8:                 category, 
                        ^

2025-03-29 09:31:09,140 - ERROR - Database error in insert_definition for word ID 199: column "category" of relation "definitions" does not exist
LINE 8:                 category, 
                        ^

2025-03-29 09:31:09,143 - ERROR - Database error in insert_definition for word ID 200: column "category" of relation "definitions" does not exist
LINE 8:                 category, 
                        ^

2025-03-29 09:31:09,146 - ERROR - Database error in insert_definition for word ID 201: column "category" of relation "definitions" does not exist
LINE 8:                 category, 
                        ^

2025-03-29 09:31:09,150 - ERROR - Database error in insert_definition for word ID 202: column "category" of relation "definitions" does not exist
LINE 8:                 category, 
                        ^

2025-03-29 09:31:09,154 - ERROR - Database error in insert_definition for word ID 203: column "category" of relation "definitions" does not exist
LINE 8:                 category, 
                        ^

2025-03-29 09:31:09,159 - ERROR - Database error in insert_definition for word ID 204: column "category" of relation "definitions" does not exist
LINE 8:                 category, 
                        ^

2025-03-29 09:31:09,162 - ERROR - Database error in insert_definition for word ID 205: column "category" of relation "definitions" does not exist
LINE 8:                 category, 
                        ^

2025-03-29 09:31:09,166 - ERROR - Database error in insert_definition for word ID 206: column "category" of relation "definitions" does not exist
LINE 8:                 category, 
                        ^

