2025-02-09 11:24:46,371 - INFO - Attempting database connection...
2025-02-09 11:24:46,371 - INFO - Database configuration:
2025-02-09 11:24:46,372 - INFO -   Database Name: fil_dict_db
2025-02-09 11:24:46,373 - INFO -   User: postgres
2025-02-09 11:24:46,373 - INFO -   Host: localhost
2025-02-09 11:24:46,373 - INFO -   Password: ********
2025-02-09 11:24:46,503 - INFO - Successfully established database connection
2025-02-09 11:24:46,505 - INFO - Setting up PostgreSQL extensions...
2025-02-09 11:24:46,505 - INFO - Checking extension: pg_trgm
2025-02-09 11:24:46,515 - INFO - Extension already installed: pg_trgm
2025-02-09 11:24:46,516 - INFO - Checking extension: unaccent
2025-02-09 11:24:46,518 - INFO - Extension already installed: unaccent
2025-02-09 11:24:46,518 - INFO - Checking extension: fuzzystrmatch
2025-02-09 11:24:46,520 - INFO - Extension already installed: fuzzystrmatch
2025-02-09 11:24:46,520 - INFO - Extensions setup completed
2025-02-09 11:24:46,521 - INFO - Starting table creation/update process.
2025-02-09 11:24:46,624 - INFO - Tables created or updated successfully.
2025-02-09 11:24:46,635 - INFO - Processing Tagalog words from: data/tagalog-words.json
2025-02-09 11:24:47,170 - ERROR - Error processing Tagalog words file: Unsupported data format in tagalog-words.json
2025-02-09 11:24:47,171 - ERROR - Error processing file data/tagalog-words.json: Unsupported data format in tagalog-words.json
2025-02-09 11:24:47,172 - WARNING - Skipping file data/tagalog-words.json due to errors.
2025-02-09 11:24:47,221 - INFO - Processing root words from: data/root_words_with_associated_words_cleaned.json
