2025-02-09 00:28:27,885 - INFO - Attempting database connection...
2025-02-09 00:28:27,885 - INFO - Database configuration:
2025-02-09 00:28:27,885 - INFO -   Database Name: fil_dict_db
2025-02-09 00:28:27,885 - INFO -   User: postgres
2025-02-09 00:28:27,886 - INFO -   Host: localhost
2025-02-09 00:28:27,886 - INFO -   Password: ********
2025-02-09 00:28:27,922 - INFO - Successfully established database connection
2025-02-09 00:28:27,923 - INFO - Setting up PostgreSQL extensions...
2025-02-09 00:28:27,923 - INFO - Checking extension: pg_trgm
2025-02-09 00:28:27,930 - INFO - Extension already installed: pg_trgm
2025-02-09 00:28:27,930 - INFO - Checking extension: unaccent
2025-02-09 00:28:27,930 - INFO - Extension already installed: unaccent
2025-02-09 00:28:27,931 - INFO - Checking extension: fuzzystrmatch
2025-02-09 00:28:27,931 - INFO - Extension already installed: fuzzystrmatch
2025-02-09 00:28:27,931 - INFO - Extensions setup completed
2025-02-09 00:28:27,931 - INFO - Starting table creation/update process.
2025-02-09 00:28:27,943 - INFO - Tables created or updated successfully.
2025-02-09 00:28:27,946 - INFO - Processing Tagalog words from: data/tagalog-words.json
2025-02-09 00:29:44,437 - INFO - Processing root words from: data/root_words_with_associated_words_cleaned.json
2025-02-09 00:30:13,229 - INFO - Processing KWF dictionary from: data/kwf_dictionary.json
2025-02-09 00:31:32,959 - INFO - Starting to process Kaikki file: data/kaikki.jsonl
2025-02-09 00:31:32,988 - WARNING - Invalid Baybayin data for word 'lente', clearing baybayin fields.
2025-02-09 00:31:32,995 - WARNING - Invalid Baybayin data for word 'abnormal', clearing baybayin fields.
2025-02-09 00:31:32,997 - WARNING - Invalid Baybayin data for word 'abdominal', clearing baybayin fields.
2025-02-09 00:31:32,999 - WARNING - Invalid Baybayin data for word 'June', clearing baybayin fields.
2025-02-09 00:31:33,000 - WARNING - Invalid Baybayin data for word 'tago', clearing baybayin fields.
2025-02-09 00:31:33,013 - WARNING - Invalid Baybayin data for word 'tago', clearing baybayin fields.
2025-02-09 00:31:33,015 - WARNING - Invalid Baybayin data for word 'abdomen', clearing baybayin fields.
2025-02-09 00:31:33,017 - WARNING - Invalid Baybayin data for word 'absent', clearing baybayin fields.
2025-02-09 00:31:33,018 - WARNING - Invalid Baybayin data for word 'Esperanto', clearing baybayin fields.
2025-02-09 00:31:33,019 - WARNING - Invalid Baybayin data for word 'April', clearing baybayin fields.
2025-02-09 00:31:33,021 - WARNING - Invalid Baybayin data for word 'libre', clearing baybayin fields.
2025-02-09 00:31:33,035 - WARNING - Invalid Baybayin data for word 'libre', clearing baybayin fields.
2025-02-09 00:31:33,049 - WARNING - Invalid Baybayin data for word 'menos', clearing baybayin fields.
2025-02-09 00:31:33,051 - WARNING - Invalid Baybayin data for word 'January', clearing baybayin fields.
2025-02-09 00:31:33,054 - WARNING - Invalid Baybayin data for word 'abate', clearing baybayin fields.
2025-02-09 00:31:33,056 - WARNING - Invalid Baybayin data for word 'peso', clearing baybayin fields.
2025-02-09 00:31:33,057 - WARNING - Invalid Baybayin data for word 'tao', clearing baybayin fields.
2025-02-09 00:31:33,141 - WARNING - Invalid Baybayin data for word 'tao', clearing baybayin fields.
2025-02-09 00:31:33,153 - WARNING - Invalid Baybayin data for word 'are', clearing baybayin fields.
2025-02-09 00:31:33,155 - WARNING - Invalid Baybayin data for word 'robot', clearing baybayin fields.
2025-02-09 00:31:33,158 - WARNING - Invalid Baybayin data for word 'Burundi', clearing baybayin fields.
2025-02-09 00:31:33,162 - WARNING - Invalid Baybayin data for word 'Gabon', clearing baybayin fields.
2025-02-09 00:31:33,164 - WARNING - Invalid Baybayin data for word 'Kenya', clearing baybayin fields.
2025-02-09 00:31:33,166 - WARNING - Invalid Baybayin data for word 'f', clearing baybayin fields.
2025-02-09 00:31:33,169 - WARNING - Invalid Baybayin data for word 'f', clearing baybayin fields.
2025-02-09 00:31:33,171 - WARNING - Invalid Baybayin data for word 'a-', clearing baybayin fields.
2025-02-09 00:31:33,173 - WARNING - Invalid Baybayin data for word 'Brasil', clearing baybayin fields.
2025-02-09 00:31:33,174 - WARNING - Invalid Baybayin data for word 'Botswana', clearing baybayin fields.
2025-02-09 00:31:33,178 - WARNING - Invalid Baybayin data for word 'also', clearing baybayin fields.
2025-02-09 00:31:33,180 - WARNING - Invalid Baybayin data for word 'van', clearing baybayin fields.
2025-02-09 00:31:33,181 - WARNING - Invalid Baybayin data for word 'mars', clearing baybayin fields.
2025-02-09 00:31:33,183 - WARNING - Invalid Baybayin data for word 'Oman', clearing baybayin fields.
2025-02-09 00:31:33,185 - WARNING - Invalid Baybayin data for word 'Lebanon', clearing baybayin fields.
2025-02-09 00:31:33,188 - WARNING - Invalid Baybayin data for word 'y', clearing baybayin fields.
2025-02-09 00:31:33,190 - WARNING - Invalid Baybayin data for word 'y', clearing baybayin fields.
2025-02-09 00:31:33,192 - WARNING - Invalid Baybayin data for word 'y', clearing baybayin fields.
2025-02-09 00:31:33,194 - WARNING - Invalid Baybayin data for word 'y', clearing baybayin fields.
2025-02-09 00:31:33,199 - WARNING - Invalid Baybayin data for word 'Israel', clearing baybayin fields.
2025-02-09 00:31:33,203 - WARNING - Invalid Baybayin data for word 'Nepal', clearing baybayin fields.
2025-02-09 00:31:33,205 - WARNING - Invalid Baybayin data for word 'Laos', clearing baybayin fields.
2025-02-09 00:31:33,207 - WARNING - Invalid Baybayin data for word 'Yemen', clearing baybayin fields.
2025-02-09 00:31:33,210 - WARNING - Invalid Baybayin data for word 'Togo', clearing baybayin fields.
2025-02-09 00:31:33,215 - WARNING - Invalid Baybayin data for word 'Senegal', clearing baybayin fields.
2025-02-09 00:31:33,217 - WARNING - Invalid Baybayin data for word 'Peru', clearing baybayin fields.
2025-02-09 00:31:33,218 - WARNING - Invalid Baybayin data for word 'Iran', clearing baybayin fields.
2025-02-09 00:31:33,220 - WARNING - Invalid Baybayin data for word 'Turkmenistan', clearing baybayin fields.
2025-02-09 00:31:33,222 - WARNING - Invalid Baybayin data for word 'Saudi Arabia', clearing baybayin fields.
2025-02-09 00:31:33,224 - WARNING - Invalid Baybayin data for word 'te', clearing baybayin fields.
2025-02-09 00:31:33,225 - WARNING - Invalid Baybayin data for word 'te', clearing baybayin fields.
2025-02-09 00:31:33,229 - WARNING - Invalid Baybayin data for word 'Burma', clearing baybayin fields.
2025-02-09 00:31:33,231 - WARNING - Invalid Baybayin data for word 'presidente', clearing baybayin fields.
2025-02-09 00:31:33,233 - WARNING - Invalid Baybayin data for word 'San Marino', clearing baybayin fields.
2025-02-09 00:31:33,236 - WARNING - Invalid Baybayin data for word 'A', clearing baybayin fields.
2025-02-09 00:31:33,315 - WARNING - Invalid Baybayin data for word 'Portugal', clearing baybayin fields.
2025-02-09 00:31:33,317 - WARNING - Invalid Baybayin data for word 'Portugal', clearing baybayin fields.
2025-02-09 00:31:33,320 - WARNING - Invalid Baybayin data for word 'vi', clearing baybayin fields.
2025-02-09 00:31:33,322 - WARNING - Invalid Baybayin data for word 'Benin', clearing baybayin fields.
2025-02-09 00:31:33,324 - WARNING - Invalid Baybayin data for word 'on', clearing baybayin fields.
2025-02-09 00:31:33,327 - WARNING - Invalid Baybayin data for word 'tigre', clearing baybayin fields.
2025-02-09 00:31:33,333 - WARNING - Invalid Baybayin data for word 'de', clearing baybayin fields.
2025-02-09 00:31:33,336 - WARNING - Invalid Baybayin data for word 'de', clearing baybayin fields.
2025-02-09 00:31:33,338 - WARNING - Invalid Baybayin data for word 'Belarus', clearing baybayin fields.
2025-02-09 00:31:33,362 - WARNING - Invalid Baybayin data for word 'radar', clearing baybayin fields.
2025-02-09 00:31:33,373 - WARNING - Invalid Baybayin data for word 'ao', clearing baybayin fields.
2025-02-09 00:31:33,376 - WARNING - Invalid Baybayin data for word 'mental', clearing baybayin fields.
2025-02-09 00:31:33,379 - WARNING - Invalid Baybayin data for word 'mental', clearing baybayin fields.
2025-02-09 00:31:33,382 - WARNING - Invalid Baybayin data for word 'be', clearing baybayin fields.
2025-02-09 00:31:33,384 - WARNING - Invalid Baybayin data for word 'noon', clearing baybayin fields.
2025-02-09 00:31:33,388 - WARNING - Invalid Baybayin data for word 'noon', clearing baybayin fields.
2025-02-09 00:31:33,390 - WARNING - Invalid Baybayin data for word 'abandono', clearing baybayin fields.
2025-02-09 00:31:33,393 - WARNING - Invalid Baybayin data for word 'en', clearing baybayin fields.
2025-02-09 00:31:33,396 - WARNING - Invalid Baybayin data for word 'ate', clearing baybayin fields.
2025-02-09 00:31:33,422 - WARNING - Invalid Baybayin data for word 'ate', clearing baybayin fields.
2025-02-09 00:31:33,427 - WARNING - Invalid Baybayin data for word 'o', clearing baybayin fields.
2025-02-09 00:31:33,501 - WARNING - Invalid Baybayin data for word 'o', clearing baybayin fields.
2025-02-09 00:31:33,541 - WARNING - Invalid Baybayin data for word 'o', clearing baybayin fields.
2025-02-09 00:31:33,544 - WARNING - Invalid Baybayin data for word 'o', clearing baybayin fields.
2025-02-09 00:31:33,547 - WARNING - Invalid Baybayin data for word 'o', clearing baybayin fields.
2025-02-09 00:31:33,555 - WARNING - Invalid Baybayin data for word 'i', clearing baybayin fields.
2025-02-09 00:31:33,649 - WARNING - Invalid Baybayin data for word 'X', clearing baybayin fields.
2025-02-09 00:31:33,651 - WARNING - Invalid Baybayin data for word 'X', clearing baybayin fields.
2025-02-09 00:31:33,655 - WARNING - Invalid Baybayin data for word 'xerox', clearing baybayin fields.
2025-02-09 00:31:33,670 - WARNING - Invalid Baybayin data for word 'mundo', clearing baybayin fields.
2025-02-09 00:31:33,678 - WARNING - Invalid Baybayin data for word 'mundo', clearing baybayin fields.
2025-02-09 00:31:33,689 - WARNING - Invalid Baybayin data for word 'el', clearing baybayin fields.
2025-02-09 00:31:33,694 - WARNING - Invalid Baybayin data for word 'sombrero', clearing baybayin fields.
2025-02-09 00:31:33,697 - WARNING - Invalid Baybayin data for word 'bold', clearing baybayin fields.
2025-02-09 00:31:33,700 - WARNING - Invalid Baybayin data for word 'bold', clearing baybayin fields.
2025-02-09 00:31:33,702 - WARNING - Invalid Baybayin data for word 'Korea', clearing baybayin fields.
2025-02-09 00:31:33,713 - WARNING - Invalid Baybayin data for word 'regular', clearing baybayin fields.
2025-02-09 00:31:33,728 - WARNING - Invalid Baybayin data for word 'beso', clearing baybayin fields.
2025-02-09 00:31:33,740 - WARNING - Invalid Baybayin data for word 'PI', clearing baybayin fields.
2025-02-09 00:31:33,742 - WARNING - Invalid Baybayin data for word 'balido', clearing baybayin fields.
2025-02-09 00:31:33,782 - WARNING - Invalid Baybayin data for word 'AP', clearing baybayin fields.
2025-02-09 00:31:33,785 - WARNING - Invalid Baybayin data for word 'grupo', clearing baybayin fields.
2025-02-09 00:31:33,797 - WARNING - Invalid Baybayin data for word 'OA', clearing baybayin fields.
2025-02-09 00:31:33,801 - WARNING - Invalid Baybayin data for word 'baon', clearing baybayin fields.
2025-02-09 00:31:33,826 - WARNING - Invalid Baybayin data for word 'baon', clearing baybayin fields.
2025-02-09 00:31:33,830 - WARNING - Invalid Baybayin data for word 'baon', clearing baybayin fields.
2025-02-09 00:31:33,843 - WARNING - Invalid Baybayin data for word 'alo', clearing baybayin fields.
2025-02-09 00:31:33,857 - WARNING - Invalid Baybayin data for word 'barato', clearing baybayin fields.
2025-02-09 00:31:33,859 - WARNING - Invalid Baybayin data for word 'CH', clearing baybayin fields.
2025-02-09 00:31:33,975 - WARNING - Invalid Baybayin data for word 'hamster', clearing baybayin fields.
2025-02-09 00:31:33,977 - WARNING - Invalid Baybayin data for word 'boss', clearing baybayin fields.
2025-02-09 00:31:33,979 - WARNING - Invalid Baybayin data for word 'salmon', clearing baybayin fields.
2025-02-09 00:31:33,981 - WARNING - Invalid Baybayin data for word 'granada', clearing baybayin fields.
2025-02-09 00:31:33,985 - WARNING - Invalid Baybayin data for word 'matadero', clearing baybayin fields.
2025-02-09 00:31:34,008 - WARNING - Invalid Baybayin data for word 'haj', clearing baybayin fields.
2025-02-09 00:31:34,011 - WARNING - Invalid Baybayin data for word 'pato', clearing baybayin fields.
2025-02-09 00:31:34,015 - WARNING - Invalid Baybayin data for word 'boy', clearing baybayin fields.
2025-02-09 00:31:34,028 - WARNING - Invalid Baybayin data for word 'matador', clearing baybayin fields.
2025-02-09 00:31:34,069 - WARNING - Invalid Baybayin data for word 'Salvador', clearing baybayin fields.
2025-02-09 00:31:34,072 - WARNING - Invalid Baybayin data for word 'Darwin', clearing baybayin fields.
2025-02-09 00:31:34,077 - WARNING - Invalid Baybayin data for word 'torta', clearing baybayin fields.
2025-02-09 00:31:34,097 - WARNING - Invalid Baybayin data for word 'Bombay', clearing baybayin fields.
2025-02-09 00:31:34,099 - WARNING - Invalid Baybayin data for word 'Bombay', clearing baybayin fields.
2025-02-09 00:31:34,103 - WARNING - Invalid Baybayin data for word 'Bombay', clearing baybayin fields.
2025-02-09 00:31:34,106 - WARNING - Invalid Baybayin data for word 'leche', clearing baybayin fields.
2025-02-09 00:31:34,109 - WARNING - Invalid Baybayin data for word 'leche', clearing baybayin fields.
2025-02-09 00:31:34,112 - WARNING - Invalid Baybayin data for word 'leche', clearing baybayin fields.
2025-02-09 00:31:34,114 - WARNING - Invalid Baybayin data for word 'Moslem', clearing baybayin fields.
2025-02-09 00:31:34,116 - WARNING - Invalid Baybayin data for word 'Moslem', clearing baybayin fields.
2025-02-09 00:31:34,163 - WARNING - Invalid Baybayin data for word 'ke', clearing baybayin fields.
2025-02-09 00:31:34,165 - WARNING - Invalid Baybayin data for word 'ke', clearing baybayin fields.
2025-02-09 00:31:34,170 - WARNING - Invalid Baybayin data for word 'Hong Kong', clearing baybayin fields.
2025-02-09 00:31:34,326 - WARNING - Invalid Baybayin data for word 'dodo', clearing baybayin fields.
2025-02-09 00:31:34,328 - WARNING - Invalid Baybayin data for word 'liberal', clearing baybayin fields.
2025-02-09 00:31:34,350 - WARNING - Invalid Baybayin data for word 'chat', clearing baybayin fields.
2025-02-09 00:31:34,460 - WARNING - Invalid Baybayin data for word 'he', clearing baybayin fields.
2025-02-09 00:31:34,463 - WARNING - Invalid Baybayin data for word 'he', clearing baybayin fields.
2025-02-09 00:31:34,465 - WARNING - Invalid Baybayin data for word 'lingo', clearing baybayin fields.
2025-02-09 00:31:34,515 - WARNING - Invalid Baybayin data for word 'among', clearing baybayin fields.
2025-02-09 00:31:34,518 - WARNING - Invalid Baybayin data for word 'look', clearing baybayin fields.
2025-02-09 00:31:34,529 - WARNING - Invalid Baybayin data for word 'legal', clearing baybayin fields.
2025-02-09 00:31:34,532 - WARNING - Invalid Baybayin data for word 'ye', clearing baybayin fields.
2025-02-09 00:31:34,534 - WARNING - Invalid Baybayin data for word 'bra', clearing baybayin fields.
2025-02-09 00:31:34,551 - WARNING - Invalid Baybayin data for word 'betun', clearing baybayin fields.
2025-02-09 00:31:34,552 - WARNING - Invalid Baybayin data for word 'tore', clearing baybayin fields.
2025-02-09 00:31:34,559 - WARNING - Invalid Baybayin data for word 'ideal', clearing baybayin fields.
2025-02-09 00:31:34,568 - WARNING - Invalid Baybayin data for word 'ideal', clearing baybayin fields.
2025-02-09 00:31:34,576 - WARNING - Invalid Baybayin data for word 'abako', clearing baybayin fields.
2025-02-09 00:31:34,578 - WARNING - Invalid Baybayin data for word 'me', clearing baybayin fields.
2025-02-09 00:31:34,581 - WARNING - Invalid Baybayin data for word 'me', clearing baybayin fields.
2025-02-09 00:31:34,582 - WARNING - Invalid Baybayin data for word 'basket', clearing baybayin fields.
2025-02-09 00:31:34,591 - WARNING - Invalid Baybayin data for word 'basket', clearing baybayin fields.
2025-02-09 00:31:34,594 - WARNING - Invalid Baybayin data for word 'simple', clearing baybayin fields.
2025-02-09 00:31:34,617 - WARNING - Invalid Baybayin data for word 'rumor', clearing baybayin fields.
2025-02-09 00:31:34,619 - WARNING - Invalid Baybayin data for word 'bir', clearing baybayin fields.
2025-02-09 00:31:34,624 - WARNING - Invalid Baybayin data for word '-rin', clearing baybayin fields.
2025-02-09 00:31:34,627 - WARNING - Invalid Baybayin data for word 'rin', clearing baybayin fields.
2025-02-09 00:31:34,635 - WARNING - Invalid Baybayin data for word 'baron', clearing baybayin fields.
2025-02-09 00:31:34,637 - WARNING - Invalid Baybayin data for word 'duke', clearing baybayin fields.
2025-02-09 00:31:34,639 - WARNING - Invalid Baybayin data for word 'base', clearing baybayin fields.
2025-02-09 00:31:34,650 - WARNING - Invalid Baybayin data for word 'q', clearing baybayin fields.
2025-02-09 00:31:34,652 - WARNING - Invalid Baybayin data for word 'q', clearing baybayin fields.
2025-02-09 00:31:34,658 - WARNING - Invalid Baybayin data for word 'ese', clearing baybayin fields.
2025-02-09 00:31:34,660 - WARNING - Invalid Baybayin data for word 'tanto', clearing baybayin fields.
2025-02-09 00:31:34,662 - WARNING - Invalid Baybayin data for word 'tanto', clearing baybayin fields.
2025-02-09 00:31:34,665 - WARNING - Invalid Baybayin data for word 'tanto', clearing baybayin fields.
2025-02-09 00:31:34,669 - WARNING - Invalid Baybayin data for word 'ano', clearing baybayin fields.
2025-02-09 00:31:34,712 - WARNING - Invalid Baybayin data for word 'ano', clearing baybayin fields.
2025-02-09 00:31:34,714 - WARNING - Invalid Baybayin data for word 'ano', clearing baybayin fields.
2025-02-09 00:31:34,720 - WARNING - Invalid Baybayin data for word 'v', clearing baybayin fields.
2025-02-09 00:31:34,809 - WARNING - Invalid Baybayin data for word 'j', clearing baybayin fields.
2025-02-09 00:31:34,812 - WARNING - Invalid Baybayin data for word 'j', clearing baybayin fields.
2025-02-09 00:31:34,814 - WARNING - Invalid Baybayin data for word 'l', clearing baybayin fields.
2025-02-09 00:31:34,817 - WARNING - Invalid Baybayin data for word 'l', clearing baybayin fields.
2025-02-09 00:31:34,820 - WARNING - Invalid Baybayin data for word 'l', clearing baybayin fields.
2025-02-09 00:31:34,823 - WARNING - Invalid Baybayin data for word 'r', clearing baybayin fields.
2025-02-09 00:31:34,825 - WARNING - Invalid Baybayin data for word 'r', clearing baybayin fields.
2025-02-09 00:31:34,827 - WARNING - Invalid Baybayin data for word 'r', clearing baybayin fields.
2025-02-09 00:31:34,830 - WARNING - Invalid Baybayin data for word 'yon', clearing baybayin fields.
2025-02-09 00:31:34,831 - WARNING - Invalid Baybayin data for word 'yon', clearing baybayin fields.
2025-02-09 00:31:34,833 - WARNING - Invalid Baybayin data for word 'p', clearing baybayin fields.
2025-02-09 00:31:34,835 - WARNING - Invalid Baybayin data for word 'p', clearing baybayin fields.
2025-02-09 00:31:34,838 - WARNING - Invalid Baybayin data for word 'p', clearing baybayin fields.
2025-02-09 00:31:34,841 - WARNING - Invalid Baybayin data for word 't', clearing baybayin fields.
2025-02-09 00:31:34,914 - WARNING - Invalid Baybayin data for word 't', clearing baybayin fields.
2025-02-09 00:31:34,917 - WARNING - Invalid Baybayin data for word 'b', clearing baybayin fields.
2025-02-09 00:31:34,920 - WARNING - Invalid Baybayin data for word 'b', clearing baybayin fields.
2025-02-09 00:31:34,924 - WARNING - Invalid Baybayin data for word 'k', clearing baybayin fields.
2025-02-09 00:31:34,926 - WARNING - Invalid Baybayin data for word 'k', clearing baybayin fields.
2025-02-09 00:31:34,929 - WARNING - Invalid Baybayin data for word 'k', clearing baybayin fields.
2025-02-09 00:31:34,931 - WARNING - Invalid Baybayin data for word 'k', clearing baybayin fields.
2025-02-09 00:31:34,933 - WARNING - Invalid Baybayin data for word 'g', clearing baybayin fields.
2025-02-09 00:31:34,936 - WARNING - Invalid Baybayin data for word 'g', clearing baybayin fields.
2025-02-09 00:31:34,938 - WARNING - Invalid Baybayin data for word 'g', clearing baybayin fields.
2025-02-09 00:31:34,941 - WARNING - Invalid Baybayin data for word 'g', clearing baybayin fields.
2025-02-09 00:31:34,942 - WARNING - Invalid Baybayin data for word 'm', clearing baybayin fields.
2025-02-09 00:31:34,943 - WARNING - Invalid Baybayin data for word 'm', clearing baybayin fields.
2025-02-09 00:31:34,946 - WARNING - Invalid Baybayin data for word 'm', clearing baybayin fields.
2025-02-09 00:31:34,949 - WARNING - Invalid Baybayin data for word 'anime', clearing baybayin fields.
2025-02-09 00:31:34,951 - WARNING - Invalid Baybayin data for word 'w', clearing baybayin fields.
2025-02-09 00:31:34,953 - WARNING - Invalid Baybayin data for word 'w', clearing baybayin fields.
2025-02-09 00:31:34,957 - WARNING - Invalid Baybayin data for word 'c', clearing baybayin fields.
2025-02-09 00:31:35,033 - WARNING - Invalid Baybayin data for word 'c', clearing baybayin fields.
2025-02-09 00:31:35,036 - WARNING - Invalid Baybayin data for word 'h', clearing baybayin fields.
2025-02-09 00:31:35,038 - WARNING - Invalid Baybayin data for word 'h', clearing baybayin fields.
2025-02-09 00:31:35,041 - WARNING - Invalid Baybayin data for word 'h', clearing baybayin fields.
2025-02-09 00:31:35,044 - WARNING - Invalid Baybayin data for word 'd', clearing baybayin fields.
2025-02-09 00:31:35,116 - WARNING - Invalid Baybayin data for word 'd', clearing baybayin fields.
2025-02-09 00:31:35,119 - WARNING - Invalid Baybayin data for word 'd', clearing baybayin fields.
2025-02-09 00:31:35,122 - WARNING - Invalid Baybayin data for word 'mayor', clearing baybayin fields.
2025-02-09 00:31:35,133 - WARNING - Invalid Baybayin data for word 'mayor', clearing baybayin fields.
2025-02-09 00:31:35,135 - WARNING - Invalid Baybayin data for word 'password', clearing baybayin fields.
2025-02-09 00:31:35,138 - WARNING - Invalid Baybayin data for word 'n', clearing baybayin fields.
2025-02-09 00:31:35,210 - WARNING - Invalid Baybayin data for word 'n', clearing baybayin fields.
2025-02-09 00:31:35,212 - WARNING - Invalid Baybayin data for word 'n', clearing baybayin fields.
2025-02-09 00:31:35,284 - WARNING - Invalid Baybayin data for word 'n', clearing baybayin fields.
2025-02-09 00:31:35,286 - WARNING - Invalid Baybayin data for word 's', clearing baybayin fields.
2025-02-09 00:31:35,289 - WARNING - Invalid Baybayin data for word 's', clearing baybayin fields.
2025-02-09 00:31:35,293 - WARNING - Invalid Baybayin data for word 's', clearing baybayin fields.
2025-02-09 00:31:35,296 - WARNING - Invalid Baybayin data for word 'z', clearing baybayin fields.
2025-02-09 00:31:35,298 - WARNING - Invalid Baybayin data for word 'z', clearing baybayin fields.
2025-02-09 00:31:35,300 - WARNING - Invalid Baybayin data for word 'salt', clearing baybayin fields.
2025-02-09 00:31:35,302 - WARNING - Invalid Baybayin data for word 'key', clearing baybayin fields.
2025-02-09 00:31:35,304 - WARNING - Invalid Baybayin data for word 'e', clearing baybayin fields.
2025-02-09 00:31:35,387 - WARNING - Invalid Baybayin data for word 'e', clearing baybayin fields.
2025-02-09 00:31:35,390 - WARNING - Invalid Baybayin data for word 'e', clearing baybayin fields.
2025-02-09 00:31:35,398 - WARNING - Invalid Baybayin data for word 'u', clearing baybayin fields.
2025-02-09 00:31:35,466 - WARNING - Invalid Baybayin data for word 'Ursula', clearing baybayin fields.
2025-02-09 00:31:35,471 - WARNING - Invalid Baybayin data for word 'hara-kiri', clearing baybayin fields.
2025-02-09 00:31:35,474 - WARNING - Invalid Baybayin data for word 'mare', clearing baybayin fields.
2025-02-09 00:31:35,481 - WARNING - Invalid Baybayin data for word 'edit', clearing baybayin fields.
2025-02-09 00:31:35,483 - WARNING - Invalid Baybayin data for word 'hanger', clearing baybayin fields.
2025-02-09 00:31:35,490 - WARNING - Invalid Baybayin data for word 'oh', clearing baybayin fields.
2025-02-09 00:31:35,492 - WARNING - Invalid Baybayin data for word 'oh', clearing baybayin fields.
2025-02-09 00:31:35,494 - WARNING - Invalid Baybayin data for word 'ë', clearing baybayin fields.
2025-02-09 00:31:35,503 - WARNING - Invalid Baybayin data for word 'uno', clearing baybayin fields.
2025-02-09 00:31:35,505 - WARNING - Invalid Baybayin data for word 'uno', clearing baybayin fields.
2025-02-09 00:31:35,507 - WARNING - Invalid Baybayin data for word 'kimono', clearing baybayin fields.
2025-02-09 00:31:35,510 - WARNING - Invalid Baybayin data for word 'tres', clearing baybayin fields.
2025-02-09 00:31:35,530 - WARNING - Invalid Baybayin data for word 'arbor', clearing baybayin fields.
2025-02-09 00:31:35,539 - WARNING - Invalid Baybayin data for word 'libro', clearing baybayin fields.
2025-02-09 00:31:35,574 - WARNING - Invalid Baybayin data for word 'zeta', clearing baybayin fields.
2025-02-09 00:31:35,577 - WARNING - Invalid Baybayin data for word 'talo', clearing baybayin fields.
2025-02-09 00:31:35,614 - WARNING - Invalid Baybayin data for word 'talo', clearing baybayin fields.
2025-02-09 00:31:35,619 - WARNING - Invalid Baybayin data for word 'talo', clearing baybayin fields.
2025-02-09 00:31:35,627 - WARNING - Invalid Baybayin data for word 'talo', clearing baybayin fields.
2025-02-09 00:31:35,636 - WARNING - Invalid Baybayin data for word 'un', clearing baybayin fields.
2025-02-09 00:31:35,644 - WARNING - Invalid Baybayin data for word 'idea', clearing baybayin fields.
2025-02-09 00:31:35,655 - WARNING - Invalid Baybayin data for word 'natural', clearing baybayin fields.
2025-02-09 00:31:35,657 - WARNING - Invalid Baybayin data for word 'natural', clearing baybayin fields.
2025-02-09 00:31:35,669 - WARNING - Invalid Baybayin data for word 'kilo', clearing baybayin fields.
2025-02-09 00:31:35,674 - WARNING - Invalid Baybayin data for word 'kilo', clearing baybayin fields.
2025-02-09 00:31:35,676 - WARNING - Invalid Baybayin data for word 'kilo', clearing baybayin fields.
2025-02-09 00:31:35,684 - WARNING - Invalid Baybayin data for word 'kilo', clearing baybayin fields.
2025-02-09 00:31:35,686 - WARNING - Invalid Baybayin data for word 'Cu', clearing baybayin fields.
2025-02-09 00:31:35,689 - WARNING - Invalid Baybayin data for word 'PG', clearing baybayin fields.
2025-02-09 00:31:35,691 - WARNING - Invalid Baybayin data for word 'PG', clearing baybayin fields.
2025-02-09 00:31:35,693 - WARNING - Invalid Baybayin data for word 'em', clearing baybayin fields.
2025-02-09 00:31:35,695 - WARNING - Invalid Baybayin data for word 'ge', clearing baybayin fields.
2025-02-09 00:31:35,697 - WARNING - Invalid Baybayin data for word 'ge', clearing baybayin fields.
2025-02-09 00:31:35,703 - WARNING - Invalid Baybayin data for word 'FX', clearing baybayin fields.
2025-02-09 00:31:35,705 - WARNING - Invalid Baybayin data for word 'bus', clearing baybayin fields.
2025-02-09 00:31:35,719 - WARNING - Invalid Baybayin data for word 'ce', clearing baybayin fields.
2025-02-09 00:31:35,722 - WARNING - Invalid Baybayin data for word 'terminal', clearing baybayin fields.
2025-02-09 00:31:35,724 - WARNING - Invalid Baybayin data for word 'ra', clearing baybayin fields.
2025-02-09 00:31:35,726 - WARNING - Invalid Baybayin data for word 'ne', clearing baybayin fields.
2025-02-09 00:31:35,755 - WARNING - Invalid Baybayin data for word 'pe', clearing baybayin fields.
2025-02-09 00:31:35,758 - WARNING - Invalid Baybayin data for word 'toro', clearing baybayin fields.
2025-02-09 00:31:35,760 - WARNING - Invalid Baybayin data for word 'ho', clearing baybayin fields.
2025-02-09 00:31:35,761 - WARNING - Invalid Baybayin data for word 'ho', clearing baybayin fields.
2025-02-09 00:31:35,783 - WARNING - Invalid Baybayin data for word 'asetilen', clearing baybayin fields.
2025-02-09 00:31:35,785 - WARNING - Invalid Baybayin data for word 'ele', clearing baybayin fields.
2025-02-09 00:31:35,787 - WARNING - Invalid Baybayin data for word 'aspirin', clearing baybayin fields.
2025-02-09 00:31:35,789 - WARNING - Invalid Baybayin data for word 'po', clearing baybayin fields.
2025-02-09 00:31:35,792 - WARNING - Invalid Baybayin data for word 'Tagalog', clearing baybayin fields.
2025-02-09 00:31:35,794 - WARNING - Invalid Baybayin data for word 'Tagalog', clearing baybayin fields.
2025-02-09 00:31:35,893 - WARNING - Invalid Baybayin data for word 'Quezon City', clearing baybayin fields.
2025-02-09 00:31:35,895 - WARNING - Invalid Baybayin data for word 'Padua', clearing baybayin fields.
2025-02-09 00:31:35,898 - WARNING - Invalid Baybayin data for word 'La Paz', clearing baybayin fields.
2025-02-09 00:31:35,946 - WARNING - Invalid Baybayin data for word 'Trinidad', clearing baybayin fields.
2025-02-09 00:31:35,950 - WARNING - Invalid Baybayin data for word 'Bangkok', clearing baybayin fields.
2025-02-09 00:31:35,954 - WARNING - Invalid Baybayin data for word 'Dublin', clearing baybayin fields.
2025-02-09 00:31:35,959 - WARNING - Invalid Baybayin data for word 'San Francisco', clearing baybayin fields.
2025-02-09 00:31:35,962 - WARNING - Invalid Baybayin data for word 'Barcelona', clearing baybayin fields.
2025-02-09 00:31:35,965 - WARNING - Invalid Baybayin data for word 'es', clearing baybayin fields.
2025-02-09 00:31:35,968 - WARNING - Invalid Baybayin data for word 'sine', clearing baybayin fields.
2025-02-09 00:31:35,978 - WARNING - Invalid Baybayin data for word 'Florence', clearing baybayin fields.
2025-02-09 00:31:35,980 - WARNING - Invalid Baybayin data for word 'lemur', clearing baybayin fields.
2025-02-09 00:31:35,982 - WARNING - Invalid Baybayin data for word 'ar', clearing baybayin fields.
2025-02-09 00:31:35,999 - WARNING - Invalid Baybayin data for word 'Valencia', clearing baybayin fields.
2025-02-09 00:31:36,009 - WARNING - Invalid Baybayin data for word 'destino', clearing baybayin fields.
2025-02-09 00:31:36,030 - WARNING - Invalid Baybayin data for word 'ola', clearing baybayin fields.
2025-02-09 00:31:36,032 - WARNING - Invalid Baybayin data for word 'ola', clearing baybayin fields.
2025-02-09 00:31:36,034 - WARNING - Invalid Baybayin data for word 'Nicolas', clearing baybayin fields.
2025-02-09 00:31:36,037 - WARNING - Invalid Baybayin data for word 'se', clearing baybayin fields.
2025-02-09 00:31:36,039 - WARNING - Invalid Baybayin data for word 'se', clearing baybayin fields.
2025-02-09 00:31:36,056 - WARNING - Invalid Baybayin data for word 'negro', clearing baybayin fields.
2025-02-09 00:31:36,059 - WARNING - Invalid Baybayin data for word 'negro', clearing baybayin fields.
2025-02-09 00:31:36,091 - WARNING - Invalid Baybayin data for word 'Lao', clearing baybayin fields.
2025-02-09 00:31:36,096 - WARNING - Invalid Baybayin data for word 'mate', clearing baybayin fields.
2025-02-09 00:31:36,098 - WARNING - Invalid Baybayin data for word 'Saudi', clearing baybayin fields.
2025-02-09 00:31:36,100 - WARNING - Invalid Baybayin data for word 'Montana', clearing baybayin fields.
2025-02-09 00:31:36,190 - WARNING - Invalid Baybayin data for word 'estado', clearing baybayin fields.
2025-02-09 00:31:36,198 - WARNING - Invalid Baybayin data for word 'ordenador', clearing baybayin fields.
2025-02-09 00:31:36,223 - WARNING - Invalid Baybayin data for word 'altar', clearing baybayin fields.
2025-02-09 00:31:36,228 - WARNING - Invalid Baybayin data for word 'España', clearing baybayin fields.
2025-02-09 00:31:36,233 - WARNING - Invalid Baybayin data for word 'baket', clearing baybayin fields.
2025-02-09 00:31:36,235 - WARNING - Invalid Baybayin data for word 'in-', clearing baybayin fields.
2025-02-09 00:31:36,237 - WARNING - Invalid Baybayin data for word 'real', clearing baybayin fields.
2025-02-09 00:31:36,249 - WARNING - Invalid Baybayin data for word 'real', clearing baybayin fields.
2025-02-09 00:31:36,252 - WARNING - Invalid Baybayin data for word 'real', clearing baybayin fields.
2025-02-09 00:31:36,276 - WARNING - Invalid Baybayin data for word 'dugong', clearing baybayin fields.
2025-02-09 00:31:36,278 - WARNING - Invalid Baybayin data for word 'pare', clearing baybayin fields.
2025-02-09 00:31:36,288 - WARNING - Invalid Baybayin data for word 'pare', clearing baybayin fields.
2025-02-09 00:31:36,292 - WARNING - Invalid Baybayin data for word 'bar', clearing baybayin fields.
2025-02-09 00:31:36,300 - WARNING - Invalid Baybayin data for word 'melon', clearing baybayin fields.
2025-02-09 00:31:36,301 - WARNING - Invalid Baybayin data for word 'bes', clearing baybayin fields.
2025-02-09 00:31:36,303 - WARNING - Invalid Baybayin data for word 'bes', clearing baybayin fields.
2025-02-09 00:31:36,305 - WARNING - Invalid Baybayin data for word 'drama', clearing baybayin fields.
2025-02-09 00:31:36,313 - WARNING - Invalid Baybayin data for word 'Alfredo', clearing baybayin fields.
2025-02-09 00:31:36,316 - WARNING - Invalid Baybayin data for word 'El Niño', clearing baybayin fields.
2025-02-09 00:31:36,318 - WARNING - Invalid Baybayin data for word 'Cebuano', clearing baybayin fields.
2025-02-09 00:31:36,320 - WARNING - Invalid Baybayin data for word 'Cebuano', clearing baybayin fields.
2025-02-09 00:31:36,322 - WARNING - Invalid Baybayin data for word 'gabe', clearing baybayin fields.
2025-02-09 00:31:36,323 - WARNING - Invalid Baybayin data for word 'gabe', clearing baybayin fields.
2025-02-09 00:31:36,325 - WARNING - Invalid Baybayin data for word 'Sarah', clearing baybayin fields.
2025-02-09 00:31:36,329 - WARNING - Invalid Baybayin data for word 'timbre', clearing baybayin fields.
2025-02-09 00:31:36,342 - WARNING - Invalid Baybayin data for word 'ser', clearing baybayin fields.
2025-02-09 00:31:36,373 - WARNING - Invalid Baybayin data for word 'oasis', clearing baybayin fields.
2025-02-09 00:31:36,375 - WARNING - Invalid Baybayin data for word 'vendo', clearing baybayin fields.
2025-02-09 00:31:36,377 - WARNING - Invalid Baybayin data for word 'video', clearing baybayin fields.
2025-02-09 00:31:36,379 - WARNING - Invalid Baybayin data for word 'aber', clearing baybayin fields.
2025-02-09 00:31:36,384 - WARNING - Invalid Baybayin data for word 'libra', clearing baybayin fields.
2025-02-09 00:31:36,426 - WARNING - Invalid Baybayin data for word 'puso', clearing baybayin fields.
2025-02-09 00:31:36,475 - WARNING - Invalid Baybayin data for word 'raw', clearing baybayin fields.
2025-02-09 00:31:36,512 - WARNING - Invalid Baybayin data for word 'debate', clearing baybayin fields.
2025-02-09 00:31:36,514 - WARNING - Invalid Baybayin data for word 'ping pong', clearing baybayin fields.
2025-02-09 00:31:36,515 - WARNING - Invalid Baybayin data for word 'iso', clearing baybayin fields.
2025-02-09 00:31:36,517 - WARNING - Invalid Baybayin data for word 'iso', clearing baybayin fields.
2025-02-09 00:31:36,519 - WARNING - Invalid Baybayin data for word 'iso', clearing baybayin fields.
2025-02-09 00:31:36,523 - WARNING - Invalid Baybayin data for word 'mano', clearing baybayin fields.
2025-02-09 00:31:36,547 - WARNING - Invalid Baybayin data for word 'mano', clearing baybayin fields.
2025-02-09 00:31:36,549 - WARNING - Invalid Baybayin data for word 'peg', clearing baybayin fields.
2025-02-09 00:31:36,553 - WARNING - Invalid Baybayin data for word 'Semana Santa', clearing baybayin fields.
2025-02-09 00:31:36,558 - WARNING - Invalid Baybayin data for word 'pero', clearing baybayin fields.
2025-02-09 00:31:36,561 - WARNING - Invalid Baybayin data for word 'adaptable', clearing baybayin fields.
2025-02-09 00:31:36,564 - WARNING - Invalid Baybayin data for word 'lago', clearing baybayin fields.
2025-02-09 00:31:36,576 - WARNING - Invalid Baybayin data for word 'lago', clearing baybayin fields.
2025-02-09 00:31:36,580 - WARNING - Invalid Baybayin data for word 'lago', clearing baybayin fields.
2025-02-09 00:31:36,591 - WARNING - Invalid Baybayin data for word 'Venus', clearing baybayin fields.
2025-02-09 00:31:36,593 - WARNING - Invalid Baybayin data for word 'moderno', clearing baybayin fields.
2025-02-09 00:31:36,596 - WARNING - Invalid Baybayin data for word 'dragon', clearing baybayin fields.
2025-02-09 00:31:36,599 - WARNING - Invalid Baybayin data for word 'admirable', clearing baybayin fields.
2025-02-09 00:31:36,601 - WARNING - Invalid Baybayin data for word 'bos', clearing baybayin fields.
2025-02-09 00:31:36,609 - WARNING - Invalid Baybayin data for word 'mongol', clearing baybayin fields.
2025-02-09 00:31:36,611 - WARNING - Invalid Baybayin data for word 'Ezra', clearing baybayin fields.
2025-02-09 00:31:36,613 - WARNING - Invalid Baybayin data for word 'ritmo', clearing baybayin fields.
2025-02-09 00:31:36,643 - WARNING - Invalid Baybayin data for word 'santo', clearing baybayin fields.
2025-02-09 00:31:36,686 - WARNING - Invalid Baybayin data for word 'santo', clearing baybayin fields.
2025-02-09 00:31:36,691 - WARNING - Invalid Baybayin data for word 'pera', clearing baybayin fields.
2025-02-09 00:31:36,694 - WARNING - Invalid Baybayin data for word 'Jesus', clearing baybayin fields.
2025-02-09 00:31:36,696 - WARNING - Invalid Baybayin data for word 'admiral', clearing baybayin fields.
2025-02-09 00:31:36,769 - WARNING - Invalid Baybayin data for word 'Amoy', clearing baybayin fields.
2025-02-09 00:31:36,775 - WARNING - Invalid Baybayin data for word 'lobo', clearing baybayin fields.
2025-02-09 00:31:36,778 - WARNING - Invalid Baybayin data for word 'lobo', clearing baybayin fields.
2025-02-09 00:31:36,801 - WARNING - Invalid Baybayin data for word 'Teresa', clearing baybayin fields.
2025-02-09 00:31:36,805 - WARNING - Invalid Baybayin data for word 'Teresa', clearing baybayin fields.
2025-02-09 00:31:36,807 - WARNING - Invalid Baybayin data for word 'tilde', clearing baybayin fields.
2025-02-09 00:31:36,848 - WARNING - Invalid Baybayin data for word 'lira', clearing baybayin fields.
2025-02-09 00:31:36,851 - WARNING - Invalid Baybayin data for word 'lira', clearing baybayin fields.
2025-02-09 00:31:36,853 - WARNING - Invalid Baybayin data for word 'lira', clearing baybayin fields.
2025-02-09 00:31:36,877 - WARNING - Invalid Baybayin data for word 'barat', clearing baybayin fields.
2025-02-09 00:31:36,879 - WARNING - Invalid Baybayin data for word 'barat', clearing baybayin fields.
2025-02-09 00:31:36,916 - WARNING - Invalid Baybayin data for word 'sano', clearing baybayin fields.
2025-02-09 00:31:36,938 - WARNING - Invalid Baybayin data for word 'pong', clearing baybayin fields.
2025-02-09 00:31:36,941 - WARNING - Invalid Baybayin data for word 'ale', clearing baybayin fields.
2025-02-09 00:31:37,011 - WARNING - Invalid Baybayin data for word 'numero', clearing baybayin fields.
2025-02-09 00:31:37,034 - WARNING - Invalid Baybayin data for word 'ayo', clearing baybayin fields.
2025-02-09 00:31:37,036 - WARNING - Invalid Baybayin data for word 'ayo', clearing baybayin fields.
2025-02-09 00:31:37,038 - WARNING - Invalid Baybayin data for word 'ayo', clearing baybayin fields.
2025-02-09 00:31:37,039 - WARNING - Invalid Baybayin data for word 'Adonis', clearing baybayin fields.
2025-02-09 00:31:37,049 - WARNING - Invalid Baybayin data for word 'bodka', clearing baybayin fields.
2025-02-09 00:31:37,053 - WARNING - Invalid Baybayin data for word 'ensayo', clearing baybayin fields.
2025-02-09 00:31:37,063 - WARNING - Invalid Baybayin data for word 'ng', clearing baybayin fields.
2025-02-09 00:31:37,087 - WARNING - Invalid Baybayin data for word 'ng', clearing baybayin fields.
2025-02-09 00:31:37,089 - WARNING - Invalid Baybayin data for word 'ng', clearing baybayin fields.
2025-02-09 00:31:37,091 - WARNING - Invalid Baybayin data for word 'ng', clearing baybayin fields.
2025-02-09 00:31:37,160 - WARNING - Invalid Baybayin data for word 'raha', clearing baybayin fields.
2025-02-09 00:31:37,164 - WARNING - Invalid Baybayin data for word 'punto', clearing baybayin fields.
2025-02-09 00:31:37,167 - WARNING - Invalid Baybayin data for word 'punto', clearing baybayin fields.
2025-02-09 00:31:37,172 - WARNING - Invalid Baybayin data for word 'gasolina', clearing baybayin fields.
2025-02-09 00:31:37,175 - WARNING - Invalid Baybayin data for word 'andar', clearing baybayin fields.
2025-02-09 00:31:37,189 - WARNING - Invalid Baybayin data for word 'shawarma', clearing baybayin fields.
2025-02-09 00:31:37,192 - WARNING - Invalid Baybayin data for word 'kura', clearing baybayin fields.
2025-02-09 00:31:37,195 - WARNING - Invalid Baybayin data for word 'kura', clearing baybayin fields.
2025-02-09 00:31:37,196 - WARNING - Invalid Baybayin data for word 'amen', clearing baybayin fields.
2025-02-09 00:31:37,199 - WARNING - Invalid Baybayin data for word 'amen', clearing baybayin fields.
2025-02-09 00:31:37,206 - WARNING - Invalid Baybayin data for word 'dos', clearing baybayin fields.
2025-02-09 00:31:37,208 - WARNING - Invalid Baybayin data for word 'dos', clearing baybayin fields.
2025-02-09 00:31:37,210 - WARNING - Invalid Baybayin data for word 'tema', clearing baybayin fields.
2025-02-09 00:31:37,252 - WARNING - Invalid Baybayin data for word 'de-', clearing baybayin fields.
2025-02-09 00:31:37,255 - WARNING - Invalid Baybayin data for word 'Macau', clearing baybayin fields.
2025-02-09 00:31:37,283 - WARNING - Invalid Baybayin data for word 'di-', clearing baybayin fields.
2025-02-09 00:31:37,291 - WARNING - Invalid Baybayin data for word 'aco', clearing baybayin fields.
2025-02-09 00:31:37,293 - WARNING - Invalid Baybayin data for word 'ocho', clearing baybayin fields.
2025-02-09 00:31:37,294 - WARNING - Invalid Baybayin data for word 'padre', clearing baybayin fields.
2025-02-09 00:31:37,304 - WARNING - Invalid Baybayin data for word 'padre', clearing baybayin fields.
2025-02-09 00:31:37,306 - WARNING - Invalid Baybayin data for word 'abuso', clearing baybayin fields.
2025-02-09 00:31:37,308 - WARNING - Invalid Baybayin data for word 'adenitis', clearing baybayin fields.
2025-02-09 00:31:37,312 - WARNING - Invalid Baybayin data for word '-ing', clearing baybayin fields.
2025-02-09 00:31:37,314 - WARNING - Invalid Baybayin data for word 'epistola', clearing baybayin fields.
2025-02-09 00:31:37,320 - WARNING - Invalid Baybayin data for word 'che', clearing baybayin fields.
2025-02-09 00:31:37,322 - WARNING - Invalid Baybayin data for word 'che', clearing baybayin fields.
2025-02-09 00:31:37,323 - WARNING - Invalid Baybayin data for word 'toga', clearing baybayin fields.
2025-02-09 00:31:37,328 - WARNING - Invalid Baybayin data for word 'tong', clearing baybayin fields.
2025-02-09 00:31:37,338 - WARNING - Invalid Baybayin data for word 'tong', clearing baybayin fields.
2025-02-09 00:31:37,343 - WARNING - Invalid Baybayin data for word 'palabra', clearing baybayin fields.
2025-02-09 00:31:37,345 - WARNING - Invalid Baybayin data for word 'adulto', clearing baybayin fields.
2025-02-09 00:31:37,369 - WARNING - Invalid Baybayin data for word 'adagio', clearing baybayin fields.
2025-02-09 00:31:37,371 - WARNING - Invalid Baybayin data for word 'sobre', clearing baybayin fields.
2025-02-09 00:31:37,373 - WARNING - Invalid Baybayin data for word 'emperador', clearing baybayin fields.
2025-02-09 00:31:37,377 - WARNING - Invalid Baybayin data for word 'dale', clearing baybayin fields.
2025-02-09 00:31:37,387 - WARNING - Invalid Baybayin data for word 'dale', clearing baybayin fields.
2025-02-09 00:31:37,392 - WARNING - Invalid Baybayin data for word 'dike', clearing baybayin fields.
2025-02-09 00:31:37,394 - WARNING - Invalid Baybayin data for word 'segundo', clearing baybayin fields.
2025-02-09 00:31:37,405 - WARNING - Invalid Baybayin data for word 'segundo', clearing baybayin fields.
2025-02-09 00:31:37,426 - WARNING - Invalid Baybayin data for word 'listo', clearing baybayin fields.
2025-02-09 00:31:37,429 - WARNING - Invalid Baybayin data for word 'mesa', clearing baybayin fields.
2025-02-09 00:31:37,485 - WARNING - Invalid Baybayin data for word 'moral', clearing baybayin fields.
2025-02-09 00:31:37,489 - WARNING - Invalid Baybayin data for word 'moral', clearing baybayin fields.
2025-02-09 00:31:37,513 - WARNING - Invalid Baybayin data for word 'tenor', clearing baybayin fields.
2025-02-09 00:31:37,519 - WARNING - Invalid Baybayin data for word 'seis', clearing baybayin fields.
2025-02-09 00:31:37,523 - WARNING - Invalid Baybayin data for word 'seis', clearing baybayin fields.
2025-02-09 00:31:37,526 - WARNING - Invalid Baybayin data for word 'pirata', clearing baybayin fields.
2025-02-09 00:31:37,528 - WARNING - Invalid Baybayin data for word 'pirata', clearing baybayin fields.
2025-02-09 00:31:37,532 - WARNING - Invalid Baybayin data for word 'dine', clearing baybayin fields.
2025-02-09 00:31:37,540 - WARNING - Invalid Baybayin data for word 'abra', clearing baybayin fields.
2025-02-09 00:31:37,543 - WARNING - Invalid Baybayin data for word 'ergo', clearing baybayin fields.
2025-02-09 00:31:37,546 - WARNING - Invalid Baybayin data for word 'ergo', clearing baybayin fields.
2025-02-09 00:31:37,554 - WARNING - Invalid Baybayin data for word 'magnate', clearing baybayin fields.
2025-02-09 00:31:37,567 - WARNING - Invalid Baybayin data for word 'ako', clearing baybayin fields.
2025-02-09 00:31:37,577 - WARNING - Invalid Baybayin data for word 'ako', clearing baybayin fields.
2025-02-09 00:31:37,589 - WARNING - Invalid Baybayin data for word 'metro', clearing baybayin fields.
2025-02-09 00:31:37,593 - WARNING - Invalid Baybayin data for word 'ule', clearing baybayin fields.
2025-02-09 00:31:37,596 - WARNING - Invalid Baybayin data for word 'por', clearing baybayin fields.
2025-02-09 00:31:37,624 - WARNING - Invalid Baybayin data for word 'balena', clearing baybayin fields.
2025-02-09 00:31:37,635 - WARNING - Invalid Baybayin data for word 'Hannah', clearing baybayin fields.
2025-02-09 00:31:37,638 - WARNING - Invalid Baybayin data for word 'ire', clearing baybayin fields.
2025-02-09 00:31:37,639 - WARNING - Invalid Baybayin data for word 'kondom', clearing baybayin fields.
2025-02-09 00:31:37,642 - WARNING - Invalid Baybayin data for word 'omelet', clearing baybayin fields.
2025-02-09 00:31:37,643 - WARNING - Invalid Baybayin data for word 'abo', clearing baybayin fields.
2025-02-09 00:31:37,665 - WARNING - Invalid Baybayin data for word 'abo', clearing baybayin fields.
2025-02-09 00:31:37,711 - WARNING - Invalid Baybayin data for word 'loa', clearing baybayin fields.
2025-02-09 00:31:37,713 - WARNING - Invalid Baybayin data for word 'droga', clearing baybayin fields.
2025-02-09 00:31:37,716 - WARNING - Invalid Baybayin data for word 'tumor', clearing baybayin fields.
2025-02-09 00:31:37,742 - WARNING - Invalid Baybayin data for word 'tren', clearing baybayin fields.
2025-02-09 00:31:37,744 - WARNING - Invalid Baybayin data for word 'puke', clearing baybayin fields.
2025-02-09 00:31:37,749 - WARNING - Invalid Baybayin data for word 'ko', clearing baybayin fields.
2025-02-09 00:31:37,807 - WARNING - Invalid Baybayin data for word 'sebra', clearing baybayin fields.
2025-02-09 00:31:37,913 - WARNING - Invalid Baybayin data for word 'maestro', clearing baybayin fields.
2025-02-09 00:31:37,960 - WARNING - Invalid Baybayin data for word 'personal', clearing baybayin fields.
2025-02-09 00:31:37,962 - WARNING - Invalid Baybayin data for word 'kobra', clearing baybayin fields.
2025-02-09 00:31:37,964 - WARNING - Invalid Baybayin data for word 'kobra', clearing baybayin fields.
2025-02-09 00:31:37,972 - WARNING - Invalid Baybayin data for word 'matematika', clearing baybayin fields.
2025-02-09 00:31:37,974 - WARNING - Invalid Baybayin data for word 'kamera', clearing baybayin fields.
2025-02-09 00:31:37,977 - WARNING - Invalid Baybayin data for word 'politika', clearing baybayin fields.
2025-02-09 00:31:38,002 - WARNING - Invalid Baybayin data for word 'virus', clearing baybayin fields.
2025-02-09 00:31:38,024 - WARNING - Invalid Baybayin data for word 'Mary', clearing baybayin fields.
2025-02-09 00:31:38,026 - WARNING - Invalid Baybayin data for word 'para', clearing baybayin fields.
2025-02-09 00:31:38,028 - WARNING - Invalid Baybayin data for word 'para', clearing baybayin fields.
2025-02-09 00:31:38,033 - WARNING - Invalid Baybayin data for word 'para', clearing baybayin fields.
2025-02-09 00:31:38,039 - WARNING - Invalid Baybayin data for word 'para', clearing baybayin fields.
2025-02-09 00:31:38,044 - WARNING - Invalid Baybayin data for word 'par', clearing baybayin fields.
2025-02-09 00:31:38,046 - WARNING - Invalid Baybayin data for word 'sirup', clearing baybayin fields.
2025-02-09 00:31:38,063 - WARNING - Invalid Baybayin data for word 'silo', clearing baybayin fields.
2025-02-09 00:31:38,076 - WARNING - Invalid Baybayin data for word 'ñ', clearing baybayin fields.
2025-02-09 00:31:38,170 - WARNING - Invalid Baybayin data for word 'Alice', clearing baybayin fields.
2025-02-09 00:31:38,177 - WARNING - Invalid Baybayin data for word 'buldog', clearing baybayin fields.
2025-02-09 00:31:38,180 - WARNING - Invalid Baybayin data for word 'buldog', clearing baybayin fields.
2025-02-09 00:31:38,210 - WARNING - Invalid Baybayin data for word 'Kerry', clearing baybayin fields.
2025-02-09 00:31:38,213 - WARNING - Invalid Baybayin data for word 'sate', clearing baybayin fields.
2025-02-09 00:31:38,215 - WARNING - Invalid Baybayin data for word 'sate', clearing baybayin fields.
2025-02-09 00:31:38,217 - WARNING - Invalid Baybayin data for word 'Pamplona', clearing baybayin fields.
2025-02-09 00:31:38,220 - WARNING - Invalid Baybayin data for word 'Pamplona', clearing baybayin fields.
2025-02-09 00:31:38,229 - WARNING - Invalid Baybayin data for word 'page', clearing baybayin fields.
2025-02-09 00:31:38,232 - WARNING - Invalid Baybayin data for word 'barik', clearing baybayin fields.
2025-02-09 00:31:38,243 - WARNING - Invalid Baybayin data for word 'barik', clearing baybayin fields.
2025-02-09 00:31:38,247 - WARNING - Invalid Baybayin data for word 'Ë', clearing baybayin fields.
2025-02-09 00:31:38,250 - WARNING - Invalid Baybayin data for word 'abandonado', clearing baybayin fields.
2025-02-09 00:31:38,258 - WARNING - Invalid Baybayin data for word 'integral', clearing baybayin fields.
2025-02-09 00:31:38,261 - WARNING - Invalid Baybayin data for word 'David', clearing baybayin fields.
2025-02-09 00:31:38,265 - WARNING - Invalid Baybayin data for word 'David', clearing baybayin fields.
2025-02-09 00:31:38,268 - WARNING - Invalid Baybayin data for word 'David', clearing baybayin fields.
2025-02-09 00:31:38,272 - WARNING - Invalid Baybayin data for word 'despertador', clearing baybayin fields.
2025-02-09 00:31:38,275 - WARNING - Invalid Baybayin data for word 'tubo', clearing baybayin fields.
2025-02-09 00:31:38,310 - WARNING - Invalid Baybayin data for word 'tubo', clearing baybayin fields.
2025-02-09 00:31:38,314 - WARNING - Invalid Baybayin data for word 'tubo', clearing baybayin fields.
2025-02-09 00:31:38,316 - WARNING - Invalid Baybayin data for word 'tubo', clearing baybayin fields.
2025-02-09 00:31:38,320 - WARNING - Invalid Baybayin data for word 'tubo', clearing baybayin fields.
2025-02-09 00:31:38,330 - WARNING - Invalid Baybayin data for word 'abece', clearing baybayin fields.
2025-02-09 00:31:38,332 - WARNING - Invalid Baybayin data for word 'ow', clearing baybayin fields.
2025-02-09 00:31:38,334 - WARNING - Invalid Baybayin data for word 'madre', clearing baybayin fields.
2025-02-09 00:31:38,396 - WARNING - Invalid Baybayin data for word 'dose', clearing baybayin fields.
2025-02-09 00:31:38,398 - WARNING - Invalid Baybayin data for word 'abogado', clearing baybayin fields.
2025-02-09 00:31:38,408 - WARNING - Invalid Baybayin data for word 'tonto', clearing baybayin fields.
2025-02-09 00:31:38,411 - WARNING - Invalid Baybayin data for word 'tonto', clearing baybayin fields.
2025-02-09 00:31:38,426 - WARNING - Invalid Baybayin data for word 'normal', clearing baybayin fields.
2025-02-09 00:31:38,428 - WARNING - Invalid Baybayin data for word 'Roberto', clearing baybayin fields.
2025-02-09 00:31:38,434 - WARNING - Invalid Baybayin data for word 'loro', clearing baybayin fields.
2025-02-09 00:31:38,450 - WARNING - Invalid Baybayin data for word 'rumba', clearing baybayin fields.
2025-02-09 00:31:38,502 - WARNING - Invalid Baybayin data for word 'espada', clearing baybayin fields.
2025-02-09 00:31:38,519 - WARNING - Invalid Baybayin data for word '-an', clearing baybayin fields.
2025-02-09 00:31:38,529 - WARNING - Invalid Baybayin data for word '-an', clearing baybayin fields.
2025-02-09 00:31:38,537 - WARNING - Invalid Baybayin data for word '-an', clearing baybayin fields.
2025-02-09 00:31:38,543 - WARNING - Invalid Baybayin data for word 'manirahan', clearing baybayin fields.
2025-02-09 00:31:38,563 - WARNING - Invalid Baybayin data for word 'magkaroon', clearing baybayin fields.
2025-02-09 00:31:38,594 - WARNING - Invalid Baybayin data for word 'uminom', clearing baybayin fields.
2025-02-09 00:31:38,600 - WARNING - Invalid Baybayin data for word 'magtagpo', clearing baybayin fields.
2025-02-09 00:31:38,606 - WARNING - Invalid Baybayin data for word 'mabuhay', clearing baybayin fields.
2025-02-09 00:31:38,613 - WARNING - Invalid Baybayin data for word 'magpatuloy', clearing baybayin fields.
2025-02-09 00:31:38,616 - WARNING - Invalid Baybayin data for word 'magpatuloy', clearing baybayin fields.
2025-02-09 00:31:38,752 - WARNING - Invalid Baybayin data for word 'matira', clearing baybayin fields.
2025-02-09 00:31:38,755 - WARNING - Invalid Baybayin data for word 'matira', clearing baybayin fields.
2025-02-09 00:31:38,759 - WARNING - Invalid Baybayin data for word 'meryenda', clearing baybayin fields.
2025-02-09 00:31:38,784 - WARNING - Invalid Baybayin data for word 'tumira', clearing baybayin fields.
2025-02-09 00:31:38,790 - WARNING - Invalid Baybayin data for word 'tumira', clearing baybayin fields.
2025-02-09 00:31:38,800 - WARNING - Invalid Baybayin data for word 'keso', clearing baybayin fields.
2025-02-09 00:31:38,916 - WARNING - Invalid Baybayin data for word 'Cebu', clearing baybayin fields.
2025-02-09 00:31:38,927 - WARNING - Invalid Baybayin data for word 'distrito', clearing baybayin fields.
2025-02-09 00:31:38,933 - WARNING - Invalid Baybayin data for word 'magnet', clearing baybayin fields.
2025-02-09 00:31:38,935 - WARNING - Invalid Baybayin data for word 'sino', clearing baybayin fields.
2025-02-09 00:31:38,943 - WARNING - Invalid Baybayin data for word '-in', clearing baybayin fields.
2025-02-09 00:31:38,948 - WARNING - Invalid Baybayin data for word '-in', clearing baybayin fields.
2025-02-09 00:31:38,951 - WARNING - Invalid Baybayin data for word '-in', clearing baybayin fields.
2025-02-09 00:31:38,957 - WARNING - Invalid Baybayin data for word 'pook', clearing baybayin fields.
2025-02-09 00:31:38,959 - WARNING - Invalid Baybayin data for word 'kung fu', clearing baybayin fields.
2025-02-09 00:31:39,049 - WARNING - Invalid Baybayin data for word 'pastor', clearing baybayin fields.
2025-02-09 00:31:39,057 - WARNING - Invalid Baybayin data for word 'jologs', clearing baybayin fields.
2025-02-09 00:31:39,060 - WARNING - Invalid Baybayin data for word 'jologs', clearing baybayin fields.
2025-02-09 00:31:39,063 - WARNING - Invalid Baybayin data for word 'bira', clearing baybayin fields.
2025-02-09 00:31:39,080 - WARNING - Invalid Baybayin data for word 'bira', clearing baybayin fields.
2025-02-09 00:31:39,086 - WARNING - Invalid Baybayin data for word 'bira', clearing baybayin fields.
2025-02-09 00:31:39,089 - WARNING - Invalid Baybayin data for word 'hentai', clearing baybayin fields.
2025-02-09 00:31:39,093 - WARNING - Invalid Baybayin data for word 'primera', clearing baybayin fields.
2025-02-09 00:31:39,099 - WARNING - Invalid Baybayin data for word 'primera', clearing baybayin fields.
2025-02-09 00:31:39,104 - WARNING - Invalid Baybayin data for word 'primera', clearing baybayin fields.
2025-02-09 00:31:39,110 - WARNING - Invalid Baybayin data for word 'helmet', clearing baybayin fields.
2025-02-09 00:31:39,112 - WARNING - Invalid Baybayin data for word 'Abe', clearing baybayin fields.
2025-02-09 00:31:39,115 - WARNING - Invalid Baybayin data for word 'polo', clearing baybayin fields.
2025-02-09 00:31:39,119 - WARNING - Invalid Baybayin data for word 'polo', clearing baybayin fields.
2025-02-09 00:31:39,123 - WARNING - Invalid Baybayin data for word 'polo', clearing baybayin fields.
2025-02-09 00:31:39,130 - WARNING - Invalid Baybayin data for word 'polo', clearing baybayin fields.
2025-02-09 00:31:39,133 - WARNING - Invalid Baybayin data for word 'polo', clearing baybayin fields.
2025-02-09 00:31:39,135 - WARNING - Invalid Baybayin data for word '-s', clearing baybayin fields.
2025-02-09 00:31:39,138 - WARNING - Invalid Baybayin data for word 'wari', clearing baybayin fields.
2025-02-09 00:31:39,153 - WARNING - Invalid Baybayin data for word 'wari', clearing baybayin fields.
2025-02-09 00:31:39,160 - WARNING - Invalid Baybayin data for word 'wari', clearing baybayin fields.
2025-02-09 00:31:39,165 - WARNING - Invalid Baybayin data for word 'wari', clearing baybayin fields.
2025-02-09 00:31:39,186 - WARNING - Invalid Baybayin data for word 'oo', clearing baybayin fields.
2025-02-09 00:31:39,189 - WARNING - Invalid Baybayin data for word 'oo', clearing baybayin fields.
2025-02-09 00:31:39,192 - WARNING - Invalid Baybayin data for word 'oo', clearing baybayin fields.
2025-02-09 00:31:39,195 - WARNING - Invalid Baybayin data for word 'chub', clearing baybayin fields.
2025-02-09 00:31:39,198 - WARNING - Invalid Baybayin data for word 'bonito', clearing baybayin fields.
2025-02-09 00:31:39,204 - WARNING - Invalid Baybayin data for word 'adobe', clearing baybayin fields.
2025-02-09 00:31:39,232 - WARNING - Invalid Baybayin data for word 'Europa', clearing baybayin fields.
2025-02-09 00:31:39,248 - WARNING - Invalid Baybayin data for word 'dote', clearing baybayin fields.
2025-02-09 00:31:39,252 - WARNING - Invalid Baybayin data for word 'bolo', clearing baybayin fields.
2025-02-09 00:31:39,254 - WARNING - Invalid Baybayin data for word 'puro', clearing baybayin fields.
2025-02-09 00:31:39,264 - WARNING - Invalid Baybayin data for word 'puro', clearing baybayin fields.
2025-02-09 00:31:39,267 - WARNING - Invalid Baybayin data for word 'puro', clearing baybayin fields.
2025-02-09 00:31:39,270 - WARNING - Invalid Baybayin data for word 'amo', clearing baybayin fields.
2025-02-09 00:31:39,277 - WARNING - Invalid Baybayin data for word 'amo', clearing baybayin fields.
2025-02-09 00:31:39,301 - WARNING - Invalid Baybayin data for word 'amo', clearing baybayin fields.
2025-02-09 00:31:39,306 - WARNING - Invalid Baybayin data for word 'hoy', clearing baybayin fields.
2025-02-09 00:31:39,316 - WARNING - Invalid Baybayin data for word 'kapok', clearing baybayin fields.
2025-02-09 00:31:39,319 - WARNING - Invalid Baybayin data for word 'dram', clearing baybayin fields.
2025-02-09 00:31:39,324 - WARNING - Invalid Baybayin data for word 'brad', clearing baybayin fields.
2025-02-09 00:31:39,327 - WARNING - Invalid Baybayin data for word 'nones', clearing baybayin fields.
2025-02-09 00:31:39,330 - WARNING - Invalid Baybayin data for word 'baton', clearing baybayin fields.
2025-02-09 00:31:39,385 - WARNING - Invalid Baybayin data for word 'taring', clearing baybayin fields.
2025-02-09 00:31:39,424 - WARNING - Invalid Baybayin data for word 'opera', clearing baybayin fields.
2025-02-09 00:31:39,427 - WARNING - Invalid Baybayin data for word 'opera', clearing baybayin fields.
2025-02-09 00:31:39,429 - WARNING - Invalid Baybayin data for word 'ere', clearing baybayin fields.
2025-02-09 00:31:39,431 - WARNING - Invalid Baybayin data for word 'ere', clearing baybayin fields.
2025-02-09 00:31:39,461 - WARNING - Invalid Baybayin data for word 'tapir', clearing baybayin fields.
2025-02-09 00:31:39,471 - WARNING - Invalid Baybayin data for word 'sago', clearing baybayin fields.
2025-02-09 00:31:39,475 - WARNING - Invalid Baybayin data for word 'sago', clearing baybayin fields.
2025-02-09 00:31:39,531 - WARNING - Invalid Baybayin data for word 'bale', clearing baybayin fields.
2025-02-09 00:31:39,537 - WARNING - Invalid Baybayin data for word 'bale', clearing baybayin fields.
2025-02-09 00:31:39,542 - WARNING - Invalid Baybayin data for word 'bale', clearing baybayin fields.
2025-02-09 00:31:39,555 - WARNING - Invalid Baybayin data for word 'hake', clearing baybayin fields.
2025-02-09 00:31:39,582 - WARNING - Invalid Baybayin data for word 'mall', clearing baybayin fields.
2025-02-09 00:31:39,599 - WARNING - Invalid Baybayin data for word 'Oregon', clearing baybayin fields.
2025-02-09 00:31:39,602 - WARNING - Invalid Baybayin data for word 'bibo', clearing baybayin fields.
2025-02-09 00:31:39,620 - WARNING - Invalid Baybayin data for word 'motel', clearing baybayin fields.
