2025-03-30 18:31:18,672 - INFO - Starting lookup for word: 'ngatanan'
2025-03-30 18:31:18,734 - INFO - pg_trgm extension installed: True
2025-03-30 18:31:18,734 - INFO - Executing exact match query for 'ngatanan'
2025-03-30 18:31:18,912 - INFO - Found 0 exact matches
2025-03-30 18:31:18,912 - INFO - No exact matches, trying fuzzy search for 'ngatanan'
2025-03-30 18:31:19,068 - INFO - Found 5 fuzzy matches
2025-03-30 18:31:19,068 - INFO - Fuzzy matches: ['ngata', 'ngatal', 'lukopngatanan', 'patanganan', 'nagtatanan']
2025-03-30 18:31:19,071 - INFO - Processing result 1/5
2025-03-30 18:31:19,072 - INFO - Word ID: 125412
2025-03-30 18:31:19,072 - INFO - Lemma: ngata
2025-03-30 18:31:19,073 - INFO - Language code: tl
2025-03-30 18:31:19,075 - INFO - Querying pronunciations for word_id 125412
2025-03-30 18:31:19,078 - INFO - Found 3 pronunciations
2025-03-30 18:31:19,082 - INFO - Querying etymologies for word_id 125412
2025-03-30 18:31:19,086 - INFO - Found 0 etymologies
2025-03-30 18:31:19,086 - INFO - Querying definitions for word_id 125412
2025-03-30 18:31:19,092 - INFO - Found 1 definitions
2025-03-30 18:31:19,093 - INFO - Processing definition 1/1
2025-03-30 18:31:19,095 - INFO - Querying relations for word_id 125412
2025-03-30 18:31:19,101 - INFO - Found 4 relations
2025-03-30 18:31:19,106 - INFO - Processing result 2/5
2025-03-30 18:31:19,106 - INFO - Word ID: 109767
2025-03-30 18:31:19,106 - INFO - Lemma: ngatal
2025-03-30 18:31:19,106 - INFO - Language code: tl
2025-03-30 18:31:19,108 - INFO - Querying pronunciations for word_id 109767
2025-03-30 18:31:19,109 - INFO - Found 3 pronunciations
2025-03-30 18:31:19,112 - INFO - Querying etymologies for word_id 109767
2025-03-30 18:31:19,113 - INFO - Found 0 etymologies
2025-03-30 18:31:19,113 - INFO - Querying definitions for word_id 109767
2025-03-30 18:31:19,115 - INFO - Found 1 definitions
2025-03-30 18:31:19,116 - INFO - Processing definition 1/1
2025-03-30 18:31:19,117 - INFO - Querying relations for word_id 109767
2025-03-30 18:31:19,119 - INFO - Found 2 relations
2025-03-30 18:31:19,122 - INFO - Processing result 3/5
2025-03-30 18:31:19,122 - INFO - Word ID: 227731
2025-03-30 18:31:19,123 - INFO - Lemma: lukopngatanan
2025-03-30 18:31:19,123 - INFO - Language code: ceb
2025-03-30 18:31:19,125 - INFO - Querying pronunciations for word_id 227731
2025-03-30 18:31:19,126 - INFO - Found 0 pronunciations
2025-03-30 18:31:19,126 - INFO - Querying etymologies for word_id 227731
2025-03-30 18:31:19,127 - INFO - Found 1 etymologies
2025-03-30 18:31:19,129 - INFO - Querying definitions for word_id 227731
2025-03-30 18:31:19,130 - INFO - Found 1 definitions
2025-03-30 18:31:19,132 - INFO - Processing definition 1/1
2025-03-30 18:31:19,134 - INFO - Querying relations for word_id 227731
2025-03-30 18:31:19,135 - INFO - Found 0 relations
2025-03-30 18:31:19,135 - INFO - No relations found for word ID 227731
2025-03-30 18:31:19,137 - INFO - Processing result 4/5
2025-03-30 18:31:19,137 - INFO - Word ID: 119590
2025-03-30 18:31:19,137 - INFO - Lemma: patanganan
2025-03-30 18:31:19,137 - INFO - Language code: tl
2025-03-30 18:31:19,139 - INFO - Querying pronunciations for word_id 119590
2025-03-30 18:31:19,140 - INFO - Found 0 pronunciations
2025-03-30 18:31:19,140 - INFO - Querying etymologies for word_id 119590
2025-03-30 18:31:19,141 - INFO - Found 0 etymologies
2025-03-30 18:31:19,141 - INFO - Querying definitions for word_id 119590
2025-03-30 18:31:19,142 - INFO - Found 0 definitions
2025-03-30 18:31:19,142 - INFO - Querying relations for word_id 119590
2025-03-30 18:31:19,143 - INFO - Found 0 relations
2025-03-30 18:31:19,143 - INFO - No relations found for word ID 119590
2025-03-30 18:31:19,144 - INFO - Processing result 5/5
2025-03-30 18:31:19,144 - INFO - Word ID: 161114
2025-03-30 18:31:19,145 - INFO - Lemma: nagtatanan
2025-03-30 18:31:19,145 - INFO - Language code: tl
2025-03-30 18:31:19,146 - INFO - Querying pronunciations for word_id 161114
2025-03-30 18:31:19,147 - INFO - Found 0 pronunciations
2025-03-30 18:31:19,147 - INFO - Querying etymologies for word_id 161114
2025-03-30 18:31:19,148 - INFO - Found 0 etymologies
2025-03-30 18:31:19,148 - INFO - Querying definitions for word_id 161114
2025-03-30 18:31:19,149 - INFO - Found 0 definitions
2025-03-30 18:31:19,150 - INFO - Querying relations for word_id 161114
2025-03-30 18:31:19,151 - INFO - Found 1 relations
2025-03-30 18:31:19,153 - INFO - Database connection closed
