2025-03-31 22:59:18,380 - INFO - Database connection pool initialized
2025-03-31 22:59:18,395 - INFO - Starting lookup for word: 'abaga'
2025-03-31 22:59:18,475 - INFO - pg_trgm extension installed: True
2025-03-31 22:59:18,476 - INFO - Executing exact match query for 'abaga'
2025-03-31 22:59:18,506 - INFO - Found 5 exact matches
2025-03-31 22:59:18,506 - INFO - Processing result 1/5
2025-03-31 22:59:18,507 - INFO - Word ID: 632
2025-03-31 22:59:18,507 - INFO - Lemma: abaga
2025-03-31 22:59:18,507 - INFO - Language code: hil
2025-03-31 22:59:18,513 - INFO - Querying pronunciations for word_id 632
2025-03-31 22:59:18,516 - INFO - Found 0 pronunciations
2025-03-31 22:59:18,516 - INFO - Querying etymologies for word_id 632
2025-03-31 22:59:18,521 - INFO - Found 0 etymologies
2025-03-31 22:59:18,521 - INFO - Querying definitions for word_id 632
2025-03-31 22:59:18,537 - INFO - Found 1 definitions
2025-03-31 22:59:18,538 - INFO - Processing definition 1/1
2025-03-31 22:59:18,543 - INFO - Querying relations for word_id 632
2025-03-31 22:59:18,552 - INFO - Found 0 relations
2025-03-31 22:59:18,553 - INFO - No relations found for word ID 632
2025-03-31 22:59:18,554 - INFO - Processing result 2/5
2025-03-31 22:59:18,554 - INFO - Word ID: 1896
2025-03-31 22:59:18,554 - INFO - Lemma: abaga
2025-03-31 22:59:18,554 - INFO - Language code: krj
2025-03-31 22:59:18,556 - INFO - Querying pronunciations for word_id 1896
2025-03-31 22:59:18,557 - INFO - Found 0 pronunciations
2025-03-31 22:59:18,557 - INFO - Querying etymologies for word_id 1896
2025-03-31 22:59:18,557 - INFO - Found 0 etymologies
2025-03-31 22:59:18,558 - INFO - Querying definitions for word_id 1896
2025-03-31 22:59:18,558 - INFO - Found 1 definitions
2025-03-31 22:59:18,559 - INFO - Processing definition 1/1
2025-03-31 22:59:18,561 - INFO - Querying relations for word_id 1896
2025-03-31 22:59:18,562 - INFO - Found 0 relations
2025-03-31 22:59:18,562 - INFO - No relations found for word ID 1896
2025-03-31 22:59:18,564 - INFO - Processing result 3/5
2025-03-31 22:59:18,564 - INFO - Word ID: 1202
2025-03-31 22:59:18,564 - INFO - Lemma: abaga
2025-03-31 22:59:18,564 - INFO - Language code: ceb
2025-03-31 22:59:18,566 - INFO - Querying pronunciations for word_id 1202
2025-03-31 22:59:18,566 - INFO - Found 0 pronunciations
2025-03-31 22:59:18,567 - INFO - Querying etymologies for word_id 1202
2025-03-31 22:59:18,568 - INFO - Found 0 etymologies
2025-03-31 22:59:18,568 - INFO - Querying definitions for word_id 1202
2025-03-31 22:59:18,569 - INFO - Found 1 definitions
2025-03-31 22:59:18,570 - INFO - Processing definition 1/1
2025-03-31 22:59:18,573 - INFO - Querying relations for word_id 1202
2025-03-31 22:59:18,574 - INFO - Found 0 relations
2025-03-31 22:59:18,575 - INFO - No relations found for word ID 1202
2025-03-31 22:59:18,576 - INFO - Processing result 4/5
2025-03-31 22:59:18,576 - INFO - Word ID: 123
2025-03-31 22:59:18,577 - INFO - Lemma: abaga
2025-03-31 22:59:18,577 - INFO - Language code: asz
2025-03-31 22:59:18,578 - INFO - Querying pronunciations for word_id 123
2025-03-31 22:59:18,579 - INFO - Found 0 pronunciations
2025-03-31 22:59:18,580 - INFO - Querying etymologies for word_id 123
2025-03-31 22:59:18,580 - INFO - Found 0 etymologies
2025-03-31 22:59:18,580 - INFO - Querying definitions for word_id 123
2025-03-31 22:59:18,581 - INFO - Found 1 definitions
2025-03-31 22:59:18,583 - INFO - Processing definition 1/1
2025-03-31 22:59:18,585 - INFO - Querying relations for word_id 123
2025-03-31 22:59:18,586 - INFO - Found 0 relations
2025-03-31 22:59:18,587 - INFO - No relations found for word ID 123
2025-03-31 22:59:18,588 - INFO - Processing result 5/5
2025-03-31 22:59:18,588 - INFO - Word ID: 2
2025-03-31 22:59:18,588 - INFO - Lemma: abaga
2025-03-31 22:59:18,588 - INFO - Language code: msb
2025-03-31 22:59:18,590 - INFO - Querying pronunciations for word_id 2
2025-03-31 22:59:18,590 - INFO - Found 0 pronunciations
2025-03-31 22:59:18,590 - INFO - Querying etymologies for word_id 2
2025-03-31 22:59:18,591 - INFO - Found 0 etymologies
2025-03-31 22:59:18,591 - INFO - Querying definitions for word_id 2
2025-03-31 22:59:18,592 - INFO - Found 1 definitions
2025-03-31 22:59:18,593 - INFO - Processing definition 1/1
2025-03-31 22:59:18,596 - INFO - Querying relations for word_id 2
2025-03-31 22:59:18,597 - INFO - Found 0 relations
2025-03-31 22:59:18,597 - INFO - No relations found for word ID 2
2025-03-31 22:59:18,598 - INFO - Database connection closed
