2025-04-03 23:33:04,753 - INFO - Starting table creation/update process.
2025-04-03 23:33:06,058 - INFO - Tables created or updated successfully.
2025-04-03 23:33:06,075 - INFO - Processing Marayum dictionaries from directory: ..\data\marayum_dictionaries
2025-04-03 23:33:06,088 - INFO - Processing Marayum file: ..\data\marayum_dictionaries\onhan-english_processed.json with source: Project Marayum
2025-04-03 23:33:06,091 - INFO - Found 0 word entries in ..\data\marayum_dictionaries\onhan-english_processed.json. Skipping file.
2025-04-03 23:33:06,092 - WARNING - No entries processed from onhan-english_processed.json
2025-04-03 23:33:06,095 - INFO - Processing Marayum file: ..\data\marayum_dictionaries\waray-english_processed.json with source: Project Marayum
2025-04-03 23:33:06,098 - INFO - Found 0 word entries in ..\data\marayum_dictionaries\waray-english_processed.json. Skipping file.
2025-04-03 23:33:06,099 - WARNING - No entries processed from waray-english_processed.json
2025-04-03 23:33:06,100 - INFO - Processing Marayum file: ..\data\marayum_dictionaries\ibanag-english_processed.json with source: Project Marayum
2025-04-03 23:33:06,102 - INFO - Found 0 word entries in ..\data\marayum_dictionaries\ibanag-english_processed.json. Skipping file.
2025-04-03 23:33:06,103 - WARNING - No entries processed from ibanag-english_processed.json
2025-04-03 23:33:06,105 - INFO - Processing Marayum file: ..\data\marayum_dictionaries\iranon-english_processed.json with source: Project Marayum
2025-04-03 23:33:06,107 - INFO - Found 0 word entries in ..\data\marayum_dictionaries\iranon-english_processed.json. Skipping file.
2025-04-03 23:33:06,108 - WARNING - No entries processed from iranon-english_processed.json
2025-04-03 23:33:06,109 - INFO - Processing Marayum file: ..\data\marayum_dictionaries\itawis-english_processed.json with source: Project Marayum
2025-04-03 23:33:06,111 - INFO - Found 0 word entries in ..\data\marayum_dictionaries\itawis-english_processed.json. Skipping file.
2025-04-03 23:33:06,112 - WARNING - No entries processed from itawis-english_processed.json
2025-04-03 23:33:06,114 - INFO - Processing Marayum file: ..\data\marayum_dictionaries\ivatan-english_processed.json with source: Project Marayum
2025-04-03 23:33:06,117 - INFO - Found 0 word entries in ..\data\marayum_dictionaries\ivatan-english_processed.json. Skipping file.
2025-04-03 23:33:06,119 - WARNING - No entries processed from ivatan-english_processed.json
2025-04-03 23:33:06,124 - INFO - Processing Marayum file: ..\data\marayum_dictionaries\manide-english_processed.json with source: Project Marayum
2025-04-03 23:33:06,134 - INFO - Found 0 word entries in ..\data\marayum_dictionaries\manide-english_processed.json. Skipping file.
2025-04-03 23:33:06,141 - WARNING - No entries processed from manide-english_processed.json
2025-04-03 23:33:06,145 - INFO - Processing Marayum file: ..\data\marayum_dictionaries\gaddang-english_processed.json with source: Project Marayum
2025-04-03 23:33:06,148 - INFO - Found 0 word entries in ..\data\marayum_dictionaries\gaddang-english_processed.json. Skipping file.
2025-04-03 23:33:06,150 - WARNING - No entries processed from gaddang-english_processed.json
2025-04-03 23:33:06,152 - INFO - Processing Marayum file: ..\data\marayum_dictionaries\cuyonon-english_processed.json with source: Project Marayum
2025-04-03 23:33:06,154 - INFO - Found 0 word entries in ..\data\marayum_dictionaries\cuyonon-english_processed.json. Skipping file.
2025-04-03 23:33:06,155 - WARNING - No entries processed from cuyonon-english_processed.json
2025-04-03 23:33:06,157 - INFO - Processing Marayum file: ..\data\marayum_dictionaries\ilocano-english_processed.json with source: Project Marayum
2025-04-03 23:33:06,160 - INFO - Found 0 word entries in ..\data\marayum_dictionaries\ilocano-english_processed.json. Skipping file.
2025-04-03 23:33:06,161 - WARNING - No entries processed from ilocano-english_processed.json
2025-04-03 23:33:06,162 - INFO - Processing Marayum file: ..\data\marayum_dictionaries\pangasinan-english_processed.json with source: Project Marayum
2025-04-03 23:33:06,167 - INFO - Found 0 word entries in ..\data\marayum_dictionaries\pangasinan-english_processed.json. Skipping file.
2025-04-03 23:33:06,169 - WARNING - No entries processed from pangasinan-english_processed.json
2025-04-03 23:33:06,172 - INFO - Processing Marayum file: ..\data\marayum_dictionaries\bikol-albay-english_processed.json with source: Project Marayum
2025-04-03 23:33:06,181 - INFO - Found 0 word entries in ..\data\marayum_dictionaries\bikol-albay-english_processed.json. Skipping file.
2025-04-03 23:33:06,182 - WARNING - No entries processed from bikol-albay-english_processed.json
2025-04-03 23:33:06,183 - INFO - Processing Marayum file: ..\data\marayum_dictionaries\bikol-libon-english_processed.json with source: Project Marayum
2025-04-03 23:33:06,185 - INFO - Found 0 word entries in ..\data\marayum_dictionaries\bikol-libon-english_processed.json. Skipping file.
2025-04-03 23:33:06,186 - WARNING - No entries processed from bikol-libon-english_processed.json
2025-04-03 23:33:06,187 - INFO - Processing Marayum file: ..\data\marayum_dictionaries\kapampangan-english_processed.json with source: Project Marayum
2025-04-03 23:33:06,189 - INFO - Found 0 word entries in ..\data\marayum_dictionaries\kapampangan-english_processed.json. Skipping file.
2025-04-03 23:33:06,191 - WARNING - No entries processed from kapampangan-english_processed.json
2025-04-03 23:33:06,193 - INFO - Processing Marayum file: ..\data\marayum_dictionaries\bikol-miraya-english_processed.json with source: Project Marayum
2025-04-03 23:33:06,195 - INFO - Found 0 word entries in ..\data\marayum_dictionaries\bikol-miraya-english_processed.json. Skipping file.
2025-04-03 23:33:06,196 - WARNING - No entries processed from bikol-miraya-english_processed.json
2025-04-03 23:33:06,198 - INFO - Processing Marayum file: ..\data\marayum_dictionaries\maguindanaon-english_processed.json with source: Project Marayum
2025-04-03 23:33:06,199 - INFO - Found 0 word entries in ..\data\marayum_dictionaries\maguindanaon-english_processed.json. Skipping file.
2025-04-03 23:33:06,200 - WARNING - No entries processed from maguindanaon-english_processed.json
2025-04-03 23:33:06,202 - INFO - Processing Marayum file: ..\data\marayum_dictionaries\bikol-partido-english_processed.json with source: Project Marayum
2025-04-03 23:33:06,204 - INFO - Found 0 word entries in ..\data\marayum_dictionaries\bikol-partido-english_processed.json. Skipping file.
2025-04-03 23:33:06,206 - WARNING - No entries processed from bikol-partido-english_processed.json
2025-04-03 23:33:06,207 - INFO - Processing Marayum file: ..\data\marayum_dictionaries\isneg-yapayao-english_processed.json with source: Project Marayum
2025-04-03 23:33:06,210 - INFO - Found 0 word entries in ..\data\marayum_dictionaries\isneg-yapayao-english_processed.json. Skipping file.
2025-04-03 23:33:06,211 - WARNING - No entries processed from isneg-yapayao-english_processed.json
2025-04-03 23:33:06,212 - INFO - Processing Marayum file: ..\data\marayum_dictionaries\bikol-rinconada-english_processed.json with source: Project Marayum
2025-04-03 23:33:06,214 - INFO - Found 0 word entries in ..\data\marayum_dictionaries\bikol-rinconada-english_processed.json. Skipping file.
2025-04-03 23:33:06,215 - WARNING - No entries processed from bikol-rinconada-english_processed.json
2025-04-03 23:33:06,216 - INFO - Processing Marayum file: ..\data\marayum_dictionaries\blaan-koronadal-english_processed.json with source: Project Marayum
2025-04-03 23:33:06,218 - INFO - Found 0 word entries in ..\data\marayum_dictionaries\blaan-koronadal-english_processed.json. Skipping file.
2025-04-03 23:33:06,219 - WARNING - No entries processed from blaan-koronadal-english_processed.json
2025-04-03 23:33:06,220 - INFO - Processing Marayum file: ..\data\marayum_dictionaries\blaan-sarangani-english_processed.json with source: Project Marayum
2025-04-03 23:33:06,222 - INFO - Found 0 word entries in ..\data\marayum_dictionaries\blaan-sarangani-english_processed.json. Skipping file.
2025-04-03 23:33:06,223 - WARNING - No entries processed from blaan-sarangani-english_processed.json
2025-04-03 23:33:06,224 - INFO - Processing Marayum file: ..\data\marayum_dictionaries\bikol-west-albay-english_processed.json with source: Project Marayum
2025-04-03 23:33:06,226 - INFO - Found 0 word entries in ..\data\marayum_dictionaries\bikol-west-albay-english_processed.json. Skipping file.
2025-04-03 23:33:06,227 - WARNING - No entries processed from bikol-west-albay-english_processed.json
2025-04-03 23:33:06,229 - INFO - Processing Marayum file: ..\data\marayum_dictionaries\manobo-erumanen-english_processed.json with source: Project Marayum
2025-04-03 23:33:06,230 - INFO - Found 0 word entries in ..\data\marayum_dictionaries\manobo-erumanen-english_processed.json. Skipping file.
2025-04-03 23:33:06,231 - WARNING - No entries processed from manobo-erumanen-english_processed.json
2025-04-03 23:33:06,232 - INFO - Processing Marayum file: ..\data\marayum_dictionaries\cebuano-cotabato-english_processed.json with source: Project Marayum
2025-04-03 23:33:06,235 - INFO - Found 0 word entries in ..\data\marayum_dictionaries\cebuano-cotabato-english_processed.json. Skipping file.
2025-04-03 23:33:06,236 - WARNING - No entries processed from cebuano-cotabato-english_processed.json
2025-04-03 23:33:06,237 - INFO - Processing Marayum file: ..\data\marayum_dictionaries\tagalog-marinduque-english_processed.json with source: Project Marayum
2025-04-03 23:33:06,239 - INFO - Found 0 word entries in ..\data\marayum_dictionaries\tagalog-marinduque-english_processed.json. Skipping file.
2025-04-03 23:33:06,240 - WARNING - No entries processed from tagalog-marinduque-english_processed.json
2025-04-03 23:33:06,241 - INFO - Processing Marayum file: ..\data\marayum_dictionaries\hiligaynon-cotabato-english_processed.json with source: Project Marayum
2025-04-03 23:33:06,243 - INFO - Found 0 word entries in ..\data\marayum_dictionaries\hiligaynon-cotabato-english_processed.json. Skipping file.
2025-04-03 23:33:06,245 - WARNING - No entries processed from hiligaynon-cotabato-english_processed.json
2025-04-03 23:33:06,246 - INFO - Processing Marayum file: ..\data\marayum_dictionaries\ifugao-tuwali-ihapo-english_processed.json with source: Project Marayum
2025-04-03 23:33:06,248 - INFO - Found 0 word entries in ..\data\marayum_dictionaries\ifugao-tuwali-ihapo-english_processed.json. Skipping file.
2025-04-03 23:33:06,249 - WARNING - No entries processed from ifugao-tuwali-ihapo-english_processed.json
2025-04-03 23:33:06,250 - INFO - Processing Marayum file: ..\data\marayum_dictionaries\bikol-northern-catanduanes-english_processed.json with source: Project Marayum
2025-04-03 23:33:06,252 - INFO - Found 0 word entries in ..\data\marayum_dictionaries\bikol-northern-catanduanes-english_processed.json. Skipping file.
2025-04-03 23:33:06,253 - WARNING - No entries processed from bikol-northern-catanduanes-english_processed.json
2025-04-03 23:33:06,256 - INFO - Processing Marayum file: ..\data\marayum_dictionaries\bikol-southern-catanduanes-english_processed.json with source: Project Marayum
2025-04-03 23:33:06,258 - INFO - Found 0 word entries in ..\data\marayum_dictionaries\bikol-southern-catanduanes-english_processed.json. Skipping file.
2025-04-03 23:33:06,259 - WARNING - No entries processed from bikol-southern-catanduanes-english_processed.json
2025-04-03 23:33:06,265 - INFO - Processing Marayum file: ..\data\marayum_dictionaries\chavacano-english_processed.json with source: Project Marayum
2025-04-03 23:33:06,267 - INFO - Found 1 word entries in ..\data\marayum_dictionaries\chavacano-english_processed.json
2025-04-03 23:33:06,268 - INFO - Determined language code 'cbk' for ..\data\marayum_dictionaries\chavacano-english_processed.json from base language 'Chavacano'.
2025-04-03 23:33:06,478 - INFO - Word 'comida' (cbk) created (ID: 1) from source 'Project Marayum'.
2025-04-03 23:33:06,494 - ERROR - Error during definition insertion for 'comida' (ID: 1), Def 1: insert_definition() got an unexpected keyword argument 'definition_order'. Did you mean 'definition_text'?
Traceback (most recent call last):
  File "C:\fil-relex\backend\dictionary_manager.py", line 8886, in process_marayum_json
    def_id = insert_definition(
       cur,
    ...<5 lines>...
       metadata=Json(def_metadata) if def_metadata else None
    )
  File "C:\fil-relex\backend\dictionary_manager.py", line 559, in wrapper
    result = func(cur, *args, **kwargs)
TypeError: insert_definition() got an unexpected keyword argument 'definition_order'. Did you mean 'definition_text'?
2025-04-03 23:33:06,529 - INFO - Finished processing ..\data\marayum_dictionaries\chavacano-english_processed.json. Final commit successful.
2025-04-03 23:33:06,530 - INFO - Stats for ..\data\marayum_dictionaries\chavacano-english_processed.json: Processed: 1, Definitions: 0, Relations: 0, Pronunciations: 0, Etymologies: 0, Credits: 1, Skipped: 0, Errors: 0
2025-04-03 23:33:06,531 - WARNING - Error summary for ..\data\marayum_dictionaries\chavacano-english_processed.json: {'DefinitionInsertError: TypeError': 1}
2025-04-03 23:33:06,533 - INFO - Processing Marayum file: ..\data\marayum_dictionaries\masbatenyo-english_processed.json with source: Project Marayum
2025-04-03 23:33:06,536 - INFO - Found 3 word entries in ..\data\marayum_dictionaries\masbatenyo-english_processed.json
2025-04-03 23:33:06,538 - INFO - Determined language code 'msb' for ..\data\marayum_dictionaries\masbatenyo-english_processed.json from base language 'Masbatenyo'.
2025-04-03 23:33:06,560 - INFO - Word 'abaga' (msb) created (ID: 2) from source 'Project Marayum'.
2025-04-03 23:33:06,564 - ERROR - Error during definition insertion for 'abaga' (ID: 2), Def 1: insert_definition() got an unexpected keyword argument 'definition_order'. Did you mean 'definition_text'?
Traceback (most recent call last):
  File "C:\fil-relex\backend\dictionary_manager.py", line 8886, in process_marayum_json
    def_id = insert_definition(
       cur,
    ...<5 lines>...
       metadata=Json(def_metadata) if def_metadata else None
    )
  File "C:\fil-relex\backend\dictionary_manager.py", line 559, in wrapper
    result = func(cur, *args, **kwargs)
TypeError: insert_definition() got an unexpected keyword argument 'definition_order'. Did you mean 'definition_text'?
2025-04-03 23:33:06,601 - INFO - Word 'gipad' (msb) created (ID: 3) from source 'Project Marayum'.
2025-04-03 23:33:06,605 - ERROR - Error during definition insertion for 'gipad' (ID: 3), Def 1: insert_definition() got an unexpected keyword argument 'definition_order'. Did you mean 'definition_text'?
Traceback (most recent call last):
  File "C:\fil-relex\backend\dictionary_manager.py", line 8886, in process_marayum_json
    def_id = insert_definition(
       cur,
    ...<5 lines>...
       metadata=Json(def_metadata) if def_metadata else None
    )
  File "C:\fil-relex\backend\dictionary_manager.py", line 559, in wrapper
    result = func(cur, *args, **kwargs)
TypeError: insert_definition() got an unexpected keyword argument 'definition_order'. Did you mean 'definition_text'?
2025-04-03 23:33:06,617 - INFO - Word 'piko' (msb) created (ID: 4) from source 'Project Marayum'.
2025-04-03 23:33:06,621 - ERROR - Error during definition insertion for 'piko' (ID: 4), Def 1: insert_definition() got an unexpected keyword argument 'definition_order'. Did you mean 'definition_text'?
Traceback (most recent call last):
  File "C:\fil-relex\backend\dictionary_manager.py", line 8886, in process_marayum_json
    def_id = insert_definition(
       cur,
    ...<5 lines>...
       metadata=Json(def_metadata) if def_metadata else None
    )
  File "C:\fil-relex\backend\dictionary_manager.py", line 559, in wrapper
    result = func(cur, *args, **kwargs)
TypeError: insert_definition() got an unexpected keyword argument 'definition_order'. Did you mean 'definition_text'?
2025-04-03 23:33:06,642 - INFO - Finished processing ..\data\marayum_dictionaries\masbatenyo-english_processed.json. Final commit successful.
2025-04-03 23:33:06,644 - INFO - Stats for ..\data\marayum_dictionaries\masbatenyo-english_processed.json: Processed: 3, Definitions: 0, Relations: 0, Pronunciations: 3, Etymologies: 0, Credits: 3, Skipped: 0, Errors: 0
2025-04-03 23:33:06,647 - WARNING - Error summary for ..\data\marayum_dictionaries\masbatenyo-english_processed.json: {'DefinitionInsertError: TypeError': 3}
2025-04-03 23:33:06,650 - INFO - Processing Marayum file: ..\data\marayum_dictionaries\bikol-central-english_processed.json with source: Project Marayum
2025-04-03 23:33:06,653 - INFO - Found 4 word entries in ..\data\marayum_dictionaries\bikol-central-english_processed.json
2025-04-03 23:33:06,656 - WARNING - No language code mapping found for: bikol-central
2025-04-03 23:33:06,657 - INFO - Determined language code 'bik' for ..\data\marayum_dictionaries\bikol-central-english_processed.json from base language 'Bikol-Central'.
2025-04-03 23:33:06,694 - INFO - Word 'giráray' (bik) created (ID: 5) from source 'Project Marayum'.
2025-04-03 23:33:06,698 - ERROR - Error during definition insertion for 'giráray' (ID: 5), Def 1: insert_definition() got an unexpected keyword argument 'definition_order'. Did you mean 'definition_text'?
Traceback (most recent call last):
  File "C:\fil-relex\backend\dictionary_manager.py", line 8886, in process_marayum_json
    def_id = insert_definition(
       cur,
    ...<5 lines>...
       metadata=Json(def_metadata) if def_metadata else None
    )
  File "C:\fil-relex\backend\dictionary_manager.py", line 559, in wrapper
    result = func(cur, *args, **kwargs)
TypeError: insert_definition() got an unexpected keyword argument 'definition_order'. Did you mean 'definition_text'?
2025-04-03 23:33:06,725 - INFO - Word 'kudál' (bik) created (ID: 6) from source 'Project Marayum'.
2025-04-03 23:33:06,731 - ERROR - Error during definition insertion for 'kudál' (ID: 6), Def 1: insert_definition() got an unexpected keyword argument 'definition_order'. Did you mean 'definition_text'?
Traceback (most recent call last):
  File "C:\fil-relex\backend\dictionary_manager.py", line 8886, in process_marayum_json
    def_id = insert_definition(
       cur,
    ...<5 lines>...
       metadata=Json(def_metadata) if def_metadata else None
    )
  File "C:\fil-relex\backend\dictionary_manager.py", line 559, in wrapper
    result = func(cur, *args, **kwargs)
TypeError: insert_definition() got an unexpected keyword argument 'definition_order'. Did you mean 'definition_text'?
2025-04-03 23:33:06,822 - INFO - Word 'palás' (bik) created (ID: 7) from source 'Project Marayum'.
2025-04-03 23:33:06,825 - ERROR - Error during definition insertion for 'palás' (ID: 7), Def 1: insert_definition() got an unexpected keyword argument 'definition_order'. Did you mean 'definition_text'?
Traceback (most recent call last):
  File "C:\fil-relex\backend\dictionary_manager.py", line 8886, in process_marayum_json
    def_id = insert_definition(
       cur,
    ...<5 lines>...
       metadata=Json(def_metadata) if def_metadata else None
    )
  File "C:\fil-relex\backend\dictionary_manager.py", line 559, in wrapper
    result = func(cur, *args, **kwargs)
TypeError: insert_definition() got an unexpected keyword argument 'definition_order'. Did you mean 'definition_text'?
2025-04-03 23:33:06,836 - INFO - Word 'pamálit' (bik) created (ID: 8) from source 'Project Marayum'.
2025-04-03 23:33:06,838 - ERROR - Error during definition insertion for 'pamálit' (ID: 8), Def 1: insert_definition() got an unexpected keyword argument 'definition_order'. Did you mean 'definition_text'?
Traceback (most recent call last):
  File "C:\fil-relex\backend\dictionary_manager.py", line 8886, in process_marayum_json
    def_id = insert_definition(
       cur,
    ...<5 lines>...
       metadata=Json(def_metadata) if def_metadata else None
    )
  File "C:\fil-relex\backend\dictionary_manager.py", line 559, in wrapper
    result = func(cur, *args, **kwargs)
TypeError: insert_definition() got an unexpected keyword argument 'definition_order'. Did you mean 'definition_text'?
2025-04-03 23:33:06,862 - INFO - Finished processing ..\data\marayum_dictionaries\bikol-central-english_processed.json. Final commit successful.
2025-04-03 23:33:06,867 - INFO - Stats for ..\data\marayum_dictionaries\bikol-central-english_processed.json: Processed: 4, Definitions: 0, Relations: 0, Pronunciations: 0, Etymologies: 0, Credits: 4, Skipped: 0, Errors: 0
2025-04-03 23:33:06,878 - WARNING - Error summary for ..\data\marayum_dictionaries\bikol-central-english_processed.json: {'DefinitionInsertError: TypeError': 4}
2025-04-03 23:33:06,880 - INFO - Processing Marayum file: ..\data\marayum_dictionaries\aklanon-english_processed.json with source: Project Marayum
2025-04-03 23:33:06,884 - INFO - Found 7 word entries in ..\data\marayum_dictionaries\aklanon-english_processed.json
2025-04-03 23:33:06,891 - INFO - Determined language code 'akl' for ..\data\marayum_dictionaries\aklanon-english_processed.json from base language 'Aklanon'.
2025-04-03 23:33:06,927 - INFO - Word 'apa' (akl) created (ID: 9) from source 'Project Marayum'.
2025-04-03 23:33:06,930 - ERROR - Error during definition insertion for 'apa' (ID: 9), Def 1: insert_definition() got an unexpected keyword argument 'definition_order'. Did you mean 'definition_text'?
Traceback (most recent call last):
  File "C:\fil-relex\backend\dictionary_manager.py", line 8886, in process_marayum_json
    def_id = insert_definition(
       cur,
    ...<5 lines>...
       metadata=Json(def_metadata) if def_metadata else None
    )
  File "C:\fil-relex\backend\dictionary_manager.py", line 559, in wrapper
    result = func(cur, *args, **kwargs)
TypeError: insert_definition() got an unexpected keyword argument 'definition_order'. Did you mean 'definition_text'?
2025-04-03 23:33:06,938 - INFO - Word 'baeatian' (akl) created (ID: 10) from source 'Project Marayum'.
2025-04-03 23:33:06,942 - ERROR - Error during definition insertion for 'baeatian' (ID: 10), Def 1: insert_definition() got an unexpected keyword argument 'definition_order'. Did you mean 'definition_text'?
Traceback (most recent call last):
  File "C:\fil-relex\backend\dictionary_manager.py", line 8886, in process_marayum_json
    def_id = insert_definition(
       cur,
    ...<5 lines>...
       metadata=Json(def_metadata) if def_metadata else None
    )
  File "C:\fil-relex\backend\dictionary_manager.py", line 559, in wrapper
    result = func(cur, *args, **kwargs)
TypeError: insert_definition() got an unexpected keyword argument 'definition_order'. Did you mean 'definition_text'?
2025-04-03 23:33:06,959 - INFO - Word 'bulag' (akl) created (ID: 11) from source 'Project Marayum'.
2025-04-03 23:33:06,962 - ERROR - Error during definition insertion for 'bulag' (ID: 11), Def 1: insert_definition() got an unexpected keyword argument 'definition_order'. Did you mean 'definition_text'?
Traceback (most recent call last):
  File "C:\fil-relex\backend\dictionary_manager.py", line 8886, in process_marayum_json
    def_id = insert_definition(
       cur,
    ...<5 lines>...
       metadata=Json(def_metadata) if def_metadata else None
    )
  File "C:\fil-relex\backend\dictionary_manager.py", line 559, in wrapper
    result = func(cur, *args, **kwargs)
TypeError: insert_definition() got an unexpected keyword argument 'definition_order'. Did you mean 'definition_text'?
2025-04-03 23:33:06,971 - INFO - Word 'bungoe' (akl) created (ID: 12) from source 'Project Marayum'.
2025-04-03 23:33:06,975 - ERROR - Error during definition insertion for 'bungoe' (ID: 12), Def 1: insert_definition() got an unexpected keyword argument 'definition_order'. Did you mean 'definition_text'?
Traceback (most recent call last):
  File "C:\fil-relex\backend\dictionary_manager.py", line 8886, in process_marayum_json
    def_id = insert_definition(
       cur,
    ...<5 lines>...
       metadata=Json(def_metadata) if def_metadata else None
    )
  File "C:\fil-relex\backend\dictionary_manager.py", line 559, in wrapper
    result = func(cur, *args, **kwargs)
TypeError: insert_definition() got an unexpected keyword argument 'definition_order'. Did you mean 'definition_text'?
2025-04-03 23:33:06,989 - INFO - Word 'kindat' (akl) created (ID: 13) from source 'Project Marayum'.
2025-04-03 23:33:07,062 - ERROR - Error during definition insertion for 'kindat' (ID: 13), Def 1: insert_definition() got an unexpected keyword argument 'definition_order'. Did you mean 'definition_text'?
Traceback (most recent call last):
  File "C:\fil-relex\backend\dictionary_manager.py", line 8886, in process_marayum_json
    def_id = insert_definition(
       cur,
    ...<5 lines>...
       metadata=Json(def_metadata) if def_metadata else None
    )
  File "C:\fil-relex\backend\dictionary_manager.py", line 559, in wrapper
    result = func(cur, *args, **kwargs)
TypeError: insert_definition() got an unexpected keyword argument 'definition_order'. Did you mean 'definition_text'?
2025-04-03 23:33:07,092 - INFO - Word 'matimsog' (akl) created (ID: 14) from source 'Project Marayum'.
2025-04-03 23:33:07,098 - ERROR - Error during definition insertion for 'matimsog' (ID: 14), Def 1: insert_definition() got an unexpected keyword argument 'definition_order'. Did you mean 'definition_text'?
Traceback (most recent call last):
  File "C:\fil-relex\backend\dictionary_manager.py", line 8886, in process_marayum_json
    def_id = insert_definition(
       cur,
    ...<5 lines>...
       metadata=Json(def_metadata) if def_metadata else None
    )
  File "C:\fil-relex\backend\dictionary_manager.py", line 559, in wrapper
    result = func(cur, *args, **kwargs)
TypeError: insert_definition() got an unexpected keyword argument 'definition_order'. Did you mean 'definition_text'?
2025-04-03 23:33:07,113 - INFO - Word 'pana' (akl) created (ID: 15) from source 'Project Marayum'.
2025-04-03 23:33:07,164 - ERROR - Error during definition insertion for 'pana' (ID: 15), Def 1: insert_definition() got an unexpected keyword argument 'definition_order'. Did you mean 'definition_text'?
Traceback (most recent call last):
  File "C:\fil-relex\backend\dictionary_manager.py", line 8886, in process_marayum_json
    def_id = insert_definition(
       cur,
    ...<5 lines>...
       metadata=Json(def_metadata) if def_metadata else None
    )
  File "C:\fil-relex\backend\dictionary_manager.py", line 559, in wrapper
    result = func(cur, *args, **kwargs)
TypeError: insert_definition() got an unexpected keyword argument 'definition_order'. Did you mean 'definition_text'?
2025-04-03 23:33:07,269 - INFO - Finished processing ..\data\marayum_dictionaries\aklanon-english_processed.json. Final commit successful.
2025-04-03 23:33:07,279 - INFO - Stats for ..\data\marayum_dictionaries\aklanon-english_processed.json: Processed: 7, Definitions: 0, Relations: 0, Pronunciations: 0, Etymologies: 0, Credits: 7, Skipped: 0, Errors: 0
2025-04-03 23:33:07,296 - WARNING - Error summary for ..\data\marayum_dictionaries\aklanon-english_processed.json: {'DefinitionInsertError: TypeError': 7}
2025-04-03 23:33:07,330 - INFO - Processing Marayum file: ..\data\marayum_dictionaries\surigaonon-english_processed.json with source: Project Marayum
2025-04-03 23:33:07,336 - INFO - Found 18 word entries in ..\data\marayum_dictionaries\surigaonon-english_processed.json
2025-04-03 23:33:07,339 - INFO - Determined language code 'sgd' for ..\data\marayum_dictionaries\surigaonon-english_processed.json from base language 'Surigaonon'.
2025-04-03 23:33:07,395 - INFO - Word 'aban' (sgd) created (ID: 16) from source 'Project Marayum'.
2025-04-03 23:33:07,401 - ERROR - Error during definition insertion for 'aban' (ID: 16), Def 1: insert_definition() got an unexpected keyword argument 'definition_order'. Did you mean 'definition_text'?
Traceback (most recent call last):
  File "C:\fil-relex\backend\dictionary_manager.py", line 8886, in process_marayum_json
    def_id = insert_definition(
       cur,
    ...<5 lines>...
       metadata=Json(def_metadata) if def_metadata else None
    )
  File "C:\fil-relex\backend\dictionary_manager.py", line 559, in wrapper
    result = func(cur, *args, **kwargs)
TypeError: insert_definition() got an unexpected keyword argument 'definition_order'. Did you mean 'definition_text'?
2025-04-03 23:33:07,412 - INFO - Word 'adlip' (sgd) created (ID: 17) from source 'Project Marayum'.
2025-04-03 23:33:07,417 - ERROR - Error during definition insertion for 'adlip' (ID: 17), Def 1: insert_definition() got an unexpected keyword argument 'definition_order'. Did you mean 'definition_text'?
Traceback (most recent call last):
  File "C:\fil-relex\backend\dictionary_manager.py", line 8886, in process_marayum_json
    def_id = insert_definition(
       cur,
    ...<5 lines>...
       metadata=Json(def_metadata) if def_metadata else None
    )
  File "C:\fil-relex\backend\dictionary_manager.py", line 559, in wrapper
    result = func(cur, *args, **kwargs)
TypeError: insert_definition() got an unexpected keyword argument 'definition_order'. Did you mean 'definition_text'?
2025-04-03 23:33:07,438 - INFO - Word 'agtang' (sgd) created (ID: 18) from source 'Project Marayum'.
2025-04-03 23:33:07,469 - ERROR - Error during definition insertion for 'agtang' (ID: 18), Def 1: insert_definition() got an unexpected keyword argument 'definition_order'. Did you mean 'definition_text'?
Traceback (most recent call last):
  File "C:\fil-relex\backend\dictionary_manager.py", line 8886, in process_marayum_json
    def_id = insert_definition(
       cur,
    ...<5 lines>...
       metadata=Json(def_metadata) if def_metadata else None
    )
  File "C:\fil-relex\backend\dictionary_manager.py", line 559, in wrapper
    result = func(cur, *args, **kwargs)
TypeError: insert_definition() got an unexpected keyword argument 'definition_order'. Did you mean 'definition_text'?
2025-04-03 23:33:07,490 - INFO - Word 'alibuybuy' (sgd) created (ID: 19) from source 'Project Marayum'.
2025-04-03 23:33:07,518 - ERROR - Error during definition insertion for 'alibuybuy' (ID: 19), Def 1: insert_definition() got an unexpected keyword argument 'definition_order'. Did you mean 'definition_text'?
Traceback (most recent call last):
  File "C:\fil-relex\backend\dictionary_manager.py", line 8886, in process_marayum_json
    def_id = insert_definition(
       cur,
    ...<5 lines>...
       metadata=Json(def_metadata) if def_metadata else None
    )
  File "C:\fil-relex\backend\dictionary_manager.py", line 559, in wrapper
    result = func(cur, *args, **kwargs)
TypeError: insert_definition() got an unexpected keyword argument 'definition_order'. Did you mean 'definition_text'?
2025-04-03 23:33:07,542 - INFO - Word 'aling' (sgd) created (ID: 20) from source 'Project Marayum'.
2025-04-03 23:33:07,601 - ERROR - Error during definition insertion for 'aling' (ID: 20), Def 1: insert_definition() got an unexpected keyword argument 'definition_order'. Did you mean 'definition_text'?
Traceback (most recent call last):
  File "C:\fil-relex\backend\dictionary_manager.py", line 8886, in process_marayum_json
    def_id = insert_definition(
       cur,
    ...<5 lines>...
       metadata=Json(def_metadata) if def_metadata else None
    )
  File "C:\fil-relex\backend\dictionary_manager.py", line 559, in wrapper
    result = func(cur, *args, **kwargs)
TypeError: insert_definition() got an unexpected keyword argument 'definition_order'. Did you mean 'definition_text'?
2025-04-03 23:33:07,713 - INFO - Word 'ambaw' (sgd) created (ID: 21) from source 'Project Marayum'.
2025-04-03 23:33:07,763 - ERROR - Error during definition insertion for 'ambaw' (ID: 21), Def 1: insert_definition() got an unexpected keyword argument 'definition_order'. Did you mean 'definition_text'?
Traceback (most recent call last):
  File "C:\fil-relex\backend\dictionary_manager.py", line 8886, in process_marayum_json
    def_id = insert_definition(
       cur,
    ...<5 lines>...
       metadata=Json(def_metadata) if def_metadata else None
    )
  File "C:\fil-relex\backend\dictionary_manager.py", line 559, in wrapper
    result = func(cur, *args, **kwargs)
TypeError: insert_definition() got an unexpected keyword argument 'definition_order'. Did you mean 'definition_text'?
2025-04-03 23:33:07,847 - INFO - Word 'apiki' (sgd) created (ID: 22) from source 'Project Marayum'.
2025-04-03 23:33:07,851 - ERROR - Error during definition insertion for 'apiki' (ID: 22), Def 1: insert_definition() got an unexpected keyword argument 'definition_order'. Did you mean 'definition_text'?
Traceback (most recent call last):
  File "C:\fil-relex\backend\dictionary_manager.py", line 8886, in process_marayum_json
    def_id = insert_definition(
       cur,
    ...<5 lines>...
       metadata=Json(def_metadata) if def_metadata else None
    )
  File "C:\fil-relex\backend\dictionary_manager.py", line 559, in wrapper
    result = func(cur, *args, **kwargs)
TypeError: insert_definition() got an unexpected keyword argument 'definition_order'. Did you mean 'definition_text'?
2025-04-03 23:33:07,868 - INFO - Word 'ayum-um' (sgd) created (ID: 23) from source 'Project Marayum'.
2025-04-03 23:33:07,873 - ERROR - Error during definition insertion for 'ayum-um' (ID: 23), Def 1: insert_definition() got an unexpected keyword argument 'definition_order'. Did you mean 'definition_text'?
Traceback (most recent call last):
  File "C:\fil-relex\backend\dictionary_manager.py", line 8886, in process_marayum_json
    def_id = insert_definition(
       cur,
    ...<5 lines>...
       metadata=Json(def_metadata) if def_metadata else None
    )
  File "C:\fil-relex\backend\dictionary_manager.py", line 559, in wrapper
    result = func(cur, *args, **kwargs)
TypeError: insert_definition() got an unexpected keyword argument 'definition_order'. Did you mean 'definition_text'?
2025-04-03 23:33:07,891 - INFO - Word 'badjhu' (sgd) created (ID: 24) from source 'Project Marayum'.
2025-04-03 23:33:07,899 - ERROR - Error during definition insertion for 'badjhu' (ID: 24), Def 1: insert_definition() got an unexpected keyword argument 'definition_order'. Did you mean 'definition_text'?
Traceback (most recent call last):
  File "C:\fil-relex\backend\dictionary_manager.py", line 8886, in process_marayum_json
    def_id = insert_definition(
       cur,
    ...<5 lines>...
       metadata=Json(def_metadata) if def_metadata else None
    )
  File "C:\fil-relex\backend\dictionary_manager.py", line 559, in wrapper
    result = func(cur, *args, **kwargs)
TypeError: insert_definition() got an unexpected keyword argument 'definition_order'. Did you mean 'definition_text'?
2025-04-03 23:33:07,910 - INFO - Word 'bagyay' (sgd) created (ID: 25) from source 'Project Marayum'.
