2025-03-23 23:35:44,316 - INFO - Attempting database connection...
2025-03-23 23:35:44,316 - INFO - Database configuration:
2025-03-23 23:35:44,316 - INFO -   Database Name: fil_dict_db
2025-03-23 23:35:44,317 - INFO -   User: postgres
2025-03-23 23:35:44,317 - INFO -   Host: localhost
2025-03-23 23:35:44,317 - INFO -   Port: 5432
2025-03-23 23:35:44,317 - INFO -   Password: ********
2025-03-23 23:35:44,379 - INFO - Successfully established database connection
2025-03-23 23:35:44,387 - INFO - Starting table creation/update process.
2025-03-23 23:35:44,727 - INFO - Tables created or updated successfully.
2025-03-23 23:40:44,483 - ERROR - Error processing KWF Dictionary: string indices must be integers, not 'str'
2025-03-23 23:40:46,759 - WARNING - Invalid Baybayin form for word_id 73074: ᜒᜅ᜔
2025-03-23 23:40:47,731 - WARNING - Invalid Baybayin form for word_id 22909: ᜒᜈ᜔
2025-03-23 23:40:47,740 - WARNING - Invalid Baybayin form for word_id 22909: ᜒᜈ᜔
2025-03-23 23:40:47,743 - WARNING - Invalid Baybayin form for word_id 22909: ᜒᜈ᜔
2025-03-23 23:40:48,140 - ERROR - Error processing entry laksa: duplicate key value violates unique constraint "definitions_unique"
DETAIL:  Key (word_id, definition_text, standardized_pos_id)=(30292, ten thousand, 19) already exists.

2025-03-23 23:40:48,784 - WARNING - Invalid Baybayin form for word_id 73125: ᜓᜋ᜔
2025-03-23 23:40:48,971 - WARNING - Invalid Baybayin form for word_id 73130: ᜒ
2025-03-23 23:40:48,974 - WARNING - Invalid Baybayin form for word_id 22908: ᜒᜈ᜔
2025-03-23 23:40:52,399 - WARNING - Invalid Baybayin form for word_id 24152: ᜒᜐ᜔ᜆ
2025-03-23 23:40:56,218 - WARNING - Invalid Baybayin form for word_id 24260: ᜒᜆᜓ
2025-03-23 23:40:56,228 - WARNING - Invalid Baybayin form for word_id 73438: ᜒᜆ
2025-03-23 23:40:57,517 - WARNING - Invalid Baybayin form for word_id 73518: ᜒᜐ᜔ᜋᜓ
2025-03-23 23:40:58,173 - WARNING - Invalid Baybayin form for word_id 15694: ᜒᜇᜓ
2025-03-23 23:41:01,407 - WARNING - Invalid Baybayin form for word_id 73645: ᜒᜇ
2025-03-23 23:41:06,215 - WARNING - Invalid Baybayin form for word_id 73875: ᜒᜌ᜔
2025-03-23 23:41:40,785 - WARNING - Invalid Baybayin form for word_id 38866: ᜓᜌ᜔
2025-03-23 23:41:42,851 - WARNING - Invalid Baybayin form for word_id 77005: ᜉ ᜒᜈ᜔
2025-03-23 23:41:43,070 - ERROR - Error processing entry kuwarenta: duplicate key value violates unique constraint "definitions_unique"
DETAIL:  Key (word_id, definition_text, standardized_pos_id)=(29734, forty, 19) already exists.

2025-03-23 23:41:43,944 - ERROR - Error processing entry sanlibo: duplicate key value violates unique constraint "definitions_unique"
DETAIL:  Key (word_id, definition_text, standardized_pos_id)=(49635, one thousand, 19) already exists.

2025-03-23 23:41:46,072 - WARNING - Invalid Baybayin form for word_id 77247: ᜒᜎ᜔ᜌᜓ
2025-03-23 23:42:10,314 - WARNING - Invalid Baybayin form for word_id 78819: ᜋ ᜒᜈ᜔
2025-03-23 23:42:10,317 - WARNING - Invalid Baybayin form for word_id 15726: ᜒᜇ᜔ᜌ
2025-03-23 23:42:10,320 - WARNING - Invalid Baybayin form for word_id 15687: ᜒᜇᜒᜌ
