2025-04-08 15:51:42,016 - INFO - Starting lookup for word: 'abonado'
2025-04-08 15:51:42,115 - INFO - pg_trgm extension installed: True
2025-04-08 15:51:42,116 - INFO - Executing exact match query for 'abonado'
2025-04-08 15:51:42,724 - INFO - Found 1 exact matches
2025-04-08 15:51:42,725 - INFO - Processing result 1/1
2025-04-08 15:51:42,725 - INFO - Word ID: 318
2025-04-08 15:51:42,726 - INFO - Lemma: abonado
2025-04-08 15:51:42,726 - INFO - Language code: tl
2025-04-08 15:51:42,733 - INFO - Querying pronunciations for word_id 318
2025-04-08 15:51:42,735 - INFO - Found 4 pronunciations
2025-04-08 15:51:42,737 - WARNING - Error parsing pronunciation sources: Expecting value: line 1 column 1 (char 0)
2025-04-08 15:51:42,739 - WARNING - Error parsing pronunciation sources: Expecting value: line 1 column 1 (char 0)
2025-04-08 15:51:42,740 - WARNING - Error parsing pronunciation sources: Expecting value: line 1 column 1 (char 0)
2025-04-08 15:51:42,741 - WARNING - Error parsing pronunciation sources: Expecting value: line 1 column 1 (char 0)
2025-04-08 15:51:42,741 - INFO - Querying etymologies for word_id 318
2025-04-08 15:51:42,749 - INFO - Found 2 etymologies
2025-04-08 15:51:42,751 - INFO - Querying definitions for word_id 318
2025-04-08 15:51:42,763 - INFO - Found 5 definitions
2025-04-08 15:51:42,764 - INFO - Processing definition 1/5
2025-04-08 15:51:42,764 - INFO - Processing definition 2/5
2025-04-08 15:51:42,765 - INFO - Processing definition 3/5
2025-04-08 15:51:42,767 - INFO - Processing definition 4/5
2025-04-08 15:51:42,768 - INFO - Processing definition 5/5
2025-04-08 15:51:42,768 - INFO - Querying relations for word_id 318
2025-04-08 15:51:42,779 - INFO - Found 9 relations
2025-04-08 15:51:42,784 - INFO - Database connection closed
