2025-02-15 18:00:37,085 - INFO - Attempting database connection...
2025-02-15 18:00:37,087 - INFO - Database configuration:
2025-02-15 18:00:37,087 - INFO -   Database Name: fil_dict_db
2025-02-15 18:00:37,123 - INFO -   User: postgres
2025-02-15 18:00:37,204 - INFO -   Host: localhost
2025-02-15 18:00:37,266 - INFO -   Password: ********
2025-02-15 18:00:39,042 - INFO - Successfully established database connection
2025-02-15 18:00:39,044 - INFO - Setting up PostgreSQL extensions...
2025-02-15 18:00:39,045 - INFO - Checking extension: pg_trgm
2025-02-15 18:00:39,062 - INFO - Extension already installed: pg_trgm
2025-02-15 18:00:39,063 - INFO - Checking extension: unaccent
2025-02-15 18:00:39,065 - INFO - Extension already installed: unaccent
2025-02-15 18:00:39,066 - INFO - Checking extension: fuzzystrmatch
2025-02-15 18:00:39,068 - INFO - Extension already installed: fuzzystrmatch
2025-02-15 18:00:39,069 - INFO - Extensions setup completed
2025-02-15 18:00:39,070 - INFO - Starting table creation/update process.
2025-02-15 18:00:39,650 - INFO - Standardizing source names...
2025-02-15 18:00:39,711 - INFO - Source names standardization completed
2025-02-15 18:00:39,745 - INFO - Tables created or updated successfully.
2025-02-15 18:00:40,013 - WARNING - Source file not found: data/tagalog-words.json
2025-02-15 18:00:40,014 - WARNING - Source file not found: data/root_words_with_associated_words_cleaned.json
2025-02-15 18:00:40,016 - WARNING - Source file not found: data/kwf_dictionary.json
2025-02-15 18:00:40,018 - WARNING - Source file not found: data/kaikki.jsonl
2025-02-15 18:00:40,020 - WARNING - Source file not found: data/kaikki-ceb.jsonl
2025-02-15 18:00:40,026 - INFO - Starting post-processing steps...
2025-02-15 18:00:40,027 - INFO - Processing Baybayin entries...
2025-02-15 18:00:40,048 - INFO - Baybayin data cleanup completed successfully
2025-02-15 18:00:40,050 - INFO - Running data cleanup and standardization...
2025-02-15 18:00:40,051 - INFO - Starting dictionary cleanup process...
2025-02-15 18:00:40,073 - INFO - Dictionary cleanup complete.
2025-02-15 18:00:40,075 - INFO - Migration and cleanup completed successfully
