2025-02-15 18:08:59,825 - INFO - Attempting database connection...
2025-02-15 18:08:59,921 - INFO - Database configuration:
2025-02-15 18:08:59,956 - INFO -   Database Name: fil_dict_db
2025-02-15 18:08:59,987 - INFO -   User: postgres
2025-02-15 18:09:00,064 - INFO -   Host: localhost
2025-02-15 18:09:00,214 - INFO -   Password: ********
2025-02-15 18:09:01,002 - INFO - Successfully established database connection
2025-02-15 18:09:01,004 - INFO - Setting up PostgreSQL extensions...
2025-02-15 18:09:01,043 - INFO - Checking extension: pg_trgm
2025-02-15 18:09:01,059 - INFO - Extension already installed: pg_trgm
2025-02-15 18:09:01,060 - INFO - Checking extension: unaccent
2025-02-15 18:09:01,063 - INFO - Extension already installed: unaccent
2025-02-15 18:09:01,063 - INFO - Checking extension: fuzzystrmatch
2025-02-15 18:09:01,066 - INFO - Extension already installed: fuzzystrmatch
2025-02-15 18:09:01,066 - INFO - Extensions setup completed
2025-02-15 18:09:01,068 - INFO - Starting table creation/update process.
2025-02-15 18:09:01,614 - INFO - Standardizing source names...
2025-02-15 18:09:01,675 - INFO - Source names standardization completed
2025-02-15 18:09:01,701 - INFO - Tables created or updated successfully.
2025-02-15 18:09:03,301 - INFO - Processing Tagalog words from: backend/data/tagalog-words.json
