2025-02-16 13:51:21,252 - INFO - Attempting database connection...
2025-02-16 13:51:21,253 - INFO - Database configuration:
2025-02-16 13:51:21,253 - INFO -   Database Name: fil_dict_db
2025-02-16 13:51:21,253 - INFO -   User: postgres
2025-02-16 13:51:21,253 - INFO -   Host: localhost
2025-02-16 13:51:21,254 - INFO -   Password: ********
2025-02-16 13:51:21,297 - INFO - Successfully established database connection
2025-02-16 13:51:21,297 - INFO - Setting up PostgreSQL extensions...
2025-02-16 13:51:21,300 - INFO - Extension pg_trgm already installed
2025-02-16 13:51:21,300 - INFO - Extension unaccent already installed
2025-02-16 13:51:21,301 - INFO - Extension fuzzystrmatch already installed
2025-02-16 13:51:21,301 - INFO - Extension dict_xsyn already installed
2025-02-16 13:51:21,301 - INFO - Starting table creation/update process.
2025-02-16 13:51:21,521 - INFO - Tables created or updated successfully.
2025-02-16 13:51:21,527 - INFO - Processing Tagalog words from: data/tagalog-words.json
2025-02-16 13:53:28,593 - INFO - Processing root words from: data/root_words_with_associated_words_cleaned.json
2025-02-16 13:54:22,122 - INFO - Processing KWF dictionary from: data/kwf_dictionary.json
2025-02-16 13:56:57,539 - INFO - Starting to process Kaikki file: data/kaikki.jsonl
2025-02-16 13:56:57,562 - WARNING - Invalid Baybayin data for word 'aam', clearing baybayin fields.
2025-02-16 13:56:57,577 - WARNING - Invalid Baybayin data for word 'lente', clearing baybayin fields.
2025-02-16 13:56:57,589 - WARNING - Invalid Baybayin data for word 'abnormal', clearing baybayin fields.
2025-02-16 13:56:57,592 - WARNING - Invalid Baybayin data for word 'abdominal', clearing baybayin fields.
2025-02-16 13:56:57,597 - WARNING - Invalid Baybayin data for word 'tago', clearing baybayin fields.
2025-02-16 13:56:57,603 - WARNING - Invalid Baybayin data for word 'tago', clearing baybayin fields.
2025-02-16 13:56:57,607 - WARNING - Invalid Baybayin data for word 'abdomen', clearing baybayin fields.
2025-02-16 13:56:57,610 - WARNING - Invalid Baybayin data for word 'absent', clearing baybayin fields.
2025-02-16 13:56:57,618 - WARNING - Invalid Baybayin data for word 'libre', clearing baybayin fields.
2025-02-16 13:56:57,633 - WARNING - Invalid Baybayin data for word 'libre', clearing baybayin fields.
2025-02-16 13:56:57,641 - WARNING - Invalid Baybayin data for word 'menos', clearing baybayin fields.
2025-02-16 13:56:57,650 - WARNING - Invalid Baybayin data for word 'abate', clearing baybayin fields.
2025-02-16 13:56:57,654 - WARNING - Invalid Baybayin data for word 'peso', clearing baybayin fields.
2025-02-16 13:56:57,655 - WARNING - Invalid Baybayin data for word 'tao', clearing baybayin fields.
2025-02-16 13:56:57,670 - WARNING - Invalid Baybayin data for word 'tao', clearing baybayin fields.
2025-02-16 13:56:57,674 - WARNING - Invalid Baybayin data for word 'are', clearing baybayin fields.
2025-02-16 13:56:57,676 - WARNING - Invalid Baybayin data for word 'robot', clearing baybayin fields.
2025-02-16 13:56:57,701 - WARNING - Invalid Baybayin data for word 'a-', clearing baybayin fields.
2025-02-16 13:56:57,712 - WARNING - Invalid Baybayin data for word 'also', clearing baybayin fields.
2025-02-16 13:56:57,717 - WARNING - Invalid Baybayin data for word 'mars', clearing baybayin fields.
2025-02-16 13:56:57,725 - WARNING - Invalid Baybayin data for word 'y', clearing baybayin fields.
2025-02-16 13:56:57,729 - WARNING - Invalid Baybayin data for word 'y', clearing baybayin fields.
2025-02-16 13:56:57,731 - WARNING - Invalid Baybayin data for word 'y', clearing baybayin fields.
2025-02-16 13:56:57,734 - WARNING - Invalid Baybayin data for word 'y', clearing baybayin fields.
2025-02-16 13:56:57,779 - WARNING - Invalid Baybayin data for word 'te', clearing baybayin fields.
2025-02-16 13:56:57,781 - WARNING - Invalid Baybayin data for word 'te', clearing baybayin fields.
2025-02-16 13:56:57,789 - WARNING - Invalid Baybayin data for word 'presidente', clearing baybayin fields.
2025-02-16 13:56:57,797 - WARNING - Invalid Baybayin data for word 'A', clearing baybayin fields.
2025-02-16 13:56:57,860 - WARNING - Invalid Baybayin data for word 'on', clearing baybayin fields.
2025-02-16 13:56:57,863 - WARNING - Invalid Baybayin data for word 'tigre', clearing baybayin fields.
2025-02-16 13:56:57,873 - WARNING - Invalid Baybayin data for word 'de', clearing baybayin fields.
2025-02-16 13:56:57,878 - WARNING - Invalid Baybayin data for word 'de', clearing baybayin fields.
2025-02-16 13:56:57,915 - WARNING - Invalid Baybayin data for word 'radar', clearing baybayin fields.
2025-02-16 13:56:57,932 - WARNING - Invalid Baybayin data for word 'ao', clearing baybayin fields.
2025-02-16 13:56:57,935 - WARNING - Invalid Baybayin data for word 'mental', clearing baybayin fields.
2025-02-16 13:56:57,939 - WARNING - Invalid Baybayin data for word 'mental', clearing baybayin fields.
2025-02-16 13:56:57,944 - WARNING - Invalid Baybayin data for word 'be', clearing baybayin fields.
2025-02-16 13:56:57,949 - WARNING - Invalid Baybayin data for word 'noon', clearing baybayin fields.
2025-02-16 13:56:57,955 - WARNING - Invalid Baybayin data for word 'noon', clearing baybayin fields.
2025-02-16 13:56:57,958 - WARNING - Invalid Baybayin data for word 'abandono', clearing baybayin fields.
2025-02-16 13:56:57,964 - WARNING - Invalid Baybayin data for word 'en', clearing baybayin fields.
2025-02-16 13:56:57,970 - WARNING - Invalid Baybayin data for word 'ate', clearing baybayin fields.
2025-02-16 13:56:58,001 - WARNING - Invalid Baybayin data for word 'ate', clearing baybayin fields.
2025-02-16 13:56:58,014 - WARNING - Invalid Baybayin data for word 'o', clearing baybayin fields.
2025-02-16 13:56:58,089 - WARNING - Invalid Baybayin data for word 'o', clearing baybayin fields.
2025-02-16 13:56:58,145 - WARNING - Invalid Baybayin data for word 'o', clearing baybayin fields.
2025-02-16 13:56:58,149 - WARNING - Invalid Baybayin data for word 'o', clearing baybayin fields.
2025-02-16 13:56:58,154 - WARNING - Invalid Baybayin data for word 'o', clearing baybayin fields.
2025-02-16 13:56:58,162 - WARNING - Invalid Baybayin data for word 'i', clearing baybayin fields.
2025-02-16 13:56:58,278 - WARNING - Invalid Baybayin data for word 'mundo', clearing baybayin fields.
2025-02-16 13:56:58,283 - WARNING - Invalid Baybayin data for word 'mundo', clearing baybayin fields.
2025-02-16 13:56:58,290 - WARNING - Invalid Baybayin data for word 'el', clearing baybayin fields.
2025-02-16 13:56:58,297 - WARNING - Invalid Baybayin data for word 'sombrero', clearing baybayin fields.
2025-02-16 13:56:58,304 - WARNING - Invalid Baybayin data for word 'bold', clearing baybayin fields.
2025-02-16 13:56:58,309 - WARNING - Invalid Baybayin data for word 'bold', clearing baybayin fields.
2025-02-16 13:56:58,318 - WARNING - Invalid Baybayin data for word 'regular', clearing baybayin fields.
2025-02-16 13:56:58,337 - WARNING - Invalid Baybayin data for word 'beso', clearing baybayin fields.
2025-02-16 13:56:58,348 - WARNING - Invalid Baybayin data for word 'PI', clearing baybayin fields.
2025-02-16 13:56:58,351 - WARNING - Invalid Baybayin data for word 'balido', clearing baybayin fields.
2025-02-16 13:56:58,377 - WARNING - Invalid Baybayin data for word 'AP', clearing baybayin fields.
2025-02-16 13:56:58,380 - WARNING - Invalid Baybayin data for word 'grupo', clearing baybayin fields.
2025-02-16 13:56:58,385 - WARNING - Invalid Baybayin data for word 'OA', clearing baybayin fields.
2025-02-16 13:56:58,387 - WARNING - Invalid Baybayin data for word 'baon', clearing baybayin fields.
2025-02-16 13:56:58,398 - WARNING - Invalid Baybayin data for word 'baon', clearing baybayin fields.
2025-02-16 13:56:58,403 - WARNING - Invalid Baybayin data for word 'baon', clearing baybayin fields.
2025-02-16 13:56:58,409 - WARNING - Invalid Baybayin data for word 'alo', clearing baybayin fields.
2025-02-16 13:56:58,419 - WARNING - Invalid Baybayin data for word 'barato', clearing baybayin fields.
2025-02-16 13:56:58,465 - WARNING - Invalid Baybayin data for word 'hamster', clearing baybayin fields.
2025-02-16 13:56:58,470 - WARNING - Invalid Baybayin data for word 'boss', clearing baybayin fields.
2025-02-16 13:56:58,474 - WARNING - Invalid Baybayin data for word 'salmon', clearing baybayin fields.
2025-02-16 13:56:58,478 - WARNING - Invalid Baybayin data for word 'granada', clearing baybayin fields.
2025-02-16 13:56:58,484 - WARNING - Invalid Baybayin data for word 'matadero', clearing baybayin fields.
2025-02-16 13:56:58,516 - WARNING - Invalid Baybayin data for word 'pato', clearing baybayin fields.
2025-02-16 13:56:58,527 - WARNING - Invalid Baybayin data for word 'boy', clearing baybayin fields.
2025-02-16 13:56:58,537 - WARNING - Invalid Baybayin data for word 'matador', clearing baybayin fields.
2025-02-16 13:56:58,564 - WARNING - Invalid Baybayin data for word 'torta', clearing baybayin fields.
2025-02-16 13:56:58,641 - WARNING - Invalid Baybayin data for word 'ke', clearing baybayin fields.
2025-02-16 13:56:58,643 - WARNING - Invalid Baybayin data for word 'ke', clearing baybayin fields.
2025-02-16 13:56:58,698 - WARNING - Invalid Baybayin data for word 'dodo', clearing baybayin fields.
2025-02-16 13:56:58,701 - WARNING - Invalid Baybayin data for word 'liberal', clearing baybayin fields.
2025-02-16 13:56:58,798 - WARNING - Invalid Baybayin data for word 'he', clearing baybayin fields.
2025-02-16 13:56:58,800 - WARNING - Invalid Baybayin data for word 'he', clearing baybayin fields.
2025-02-16 13:56:58,802 - WARNING - Invalid Baybayin data for word 'lingo', clearing baybayin fields.
2025-02-16 13:56:58,838 - WARNING - Invalid Baybayin data for word 'among', clearing baybayin fields.
2025-02-16 13:56:58,841 - WARNING - Invalid Baybayin data for word 'look', clearing baybayin fields.
2025-02-16 13:56:58,850 - WARNING - Invalid Baybayin data for word 'legal', clearing baybayin fields.
2025-02-16 13:56:58,853 - WARNING - Invalid Baybayin data for word 'ye', clearing baybayin fields.
2025-02-16 13:56:58,856 - WARNING - Invalid Baybayin data for word 'bra', clearing baybayin fields.
2025-02-16 13:56:58,880 - WARNING - Invalid Baybayin data for word 'betun', clearing baybayin fields.
2025-02-16 13:56:58,882 - WARNING - Invalid Baybayin data for word 'tore', clearing baybayin fields.
2025-02-16 13:56:58,893 - WARNING - Invalid Baybayin data for word 'ideal', clearing baybayin fields.
2025-02-16 13:56:58,901 - WARNING - Invalid Baybayin data for word 'ideal', clearing baybayin fields.
2025-02-16 13:56:58,904 - WARNING - Invalid Baybayin data for word 'abako', clearing baybayin fields.
2025-02-16 13:56:58,907 - WARNING - Invalid Baybayin data for word 'me', clearing baybayin fields.
2025-02-16 13:56:58,910 - WARNING - Invalid Baybayin data for word 'me', clearing baybayin fields.
2025-02-16 13:56:58,913 - WARNING - Invalid Baybayin data for word 'basket', clearing baybayin fields.
2025-02-16 13:56:58,923 - WARNING - Invalid Baybayin data for word 'basket', clearing baybayin fields.
2025-02-16 13:56:58,927 - WARNING - Invalid Baybayin data for word 'simple', clearing baybayin fields.
2025-02-16 13:56:58,942 - WARNING - Invalid Baybayin data for word 'rumor', clearing baybayin fields.
2025-02-16 13:56:58,945 - WARNING - Invalid Baybayin data for word 'bir', clearing baybayin fields.
2025-02-16 13:56:58,956 - WARNING - Invalid Baybayin data for word '-rin', clearing baybayin fields.
2025-02-16 13:56:58,959 - WARNING - Invalid Baybayin data for word 'rin', clearing baybayin fields.
2025-02-16 13:56:58,967 - WARNING - Invalid Baybayin data for word 'baron', clearing baybayin fields.
2025-02-16 13:56:58,971 - WARNING - Invalid Baybayin data for word 'duke', clearing baybayin fields.
2025-02-16 13:56:58,974 - WARNING - Invalid Baybayin data for word 'base', clearing baybayin fields.
2025-02-16 13:56:58,984 - WARNING - Invalid Baybayin data for word 'q', clearing baybayin fields.
2025-02-16 13:56:58,988 - WARNING - Invalid Baybayin data for word 'q', clearing baybayin fields.
2025-02-16 13:56:58,993 - WARNING - Invalid Baybayin data for word 'ese', clearing baybayin fields.
2025-02-16 13:56:58,996 - WARNING - Invalid Baybayin data for word 'tanto', clearing baybayin fields.
2025-02-16 13:56:59,000 - WARNING - Invalid Baybayin data for word 'tanto', clearing baybayin fields.
2025-02-16 13:56:59,004 - WARNING - Invalid Baybayin data for word 'tanto', clearing baybayin fields.
2025-02-16 13:56:59,008 - WARNING - Invalid Baybayin data for word 'ano', clearing baybayin fields.
2025-02-16 13:56:59,031 - WARNING - Invalid Baybayin data for word 'ano', clearing baybayin fields.
2025-02-16 13:56:59,034 - WARNING - Invalid Baybayin data for word 'ano', clearing baybayin fields.
2025-02-16 13:56:59,105 - WARNING - Invalid Baybayin data for word 'l', clearing baybayin fields.
2025-02-16 13:56:59,107 - WARNING - Invalid Baybayin data for word 'l', clearing baybayin fields.
2025-02-16 13:56:59,110 - WARNING - Invalid Baybayin data for word 'l', clearing baybayin fields.
2025-02-16 13:56:59,113 - WARNING - Invalid Baybayin data for word 'r', clearing baybayin fields.
2025-02-16 13:56:59,116 - WARNING - Invalid Baybayin data for word 'r', clearing baybayin fields.
2025-02-16 13:56:59,119 - WARNING - Invalid Baybayin data for word 'r', clearing baybayin fields.
2025-02-16 13:56:59,123 - WARNING - Invalid Baybayin data for word 'yon', clearing baybayin fields.
2025-02-16 13:56:59,125 - WARNING - Invalid Baybayin data for word 'yon', clearing baybayin fields.
2025-02-16 13:56:59,128 - WARNING - Invalid Baybayin data for word 'p', clearing baybayin fields.
2025-02-16 13:56:59,133 - WARNING - Invalid Baybayin data for word 'p', clearing baybayin fields.
2025-02-16 13:56:59,135 - WARNING - Invalid Baybayin data for word 'p', clearing baybayin fields.
2025-02-16 13:56:59,139 - WARNING - Invalid Baybayin data for word 't', clearing baybayin fields.
2025-02-16 13:56:59,201 - WARNING - Invalid Baybayin data for word 't', clearing baybayin fields.
2025-02-16 13:56:59,205 - WARNING - Invalid Baybayin data for word 'b', clearing baybayin fields.
2025-02-16 13:56:59,208 - WARNING - Invalid Baybayin data for word 'b', clearing baybayin fields.
2025-02-16 13:56:59,212 - WARNING - Invalid Baybayin data for word 'k', clearing baybayin fields.
2025-02-16 13:56:59,214 - WARNING - Invalid Baybayin data for word 'k', clearing baybayin fields.
2025-02-16 13:56:59,217 - WARNING - Invalid Baybayin data for word 'k', clearing baybayin fields.
2025-02-16 13:56:59,221 - WARNING - Invalid Baybayin data for word 'k', clearing baybayin fields.
2025-02-16 13:56:59,225 - WARNING - Invalid Baybayin data for word 'g', clearing baybayin fields.
2025-02-16 13:56:59,228 - WARNING - Invalid Baybayin data for word 'g', clearing baybayin fields.
2025-02-16 13:56:59,230 - WARNING - Invalid Baybayin data for word 'g', clearing baybayin fields.
2025-02-16 13:56:59,232 - WARNING - Invalid Baybayin data for word 'g', clearing baybayin fields.
2025-02-16 13:56:59,234 - WARNING - Invalid Baybayin data for word 'm', clearing baybayin fields.
2025-02-16 13:56:59,236 - WARNING - Invalid Baybayin data for word 'm', clearing baybayin fields.
2025-02-16 13:56:59,240 - WARNING - Invalid Baybayin data for word 'm', clearing baybayin fields.
2025-02-16 13:56:59,243 - WARNING - Invalid Baybayin data for word 'anime', clearing baybayin fields.
2025-02-16 13:56:59,247 - WARNING - Invalid Baybayin data for word 'w', clearing baybayin fields.
2025-02-16 13:56:59,251 - WARNING - Invalid Baybayin data for word 'w', clearing baybayin fields.
2025-02-16 13:56:59,317 - WARNING - Invalid Baybayin data for word 'h', clearing baybayin fields.
2025-02-16 13:56:59,321 - WARNING - Invalid Baybayin data for word 'h', clearing baybayin fields.
2025-02-16 13:56:59,324 - WARNING - Invalid Baybayin data for word 'h', clearing baybayin fields.
2025-02-16 13:56:59,327 - WARNING - Invalid Baybayin data for word 'd', clearing baybayin fields.
2025-02-16 13:56:59,380 - WARNING - Invalid Baybayin data for word 'd', clearing baybayin fields.
2025-02-16 13:56:59,384 - WARNING - Invalid Baybayin data for word 'd', clearing baybayin fields.
2025-02-16 13:56:59,388 - WARNING - Invalid Baybayin data for word 'mayor', clearing baybayin fields.
2025-02-16 13:56:59,405 - WARNING - Invalid Baybayin data for word 'mayor', clearing baybayin fields.
2025-02-16 13:56:59,408 - WARNING - Invalid Baybayin data for word 'password', clearing baybayin fields.
2025-02-16 13:56:59,410 - WARNING - Invalid Baybayin data for word 'n', clearing baybayin fields.
2025-02-16 13:56:59,458 - WARNING - Invalid Baybayin data for word 'n', clearing baybayin fields.
2025-02-16 13:56:59,461 - WARNING - Invalid Baybayin data for word 'n', clearing baybayin fields.
2025-02-16 13:56:59,511 - WARNING - Invalid Baybayin data for word 'n', clearing baybayin fields.
2025-02-16 13:56:59,515 - WARNING - Invalid Baybayin data for word 's', clearing baybayin fields.
2025-02-16 13:56:59,518 - WARNING - Invalid Baybayin data for word 's', clearing baybayin fields.
2025-02-16 13:56:59,521 - WARNING - Invalid Baybayin data for word 's', clearing baybayin fields.
2025-02-16 13:56:59,529 - WARNING - Invalid Baybayin data for word 'salt', clearing baybayin fields.
2025-02-16 13:56:59,531 - WARNING - Invalid Baybayin data for word 'key', clearing baybayin fields.
2025-02-16 13:56:59,534 - WARNING - Invalid Baybayin data for word 'e', clearing baybayin fields.
2025-02-16 13:56:59,587 - WARNING - Invalid Baybayin data for word 'e', clearing baybayin fields.
2025-02-16 13:56:59,595 - WARNING - Invalid Baybayin data for word 'e', clearing baybayin fields.
2025-02-16 13:56:59,604 - WARNING - Invalid Baybayin data for word 'u', clearing baybayin fields.
2025-02-16 13:56:59,661 - WARNING - Invalid Baybayin data for word 'hara-kiri', clearing baybayin fields.
2025-02-16 13:56:59,663 - WARNING - Invalid Baybayin data for word 'mare', clearing baybayin fields.
2025-02-16 13:56:59,667 - WARNING - Invalid Baybayin data for word 'aa', clearing baybayin fields.
2025-02-16 13:56:59,669 - WARNING - Invalid Baybayin data for word 'aa', clearing baybayin fields.
2025-02-16 13:56:59,671 - WARNING - Invalid Baybayin data for word 'aa', clearing baybayin fields.
2025-02-16 13:56:59,674 - WARNING - Invalid Baybayin data for word 'edit', clearing baybayin fields.
2025-02-16 13:56:59,676 - WARNING - Invalid Baybayin data for word 'hanger', clearing baybayin fields.
2025-02-16 13:56:59,690 - WARNING - Invalid Baybayin data for word 'oh', clearing baybayin fields.
2025-02-16 13:56:59,695 - WARNING - Invalid Baybayin data for word 'oh', clearing baybayin fields.
2025-02-16 13:56:59,696 - WARNING - Invalid Baybayin data for word 'ë', clearing baybayin fields.
2025-02-16 13:56:59,707 - WARNING - Invalid Baybayin data for word 'uno', clearing baybayin fields.
2025-02-16 13:56:59,709 - WARNING - Invalid Baybayin data for word 'uno', clearing baybayin fields.
2025-02-16 13:56:59,712 - WARNING - Invalid Baybayin data for word 'kimono', clearing baybayin fields.
2025-02-16 13:56:59,714 - WARNING - Invalid Baybayin data for word 'tres', clearing baybayin fields.
2025-02-16 13:56:59,739 - WARNING - Invalid Baybayin data for word 'arbor', clearing baybayin fields.
2025-02-16 13:56:59,744 - WARNING - Invalid Baybayin data for word 'libro', clearing baybayin fields.
2025-02-16 13:56:59,784 - WARNING - Invalid Baybayin data for word 'talo', clearing baybayin fields.
2025-02-16 13:56:59,790 - WARNING - Invalid Baybayin data for word 'talo', clearing baybayin fields.
2025-02-16 13:56:59,803 - WARNING - Invalid Baybayin data for word 'talo', clearing baybayin fields.
2025-02-16 13:56:59,807 - WARNING - Invalid Baybayin data for word 'talo', clearing baybayin fields.
2025-02-16 13:56:59,813 - WARNING - Invalid Baybayin data for word 'un', clearing baybayin fields.
2025-02-16 13:56:59,823 - WARNING - Invalid Baybayin data for word 'idea', clearing baybayin fields.
2025-02-16 13:56:59,837 - WARNING - Invalid Baybayin data for word 'natural', clearing baybayin fields.
2025-02-16 13:56:59,840 - WARNING - Invalid Baybayin data for word 'natural', clearing baybayin fields.
2025-02-16 13:56:59,867 - WARNING - Invalid Baybayin data for word 'kilo', clearing baybayin fields.
2025-02-16 13:56:59,872 - WARNING - Invalid Baybayin data for word 'kilo', clearing baybayin fields.
2025-02-16 13:56:59,878 - WARNING - Invalid Baybayin data for word 'kilo', clearing baybayin fields.
2025-02-16 13:56:59,885 - WARNING - Invalid Baybayin data for word 'kilo', clearing baybayin fields.
2025-02-16 13:56:59,891 - WARNING - Invalid Baybayin data for word 'PG', clearing baybayin fields.
2025-02-16 13:56:59,895 - WARNING - Invalid Baybayin data for word 'PG', clearing baybayin fields.
2025-02-16 13:56:59,899 - WARNING - Invalid Baybayin data for word 'em', clearing baybayin fields.
2025-02-16 13:56:59,905 - WARNING - Invalid Baybayin data for word 'ge', clearing baybayin fields.
2025-02-16 13:56:59,908 - WARNING - Invalid Baybayin data for word 'ge', clearing baybayin fields.
2025-02-16 13:56:59,951 - WARNING - Invalid Baybayin data for word 'terminal', clearing baybayin fields.
2025-02-16 13:56:59,957 - WARNING - Invalid Baybayin data for word 'ra', clearing baybayin fields.
2025-02-16 13:56:59,962 - WARNING - Invalid Baybayin data for word 'ne', clearing baybayin fields.
2025-02-16 13:56:59,995 - WARNING - Invalid Baybayin data for word 'pe', clearing baybayin fields.
2025-02-16 13:57:00,000 - WARNING - Invalid Baybayin data for word 'toro', clearing baybayin fields.
2025-02-16 13:57:00,007 - WARNING - Invalid Baybayin data for word 'ho', clearing baybayin fields.
2025-02-16 13:57:00,011 - WARNING - Invalid Baybayin data for word 'ho', clearing baybayin fields.
2025-02-16 13:57:00,030 - WARNING - Invalid Baybayin data for word 'asetilen', clearing baybayin fields.
2025-02-16 13:57:00,033 - WARNING - Invalid Baybayin data for word 'ele', clearing baybayin fields.
2025-02-16 13:57:00,038 - WARNING - Invalid Baybayin data for word 'aspirin', clearing baybayin fields.
2025-02-16 13:57:00,043 - WARNING - Invalid Baybayin data for word 'po', clearing baybayin fields.
2025-02-16 13:57:00,205 - WARNING - Invalid Baybayin data for word 'es', clearing baybayin fields.
2025-02-16 13:57:00,210 - WARNING - Invalid Baybayin data for word 'sine', clearing baybayin fields.
2025-02-16 13:57:00,227 - WARNING - Invalid Baybayin data for word 'lemur', clearing baybayin fields.
2025-02-16 13:57:00,232 - WARNING - Invalid Baybayin data for word 'ar', clearing baybayin fields.
2025-02-16 13:57:00,289 - WARNING - Invalid Baybayin data for word 'destino', clearing baybayin fields.
2025-02-16 13:57:00,305 - WARNING - Invalid Baybayin data for word 'ola', clearing baybayin fields.
2025-02-16 13:57:00,308 - WARNING - Invalid Baybayin data for word 'ola', clearing baybayin fields.
2025-02-16 13:57:00,317 - WARNING - Invalid Baybayin data for word 'se', clearing baybayin fields.
2025-02-16 13:57:00,321 - WARNING - Invalid Baybayin data for word 'se', clearing baybayin fields.
2025-02-16 13:57:00,348 - WARNING - Invalid Baybayin data for word 'negro', clearing baybayin fields.
2025-02-16 13:57:00,352 - WARNING - Invalid Baybayin data for word 'negro', clearing baybayin fields.
2025-02-16 13:57:00,391 - WARNING - Invalid Baybayin data for word 'mate', clearing baybayin fields.
2025-02-16 13:57:00,440 - WARNING - Invalid Baybayin data for word 'estado', clearing baybayin fields.
2025-02-16 13:57:00,453 - WARNING - Invalid Baybayin data for word 'ordenador', clearing baybayin fields.
2025-02-16 13:57:00,482 - WARNING - Invalid Baybayin data for word 'altar', clearing baybayin fields.
2025-02-16 13:57:00,492 - WARNING - Invalid Baybayin data for word 'baket', clearing baybayin fields.
2025-02-16 13:57:00,496 - WARNING - Invalid Baybayin data for word 'in-', clearing baybayin fields.
2025-02-16 13:57:00,498 - WARNING - Invalid Baybayin data for word 'real', clearing baybayin fields.
2025-02-16 13:57:00,513 - WARNING - Invalid Baybayin data for word 'real', clearing baybayin fields.
2025-02-16 13:57:00,517 - WARNING - Invalid Baybayin data for word 'real', clearing baybayin fields.
2025-02-16 13:57:00,556 - WARNING - Invalid Baybayin data for word 'dugong', clearing baybayin fields.
2025-02-16 13:57:00,559 - WARNING - Invalid Baybayin data for word 'pare', clearing baybayin fields.
2025-02-16 13:57:00,563 - WARNING - Invalid Baybayin data for word 'pare', clearing baybayin fields.
2025-02-16 13:57:00,566 - WARNING - Invalid Baybayin data for word 'bar', clearing baybayin fields.
2025-02-16 13:57:00,585 - WARNING - Invalid Baybayin data for word 'melon', clearing baybayin fields.
2025-02-16 13:57:00,588 - WARNING - Invalid Baybayin data for word 'bes', clearing baybayin fields.
2025-02-16 13:57:00,592 - WARNING - Invalid Baybayin data for word 'bes', clearing baybayin fields.
2025-02-16 13:57:00,595 - WARNING - Invalid Baybayin data for word 'drama', clearing baybayin fields.
2025-02-16 13:57:00,613 - WARNING - Invalid Baybayin data for word 'gabe', clearing baybayin fields.
2025-02-16 13:57:00,616 - WARNING - Invalid Baybayin data for word 'gabe', clearing baybayin fields.
2025-02-16 13:57:00,622 - WARNING - Invalid Baybayin data for word 'timbre', clearing baybayin fields.
2025-02-16 13:57:00,631 - WARNING - Invalid Baybayin data for word 'ser', clearing baybayin fields.
2025-02-16 13:57:00,650 - WARNING - Invalid Baybayin data for word 'oasis', clearing baybayin fields.
2025-02-16 13:57:00,659 - WARNING - Invalid Baybayin data for word 'aber', clearing baybayin fields.
2025-02-16 13:57:00,667 - WARNING - Invalid Baybayin data for word 'pintig', clearing baybayin fields.
2025-02-16 13:57:00,669 - WARNING - Invalid Baybayin data for word 'libra', clearing baybayin fields.
2025-02-16 13:57:00,687 - WARNING - Invalid Baybayin data for word 'puso', clearing baybayin fields.
2025-02-16 13:57:00,706 - WARNING - Invalid Baybayin data for word 'raw', clearing baybayin fields.
2025-02-16 13:57:00,748 - WARNING - Invalid Baybayin data for word 'debate', clearing baybayin fields.
2025-02-16 13:57:00,751 - WARNING - Invalid Baybayin data for word 'ping pong', clearing baybayin fields.
2025-02-16 13:57:00,756 - WARNING - Invalid Baybayin data for word 'iso', clearing baybayin fields.
2025-02-16 13:57:00,758 - WARNING - Invalid Baybayin data for word 'iso', clearing baybayin fields.
2025-02-16 13:57:00,761 - WARNING - Invalid Baybayin data for word 'iso', clearing baybayin fields.
2025-02-16 13:57:00,765 - WARNING - Invalid Baybayin data for word 'mano', clearing baybayin fields.
2025-02-16 13:57:00,801 - WARNING - Invalid Baybayin data for word 'mano', clearing baybayin fields.
2025-02-16 13:57:00,808 - WARNING - Invalid Baybayin data for word 'peg', clearing baybayin fields.
2025-02-16 13:57:00,813 - WARNING - Invalid Baybayin data for word 'pluma', clearing baybayin fields.
2025-02-16 13:57:00,825 - WARNING - Invalid Baybayin data for word 'pero', clearing baybayin fields.
2025-02-16 13:57:00,829 - WARNING - Invalid Baybayin data for word 'adaptable', clearing baybayin fields.
2025-02-16 13:57:00,833 - WARNING - Invalid Baybayin data for word 'lago', clearing baybayin fields.
2025-02-16 13:57:00,841 - WARNING - Invalid Baybayin data for word 'lago', clearing baybayin fields.
2025-02-16 13:57:00,848 - WARNING - Invalid Baybayin data for word 'lago', clearing baybayin fields.
2025-02-16 13:57:00,864 - WARNING - Invalid Baybayin data for word 'moderno', clearing baybayin fields.
2025-02-16 13:57:00,867 - WARNING - Invalid Baybayin data for word 'dragon', clearing baybayin fields.
2025-02-16 13:57:00,873 - WARNING - Invalid Baybayin data for word 'admirable', clearing baybayin fields.
2025-02-16 13:57:00,877 - WARNING - Invalid Baybayin data for word 'bos', clearing baybayin fields.
2025-02-16 13:57:00,882 - WARNING - Invalid Baybayin data for word 'mongol', clearing baybayin fields.
2025-02-16 13:57:00,889 - WARNING - Invalid Baybayin data for word 'ritmo', clearing baybayin fields.
2025-02-16 13:57:00,924 - WARNING - Invalid Baybayin data for word 'santo', clearing baybayin fields.
2025-02-16 13:57:00,964 - WARNING - Invalid Baybayin data for word 'santo', clearing baybayin fields.
2025-02-16 13:57:00,967 - WARNING - Invalid Baybayin data for word 'pera', clearing baybayin fields.
2025-02-16 13:57:00,976 - WARNING - Invalid Baybayin data for word 'admiral', clearing baybayin fields.
2025-02-16 13:57:01,042 - WARNING - Invalid Baybayin data for word 'lobo', clearing baybayin fields.
2025-02-16 13:57:01,046 - WARNING - Invalid Baybayin data for word 'lobo', clearing baybayin fields.
2025-02-16 13:57:01,049 - WARNING - Invalid Baybayin data for word 'uang', clearing baybayin fields.
2025-02-16 13:57:01,072 - WARNING - Invalid Baybayin data for word 'tilde', clearing baybayin fields.
2025-02-16 13:57:01,102 - WARNING - Invalid Baybayin data for word 'lira', clearing baybayin fields.
2025-02-16 13:57:01,105 - WARNING - Invalid Baybayin data for word 'lira', clearing baybayin fields.
2025-02-16 13:57:01,109 - WARNING - Invalid Baybayin data for word 'lira', clearing baybayin fields.
2025-02-16 13:57:01,134 - WARNING - Invalid Baybayin data for word 'barat', clearing baybayin fields.
2025-02-16 13:57:01,137 - WARNING - Invalid Baybayin data for word 'barat', clearing baybayin fields.
2025-02-16 13:57:01,163 - WARNING - Invalid Baybayin data for word 'sano', clearing baybayin fields.
2025-02-16 13:57:01,185 - WARNING - Invalid Baybayin data for word 'pong', clearing baybayin fields.
2025-02-16 13:57:01,190 - WARNING - Invalid Baybayin data for word 'ale', clearing baybayin fields.
2025-02-16 13:57:01,258 - WARNING - Invalid Baybayin data for word 'numero', clearing baybayin fields.
2025-02-16 13:57:01,273 - WARNING - Invalid Baybayin data for word 'ayo', clearing baybayin fields.
2025-02-16 13:57:01,275 - WARNING - Invalid Baybayin data for word 'ayo', clearing baybayin fields.
2025-02-16 13:57:01,277 - WARNING - Invalid Baybayin data for word 'ayo', clearing baybayin fields.
2025-02-16 13:57:01,292 - WARNING - Invalid Baybayin data for word 'bodka', clearing baybayin fields.
2025-02-16 13:57:01,297 - WARNING - Invalid Baybayin data for word 'ensayo', clearing baybayin fields.
2025-02-16 13:57:01,302 - WARNING - Invalid Baybayin data for word 'ng', clearing baybayin fields.
2025-02-16 13:57:01,318 - WARNING - Invalid Baybayin data for word 'ng', clearing baybayin fields.
2025-02-16 13:57:01,322 - WARNING - Invalid Baybayin data for word 'ng', clearing baybayin fields.
2025-02-16 13:57:01,325 - WARNING - Invalid Baybayin data for word 'ng', clearing baybayin fields.
2025-02-16 13:57:01,334 - WARNING - Invalid Baybayin data for word 'raha', clearing baybayin fields.
2025-02-16 13:57:01,337 - WARNING - Invalid Baybayin data for word 'punto', clearing baybayin fields.
2025-02-16 13:57:01,339 - WARNING - Invalid Baybayin data for word 'punto', clearing baybayin fields.
2025-02-16 13:57:01,344 - WARNING - Invalid Baybayin data for word 'gasolina', clearing baybayin fields.
2025-02-16 13:57:01,347 - WARNING - Invalid Baybayin data for word 'andar', clearing baybayin fields.
2025-02-16 13:57:01,356 - WARNING - Invalid Baybayin data for word 'shawarma', clearing baybayin fields.
2025-02-16 13:57:01,359 - WARNING - Invalid Baybayin data for word 'kura', clearing baybayin fields.
2025-02-16 13:57:01,362 - WARNING - Invalid Baybayin data for word 'kura', clearing baybayin fields.
2025-02-16 13:57:01,364 - WARNING - Invalid Baybayin data for word 'amen', clearing baybayin fields.
2025-02-16 13:57:01,367 - WARNING - Invalid Baybayin data for word 'amen', clearing baybayin fields.
2025-02-16 13:57:01,372 - WARNING - Invalid Baybayin data for word 'dos', clearing baybayin fields.
2025-02-16 13:57:01,375 - WARNING - Invalid Baybayin data for word 'dos', clearing baybayin fields.
2025-02-16 13:57:01,378 - WARNING - Invalid Baybayin data for word 'tema', clearing baybayin fields.
2025-02-16 13:57:01,404 - WARNING - Invalid Baybayin data for word 'de-', clearing baybayin fields.
2025-02-16 13:57:01,437 - WARNING - Invalid Baybayin data for word 'di-', clearing baybayin fields.
2025-02-16 13:57:01,454 - WARNING - Invalid Baybayin data for word 'padre', clearing baybayin fields.
2025-02-16 13:57:01,466 - WARNING - Invalid Baybayin data for word 'padre', clearing baybayin fields.
2025-02-16 13:57:01,468 - WARNING - Invalid Baybayin data for word 'abuso', clearing baybayin fields.
2025-02-16 13:57:01,471 - WARNING - Invalid Baybayin data for word 'adenitis', clearing baybayin fields.
2025-02-16 13:57:01,474 - WARNING - Invalid Baybayin data for word '-ing', clearing baybayin fields.
2025-02-16 13:57:01,477 - WARNING - Invalid Baybayin data for word 'epistola', clearing baybayin fields.
2025-02-16 13:57:01,488 - WARNING - Invalid Baybayin data for word 'toga', clearing baybayin fields.
2025-02-16 13:57:01,495 - WARNING - Invalid Baybayin data for word 'tong', clearing baybayin fields.
2025-02-16 13:57:01,507 - WARNING - Invalid Baybayin data for word 'tong', clearing baybayin fields.
2025-02-16 13:57:01,514 - WARNING - Invalid Baybayin data for word 'palabra', clearing baybayin fields.
2025-02-16 13:57:01,517 - WARNING - Invalid Baybayin data for word 'adulto', clearing baybayin fields.
2025-02-16 13:57:01,527 - WARNING - Invalid Baybayin data for word 'adagio', clearing baybayin fields.
2025-02-16 13:57:01,530 - WARNING - Invalid Baybayin data for word 'sobre', clearing baybayin fields.
2025-02-16 13:57:01,534 - WARNING - Invalid Baybayin data for word 'emperador', clearing baybayin fields.
2025-02-16 13:57:01,539 - WARNING - Invalid Baybayin data for word 'dale', clearing baybayin fields.
2025-02-16 13:57:01,542 - WARNING - Invalid Baybayin data for word 'dale', clearing baybayin fields.
2025-02-16 13:57:01,545 - WARNING - Invalid Baybayin data for word 'tsunami', clearing baybayin fields.
2025-02-16 13:57:01,548 - WARNING - Invalid Baybayin data for word 'dike', clearing baybayin fields.
2025-02-16 13:57:01,551 - WARNING - Invalid Baybayin data for word 'segundo', clearing baybayin fields.
2025-02-16 13:57:01,561 - WARNING - Invalid Baybayin data for word 'segundo', clearing baybayin fields.
2025-02-16 13:57:01,572 - WARNING - Invalid Baybayin data for word 'listo', clearing baybayin fields.
2025-02-16 13:57:01,574 - WARNING - Invalid Baybayin data for word 'mesa', clearing baybayin fields.
2025-02-16 13:57:01,614 - WARNING - Invalid Baybayin data for word 'moral', clearing baybayin fields.
2025-02-16 13:57:01,616 - WARNING - Invalid Baybayin data for word 'moral', clearing baybayin fields.
2025-02-16 13:57:01,629 - WARNING - Invalid Baybayin data for word 'tenor', clearing baybayin fields.
2025-02-16 13:57:01,633 - WARNING - Invalid Baybayin data for word 'seis', clearing baybayin fields.
2025-02-16 13:57:01,636 - WARNING - Invalid Baybayin data for word 'seis', clearing baybayin fields.
2025-02-16 13:57:01,639 - WARNING - Invalid Baybayin data for word 'pirata', clearing baybayin fields.
2025-02-16 13:57:01,642 - WARNING - Invalid Baybayin data for word 'pirata', clearing baybayin fields.
2025-02-16 13:57:01,647 - WARNING - Invalid Baybayin data for word 'dine', clearing baybayin fields.
2025-02-16 13:57:01,658 - WARNING - Invalid Baybayin data for word 'abra', clearing baybayin fields.
2025-02-16 13:57:01,663 - WARNING - Invalid Baybayin data for word 'ergo', clearing baybayin fields.
2025-02-16 13:57:01,665 - WARNING - Invalid Baybayin data for word 'ergo', clearing baybayin fields.
2025-02-16 13:57:01,668 - WARNING - Invalid Baybayin data for word 'magnate', clearing baybayin fields.
2025-02-16 13:57:01,683 - WARNING - Invalid Baybayin data for word 'ako', clearing baybayin fields.
2025-02-16 13:57:01,686 - WARNING - Invalid Baybayin data for word 'ako', clearing baybayin fields.
2025-02-16 13:57:01,689 - WARNING - Invalid Baybayin data for word 'metro', clearing baybayin fields.
2025-02-16 13:57:01,695 - WARNING - Invalid Baybayin data for word 'ule', clearing baybayin fields.
2025-02-16 13:57:01,698 - WARNING - Invalid Baybayin data for word 'por', clearing baybayin fields.
2025-02-16 13:57:01,707 - WARNING - Invalid Baybayin data for word 'balena', clearing baybayin fields.
2025-02-16 13:57:01,723 - WARNING - Invalid Baybayin data for word 'ire', clearing baybayin fields.
2025-02-16 13:57:01,726 - WARNING - Invalid Baybayin data for word 'kondom', clearing baybayin fields.
2025-02-16 13:57:01,728 - WARNING - Invalid Baybayin data for word 'omelet', clearing baybayin fields.
2025-02-16 13:57:01,731 - WARNING - Invalid Baybayin data for word 'abo', clearing baybayin fields.
2025-02-16 13:57:01,740 - WARNING - Invalid Baybayin data for word 'abo', clearing baybayin fields.
2025-02-16 13:57:01,786 - WARNING - Invalid Baybayin data for word 'loa', clearing baybayin fields.
2025-02-16 13:57:01,789 - WARNING - Invalid Baybayin data for word 'droga', clearing baybayin fields.
2025-02-16 13:57:01,792 - WARNING - Invalid Baybayin data for word 'tumor', clearing baybayin fields.
2025-02-16 13:57:01,819 - WARNING - Invalid Baybayin data for word 'tren', clearing baybayin fields.
2025-02-16 13:57:01,822 - WARNING - Invalid Baybayin data for word 'puke', clearing baybayin fields.
2025-02-16 13:57:01,826 - WARNING - Invalid Baybayin data for word 'ko', clearing baybayin fields.
2025-02-16 13:57:01,880 - WARNING - Invalid Baybayin data for word 'sebra', clearing baybayin fields.
2025-02-16 13:57:01,922 - WARNING - Invalid Baybayin data for word 'maestro', clearing baybayin fields.
2025-02-16 13:57:01,973 - WARNING - Invalid Baybayin data for word 'personal', clearing baybayin fields.
2025-02-16 13:57:01,977 - WARNING - Invalid Baybayin data for word 'kobra', clearing baybayin fields.
2025-02-16 13:57:01,982 - WARNING - Invalid Baybayin data for word 'kobra', clearing baybayin fields.
2025-02-16 13:57:01,991 - WARNING - Invalid Baybayin data for word 'matematika', clearing baybayin fields.
2025-02-16 13:57:01,996 - WARNING - Invalid Baybayin data for word 'kamera', clearing baybayin fields.
2025-02-16 13:57:02,001 - WARNING - Invalid Baybayin data for word 'politika', clearing baybayin fields.
2025-02-16 13:57:02,049 - WARNING - Invalid Baybayin data for word 'para', clearing baybayin fields.
2025-02-16 13:57:02,056 - WARNING - Invalid Baybayin data for word 'para', clearing baybayin fields.
2025-02-16 13:57:02,061 - WARNING - Invalid Baybayin data for word 'para', clearing baybayin fields.
2025-02-16 13:57:02,065 - WARNING - Invalid Baybayin data for word 'para', clearing baybayin fields.
2025-02-16 13:57:02,070 - WARNING - Invalid Baybayin data for word 'par', clearing baybayin fields.
2025-02-16 13:57:02,073 - WARNING - Invalid Baybayin data for word 'sirup', clearing baybayin fields.
2025-02-16 13:57:02,100 - WARNING - Invalid Baybayin data for word 'silo', clearing baybayin fields.
2025-02-16 13:57:02,200 - WARNING - Invalid Baybayin data for word 'buldog', clearing baybayin fields.
2025-02-16 13:57:02,206 - WARNING - Invalid Baybayin data for word 'buldog', clearing baybayin fields.
2025-02-16 13:57:02,250 - WARNING - Invalid Baybayin data for word 'sate', clearing baybayin fields.
2025-02-16 13:57:02,253 - WARNING - Invalid Baybayin data for word 'sate', clearing baybayin fields.
2025-02-16 13:57:02,273 - WARNING - Invalid Baybayin data for word 'page', clearing baybayin fields.
2025-02-16 13:57:02,278 - WARNING - Invalid Baybayin data for word 'barik', clearing baybayin fields.
2025-02-16 13:57:02,285 - WARNING - Invalid Baybayin data for word 'barik', clearing baybayin fields.
2025-02-16 13:57:02,289 - WARNING - Invalid Baybayin data for word 'Ë', clearing baybayin fields.
2025-02-16 13:57:02,293 - WARNING - Invalid Baybayin data for word 'abandonado', clearing baybayin fields.
2025-02-16 13:57:02,304 - WARNING - Invalid Baybayin data for word 'integral', clearing baybayin fields.
2025-02-16 13:57:02,319 - WARNING - Invalid Baybayin data for word 'despertador', clearing baybayin fields.
2025-02-16 13:57:02,321 - WARNING - Invalid Baybayin data for word 'tubo', clearing baybayin fields.
2025-02-16 13:57:02,335 - WARNING - Invalid Baybayin data for word 'tubo', clearing baybayin fields.
2025-02-16 13:57:02,338 - WARNING - Invalid Baybayin data for word 'tubo', clearing baybayin fields.
2025-02-16 13:57:02,342 - WARNING - Invalid Baybayin data for word 'tubo', clearing baybayin fields.
2025-02-16 13:57:02,346 - WARNING - Invalid Baybayin data for word 'tubo', clearing baybayin fields.
2025-02-16 13:57:02,358 - WARNING - Invalid Baybayin data for word 'ow', clearing baybayin fields.
2025-02-16 13:57:02,362 - WARNING - Invalid Baybayin data for word 'madre', clearing baybayin fields.
2025-02-16 13:57:02,423 - WARNING - Invalid Baybayin data for word 'dose', clearing baybayin fields.
2025-02-16 13:57:02,428 - WARNING - Invalid Baybayin data for word 'abogado', clearing baybayin fields.
2025-02-16 13:57:02,453 - WARNING - Invalid Baybayin data for word 'tonto', clearing baybayin fields.
2025-02-16 13:57:02,457 - WARNING - Invalid Baybayin data for word 'tonto', clearing baybayin fields.
2025-02-16 13:57:02,472 - WARNING - Invalid Baybayin data for word 'normal', clearing baybayin fields.
2025-02-16 13:57:02,478 - WARNING - Invalid Baybayin data for word 'loro', clearing baybayin fields.
2025-02-16 13:57:02,498 - WARNING - Invalid Baybayin data for word 'rumba', clearing baybayin fields.
2025-02-16 13:57:02,523 - WARNING - Invalid Baybayin data for word 'espada', clearing baybayin fields.
2025-02-16 13:57:02,539 - WARNING - Invalid Baybayin data for word '-an', clearing baybayin fields.
2025-02-16 13:57:02,551 - WARNING - Invalid Baybayin data for word '-an', clearing baybayin fields.
2025-02-16 13:57:02,560 - WARNING - Invalid Baybayin data for word '-an', clearing baybayin fields.
2025-02-16 13:57:02,563 - WARNING - Invalid Baybayin data for word 'manirahan', clearing baybayin fields.
2025-02-16 13:57:02,581 - WARNING - Invalid Baybayin data for word 'magkaroon', clearing baybayin fields.
2025-02-16 13:57:02,593 - WARNING - Invalid Baybayin data for word 'dalhin', clearing baybayin fields.
2025-02-16 13:57:02,606 - WARNING - Invalid Baybayin data for word 'maintidihan', clearing baybayin fields.
2025-02-16 13:57:02,614 - WARNING - Invalid Baybayin data for word 'magbigay', clearing baybayin fields.
2025-02-16 13:57:02,623 - WARNING - Invalid Baybayin data for word 'uminom', clearing baybayin fields.
2025-02-16 13:57:02,631 - WARNING - Invalid Baybayin data for word 'magtagpo', clearing baybayin fields.
2025-02-16 13:57:02,641 - WARNING - Invalid Baybayin data for word 'mabuhay', clearing baybayin fields.
2025-02-16 13:57:02,651 - WARNING - Invalid Baybayin data for word 'magpatuloy', clearing baybayin fields.
2025-02-16 13:57:02,654 - WARNING - Invalid Baybayin data for word 'magpatuloy', clearing baybayin fields.
2025-02-16 13:57:02,727 - WARNING - Invalid Baybayin data for word 'matira', clearing baybayin fields.
2025-02-16 13:57:02,732 - WARNING - Invalid Baybayin data for word 'matira', clearing baybayin fields.
2025-02-16 13:57:02,736 - WARNING - Invalid Baybayin data for word 'meryenda', clearing baybayin fields.
2025-02-16 13:57:02,739 - WARNING - Invalid Baybayin data for word 'almusal', clearing baybayin fields.
2025-02-16 13:57:02,753 - WARNING - Invalid Baybayin data for word 'tumira', clearing baybayin fields.
2025-02-16 13:57:02,761 - WARNING - Invalid Baybayin data for word 'tumira', clearing baybayin fields.
2025-02-16 13:57:02,775 - WARNING - Invalid Baybayin data for word 'keso', clearing baybayin fields.
2025-02-16 13:57:02,848 - WARNING - Invalid Baybayin data for word 'distrito', clearing baybayin fields.
2025-02-16 13:57:02,852 - WARNING - Invalid Baybayin data for word 'magnet', clearing baybayin fields.
2025-02-16 13:57:02,856 - WARNING - Invalid Baybayin data for word 'sino', clearing baybayin fields.
2025-02-16 13:57:02,864 - WARNING - Invalid Baybayin data for word '-in', clearing baybayin fields.
2025-02-16 13:57:02,869 - WARNING - Invalid Baybayin data for word '-in', clearing baybayin fields.
2025-02-16 13:57:02,872 - WARNING - Invalid Baybayin data for word '-in', clearing baybayin fields.
2025-02-16 13:57:02,880 - WARNING - Invalid Baybayin data for word 'pook', clearing baybayin fields.
2025-02-16 13:57:02,901 - WARNING - Invalid Baybayin data for word 'pastor', clearing baybayin fields.
2025-02-16 13:57:02,911 - WARNING - Invalid Baybayin data for word 'bira', clearing baybayin fields.
2025-02-16 13:57:02,917 - WARNING - Invalid Baybayin data for word 'bira', clearing baybayin fields.
2025-02-16 13:57:02,920 - WARNING - Invalid Baybayin data for word 'bira', clearing baybayin fields.
2025-02-16 13:57:02,922 - WARNING - Invalid Baybayin data for word 'hentai', clearing baybayin fields.
2025-02-16 13:57:02,924 - WARNING - Invalid Baybayin data for word 'primera', clearing baybayin fields.
2025-02-16 13:57:02,926 - WARNING - Invalid Baybayin data for word 'primera', clearing baybayin fields.
2025-02-16 13:57:02,929 - WARNING - Invalid Baybayin data for word 'primera', clearing baybayin fields.
2025-02-16 13:57:02,932 - WARNING - Invalid Baybayin data for word 'helmet', clearing baybayin fields.
2025-02-16 13:57:02,937 - WARNING - Invalid Baybayin data for word 'polo', clearing baybayin fields.
2025-02-16 13:57:02,940 - WARNING - Invalid Baybayin data for word 'polo', clearing baybayin fields.
2025-02-16 13:57:02,944 - WARNING - Invalid Baybayin data for word 'polo', clearing baybayin fields.
2025-02-16 13:57:02,951 - WARNING - Invalid Baybayin data for word 'polo', clearing baybayin fields.
2025-02-16 13:57:02,954 - WARNING - Invalid Baybayin data for word 'polo', clearing baybayin fields.
2025-02-16 13:57:02,957 - WARNING - Invalid Baybayin data for word '-s', clearing baybayin fields.
2025-02-16 13:57:02,959 - WARNING - Invalid Baybayin data for word 'wari', clearing baybayin fields.
2025-02-16 13:57:02,964 - WARNING - Invalid Baybayin data for word 'wari', clearing baybayin fields.
2025-02-16 13:57:02,966 - WARNING - Invalid Baybayin data for word 'wari', clearing baybayin fields.
2025-02-16 13:57:02,970 - WARNING - Invalid Baybayin data for word 'wari', clearing baybayin fields.
2025-02-16 13:57:02,973 - WARNING - Invalid Baybayin data for word 'amp', clearing baybayin fields.
2025-02-16 13:57:02,980 - WARNING - Invalid Baybayin data for word 'oo', clearing baybayin fields.
2025-02-16 13:57:02,983 - WARNING - Invalid Baybayin data for word 'oo', clearing baybayin fields.
2025-02-16 13:57:02,987 - WARNING - Invalid Baybayin data for word 'oo', clearing baybayin fields.
2025-02-16 13:57:02,994 - WARNING - Invalid Baybayin data for word 'bonito', clearing baybayin fields.
2025-02-16 13:57:03,013 - WARNING - Invalid Baybayin data for word 'adobe', clearing baybayin fields.
2025-02-16 13:57:03,034 - WARNING - Invalid Baybayin data for word 'dote', clearing baybayin fields.
2025-02-16 13:57:03,041 - WARNING - Invalid Baybayin data for word 'bolo', clearing baybayin fields.
2025-02-16 13:57:03,044 - WARNING - Invalid Baybayin data for word 'puro', clearing baybayin fields.
2025-02-16 13:57:03,050 - WARNING - Invalid Baybayin data for word 'puro', clearing baybayin fields.
2025-02-16 13:57:03,053 - WARNING - Invalid Baybayin data for word 'puro', clearing baybayin fields.
2025-02-16 13:57:03,056 - WARNING - Invalid Baybayin data for word 'amo', clearing baybayin fields.
2025-02-16 13:57:03,061 - WARNING - Invalid Baybayin data for word 'amo', clearing baybayin fields.
2025-02-16 13:57:03,066 - WARNING - Invalid Baybayin data for word 'amo', clearing baybayin fields.
2025-02-16 13:57:03,070 - WARNING - Invalid Baybayin data for word 'hoy', clearing baybayin fields.
2025-02-16 13:57:03,076 - WARNING - Invalid Baybayin data for word 'kapok', clearing baybayin fields.
2025-02-16 13:57:03,080 - WARNING - Invalid Baybayin data for word 'dram', clearing baybayin fields.
2025-02-16 13:57:03,086 - WARNING - Invalid Baybayin data for word 'brad', clearing baybayin fields.
2025-02-16 13:57:03,091 - WARNING - Invalid Baybayin data for word 'nones', clearing baybayin fields.
2025-02-16 13:57:03,095 - WARNING - Invalid Baybayin data for word 'baton', clearing baybayin fields.
