2025-02-15 17:04:43,365 - INFO - Attempting database connection...
2025-02-15 17:04:43,366 - INFO - Database configuration:
2025-02-15 17:04:43,368 - INFO -   Database Name: fil_dict_db
2025-02-15 17:04:43,369 - INFO -   User: postgres
2025-02-15 17:04:43,370 - INFO -   Host: localhost
2025-02-15 17:04:43,371 - INFO -   Password: ********
2025-02-15 17:04:43,585 - INFO - Successfully established database connection
2025-02-15 17:04:43,589 - INFO - Setting up PostgreSQL extensions...
2025-02-15 17:04:43,590 - INFO - Checking extension: pg_trgm
2025-02-15 17:04:43,623 - INFO - Extension already installed: pg_trgm
2025-02-15 17:04:43,648 - INFO - Checking extension: unaccent
2025-02-15 17:04:43,655 - INFO - Extension already installed: unaccent
2025-02-15 17:04:43,664 - INFO - Checking extension: fuzzystrmatch
2025-02-15 17:04:43,671 - INFO - Extension already installed: fuzzystrmatch
2025-02-15 17:04:43,673 - INFO - Extensions setup completed
2025-02-15 17:04:43,675 - INFO - Starting table creation/update process.
2025-02-15 17:04:44,380 - INFO - Standardizing source names...
2025-02-15 17:04:44,416 - INFO - Source names standardization completed
2025-02-15 17:04:44,419 - INFO - Tables created or updated successfully.
2025-02-15 17:04:44,425 - WARNING - Source file not found: data/tagalog-words.json
2025-02-15 17:04:44,426 - WARNING - Source file not found: data/root_words_with_associated_words_cleaned.json
2025-02-15 17:04:44,427 - WARNING - Source file not found: data/kwf_dictionary.json
2025-02-15 17:04:44,428 - WARNING - Source file not found: data/kaikki.jsonl
2025-02-15 17:04:44,428 - WARNING - Source file not found: data/kaikki-ceb.jsonl
2025-02-15 17:04:44,432 - INFO - Starting post-processing steps...
2025-02-15 17:04:44,433 - INFO - Processing Baybayin entries...
2025-02-15 17:04:44,462 - INFO - Baybayin data cleanup completed successfully
2025-02-15 17:04:44,462 - INFO - Running data cleanup and standardization...
2025-02-15 17:04:44,463 - INFO - Starting dictionary cleanup process...
2025-02-15 17:04:44,486 - INFO - Dictionary cleanup complete.
2025-02-15 17:04:44,488 - INFO - Migration and cleanup completed successfully
