2025-02-15 22:11:39,485 - INFO - Attempting database connection...
2025-02-15 22:11:39,486 - INFO - Database configuration:
2025-02-15 22:11:39,486 - INFO -   Database Name: fil_dict_db
2025-02-15 22:11:39,486 - INFO -   User: postgres
2025-02-15 22:11:39,486 - INFO -   Host: localhost
2025-02-15 22:11:39,486 - INFO -   Password: ********
2025-02-15 22:11:39,539 - INFO - Successfully established database connection
2025-02-15 22:11:39,539 - INFO - Setting up PostgreSQL extensions...
2025-02-15 22:11:39,539 - INFO - Checking extension: pg_trgm
2025-02-15 22:11:39,560 - INFO - Extension already installed: pg_trgm
2025-02-15 22:11:39,561 - INFO - Checking extension: unaccent
2025-02-15 22:11:39,561 - INFO - Extension already installed: unaccent
2025-02-15 22:11:39,562 - INFO - Checking extension: fuzzystrmatch
2025-02-15 22:11:39,562 - INFO - Extension already installed: fuzzystrmatch
2025-02-15 22:11:39,562 - INFO - Checking extension: dict_xsyn
2025-02-15 22:11:39,563 - INFO - Extension already installed: dict_xsyn
2025-02-15 22:11:39,563 - INFO - Extensions setup completed
2025-02-15 22:11:39,563 - INFO - Starting table creation/update process.
2025-02-15 22:11:39,594 - ERROR - Schema creation error: column "search_text" does not exist

2025-02-15 22:11:39,595 - ERROR - Error during migration: column "search_text" does not exist

