2025-02-15 18:40:45,459 - INFO - Attempting database connection...
2025-02-15 18:40:45,585 - INFO - Database configuration:
2025-02-15 18:40:45,586 - INFO -   Database Name: fil_dict_db
2025-02-15 18:40:45,587 - INFO -   User: postgres
2025-02-15 18:40:45,587 - INFO -   Host: localhost
2025-02-15 18:40:45,588 - INFO -   Password: ********
2025-02-15 18:40:46,202 - INFO - Successfully established database connection
2025-02-15 18:40:46,250 - INFO - Setting up PostgreSQL extensions...
2025-02-15 18:40:46,251 - INFO - Checking extension: pg_trgm
2025-02-15 18:40:46,268 - INFO - Extension already installed: pg_trgm
2025-02-15 18:40:46,269 - INFO - Checking extension: unaccent
2025-02-15 18:40:46,272 - INFO - Extension already installed: unaccent
2025-02-15 18:40:46,273 - INFO - Checking extension: fuzzystrmatch
2025-02-15 18:40:46,275 - INFO - Extension already installed: fuzzystrmatch
2025-02-15 18:40:46,276 - INFO - Extensions setup completed
2025-02-15 18:40:46,276 - INFO - Starting table creation/update process.
2025-02-15 18:40:46,819 - INFO - Standardizing source names...
2025-02-15 18:40:46,973 - INFO - Source names standardization completed
2025-02-15 18:40:47,014 - INFO - Tables created or updated successfully.
2025-02-15 18:40:47,583 - INFO - Processing Tagalog words from: backend/data/tagalog-words.json
2025-02-15 18:40:52,539 - ERROR - Error processing batch (attempt 1/3): there is no unique or exclusion constraint matching the ON CONFLICT specification

2025-02-15 18:40:53,830 - ERROR - Error processing batch (attempt 2/3): there is no unique or exclusion constraint matching the ON CONFLICT specification

2025-02-15 18:40:55,290 - ERROR - Error processing batch (attempt 3/3): there is no unique or exclusion constraint matching the ON CONFLICT specification

2025-02-15 18:40:55,291 - ERROR - Error processing lemma agum-úm: there is no unique or exclusion constraint matching the ON CONFLICT specification

2025-02-15 18:40:55,558 - ERROR - Error processing batch (attempt 1/3): there is no unique or exclusion constraint matching the ON CONFLICT specification

2025-02-15 18:40:58,617 - ERROR - Error processing batch (attempt 2/3): there is no unique or exclusion constraint matching the ON CONFLICT specification

2025-02-15 18:41:00,281 - ERROR - Error processing batch (attempt 3/3): there is no unique or exclusion constraint matching the ON CONFLICT specification

2025-02-15 18:41:00,282 - ERROR - Error processing lemma agún: there is no unique or exclusion constraint matching the ON CONFLICT specification

2025-02-15 18:41:00,485 - ERROR - Error processing batch (attempt 1/3): there is no unique or exclusion constraint matching the ON CONFLICT specification

2025-02-15 18:41:00,697 - ERROR - Error processing batch (attempt 2/3): there is no unique or exclusion constraint matching the ON CONFLICT specification

2025-02-15 18:41:01,051 - ERROR - Error processing batch (attempt 3/3): there is no unique or exclusion constraint matching the ON CONFLICT specification

2025-02-15 18:41:01,053 - ERROR - Error processing lemma agúnan: there is no unique or exclusion constraint matching the ON CONFLICT specification

2025-02-15 18:41:02,831 - ERROR - Error processing batch (attempt 1/3): there is no unique or exclusion constraint matching the ON CONFLICT specification

2025-02-15 18:41:04,580 - ERROR - Error processing batch (attempt 2/3): there is no unique or exclusion constraint matching the ON CONFLICT specification

2025-02-15 18:41:06,062 - ERROR - Error processing batch (attempt 3/3): there is no unique or exclusion constraint matching the ON CONFLICT specification

2025-02-15 18:41:06,063 - ERROR - Error processing lemma agunéro: there is no unique or exclusion constraint matching the ON CONFLICT specification

2025-02-15 18:41:08,608 - ERROR - Error processing batch (attempt 1/3): there is no unique or exclusion constraint matching the ON CONFLICT specification

2025-02-15 18:41:11,894 - ERROR - Error processing batch (attempt 2/3): there is no unique or exclusion constraint matching the ON CONFLICT specification

2025-02-15 18:41:12,854 - ERROR - Error processing batch (attempt 3/3): there is no unique or exclusion constraint matching the ON CONFLICT specification

2025-02-15 18:41:12,855 - ERROR - Error processing lemma águng: there is no unique or exclusion constraint matching the ON CONFLICT specification

2025-02-15 18:41:13,079 - ERROR - Error processing batch (attempt 1/3): there is no unique or exclusion constraint matching the ON CONFLICT specification

2025-02-15 18:41:13,611 - ERROR - Error processing batch (attempt 2/3): there is no unique or exclusion constraint matching the ON CONFLICT specification

2025-02-15 18:41:15,482 - ERROR - Error processing batch (attempt 3/3): there is no unique or exclusion constraint matching the ON CONFLICT specification

2025-02-15 18:41:15,493 - ERROR - Error processing lemma agunyás: there is no unique or exclusion constraint matching the ON CONFLICT specification

2025-02-15 18:41:18,547 - ERROR - Error processing batch (attempt 1/3): there is no unique or exclusion constraint matching the ON CONFLICT specification

2025-02-15 18:41:19,494 - ERROR - Error processing batch (attempt 2/3): there is no unique or exclusion constraint matching the ON CONFLICT specification

2025-02-15 18:41:19,730 - ERROR - Error processing batch (attempt 3/3): there is no unique or exclusion constraint matching the ON CONFLICT specification

2025-02-15 18:41:19,731 - ERROR - Error processing lemma agúot: there is no unique or exclusion constraint matching the ON CONFLICT specification

2025-02-15 18:41:21,906 - ERROR - Error processing batch (attempt 1/3): there is no unique or exclusion constraint matching the ON CONFLICT specification

2025-02-15 18:41:22,200 - ERROR - Error processing batch (attempt 2/3): there is no unique or exclusion constraint matching the ON CONFLICT specification

2025-02-15 18:41:23,129 - ERROR - Error processing batch (attempt 3/3): there is no unique or exclusion constraint matching the ON CONFLICT specification

2025-02-15 18:41:23,130 - ERROR - Error processing lemma águpít: there is no unique or exclusion constraint matching the ON CONFLICT specification

2025-02-15 18:41:25,229 - ERROR - Error processing batch (attempt 1/3): there is no unique or exclusion constraint matching the ON CONFLICT specification

2025-02-15 18:41:26,017 - ERROR - Error processing batch (attempt 2/3): there is no unique or exclusion constraint matching the ON CONFLICT specification

2025-02-15 18:41:29,081 - ERROR - Error processing batch (attempt 3/3): there is no unique or exclusion constraint matching the ON CONFLICT specification

2025-02-15 18:41:29,083 - ERROR - Error processing lemma agúp-op: there is no unique or exclusion constraint matching the ON CONFLICT specification

2025-02-15 18:41:30,283 - ERROR - Error processing batch (attempt 1/3): there is no unique or exclusion constraint matching the ON CONFLICT specification

2025-02-15 18:41:34,407 - ERROR - Error processing batch (attempt 2/3): there is no unique or exclusion constraint matching the ON CONFLICT specification

2025-02-15 18:41:36,043 - ERROR - Error processing batch (attempt 3/3): there is no unique or exclusion constraint matching the ON CONFLICT specification

2025-02-15 18:41:36,063 - ERROR - Error processing lemma aguráng: there is no unique or exclusion constraint matching the ON CONFLICT specification

2025-02-15 18:41:36,754 - ERROR - Error processing batch (attempt 1/3): there is no unique or exclusion constraint matching the ON CONFLICT specification

2025-02-15 18:41:39,180 - ERROR - Error processing batch (attempt 2/3): there is no unique or exclusion constraint matching the ON CONFLICT specification

2025-02-15 18:41:40,582 - ERROR - Error processing batch (attempt 3/3): there is no unique or exclusion constraint matching the ON CONFLICT specification

2025-02-15 18:41:40,770 - ERROR - Error processing lemma agúrok: there is no unique or exclusion constraint matching the ON CONFLICT specification

2025-02-15 18:41:45,184 - ERROR - Error processing batch (attempt 1/3): there is no unique or exclusion constraint matching the ON CONFLICT specification

2025-02-15 18:41:48,719 - ERROR - Error processing batch (attempt 2/3): there is no unique or exclusion constraint matching the ON CONFLICT specification

2025-02-15 18:41:50,598 - ERROR - Error processing batch (attempt 3/3): there is no unique or exclusion constraint matching the ON CONFLICT specification

2025-02-15 18:41:50,599 - ERROR - Error processing lemma águs: there is no unique or exclusion constraint matching the ON CONFLICT specification

2025-02-15 18:41:50,900 - ERROR - Error processing batch (attempt 1/3): there is no unique or exclusion constraint matching the ON CONFLICT specification

2025-02-15 18:41:53,523 - ERROR - Error processing batch (attempt 2/3): there is no unique or exclusion constraint matching the ON CONFLICT specification

2025-02-15 18:41:56,957 - ERROR - Error processing batch (attempt 3/3): there is no unique or exclusion constraint matching the ON CONFLICT specification

2025-02-15 18:41:56,958 - ERROR - Error processing lemma agusáhis: there is no unique or exclusion constraint matching the ON CONFLICT specification

2025-02-15 18:41:57,418 - ERROR - Error processing batch (attempt 1/3): there is no unique or exclusion constraint matching the ON CONFLICT specification

2025-02-15 18:42:02,625 - ERROR - Error processing batch (attempt 2/3): there is no unique or exclusion constraint matching the ON CONFLICT specification

2025-02-15 18:42:04,742 - ERROR - Error processing batch (attempt 3/3): there is no unique or exclusion constraint matching the ON CONFLICT specification

2025-02-15 18:42:04,917 - ERROR - Error processing lemma agusáis: there is no unique or exclusion constraint matching the ON CONFLICT specification

2025-02-15 18:42:07,727 - ERROR - Error processing batch (attempt 1/3): there is no unique or exclusion constraint matching the ON CONFLICT specification

2025-02-15 18:42:08,087 - ERROR - Error processing batch (attempt 2/3): there is no unique or exclusion constraint matching the ON CONFLICT specification

2025-02-15 18:42:09,381 - ERROR - Error processing batch (attempt 3/3): there is no unique or exclusion constraint matching the ON CONFLICT specification

2025-02-15 18:42:09,720 - ERROR - Error processing lemma agúsan: there is no unique or exclusion constraint matching the ON CONFLICT specification

2025-02-15 18:42:11,174 - ERROR - Error processing batch (attempt 1/3): there is no unique or exclusion constraint matching the ON CONFLICT specification

2025-02-15 18:42:11,456 - ERROR - Error processing batch (attempt 2/3): there is no unique or exclusion constraint matching the ON CONFLICT specification

2025-02-15 18:42:13,096 - ERROR - Error processing batch (attempt 3/3): there is no unique or exclusion constraint matching the ON CONFLICT specification

2025-02-15 18:42:13,097 - ERROR - Error processing lemma Agúsan del Norte: there is no unique or exclusion constraint matching the ON CONFLICT specification

2025-02-15 18:42:16,217 - ERROR - Error processing batch (attempt 1/3): there is no unique or exclusion constraint matching the ON CONFLICT specification

2025-02-15 18:42:16,500 - ERROR - Error processing batch (attempt 2/3): there is no unique or exclusion constraint matching the ON CONFLICT specification

2025-02-15 18:42:18,441 - ERROR - Error processing batch (attempt 3/3): there is no unique or exclusion constraint matching the ON CONFLICT specification

2025-02-15 18:42:18,442 - ERROR - Error processing lemma Agúsan del Sur: there is no unique or exclusion constraint matching the ON CONFLICT specification

2025-02-15 18:42:19,655 - ERROR - Error processing batch (attempt 1/3): there is no unique or exclusion constraint matching the ON CONFLICT specification

2025-02-15 18:42:20,151 - ERROR - Error processing batch (attempt 2/3): there is no unique or exclusion constraint matching the ON CONFLICT specification

2025-02-15 18:42:22,132 - ERROR - Error processing batch (attempt 3/3): there is no unique or exclusion constraint matching the ON CONFLICT specification

2025-02-15 18:42:22,133 - ERROR - Error processing lemma agúsip: there is no unique or exclusion constraint matching the ON CONFLICT specification

2025-02-15 18:42:24,230 - ERROR - Error processing batch (attempt 1/3): there is no unique or exclusion constraint matching the ON CONFLICT specification

2025-02-15 18:42:27,148 - ERROR - Error processing batch (attempt 2/3): there is no unique or exclusion constraint matching the ON CONFLICT specification

2025-02-15 18:42:28,659 - ERROR - Error processing batch (attempt 3/3): there is no unique or exclusion constraint matching the ON CONFLICT specification

2025-02-15 18:42:28,718 - ERROR - Error processing lemma Agustíno: there is no unique or exclusion constraint matching the ON CONFLICT specification

2025-02-15 18:42:31,702 - ERROR - Error processing batch (attempt 1/3): there is no unique or exclusion constraint matching the ON CONFLICT specification

2025-02-15 18:42:32,500 - ERROR - Error processing batch (attempt 2/3): there is no unique or exclusion constraint matching the ON CONFLICT specification

2025-02-15 18:42:33,185 - ERROR - Error processing batch (attempt 3/3): there is no unique or exclusion constraint matching the ON CONFLICT specification

2025-02-15 18:42:33,186 - ERROR - Error processing lemma Agutayánen: there is no unique or exclusion constraint matching the ON CONFLICT specification

2025-02-15 18:42:33,664 - ERROR - Error processing batch (attempt 1/3): there is no unique or exclusion constraint matching the ON CONFLICT specification

2025-02-15 18:42:35,918 - ERROR - Error processing batch (attempt 2/3): there is no unique or exclusion constraint matching the ON CONFLICT specification

2025-02-15 18:42:36,143 - ERROR - Error processing batch (attempt 3/3): there is no unique or exclusion constraint matching the ON CONFLICT specification

2025-02-15 18:42:36,144 - ERROR - Error processing lemma Agutayáno: there is no unique or exclusion constraint matching the ON CONFLICT specification

2025-02-15 18:42:36,355 - ERROR - Error processing batch (attempt 1/3): there is no unique or exclusion constraint matching the ON CONFLICT specification

2025-02-15 18:42:36,599 - ERROR - Error processing batch (attempt 2/3): there is no unique or exclusion constraint matching the ON CONFLICT specification

2025-02-15 18:42:39,126 - ERROR - Error processing batch (attempt 3/3): there is no unique or exclusion constraint matching the ON CONFLICT specification

2025-02-15 18:42:39,128 - ERROR - Error processing lemma agutíng: there is no unique or exclusion constraint matching the ON CONFLICT specification

2025-02-15 18:42:39,421 - ERROR - Error processing batch (attempt 1/3): there is no unique or exclusion constraint matching the ON CONFLICT specification

2025-02-15 18:42:39,679 - ERROR - Error processing batch (attempt 2/3): there is no unique or exclusion constraint matching the ON CONFLICT specification

2025-02-15 18:42:42,152 - ERROR - Error processing batch (attempt 3/3): there is no unique or exclusion constraint matching the ON CONFLICT specification

2025-02-15 18:42:42,154 - ERROR - Error processing lemma agúut: there is no unique or exclusion constraint matching the ON CONFLICT specification

2025-02-15 18:42:45,240 - ERROR - Error processing batch (attempt 1/3): there is no unique or exclusion constraint matching the ON CONFLICT specification

2025-02-15 18:42:46,455 - ERROR - Error processing batch (attempt 2/3): there is no unique or exclusion constraint matching the ON CONFLICT specification

2025-02-15 18:42:46,744 - ERROR - Error processing batch (attempt 3/3): there is no unique or exclusion constraint matching the ON CONFLICT specification

2025-02-15 18:42:46,745 - ERROR - Error processing lemma agúyan: there is no unique or exclusion constraint matching the ON CONFLICT specification

2025-02-15 18:42:48,854 - ERROR - Error processing batch (attempt 1/3): there is no unique or exclusion constraint matching the ON CONFLICT specification

2025-02-15 18:42:51,053 - ERROR - Error processing batch (attempt 2/3): there is no unique or exclusion constraint matching the ON CONFLICT specification

2025-02-15 18:42:53,530 - ERROR - Error processing batch (attempt 3/3): there is no unique or exclusion constraint matching the ON CONFLICT specification

2025-02-15 18:42:53,531 - ERROR - Error processing lemma aguyángyang: there is no unique or exclusion constraint matching the ON CONFLICT specification

2025-02-15 18:42:55,851 - ERROR - Error processing batch (attempt 1/3): there is no unique or exclusion constraint matching the ON CONFLICT specification

2025-02-15 18:42:59,431 - ERROR - Error processing batch (attempt 2/3): there is no unique or exclusion constraint matching the ON CONFLICT specification

2025-02-15 18:43:01,321 - ERROR - Error processing batch (attempt 3/3): there is no unique or exclusion constraint matching the ON CONFLICT specification

2025-02-15 18:43:01,322 - ERROR - Error processing lemma aguyód: there is no unique or exclusion constraint matching the ON CONFLICT specification

2025-02-15 18:43:03,696 - ERROR - Error processing batch (attempt 1/3): there is no unique or exclusion constraint matching the ON CONFLICT specification

2025-02-15 18:43:04,538 - ERROR - Error processing batch (attempt 2/3): there is no unique or exclusion constraint matching the ON CONFLICT specification

2025-02-15 18:43:04,841 - ERROR - Error processing batch (attempt 3/3): there is no unique or exclusion constraint matching the ON CONFLICT specification

2025-02-15 18:43:04,842 - ERROR - Error processing lemma aguyór: there is no unique or exclusion constraint matching the ON CONFLICT specification

2025-02-15 18:43:07,456 - ERROR - Error processing batch (attempt 1/3): there is no unique or exclusion constraint matching the ON CONFLICT specification

2025-02-15 18:43:09,547 - ERROR - Error processing batch (attempt 2/3): there is no unique or exclusion constraint matching the ON CONFLICT specification

2025-02-15 18:43:09,881 - ERROR - Error processing batch (attempt 3/3): there is no unique or exclusion constraint matching the ON CONFLICT specification

2025-02-15 18:43:09,882 - ERROR - Error processing lemma aguy-óy: there is no unique or exclusion constraint matching the ON CONFLICT specification

2025-02-15 18:43:12,473 - ERROR - Error processing batch (attempt 1/3): there is no unique or exclusion constraint matching the ON CONFLICT specification

2025-02-15 18:43:14,144 - ERROR - Error processing batch (attempt 2/3): there is no unique or exclusion constraint matching the ON CONFLICT specification

2025-02-15 18:43:16,725 - ERROR - Error processing batch (attempt 3/3): there is no unique or exclusion constraint matching the ON CONFLICT specification

2025-02-15 18:43:16,915 - ERROR - Error processing lemma agúyoy: there is no unique or exclusion constraint matching the ON CONFLICT specification

2025-02-15 18:43:19,453 - ERROR - Error processing batch (attempt 1/3): there is no unique or exclusion constraint matching the ON CONFLICT specification

2025-02-15 18:43:22,467 - ERROR - Error processing batch (attempt 2/3): there is no unique or exclusion constraint matching the ON CONFLICT specification

2025-02-15 18:43:24,673 - ERROR - Error processing batch (attempt 3/3): there is no unique or exclusion constraint matching the ON CONFLICT specification

2025-02-15 18:43:25,065 - ERROR - Error processing lemma ágwa: there is no unique or exclusion constraint matching the ON CONFLICT specification

2025-02-15 18:43:26,320 - ERROR - Error processing batch (attempt 1/3): there is no unique or exclusion constraint matching the ON CONFLICT specification

2025-02-15 18:43:28,251 - ERROR - Error processing batch (attempt 2/3): there is no unique or exclusion constraint matching the ON CONFLICT specification

2025-02-15 18:43:28,880 - ERROR - Error processing batch (attempt 3/3): there is no unique or exclusion constraint matching the ON CONFLICT specification

2025-02-15 18:43:28,976 - ERROR - Error processing lemma ágwa bendíta: there is no unique or exclusion constraint matching the ON CONFLICT specification

2025-02-15 18:43:30,076 - ERROR - Error processing batch (attempt 1/3): there is no unique or exclusion constraint matching the ON CONFLICT specification

2025-02-15 18:43:30,650 - ERROR - Error processing batch (attempt 2/3): there is no unique or exclusion constraint matching the ON CONFLICT specification

2025-02-15 18:43:33,054 - ERROR - Error processing batch (attempt 3/3): there is no unique or exclusion constraint matching the ON CONFLICT specification

2025-02-15 18:43:33,055 - ERROR - Error processing lemma ágwad: there is no unique or exclusion constraint matching the ON CONFLICT specification

2025-02-15 18:43:33,456 - ERROR - Error processing batch (attempt 1/3): there is no unique or exclusion constraint matching the ON CONFLICT specification

2025-02-15 18:43:34,906 - ERROR - Error processing batch (attempt 2/3): there is no unique or exclusion constraint matching the ON CONFLICT specification

2025-02-15 18:43:35,287 - ERROR - Error processing batch (attempt 3/3): there is no unique or exclusion constraint matching the ON CONFLICT specification

2025-02-15 18:43:35,289 - ERROR - Error processing lemma agwadéro: there is no unique or exclusion constraint matching the ON CONFLICT specification

2025-02-15 18:43:36,760 - ERROR - Error processing batch (attempt 1/3): there is no unique or exclusion constraint matching the ON CONFLICT specification

2025-02-15 18:43:37,174 - ERROR - Error processing batch (attempt 2/3): there is no unique or exclusion constraint matching the ON CONFLICT specification

2025-02-15 18:43:38,249 - ERROR - Error processing batch (attempt 3/3): there is no unique or exclusion constraint matching the ON CONFLICT specification

2025-02-15 18:43:38,250 - ERROR - Error processing lemma agwádo: there is no unique or exclusion constraint matching the ON CONFLICT specification

