2025-02-16 12:46:17,632 - INFO - Attempting database connection...
2025-02-16 12:46:17,632 - INFO - Database configuration:
2025-02-16 12:46:17,632 - INFO -   Database Name: fil_dict_db
2025-02-16 12:46:17,633 - INFO -   User: postgres
2025-02-16 12:46:17,633 - INFO -   Host: localhost
2025-02-16 12:46:17,633 - INFO -   Password: ********
2025-02-16 12:46:17,666 - INFO - Successfully established database connection
2025-02-16 12:46:17,666 - INFO - Setting up PostgreSQL extensions...
2025-02-16 12:46:17,669 - INFO - Extension pg_trgm already installed
2025-02-16 12:46:17,672 - INFO - Extension unaccent already installed
2025-02-16 12:46:17,672 - INFO - Extension fuzzystrmatch already installed
2025-02-16 12:46:17,672 - INFO - Extension dict_xsyn already installed
2025-02-16 12:46:17,672 - INFO - Starting table creation/update process.
2025-02-16 12:46:17,813 - INFO - Standardizing source names...
2025-02-16 12:46:17,823 - INFO - Source names standardization completed
2025-02-16 12:46:17,823 - INFO - Tables created or updated successfully.
2025-02-16 12:46:17,834 - INFO - Processing Tagalog words from: data/tagalog-words.json
2025-02-16 12:46:18,638 - ERROR - Error processing batch (attempt 1/3): ON CONFLICT DO UPDATE command cannot affect row a second time
HINT:  Ensure that no rows proposed for insertion within the same command have duplicate constrained values.

2025-02-16 12:46:18,696 - ERROR - Error processing batch (attempt 2/3): ON CONFLICT DO UPDATE command cannot affect row a second time
HINT:  Ensure that no rows proposed for insertion within the same command have duplicate constrained values.

2025-02-16 12:46:18,749 - ERROR - Error processing batch (attempt 3/3): ON CONFLICT DO UPDATE command cannot affect row a second time
HINT:  Ensure that no rows proposed for insertion within the same command have duplicate constrained values.

2025-02-16 12:46:18,749 - ERROR - Error processing lemma condition: ON CONFLICT DO UPDATE command cannot affect row a second time
HINT:  Ensure that no rows proposed for insertion within the same command have duplicate constrained values.

2025-02-16 12:46:18,838 - ERROR - Error processing batch (attempt 1/3): syntax error in tsvector: "’day 'day"
LINE 3: ...VALUES ('’day', '''day', 'tl', 'diksiyonaryo.ph', '’day ''da...
                                                             ^

2025-02-16 12:46:18,851 - ERROR - Error processing batch (attempt 2/3): syntax error in tsvector: "’day 'day"
LINE 3: ...VALUES ('’day', '''day', 'tl', 'diksiyonaryo.ph', '’day ''da...
                                                             ^

2025-02-16 12:46:18,864 - ERROR - Error processing batch (attempt 3/3): syntax error in tsvector: "’day 'day"
LINE 3: ...VALUES ('’day', '''day', 'tl', 'diksiyonaryo.ph', '’day ''da...
                                                             ^

2025-02-16 12:46:18,865 - ERROR - Error processing lemma desgustádo: syntax error in tsvector: "’day 'day"
LINE 3: ...VALUES ('’day', '''day', 'tl', 'diksiyonaryo.ph', '’day ''da...
                                                             ^

2025-02-16 12:46:18,883 - ERROR - Error processing batch (attempt 1/3): syntax error in tsvector: "’day 'day"
LINE 3: ...VALUES ('’day', '''day', 'tl', 'diksiyonaryo.ph', '’day ''da...
                                                             ^

2025-02-16 12:46:18,899 - ERROR - Error processing batch (attempt 2/3): syntax error in tsvector: "’day 'day"
LINE 3: ...VALUES ('’day', '''day', 'tl', 'diksiyonaryo.ph', '’day ''da...
                                                             ^

2025-02-16 12:46:18,914 - ERROR - Error processing batch (attempt 3/3): syntax error in tsvector: "’day 'day"
LINE 3: ...VALUES ('’day', '''day', 'tl', 'diksiyonaryo.ph', '’day ''da...
                                                             ^

2025-02-16 12:46:18,915 - ERROR - Error processing lemma desgústo: syntax error in tsvector: "’day 'day"
LINE 3: ...VALUES ('’day', '''day', 'tl', 'diksiyonaryo.ph', '’day ''da...
                                                             ^

2025-02-16 12:46:18,931 - ERROR - Error processing batch (attempt 1/3): syntax error in tsvector: "’day 'day"
LINE 3: ...VALUES ('’day', '''day', 'tl', 'diksiyonaryo.ph', '’day ''da...
                                                             ^

2025-02-16 12:46:18,946 - ERROR - Error processing batch (attempt 2/3): syntax error in tsvector: "’day 'day"
LINE 3: ...VALUES ('’day', '''day', 'tl', 'diksiyonaryo.ph', '’day ''da...
                                                             ^

2025-02-16 12:46:18,961 - ERROR - Error processing batch (attempt 3/3): syntax error in tsvector: "’day 'day"
LINE 3: ...VALUES ('’day', '''day', 'tl', 'diksiyonaryo.ph', '’day ''da...
                                                             ^

2025-02-16 12:46:18,961 - ERROR - Error processing lemma dési-: syntax error in tsvector: "’day 'day"
LINE 3: ...VALUES ('’day', '''day', 'tl', 'diksiyonaryo.ph', '’day ''da...
                                                             ^

2025-02-16 12:46:18,977 - ERROR - Error processing batch (attempt 1/3): syntax error in tsvector: "’day 'day"
LINE 3: ...VALUES ('’day', '''day', 'tl', 'diksiyonaryo.ph', '’day ''da...
                                                             ^

2025-02-16 12:46:18,993 - ERROR - Error processing batch (attempt 2/3): syntax error in tsvector: "’day 'day"
LINE 3: ...VALUES ('’day', '''day', 'tl', 'diksiyonaryo.ph', '’day ''da...
                                                             ^

2025-02-16 12:46:19,008 - ERROR - Error processing batch (attempt 3/3): syntax error in tsvector: "’day 'day"
LINE 3: ...VALUES ('’day', '''day', 'tl', 'diksiyonaryo.ph', '’day ''da...
                                                             ^

2025-02-16 12:46:19,008 - ERROR - Error processing lemma desidé: syntax error in tsvector: "’day 'day"
LINE 3: ...VALUES ('’day', '''day', 'tl', 'diksiyonaryo.ph', '’day ''da...
                                                             ^

2025-02-16 12:46:19,025 - ERROR - Error processing batch (attempt 1/3): syntax error in tsvector: "’day 'day"
LINE 3: ...VALUES ('’day', '''day', 'tl', 'diksiyonaryo.ph', '’day ''da...
                                                             ^

2025-02-16 12:46:19,039 - ERROR - Error processing batch (attempt 2/3): syntax error in tsvector: "’day 'day"
LINE 3: ...VALUES ('’day', '''day', 'tl', 'diksiyonaryo.ph', '’day ''da...
                                                             ^

2025-02-16 12:46:19,053 - ERROR - Error processing batch (attempt 3/3): syntax error in tsvector: "’day 'day"
LINE 3: ...VALUES ('’day', '''day', 'tl', 'diksiyonaryo.ph', '’day ''da...
                                                             ^

2025-02-16 12:46:19,053 - ERROR - Error processing lemma desideráta: syntax error in tsvector: "’day 'day"
LINE 3: ...VALUES ('’day', '''day', 'tl', 'diksiyonaryo.ph', '’day ''da...
                                                             ^

2025-02-16 12:46:19,067 - ERROR - Error processing batch (attempt 1/3): syntax error in tsvector: "’day 'day"
LINE 3: ...VALUES ('’day', '''day', 'tl', 'diksiyonaryo.ph', '’day ''da...
                                                             ^

2025-02-16 12:46:19,081 - ERROR - Error processing batch (attempt 2/3): syntax error in tsvector: "’day 'day"
LINE 3: ...VALUES ('’day', '''day', 'tl', 'diksiyonaryo.ph', '’day ''da...
                                                             ^

2025-02-16 12:46:19,095 - ERROR - Error processing batch (attempt 3/3): syntax error in tsvector: "’day 'day"
LINE 3: ...VALUES ('’day', '''day', 'tl', 'diksiyonaryo.ph', '’day ''da...
                                                             ^

2025-02-16 12:46:19,096 - ERROR - Error processing lemma desiderátum: syntax error in tsvector: "’day 'day"
LINE 3: ...VALUES ('’day', '''day', 'tl', 'diksiyonaryo.ph', '’day ''da...
                                                             ^

2025-02-16 12:46:19,111 - ERROR - Error processing batch (attempt 1/3): syntax error in tsvector: "’day 'day"
LINE 3: ...VALUES ('’day', '''day', 'tl', 'diksiyonaryo.ph', '’day ''da...
                                                             ^

2025-02-16 12:46:19,128 - ERROR - Error processing batch (attempt 2/3): syntax error in tsvector: "’day 'day"
LINE 3: ...VALUES ('’day', '''day', 'tl', 'diksiyonaryo.ph', '’day ''da...
                                                             ^

2025-02-16 12:46:19,143 - ERROR - Error processing batch (attempt 3/3): syntax error in tsvector: "’day 'day"
LINE 3: ...VALUES ('’day', '''day', 'tl', 'diksiyonaryo.ph', '’day ''da...
                                                             ^

2025-02-16 12:46:19,143 - ERROR - Error processing lemma desidído: syntax error in tsvector: "’day 'day"
LINE 3: ...VALUES ('’day', '''day', 'tl', 'diksiyonaryo.ph', '’day ''da...
                                                             ^

2025-02-16 12:46:19,157 - ERROR - Error processing batch (attempt 1/3): syntax error in tsvector: "’day 'day"
LINE 3: ...VALUES ('’day', '''day', 'tl', 'diksiyonaryo.ph', '’day ''da...
                                                             ^

2025-02-16 12:46:19,172 - ERROR - Error processing batch (attempt 2/3): syntax error in tsvector: "’day 'day"
LINE 3: ...VALUES ('’day', '''day', 'tl', 'diksiyonaryo.ph', '’day ''da...
                                                             ^

2025-02-16 12:46:19,189 - ERROR - Error processing batch (attempt 3/3): syntax error in tsvector: "’day 'day"
LINE 3: ...VALUES ('’day', '''day', 'tl', 'diksiyonaryo.ph', '’day ''da...
                                                             ^

2025-02-16 12:46:19,189 - ERROR - Error processing lemma design: syntax error in tsvector: "’day 'day"
LINE 3: ...VALUES ('’day', '''day', 'tl', 'diksiyonaryo.ph', '’day ''da...
                                                             ^

2025-02-16 12:46:19,206 - ERROR - Error processing batch (attempt 1/3): syntax error in tsvector: "’day 'day"
LINE 3: ...VALUES ('’day', '''day', 'tl', 'diksiyonaryo.ph', '’day ''da...
                                                             ^

2025-02-16 12:46:19,222 - ERROR - Error processing batch (attempt 2/3): syntax error in tsvector: "’day 'day"
LINE 3: ...VALUES ('’day', '''day', 'tl', 'diksiyonaryo.ph', '’day ''da...
                                                             ^

2025-02-16 12:46:19,237 - ERROR - Error processing batch (attempt 3/3): syntax error in tsvector: "’day 'day"
LINE 3: ...VALUES ('’day', '''day', 'tl', 'diksiyonaryo.ph', '’day ''da...
                                                             ^

2025-02-16 12:46:19,237 - ERROR - Error processing lemma designasyón: syntax error in tsvector: "’day 'day"
LINE 3: ...VALUES ('’day', '''day', 'tl', 'diksiyonaryo.ph', '’day ''da...
                                                             ^

2025-02-16 12:46:19,253 - ERROR - Error processing batch (attempt 1/3): syntax error in tsvector: "’day 'day"
LINE 3: ...VALUES ('’day', '''day', 'tl', 'diksiyonaryo.ph', '’day ''da...
                                                             ^

2025-02-16 12:46:19,269 - ERROR - Error processing batch (attempt 2/3): syntax error in tsvector: "’day 'day"
LINE 3: ...VALUES ('’day', '''day', 'tl', 'diksiyonaryo.ph', '’day ''da...
                                                             ^

2025-02-16 12:46:19,286 - ERROR - Error processing batch (attempt 3/3): syntax error in tsvector: "’day 'day"
LINE 3: ...VALUES ('’day', '''day', 'tl', 'diksiyonaryo.ph', '’day ''da...
                                                             ^

2025-02-16 12:46:19,286 - ERROR - Error processing lemma designation: syntax error in tsvector: "’day 'day"
LINE 3: ...VALUES ('’day', '''day', 'tl', 'diksiyonaryo.ph', '’day ''da...
                                                             ^

2025-02-16 12:46:19,301 - ERROR - Error processing batch (attempt 1/3): syntax error in tsvector: "’day 'day"
LINE 3: ...VALUES ('’day', '''day', 'tl', 'diksiyonaryo.ph', '’day ''da...
                                                             ^

2025-02-16 12:46:19,315 - ERROR - Error processing batch (attempt 2/3): syntax error in tsvector: "’day 'day"
LINE 3: ...VALUES ('’day', '''day', 'tl', 'diksiyonaryo.ph', '’day ''da...
                                                             ^

2025-02-16 12:46:19,331 - ERROR - Error processing batch (attempt 3/3): syntax error in tsvector: "’day 'day"
LINE 3: ...VALUES ('’day', '''day', 'tl', 'diksiyonaryo.ph', '’day ''da...
                                                             ^

2025-02-16 12:46:19,331 - ERROR - Error processing lemma désigrámo: syntax error in tsvector: "’day 'day"
LINE 3: ...VALUES ('’day', '''day', 'tl', 'diksiyonaryo.ph', '’day ''da...
                                                             ^

2025-02-16 12:46:19,346 - ERROR - Error processing batch (attempt 1/3): syntax error in tsvector: "’day 'day"
LINE 3: ...VALUES ('’day', '''day', 'tl', 'diksiyonaryo.ph', '’day ''da...
                                                             ^

2025-02-16 12:46:19,360 - ERROR - Error processing batch (attempt 2/3): syntax error in tsvector: "’day 'day"
LINE 3: ...VALUES ('’day', '''day', 'tl', 'diksiyonaryo.ph', '’day ''da...
                                                             ^

2025-02-16 12:46:19,374 - ERROR - Error processing batch (attempt 3/3): syntax error in tsvector: "’day 'day"
LINE 3: ...VALUES ('’day', '''day', 'tl', 'diksiyonaryo.ph', '’day ''da...
                                                             ^

2025-02-16 12:46:19,374 - ERROR - Error processing lemma désilítro: syntax error in tsvector: "’day 'day"
LINE 3: ...VALUES ('’day', '''day', 'tl', 'diksiyonaryo.ph', '’day ''da...
                                                             ^

2025-02-16 12:46:19,390 - ERROR - Error processing batch (attempt 1/3): syntax error in tsvector: "’day 'day"
LINE 3: ...VALUES ('’day', '''day', 'tl', 'diksiyonaryo.ph', '’day ''da...
                                                             ^

2025-02-16 12:46:19,405 - ERROR - Error processing batch (attempt 2/3): syntax error in tsvector: "’day 'day"
LINE 3: ...VALUES ('’day', '''day', 'tl', 'diksiyonaryo.ph', '’day ''da...
                                                             ^

2025-02-16 12:46:19,419 - ERROR - Error processing batch (attempt 3/3): syntax error in tsvector: "’day 'day"
LINE 3: ...VALUES ('’day', '''day', 'tl', 'diksiyonaryo.ph', '’day ''da...
                                                             ^

2025-02-16 12:46:19,419 - ERROR - Error processing lemma des-ilusyón: syntax error in tsvector: "’day 'day"
LINE 3: ...VALUES ('’day', '''day', 'tl', 'diksiyonaryo.ph', '’day ''da...
                                                             ^

2025-02-16 12:46:19,434 - ERROR - Error processing batch (attempt 1/3): syntax error in tsvector: "’day 'day"
LINE 3: ...VALUES ('’day', '''day', 'tl', 'diksiyonaryo.ph', '’day ''da...
                                                             ^

2025-02-16 12:46:19,449 - ERROR - Error processing batch (attempt 2/3): syntax error in tsvector: "’day 'day"
LINE 3: ...VALUES ('’day', '''day', 'tl', 'diksiyonaryo.ph', '’day ''da...
                                                             ^

2025-02-16 12:46:19,463 - ERROR - Error processing batch (attempt 3/3): syntax error in tsvector: "’day 'day"
LINE 3: ...VALUES ('’day', '''day', 'tl', 'diksiyonaryo.ph', '’day ''da...
                                                             ^

2025-02-16 12:46:19,464 - ERROR - Error processing lemma désimál: syntax error in tsvector: "’day 'day"
LINE 3: ...VALUES ('’day', '''day', 'tl', 'diksiyonaryo.ph', '’day ''da...
                                                             ^

2025-02-16 12:46:19,477 - ERROR - Error processing batch (attempt 1/3): syntax error in tsvector: "’day 'day"
LINE 3: ...VALUES ('’day', '''day', 'tl', 'diksiyonaryo.ph', '’day ''da...
                                                             ^

2025-02-16 12:46:19,490 - ERROR - Error processing batch (attempt 2/3): syntax error in tsvector: "’day 'day"
LINE 3: ...VALUES ('’day', '''day', 'tl', 'diksiyonaryo.ph', '’day ''da...
                                                             ^

2025-02-16 12:46:19,504 - ERROR - Error processing batch (attempt 3/3): syntax error in tsvector: "’day 'day"
LINE 3: ...VALUES ('’day', '''day', 'tl', 'diksiyonaryo.ph', '’day ''da...
                                                             ^

2025-02-16 12:46:19,505 - ERROR - Error processing lemma desímetró: syntax error in tsvector: "’day 'day"
LINE 3: ...VALUES ('’day', '''day', 'tl', 'diksiyonaryo.ph', '’day ''da...
                                                             ^

2025-02-16 12:46:19,519 - ERROR - Error processing batch (attempt 1/3): syntax error in tsvector: "’day 'day"
LINE 3: ...VALUES ('’day', '''day', 'tl', 'diksiyonaryo.ph', '’day ''da...
                                                             ^

2025-02-16 12:46:19,534 - ERROR - Error processing batch (attempt 2/3): syntax error in tsvector: "’day 'day"
LINE 3: ...VALUES ('’day', '''day', 'tl', 'diksiyonaryo.ph', '’day ''da...
                                                             ^

2025-02-16 12:46:19,548 - ERROR - Error processing batch (attempt 3/3): syntax error in tsvector: "’day 'day"
LINE 3: ...VALUES ('’day', '''day', 'tl', 'diksiyonaryo.ph', '’day ''da...
                                                             ^

2025-02-16 12:46:19,548 - ERROR - Error processing lemma des-impeksiyón: syntax error in tsvector: "’day 'day"
LINE 3: ...VALUES ('’day', '''day', 'tl', 'diksiyonaryo.ph', '’day ''da...
                                                             ^

2025-02-16 12:46:19,563 - ERROR - Error processing batch (attempt 1/3): syntax error in tsvector: "’day 'day"
LINE 3: ...VALUES ('’day', '''day', 'tl', 'diksiyonaryo.ph', '’day ''da...
                                                             ^

2025-02-16 12:46:19,578 - ERROR - Error processing batch (attempt 2/3): syntax error in tsvector: "’day 'day"
LINE 3: ...VALUES ('’day', '''day', 'tl', 'diksiyonaryo.ph', '’day ''da...
                                                             ^

2025-02-16 12:46:19,592 - ERROR - Error processing batch (attempt 3/3): syntax error in tsvector: "’day 'day"
LINE 3: ...VALUES ('’day', '''day', 'tl', 'diksiyonaryo.ph', '’day ''da...
                                                             ^

2025-02-16 12:46:19,592 - ERROR - Error processing lemma des-impektá: syntax error in tsvector: "’day 'day"
LINE 3: ...VALUES ('’day', '''day', 'tl', 'diksiyonaryo.ph', '’day ''da...
                                                             ^

2025-02-16 12:46:19,608 - ERROR - Error processing batch (attempt 1/3): syntax error in tsvector: "’day 'day"
LINE 3: ...VALUES ('’day', '''day', 'tl', 'diksiyonaryo.ph', '’day ''da...
                                                             ^

2025-02-16 12:46:19,622 - ERROR - Error processing batch (attempt 2/3): syntax error in tsvector: "’day 'day"
LINE 3: ...VALUES ('’day', '''day', 'tl', 'diksiyonaryo.ph', '’day ''da...
                                                             ^

2025-02-16 12:46:19,636 - ERROR - Error processing batch (attempt 3/3): syntax error in tsvector: "’day 'day"
LINE 3: ...VALUES ('’day', '''day', 'tl', 'diksiyonaryo.ph', '’day ''da...
                                                             ^

2025-02-16 12:46:19,636 - ERROR - Error processing lemma des-impektánte: syntax error in tsvector: "’day 'day"
LINE 3: ...VALUES ('’day', '''day', 'tl', 'diksiyonaryo.ph', '’day ''da...
                                                             ^

2025-02-16 12:46:19,650 - ERROR - Error processing batch (attempt 1/3): syntax error in tsvector: "’day 'day"
LINE 3: ...VALUES ('’day', '''day', 'tl', 'diksiyonaryo.ph', '’day ''da...
                                                             ^

2025-02-16 12:46:19,665 - ERROR - Error processing batch (attempt 2/3): syntax error in tsvector: "’day 'day"
LINE 3: ...VALUES ('’day', '''day', 'tl', 'diksiyonaryo.ph', '’day ''da...
                                                             ^

2025-02-16 12:46:19,680 - ERROR - Error processing batch (attempt 3/3): syntax error in tsvector: "’day 'day"
LINE 3: ...VALUES ('’day', '''day', 'tl', 'diksiyonaryo.ph', '’day ''da...
                                                             ^

2025-02-16 12:46:19,680 - ERROR - Error processing lemma des-interesádo: syntax error in tsvector: "’day 'day"
LINE 3: ...VALUES ('’day', '''day', 'tl', 'diksiyonaryo.ph', '’day ''da...
                                                             ^

2025-02-16 12:46:19,694 - ERROR - Error processing batch (attempt 1/3): syntax error in tsvector: "’day 'day"
LINE 3: ...VALUES ('’day', '''day', 'tl', 'diksiyonaryo.ph', '’day ''da...
                                                             ^

2025-02-16 12:46:19,710 - ERROR - Error processing batch (attempt 2/3): syntax error in tsvector: "’day 'day"
LINE 3: ...VALUES ('’day', '''day', 'tl', 'diksiyonaryo.ph', '’day ''da...
                                                             ^

2025-02-16 12:46:19,725 - ERROR - Error processing batch (attempt 3/3): syntax error in tsvector: "’day 'day"
LINE 3: ...VALUES ('’day', '''day', 'tl', 'diksiyonaryo.ph', '’day ''da...
                                                             ^

2025-02-16 12:46:19,725 - ERROR - Error processing lemma desíntunádo: syntax error in tsvector: "’day 'day"
LINE 3: ...VALUES ('’day', '''day', 'tl', 'diksiyonaryo.ph', '’day ''da...
                                                             ^

2025-02-16 12:46:19,739 - ERROR - Error processing batch (attempt 1/3): syntax error in tsvector: "’day 'day"
LINE 3: ...VALUES ('’day', '''day', 'tl', 'diksiyonaryo.ph', '’day ''da...
                                                             ^

2025-02-16 12:46:19,753 - ERROR - Error processing batch (attempt 2/3): syntax error in tsvector: "’day 'day"
LINE 3: ...VALUES ('’day', '''day', 'tl', 'diksiyonaryo.ph', '’day ''da...
                                                             ^

2025-02-16 12:46:19,767 - ERROR - Error processing batch (attempt 3/3): syntax error in tsvector: "’day 'day"
LINE 3: ...VALUES ('’day', '''day', 'tl', 'diksiyonaryo.ph', '’day ''da...
                                                             ^

2025-02-16 12:46:19,767 - ERROR - Error processing lemma desire: syntax error in tsvector: "’day 'day"
LINE 3: ...VALUES ('’day', '''day', 'tl', 'diksiyonaryo.ph', '’day ''da...
                                                             ^

2025-02-16 12:46:19,780 - ERROR - Error processing batch (attempt 1/3): syntax error in tsvector: "’day 'day"
LINE 3: ...VALUES ('’day', '''day', 'tl', 'diksiyonaryo.ph', '’day ''da...
                                                             ^

2025-02-16 12:46:19,794 - ERROR - Error processing batch (attempt 2/3): syntax error in tsvector: "’day 'day"
LINE 3: ...VALUES ('’day', '''day', 'tl', 'diksiyonaryo.ph', '’day ''da...
                                                             ^

2025-02-16 12:46:19,807 - ERROR - Error processing batch (attempt 3/3): syntax error in tsvector: "’day 'day"
LINE 3: ...VALUES ('’day', '''day', 'tl', 'diksiyonaryo.ph', '’day ''da...
                                                             ^

2025-02-16 12:46:19,807 - ERROR - Error processing lemma desisíbo: syntax error in tsvector: "’day 'day"
LINE 3: ...VALUES ('’day', '''day', 'tl', 'diksiyonaryo.ph', '’day ''da...
                                                             ^

2025-02-16 12:46:19,822 - ERROR - Error processing batch (attempt 1/3): syntax error in tsvector: "’day 'day"
LINE 3: ...VALUES ('’day', '''day', 'tl', 'diksiyonaryo.ph', '’day ''da...
                                                             ^

2025-02-16 12:46:19,835 - ERROR - Error processing batch (attempt 2/3): syntax error in tsvector: "’day 'day"
LINE 3: ...VALUES ('’day', '''day', 'tl', 'diksiyonaryo.ph', '’day ''da...
                                                             ^

2025-02-16 12:46:19,851 - ERROR - Error processing batch (attempt 3/3): syntax error in tsvector: "’day 'day"
LINE 3: ...VALUES ('’day', '''day', 'tl', 'diksiyonaryo.ph', '’day ''da...
                                                             ^

2025-02-16 12:46:19,851 - ERROR - Error processing lemma desisyón: syntax error in tsvector: "’day 'day"
LINE 3: ...VALUES ('’day', '''day', 'tl', 'diksiyonaryo.ph', '’day ''da...
                                                             ^

2025-02-16 12:46:19,871 - ERROR - Error processing batch (attempt 1/3): syntax error in tsvector: "’day 'day"
LINE 3: ...VALUES ('’day', '''day', 'tl', 'diksiyonaryo.ph', '’day ''da...
                                                             ^

2025-02-16 12:46:19,891 - ERROR - Error processing batch (attempt 2/3): syntax error in tsvector: "’day 'day"
LINE 3: ...VALUES ('’day', '''day', 'tl', 'diksiyonaryo.ph', '’day ''da...
                                                             ^

2025-02-16 12:46:19,907 - ERROR - Error processing batch (attempt 3/3): syntax error in tsvector: "’day 'day"
LINE 3: ...VALUES ('’day', '''day', 'tl', 'diksiyonaryo.ph', '’day ''da...
                                                             ^

2025-02-16 12:46:19,907 - ERROR - Error processing lemma desk: syntax error in tsvector: "’day 'day"
LINE 3: ...VALUES ('’day', '''day', 'tl', 'diksiyonaryo.ph', '’day ''da...
                                                             ^

2025-02-16 12:46:19,921 - ERROR - Error processing batch (attempt 1/3): syntax error in tsvector: "’day 'day"
LINE 3: ...VALUES ('’day', '''day', 'tl', 'diksiyonaryo.ph', '’day ''da...
                                                             ^

2025-02-16 12:46:19,935 - ERROR - Error processing batch (attempt 2/3): syntax error in tsvector: "’day 'day"
LINE 3: ...VALUES ('’day', '''day', 'tl', 'diksiyonaryo.ph', '’day ''da...
                                                             ^

2025-02-16 12:46:19,948 - ERROR - Error processing batch (attempt 3/3): syntax error in tsvector: "’day 'day"
LINE 3: ...VALUES ('’day', '''day', 'tl', 'diksiyonaryo.ph', '’day ''da...
                                                             ^

2025-02-16 12:46:19,949 - ERROR - Error processing lemma deskalipikádo: syntax error in tsvector: "’day 'day"
LINE 3: ...VALUES ('’day', '''day', 'tl', 'diksiyonaryo.ph', '’day ''da...
                                                             ^

2025-02-16 12:46:19,962 - ERROR - Error processing batch (attempt 1/3): syntax error in tsvector: "’day 'day"
LINE 3: ...VALUES ('’day', '''day', 'tl', 'diksiyonaryo.ph', '’day ''da...
                                                             ^

2025-02-16 12:46:19,975 - ERROR - Error processing batch (attempt 2/3): syntax error in tsvector: "’day 'day"
LINE 3: ...VALUES ('’day', '''day', 'tl', 'diksiyonaryo.ph', '’day ''da...
                                                             ^

2025-02-16 12:46:19,989 - ERROR - Error processing batch (attempt 3/3): syntax error in tsvector: "’day 'day"
LINE 3: ...VALUES ('’day', '''day', 'tl', 'diksiyonaryo.ph', '’day ''da...
                                                             ^

2025-02-16 12:46:19,989 - ERROR - Error processing lemma deskalipikasyón: syntax error in tsvector: "’day 'day"
LINE 3: ...VALUES ('’day', '''day', 'tl', 'diksiyonaryo.ph', '’day ''da...
                                                             ^

2025-02-16 12:46:20,005 - ERROR - Error processing batch (attempt 1/3): syntax error in tsvector: "’day 'day"
LINE 3: ...VALUES ('’day', '''day', 'tl', 'diksiyonaryo.ph', '’day ''da...
                                                             ^

2025-02-16 12:46:20,023 - ERROR - Error processing batch (attempt 2/3): syntax error in tsvector: "’day 'day"
LINE 3: ...VALUES ('’day', '''day', 'tl', 'diksiyonaryo.ph', '’day ''da...
                                                             ^

2025-02-16 12:46:20,043 - ERROR - Error processing batch (attempt 3/3): syntax error in tsvector: "’day 'day"
LINE 3: ...VALUES ('’day', '''day', 'tl', 'diksiyonaryo.ph', '’day ''da...
                                                             ^

2025-02-16 12:46:20,044 - ERROR - Error processing lemma deskálso: syntax error in tsvector: "’day 'day"
LINE 3: ...VALUES ('’day', '''day', 'tl', 'diksiyonaryo.ph', '’day ''da...
                                                             ^

2025-02-16 12:46:20,060 - ERROR - Error processing batch (attempt 1/3): syntax error in tsvector: "’day 'day"
LINE 3: ...VALUES ('’day', '''day', 'tl', 'diksiyonaryo.ph', '’day ''da...
                                                             ^

2025-02-16 12:46:20,076 - ERROR - Error processing batch (attempt 2/3): syntax error in tsvector: "’day 'day"
LINE 3: ...VALUES ('’day', '''day', 'tl', 'diksiyonaryo.ph', '’day ''da...
                                                             ^

2025-02-16 12:46:20,093 - ERROR - Error processing batch (attempt 3/3): syntax error in tsvector: "’day 'day"
LINE 3: ...VALUES ('’day', '''day', 'tl', 'diksiyonaryo.ph', '’day ''da...
                                                             ^

2025-02-16 12:46:20,093 - ERROR - Error processing lemma deskansádo: syntax error in tsvector: "’day 'day"
LINE 3: ...VALUES ('’day', '''day', 'tl', 'diksiyonaryo.ph', '’day ''da...
                                                             ^

2025-02-16 12:46:20,109 - ERROR - Error processing batch (attempt 1/3): syntax error in tsvector: "’day 'day"
LINE 3: ...VALUES ('’day', '''day', 'tl', 'diksiyonaryo.ph', '’day ''da...
                                                             ^

2025-02-16 12:46:20,125 - ERROR - Error processing batch (attempt 2/3): syntax error in tsvector: "’day 'day"
LINE 3: ...VALUES ('’day', '''day', 'tl', 'diksiyonaryo.ph', '’day ''da...
                                                             ^

2025-02-16 12:46:20,141 - ERROR - Error processing batch (attempt 3/3): syntax error in tsvector: "’day 'day"
LINE 3: ...VALUES ('’day', '''day', 'tl', 'diksiyonaryo.ph', '’day ''da...
                                                             ^

2025-02-16 12:46:20,141 - ERROR - Error processing lemma deskánso: syntax error in tsvector: "’day 'day"
LINE 3: ...VALUES ('’day', '''day', 'tl', 'diksiyonaryo.ph', '’day ''da...
                                                             ^

2025-02-16 12:46:20,157 - ERROR - Error processing batch (attempt 1/3): syntax error in tsvector: "’day 'day"
LINE 3: ...VALUES ('’day', '''day', 'tl', 'diksiyonaryo.ph', '’day ''da...
                                                             ^

2025-02-16 12:46:20,172 - ERROR - Error processing batch (attempt 2/3): syntax error in tsvector: "’day 'day"
LINE 3: ...VALUES ('’day', '''day', 'tl', 'diksiyonaryo.ph', '’day ''da...
                                                             ^

2025-02-16 12:46:20,188 - ERROR - Error processing batch (attempt 3/3): syntax error in tsvector: "’day 'day"
LINE 3: ...VALUES ('’day', '''day', 'tl', 'diksiyonaryo.ph', '’day ''da...
                                                             ^

2025-02-16 12:46:20,188 - ERROR - Error processing lemma deskargá: syntax error in tsvector: "’day 'day"
LINE 3: ...VALUES ('’day', '''day', 'tl', 'diksiyonaryo.ph', '’day ''da...
                                                             ^

2025-02-16 12:46:20,203 - ERROR - Error processing batch (attempt 1/3): syntax error in tsvector: "’day 'day"
LINE 3: ...VALUES ('’day', '''day', 'tl', 'diksiyonaryo.ph', '’day ''da...
                                                             ^

2025-02-16 12:46:20,217 - ERROR - Error processing batch (attempt 2/3): syntax error in tsvector: "’day 'day"
LINE 3: ...VALUES ('’day', '''day', 'tl', 'diksiyonaryo.ph', '’day ''da...
                                                             ^

2025-02-16 12:46:20,233 - ERROR - Error processing batch (attempt 3/3): syntax error in tsvector: "’day 'day"
LINE 3: ...VALUES ('’day', '''day', 'tl', 'diksiyonaryo.ph', '’day ''da...
                                                             ^

2025-02-16 12:46:20,233 - ERROR - Error processing lemma deskargádo: syntax error in tsvector: "’day 'day"
LINE 3: ...VALUES ('’day', '''day', 'tl', 'diksiyonaryo.ph', '’day ''da...
                                                             ^

2025-02-16 12:46:20,248 - ERROR - Error processing batch (attempt 1/3): syntax error in tsvector: "’day 'day"
LINE 3: ...VALUES ('’day', '''day', 'tl', 'diksiyonaryo.ph', '’day ''da...
                                                             ^

2025-02-16 12:46:20,263 - ERROR - Error processing batch (attempt 2/3): syntax error in tsvector: "’day 'day"
LINE 3: ...VALUES ('’day', '''day', 'tl', 'diksiyonaryo.ph', '’day ''da...
                                                             ^

2025-02-16 12:46:20,278 - ERROR - Error processing batch (attempt 3/3): syntax error in tsvector: "’day 'day"
LINE 3: ...VALUES ('’day', '''day', 'tl', 'diksiyonaryo.ph', '’day ''da...
                                                             ^

2025-02-16 12:46:20,278 - ERROR - Error processing lemma deskárgo: syntax error in tsvector: "’day 'day"
LINE 3: ...VALUES ('’day', '''day', 'tl', 'diksiyonaryo.ph', '’day ''da...
                                                             ^

2025-02-16 12:46:20,292 - ERROR - Error processing batch (attempt 1/3): syntax error in tsvector: "’day 'day"
LINE 3: ...VALUES ('’day', '''day', 'tl', 'diksiyonaryo.ph', '’day ''da...
                                                             ^

2025-02-16 12:46:20,306 - ERROR - Error processing batch (attempt 2/3): syntax error in tsvector: "’day 'day"
LINE 3: ...VALUES ('’day', '''day', 'tl', 'diksiyonaryo.ph', '’day ''da...
                                                             ^

2025-02-16 12:46:20,320 - ERROR - Error processing batch (attempt 3/3): syntax error in tsvector: "’day 'day"
LINE 3: ...VALUES ('’day', '''day', 'tl', 'diksiyonaryo.ph', '’day ''da...
                                                             ^

2025-02-16 12:46:20,321 - ERROR - Error processing lemma deskaríl: syntax error in tsvector: "’day 'day"
LINE 3: ...VALUES ('’day', '''day', 'tl', 'diksiyonaryo.ph', '’day ''da...
                                                             ^

2025-02-16 12:46:20,334 - ERROR - Error processing batch (attempt 1/3): syntax error in tsvector: "’day 'day"
LINE 3: ...VALUES ('’day', '''day', 'tl', 'diksiyonaryo.ph', '’day ''da...
                                                             ^

2025-02-16 12:46:20,350 - ERROR - Error processing batch (attempt 2/3): syntax error in tsvector: "’day 'day"
LINE 3: ...VALUES ('’day', '''day', 'tl', 'diksiyonaryo.ph', '’day ''da...
                                                             ^

2025-02-16 12:46:20,364 - ERROR - Error processing batch (attempt 3/3): syntax error in tsvector: "’day 'day"
LINE 3: ...VALUES ('’day', '''day', 'tl', 'diksiyonaryo.ph', '’day ''da...
                                                             ^

2025-02-16 12:46:20,365 - ERROR - Error processing lemma deskárte: syntax error in tsvector: "’day 'day"
LINE 3: ...VALUES ('’day', '''day', 'tl', 'diksiyonaryo.ph', '’day ''da...
                                                             ^

2025-02-16 12:46:20,377 - ERROR - Error processing batch (attempt 1/3): syntax error in tsvector: "’day 'day"
LINE 3: ...VALUES ('’day', '''day', 'tl', 'diksiyonaryo.ph', '’day ''da...
                                                             ^

2025-02-16 12:46:20,390 - ERROR - Error processing batch (attempt 2/3): syntax error in tsvector: "’day 'day"
LINE 3: ...VALUES ('’day', '''day', 'tl', 'diksiyonaryo.ph', '’day ''da...
                                                             ^

2025-02-16 12:46:20,405 - ERROR - Error processing batch (attempt 3/3): syntax error in tsvector: "’day 'day"
LINE 3: ...VALUES ('’day', '''day', 'tl', 'diksiyonaryo.ph', '’day ''da...
                                                             ^

2025-02-16 12:46:20,405 - ERROR - Error processing lemma desklabadór: syntax error in tsvector: "’day 'day"
LINE 3: ...VALUES ('’day', '''day', 'tl', 'diksiyonaryo.ph', '’day ''da...
                                                             ^

2025-02-16 12:46:20,420 - ERROR - Error processing batch (attempt 1/3): syntax error in tsvector: "’day 'day"
LINE 3: ...VALUES ('’day', '''day', 'tl', 'diksiyonaryo.ph', '’day ''da...
                                                             ^

2025-02-16 12:46:20,435 - ERROR - Error processing batch (attempt 2/3): syntax error in tsvector: "’day 'day"
LINE 3: ...VALUES ('’day', '''day', 'tl', 'diksiyonaryo.ph', '’day ''da...
                                                             ^

2025-02-16 12:46:20,449 - ERROR - Error processing batch (attempt 3/3): syntax error in tsvector: "’day 'day"
LINE 3: ...VALUES ('’day', '''day', 'tl', 'diksiyonaryo.ph', '’day ''da...
                                                             ^

2025-02-16 12:46:20,450 - ERROR - Error processing lemma deskolorído: syntax error in tsvector: "’day 'day"
LINE 3: ...VALUES ('’day', '''day', 'tl', 'diksiyonaryo.ph', '’day ''da...
                                                             ^

2025-02-16 12:46:20,464 - ERROR - Error processing batch (attempt 1/3): syntax error in tsvector: "’day 'day"
LINE 3: ...VALUES ('’day', '''day', 'tl', 'diksiyonaryo.ph', '’day ''da...
                                                             ^

2025-02-16 12:46:20,479 - ERROR - Error processing batch (attempt 2/3): syntax error in tsvector: "’day 'day"
LINE 3: ...VALUES ('’day', '''day', 'tl', 'diksiyonaryo.ph', '’day ''da...
                                                             ^

2025-02-16 12:46:20,494 - ERROR - Error processing batch (attempt 3/3): syntax error in tsvector: "’day 'day"
LINE 3: ...VALUES ('’day', '''day', 'tl', 'diksiyonaryo.ph', '’day ''da...
                                                             ^

2025-02-16 12:46:20,494 - ERROR - Error processing lemma deskomodidád: syntax error in tsvector: "’day 'day"
LINE 3: ...VALUES ('’day', '''day', 'tl', 'diksiyonaryo.ph', '’day ''da...
                                                             ^

2025-02-16 12:46:20,508 - ERROR - Error processing batch (attempt 1/3): syntax error in tsvector: "’day 'day"
LINE 3: ...VALUES ('’day', '''day', 'tl', 'diksiyonaryo.ph', '’day ''da...
                                                             ^

2025-02-16 12:46:20,525 - ERROR - Error processing batch (attempt 2/3): syntax error in tsvector: "’day 'day"
LINE 3: ...VALUES ('’day', '''day', 'tl', 'diksiyonaryo.ph', '’day ''da...
                                                             ^

