2025-03-24 19:20:12,345 - INFO - Starting table creation/update process.
2025-03-24 19:20:13,588 - INFO - Tables created or updated successfully.
2025-03-24 19:20:13,588 - INFO - Setting up PostgreSQL extensions...
2025-03-24 19:20:13,589 - INFO - Extension pg_trgm already installed
2025-03-24 19:20:13,590 - INFO - Extension unaccent already installed
2025-03-24 19:20:13,590 - INFO - Extension fuzzystrmatch already installed
2025-03-24 19:20:13,591 - INFO - Extension dict_xsyn already installed
2025-03-24 19:20:13,591 - INFO - Cleared any existing transactions
2025-03-24 19:20:13,615 - ERROR - Error processing source root-words-cleaned: 'list' object has no attribute 'items'
2025-03-24 19:20:13,617 - INFO - Processing Tagalog words from: data\tagalog-words.json
2025-03-24 19:20:13,617 - INFO - Found 3 dictionary-style entries
2025-03-24 19:20:13,618 - INFO - Creating 3 words...
2025-03-24 19:20:13,626 - INFO - Successfully created/found 3 words
2025-03-24 19:20:13,683 - ERROR - Failed to process data\tagalog-words.json: set_session cannot be used inside a transaction
2025-03-24 19:20:13,683 - ERROR - Error processing source tagalog-words: set_session cannot be used inside a transaction
2025-03-24 19:20:13,700 - ERROR - Error processing source kwf-dictionary: string indices must be integers, not 'str'
2025-03-24 19:20:13,706 - INFO - Processing Kaikki entries from: data\kaikki-tl.jsonl
2025-03-24 19:20:13,709 - WARNING - Failed to create savepoint in get_or_create_word_id: SAVEPOINT can only be used in transaction blocks

2025-03-24 19:20:13,710 - WARNING - Failed to release savepoint in get_or_create_word_id: RELEASE SAVEPOINT can only be used in transaction blocks

2025-03-24 19:20:13,710 - WARNING - Failed to create savepoint in insert_definition: SAVEPOINT can only be used in transaction blocks

2025-03-24 19:20:13,711 - WARNING - Failed to release savepoint in insert_definition: RELEASE SAVEPOINT can only be used in transaction blocks

2025-03-24 19:20:13,712 - WARNING - Failed to create savepoint in get_or_create_word_id: SAVEPOINT can only be used in transaction blocks

2025-03-24 19:20:13,713 - WARNING - Failed to release savepoint in get_or_create_word_id: RELEASE SAVEPOINT can only be used in transaction blocks

2025-03-24 19:20:13,714 - WARNING - Failed to create savepoint in insert_definition: SAVEPOINT can only be used in transaction blocks

2025-03-24 19:20:13,715 - WARNING - Failed to release savepoint in insert_definition: RELEASE SAVEPOINT can only be used in transaction blocks

2025-03-24 19:20:13,715 - WARNING - Failed to create savepoint in get_or_create_word_id: SAVEPOINT can only be used in transaction blocks

2025-03-24 19:20:13,716 - WARNING - Failed to release savepoint in get_or_create_word_id: RELEASE SAVEPOINT can only be used in transaction blocks

2025-03-24 19:20:13,717 - WARNING - Failed to create savepoint in insert_definition: SAVEPOINT can only be used in transaction blocks

2025-03-24 19:20:13,718 - WARNING - Failed to release savepoint in insert_definition: RELEASE SAVEPOINT can only be used in transaction blocks

2025-03-24 19:20:13,719 - WARNING - Failed to create savepoint in insert_definition: SAVEPOINT can only be used in transaction blocks

2025-03-24 19:20:13,720 - WARNING - Failed to release savepoint in insert_definition: RELEASE SAVEPOINT can only be used in transaction blocks

2025-03-24 19:20:13,720 - WARNING - Failed to create savepoint for relation: SAVEPOINT can only be used in transaction blocks

2025-03-24 19:20:13,720 - WARNING - Failed to create savepoint for relation: SAVEPOINT can only be used in transaction blocks

2025-03-24 19:20:13,721 - INFO - Processed 3 entries from Kaikki.org with 0 errors
2025-03-24 19:20:13,722 - INFO - Starting dictionary cleanup process...
2025-03-24 19:20:13,726 - INFO - Dictionary cleanup complete.
2025-03-24 19:20:13,728 - INFO - Baybayin data cleanup completed successfully
