2025-02-15 18:37:31,973 - INFO - Attempting database connection...
2025-02-15 18:37:32,009 - INFO - Database configuration:
2025-02-15 18:37:32,037 - INFO -   Database Name: fil_dict_db
2025-02-15 18:37:32,077 - INFO -   User: postgres
2025-02-15 18:37:32,136 - INFO -   Host: localhost
2025-02-15 18:37:32,391 - INFO -   Password: ********
2025-02-15 18:37:33,224 - INFO - Successfully established database connection
2025-02-15 18:37:33,225 - INFO - Setting up PostgreSQL extensions...
2025-02-15 18:37:33,226 - INFO - Checking extension: pg_trgm
2025-02-15 18:37:33,241 - INFO - Extension already installed: pg_trgm
2025-02-15 18:37:33,242 - INFO - Checking extension: unaccent
2025-02-15 18:37:33,244 - INFO - Extension already installed: unaccent
2025-02-15 18:37:33,245 - INFO - Checking extension: fuzzystrmatch
2025-02-15 18:37:33,247 - INFO - Extension already installed: fuzzystrmatch
2025-02-15 18:37:33,249 - INFO - Extensions setup completed
2025-02-15 18:37:33,250 - INFO - Starting table creation/update process.
2025-02-15 18:37:34,122 - INFO - Standardizing source names...
2025-02-15 18:37:34,165 - INFO - Source names standardization completed
2025-02-15 18:37:34,183 - INFO - Tables created or updated successfully.
2025-02-15 18:37:34,252 - INFO - Processing Tagalog words from: backend/data/tagalog-words.json
2025-02-15 18:37:37,289 - ERROR - Error processing batch (attempt 1/3): ON CONFLICT DO UPDATE command cannot affect row a second time
HINT:  Ensure that no rows proposed for insertion within the same command have duplicate constrained values.

2025-02-15 18:37:37,298 - ERROR - Error processing batch (attempt 2/3): ON CONFLICT DO UPDATE command cannot affect row a second time
HINT:  Ensure that no rows proposed for insertion within the same command have duplicate constrained values.

2025-02-15 18:37:37,306 - ERROR - Error processing batch (attempt 3/3): ON CONFLICT DO UPDATE command cannot affect row a second time
HINT:  Ensure that no rows proposed for insertion within the same command have duplicate constrained values.

2025-02-15 18:37:37,307 - ERROR - Error processing lemma agpánag: ON CONFLICT DO UPDATE command cannot affect row a second time
HINT:  Ensure that no rows proposed for insertion within the same command have duplicate constrained values.

2025-02-15 18:37:37,323 - ERROR - Error processing batch (attempt 1/3): ON CONFLICT DO UPDATE command cannot affect row a second time
HINT:  Ensure that no rows proposed for insertion within the same command have duplicate constrained values.

2025-02-15 18:37:37,331 - ERROR - Error processing batch (attempt 2/3): ON CONFLICT DO UPDATE command cannot affect row a second time
HINT:  Ensure that no rows proposed for insertion within the same command have duplicate constrained values.

2025-02-15 18:37:37,341 - ERROR - Error processing batch (attempt 3/3): ON CONFLICT DO UPDATE command cannot affect row a second time
HINT:  Ensure that no rows proposed for insertion within the same command have duplicate constrained values.

2025-02-15 18:37:37,342 - ERROR - Error processing lemma agpáng: ON CONFLICT DO UPDATE command cannot affect row a second time
HINT:  Ensure that no rows proposed for insertion within the same command have duplicate constrained values.

2025-02-15 18:37:37,376 - ERROR - Error processing batch (attempt 1/3): ON CONFLICT DO UPDATE command cannot affect row a second time
HINT:  Ensure that no rows proposed for insertion within the same command have duplicate constrained values.

2025-02-15 18:37:37,487 - ERROR - Error processing batch (attempt 2/3): ON CONFLICT DO UPDATE command cannot affect row a second time
HINT:  Ensure that no rows proposed for insertion within the same command have duplicate constrained values.

2025-02-15 18:37:37,562 - ERROR - Error processing batch (attempt 3/3): ON CONFLICT DO UPDATE command cannot affect row a second time
HINT:  Ensure that no rows proposed for insertion within the same command have duplicate constrained values.

2025-02-15 18:37:37,564 - ERROR - Error processing lemma ágpang: ON CONFLICT DO UPDATE command cannot affect row a second time
HINT:  Ensure that no rows proposed for insertion within the same command have duplicate constrained values.

2025-02-15 18:37:37,700 - ERROR - Error processing batch (attempt 1/3): ON CONFLICT DO UPDATE command cannot affect row a second time
HINT:  Ensure that no rows proposed for insertion within the same command have duplicate constrained values.

2025-02-15 18:37:37,996 - ERROR - Error processing batch (attempt 2/3): ON CONFLICT DO UPDATE command cannot affect row a second time
HINT:  Ensure that no rows proposed for insertion within the same command have duplicate constrained values.

2025-02-15 18:37:38,182 - ERROR - Error processing batch (attempt 3/3): ON CONFLICT DO UPDATE command cannot affect row a second time
HINT:  Ensure that no rows proposed for insertion within the same command have duplicate constrained values.

2025-02-15 18:37:38,183 - ERROR - Error processing lemma agpaníkop: ON CONFLICT DO UPDATE command cannot affect row a second time
HINT:  Ensure that no rows proposed for insertion within the same command have duplicate constrained values.

2025-02-15 18:37:38,313 - ERROR - Error processing batch (attempt 1/3): ON CONFLICT DO UPDATE command cannot affect row a second time
HINT:  Ensure that no rows proposed for insertion within the same command have duplicate constrained values.

2025-02-15 18:37:38,344 - ERROR - Error processing batch (attempt 2/3): ON CONFLICT DO UPDATE command cannot affect row a second time
HINT:  Ensure that no rows proposed for insertion within the same command have duplicate constrained values.

2025-02-15 18:37:38,398 - ERROR - Error processing batch (attempt 3/3): ON CONFLICT DO UPDATE command cannot affect row a second time
HINT:  Ensure that no rows proposed for insertion within the same command have duplicate constrained values.

2025-02-15 18:37:38,399 - ERROR - Error processing lemma agpárang: ON CONFLICT DO UPDATE command cannot affect row a second time
HINT:  Ensure that no rows proposed for insertion within the same command have duplicate constrained values.

2025-02-15 18:37:38,447 - ERROR - Error processing batch (attempt 1/3): ON CONFLICT DO UPDATE command cannot affect row a second time
HINT:  Ensure that no rows proposed for insertion within the same command have duplicate constrained values.

2025-02-15 18:37:38,455 - ERROR - Error processing batch (attempt 2/3): ON CONFLICT DO UPDATE command cannot affect row a second time
HINT:  Ensure that no rows proposed for insertion within the same command have duplicate constrained values.

2025-02-15 18:37:38,533 - ERROR - Error processing batch (attempt 3/3): ON CONFLICT DO UPDATE command cannot affect row a second time
HINT:  Ensure that no rows proposed for insertion within the same command have duplicate constrained values.

2025-02-15 18:37:38,536 - ERROR - Error processing lemma agpís: ON CONFLICT DO UPDATE command cannot affect row a second time
HINT:  Ensure that no rows proposed for insertion within the same command have duplicate constrained values.

2025-02-15 18:37:38,545 - ERROR - Error processing batch (attempt 1/3): ON CONFLICT DO UPDATE command cannot affect row a second time
HINT:  Ensure that no rows proposed for insertion within the same command have duplicate constrained values.

2025-02-15 18:37:38,554 - ERROR - Error processing batch (attempt 2/3): ON CONFLICT DO UPDATE command cannot affect row a second time
HINT:  Ensure that no rows proposed for insertion within the same command have duplicate constrained values.

2025-02-15 18:37:38,563 - ERROR - Error processing batch (attempt 3/3): ON CONFLICT DO UPDATE command cannot affect row a second time
HINT:  Ensure that no rows proposed for insertion within the same command have duplicate constrained values.

2025-02-15 18:37:38,564 - ERROR - Error processing lemma agrabánte: ON CONFLICT DO UPDATE command cannot affect row a second time
HINT:  Ensure that no rows proposed for insertion within the same command have duplicate constrained values.

2025-02-15 18:37:38,573 - ERROR - Error processing batch (attempt 1/3): ON CONFLICT DO UPDATE command cannot affect row a second time
HINT:  Ensure that no rows proposed for insertion within the same command have duplicate constrained values.

2025-02-15 18:37:38,582 - ERROR - Error processing batch (attempt 2/3): ON CONFLICT DO UPDATE command cannot affect row a second time
HINT:  Ensure that no rows proposed for insertion within the same command have duplicate constrained values.

2025-02-15 18:37:38,589 - ERROR - Error processing batch (attempt 3/3): ON CONFLICT DO UPDATE command cannot affect row a second time
HINT:  Ensure that no rows proposed for insertion within the same command have duplicate constrained values.

2025-02-15 18:37:38,590 - ERROR - Error processing lemma agrabyádo: ON CONFLICT DO UPDATE command cannot affect row a second time
HINT:  Ensure that no rows proposed for insertion within the same command have duplicate constrained values.

2025-02-15 18:37:38,599 - ERROR - Error processing batch (attempt 1/3): ON CONFLICT DO UPDATE command cannot affect row a second time
HINT:  Ensure that no rows proposed for insertion within the same command have duplicate constrained values.

2025-02-15 18:37:38,609 - ERROR - Error processing batch (attempt 2/3): ON CONFLICT DO UPDATE command cannot affect row a second time
HINT:  Ensure that no rows proposed for insertion within the same command have duplicate constrained values.

2025-02-15 18:37:38,646 - ERROR - Error processing batch (attempt 3/3): ON CONFLICT DO UPDATE command cannot affect row a second time
HINT:  Ensure that no rows proposed for insertion within the same command have duplicate constrained values.

2025-02-15 18:37:38,647 - ERROR - Error processing lemma agrábyo: ON CONFLICT DO UPDATE command cannot affect row a second time
HINT:  Ensure that no rows proposed for insertion within the same command have duplicate constrained values.

2025-02-15 18:37:38,749 - ERROR - Error processing batch (attempt 1/3): ON CONFLICT DO UPDATE command cannot affect row a second time
HINT:  Ensure that no rows proposed for insertion within the same command have duplicate constrained values.

2025-02-15 18:37:38,761 - ERROR - Error processing batch (attempt 2/3): ON CONFLICT DO UPDATE command cannot affect row a second time
HINT:  Ensure that no rows proposed for insertion within the same command have duplicate constrained values.

2025-02-15 18:37:38,770 - ERROR - Error processing batch (attempt 3/3): ON CONFLICT DO UPDATE command cannot affect row a second time
HINT:  Ensure that no rows proposed for insertion within the same command have duplicate constrained values.

2025-02-15 18:37:38,772 - ERROR - Error processing lemma agráman: ON CONFLICT DO UPDATE command cannot affect row a second time
HINT:  Ensure that no rows proposed for insertion within the same command have duplicate constrained values.

2025-02-15 18:37:38,781 - ERROR - Error processing batch (attempt 1/3): ON CONFLICT DO UPDATE command cannot affect row a second time
HINT:  Ensure that no rows proposed for insertion within the same command have duplicate constrained values.

2025-02-15 18:37:38,790 - ERROR - Error processing batch (attempt 2/3): ON CONFLICT DO UPDATE command cannot affect row a second time
HINT:  Ensure that no rows proposed for insertion within the same command have duplicate constrained values.

2025-02-15 18:37:38,801 - ERROR - Error processing batch (attempt 3/3): ON CONFLICT DO UPDATE command cannot affect row a second time
HINT:  Ensure that no rows proposed for insertion within the same command have duplicate constrained values.

2025-02-15 18:37:38,802 - ERROR - Error processing lemma agrángay: ON CONFLICT DO UPDATE command cannot affect row a second time
HINT:  Ensure that no rows proposed for insertion within the same command have duplicate constrained values.

2025-02-15 18:37:38,813 - ERROR - Error processing batch (attempt 1/3): ON CONFLICT DO UPDATE command cannot affect row a second time
HINT:  Ensure that no rows proposed for insertion within the same command have duplicate constrained values.

2025-02-15 18:37:38,996 - ERROR - Error processing batch (attempt 2/3): ON CONFLICT DO UPDATE command cannot affect row a second time
HINT:  Ensure that no rows proposed for insertion within the same command have duplicate constrained values.

2025-02-15 18:37:39,375 - ERROR - Error processing batch (attempt 3/3): ON CONFLICT DO UPDATE command cannot affect row a second time
HINT:  Ensure that no rows proposed for insertion within the same command have duplicate constrained values.

2025-02-15 18:37:39,379 - ERROR - Error processing lemma agrasyáda: ON CONFLICT DO UPDATE command cannot affect row a second time
HINT:  Ensure that no rows proposed for insertion within the same command have duplicate constrained values.

2025-02-15 18:37:39,391 - ERROR - Error processing batch (attempt 1/3): ON CONFLICT DO UPDATE command cannot affect row a second time
HINT:  Ensure that no rows proposed for insertion within the same command have duplicate constrained values.

2025-02-15 18:37:39,402 - ERROR - Error processing batch (attempt 2/3): ON CONFLICT DO UPDATE command cannot affect row a second time
HINT:  Ensure that no rows proposed for insertion within the same command have duplicate constrained values.

2025-02-15 18:37:39,412 - ERROR - Error processing batch (attempt 3/3): ON CONFLICT DO UPDATE command cannot affect row a second time
HINT:  Ensure that no rows proposed for insertion within the same command have duplicate constrained values.

2025-02-15 18:37:39,413 - ERROR - Error processing lemma agreement: ON CONFLICT DO UPDATE command cannot affect row a second time
HINT:  Ensure that no rows proposed for insertion within the same command have duplicate constrained values.

2025-02-15 18:37:39,427 - ERROR - Error processing batch (attempt 1/3): ON CONFLICT DO UPDATE command cannot affect row a second time
HINT:  Ensure that no rows proposed for insertion within the same command have duplicate constrained values.

2025-02-15 18:37:39,441 - ERROR - Error processing batch (attempt 2/3): ON CONFLICT DO UPDATE command cannot affect row a second time
HINT:  Ensure that no rows proposed for insertion within the same command have duplicate constrained values.

2025-02-15 18:37:39,453 - ERROR - Error processing batch (attempt 3/3): ON CONFLICT DO UPDATE command cannot affect row a second time
HINT:  Ensure that no rows proposed for insertion within the same command have duplicate constrained values.

2025-02-15 18:37:39,455 - ERROR - Error processing lemma agregasyón: ON CONFLICT DO UPDATE command cannot affect row a second time
HINT:  Ensure that no rows proposed for insertion within the same command have duplicate constrained values.

