2025-02-09 11:24:36,897 - INFO - Attempting database connection...
2025-02-09 11:24:36,897 - INFO - Database configuration:
2025-02-09 11:24:36,898 - INFO -   Database Name: fil_dict_db
2025-02-09 11:24:36,898 - INFO -   User: postgres
2025-02-09 11:24:36,899 - INFO -   Host: localhost
2025-02-09 11:24:36,899 - INFO -   Password: ********
2025-02-09 11:24:36,982 - INFO - Successfully established database connection
2025-02-09 11:24:36,983 - INFO - Setting up PostgreSQL extensions...
2025-02-09 11:24:36,983 - INFO - Checking extension: pg_trgm
2025-02-09 11:24:36,993 - INFO - Extension already installed: pg_trgm
2025-02-09 11:24:36,993 - INFO - Checking extension: unaccent
2025-02-09 11:24:36,994 - INFO - Extension already installed: unaccent
2025-02-09 11:24:36,995 - INFO - Checking extension: fuzzystrmatch
2025-02-09 11:24:36,996 - INFO - Extension already installed: fuzzystrmatch
2025-02-09 11:24:36,997 - INFO - Extensions setup completed
2025-02-09 11:24:36,997 - INFO - Starting table creation/update process.
2025-02-09 11:24:37,060 - INFO - Tables created or updated successfully.
2025-02-09 11:24:37,064 - WARNING - Source file not found: data/tagalog-words.json
2025-02-09 11:24:37,065 - WARNING - Source file not found: data/root_words_with_associated_words_cleaned.json
2025-02-09 11:24:37,065 - WARNING - Source file not found: data/kwf_dictionary.json
2025-02-09 11:24:37,066 - WARNING - Source file not found: data/kaikki.jsonl
2025-02-09 11:24:37,067 - WARNING - Source file not found: data/kaikki-ceb.jsonl
2025-02-09 11:24:37,070 - INFO - Processing Baybayin entries...
2025-02-09 11:24:37,105 - INFO - Baybayin data cleanup completed successfully
2025-02-09 11:24:37,105 - INFO - Migration completed successfully
