2025-02-15 20:48:52,240 - INFO - Attempting database connection...
2025-02-15 20:48:52,247 - INFO - Database configuration:
2025-02-15 20:48:52,250 - INFO -   Database Name: fil_dict_db
2025-02-15 20:48:52,251 - INFO -   User: postgres
2025-02-15 20:48:52,254 - INFO -   Host: localhost
2025-02-15 20:48:52,256 - INFO -   Password: ********
2025-02-15 20:48:53,957 - INFO - Successfully established database connection
2025-02-15 20:48:53,958 - INFO - Setting up PostgreSQL extensions...
2025-02-15 20:48:53,959 - INFO - Checking extension: pg_trgm
2025-02-15 20:48:53,971 - INFO - Extension already installed: pg_trgm
2025-02-15 20:48:53,971 - INFO - Checking extension: unaccent
2025-02-15 20:48:53,972 - INFO - Extension already installed: unaccent
2025-02-15 20:48:53,973 - INFO - Checking extension: fuzzystrmatch
2025-02-15 20:48:53,974 - INFO - Extension already installed: fuzzystrmatch
2025-02-15 20:48:53,975 - INFO - Checking extension: dict_xsyn
2025-02-15 20:48:53,976 - INFO - Installing extension: dict_xsyn
2025-02-15 20:48:54,035 - INFO - Successfully installed extension: dict_xsyn
2025-02-15 20:48:54,036 - INFO - Extensions setup completed
2025-02-15 20:48:54,037 - INFO - Starting table creation/update process.
2025-02-15 20:48:54,074 - ERROR - Schema creation error: column "search_text" does not exist

2025-02-15 20:48:54,075 - ERROR - Error during migration: column "search_text" does not exist

