2025-02-15 19:03:31,207 - INFO - Attempting database connection...
2025-02-15 19:03:31,208 - INFO - Database configuration:
2025-02-15 19:03:31,209 - INFO -   Database Name: fil_dict_db
2025-02-15 19:03:31,210 - INFO -   User: postgres
2025-02-15 19:03:31,211 - INFO -   Host: localhost
2025-02-15 19:03:31,213 - INFO -   Password: ********
2025-02-15 19:03:31,406 - INFO - Successfully established database connection
2025-02-15 19:03:31,407 - INFO - Setting up PostgreSQL extensions...
2025-02-15 19:03:31,408 - INFO - Checking extension: pg_trgm
2025-02-15 19:03:31,423 - INFO - Extension already installed: pg_trgm
2025-02-15 19:03:31,424 - INFO - Checking extension: unaccent
2025-02-15 19:03:31,426 - INFO - Extension already installed: unaccent
2025-02-15 19:03:31,426 - INFO - Checking extension: fuzzystrmatch
2025-02-15 19:03:31,428 - INFO - Extension already installed: fuzzystrmatch
2025-02-15 19:03:31,429 - INFO - Extensions setup completed
2025-02-15 19:03:31,430 - INFO - Starting table creation/update process.
2025-02-15 19:03:31,565 - INFO - Standardizing source names...
2025-02-15 19:03:31,605 - INFO - Source names standardization completed
2025-02-15 19:03:31,626 - INFO - Tables created or updated successfully.
2025-02-15 19:03:31,639 - INFO - Processing Tagalog words from: data/tagalog-words.json
2025-02-15 19:03:32,700 - ERROR - Error processing batch (attempt 1/3): there is no unique or exclusion constraint matching the ON CONFLICT specification

2025-02-15 19:03:33,030 - ERROR - Error processing batch (attempt 2/3): there is no unique or exclusion constraint matching the ON CONFLICT specification

2025-02-15 19:03:33,341 - ERROR - Error processing batch (attempt 3/3): there is no unique or exclusion constraint matching the ON CONFLICT specification

2025-02-15 19:03:33,342 - ERROR - Error processing lemma agum-úm: there is no unique or exclusion constraint matching the ON CONFLICT specification

2025-02-15 19:03:33,530 - ERROR - Error processing batch (attempt 1/3): there is no unique or exclusion constraint matching the ON CONFLICT specification

2025-02-15 19:03:33,797 - ERROR - Error processing batch (attempt 2/3): there is no unique or exclusion constraint matching the ON CONFLICT specification

2025-02-15 19:03:34,108 - ERROR - Error processing batch (attempt 3/3): there is no unique or exclusion constraint matching the ON CONFLICT specification

2025-02-15 19:03:34,110 - ERROR - Error processing lemma agún: there is no unique or exclusion constraint matching the ON CONFLICT specification

2025-02-15 19:03:34,500 - ERROR - Error processing batch (attempt 1/3): there is no unique or exclusion constraint matching the ON CONFLICT specification

2025-02-15 19:03:34,671 - ERROR - Error processing batch (attempt 2/3): there is no unique or exclusion constraint matching the ON CONFLICT specification

2025-02-15 19:03:34,849 - ERROR - Error processing batch (attempt 3/3): there is no unique or exclusion constraint matching the ON CONFLICT specification

2025-02-15 19:03:34,850 - ERROR - Error processing lemma agúnan: there is no unique or exclusion constraint matching the ON CONFLICT specification

2025-02-15 19:03:35,102 - ERROR - Error processing batch (attempt 1/3): there is no unique or exclusion constraint matching the ON CONFLICT specification

2025-02-15 19:03:35,959 - ERROR - Error processing batch (attempt 2/3): there is no unique or exclusion constraint matching the ON CONFLICT specification

