2025-02-16 12:47:44,613 - INFO - Attempting database connection...
2025-02-16 12:47:44,614 - INFO - Database configuration:
2025-02-16 12:47:44,614 - INFO -   Database Name: fil_dict_db
2025-02-16 12:47:44,614 - INFO -   User: postgres
2025-02-16 12:47:44,614 - INFO -   Host: localhost
2025-02-16 12:47:44,614 - INFO -   Password: ********
2025-02-16 12:47:44,653 - INFO - Successfully established database connection
2025-02-16 12:47:44,653 - INFO - Setting up PostgreSQL extensions...
2025-02-16 12:47:44,655 - INFO - Extension pg_trgm already installed
2025-02-16 12:47:44,656 - INFO - Extension unaccent already installed
2025-02-16 12:47:44,656 - INFO - Extension fuzzystrmatch already installed
2025-02-16 12:47:44,656 - INFO - Extension dict_xsyn already installed
2025-02-16 12:47:44,656 - INFO - Starting table creation/update process.
2025-02-16 12:47:44,716 - INFO - Standardizing source names...
2025-02-16 12:47:44,728 - INFO - Source names standardization completed
2025-02-16 12:47:44,728 - INFO - Tables created or updated successfully.
2025-02-16 12:47:44,733 - INFO - Processing Tagalog words from: data/tagalog-words.json
2025-02-16 12:47:45,524 - ERROR - Error processing batch (attempt 1/3): ON CONFLICT DO UPDATE command cannot affect row a second time
HINT:  Ensure that no rows proposed for insertion within the same command have duplicate constrained values.

2025-02-16 12:47:45,584 - ERROR - Error processing batch (attempt 2/3): ON CONFLICT DO UPDATE command cannot affect row a second time
HINT:  Ensure that no rows proposed for insertion within the same command have duplicate constrained values.

2025-02-16 12:47:45,643 - ERROR - Error processing batch (attempt 3/3): ON CONFLICT DO UPDATE command cannot affect row a second time
HINT:  Ensure that no rows proposed for insertion within the same command have duplicate constrained values.

2025-02-16 12:47:45,643 - ERROR - Error processing lemma condition: ON CONFLICT DO UPDATE command cannot affect row a second time
HINT:  Ensure that no rows proposed for insertion within the same command have duplicate constrained values.

2025-02-16 12:47:45,767 - ERROR - Error processing batch (attempt 1/3): syntax error in tsvector: "’day 'day"
LINE 3: ...VALUES ('’day', '''day', 'tl', 'diksiyonaryo.ph', '’day ''da...
                                                             ^

2025-02-16 12:47:45,783 - ERROR - Error processing batch (attempt 2/3): syntax error in tsvector: "’day 'day"
LINE 3: ...VALUES ('’day', '''day', 'tl', 'diksiyonaryo.ph', '’day ''da...
                                                             ^

2025-02-16 12:47:45,798 - ERROR - Error processing batch (attempt 3/3): syntax error in tsvector: "’day 'day"
LINE 3: ...VALUES ('’day', '''day', 'tl', 'diksiyonaryo.ph', '’day ''da...
                                                             ^

2025-02-16 12:47:45,798 - ERROR - Error processing lemma desgustádo: syntax error in tsvector: "’day 'day"
LINE 3: ...VALUES ('’day', '''day', 'tl', 'diksiyonaryo.ph', '’day ''da...
                                                             ^

2025-02-16 12:47:45,814 - ERROR - Error processing batch (attempt 1/3): syntax error in tsvector: "’day 'day"
LINE 3: ...VALUES ('’day', '''day', 'tl', 'diksiyonaryo.ph', '’day ''da...
                                                             ^

2025-02-16 12:47:45,829 - ERROR - Error processing batch (attempt 2/3): syntax error in tsvector: "’day 'day"
LINE 3: ...VALUES ('’day', '''day', 'tl', 'diksiyonaryo.ph', '’day ''da...
                                                             ^

2025-02-16 12:47:45,843 - ERROR - Error processing batch (attempt 3/3): syntax error in tsvector: "’day 'day"
LINE 3: ...VALUES ('’day', '''day', 'tl', 'diksiyonaryo.ph', '’day ''da...
                                                             ^

2025-02-16 12:47:45,844 - ERROR - Error processing lemma desgústo: syntax error in tsvector: "’day 'day"
LINE 3: ...VALUES ('’day', '''day', 'tl', 'diksiyonaryo.ph', '’day ''da...
                                                             ^

2025-02-16 12:47:45,857 - ERROR - Error processing batch (attempt 1/3): syntax error in tsvector: "’day 'day"
LINE 3: ...VALUES ('’day', '''day', 'tl', 'diksiyonaryo.ph', '’day ''da...
                                                             ^

2025-02-16 12:47:45,872 - ERROR - Error processing batch (attempt 2/3): syntax error in tsvector: "’day 'day"
LINE 3: ...VALUES ('’day', '''day', 'tl', 'diksiyonaryo.ph', '’day ''da...
                                                             ^

2025-02-16 12:47:45,887 - ERROR - Error processing batch (attempt 3/3): syntax error in tsvector: "’day 'day"
LINE 3: ...VALUES ('’day', '''day', 'tl', 'diksiyonaryo.ph', '’day ''da...
                                                             ^

2025-02-16 12:47:45,887 - ERROR - Error processing lemma dési-: syntax error in tsvector: "’day 'day"
LINE 3: ...VALUES ('’day', '''day', 'tl', 'diksiyonaryo.ph', '’day ''da...
                                                             ^

2025-02-16 12:47:45,902 - ERROR - Error processing batch (attempt 1/3): syntax error in tsvector: "’day 'day"
LINE 3: ...VALUES ('’day', '''day', 'tl', 'diksiyonaryo.ph', '’day ''da...
                                                             ^

2025-02-16 12:47:45,917 - ERROR - Error processing batch (attempt 2/3): syntax error in tsvector: "’day 'day"
LINE 3: ...VALUES ('’day', '''day', 'tl', 'diksiyonaryo.ph', '’day ''da...
                                                             ^

2025-02-16 12:47:45,931 - ERROR - Error processing batch (attempt 3/3): syntax error in tsvector: "’day 'day"
LINE 3: ...VALUES ('’day', '''day', 'tl', 'diksiyonaryo.ph', '’day ''da...
                                                             ^

2025-02-16 12:47:45,931 - ERROR - Error processing lemma desidé: syntax error in tsvector: "’day 'day"
LINE 3: ...VALUES ('’day', '''day', 'tl', 'diksiyonaryo.ph', '’day ''da...
                                                             ^

2025-02-16 12:47:45,946 - ERROR - Error processing batch (attempt 1/3): syntax error in tsvector: "’day 'day"
LINE 3: ...VALUES ('’day', '''day', 'tl', 'diksiyonaryo.ph', '’day ''da...
                                                             ^

2025-02-16 12:47:45,960 - ERROR - Error processing batch (attempt 2/3): syntax error in tsvector: "’day 'day"
LINE 3: ...VALUES ('’day', '''day', 'tl', 'diksiyonaryo.ph', '’day ''da...
                                                             ^

2025-02-16 12:47:45,974 - ERROR - Error processing batch (attempt 3/3): syntax error in tsvector: "’day 'day"
LINE 3: ...VALUES ('’day', '''day', 'tl', 'diksiyonaryo.ph', '’day ''da...
                                                             ^

2025-02-16 12:47:45,975 - ERROR - Error processing lemma desideráta: syntax error in tsvector: "’day 'day"
LINE 3: ...VALUES ('’day', '''day', 'tl', 'diksiyonaryo.ph', '’day ''da...
                                                             ^

2025-02-16 12:47:45,990 - ERROR - Error processing batch (attempt 1/3): syntax error in tsvector: "’day 'day"
LINE 3: ...VALUES ('’day', '''day', 'tl', 'diksiyonaryo.ph', '’day ''da...
                                                             ^

2025-02-16 12:47:46,004 - ERROR - Error processing batch (attempt 2/3): syntax error in tsvector: "’day 'day"
LINE 3: ...VALUES ('’day', '''day', 'tl', 'diksiyonaryo.ph', '’day ''da...
                                                             ^

2025-02-16 12:47:46,018 - ERROR - Error processing batch (attempt 3/3): syntax error in tsvector: "’day 'day"
LINE 3: ...VALUES ('’day', '''day', 'tl', 'diksiyonaryo.ph', '’day ''da...
                                                             ^

2025-02-16 12:47:46,019 - ERROR - Error processing lemma desiderátum: syntax error in tsvector: "’day 'day"
LINE 3: ...VALUES ('’day', '''day', 'tl', 'diksiyonaryo.ph', '’day ''da...
                                                             ^

2025-02-16 12:47:46,032 - ERROR - Error processing batch (attempt 1/3): syntax error in tsvector: "’day 'day"
LINE 3: ...VALUES ('’day', '''day', 'tl', 'diksiyonaryo.ph', '’day ''da...
                                                             ^

2025-02-16 12:47:46,046 - ERROR - Error processing batch (attempt 2/3): syntax error in tsvector: "’day 'day"
LINE 3: ...VALUES ('’day', '''day', 'tl', 'diksiyonaryo.ph', '’day ''da...
                                                             ^

2025-02-16 12:47:46,061 - ERROR - Error processing batch (attempt 3/3): syntax error in tsvector: "’day 'day"
LINE 3: ...VALUES ('’day', '''day', 'tl', 'diksiyonaryo.ph', '’day ''da...
                                                             ^

2025-02-16 12:47:46,061 - ERROR - Error processing lemma desidído: syntax error in tsvector: "’day 'day"
LINE 3: ...VALUES ('’day', '''day', 'tl', 'diksiyonaryo.ph', '’day ''da...
                                                             ^

2025-02-16 12:47:46,075 - ERROR - Error processing batch (attempt 1/3): syntax error in tsvector: "’day 'day"
LINE 3: ...VALUES ('’day', '''day', 'tl', 'diksiyonaryo.ph', '’day ''da...
                                                             ^

2025-02-16 12:47:46,090 - ERROR - Error processing batch (attempt 2/3): syntax error in tsvector: "’day 'day"
LINE 3: ...VALUES ('’day', '''day', 'tl', 'diksiyonaryo.ph', '’day ''da...
                                                             ^

2025-02-16 12:47:46,104 - ERROR - Error processing batch (attempt 3/3): syntax error in tsvector: "’day 'day"
LINE 3: ...VALUES ('’day', '''day', 'tl', 'diksiyonaryo.ph', '’day ''da...
                                                             ^

2025-02-16 12:47:46,104 - ERROR - Error processing lemma design: syntax error in tsvector: "’day 'day"
LINE 3: ...VALUES ('’day', '''day', 'tl', 'diksiyonaryo.ph', '’day ''da...
                                                             ^

2025-02-16 12:47:46,118 - ERROR - Error processing batch (attempt 1/3): syntax error in tsvector: "’day 'day"
LINE 3: ...VALUES ('’day', '''day', 'tl', 'diksiyonaryo.ph', '’day ''da...
                                                             ^

2025-02-16 12:47:46,132 - ERROR - Error processing batch (attempt 2/3): syntax error in tsvector: "’day 'day"
LINE 3: ...VALUES ('’day', '''day', 'tl', 'diksiyonaryo.ph', '’day ''da...
                                                             ^

2025-02-16 12:47:46,146 - ERROR - Error processing batch (attempt 3/3): syntax error in tsvector: "’day 'day"
LINE 3: ...VALUES ('’day', '''day', 'tl', 'diksiyonaryo.ph', '’day ''da...
                                                             ^

2025-02-16 12:47:46,147 - ERROR - Error processing lemma designasyón: syntax error in tsvector: "’day 'day"
LINE 3: ...VALUES ('’day', '''day', 'tl', 'diksiyonaryo.ph', '’day ''da...
                                                             ^

2025-02-16 12:47:46,160 - ERROR - Error processing batch (attempt 1/3): syntax error in tsvector: "’day 'day"
LINE 3: ...VALUES ('’day', '''day', 'tl', 'diksiyonaryo.ph', '’day ''da...
                                                             ^

2025-02-16 12:47:46,173 - ERROR - Error processing batch (attempt 2/3): syntax error in tsvector: "’day 'day"
LINE 3: ...VALUES ('’day', '''day', 'tl', 'diksiyonaryo.ph', '’day ''da...
                                                             ^

2025-02-16 12:47:46,188 - ERROR - Error processing batch (attempt 3/3): syntax error in tsvector: "’day 'day"
LINE 3: ...VALUES ('’day', '''day', 'tl', 'diksiyonaryo.ph', '’day ''da...
                                                             ^

2025-02-16 12:47:46,188 - ERROR - Error processing lemma designation: syntax error in tsvector: "’day 'day"
LINE 3: ...VALUES ('’day', '''day', 'tl', 'diksiyonaryo.ph', '’day ''da...
                                                             ^

2025-02-16 12:47:46,203 - ERROR - Error processing batch (attempt 1/3): syntax error in tsvector: "’day 'day"
LINE 3: ...VALUES ('’day', '''day', 'tl', 'diksiyonaryo.ph', '’day ''da...
                                                             ^

2025-02-16 12:47:46,215 - ERROR - Error processing batch (attempt 2/3): syntax error in tsvector: "’day 'day"
LINE 3: ...VALUES ('’day', '''day', 'tl', 'diksiyonaryo.ph', '’day ''da...
                                                             ^

2025-02-16 12:47:46,229 - ERROR - Error processing batch (attempt 3/3): syntax error in tsvector: "’day 'day"
LINE 3: ...VALUES ('’day', '''day', 'tl', 'diksiyonaryo.ph', '’day ''da...
                                                             ^

2025-02-16 12:47:46,230 - ERROR - Error processing lemma désigrámo: syntax error in tsvector: "’day 'day"
LINE 3: ...VALUES ('’day', '''day', 'tl', 'diksiyonaryo.ph', '’day ''da...
                                                             ^

2025-02-16 12:47:46,244 - ERROR - Error processing batch (attempt 1/3): syntax error in tsvector: "’day 'day"
LINE 3: ...VALUES ('’day', '''day', 'tl', 'diksiyonaryo.ph', '’day ''da...
                                                             ^

2025-02-16 12:47:46,258 - ERROR - Error processing batch (attempt 2/3): syntax error in tsvector: "’day 'day"
LINE 3: ...VALUES ('’day', '''day', 'tl', 'diksiyonaryo.ph', '’day ''da...
                                                             ^

2025-02-16 12:47:46,274 - ERROR - Error processing batch (attempt 3/3): syntax error in tsvector: "’day 'day"
LINE 3: ...VALUES ('’day', '''day', 'tl', 'diksiyonaryo.ph', '’day ''da...
                                                             ^

2025-02-16 12:47:46,274 - ERROR - Error processing lemma désilítro: syntax error in tsvector: "’day 'day"
LINE 3: ...VALUES ('’day', '''day', 'tl', 'diksiyonaryo.ph', '’day ''da...
                                                             ^

2025-02-16 12:47:46,290 - ERROR - Error processing batch (attempt 1/3): syntax error in tsvector: "’day 'day"
LINE 3: ...VALUES ('’day', '''day', 'tl', 'diksiyonaryo.ph', '’day ''da...
                                                             ^

2025-02-16 12:47:46,306 - ERROR - Error processing batch (attempt 2/3): syntax error in tsvector: "’day 'day"
LINE 3: ...VALUES ('’day', '''day', 'tl', 'diksiyonaryo.ph', '’day ''da...
                                                             ^

2025-02-16 12:47:46,322 - ERROR - Error processing batch (attempt 3/3): syntax error in tsvector: "’day 'day"
LINE 3: ...VALUES ('’day', '''day', 'tl', 'diksiyonaryo.ph', '’day ''da...
                                                             ^

2025-02-16 12:47:46,322 - ERROR - Error processing lemma des-ilusyón: syntax error in tsvector: "’day 'day"
LINE 3: ...VALUES ('’day', '''day', 'tl', 'diksiyonaryo.ph', '’day ''da...
                                                             ^

2025-02-16 12:47:46,338 - ERROR - Error processing batch (attempt 1/3): syntax error in tsvector: "’day 'day"
LINE 3: ...VALUES ('’day', '''day', 'tl', 'diksiyonaryo.ph', '’day ''da...
                                                             ^

2025-02-16 12:47:46,353 - ERROR - Error processing batch (attempt 2/3): syntax error in tsvector: "’day 'day"
LINE 3: ...VALUES ('’day', '''day', 'tl', 'diksiyonaryo.ph', '’day ''da...
                                                             ^

2025-02-16 12:47:46,368 - ERROR - Error processing batch (attempt 3/3): syntax error in tsvector: "’day 'day"
LINE 3: ...VALUES ('’day', '''day', 'tl', 'diksiyonaryo.ph', '’day ''da...
                                                             ^

2025-02-16 12:47:46,368 - ERROR - Error processing lemma désimál: syntax error in tsvector: "’day 'day"
LINE 3: ...VALUES ('’day', '''day', 'tl', 'diksiyonaryo.ph', '’day ''da...
                                                             ^

2025-02-16 12:47:46,382 - ERROR - Error processing batch (attempt 1/3): syntax error in tsvector: "’day 'day"
LINE 3: ...VALUES ('’day', '''day', 'tl', 'diksiyonaryo.ph', '’day ''da...
                                                             ^

2025-02-16 12:47:46,396 - ERROR - Error processing batch (attempt 2/3): syntax error in tsvector: "’day 'day"
LINE 3: ...VALUES ('’day', '''day', 'tl', 'diksiyonaryo.ph', '’day ''da...
                                                             ^

2025-02-16 12:47:46,410 - ERROR - Error processing batch (attempt 3/3): syntax error in tsvector: "’day 'day"
LINE 3: ...VALUES ('’day', '''day', 'tl', 'diksiyonaryo.ph', '’day ''da...
                                                             ^

2025-02-16 12:47:46,410 - ERROR - Error processing lemma desímetró: syntax error in tsvector: "’day 'day"
LINE 3: ...VALUES ('’day', '''day', 'tl', 'diksiyonaryo.ph', '’day ''da...
                                                             ^

2025-02-16 12:47:46,424 - ERROR - Error processing batch (attempt 1/3): syntax error in tsvector: "’day 'day"
LINE 3: ...VALUES ('’day', '''day', 'tl', 'diksiyonaryo.ph', '’day ''da...
                                                             ^

2025-02-16 12:47:46,438 - ERROR - Error processing batch (attempt 2/3): syntax error in tsvector: "’day 'day"
LINE 3: ...VALUES ('’day', '''day', 'tl', 'diksiyonaryo.ph', '’day ''da...
                                                             ^

2025-02-16 12:47:46,451 - ERROR - Error processing batch (attempt 3/3): syntax error in tsvector: "’day 'day"
LINE 3: ...VALUES ('’day', '''day', 'tl', 'diksiyonaryo.ph', '’day ''da...
                                                             ^

2025-02-16 12:47:46,451 - ERROR - Error processing lemma des-impeksiyón: syntax error in tsvector: "’day 'day"
LINE 3: ...VALUES ('’day', '''day', 'tl', 'diksiyonaryo.ph', '’day ''da...
                                                             ^

2025-02-16 12:47:46,465 - ERROR - Error processing batch (attempt 1/3): syntax error in tsvector: "’day 'day"
LINE 3: ...VALUES ('’day', '''day', 'tl', 'diksiyonaryo.ph', '’day ''da...
                                                             ^

2025-02-16 12:47:46,479 - ERROR - Error processing batch (attempt 2/3): syntax error in tsvector: "’day 'day"
LINE 3: ...VALUES ('’day', '''day', 'tl', 'diksiyonaryo.ph', '’day ''da...
                                                             ^

2025-02-16 12:47:46,492 - ERROR - Error processing batch (attempt 3/3): syntax error in tsvector: "’day 'day"
LINE 3: ...VALUES ('’day', '''day', 'tl', 'diksiyonaryo.ph', '’day ''da...
                                                             ^

2025-02-16 12:47:46,492 - ERROR - Error processing lemma des-impektá: syntax error in tsvector: "’day 'day"
LINE 3: ...VALUES ('’day', '''day', 'tl', 'diksiyonaryo.ph', '’day ''da...
                                                             ^

2025-02-16 12:47:46,507 - ERROR - Error processing batch (attempt 1/3): syntax error in tsvector: "’day 'day"
LINE 3: ...VALUES ('’day', '''day', 'tl', 'diksiyonaryo.ph', '’day ''da...
                                                             ^

2025-02-16 12:47:46,521 - ERROR - Error processing batch (attempt 2/3): syntax error in tsvector: "’day 'day"
LINE 3: ...VALUES ('’day', '''day', 'tl', 'diksiyonaryo.ph', '’day ''da...
                                                             ^

2025-02-16 12:47:46,535 - ERROR - Error processing batch (attempt 3/3): syntax error in tsvector: "’day 'day"
LINE 3: ...VALUES ('’day', '''day', 'tl', 'diksiyonaryo.ph', '’day ''da...
                                                             ^

2025-02-16 12:47:46,536 - ERROR - Error processing lemma des-impektánte: syntax error in tsvector: "’day 'day"
LINE 3: ...VALUES ('’day', '''day', 'tl', 'diksiyonaryo.ph', '’day ''da...
                                                             ^

2025-02-16 12:47:46,551 - ERROR - Error processing batch (attempt 1/3): syntax error in tsvector: "’day 'day"
LINE 3: ...VALUES ('’day', '''day', 'tl', 'diksiyonaryo.ph', '’day ''da...
                                                             ^

2025-02-16 12:47:46,566 - ERROR - Error processing batch (attempt 2/3): syntax error in tsvector: "’day 'day"
LINE 3: ...VALUES ('’day', '''day', 'tl', 'diksiyonaryo.ph', '’day ''da...
                                                             ^

2025-02-16 12:47:46,580 - ERROR - Error processing batch (attempt 3/3): syntax error in tsvector: "’day 'day"
LINE 3: ...VALUES ('’day', '''day', 'tl', 'diksiyonaryo.ph', '’day ''da...
                                                             ^

2025-02-16 12:47:46,581 - ERROR - Error processing lemma des-interesádo: syntax error in tsvector: "’day 'day"
LINE 3: ...VALUES ('’day', '''day', 'tl', 'diksiyonaryo.ph', '’day ''da...
                                                             ^

2025-02-16 12:47:46,595 - ERROR - Error processing batch (attempt 1/3): syntax error in tsvector: "’day 'day"
LINE 3: ...VALUES ('’day', '''day', 'tl', 'diksiyonaryo.ph', '’day ''da...
                                                             ^

2025-02-16 12:47:46,610 - ERROR - Error processing batch (attempt 2/3): syntax error in tsvector: "’day 'day"
LINE 3: ...VALUES ('’day', '''day', 'tl', 'diksiyonaryo.ph', '’day ''da...
                                                             ^

2025-02-16 12:47:46,624 - ERROR - Error processing batch (attempt 3/3): syntax error in tsvector: "’day 'day"
LINE 3: ...VALUES ('’day', '''day', 'tl', 'diksiyonaryo.ph', '’day ''da...
                                                             ^

2025-02-16 12:47:46,625 - ERROR - Error processing lemma desíntunádo: syntax error in tsvector: "’day 'day"
LINE 3: ...VALUES ('’day', '''day', 'tl', 'diksiyonaryo.ph', '’day ''da...
                                                             ^

2025-02-16 12:47:46,639 - ERROR - Error processing batch (attempt 1/3): syntax error in tsvector: "’day 'day"
LINE 3: ...VALUES ('’day', '''day', 'tl', 'diksiyonaryo.ph', '’day ''da...
                                                             ^

2025-02-16 12:47:46,653 - ERROR - Error processing batch (attempt 2/3): syntax error in tsvector: "’day 'day"
LINE 3: ...VALUES ('’day', '''day', 'tl', 'diksiyonaryo.ph', '’day ''da...
                                                             ^

2025-02-16 12:47:46,666 - ERROR - Error processing batch (attempt 3/3): syntax error in tsvector: "’day 'day"
LINE 3: ...VALUES ('’day', '''day', 'tl', 'diksiyonaryo.ph', '’day ''da...
                                                             ^

2025-02-16 12:47:46,667 - ERROR - Error processing lemma desire: syntax error in tsvector: "’day 'day"
LINE 3: ...VALUES ('’day', '''day', 'tl', 'diksiyonaryo.ph', '’day ''da...
                                                             ^

2025-02-16 12:47:46,680 - ERROR - Error processing batch (attempt 1/3): syntax error in tsvector: "’day 'day"
LINE 3: ...VALUES ('’day', '''day', 'tl', 'diksiyonaryo.ph', '’day ''da...
                                                             ^

2025-02-16 12:47:46,694 - ERROR - Error processing batch (attempt 2/3): syntax error in tsvector: "’day 'day"
LINE 3: ...VALUES ('’day', '''day', 'tl', 'diksiyonaryo.ph', '’day ''da...
                                                             ^

2025-02-16 12:47:46,707 - ERROR - Error processing batch (attempt 3/3): syntax error in tsvector: "’day 'day"
LINE 3: ...VALUES ('’day', '''day', 'tl', 'diksiyonaryo.ph', '’day ''da...
                                                             ^

2025-02-16 12:47:46,707 - ERROR - Error processing lemma desisíbo: syntax error in tsvector: "’day 'day"
LINE 3: ...VALUES ('’day', '''day', 'tl', 'diksiyonaryo.ph', '’day ''da...
                                                             ^

2025-02-16 12:47:46,722 - ERROR - Error processing batch (attempt 1/3): syntax error in tsvector: "’day 'day"
LINE 3: ...VALUES ('’day', '''day', 'tl', 'diksiyonaryo.ph', '’day ''da...
                                                             ^

2025-02-16 12:47:46,735 - ERROR - Error processing batch (attempt 2/3): syntax error in tsvector: "’day 'day"
LINE 3: ...VALUES ('’day', '''day', 'tl', 'diksiyonaryo.ph', '’day ''da...
                                                             ^

2025-02-16 12:47:46,749 - ERROR - Error processing batch (attempt 3/3): syntax error in tsvector: "’day 'day"
LINE 3: ...VALUES ('’day', '''day', 'tl', 'diksiyonaryo.ph', '’day ''da...
                                                             ^

2025-02-16 12:47:46,750 - ERROR - Error processing lemma desisyón: syntax error in tsvector: "’day 'day"
LINE 3: ...VALUES ('’day', '''day', 'tl', 'diksiyonaryo.ph', '’day ''da...
                                                             ^

2025-02-16 12:47:46,763 - ERROR - Error processing batch (attempt 1/3): syntax error in tsvector: "’day 'day"
LINE 3: ...VALUES ('’day', '''day', 'tl', 'diksiyonaryo.ph', '’day ''da...
                                                             ^

2025-02-16 12:47:46,777 - ERROR - Error processing batch (attempt 2/3): syntax error in tsvector: "’day 'day"
LINE 3: ...VALUES ('’day', '''day', 'tl', 'diksiyonaryo.ph', '’day ''da...
                                                             ^

2025-02-16 12:47:46,791 - ERROR - Error processing batch (attempt 3/3): syntax error in tsvector: "’day 'day"
LINE 3: ...VALUES ('’day', '''day', 'tl', 'diksiyonaryo.ph', '’day ''da...
                                                             ^

2025-02-16 12:47:46,792 - ERROR - Error processing lemma desk: syntax error in tsvector: "’day 'day"
LINE 3: ...VALUES ('’day', '''day', 'tl', 'diksiyonaryo.ph', '’day ''da...
                                                             ^

2025-02-16 12:47:46,805 - ERROR - Error processing batch (attempt 1/3): syntax error in tsvector: "’day 'day"
LINE 3: ...VALUES ('’day', '''day', 'tl', 'diksiyonaryo.ph', '’day ''da...
                                                             ^

2025-02-16 12:47:46,820 - ERROR - Error processing batch (attempt 2/3): syntax error in tsvector: "’day 'day"
LINE 3: ...VALUES ('’day', '''day', 'tl', 'diksiyonaryo.ph', '’day ''da...
                                                             ^

2025-02-16 12:47:46,835 - ERROR - Error processing batch (attempt 3/3): syntax error in tsvector: "’day 'day"
LINE 3: ...VALUES ('’day', '''day', 'tl', 'diksiyonaryo.ph', '’day ''da...
                                                             ^

2025-02-16 12:47:46,835 - ERROR - Error processing lemma deskalipikádo: syntax error in tsvector: "’day 'day"
LINE 3: ...VALUES ('’day', '''day', 'tl', 'diksiyonaryo.ph', '’day ''da...
                                                             ^

2025-02-16 12:47:46,849 - ERROR - Error processing batch (attempt 1/3): syntax error in tsvector: "’day 'day"
LINE 3: ...VALUES ('’day', '''day', 'tl', 'diksiyonaryo.ph', '’day ''da...
                                                             ^

2025-02-16 12:47:46,861 - ERROR - Error processing batch (attempt 2/3): syntax error in tsvector: "’day 'day"
LINE 3: ...VALUES ('’day', '''day', 'tl', 'diksiyonaryo.ph', '’day ''da...
                                                             ^

2025-02-16 12:47:46,876 - ERROR - Error processing batch (attempt 3/3): syntax error in tsvector: "’day 'day"
LINE 3: ...VALUES ('’day', '''day', 'tl', 'diksiyonaryo.ph', '’day ''da...
                                                             ^

2025-02-16 12:47:46,876 - ERROR - Error processing lemma deskalipikasyón: syntax error in tsvector: "’day 'day"
LINE 3: ...VALUES ('’day', '''day', 'tl', 'diksiyonaryo.ph', '’day ''da...
                                                             ^

2025-02-16 12:47:46,890 - ERROR - Error processing batch (attempt 1/3): syntax error in tsvector: "’day 'day"
LINE 3: ...VALUES ('’day', '''day', 'tl', 'diksiyonaryo.ph', '’day ''da...
                                                             ^

2025-02-16 12:47:46,904 - ERROR - Error processing batch (attempt 2/3): syntax error in tsvector: "’day 'day"
LINE 3: ...VALUES ('’day', '''day', 'tl', 'diksiyonaryo.ph', '’day ''da...
                                                             ^

2025-02-16 12:47:46,920 - ERROR - Error processing batch (attempt 3/3): syntax error in tsvector: "’day 'day"
LINE 3: ...VALUES ('’day', '''day', 'tl', 'diksiyonaryo.ph', '’day ''da...
                                                             ^

2025-02-16 12:47:46,921 - ERROR - Error processing lemma deskálso: syntax error in tsvector: "’day 'day"
LINE 3: ...VALUES ('’day', '''day', 'tl', 'diksiyonaryo.ph', '’day ''da...
                                                             ^

2025-02-16 12:47:46,935 - ERROR - Error processing batch (attempt 1/3): syntax error in tsvector: "’day 'day"
LINE 3: ...VALUES ('’day', '''day', 'tl', 'diksiyonaryo.ph', '’day ''da...
                                                             ^

2025-02-16 12:47:46,950 - ERROR - Error processing batch (attempt 2/3): syntax error in tsvector: "’day 'day"
LINE 3: ...VALUES ('’day', '''day', 'tl', 'diksiyonaryo.ph', '’day ''da...
                                                             ^

2025-02-16 12:47:46,965 - ERROR - Error processing batch (attempt 3/3): syntax error in tsvector: "’day 'day"
LINE 3: ...VALUES ('’day', '''day', 'tl', 'diksiyonaryo.ph', '’day ''da...
                                                             ^

2025-02-16 12:47:46,965 - ERROR - Error processing lemma deskansádo: syntax error in tsvector: "’day 'day"
LINE 3: ...VALUES ('’day', '''day', 'tl', 'diksiyonaryo.ph', '’day ''da...
                                                             ^

2025-02-16 12:47:46,979 - ERROR - Error processing batch (attempt 1/3): syntax error in tsvector: "’day 'day"
LINE 3: ...VALUES ('’day', '''day', 'tl', 'diksiyonaryo.ph', '’day ''da...
                                                             ^

2025-02-16 12:47:46,993 - ERROR - Error processing batch (attempt 2/3): syntax error in tsvector: "’day 'day"
LINE 3: ...VALUES ('’day', '''day', 'tl', 'diksiyonaryo.ph', '’day ''da...
                                                             ^

2025-02-16 12:47:47,008 - ERROR - Error processing batch (attempt 3/3): syntax error in tsvector: "’day 'day"
LINE 3: ...VALUES ('’day', '''day', 'tl', 'diksiyonaryo.ph', '’day ''da...
                                                             ^

2025-02-16 12:47:47,008 - ERROR - Error processing lemma deskánso: syntax error in tsvector: "’day 'day"
LINE 3: ...VALUES ('’day', '''day', 'tl', 'diksiyonaryo.ph', '’day ''da...
                                                             ^

2025-02-16 12:47:47,023 - ERROR - Error processing batch (attempt 1/3): syntax error in tsvector: "’day 'day"
LINE 3: ...VALUES ('’day', '''day', 'tl', 'diksiyonaryo.ph', '’day ''da...
                                                             ^

2025-02-16 12:47:47,037 - ERROR - Error processing batch (attempt 2/3): syntax error in tsvector: "’day 'day"
LINE 3: ...VALUES ('’day', '''day', 'tl', 'diksiyonaryo.ph', '’day ''da...
                                                             ^

2025-02-16 12:47:47,052 - ERROR - Error processing batch (attempt 3/3): syntax error in tsvector: "’day 'day"
LINE 3: ...VALUES ('’day', '''day', 'tl', 'diksiyonaryo.ph', '’day ''da...
                                                             ^

2025-02-16 12:47:47,053 - ERROR - Error processing lemma deskargá: syntax error in tsvector: "’day 'day"
LINE 3: ...VALUES ('’day', '''day', 'tl', 'diksiyonaryo.ph', '’day ''da...
                                                             ^

2025-02-16 12:47:47,067 - ERROR - Error processing batch (attempt 1/3): syntax error in tsvector: "’day 'day"
LINE 3: ...VALUES ('’day', '''day', 'tl', 'diksiyonaryo.ph', '’day ''da...
                                                             ^

2025-02-16 12:47:47,083 - ERROR - Error processing batch (attempt 2/3): syntax error in tsvector: "’day 'day"
LINE 3: ...VALUES ('’day', '''day', 'tl', 'diksiyonaryo.ph', '’day ''da...
                                                             ^

2025-02-16 12:47:47,098 - ERROR - Error processing batch (attempt 3/3): syntax error in tsvector: "’day 'day"
LINE 3: ...VALUES ('’day', '''day', 'tl', 'diksiyonaryo.ph', '’day ''da...
                                                             ^

2025-02-16 12:47:47,098 - ERROR - Error processing lemma deskargádo: syntax error in tsvector: "’day 'day"
LINE 3: ...VALUES ('’day', '''day', 'tl', 'diksiyonaryo.ph', '’day ''da...
                                                             ^

2025-02-16 12:47:47,113 - ERROR - Error processing batch (attempt 1/3): syntax error in tsvector: "’day 'day"
LINE 3: ...VALUES ('’day', '''day', 'tl', 'diksiyonaryo.ph', '’day ''da...
                                                             ^

2025-02-16 12:47:47,127 - ERROR - Error processing batch (attempt 2/3): syntax error in tsvector: "’day 'day"
LINE 3: ...VALUES ('’day', '''day', 'tl', 'diksiyonaryo.ph', '’day ''da...
                                                             ^

2025-02-16 12:47:47,141 - ERROR - Error processing batch (attempt 3/3): syntax error in tsvector: "’day 'day"
LINE 3: ...VALUES ('’day', '''day', 'tl', 'diksiyonaryo.ph', '’day ''da...
                                                             ^

2025-02-16 12:47:47,142 - ERROR - Error processing lemma deskárgo: syntax error in tsvector: "’day 'day"
LINE 3: ...VALUES ('’day', '''day', 'tl', 'diksiyonaryo.ph', '’day ''da...
                                                             ^

2025-02-16 12:47:47,158 - ERROR - Error processing batch (attempt 1/3): syntax error in tsvector: "’day 'day"
LINE 3: ...VALUES ('’day', '''day', 'tl', 'diksiyonaryo.ph', '’day ''da...
                                                             ^

2025-02-16 12:47:47,171 - ERROR - Error processing batch (attempt 2/3): syntax error in tsvector: "’day 'day"
LINE 3: ...VALUES ('’day', '''day', 'tl', 'diksiyonaryo.ph', '’day ''da...
                                                             ^

2025-02-16 12:47:47,185 - ERROR - Error processing batch (attempt 3/3): syntax error in tsvector: "’day 'day"
LINE 3: ...VALUES ('’day', '''day', 'tl', 'diksiyonaryo.ph', '’day ''da...
                                                             ^

2025-02-16 12:47:47,186 - ERROR - Error processing lemma deskaríl: syntax error in tsvector: "’day 'day"
LINE 3: ...VALUES ('’day', '''day', 'tl', 'diksiyonaryo.ph', '’day ''da...
                                                             ^

2025-02-16 12:47:47,199 - ERROR - Error processing batch (attempt 1/3): syntax error in tsvector: "’day 'day"
LINE 3: ...VALUES ('’day', '''day', 'tl', 'diksiyonaryo.ph', '’day ''da...
                                                             ^

2025-02-16 12:47:47,212 - ERROR - Error processing batch (attempt 2/3): syntax error in tsvector: "’day 'day"
LINE 3: ...VALUES ('’day', '''day', 'tl', 'diksiyonaryo.ph', '’day ''da...
                                                             ^

2025-02-16 12:47:47,226 - ERROR - Error processing batch (attempt 3/3): syntax error in tsvector: "’day 'day"
LINE 3: ...VALUES ('’day', '''day', 'tl', 'diksiyonaryo.ph', '’day ''da...
                                                             ^

2025-02-16 12:47:47,226 - ERROR - Error processing lemma deskárte: syntax error in tsvector: "’day 'day"
LINE 3: ...VALUES ('’day', '''day', 'tl', 'diksiyonaryo.ph', '’day ''da...
                                                             ^

2025-02-16 12:47:47,241 - ERROR - Error processing batch (attempt 1/3): syntax error in tsvector: "’day 'day"
LINE 3: ...VALUES ('’day', '''day', 'tl', 'diksiyonaryo.ph', '’day ''da...
                                                             ^

2025-02-16 12:47:47,255 - ERROR - Error processing batch (attempt 2/3): syntax error in tsvector: "’day 'day"
LINE 3: ...VALUES ('’day', '''day', 'tl', 'diksiyonaryo.ph', '’day ''da...
                                                             ^

2025-02-16 12:47:47,269 - ERROR - Error processing batch (attempt 3/3): syntax error in tsvector: "’day 'day"
LINE 3: ...VALUES ('’day', '''day', 'tl', 'diksiyonaryo.ph', '’day ''da...
                                                             ^

2025-02-16 12:47:47,269 - ERROR - Error processing lemma desklabadór: syntax error in tsvector: "’day 'day"
LINE 3: ...VALUES ('’day', '''day', 'tl', 'diksiyonaryo.ph', '’day ''da...
                                                             ^

2025-02-16 12:47:47,283 - ERROR - Error processing batch (attempt 1/3): syntax error in tsvector: "’day 'day"
LINE 3: ...VALUES ('’day', '''day', 'tl', 'diksiyonaryo.ph', '’day ''da...
                                                             ^

2025-02-16 12:47:47,296 - ERROR - Error processing batch (attempt 2/3): syntax error in tsvector: "’day 'day"
LINE 3: ...VALUES ('’day', '''day', 'tl', 'diksiyonaryo.ph', '’day ''da...
                                                             ^

2025-02-16 12:47:47,309 - ERROR - Error processing batch (attempt 3/3): syntax error in tsvector: "’day 'day"
LINE 3: ...VALUES ('’day', '''day', 'tl', 'diksiyonaryo.ph', '’day ''da...
                                                             ^

2025-02-16 12:47:47,309 - ERROR - Error processing lemma deskolorído: syntax error in tsvector: "’day 'day"
LINE 3: ...VALUES ('’day', '''day', 'tl', 'diksiyonaryo.ph', '’day ''da...
                                                             ^

2025-02-16 12:47:47,324 - ERROR - Error processing batch (attempt 1/3): syntax error in tsvector: "’day 'day"
LINE 3: ...VALUES ('’day', '''day', 'tl', 'diksiyonaryo.ph', '’day ''da...
                                                             ^

2025-02-16 12:47:47,339 - ERROR - Error processing batch (attempt 2/3): syntax error in tsvector: "’day 'day"
LINE 3: ...VALUES ('’day', '''day', 'tl', 'diksiyonaryo.ph', '’day ''da...
                                                             ^

2025-02-16 12:47:47,352 - ERROR - Error processing batch (attempt 3/3): syntax error in tsvector: "’day 'day"
LINE 3: ...VALUES ('’day', '''day', 'tl', 'diksiyonaryo.ph', '’day ''da...
                                                             ^

2025-02-16 12:47:47,353 - ERROR - Error processing lemma deskomodidád: syntax error in tsvector: "’day 'day"
LINE 3: ...VALUES ('’day', '''day', 'tl', 'diksiyonaryo.ph', '’day ''da...
                                                             ^

2025-02-16 12:47:47,368 - ERROR - Error processing batch (attempt 1/3): syntax error in tsvector: "’day 'day"
LINE 3: ...VALUES ('’day', '''day', 'tl', 'diksiyonaryo.ph', '’day ''da...
                                                             ^

2025-02-16 12:47:47,382 - ERROR - Error processing batch (attempt 2/3): syntax error in tsvector: "’day 'day"
LINE 3: ...VALUES ('’day', '''day', 'tl', 'diksiyonaryo.ph', '’day ''da...
                                                             ^

2025-02-16 12:47:47,398 - ERROR - Error processing batch (attempt 3/3): syntax error in tsvector: "’day 'day"
LINE 3: ...VALUES ('’day', '''day', 'tl', 'diksiyonaryo.ph', '’day ''da...
                                                             ^

2025-02-16 12:47:47,398 - ERROR - Error processing lemma déskompasádo: syntax error in tsvector: "’day 'day"
LINE 3: ...VALUES ('’day', '''day', 'tl', 'diksiyonaryo.ph', '’day ''da...
                                                             ^

2025-02-16 12:47:47,413 - ERROR - Error processing batch (attempt 1/3): syntax error in tsvector: "’day 'day"
LINE 3: ...VALUES ('’day', '''day', 'tl', 'diksiyonaryo.ph', '’day ''da...
                                                             ^

2025-02-16 12:47:47,428 - ERROR - Error processing batch (attempt 2/3): syntax error in tsvector: "’day 'day"
LINE 3: ...VALUES ('’day', '''day', 'tl', 'diksiyonaryo.ph', '’day ''da...
                                                             ^

2025-02-16 12:47:47,442 - ERROR - Error processing batch (attempt 3/3): syntax error in tsvector: "’day 'day"
LINE 3: ...VALUES ('’day', '''day', 'tl', 'diksiyonaryo.ph', '’day ''da...
                                                             ^

2025-02-16 12:47:47,443 - ERROR - Error processing lemma deskompiyánsa: syntax error in tsvector: "’day 'day"
LINE 3: ...VALUES ('’day', '''day', 'tl', 'diksiyonaryo.ph', '’day ''da...
                                                             ^

2025-02-16 12:47:47,458 - ERROR - Error processing batch (attempt 1/3): syntax error in tsvector: "’day 'day"
LINE 3: ...VALUES ('’day', '''day', 'tl', 'diksiyonaryo.ph', '’day ''da...
                                                             ^

2025-02-16 12:47:47,473 - ERROR - Error processing batch (attempt 2/3): syntax error in tsvector: "’day 'day"
LINE 3: ...VALUES ('’day', '''day', 'tl', 'diksiyonaryo.ph', '’day ''da...
                                                             ^

2025-02-16 12:47:47,488 - ERROR - Error processing batch (attempt 3/3): syntax error in tsvector: "’day 'day"
LINE 3: ...VALUES ('’day', '''day', 'tl', 'diksiyonaryo.ph', '’day ''da...
                                                             ^

2025-02-16 12:47:47,488 - ERROR - Error processing lemma deskomulgádo: syntax error in tsvector: "’day 'day"
LINE 3: ...VALUES ('’day', '''day', 'tl', 'diksiyonaryo.ph', '’day ''da...
                                                             ^

2025-02-16 12:47:47,502 - ERROR - Error processing batch (attempt 1/3): syntax error in tsvector: "’day 'day"
LINE 3: ...VALUES ('’day', '''day', 'tl', 'diksiyonaryo.ph', '’day ''da...
                                                             ^

2025-02-16 12:47:47,516 - ERROR - Error processing batch (attempt 2/3): syntax error in tsvector: "’day 'day"
LINE 3: ...VALUES ('’day', '''day', 'tl', 'diksiyonaryo.ph', '’day ''da...
                                                             ^

2025-02-16 12:47:47,530 - ERROR - Error processing batch (attempt 3/3): syntax error in tsvector: "’day 'day"
LINE 3: ...VALUES ('’day', '''day', 'tl', 'diksiyonaryo.ph', '’day ''da...
                                                             ^

2025-02-16 12:47:47,530 - ERROR - Error processing lemma deskonsoládo: syntax error in tsvector: "’day 'day"
LINE 3: ...VALUES ('’day', '''day', 'tl', 'diksiyonaryo.ph', '’day ''da...
                                                             ^

2025-02-16 12:47:47,544 - ERROR - Error processing batch (attempt 1/3): syntax error in tsvector: "’day 'day"
LINE 3: ...VALUES ('’day', '''day', 'tl', 'diksiyonaryo.ph', '’day ''da...
                                                             ^

2025-02-16 12:47:47,558 - ERROR - Error processing batch (attempt 2/3): syntax error in tsvector: "’day 'day"
LINE 3: ...VALUES ('’day', '''day', 'tl', 'diksiyonaryo.ph', '’day ''da...
                                                             ^

2025-02-16 12:47:47,572 - ERROR - Error processing batch (attempt 3/3): syntax error in tsvector: "’day 'day"
LINE 3: ...VALUES ('’day', '''day', 'tl', 'diksiyonaryo.ph', '’day ''da...
                                                             ^

2025-02-16 12:47:47,572 - ERROR - Error processing lemma deskonstruksiyón: syntax error in tsvector: "’day 'day"
LINE 3: ...VALUES ('’day', '''day', 'tl', 'diksiyonaryo.ph', '’day ''da...
                                                             ^

2025-02-16 12:47:47,586 - ERROR - Error processing batch (attempt 1/3): syntax error in tsvector: "’day 'day"
LINE 3: ...VALUES ('’day', '''day', 'tl', 'diksiyonaryo.ph', '’day ''da...
                                                             ^

2025-02-16 12:47:47,601 - ERROR - Error processing batch (attempt 2/3): syntax error in tsvector: "’day 'day"
LINE 3: ...VALUES ('’day', '''day', 'tl', 'diksiyonaryo.ph', '’day ''da...
                                                             ^

2025-02-16 12:47:47,615 - ERROR - Error processing batch (attempt 3/3): syntax error in tsvector: "’day 'day"
LINE 3: ...VALUES ('’day', '''day', 'tl', 'diksiyonaryo.ph', '’day ''da...
                                                             ^

2025-02-16 12:47:47,615 - ERROR - Error processing lemma deskonténto: syntax error in tsvector: "’day 'day"
LINE 3: ...VALUES ('’day', '''day', 'tl', 'diksiyonaryo.ph', '’day ''da...
                                                             ^

2025-02-16 12:47:47,629 - ERROR - Error processing batch (attempt 1/3): syntax error in tsvector: "’day 'day"
LINE 3: ...VALUES ('’day', '''day', 'tl', 'diksiyonaryo.ph', '’day ''da...
                                                             ^

2025-02-16 12:47:47,656 - ERROR - Error processing batch (attempt 2/3): syntax error in tsvector: "’day 'day"
LINE 3: ...VALUES ('’day', '''day', 'tl', 'diksiyonaryo.ph', '’day ''da...
                                                             ^

2025-02-16 12:47:47,682 - ERROR - Error processing batch (attempt 3/3): syntax error in tsvector: "’day 'day"
LINE 3: ...VALUES ('’day', '''day', 'tl', 'diksiyonaryo.ph', '’day ''da...
                                                             ^

2025-02-16 12:47:47,682 - ERROR - Error processing lemma deskortesíya: syntax error in tsvector: "’day 'day"
LINE 3: ...VALUES ('’day', '''day', 'tl', 'diksiyonaryo.ph', '’day ''da...
                                                             ^

2025-02-16 12:47:47,715 - ERROR - Error processing batch (attempt 1/3): syntax error in tsvector: "’day 'day"
LINE 3: ...VALUES ('’day', '''day', 'tl', 'diksiyonaryo.ph', '’day ''da...
                                                             ^

2025-02-16 12:47:47,737 - ERROR - Error processing batch (attempt 2/3): syntax error in tsvector: "’day 'day"
LINE 3: ...VALUES ('’day', '''day', 'tl', 'diksiyonaryo.ph', '’day ''da...
                                                             ^

2025-02-16 12:47:47,769 - ERROR - Error processing batch (attempt 3/3): syntax error in tsvector: "’day 'day"
LINE 3: ...VALUES ('’day', '''day', 'tl', 'diksiyonaryo.ph', '’day ''da...
                                                             ^

2025-02-16 12:47:47,770 - ERROR - Error processing lemma deskréditó: syntax error in tsvector: "’day 'day"
LINE 3: ...VALUES ('’day', '''day', 'tl', 'diksiyonaryo.ph', '’day ''da...
                                                             ^

2025-02-16 12:47:47,805 - ERROR - Error processing batch (attempt 1/3): syntax error in tsvector: "’day 'day"
LINE 3: ...VALUES ('’day', '''day', 'tl', 'diksiyonaryo.ph', '’day ''da...
                                                             ^

2025-02-16 12:47:47,830 - ERROR - Error processing batch (attempt 2/3): syntax error in tsvector: "’day 'day"
LINE 3: ...VALUES ('’day', '''day', 'tl', 'diksiyonaryo.ph', '’day ''da...
                                                             ^

2025-02-16 12:47:47,855 - ERROR - Error processing batch (attempt 3/3): syntax error in tsvector: "’day 'day"
LINE 3: ...VALUES ('’day', '''day', 'tl', 'diksiyonaryo.ph', '’day ''da...
                                                             ^

2025-02-16 12:47:47,855 - ERROR - Error processing lemma deskribé: syntax error in tsvector: "’day 'day"
LINE 3: ...VALUES ('’day', '''day', 'tl', 'diksiyonaryo.ph', '’day ''da...
                                                             ^

2025-02-16 12:47:47,879 - ERROR - Error processing batch (attempt 1/3): syntax error in tsvector: "’day 'day"
LINE 3: ...VALUES ('’day', '''day', 'tl', 'diksiyonaryo.ph', '’day ''da...
                                                             ^

2025-02-16 12:47:47,906 - ERROR - Error processing batch (attempt 2/3): syntax error in tsvector: "’day 'day"
LINE 3: ...VALUES ('’day', '''day', 'tl', 'diksiyonaryo.ph', '’day ''da...
                                                             ^

2025-02-16 12:47:47,929 - ERROR - Error processing batch (attempt 3/3): syntax error in tsvector: "’day 'day"
LINE 3: ...VALUES ('’day', '''day', 'tl', 'diksiyonaryo.ph', '’day ''da...
                                                             ^

2025-02-16 12:47:47,929 - ERROR - Error processing lemma deskripsiyón: syntax error in tsvector: "’day 'day"
LINE 3: ...VALUES ('’day', '''day', 'tl', 'diksiyonaryo.ph', '’day ''da...
                                                             ^

2025-02-16 12:47:47,952 - ERROR - Error processing batch (attempt 1/3): syntax error in tsvector: "’day 'day"
LINE 3: ...VALUES ('’day', '''day', 'tl', 'diksiyonaryo.ph', '’day ''da...
                                                             ^

2025-02-16 12:47:47,980 - ERROR - Error processing batch (attempt 2/3): syntax error in tsvector: "’day 'day"
LINE 3: ...VALUES ('’day', '''day', 'tl', 'diksiyonaryo.ph', '’day ''da...
                                                             ^

2025-02-16 12:47:48,016 - ERROR - Error processing batch (attempt 3/3): syntax error in tsvector: "’day 'day"
LINE 3: ...VALUES ('’day', '''day', 'tl', 'diksiyonaryo.ph', '’day ''da...
                                                             ^

2025-02-16 12:47:48,016 - ERROR - Error processing lemma deskriptíbo: syntax error in tsvector: "’day 'day"
LINE 3: ...VALUES ('’day', '''day', 'tl', 'diksiyonaryo.ph', '’day ''da...
                                                             ^

2025-02-16 12:47:48,042 - ERROR - Error processing batch (attempt 1/3): syntax error in tsvector: "’day 'day"
LINE 3: ...VALUES ('’day', '''day', 'tl', 'diksiyonaryo.ph', '’day ''da...
                                                             ^

2025-02-16 12:47:48,072 - ERROR - Error processing batch (attempt 2/3): syntax error in tsvector: "’day 'day"
LINE 3: ...VALUES ('’day', '''day', 'tl', 'diksiyonaryo.ph', '’day ''da...
                                                             ^

2025-02-16 12:47:48,108 - ERROR - Error processing batch (attempt 3/3): syntax error in tsvector: "’day 'day"
LINE 3: ...VALUES ('’day', '''day', 'tl', 'diksiyonaryo.ph', '’day ''da...
                                                             ^

2025-02-16 12:47:48,108 - ERROR - Error processing lemma deskubrí: syntax error in tsvector: "’day 'day"
LINE 3: ...VALUES ('’day', '''day', 'tl', 'diksiyonaryo.ph', '’day ''da...
                                                             ^

2025-02-16 12:47:48,138 - ERROR - Error processing batch (attempt 1/3): syntax error in tsvector: "’day 'day"
LINE 3: ...VALUES ('’day', '''day', 'tl', 'diksiyonaryo.ph', '’day ''da...
                                                             ^

2025-02-16 12:47:48,162 - ERROR - Error processing batch (attempt 2/3): syntax error in tsvector: "’day 'day"
LINE 3: ...VALUES ('’day', '''day', 'tl', 'diksiyonaryo.ph', '’day ''da...
                                                             ^

2025-02-16 12:47:48,196 - ERROR - Error processing batch (attempt 3/3): syntax error in tsvector: "’day 'day"
LINE 3: ...VALUES ('’day', '''day', 'tl', 'diksiyonaryo.ph', '’day ''da...
                                                             ^

2025-02-16 12:47:48,196 - ERROR - Error processing lemma deskubridór: syntax error in tsvector: "’day 'day"
LINE 3: ...VALUES ('’day', '''day', 'tl', 'diksiyonaryo.ph', '’day ''da...
                                                             ^

2025-02-16 12:47:48,227 - ERROR - Error processing batch (attempt 1/3): syntax error in tsvector: "’day 'day"
LINE 3: ...VALUES ('’day', '''day', 'tl', 'diksiyonaryo.ph', '’day ''da...
                                                             ^

2025-02-16 12:47:48,255 - ERROR - Error processing batch (attempt 2/3): syntax error in tsvector: "’day 'day"
LINE 3: ...VALUES ('’day', '''day', 'tl', 'diksiyonaryo.ph', '’day ''da...
                                                             ^

2025-02-16 12:47:48,297 - ERROR - Error processing batch (attempt 3/3): syntax error in tsvector: "’day 'day"
LINE 3: ...VALUES ('’day', '''day', 'tl', 'diksiyonaryo.ph', '’day ''da...
                                                             ^

2025-02-16 12:47:48,297 - ERROR - Error processing lemma deskubrimyénto: syntax error in tsvector: "’day 'day"
LINE 3: ...VALUES ('’day', '''day', 'tl', 'diksiyonaryo.ph', '’day ''da...
                                                             ^

2025-02-16 12:47:48,325 - ERROR - Error processing batch (attempt 1/3): syntax error in tsvector: "’day 'day"
LINE 3: ...VALUES ('’day', '''day', 'tl', 'diksiyonaryo.ph', '’day ''da...
                                                             ^

2025-02-16 12:47:48,359 - ERROR - Error processing batch (attempt 2/3): syntax error in tsvector: "’day 'day"
LINE 3: ...VALUES ('’day', '''day', 'tl', 'diksiyonaryo.ph', '’day ''da...
                                                             ^

2025-02-16 12:47:48,383 - ERROR - Error processing batch (attempt 3/3): syntax error in tsvector: "’day 'day"
LINE 3: ...VALUES ('’day', '''day', 'tl', 'diksiyonaryo.ph', '’day ''da...
                                                             ^

2025-02-16 12:47:48,384 - ERROR - Error processing lemma deskúmpiyádo: syntax error in tsvector: "’day 'day"
LINE 3: ...VALUES ('’day', '''day', 'tl', 'diksiyonaryo.ph', '’day ''da...
                                                             ^

2025-02-16 12:47:48,410 - ERROR - Error processing batch (attempt 1/3): syntax error in tsvector: "’day 'day"
LINE 3: ...VALUES ('’day', '''day', 'tl', 'diksiyonaryo.ph', '’day ''da...
                                                             ^

2025-02-16 12:47:48,434 - ERROR - Error processing batch (attempt 2/3): syntax error in tsvector: "’day 'day"
LINE 3: ...VALUES ('’day', '''day', 'tl', 'diksiyonaryo.ph', '’day ''da...
                                                             ^

2025-02-16 12:47:48,470 - ERROR - Error processing batch (attempt 3/3): syntax error in tsvector: "’day 'day"
LINE 3: ...VALUES ('’day', '''day', 'tl', 'diksiyonaryo.ph', '’day ''da...
                                                             ^

2025-02-16 12:47:48,471 - ERROR - Error processing lemma deskuwénto: syntax error in tsvector: "’day 'day"
LINE 3: ...VALUES ('’day', '''day', 'tl', 'diksiyonaryo.ph', '’day ''da...
                                                             ^

2025-02-16 12:47:48,499 - ERROR - Error processing batch (attempt 1/3): syntax error in tsvector: "’day 'day"
LINE 3: ...VALUES ('’day', '''day', 'tl', 'diksiyonaryo.ph', '’day ''da...
                                                             ^

2025-02-16 12:47:48,525 - ERROR - Error processing batch (attempt 2/3): syntax error in tsvector: "’day 'day"
LINE 3: ...VALUES ('’day', '''day', 'tl', 'diksiyonaryo.ph', '’day ''da...
                                                             ^

2025-02-16 12:47:48,559 - ERROR - Error processing batch (attempt 3/3): syntax error in tsvector: "’day 'day"
LINE 3: ...VALUES ('’day', '''day', 'tl', 'diksiyonaryo.ph', '’day ''da...
                                                             ^

2025-02-16 12:47:48,559 - ERROR - Error processing lemma deslealtád: syntax error in tsvector: "’day 'day"
LINE 3: ...VALUES ('’day', '''day', 'tl', 'diksiyonaryo.ph', '’day ''da...
                                                             ^

