2025-02-09 11:34:45,085 - INFO - Attempting database connection...
2025-02-09 11:34:45,086 - INFO - Database configuration:
2025-02-09 11:34:45,086 - INFO -   Database Name: fil_dict_db
2025-02-09 11:34:45,087 - INFO -   User: postgres
2025-02-09 11:34:45,087 - INFO -   Host: localhost
2025-02-09 11:34:45,088 - INFO -   Password: ********
2025-02-09 11:34:45,155 - INFO - Successfully established database connection
2025-02-09 11:34:45,155 - INFO - Setting up PostgreSQL extensions...
2025-02-09 11:34:45,155 - INFO - Checking extension: pg_trgm
2025-02-09 11:34:45,161 - INFO - Extension already installed: pg_trgm
2025-02-09 11:34:45,161 - INFO - Checking extension: unaccent
2025-02-09 11:34:45,162 - INFO - Extension already installed: unaccent
2025-02-09 11:34:45,162 - INFO - Checking extension: fuzzystrmatch
2025-02-09 11:34:45,163 - INFO - Extension already installed: fuzzystrmatch
2025-02-09 11:34:45,164 - INFO - Extensions setup completed
2025-02-09 11:34:45,164 - INFO - Starting table creation/update process.
2025-02-09 11:34:45,230 - INFO - Tables created or updated successfully.
2025-02-09 11:34:45,233 - WARNING - Source file not found: data/tagalog-words.json
2025-02-09 11:34:45,234 - WARNING - Source file not found: data/root_words_with_associated_words_cleaned.json
2025-02-09 11:34:45,234 - WARNING - Source file not found: data/kwf_dictionary.json
2025-02-09 11:34:45,235 - WARNING - Source file not found: data/kaikki.jsonl
2025-02-09 11:34:45,235 - WARNING - Source file not found: data/kaikki-ceb.jsonl
2025-02-09 11:34:45,237 - INFO - Processing Baybayin entries...
2025-02-09 11:34:45,289 - INFO - Baybayin data cleanup completed successfully
2025-02-09 11:34:45,289 - INFO - Migration completed successfully
