2025-02-16 12:52:13,933 - INFO - Attempting database connection...
2025-02-16 12:52:13,933 - INFO - Database configuration:
2025-02-16 12:52:13,934 - INFO -   Database Name: fil_dict_db
2025-02-16 12:52:13,934 - INFO -   User: postgres
2025-02-16 12:52:13,934 - INFO -   Host: localhost
2025-02-16 12:52:13,934 - INFO -   Password: ********
2025-02-16 12:52:13,982 - INFO - Successfully established database connection
2025-02-16 12:52:13,983 - INFO - Setting up PostgreSQL extensions...
2025-02-16 12:52:14,024 - INFO - Extension pg_trgm already installed
2025-02-16 12:52:14,025 - INFO - Extension unaccent already installed
2025-02-16 12:52:14,025 - INFO - Extension fuzzystrmatch already installed
2025-02-16 12:52:14,026 - INFO - Extension dict_xsyn already installed
2025-02-16 12:52:14,026 - INFO - Starting table creation/update process.
2025-02-16 12:52:14,127 - INFO - Standardizing source names...
2025-02-16 12:52:14,246 - INFO - Source names standardization completed
2025-02-16 12:52:14,247 - INFO - Tables created or updated successfully.
2025-02-16 12:52:14,257 - INFO - Processing Tagalog words from: data/tagalog-words.json
2025-02-16 12:52:15,242 - ERROR - Error processing batch (attempt 1/3): ON CONFLICT DO UPDATE command cannot affect row a second time
HINT:  Ensure that no rows proposed for insertion within the same command have duplicate constrained values.

2025-02-16 12:52:15,319 - ERROR - Error processing batch (attempt 2/3): ON CONFLICT DO UPDATE command cannot affect row a second time
HINT:  Ensure that no rows proposed for insertion within the same command have duplicate constrained values.

2025-02-16 12:52:15,393 - ERROR - Error processing batch (attempt 3/3): ON CONFLICT DO UPDATE command cannot affect row a second time
HINT:  Ensure that no rows proposed for insertion within the same command have duplicate constrained values.

2025-02-16 12:52:15,393 - ERROR - Error processing lemma condition: ON CONFLICT DO UPDATE command cannot affect row a second time
HINT:  Ensure that no rows proposed for insertion within the same command have duplicate constrained values.

2025-02-16 12:52:15,545 - ERROR - Error processing batch (attempt 1/3): syntax error in tsvector: "’day 'day"
LINE 3: ...VALUES ('’day', '''day', 'tl', 'diksiyonaryo.ph', '’day ''da...
                                                             ^

2025-02-16 12:52:15,564 - ERROR - Error processing batch (attempt 2/3): syntax error in tsvector: "’day 'day"
LINE 3: ...VALUES ('’day', '''day', 'tl', 'diksiyonaryo.ph', '’day ''da...
                                                             ^

2025-02-16 12:52:15,582 - ERROR - Error processing batch (attempt 3/3): syntax error in tsvector: "’day 'day"
LINE 3: ...VALUES ('’day', '''day', 'tl', 'diksiyonaryo.ph', '’day ''da...
                                                             ^

2025-02-16 12:52:15,582 - ERROR - Error processing lemma desgustádo: syntax error in tsvector: "’day 'day"
LINE 3: ...VALUES ('’day', '''day', 'tl', 'diksiyonaryo.ph', '’day ''da...
                                                             ^

2025-02-16 12:52:15,600 - ERROR - Error processing batch (attempt 1/3): syntax error in tsvector: "’day 'day"
LINE 3: ...VALUES ('’day', '''day', 'tl', 'diksiyonaryo.ph', '’day ''da...
                                                             ^

2025-02-16 12:52:15,617 - ERROR - Error processing batch (attempt 2/3): syntax error in tsvector: "’day 'day"
LINE 3: ...VALUES ('’day', '''day', 'tl', 'diksiyonaryo.ph', '’day ''da...
                                                             ^

2025-02-16 12:52:15,634 - ERROR - Error processing batch (attempt 3/3): syntax error in tsvector: "’day 'day"
LINE 3: ...VALUES ('’day', '''day', 'tl', 'diksiyonaryo.ph', '’day ''da...
                                                             ^

2025-02-16 12:52:15,635 - ERROR - Error processing lemma desgústo: syntax error in tsvector: "’day 'day"
LINE 3: ...VALUES ('’day', '''day', 'tl', 'diksiyonaryo.ph', '’day ''da...
                                                             ^

2025-02-16 12:52:15,651 - ERROR - Error processing batch (attempt 1/3): syntax error in tsvector: "’day 'day"
LINE 3: ...VALUES ('’day', '''day', 'tl', 'diksiyonaryo.ph', '’day ''da...
                                                             ^

2025-02-16 12:52:15,669 - ERROR - Error processing batch (attempt 2/3): syntax error in tsvector: "’day 'day"
LINE 3: ...VALUES ('’day', '''day', 'tl', 'diksiyonaryo.ph', '’day ''da...
                                                             ^

2025-02-16 12:52:15,688 - ERROR - Error processing batch (attempt 3/3): syntax error in tsvector: "’day 'day"
LINE 3: ...VALUES ('’day', '''day', 'tl', 'diksiyonaryo.ph', '’day ''da...
                                                             ^

2025-02-16 12:52:15,688 - ERROR - Error processing lemma dési-: syntax error in tsvector: "’day 'day"
LINE 3: ...VALUES ('’day', '''day', 'tl', 'diksiyonaryo.ph', '’day ''da...
                                                             ^

2025-02-16 12:52:15,707 - ERROR - Error processing batch (attempt 1/3): syntax error in tsvector: "’day 'day"
LINE 3: ...VALUES ('’day', '''day', 'tl', 'diksiyonaryo.ph', '’day ''da...
                                                             ^

2025-02-16 12:52:15,726 - ERROR - Error processing batch (attempt 2/3): syntax error in tsvector: "’day 'day"
LINE 3: ...VALUES ('’day', '''day', 'tl', 'diksiyonaryo.ph', '’day ''da...
                                                             ^

2025-02-16 12:52:15,745 - ERROR - Error processing batch (attempt 3/3): syntax error in tsvector: "’day 'day"
LINE 3: ...VALUES ('’day', '''day', 'tl', 'diksiyonaryo.ph', '’day ''da...
                                                             ^

2025-02-16 12:52:15,745 - ERROR - Error processing lemma desidé: syntax error in tsvector: "’day 'day"
LINE 3: ...VALUES ('’day', '''day', 'tl', 'diksiyonaryo.ph', '’day ''da...
                                                             ^

2025-02-16 12:52:15,764 - ERROR - Error processing batch (attempt 1/3): syntax error in tsvector: "’day 'day"
LINE 3: ...VALUES ('’day', '''day', 'tl', 'diksiyonaryo.ph', '’day ''da...
                                                             ^

2025-02-16 12:52:15,787 - ERROR - Error processing batch (attempt 2/3): syntax error in tsvector: "’day 'day"
LINE 3: ...VALUES ('’day', '''day', 'tl', 'diksiyonaryo.ph', '’day ''da...
                                                             ^

2025-02-16 12:52:15,808 - ERROR - Error processing batch (attempt 3/3): syntax error in tsvector: "’day 'day"
LINE 3: ...VALUES ('’day', '''day', 'tl', 'diksiyonaryo.ph', '’day ''da...
                                                             ^

2025-02-16 12:52:15,808 - ERROR - Error processing lemma desideráta: syntax error in tsvector: "’day 'day"
LINE 3: ...VALUES ('’day', '''day', 'tl', 'diksiyonaryo.ph', '’day ''da...
                                                             ^

2025-02-16 12:52:15,828 - ERROR - Error processing batch (attempt 1/3): syntax error in tsvector: "’day 'day"
LINE 3: ...VALUES ('’day', '''day', 'tl', 'diksiyonaryo.ph', '’day ''da...
                                                             ^

2025-02-16 12:52:15,847 - ERROR - Error processing batch (attempt 2/3): syntax error in tsvector: "’day 'day"
LINE 3: ...VALUES ('’day', '''day', 'tl', 'diksiyonaryo.ph', '’day ''da...
                                                             ^

2025-02-16 12:52:15,867 - ERROR - Error processing batch (attempt 3/3): syntax error in tsvector: "’day 'day"
LINE 3: ...VALUES ('’day', '''day', 'tl', 'diksiyonaryo.ph', '’day ''da...
                                                             ^

2025-02-16 12:52:15,868 - ERROR - Error processing lemma desiderátum: syntax error in tsvector: "’day 'day"
LINE 3: ...VALUES ('’day', '''day', 'tl', 'diksiyonaryo.ph', '’day ''da...
                                                             ^

2025-02-16 12:52:15,887 - ERROR - Error processing batch (attempt 1/3): syntax error in tsvector: "’day 'day"
LINE 3: ...VALUES ('’day', '''day', 'tl', 'diksiyonaryo.ph', '’day ''da...
                                                             ^

2025-02-16 12:52:15,905 - ERROR - Error processing batch (attempt 2/3): syntax error in tsvector: "’day 'day"
LINE 3: ...VALUES ('’day', '''day', 'tl', 'diksiyonaryo.ph', '’day ''da...
                                                             ^

2025-02-16 12:52:15,924 - ERROR - Error processing batch (attempt 3/3): syntax error in tsvector: "’day 'day"
LINE 3: ...VALUES ('’day', '''day', 'tl', 'diksiyonaryo.ph', '’day ''da...
                                                             ^

2025-02-16 12:52:15,924 - ERROR - Error processing lemma desidído: syntax error in tsvector: "’day 'day"
LINE 3: ...VALUES ('’day', '''day', 'tl', 'diksiyonaryo.ph', '’day ''da...
                                                             ^

2025-02-16 12:52:15,941 - ERROR - Error processing batch (attempt 1/3): syntax error in tsvector: "’day 'day"
LINE 3: ...VALUES ('’day', '''day', 'tl', 'diksiyonaryo.ph', '’day ''da...
                                                             ^

2025-02-16 12:52:15,959 - ERROR - Error processing batch (attempt 2/3): syntax error in tsvector: "’day 'day"
LINE 3: ...VALUES ('’day', '''day', 'tl', 'diksiyonaryo.ph', '’day ''da...
                                                             ^

2025-02-16 12:52:15,976 - ERROR - Error processing batch (attempt 3/3): syntax error in tsvector: "’day 'day"
LINE 3: ...VALUES ('’day', '''day', 'tl', 'diksiyonaryo.ph', '’day ''da...
                                                             ^

2025-02-16 12:52:15,977 - ERROR - Error processing lemma design: syntax error in tsvector: "’day 'day"
LINE 3: ...VALUES ('’day', '''day', 'tl', 'diksiyonaryo.ph', '’day ''da...
                                                             ^

2025-02-16 12:52:15,995 - ERROR - Error processing batch (attempt 1/3): syntax error in tsvector: "’day 'day"
LINE 3: ...VALUES ('’day', '''day', 'tl', 'diksiyonaryo.ph', '’day ''da...
                                                             ^

2025-02-16 12:52:16,013 - ERROR - Error processing batch (attempt 2/3): syntax error in tsvector: "’day 'day"
LINE 3: ...VALUES ('’day', '''day', 'tl', 'diksiyonaryo.ph', '’day ''da...
                                                             ^

2025-02-16 12:52:16,032 - ERROR - Error processing batch (attempt 3/3): syntax error in tsvector: "’day 'day"
LINE 3: ...VALUES ('’day', '''day', 'tl', 'diksiyonaryo.ph', '’day ''da...
                                                             ^

2025-02-16 12:52:16,032 - ERROR - Error processing lemma designasyón: syntax error in tsvector: "’day 'day"
LINE 3: ...VALUES ('’day', '''day', 'tl', 'diksiyonaryo.ph', '’day ''da...
                                                             ^

2025-02-16 12:52:16,051 - ERROR - Error processing batch (attempt 1/3): syntax error in tsvector: "’day 'day"
LINE 3: ...VALUES ('’day', '''day', 'tl', 'diksiyonaryo.ph', '’day ''da...
                                                             ^

2025-02-16 12:52:16,069 - ERROR - Error processing batch (attempt 2/3): syntax error in tsvector: "’day 'day"
LINE 3: ...VALUES ('’day', '''day', 'tl', 'diksiyonaryo.ph', '’day ''da...
                                                             ^

2025-02-16 12:52:16,086 - ERROR - Error processing batch (attempt 3/3): syntax error in tsvector: "’day 'day"
LINE 3: ...VALUES ('’day', '''day', 'tl', 'diksiyonaryo.ph', '’day ''da...
                                                             ^

2025-02-16 12:52:16,086 - ERROR - Error processing lemma designation: syntax error in tsvector: "’day 'day"
LINE 3: ...VALUES ('’day', '''day', 'tl', 'diksiyonaryo.ph', '’day ''da...
                                                             ^

2025-02-16 12:52:16,104 - ERROR - Error processing batch (attempt 1/3): syntax error in tsvector: "’day 'day"
LINE 3: ...VALUES ('’day', '''day', 'tl', 'diksiyonaryo.ph', '’day ''da...
                                                             ^

2025-02-16 12:52:16,124 - ERROR - Error processing batch (attempt 2/3): syntax error in tsvector: "’day 'day"
LINE 3: ...VALUES ('’day', '''day', 'tl', 'diksiyonaryo.ph', '’day ''da...
                                                             ^

2025-02-16 12:52:16,142 - ERROR - Error processing batch (attempt 3/3): syntax error in tsvector: "’day 'day"
LINE 3: ...VALUES ('’day', '''day', 'tl', 'diksiyonaryo.ph', '’day ''da...
                                                             ^

2025-02-16 12:52:16,142 - ERROR - Error processing lemma désigrámo: syntax error in tsvector: "’day 'day"
LINE 3: ...VALUES ('’day', '''day', 'tl', 'diksiyonaryo.ph', '’day ''da...
                                                             ^

2025-02-16 12:52:16,162 - ERROR - Error processing batch (attempt 1/3): syntax error in tsvector: "’day 'day"
LINE 3: ...VALUES ('’day', '''day', 'tl', 'diksiyonaryo.ph', '’day ''da...
                                                             ^

2025-02-16 12:52:16,181 - ERROR - Error processing batch (attempt 2/3): syntax error in tsvector: "’day 'day"
LINE 3: ...VALUES ('’day', '''day', 'tl', 'diksiyonaryo.ph', '’day ''da...
                                                             ^

2025-02-16 12:52:16,203 - ERROR - Error processing batch (attempt 3/3): syntax error in tsvector: "’day 'day"
LINE 3: ...VALUES ('’day', '''day', 'tl', 'diksiyonaryo.ph', '’day ''da...
                                                             ^

2025-02-16 12:52:16,203 - ERROR - Error processing lemma désilítro: syntax error in tsvector: "’day 'day"
LINE 3: ...VALUES ('’day', '''day', 'tl', 'diksiyonaryo.ph', '’day ''da...
                                                             ^

2025-02-16 12:52:16,227 - ERROR - Error processing batch (attempt 1/3): syntax error in tsvector: "’day 'day"
LINE 3: ...VALUES ('’day', '''day', 'tl', 'diksiyonaryo.ph', '’day ''da...
                                                             ^

2025-02-16 12:52:16,251 - ERROR - Error processing batch (attempt 2/3): syntax error in tsvector: "’day 'day"
LINE 3: ...VALUES ('’day', '''day', 'tl', 'diksiyonaryo.ph', '’day ''da...
                                                             ^

2025-02-16 12:52:16,275 - ERROR - Error processing batch (attempt 3/3): syntax error in tsvector: "’day 'day"
LINE 3: ...VALUES ('’day', '''day', 'tl', 'diksiyonaryo.ph', '’day ''da...
                                                             ^

2025-02-16 12:52:16,276 - ERROR - Error processing lemma des-ilusyón: syntax error in tsvector: "’day 'day"
LINE 3: ...VALUES ('’day', '''day', 'tl', 'diksiyonaryo.ph', '’day ''da...
                                                             ^

2025-02-16 12:52:16,295 - ERROR - Error processing batch (attempt 1/3): syntax error in tsvector: "’day 'day"
LINE 3: ...VALUES ('’day', '''day', 'tl', 'diksiyonaryo.ph', '’day ''da...
                                                             ^

2025-02-16 12:52:16,318 - ERROR - Error processing batch (attempt 2/3): syntax error in tsvector: "’day 'day"
LINE 3: ...VALUES ('’day', '''day', 'tl', 'diksiyonaryo.ph', '’day ''da...
                                                             ^

2025-02-16 12:52:16,338 - ERROR - Error processing batch (attempt 3/3): syntax error in tsvector: "’day 'day"
LINE 3: ...VALUES ('’day', '''day', 'tl', 'diksiyonaryo.ph', '’day ''da...
                                                             ^

2025-02-16 12:52:16,339 - ERROR - Error processing lemma désimál: syntax error in tsvector: "’day 'day"
LINE 3: ...VALUES ('’day', '''day', 'tl', 'diksiyonaryo.ph', '’day ''da...
                                                             ^

2025-02-16 12:52:16,358 - ERROR - Error processing batch (attempt 1/3): syntax error in tsvector: "’day 'day"
LINE 3: ...VALUES ('’day', '''day', 'tl', 'diksiyonaryo.ph', '’day ''da...
                                                             ^

2025-02-16 12:52:16,378 - ERROR - Error processing batch (attempt 2/3): syntax error in tsvector: "’day 'day"
LINE 3: ...VALUES ('’day', '''day', 'tl', 'diksiyonaryo.ph', '’day ''da...
                                                             ^

2025-02-16 12:52:16,396 - ERROR - Error processing batch (attempt 3/3): syntax error in tsvector: "’day 'day"
LINE 3: ...VALUES ('’day', '''day', 'tl', 'diksiyonaryo.ph', '’day ''da...
                                                             ^

2025-02-16 12:52:16,396 - ERROR - Error processing lemma desímetró: syntax error in tsvector: "’day 'day"
LINE 3: ...VALUES ('’day', '''day', 'tl', 'diksiyonaryo.ph', '’day ''da...
                                                             ^

2025-02-16 12:52:16,415 - ERROR - Error processing batch (attempt 1/3): syntax error in tsvector: "’day 'day"
LINE 3: ...VALUES ('’day', '''day', 'tl', 'diksiyonaryo.ph', '’day ''da...
                                                             ^

2025-02-16 12:52:16,434 - ERROR - Error processing batch (attempt 2/3): syntax error in tsvector: "’day 'day"
LINE 3: ...VALUES ('’day', '''day', 'tl', 'diksiyonaryo.ph', '’day ''da...
                                                             ^

2025-02-16 12:52:16,456 - ERROR - Error processing batch (attempt 3/3): syntax error in tsvector: "’day 'day"
LINE 3: ...VALUES ('’day', '''day', 'tl', 'diksiyonaryo.ph', '’day ''da...
                                                             ^

2025-02-16 12:52:16,456 - ERROR - Error processing lemma des-impeksiyón: syntax error in tsvector: "’day 'day"
LINE 3: ...VALUES ('’day', '''day', 'tl', 'diksiyonaryo.ph', '’day ''da...
                                                             ^

2025-02-16 12:52:16,473 - ERROR - Error processing batch (attempt 1/3): syntax error in tsvector: "’day 'day"
LINE 3: ...VALUES ('’day', '''day', 'tl', 'diksiyonaryo.ph', '’day ''da...
                                                             ^

2025-02-16 12:52:16,493 - ERROR - Error processing batch (attempt 2/3): syntax error in tsvector: "’day 'day"
LINE 3: ...VALUES ('’day', '''day', 'tl', 'diksiyonaryo.ph', '’day ''da...
                                                             ^

2025-02-16 12:52:16,511 - ERROR - Error processing batch (attempt 3/3): syntax error in tsvector: "’day 'day"
LINE 3: ...VALUES ('’day', '''day', 'tl', 'diksiyonaryo.ph', '’day ''da...
                                                             ^

2025-02-16 12:52:16,512 - ERROR - Error processing lemma des-impektá: syntax error in tsvector: "’day 'day"
LINE 3: ...VALUES ('’day', '''day', 'tl', 'diksiyonaryo.ph', '’day ''da...
                                                             ^

2025-02-16 12:52:16,529 - ERROR - Error processing batch (attempt 1/3): syntax error in tsvector: "’day 'day"
LINE 3: ...VALUES ('’day', '''day', 'tl', 'diksiyonaryo.ph', '’day ''da...
                                                             ^

2025-02-16 12:52:16,547 - ERROR - Error processing batch (attempt 2/3): syntax error in tsvector: "’day 'day"
LINE 3: ...VALUES ('’day', '''day', 'tl', 'diksiyonaryo.ph', '’day ''da...
                                                             ^

2025-02-16 12:52:16,565 - ERROR - Error processing batch (attempt 3/3): syntax error in tsvector: "’day 'day"
LINE 3: ...VALUES ('’day', '''day', 'tl', 'diksiyonaryo.ph', '’day ''da...
                                                             ^

2025-02-16 12:52:16,565 - ERROR - Error processing lemma des-impektánte: syntax error in tsvector: "’day 'day"
LINE 3: ...VALUES ('’day', '''day', 'tl', 'diksiyonaryo.ph', '’day ''da...
                                                             ^

2025-02-16 12:52:16,585 - ERROR - Error processing batch (attempt 1/3): syntax error in tsvector: "’day 'day"
LINE 3: ...VALUES ('’day', '''day', 'tl', 'diksiyonaryo.ph', '’day ''da...
                                                             ^

2025-02-16 12:52:16,604 - ERROR - Error processing batch (attempt 2/3): syntax error in tsvector: "’day 'day"
LINE 3: ...VALUES ('’day', '''day', 'tl', 'diksiyonaryo.ph', '’day ''da...
                                                             ^

2025-02-16 12:52:16,623 - ERROR - Error processing batch (attempt 3/3): syntax error in tsvector: "’day 'day"
LINE 3: ...VALUES ('’day', '''day', 'tl', 'diksiyonaryo.ph', '’day ''da...
                                                             ^

2025-02-16 12:52:16,624 - ERROR - Error processing lemma des-interesádo: syntax error in tsvector: "’day 'day"
LINE 3: ...VALUES ('’day', '''day', 'tl', 'diksiyonaryo.ph', '’day ''da...
                                                             ^

2025-02-16 12:52:16,642 - ERROR - Error processing batch (attempt 1/3): syntax error in tsvector: "’day 'day"
LINE 3: ...VALUES ('’day', '''day', 'tl', 'diksiyonaryo.ph', '’day ''da...
                                                             ^

2025-02-16 12:52:16,662 - ERROR - Error processing batch (attempt 2/3): syntax error in tsvector: "’day 'day"
LINE 3: ...VALUES ('’day', '''day', 'tl', 'diksiyonaryo.ph', '’day ''da...
                                                             ^

2025-02-16 12:52:16,683 - ERROR - Error processing batch (attempt 3/3): syntax error in tsvector: "’day 'day"
LINE 3: ...VALUES ('’day', '''day', 'tl', 'diksiyonaryo.ph', '’day ''da...
                                                             ^

2025-02-16 12:52:16,684 - ERROR - Error processing lemma desíntunádo: syntax error in tsvector: "’day 'day"
LINE 3: ...VALUES ('’day', '''day', 'tl', 'diksiyonaryo.ph', '’day ''da...
                                                             ^

2025-02-16 12:52:16,703 - ERROR - Error processing batch (attempt 1/3): syntax error in tsvector: "’day 'day"
LINE 3: ...VALUES ('’day', '''day', 'tl', 'diksiyonaryo.ph', '’day ''da...
                                                             ^

2025-02-16 12:52:16,725 - ERROR - Error processing batch (attempt 2/3): syntax error in tsvector: "’day 'day"
LINE 3: ...VALUES ('’day', '''day', 'tl', 'diksiyonaryo.ph', '’day ''da...
                                                             ^

2025-02-16 12:52:16,748 - ERROR - Error processing batch (attempt 3/3): syntax error in tsvector: "’day 'day"
LINE 3: ...VALUES ('’day', '''day', 'tl', 'diksiyonaryo.ph', '’day ''da...
                                                             ^

2025-02-16 12:52:16,749 - ERROR - Error processing lemma desire: syntax error in tsvector: "’day 'day"
LINE 3: ...VALUES ('’day', '''day', 'tl', 'diksiyonaryo.ph', '’day ''da...
                                                             ^

2025-02-16 12:52:16,772 - ERROR - Error processing batch (attempt 1/3): syntax error in tsvector: "’day 'day"
LINE 3: ...VALUES ('’day', '''day', 'tl', 'diksiyonaryo.ph', '’day ''da...
                                                             ^

2025-02-16 12:52:16,790 - ERROR - Error processing batch (attempt 2/3): syntax error in tsvector: "’day 'day"
LINE 3: ...VALUES ('’day', '''day', 'tl', 'diksiyonaryo.ph', '’day ''da...
                                                             ^

2025-02-16 12:52:16,812 - ERROR - Error processing batch (attempt 3/3): syntax error in tsvector: "’day 'day"
LINE 3: ...VALUES ('’day', '''day', 'tl', 'diksiyonaryo.ph', '’day ''da...
                                                             ^

2025-02-16 12:52:16,812 - ERROR - Error processing lemma desisíbo: syntax error in tsvector: "’day 'day"
LINE 3: ...VALUES ('’day', '''day', 'tl', 'diksiyonaryo.ph', '’day ''da...
                                                             ^

2025-02-16 12:52:16,841 - ERROR - Error processing batch (attempt 1/3): syntax error in tsvector: "’day 'day"
LINE 3: ...VALUES ('’day', '''day', 'tl', 'diksiyonaryo.ph', '’day ''da...
                                                             ^

2025-02-16 12:52:16,863 - ERROR - Error processing batch (attempt 2/3): syntax error in tsvector: "’day 'day"
LINE 3: ...VALUES ('’day', '''day', 'tl', 'diksiyonaryo.ph', '’day ''da...
                                                             ^

2025-02-16 12:52:16,886 - ERROR - Error processing batch (attempt 3/3): syntax error in tsvector: "’day 'day"
LINE 3: ...VALUES ('’day', '''day', 'tl', 'diksiyonaryo.ph', '’day ''da...
                                                             ^

2025-02-16 12:52:16,886 - ERROR - Error processing lemma desisyón: syntax error in tsvector: "’day 'day"
LINE 3: ...VALUES ('’day', '''day', 'tl', 'diksiyonaryo.ph', '’day ''da...
                                                             ^

2025-02-16 12:52:16,909 - ERROR - Error processing batch (attempt 1/3): syntax error in tsvector: "’day 'day"
LINE 3: ...VALUES ('’day', '''day', 'tl', 'diksiyonaryo.ph', '’day ''da...
                                                             ^

2025-02-16 12:52:16,932 - ERROR - Error processing batch (attempt 2/3): syntax error in tsvector: "’day 'day"
LINE 3: ...VALUES ('’day', '''day', 'tl', 'diksiyonaryo.ph', '’day ''da...
                                                             ^

