2025-04-05 10:51:35,078 - INFO - Starting lookup for word: 'harot'
2025-04-05 10:51:35,163 - INFO - pg_trgm extension installed: True
2025-04-05 10:51:35,164 - INFO - Executing exact match query for 'harot'
2025-04-05 10:51:35,648 - INFO - Found 1 exact matches
2025-04-05 10:51:35,648 - INFO - Processing result 1/1
2025-04-05 10:51:35,648 - INFO - Word ID: 38587
2025-04-05 10:51:35,649 - INFO - Lemma: harot
2025-04-05 10:51:35,649 - INFO - Language code: tl
2025-04-05 10:51:35,659 - INFO - Querying pronunciations for word_id 38587
2025-04-05 10:51:35,661 - INFO - Found 4 pronunciations
2025-04-05 10:51:35,663 - WARNING - Error parsing pronunciation sources: Expecting value: line 1 column 1 (char 0)
2025-04-05 10:51:35,666 - WARNING - Error parsing pronunciation sources: Expecting value: line 1 column 1 (char 0)
2025-04-05 10:51:35,668 - WARNING - Error parsing pronunciation sources: Expecting value: line 1 column 1 (char 0)
2025-04-05 10:51:35,670 - WARNING - Error parsing pronunciation sources: Expecting value: line 1 column 1 (char 0)
2025-04-05 10:51:35,670 - INFO - Querying etymologies for word_id 38587
2025-04-05 10:51:35,675 - INFO - Found 0 etymologies
2025-04-05 10:51:35,676 - INFO - Querying definitions for word_id 38587
2025-04-05 10:51:35,688 - INFO - Found 10 definitions
2025-04-05 10:51:35,689 - INFO - Processing definition 1/10
2025-04-05 10:51:35,691 - INFO - Processing definition 2/10
2025-04-05 10:51:35,692 - INFO - Processing definition 3/10
2025-04-05 10:51:35,693 - INFO - Processing definition 4/10
2025-04-05 10:51:35,697 - INFO - Processing definition 5/10
2025-04-05 10:51:35,698 - INFO - Processing definition 6/10
2025-04-05 10:51:35,699 - INFO - Processing definition 7/10
2025-04-05 10:51:35,700 - INFO - Processing definition 8/10
2025-04-05 10:51:35,701 - INFO - Processing definition 9/10
2025-04-05 10:51:35,702 - INFO - Processing definition 10/10
2025-04-05 10:51:35,702 - INFO - Querying relations for word_id 38587
2025-04-05 10:51:35,711 - INFO - Found 27 relations
2025-04-05 10:51:35,731 - INFO - Database connection closed
