2025-02-09 11:06:43,869 - INFO - Attempting database connection...
2025-02-09 11:06:43,870 - INFO - Database configuration:
2025-02-09 11:06:43,871 - INFO -   Database Name: fil_dict_db
2025-02-09 11:06:43,872 - INFO -   User: postgres
2025-02-09 11:06:43,872 - INFO -   Host: localhost
2025-02-09 11:06:43,873 - INFO -   Password: ********
2025-02-09 11:06:44,045 - INFO - Successfully established database connection
2025-02-09 11:06:44,046 - INFO - Setting up PostgreSQL extensions...
2025-02-09 11:06:44,047 - INFO - Checking extension: pg_trgm
2025-02-09 11:06:44,063 - INFO - Extension already installed: pg_trgm
2025-02-09 11:06:44,064 - INFO - Checking extension: unaccent
2025-02-09 11:06:44,066 - INFO - Extension already installed: unaccent
2025-02-09 11:06:44,066 - INFO - Checking extension: fuzzystrmatch
2025-02-09 11:06:44,068 - INFO - Extension already installed: fuzzystrmatch
2025-02-09 11:06:44,069 - INFO - Extensions setup completed
2025-02-09 11:06:44,070 - INFO - Starting table creation/update process.
2025-02-09 11:06:44,347 - INFO - Tables created or updated successfully.
2025-02-09 11:06:44,357 - WARNING - Source file not found: data/tagalog-words.json
2025-02-09 11:06:44,359 - WARNING - Source file not found: data/root_words_with_associated_words_cleaned.json
2025-02-09 11:06:44,359 - WARNING - Source file not found: data/kwf_dictionary.json
2025-02-09 11:06:44,360 - WARNING - Source file not found: data/kaikki.jsonl
2025-02-09 11:06:44,361 - WARNING - Source file not found: data/kaikki-ceb.jsonl
2025-02-09 11:06:44,366 - INFO - Processing Baybayin entries...
2025-02-09 11:06:44,421 - INFO - Baybayin data cleanup completed successfully
2025-02-09 11:06:44,421 - INFO - Migration completed successfully
