2025-03-24 19:20:00,840 - INFO - Starting table creation/update process.
2025-03-24 19:20:01,376 - INFO - Tables created or updated successfully.
2025-03-24 19:20:01,377 - INFO - Setting up PostgreSQL extensions...
2025-03-24 19:20:01,379 - INFO - Extension pg_trgm already installed
2025-03-24 19:20:01,380 - INFO - Extension unaccent already installed
2025-03-24 19:20:01,380 - INFO - Extension fuzzystrmatch already installed
2025-03-24 19:20:01,381 - INFO - Extension dict_xsyn already installed
2025-03-24 19:20:01,384 - INFO - Cleared any existing transactions
2025-03-24 19:20:01,391 - INFO - Processing Kaikki entries from: data\kaikki-tl.jsonl
2025-03-24 19:20:01,440 - WARNING - Failed to create savepoint in get_or_create_word_id: SAVEPOINT can only be used in transaction blocks

2025-03-24 19:20:01,452 - WARNING - Failed to release savepoint in get_or_create_word_id: RELEASE SAVEPOINT can only be used in transaction blocks

2025-03-24 19:20:01,453 - WARNING - Failed to create savepoint in insert_definition: SAVEPOINT can only be used in transaction blocks

2025-03-24 19:20:01,480 - WARNING - Failed to release savepoint in insert_definition: RELEASE SAVEPOINT can only be used in transaction blocks

2025-03-24 19:20:01,482 - WARNING - Failed to create savepoint in get_or_create_word_id: SAVEPOINT can only be used in transaction blocks

2025-03-24 19:20:01,483 - WARNING - Failed to release savepoint in get_or_create_word_id: RELEASE SAVEPOINT can only be used in transaction blocks

2025-03-24 19:20:01,484 - WARNING - Failed to create savepoint in insert_definition: SAVEPOINT can only be used in transaction blocks

2025-03-24 19:20:01,487 - WARNING - Failed to release savepoint in insert_definition: RELEASE SAVEPOINT can only be used in transaction blocks

2025-03-24 19:20:01,488 - WARNING - Failed to create savepoint in get_or_create_word_id: SAVEPOINT can only be used in transaction blocks

2025-03-24 19:20:01,489 - WARNING - Failed to release savepoint in get_or_create_word_id: RELEASE SAVEPOINT can only be used in transaction blocks

2025-03-24 19:20:01,490 - WARNING - Failed to create savepoint in insert_definition: SAVEPOINT can only be used in transaction blocks

2025-03-24 19:20:01,491 - WARNING - Failed to release savepoint in insert_definition: RELEASE SAVEPOINT can only be used in transaction blocks

2025-03-24 19:20:01,492 - WARNING - Failed to create savepoint in insert_definition: SAVEPOINT can only be used in transaction blocks

2025-03-24 19:20:01,494 - WARNING - Failed to release savepoint in insert_definition: RELEASE SAVEPOINT can only be used in transaction blocks

2025-03-24 19:20:01,495 - WARNING - Failed to create savepoint for relation: SAVEPOINT can only be used in transaction blocks

2025-03-24 19:20:01,495 - WARNING - Failed to create savepoint for relation: SAVEPOINT can only be used in transaction blocks

2025-03-24 19:20:01,496 - INFO - Processed 3 entries from Kaikki.org with 0 errors
2025-03-24 19:20:01,499 - INFO - Starting dictionary cleanup process...
2025-03-24 19:20:01,507 - INFO - Dictionary cleanup complete.
2025-03-24 19:20:01,511 - INFO - Baybayin data cleanup completed successfully
