2025-02-09 11:02:01,502 - INFO - Attempting database connection...
2025-02-09 11:02:01,502 - INFO - Database configuration:
2025-02-09 11:02:01,503 - INFO -   Database Name: fil_dict_db
2025-02-09 11:02:01,503 - INFO -   User: postgres
2025-02-09 11:02:01,504 - INFO -   Host: localhost
2025-02-09 11:02:01,504 - INFO -   Password: ********
2025-02-09 11:02:01,640 - INFO - Successfully established database connection
2025-02-09 11:02:01,641 - INFO - Setting up PostgreSQL extensions...
2025-02-09 11:02:01,642 - INFO - Checking extension: pg_trgm
2025-02-09 11:02:01,653 - INFO - Extension already installed: pg_trgm
2025-02-09 11:02:01,654 - INFO - Checking extension: unaccent
2025-02-09 11:02:01,655 - INFO - Extension already installed: unaccent
2025-02-09 11:02:01,656 - INFO - Checking extension: fuzzystrmatch
2025-02-09 11:02:01,657 - INFO - Extension already installed: fuzzystrmatch
2025-02-09 11:02:01,658 - INFO - Extensions setup completed
2025-02-09 11:02:01,658 - INFO - Starting table creation/update process.
2025-02-09 11:02:01,699 - INFO - Tables created or updated successfully.
2025-02-09 11:02:01,704 - WARNING - Source file not found: data/tagalog-words.json
2025-02-09 11:02:01,704 - WARNING - Source file not found: data/root_words_with_associated_words_cleaned.json
2025-02-09 11:02:01,705 - WARNING - Source file not found: data/kwf_dictionary.json
2025-02-09 11:02:01,706 - WARNING - Source file not found: data/kaikki.jsonl
2025-02-09 11:02:01,706 - WARNING - Source file not found: data/kaikki-ceb.jsonl
2025-02-09 11:02:01,709 - INFO - Processing Baybayin entries...
2025-02-09 11:02:02,535 - INFO - Updating Baybayin entry (ID: 95386) with cleaned form
2025-02-09 11:02:02,555 - INFO - Updating Baybayin entry (ID: 98927) with cleaned form
2025-02-09 11:02:02,571 - INFO - Updating Baybayin entry (ID: 103713) with cleaned form
2025-02-09 11:02:02,575 - INFO - Updating Baybayin entry (ID: 103785) with cleaned form
2025-02-09 11:02:02,579 - INFO - Updating Baybayin entry (ID: 103786) with cleaned form
2025-02-09 11:02:02,583 - INFO - Updating Baybayin entry (ID: 103788) with cleaned form
2025-02-09 11:02:02,587 - INFO - Updating Baybayin entry (ID: 103789) with cleaned form
2025-02-09 11:02:02,590 - INFO - Updating Baybayin entry (ID: 103790) with cleaned form
2025-02-09 11:02:02,594 - INFO - Updating Baybayin entry (ID: 103791) with cleaned form
2025-02-09 11:02:02,599 - INFO - Updating Baybayin entry (ID: 103792) with cleaned form
2025-02-09 11:02:02,603 - INFO - Updating Baybayin entry (ID: 103793) with cleaned form
2025-02-09 11:02:02,608 - INFO - Updating Baybayin entry (ID: 103794) with cleaned form
2025-02-09 11:02:02,612 - INFO - Updating Baybayin entry (ID: 104894) with cleaned form
2025-02-09 11:02:02,616 - INFO - Updating Baybayin entry (ID: 107186) with cleaned form
2025-02-09 11:02:02,619 - INFO - Updating Baybayin entry (ID: 107311) with cleaned form
2025-02-09 11:02:02,624 - INFO - Updating Baybayin entry (ID: 107473) with cleaned form
2025-02-09 11:02:02,629 - INFO - Updating Baybayin entry (ID: 123825) with cleaned form
2025-02-09 11:02:02,633 - INFO - Updating Baybayin entry (ID: 123841) with cleaned form
2025-02-09 11:02:02,638 - INFO - Updating Baybayin entry (ID: 124212) with cleaned form
2025-02-09 11:02:02,642 - INFO - Updating Baybayin entry (ID: 124214) with cleaned form
2025-02-09 11:02:02,646 - INFO - Updating Baybayin entry (ID: 124215) with cleaned form
2025-02-09 11:02:02,649 - INFO - Updating Baybayin entry (ID: 124216) with cleaned form
2025-02-09 11:02:02,651 - INFO - Updating Baybayin entry (ID: 124217) with cleaned form
2025-02-09 11:02:02,655 - INFO - Updating Baybayin entry (ID: 124219) with cleaned form
2025-02-09 11:02:02,658 - INFO - Updating Baybayin entry (ID: 124220) with cleaned form
2025-02-09 11:02:02,661 - INFO - Updating Baybayin entry (ID: 124224) with cleaned form
2025-02-09 11:02:02,664 - INFO - Updating Baybayin entry (ID: 124225) with cleaned form
