2025-02-16 13:31:03,830 - INFO - Attempting database connection...
2025-02-16 13:31:03,830 - INFO - Database configuration:
2025-02-16 13:31:03,830 - INFO -   Database Name: fil_dict_db
2025-02-16 13:31:03,831 - INFO -   User: postgres
2025-02-16 13:31:03,831 - INFO -   Host: localhost
2025-02-16 13:31:03,831 - INFO -   Password: ********
2025-02-16 13:31:03,871 - INFO - Successfully established database connection
2025-02-16 13:31:03,871 - INFO - Setting up PostgreSQL extensions...
2025-02-16 13:31:03,874 - INFO - Extension pg_trgm already installed
2025-02-16 13:31:03,877 - INFO - Extension unaccent already installed
2025-02-16 13:31:03,877 - INFO - Extension fuzzystrmatch already installed
2025-02-16 13:31:03,878 - INFO - Extension dict_xsyn already installed
2025-02-16 13:31:03,878 - INFO - Starting table creation/update process.
2025-02-16 13:31:04,207 - INFO - Tables created or updated successfully.
2025-02-16 13:31:04,218 - INFO - Processing Tagalog words from: data/tagalog-words.json
2025-02-16 13:31:04,489 - ERROR - Error processing Tagalog words file: name 'conn' is not defined
2025-02-16 13:31:04,490 - ERROR - Error processing file data/tagalog-words.json: name 'conn' is not defined
2025-02-16 13:31:04,491 - WARNING - Skipping file data/tagalog-words.json due to errors.
2025-02-16 13:31:04,507 - INFO - Processing root words from: data/root_words_with_associated_words_cleaned.json
2025-02-16 13:32:08,904 - INFO - Processing KWF dictionary from: data/kwf_dictionary.json
